[2025-03-10T10:25:42.338+0000] {local_task_job_runner.py:123} INFO - ::group::Pre task execution logs
[2025-03-10T10:25:42.404+0000] {taskinstance.py:2614} INFO - Dependencies all met for dep_context=non-requeueable deps ti=<TaskInstance: tiki_extract_dag.crawl_thoi-trang-nu manual__2025-03-10T10:25:23.953696+00:00 [queued]>
[2025-03-10T10:25:42.457+0000] {taskinstance.py:2614} INFO - Dependencies all met for dep_context=requeueable deps ti=<TaskInstance: tiki_extract_dag.crawl_thoi-trang-nu manual__2025-03-10T10:25:23.953696+00:00 [queued]>
[2025-03-10T10:25:42.459+0000] {taskinstance.py:2867} INFO - Starting attempt 1 of 4
[2025-03-10T10:25:42.529+0000] {taskinstance.py:2890} INFO - Executing <Task(PythonOperator): crawl_thoi-trang-nu> on 2025-03-10 10:25:23.953696+00:00
[2025-03-10T10:25:42.689+0000] {standard_task_runner.py:104} INFO - Running: ['***', 'tasks', 'run', 'tiki_extract_dag', 'crawl_thoi-trang-nu', 'manual__2025-03-10T10:25:23.953696+00:00', '--job-id', '444', '--raw', '--subdir', 'DAGS_FOLDER/tiki_extract_dag.py', '--cfg-path', '/tmp/tmpuct7gul5']
[2025-03-10T10:25:42.699+0000] {standard_task_runner.py:105} INFO - Job 444: Subtask crawl_thoi-trang-nu
[2025-03-10T10:25:42.684+0000] {warnings.py:112} WARNING - /home/***/.local/lib/python3.12/site-packages/***/task/task_runner/standard_task_runner.py:70: DeprecationWarning: This process (pid=169) is multi-threaded, use of fork() may lead to deadlocks in the child.
  pid = os.fork()

[2025-03-10T10:25:42.712+0000] {standard_task_runner.py:72} INFO - Started process 190 to run task
[2025-03-10T10:25:43.103+0000] {task_command.py:467} INFO - Running <TaskInstance: tiki_extract_dag.crawl_thoi-trang-nu manual__2025-03-10T10:25:23.953696+00:00 [running]> on host c77555d100c4
[2025-03-10T10:25:48.726+0000] {taskinstance.py:3134} INFO - Exporting env vars: AIRFLOW_CTX_DAG_OWNER='***' AIRFLOW_CTX_DAG_ID='tiki_extract_dag' AIRFLOW_CTX_TASK_ID='crawl_thoi-trang-nu' AIRFLOW_CTX_EXECUTION_DATE='2025-03-10T10:25:23.953696+00:00' AIRFLOW_CTX_TRY_NUMBER='1' AIRFLOW_CTX_DAG_RUN_ID='manual__2025-03-10T10:25:23.953696+00:00'
[2025-03-10T10:25:48.730+0000] {logging_mixin.py:190} INFO - Task instance is in running state
[2025-03-10T10:25:48.732+0000] {logging_mixin.py:190} INFO -  Previous state of the Task instance: queued
[2025-03-10T10:25:48.738+0000] {logging_mixin.py:190} INFO - Current task name:crawl_thoi-trang-nu state:running start_date:2025-03-10 10:25:42.406416+00:00
[2025-03-10T10:25:48.739+0000] {logging_mixin.py:190} INFO - Dag name:tiki_extract_dag and current dag run status:running
[2025-03-10T10:25:48.741+0000] {taskinstance.py:732} INFO - ::endgroup::
[2025-03-10T10:25:51.660+0000] {tiki_extract_dag.py:132} INFO - Starting crawl for category thoi-trang-nu (ID: 931)
[2025-03-10T10:25:51.661+0000] {tiki_extract_dag.py:134} INFO - Calling API: https://tiki.vn/api/v2/products with params: {'page': 1, 'limit': 40, 'category': '931'}
[2025-03-10T10:25:53.373+0000] {tiki_extract_dag.py:143} INFO - Total pages for thoi-trang-nu: 50 (limited to 50)
[2025-03-10T10:25:53.374+0000] {tiki_extract_dag.py:156} INFO - Calling API: https://tiki.vn/api/v2/products with params: {'page': 2, 'limit': 40, 'category': '931'}
[2025-03-10T10:25:55.862+0000] {tiki_extract_dag.py:175} INFO - Extracted page 2/50 for category thoi-trang-nu, total items: 0
[2025-03-10T10:26:07.551+0000] {tiki_extract_dag.py:156} INFO - Calling API: https://tiki.vn/api/v2/products with params: {'page': 3, 'limit': 40, 'category': '931'}
[2025-03-10T10:26:11.013+0000] {tiki_extract_dag.py:119} ERROR - Error fetching details for product 198800083: Expecting value: line 1 column 1 (char 0)
[2025-03-10T10:26:11.155+0000] {tiki_extract_dag.py:119} ERROR - Error fetching details for product 187004021: Expecting value: line 1 column 1 (char 0)
[2025-03-10T10:26:11.297+0000] {tiki_extract_dag.py:119} ERROR - Error fetching details for product 177272170: Expecting value: line 1 column 1 (char 0)
[2025-03-10T10:26:11.442+0000] {tiki_extract_dag.py:119} ERROR - Error fetching details for product 176881225: Expecting value: line 1 column 1 (char 0)
[2025-03-10T10:26:11.587+0000] {tiki_extract_dag.py:119} ERROR - Error fetching details for product 176021615: Expecting value: line 1 column 1 (char 0)
[2025-03-10T10:26:11.731+0000] {tiki_extract_dag.py:119} ERROR - Error fetching details for product 169628004: Expecting value: line 1 column 1 (char 0)
[2025-03-10T10:26:11.891+0000] {tiki_extract_dag.py:119} ERROR - Error fetching details for product 167906833: Expecting value: line 1 column 1 (char 0)
[2025-03-10T10:26:12.033+0000] {tiki_extract_dag.py:119} ERROR - Error fetching details for product 146636028: Expecting value: line 1 column 1 (char 0)
[2025-03-10T10:26:12.175+0000] {tiki_extract_dag.py:119} ERROR - Error fetching details for product 146635392: Expecting value: line 1 column 1 (char 0)
[2025-03-10T10:26:12.324+0000] {tiki_extract_dag.py:119} ERROR - Error fetching details for product 144191819: Expecting value: line 1 column 1 (char 0)
[2025-03-10T10:26:12.471+0000] {tiki_extract_dag.py:119} ERROR - Error fetching details for product 124874229: Expecting value: line 1 column 1 (char 0)
[2025-03-10T10:26:12.633+0000] {tiki_extract_dag.py:119} ERROR - Error fetching details for product 119125984: Expecting value: line 1 column 1 (char 0)
[2025-03-10T10:26:12.775+0000] {tiki_extract_dag.py:119} ERROR - Error fetching details for product 118026606: Expecting value: line 1 column 1 (char 0)
[2025-03-10T10:26:12.943+0000] {tiki_extract_dag.py:119} ERROR - Error fetching details for product 118017395: Expecting value: line 1 column 1 (char 0)
[2025-03-10T10:26:13.091+0000] {tiki_extract_dag.py:119} ERROR - Error fetching details for product 118015056: Expecting value: line 1 column 1 (char 0)
[2025-03-10T10:26:13.234+0000] {tiki_extract_dag.py:119} ERROR - Error fetching details for product 116577315: Expecting value: line 1 column 1 (char 0)
[2025-03-10T10:26:13.398+0000] {tiki_extract_dag.py:119} ERROR - Error fetching details for product 108314567: Expecting value: line 1 column 1 (char 0)
[2025-03-10T10:26:13.567+0000] {tiki_extract_dag.py:119} ERROR - Error fetching details for product 107056436: Expecting value: line 1 column 1 (char 0)
[2025-03-10T10:26:13.713+0000] {tiki_extract_dag.py:119} ERROR - Error fetching details for product 107036163: Expecting value: line 1 column 1 (char 0)
[2025-03-10T10:26:13.859+0000] {tiki_extract_dag.py:119} ERROR - Error fetching details for product 101278887: Expecting value: line 1 column 1 (char 0)
[2025-03-10T10:26:14.037+0000] {tiki_extract_dag.py:119} ERROR - Error fetching details for product 97732361: Expecting value: line 1 column 1 (char 0)
[2025-03-10T10:26:14.188+0000] {tiki_extract_dag.py:119} ERROR - Error fetching details for product 97719473: Expecting value: line 1 column 1 (char 0)
[2025-03-10T10:26:14.353+0000] {tiki_extract_dag.py:119} ERROR - Error fetching details for product 84544893: Expecting value: line 1 column 1 (char 0)
[2025-03-10T10:26:14.493+0000] {tiki_extract_dag.py:119} ERROR - Error fetching details for product 84487723: Expecting value: line 1 column 1 (char 0)
[2025-03-10T10:26:14.642+0000] {tiki_extract_dag.py:119} ERROR - Error fetching details for product 83757870: Expecting value: line 1 column 1 (char 0)
[2025-03-10T10:26:14.781+0000] {tiki_extract_dag.py:119} ERROR - Error fetching details for product 78032841: Expecting value: line 1 column 1 (char 0)
[2025-03-10T10:26:14.920+0000] {tiki_extract_dag.py:119} ERROR - Error fetching details for product 73487627: Expecting value: line 1 column 1 (char 0)
[2025-03-10T10:26:15.062+0000] {tiki_extract_dag.py:119} ERROR - Error fetching details for product 72225788: Expecting value: line 1 column 1 (char 0)
[2025-03-10T10:26:15.206+0000] {tiki_extract_dag.py:119} ERROR - Error fetching details for product 58493562: Expecting value: line 1 column 1 (char 0)
[2025-03-10T10:26:15.373+0000] {tiki_extract_dag.py:119} ERROR - Error fetching details for product 57942548: Expecting value: line 1 column 1 (char 0)
[2025-03-10T10:26:15.535+0000] {tiki_extract_dag.py:119} ERROR - Error fetching details for product 56112479: Expecting value: line 1 column 1 (char 0)
[2025-03-10T10:26:15.697+0000] {tiki_extract_dag.py:119} ERROR - Error fetching details for product 55279177: Expecting value: line 1 column 1 (char 0)
[2025-03-10T10:26:15.864+0000] {tiki_extract_dag.py:119} ERROR - Error fetching details for product 51020524: Expecting value: line 1 column 1 (char 0)
[2025-03-10T10:26:16.020+0000] {tiki_extract_dag.py:119} ERROR - Error fetching details for product 34316617: Expecting value: line 1 column 1 (char 0)
[2025-03-10T10:26:16.206+0000] {tiki_extract_dag.py:119} ERROR - Error fetching details for product 19646743: Expecting value: line 1 column 1 (char 0)
[2025-03-10T10:26:16.357+0000] {tiki_extract_dag.py:119} ERROR - Error fetching details for product 14257817: Expecting value: line 1 column 1 (char 0)
[2025-03-10T10:26:16.501+0000] {tiki_extract_dag.py:119} ERROR - Error fetching details for product 7162313: Expecting value: line 1 column 1 (char 0)
[2025-03-10T10:26:16.645+0000] {tiki_extract_dag.py:119} ERROR - Error fetching details for product 1921281: Expecting value: line 1 column 1 (char 0)
[2025-03-10T10:26:16.785+0000] {tiki_extract_dag.py:119} ERROR - Error fetching details for product 979203: Expecting value: line 1 column 1 (char 0)
[2025-03-10T10:26:16.785+0000] {tiki_extract_dag.py:175} INFO - Extracted page 3/50 for category thoi-trang-nu, total items: 40
[2025-03-10T10:26:30.269+0000] {tiki_extract_dag.py:156} INFO - Calling API: https://tiki.vn/api/v2/products with params: {'page': 4, 'limit': 40, 'category': '931'}
[2025-03-10T10:26:30.427+0000] {tiki_extract_dag.py:178} ERROR - API error at page 4 in category thoi-trang-nu: Expecting value: line 1 column 1 (char 0)
[2025-03-10T10:26:34.544+0000] {tiki_extract_dag.py:50} INFO - Updated crawled products at tiki-pipeline/tiki_crawled/crawled_products.json
[2025-03-10T10:26:34.545+0000] {tiki_extract_dag.py:192} INFO - Uploaded raw data to tiki-pipeline/raw_data/thoi-trang-nu_20250310_102630.json, total items: 40
[2025-03-10T10:26:34.889+0000] {tiki_extract_dag.py:204} INFO - Saved metadata to tiki-pipeline/metadata/thoi-trang-nu_extract_run_metadata_20250310_102630.json
[2025-03-10T10:26:34.891+0000] {python.py:240} INFO - Done. Returned value was: None
[2025-03-10T10:26:34.904+0000] {taskinstance.py:341} INFO - ::group::Post task execution logs
[2025-03-10T10:26:34.905+0000] {taskinstance.py:353} INFO - Marking task as SUCCESS. dag_id=tiki_extract_dag, task_id=crawl_thoi-trang-nu, run_id=manual__2025-03-10T10:25:23.953696+00:00, execution_date=20250310T102523, start_date=20250310T102542, end_date=20250310T102634
[2025-03-10T10:26:34.946+0000] {logging_mixin.py:190} INFO - Task instance in success state
[2025-03-10T10:26:34.947+0000] {logging_mixin.py:190} INFO -  Previous state of the Task instance: running
[2025-03-10T10:26:34.948+0000] {logging_mixin.py:190} INFO - Dag name:tiki_extract_dag queued_at:2025-03-10 10:25:24.003599+00:00
[2025-03-10T10:26:34.948+0000] {logging_mixin.py:190} INFO - Task hostname:c77555d100c4 operator:PythonOperator
[2025-03-10T10:26:35.012+0000] {local_task_job_runner.py:266} INFO - Task exited with return code 0
[2025-03-10T10:26:35.041+0000] {taskinstance.py:3901} INFO - 0 downstream tasks scheduled from follow-on schedule check
[2025-03-10T10:26:35.046+0000] {local_task_job_runner.py:245} INFO - ::endgroup::
