[2025-03-09T16:02:01.954+0000] {local_task_job_runner.py:123} INFO - ::group::Pre task execution logs
[2025-03-09T16:02:01.995+0000] {taskinstance.py:2614} INFO - Dependencies all met for dep_context=non-requeueable deps ti=<TaskInstance: tiki_etl_orchestration.trigger_extract manual__2025-03-09T16:01:46.509791+00:00 [queued]>
[2025-03-09T16:02:02.011+0000] {taskinstance.py:2614} INFO - Dependencies all met for dep_context=requeueable deps ti=<TaskInstance: tiki_etl_orchestration.trigger_extract manual__2025-03-09T16:01:46.509791+00:00 [queued]>
[2025-03-09T16:02:02.013+0000] {taskinstance.py:2867} INFO - Starting attempt 1 of 1
[2025-03-09T16:02:02.293+0000] {taskinstance.py:2890} INFO - Executing <Task(TriggerDagRunOperator): trigger_extract> on 2025-03-09 16:01:46.509791+00:00
[2025-03-09T16:02:02.314+0000] {standard_task_runner.py:104} INFO - Running: ['***', 'tasks', 'run', 'tiki_etl_orchestration', 'trigger_extract', 'manual__2025-03-09T16:01:46.509791+00:00', '--job-id', '191', '--raw', '--subdir', 'DAGS_FOLDER/tiki_etl_orchestration.py', '--cfg-path', '/tmp/tmpfrv5wnx2']
[2025-03-09T16:02:02.312+0000] {warnings.py:112} WARNING - /home/***/.local/lib/python3.12/site-packages/***/task/task_runner/standard_task_runner.py:70: DeprecationWarning: This process (pid=102) is multi-threaded, use of fork() may lead to deadlocks in the child.
  pid = os.fork()

[2025-03-09T16:02:02.316+0000] {standard_task_runner.py:105} INFO - Job 191: Subtask trigger_extract
[2025-03-09T16:02:02.317+0000] {standard_task_runner.py:72} INFO - Started process 104 to run task
[2025-03-09T16:02:02.424+0000] {task_command.py:467} INFO - Running <TaskInstance: tiki_etl_orchestration.trigger_extract manual__2025-03-09T16:01:46.509791+00:00 [running]> on host b9298747792f
[2025-03-09T16:02:02.593+0000] {taskinstance.py:3134} INFO - Exporting env vars: AIRFLOW_CTX_DAG_OWNER='***' AIRFLOW_CTX_DAG_ID='tiki_etl_orchestration' AIRFLOW_CTX_TASK_ID='trigger_extract' AIRFLOW_CTX_EXECUTION_DATE='2025-03-09T16:01:46.509791+00:00' AIRFLOW_CTX_TRY_NUMBER='1' AIRFLOW_CTX_DAG_RUN_ID='manual__2025-03-09T16:01:46.509791+00:00'
[2025-03-09T16:02:02.596+0000] {logging_mixin.py:190} INFO - Task instance is in running state
[2025-03-09T16:02:02.597+0000] {logging_mixin.py:190} INFO -  Previous state of the Task instance: queued
[2025-03-09T16:02:02.598+0000] {logging_mixin.py:190} INFO - Current task name:trigger_extract state:running start_date:2025-03-09 16:02:01.996301+00:00
[2025-03-09T16:02:02.599+0000] {logging_mixin.py:190} INFO - Dag name:tiki_etl_orchestration and current dag run status:running
[2025-03-09T16:02:02.600+0000] {taskinstance.py:732} INFO - ::endgroup::
[2025-03-09T16:02:02.758+0000] {trigger_dagrun.py:257} INFO - Waiting for tiki_extract_dag on 2025-03-09 16:02:02.601631+00:00 to become allowed state ['success'] ...
[2025-03-09T16:02:12.779+0000] {trigger_dagrun.py:257} INFO - Waiting for tiki_extract_dag on 2025-03-09 16:02:02.601631+00:00 to become allowed state ['success'] ...
[2025-03-09T16:02:22.792+0000] {trigger_dagrun.py:257} INFO - Waiting for tiki_extract_dag on 2025-03-09 16:02:02.601631+00:00 to become allowed state ['success'] ...
[2025-03-09T16:02:32.807+0000] {trigger_dagrun.py:257} INFO - Waiting for tiki_extract_dag on 2025-03-09 16:02:02.601631+00:00 to become allowed state ['success'] ...
[2025-03-09T16:02:42.817+0000] {trigger_dagrun.py:257} INFO - Waiting for tiki_extract_dag on 2025-03-09 16:02:02.601631+00:00 to become allowed state ['success'] ...
[2025-03-09T16:02:52.829+0000] {trigger_dagrun.py:271} INFO - tiki_extract_dag finished with allowed state success
[2025-03-09T16:02:52.848+0000] {taskinstance.py:341} INFO - ::group::Post task execution logs
[2025-03-09T16:02:52.850+0000] {taskinstance.py:353} INFO - Marking task as SUCCESS. dag_id=tiki_etl_orchestration, task_id=trigger_extract, run_id=manual__2025-03-09T16:01:46.509791+00:00, execution_date=20250309T160146, start_date=20250309T160201, end_date=20250309T160252
[2025-03-09T16:02:52.891+0000] {logging_mixin.py:190} INFO - Task instance in success state
[2025-03-09T16:02:52.892+0000] {logging_mixin.py:190} INFO -  Previous state of the Task instance: running
[2025-03-09T16:02:52.893+0000] {logging_mixin.py:190} INFO - Dag name:tiki_etl_orchestration queued_at:2025-03-09 16:01:48.202636+00:00
[2025-03-09T16:02:52.894+0000] {logging_mixin.py:190} INFO - Task hostname:b9298747792f operator:TriggerDagRunOperator
[2025-03-09T16:02:52.934+0000] {local_task_job_runner.py:266} INFO - Task exited with return code 0
[2025-03-09T16:02:52.991+0000] {taskinstance.py:3901} INFO - 1 downstream tasks scheduled from follow-on schedule check
[2025-03-09T16:02:52.994+0000] {local_task_job_runner.py:245} INFO - ::endgroup::
