[2025-03-10T08:48:55.686+0000] {local_task_job_runner.py:123} INFO - ::group::Pre task execution logs
[2025-03-10T08:48:55.706+0000] {taskinstance.py:2614} INFO - Dependencies all met for dep_context=non-requeueable deps ti=<TaskInstance: tiki_extract_dag.extract_data manual__2025-03-10T08:48:53.238796+00:00 [queued]>
[2025-03-10T08:48:55.714+0000] {taskinstance.py:2614} INFO - Dependencies all met for dep_context=requeueable deps ti=<TaskInstance: tiki_extract_dag.extract_data manual__2025-03-10T08:48:53.238796+00:00 [queued]>
[2025-03-10T08:48:55.715+0000] {taskinstance.py:2867} INFO - Starting attempt 1 of 4
[2025-03-10T08:48:55.731+0000] {taskinstance.py:2890} INFO - Executing <Task(PythonOperator): extract_data> on 2025-03-10 08:48:53.238796+00:00
[2025-03-10T08:48:55.742+0000] {warnings.py:112} WARNING - /home/***/.local/lib/python3.12/site-packages/***/task/task_runner/standard_task_runner.py:70: DeprecationWarning: This process (pid=1199) is multi-threaded, use of fork() may lead to deadlocks in the child.
  pid = os.fork()

[2025-03-10T08:48:55.744+0000] {standard_task_runner.py:72} INFO - Started process 1201 to run task
[2025-03-10T08:48:55.743+0000] {standard_task_runner.py:104} INFO - Running: ['***', 'tasks', 'run', 'tiki_extract_dag', 'extract_data', 'manual__2025-03-10T08:48:53.238796+00:00', '--job-id', '349', '--raw', '--subdir', 'DAGS_FOLDER/tiki_extract_dag.py', '--cfg-path', '/tmp/tmp1nn9juod']
[2025-03-10T08:48:55.745+0000] {standard_task_runner.py:105} INFO - Job 349: Subtask extract_data
[2025-03-10T08:48:55.794+0000] {task_command.py:467} INFO - Running <TaskInstance: tiki_extract_dag.extract_data manual__2025-03-10T08:48:53.238796+00:00 [running]> on host c77555d100c4
[2025-03-10T08:48:56.101+0000] {taskinstance.py:3134} INFO - Exporting env vars: AIRFLOW_CTX_DAG_OWNER='***' AIRFLOW_CTX_DAG_ID='tiki_extract_dag' AIRFLOW_CTX_TASK_ID='extract_data' AIRFLOW_CTX_EXECUTION_DATE='2025-03-10T08:48:53.238796+00:00' AIRFLOW_CTX_TRY_NUMBER='1' AIRFLOW_CTX_DAG_RUN_ID='manual__2025-03-10T08:48:53.238796+00:00'
[2025-03-10T08:48:56.102+0000] {logging_mixin.py:190} INFO - Task instance is in running state
[2025-03-10T08:48:56.103+0000] {logging_mixin.py:190} INFO -  Previous state of the Task instance: queued
[2025-03-10T08:48:56.103+0000] {logging_mixin.py:190} INFO - Current task name:extract_data state:running start_date:2025-03-10 08:48:55.707020+00:00
[2025-03-10T08:48:56.104+0000] {logging_mixin.py:190} INFO - Dag name:tiki_extract_dag and current dag run status:running
[2025-03-10T08:48:56.104+0000] {taskinstance.py:732} INFO - ::endgroup::
[2025-03-10T08:48:57.643+0000] {tiki_extract_dag.py:186} ERROR - Failed initial crawl: 400 Client Error: Bad Request for url: https://tiki.vn/api/v2/products?page=1&limit=50
[2025-03-10T08:48:57.643+0000] {python.py:240} INFO - Done. Returned value was: None
[2025-03-10T08:48:57.653+0000] {taskinstance.py:341} INFO - ::group::Post task execution logs
[2025-03-10T08:48:57.654+0000] {taskinstance.py:353} INFO - Marking task as SUCCESS. dag_id=tiki_extract_dag, task_id=extract_data, run_id=manual__2025-03-10T08:48:53.238796+00:00, execution_date=20250310T084853, start_date=20250310T084855, end_date=20250310T084857
[2025-03-10T08:48:57.677+0000] {logging_mixin.py:190} INFO - Task instance in success state
[2025-03-10T08:48:57.677+0000] {logging_mixin.py:190} INFO -  Previous state of the Task instance: running
[2025-03-10T08:48:57.678+0000] {logging_mixin.py:190} INFO - Dag name:tiki_extract_dag queued_at:2025-03-10 08:48:53.290251+00:00
[2025-03-10T08:48:57.678+0000] {logging_mixin.py:190} INFO - Task hostname:c77555d100c4 operator:PythonOperator
[2025-03-10T08:48:57.726+0000] {local_task_job_runner.py:266} INFO - Task exited with return code 0
[2025-03-10T08:48:57.743+0000] {taskinstance.py:3901} INFO - 0 downstream tasks scheduled from follow-on schedule check
[2025-03-10T08:48:57.745+0000] {local_task_job_runner.py:245} INFO - ::endgroup::
