[2025-03-12T07:25:54.448+0000] {local_task_job_runner.py:123} INFO - ::group::Pre task execution logs
[2025-03-12T07:25:54.473+0000] {taskinstance.py:2614} INFO - Dependencies all met for dep_context=non-requeueable deps ti=<TaskInstance: tiki_etl_orchestration.extract_data manual__2025-03-12T07:25:45.518022+00:00 [queued]>
[2025-03-12T07:25:54.642+0000] {taskinstance.py:2614} INFO - Dependencies all met for dep_context=requeueable deps ti=<TaskInstance: tiki_etl_orchestration.extract_data manual__2025-03-12T07:25:45.518022+00:00 [queued]>
[2025-03-12T07:25:54.643+0000] {taskinstance.py:2867} INFO - Starting attempt 1 of 4
[2025-03-12T07:25:54.659+0000] {taskinstance.py:2890} INFO - Executing <Task(TriggerDagRunOperator): extract_data> on 2025-03-12 07:25:45.518022+00:00
[2025-03-12T07:25:54.670+0000] {warnings.py:112} WARNING - /home/***/.local/lib/python3.12/site-packages/***/task/task_runner/standard_task_runner.py:70: DeprecationWarning: This process (pid=212) is multi-threaded, use of fork() may lead to deadlocks in the child.
  pid = os.fork()

[2025-03-12T07:25:54.672+0000] {standard_task_runner.py:72} INFO - Started process 214 to run task
[2025-03-12T07:25:54.672+0000] {standard_task_runner.py:104} INFO - Running: ['***', 'tasks', 'run', 'tiki_etl_orchestration', 'extract_data', 'manual__2025-03-12T07:25:45.518022+00:00', '--job-id', '668', '--raw', '--subdir', 'DAGS_FOLDER/tiki_etl_orchestration.py', '--cfg-path', '/tmp/tmpr0r8yvdf']
[2025-03-12T07:25:54.673+0000] {standard_task_runner.py:105} INFO - Job 668: Subtask extract_data
[2025-03-12T07:25:54.733+0000] {task_command.py:467} INFO - Running <TaskInstance: tiki_etl_orchestration.extract_data manual__2025-03-12T07:25:45.518022+00:00 [running]> on host 3905098656d4
[2025-03-12T07:25:54.850+0000] {taskinstance.py:3134} INFO - Exporting env vars: AIRFLOW_CTX_DAG_OWNER='***' AIRFLOW_CTX_DAG_ID='tiki_etl_orchestration' AIRFLOW_CTX_TASK_ID='extract_data' AIRFLOW_CTX_EXECUTION_DATE='2025-03-12T07:25:45.518022+00:00' AIRFLOW_CTX_TRY_NUMBER='1' AIRFLOW_CTX_DAG_RUN_ID='manual__2025-03-12T07:25:45.518022+00:00'
[2025-03-12T07:25:54.852+0000] {logging_mixin.py:190} INFO - Task instance is in running state
[2025-03-12T07:25:54.852+0000] {logging_mixin.py:190} INFO -  Previous state of the Task instance: queued
[2025-03-12T07:25:54.853+0000] {logging_mixin.py:190} INFO - Current task name:extract_data state:running start_date:2025-03-12 07:25:54.474046+00:00
[2025-03-12T07:25:54.853+0000] {logging_mixin.py:190} INFO - Dag name:tiki_etl_orchestration and current dag run status:running
[2025-03-12T07:25:54.854+0000] {taskinstance.py:732} INFO - ::endgroup::
[2025-03-12T07:25:54.956+0000] {trigger_dagrun.py:257} INFO - Waiting for tiki_extract_dag on 2025-03-12 07:25:54.854919+00:00 to become allowed state ['success'] ...
[2025-03-12T07:26:55.071+0000] {trigger_dagrun.py:257} INFO - Waiting for tiki_extract_dag on 2025-03-12 07:25:54.854919+00:00 to become allowed state ['success'] ...
[2025-03-12T07:27:55.103+0000] {trigger_dagrun.py:257} INFO - Waiting for tiki_extract_dag on 2025-03-12 07:25:54.854919+00:00 to become allowed state ['success'] ...
[2025-03-12T07:28:55.115+0000] {trigger_dagrun.py:257} INFO - Waiting for tiki_extract_dag on 2025-03-12 07:25:54.854919+00:00 to become allowed state ['success'] ...
[2025-03-12T07:29:55.136+0000] {trigger_dagrun.py:257} INFO - Waiting for tiki_extract_dag on 2025-03-12 07:25:54.854919+00:00 to become allowed state ['success'] ...
[2025-03-12T07:30:55.153+0000] {trigger_dagrun.py:257} INFO - Waiting for tiki_extract_dag on 2025-03-12 07:25:54.854919+00:00 to become allowed state ['success'] ...
[2025-03-12T07:31:55.175+0000] {trigger_dagrun.py:257} INFO - Waiting for tiki_extract_dag on 2025-03-12 07:25:54.854919+00:00 to become allowed state ['success'] ...
[2025-03-12T07:32:55.188+0000] {trigger_dagrun.py:257} INFO - Waiting for tiki_extract_dag on 2025-03-12 07:25:54.854919+00:00 to become allowed state ['success'] ...
[2025-03-12T07:33:55.211+0000] {trigger_dagrun.py:257} INFO - Waiting for tiki_extract_dag on 2025-03-12 07:25:54.854919+00:00 to become allowed state ['success'] ...
[2025-03-12T07:34:55.239+0000] {trigger_dagrun.py:257} INFO - Waiting for tiki_extract_dag on 2025-03-12 07:25:54.854919+00:00 to become allowed state ['success'] ...
[2025-03-12T07:35:55.246+0000] {trigger_dagrun.py:271} INFO - tiki_extract_dag finished with allowed state success
[2025-03-12T07:35:55.262+0000] {taskinstance.py:341} INFO - ::group::Post task execution logs
[2025-03-12T07:35:55.262+0000] {taskinstance.py:353} INFO - Marking task as SUCCESS. dag_id=tiki_etl_orchestration, task_id=extract_data, run_id=manual__2025-03-12T07:25:45.518022+00:00, execution_date=20250312T072545, start_date=20250312T072554, end_date=20250312T073555
[2025-03-12T07:35:55.295+0000] {logging_mixin.py:190} INFO - Task instance in success state
[2025-03-12T07:35:55.296+0000] {logging_mixin.py:190} INFO -  Previous state of the Task instance: running
[2025-03-12T07:35:55.296+0000] {logging_mixin.py:190} INFO - Dag name:tiki_etl_orchestration queued_at:2025-03-12 07:25:47.095517+00:00
[2025-03-12T07:35:55.297+0000] {logging_mixin.py:190} INFO - Task hostname:3905098656d4 operator:TriggerDagRunOperator
[2025-03-12T07:35:55.337+0000] {local_task_job_runner.py:266} INFO - Task exited with return code 0
[2025-03-12T07:35:55.373+0000] {taskinstance.py:3901} INFO - 0 downstream tasks scheduled from follow-on schedule check
[2025-03-12T07:35:55.376+0000] {local_task_job_runner.py:245} INFO - ::endgroup::
