[2025-03-12T07:40:55.092+0000] {local_task_job_runner.py:123} INFO - ::group::Pre task execution logs
[2025-03-12T07:40:55.132+0000] {taskinstance.py:2614} INFO - Dependencies all met for dep_context=non-requeueable deps ti=<TaskInstance: tiki_extract_dag.extract_sach manual__2025-03-12T07:40:49.551946+00:00 [queued]>
[2025-03-12T07:40:55.158+0000] {taskinstance.py:2614} INFO - Dependencies all met for dep_context=requeueable deps ti=<TaskInstance: tiki_extract_dag.extract_sach manual__2025-03-12T07:40:49.551946+00:00 [queued]>
[2025-03-12T07:40:55.160+0000] {taskinstance.py:2867} INFO - Starting attempt 1 of 4
[2025-03-12T07:40:55.192+0000] {taskinstance.py:2890} INFO - Executing <Task(PythonOperator): extract_sach> on 2025-03-12 07:40:49.551946+00:00
[2025-03-12T07:40:55.212+0000] {warnings.py:112} WARNING - /home/***/.local/lib/python3.12/site-packages/***/task/task_runner/standard_task_runner.py:70: DeprecationWarning: This process (pid=453) is multi-threaded, use of fork() may lead to deadlocks in the child.
  pid = os.fork()

[2025-03-12T07:40:55.216+0000] {standard_task_runner.py:72} INFO - Started process 474 to run task
[2025-03-12T07:40:55.216+0000] {standard_task_runner.py:104} INFO - Running: ['***', 'tasks', 'run', 'tiki_extract_dag', 'extract_sach', 'manual__2025-03-12T07:40:49.551946+00:00', '--job-id', '683', '--raw', '--subdir', 'DAGS_FOLDER/tiki_extract_dag.py', '--cfg-path', '/tmp/tmpg63inv5x']
[2025-03-12T07:40:55.219+0000] {standard_task_runner.py:105} INFO - Job 683: Subtask extract_sach
[2025-03-12T07:40:55.350+0000] {task_command.py:467} INFO - Running <TaskInstance: tiki_extract_dag.extract_sach manual__2025-03-12T07:40:49.551946+00:00 [running]> on host 3905098656d4
[2025-03-12T07:40:56.229+0000] {taskinstance.py:3134} INFO - Exporting env vars: AIRFLOW_CTX_DAG_OWNER='***' AIRFLOW_CTX_DAG_ID='tiki_extract_dag' AIRFLOW_CTX_TASK_ID='extract_sach' AIRFLOW_CTX_EXECUTION_DATE='2025-03-12T07:40:49.551946+00:00' AIRFLOW_CTX_TRY_NUMBER='1' AIRFLOW_CTX_DAG_RUN_ID='manual__2025-03-12T07:40:49.551946+00:00'
[2025-03-12T07:40:56.232+0000] {logging_mixin.py:190} INFO - Task instance is in running state
[2025-03-12T07:40:56.234+0000] {logging_mixin.py:190} INFO -  Previous state of the Task instance: queued
[2025-03-12T07:40:56.235+0000] {logging_mixin.py:190} INFO - Current task name:extract_sach state:running start_date:2025-03-12 07:40:55.133497+00:00
[2025-03-12T07:40:56.236+0000] {logging_mixin.py:190} INFO - Dag name:tiki_extract_dag and current dag run status:running
[2025-03-12T07:40:56.238+0000] {taskinstance.py:732} INFO - ::endgroup::
[2025-03-12T07:40:57.159+0000] {tiki_extract_dag.py:122} INFO - Starting crawl for category sach
[2025-03-12T07:40:58.131+0000] {tiki_extract_dag.py:129} INFO - Total pages for sach: 50
[2025-03-12T07:40:58.534+0000] {tiki_extract_dag.py:155} INFO - Extracted page 2/50 - sach, total items: 80
[2025-03-12T07:41:06.713+0000] {tiki_extract_dag.py:155} INFO - Extracted page 3/50 - sach, total items: 120
[2025-03-12T07:41:46.263+0000] {job.py:229} INFO - Heartbeat recovered after 35.85 seconds
[2025-03-12T07:41:47.595+0000] {tiki_extract_dag.py:155} INFO - Extracted page 4/50 - sach, total items: 160
[2025-03-12T07:41:55.190+0000] {tiki_extract_dag.py:155} INFO - Extracted page 5/50 - sach, total items: 200
[2025-03-12T07:42:01.626+0000] {tiki_extract_dag.py:155} INFO - Extracted page 6/50 - sach, total items: 240
[2025-03-12T07:42:08.220+0000] {tiki_extract_dag.py:155} INFO - Extracted page 7/50 - sach, total items: 280
[2025-03-12T07:42:13.828+0000] {tiki_extract_dag.py:155} INFO - Extracted page 8/50 - sach, total items: 320
[2025-03-12T07:42:21.108+0000] {tiki_extract_dag.py:155} INFO - Extracted page 9/50 - sach, total items: 360
[2025-03-12T07:42:28.731+0000] {tiki_extract_dag.py:155} INFO - Extracted page 10/50 - sach, total items: 400
[2025-03-12T07:42:36.559+0000] {tiki_extract_dag.py:155} INFO - Extracted page 11/50 - sach, total items: 440
[2025-03-12T07:42:43.739+0000] {tiki_extract_dag.py:155} INFO - Extracted page 12/50 - sach, total items: 480
[2025-03-12T07:42:55.359+0000] {tiki_extract_dag.py:155} INFO - Extracted page 13/50 - sach, total items: 520
[2025-03-12T07:43:02.123+0000] {tiki_extract_dag.py:155} INFO - Extracted page 14/50 - sach, total items: 560
[2025-03-12T07:43:09.590+0000] {tiki_extract_dag.py:155} INFO - Extracted page 15/50 - sach, total items: 600
[2025-03-12T07:43:18.255+0000] {tiki_extract_dag.py:155} INFO - Extracted page 16/50 - sach, total items: 640
[2025-03-12T07:43:26.204+0000] {tiki_extract_dag.py:155} INFO - Extracted page 17/50 - sach, total items: 680
[2025-03-12T07:43:35.989+0000] {tiki_extract_dag.py:155} INFO - Extracted page 18/50 - sach, total items: 720
[2025-03-12T07:43:44.055+0000] {tiki_extract_dag.py:155} INFO - Extracted page 19/50 - sach, total items: 760
[2025-03-12T07:43:53.015+0000] {tiki_extract_dag.py:155} INFO - Extracted page 20/50 - sach, total items: 800
[2025-03-12T07:44:00.241+0000] {tiki_extract_dag.py:155} INFO - Extracted page 21/50 - sach, total items: 840
[2025-03-12T07:44:09.838+0000] {tiki_extract_dag.py:155} INFO - Extracted page 22/50 - sach, total items: 880
[2025-03-12T07:44:18.869+0000] {tiki_extract_dag.py:155} INFO - Extracted page 23/50 - sach, total items: 920
[2025-03-12T07:44:27.891+0000] {tiki_extract_dag.py:155} INFO - Extracted page 24/50 - sach, total items: 960
[2025-03-12T07:44:33.885+0000] {tiki_extract_dag.py:155} INFO - Extracted page 25/50 - sach, total items: 1000
[2025-03-12T07:44:40.088+0000] {tiki_extract_dag.py:155} INFO - Extracted page 26/50 - sach, total items: 1040
[2025-03-12T07:44:48.885+0000] {tiki_extract_dag.py:155} INFO - Extracted page 27/50 - sach, total items: 1080
[2025-03-12T07:44:55.309+0000] {tiki_extract_dag.py:155} INFO - Extracted page 28/50 - sach, total items: 1120
[2025-03-12T07:45:03.212+0000] {tiki_extract_dag.py:155} INFO - Extracted page 29/50 - sach, total items: 1160
[2025-03-12T07:45:13.019+0000] {tiki_extract_dag.py:155} INFO - Extracted page 30/50 - sach, total items: 1200
[2025-03-12T07:45:19.734+0000] {tiki_extract_dag.py:155} INFO - Extracted page 31/50 - sach, total items: 1240
[2025-03-12T07:45:28.348+0000] {tiki_extract_dag.py:155} INFO - Extracted page 32/50 - sach, total items: 1280
[2025-03-12T07:45:38.729+0000] {tiki_extract_dag.py:155} INFO - Extracted page 33/50 - sach, total items: 1320
[2025-03-12T07:45:48.379+0000] {tiki_extract_dag.py:155} INFO - Extracted page 34/50 - sach, total items: 1360
[2025-03-12T07:45:58.152+0000] {tiki_extract_dag.py:155} INFO - Extracted page 35/50 - sach, total items: 1400
[2025-03-12T07:46:08.321+0000] {tiki_extract_dag.py:155} INFO - Extracted page 36/50 - sach, total items: 1440
[2025-03-12T07:46:17.382+0000] {tiki_extract_dag.py:155} INFO - Extracted page 37/50 - sach, total items: 1480
[2025-03-12T07:46:27.155+0000] {tiki_extract_dag.py:155} INFO - Extracted page 38/50 - sach, total items: 1520
[2025-03-12T07:46:36.093+0000] {tiki_extract_dag.py:155} INFO - Extracted page 39/50 - sach, total items: 1560
[2025-03-12T07:46:46.481+0000] {tiki_extract_dag.py:155} INFO - Extracted page 40/50 - sach, total items: 1600
[2025-03-12T07:46:56.817+0000] {tiki_extract_dag.py:155} INFO - Extracted page 41/50 - sach, total items: 1640
[2025-03-12T07:47:04.911+0000] {tiki_extract_dag.py:155} INFO - Extracted page 42/50 - sach, total items: 1680
[2025-03-12T07:47:11.248+0000] {tiki_extract_dag.py:155} INFO - Extracted page 43/50 - sach, total items: 1720
[2025-03-12T07:47:29.215+0000] {job.py:229} INFO - Heartbeat recovered after 19.09 seconds
[2025-03-12T07:47:31.765+0000] {tiki_extract_dag.py:155} INFO - Extracted page 44/50 - sach, total items: 1760
[2025-03-12T07:47:37.339+0000] {tiki_extract_dag.py:155} INFO - Extracted page 45/50 - sach, total items: 1800
[2025-03-12T07:47:42.863+0000] {tiki_extract_dag.py:155} INFO - Extracted page 46/50 - sach, total items: 1840
[2025-03-12T07:47:51.777+0000] {tiki_extract_dag.py:155} INFO - Extracted page 47/50 - sach, total items: 1880
[2025-03-12T07:48:01.647+0000] {tiki_extract_dag.py:155} INFO - Extracted page 48/50 - sach, total items: 1920
[2025-03-12T07:48:09.705+0000] {tiki_extract_dag.py:155} INFO - Extracted page 49/50 - sach, total items: 1960
[2025-03-12T07:48:19.704+0000] {tiki_extract_dag.py:155} INFO - Extracted page 50/50 - sach, total items: 2000
[2025-03-12T07:49:04.533+0000] {connectionpool.py:868} WARNING - Retrying (Retry(total=2, connect=None, read=None, redirect=None, status=None)) after connection broken by 'SSLError(SSLEOFError(8, '[SSL: UNEXPECTED_EOF_WHILE_READING] EOF occurred in violation of protocol (_ssl.c:1010)'))': /token
[2025-03-12T07:50:58.384+0000] {tiki_extract_dag.py:56} INFO - Updated crawled products at tiki-pipeline/tiki_crawled/crawled_products.json
[2025-03-12T07:50:58.386+0000] {tiki_extract_dag.py:172} INFO - Uploaded raw data to tiki-pipeline/tiki_raw_data/raw_sach_20250312_074828.json, total items: 2000
[2025-03-12T07:50:59.337+0000] {tiki_extract_dag.py:183} INFO - Saved metadata to tiki-pipeline/metadata/extract_run_metadata_sach_20250312_074828.json
[2025-03-12T07:50:59.342+0000] {python.py:240} INFO - Done. Returned value was: None
[2025-03-12T07:50:59.453+0000] {taskinstance.py:341} INFO - ::group::Post task execution logs
[2025-03-12T07:50:59.456+0000] {taskinstance.py:353} INFO - Marking task as SUCCESS. dag_id=tiki_extract_dag, task_id=extract_sach, run_id=manual__2025-03-12T07:40:49.551946+00:00, execution_date=20250312T074049, start_date=20250312T074055, end_date=20250312T075059
[2025-03-12T07:50:59.534+0000] {logging_mixin.py:190} INFO - Task instance in success state
[2025-03-12T07:50:59.535+0000] {logging_mixin.py:190} INFO -  Previous state of the Task instance: running
[2025-03-12T07:50:59.536+0000] {logging_mixin.py:190} INFO - Dag name:tiki_extract_dag queued_at:2025-03-12 07:40:49.590021+00:00
[2025-03-12T07:50:59.537+0000] {logging_mixin.py:190} INFO - Task hostname:3905098656d4 operator:PythonOperator
[2025-03-12T07:50:59.611+0000] {local_task_job_runner.py:266} INFO - Task exited with return code 0
[2025-03-12T07:50:59.696+0000] {taskinstance.py:3901} INFO - 0 downstream tasks scheduled from follow-on schedule check
[2025-03-12T07:50:59.700+0000] {local_task_job_runner.py:245} INFO - ::endgroup::
