[2025-03-10T10:46:54.034+0000] {local_task_job_runner.py:123} INFO - ::group::Pre task execution logs
[2025-03-10T10:46:54.222+0000] {taskinstance.py:2614} INFO - Dependencies all met for dep_context=non-requeueable deps ti=<TaskInstance: tiki_extract_dag.crawl_lam-dep-suc-khoe manual__2025-03-10T10:46:13.751493+00:00 [queued]>
[2025-03-10T10:46:54.278+0000] {taskinstance.py:2614} INFO - Dependencies all met for dep_context=requeueable deps ti=<TaskInstance: tiki_extract_dag.crawl_lam-dep-suc-khoe manual__2025-03-10T10:46:13.751493+00:00 [queued]>
[2025-03-10T10:46:54.281+0000] {taskinstance.py:2867} INFO - Starting attempt 1 of 4
[2025-03-10T10:46:55.135+0000] {taskinstance.py:2890} INFO - Executing <Task(PythonOperator): crawl_lam-dep-suc-khoe> on 2025-03-10 10:46:13.751493+00:00
[2025-03-10T10:46:55.279+0000] {warnings.py:112} WARNING - /home/***/.local/lib/python3.12/site-packages/***/task/task_runner/standard_task_runner.py:70: DeprecationWarning: This process (pid=335) is multi-threaded, use of fork() may lead to deadlocks in the child.
  pid = os.fork()

[2025-03-10T10:46:55.319+0000] {standard_task_runner.py:72} INFO - Started process 379 to run task
[2025-03-10T10:46:55.575+0000] {standard_task_runner.py:104} INFO - Running: ['***', 'tasks', 'run', 'tiki_extract_dag', 'crawl_lam-dep-suc-khoe', 'manual__2025-03-10T10:46:13.751493+00:00', '--job-id', '484', '--raw', '--subdir', 'DAGS_FOLDER/tiki_extract_dag.py', '--cfg-path', '/tmp/tmpbq4qsv_w']
[2025-03-10T10:46:55.607+0000] {standard_task_runner.py:105} INFO - Job 484: Subtask crawl_lam-dep-suc-khoe
[2025-03-10T10:46:56.059+0000] {task_command.py:467} INFO - Running <TaskInstance: tiki_extract_dag.crawl_lam-dep-suc-khoe manual__2025-03-10T10:46:13.751493+00:00 [running]> on host 0c9fb3f19112
[2025-03-10T10:47:13.176+0000] {taskinstance.py:3134} INFO - Exporting env vars: AIRFLOW_CTX_DAG_OWNER='***' AIRFLOW_CTX_DAG_ID='tiki_extract_dag' AIRFLOW_CTX_TASK_ID='crawl_lam-dep-suc-khoe' AIRFLOW_CTX_EXECUTION_DATE='2025-03-10T10:46:13.751493+00:00' AIRFLOW_CTX_TRY_NUMBER='1' AIRFLOW_CTX_DAG_RUN_ID='manual__2025-03-10T10:46:13.751493+00:00'
[2025-03-10T10:47:13.188+0000] {logging_mixin.py:190} INFO - Task instance is in running state
[2025-03-10T10:47:13.206+0000] {logging_mixin.py:190} INFO -  Previous state of the Task instance: queued
[2025-03-10T10:47:13.214+0000] {logging_mixin.py:190} INFO - Current task name:crawl_lam-dep-suc-khoe state:running start_date:2025-03-10 10:46:54.226240+00:00
[2025-03-10T10:47:13.238+0000] {logging_mixin.py:190} INFO - Dag name:tiki_extract_dag and current dag run status:running
[2025-03-10T10:47:13.241+0000] {taskinstance.py:732} INFO - ::endgroup::
[2025-03-10T10:47:14.388+0000] {job.py:229} INFO - Heartbeat recovered after 20.86 seconds
[2025-03-10T10:47:58.816+0000] {job.py:229} INFO - Heartbeat recovered after 44.47 seconds
[2025-03-10T10:47:59.693+0000] {tiki_extract_dag.py:137} INFO - Starting crawl for category lam-dep-suc-khoe (ID: 1520)
[2025-03-10T10:47:59.695+0000] {tiki_extract_dag.py:139} INFO - Calling API: https://tiki.vn/api/v2/products with params: {'page': 1, 'limit': 40, 'category': '1520'}
[2025-03-10T10:48:01.001+0000] {tiki_extract_dag.py:148} INFO - Total pages for lam-dep-suc-khoe: 50 (limited to 50)
[2025-03-10T10:48:01.002+0000] {tiki_extract_dag.py:161} INFO - Calling API: https://tiki.vn/api/v2/products with params: {'page': 2, 'limit': 40, 'category': '1520'}
[2025-03-10T10:48:18.266+0000] {job.py:229} INFO - Heartbeat recovered after 14.08 seconds
[2025-03-10T10:48:25.500+0000] {tiki_extract_dag.py:120} ERROR - Error fetching details for product 117926982 on attempt 1/3: Expecting value: line 1 column 1 (char 0)
[2025-03-10T10:48:33.079+0000] {tiki_extract_dag.py:120} ERROR - Error fetching details for product 117926982 on attempt 2/3: Expecting value: line 1 column 1 (char 0)
[2025-03-10T10:48:43.208+0000] {tiki_extract_dag.py:120} ERROR - Error fetching details for product 117926982 on attempt 3/3: Expecting value: line 1 column 1 (char 0)
[2025-03-10T10:48:43.348+0000] {tiki_extract_dag.py:120} ERROR - Error fetching details for product 103341055 on attempt 1/3: Expecting value: line 1 column 1 (char 0)
[2025-03-10T10:48:52.496+0000] {tiki_extract_dag.py:120} ERROR - Error fetching details for product 103341055 on attempt 2/3: Expecting value: line 1 column 1 (char 0)
[2025-03-10T10:48:57.730+0000] {tiki_extract_dag.py:120} ERROR - Error fetching details for product 103341055 on attempt 3/3: Expecting value: line 1 column 1 (char 0)
[2025-03-10T10:48:57.884+0000] {tiki_extract_dag.py:120} ERROR - Error fetching details for product 73574991 on attempt 1/3: Expecting value: line 1 column 1 (char 0)
[2025-03-10T10:49:18.899+0000] {tiki_extract_dag.py:120} ERROR - Error fetching details for product 25917926 on attempt 1/3: Expecting value: line 1 column 1 (char 0)
[2025-03-10T10:49:27.054+0000] {tiki_extract_dag.py:120} ERROR - Error fetching details for product 25917926 on attempt 2/3: Expecting value: line 1 column 1 (char 0)
[2025-03-10T10:49:36.956+0000] {tiki_extract_dag.py:120} ERROR - Error fetching details for product 25917926 on attempt 3/3: Expecting value: line 1 column 1 (char 0)
[2025-03-10T10:49:37.095+0000] {tiki_extract_dag.py:120} ERROR - Error fetching details for product 11949005 on attempt 1/3: Expecting value: line 1 column 1 (char 0)
[2025-03-10T10:49:43.419+0000] {tiki_extract_dag.py:120} ERROR - Error fetching details for product 11949005 on attempt 2/3: Expecting value: line 1 column 1 (char 0)
[2025-03-10T10:49:52.930+0000] {tiki_extract_dag.py:120} ERROR - Error fetching details for product 11949005 on attempt 3/3: Expecting value: line 1 column 1 (char 0)
[2025-03-10T10:49:53.097+0000] {tiki_extract_dag.py:120} ERROR - Error fetching details for product 10278713 on attempt 1/3: Expecting value: line 1 column 1 (char 0)
[2025-03-10T10:50:15.741+0000] {tiki_extract_dag.py:181} INFO - Extracted page 2/50 for category lam-dep-suc-khoe, total items: 40
[2025-03-10T10:50:33.548+0000] {tiki_extract_dag.py:161} INFO - Calling API: https://tiki.vn/api/v2/products with params: {'page': 3, 'limit': 40, 'category': '1520'}
[2025-03-10T10:50:33.724+0000] {tiki_extract_dag.py:184} ERROR - API error at page 3 in category lam-dep-suc-khoe on attempt 1/3: Expecting value: line 1 column 1 (char 0)
[2025-03-10T10:50:43.531+0000] {tiki_extract_dag.py:184} ERROR - API error at page 3 in category lam-dep-suc-khoe on attempt 2/3: Expecting value: line 1 column 1 (char 0)
[2025-03-10T10:50:49.292+0000] {tiki_extract_dag.py:184} ERROR - API error at page 3 in category lam-dep-suc-khoe on attempt 3/3: Expecting value: line 1 column 1 (char 0)
[2025-03-10T10:50:49.293+0000] {tiki_extract_dag.py:189} ERROR - Failed after 3 attempts for page 3 in category lam-dep-suc-khoe
[2025-03-10T10:50:49.296+0000] {python.py:240} INFO - Done. Returned value was: None
[2025-03-10T10:50:49.398+0000] {taskinstance.py:341} INFO - ::group::Post task execution logs
[2025-03-10T10:50:49.401+0000] {taskinstance.py:353} INFO - Marking task as SUCCESS. dag_id=tiki_extract_dag, task_id=crawl_lam-dep-suc-khoe, run_id=manual__2025-03-10T10:46:13.751493+00:00, execution_date=20250310T104613, start_date=20250310T104654, end_date=20250310T105049
[2025-03-10T10:50:49.503+0000] {logging_mixin.py:190} INFO - Task instance in success state
[2025-03-10T10:50:49.504+0000] {logging_mixin.py:190} INFO -  Previous state of the Task instance: running
[2025-03-10T10:50:49.505+0000] {logging_mixin.py:190} INFO - Dag name:tiki_extract_dag queued_at:2025-03-10 10:46:13.791991+00:00
[2025-03-10T10:50:49.505+0000] {logging_mixin.py:190} INFO - Task hostname:0c9fb3f19112 operator:PythonOperator
[2025-03-10T10:50:49.567+0000] {local_task_job_runner.py:266} INFO - Task exited with return code 0
[2025-03-10T10:50:49.634+0000] {taskinstance.py:3901} INFO - 0 downstream tasks scheduled from follow-on schedule check
[2025-03-10T10:50:49.638+0000] {local_task_job_runner.py:245} INFO - ::endgroup::
