[2025-03-11T14:07:25.355+0000] {local_task_job_runner.py:123} INFO - ::group::Pre task execution logs
[2025-03-11T14:07:25.436+0000] {taskinstance.py:2614} INFO - Dependencies all met for dep_context=non-requeueable deps ti=<TaskInstance: tiki_orchestration_dag.trigger_extract manual__2025-03-11T09:53:40.175938+00:00 [queued]>
[2025-03-11T14:07:25.474+0000] {taskinstance.py:2614} INFO - Dependencies all met for dep_context=requeueable deps ti=<TaskInstance: tiki_orchestration_dag.trigger_extract manual__2025-03-11T09:53:40.175938+00:00 [queued]>
[2025-03-11T14:07:25.475+0000] {taskinstance.py:2867} INFO - Starting attempt 2 of 2
[2025-03-11T14:07:25.539+0000] {taskinstance.py:2890} INFO - Executing <Task(TriggerDagRunOperator): trigger_extract> on 2025-03-11 09:53:40.175938+00:00
[2025-03-11T14:07:25.627+0000] {warnings.py:112} WARNING - /home/***/.local/lib/python3.12/site-packages/***/task/task_runner/standard_task_runner.py:70: DeprecationWarning: This process (pid=2127) is multi-threaded, use of fork() may lead to deadlocks in the child.
  pid = os.fork()

[2025-03-11T14:07:25.631+0000] {standard_task_runner.py:72} INFO - Started process 2136 to run task
[2025-03-11T14:07:25.634+0000] {standard_task_runner.py:104} INFO - Running: ['***', 'tasks', 'run', 'tiki_orchestration_dag', 'trigger_extract', 'manual__2025-03-11T09:53:40.175938+00:00', '--job-id', '592', '--raw', '--subdir', 'DAGS_FOLDER/tiki_etl_orchestration.py', '--cfg-path', '/tmp/tmptj7d3tem']
[2025-03-11T14:07:25.640+0000] {standard_task_runner.py:105} INFO - Job 592: Subtask trigger_extract
[2025-03-11T14:07:25.812+0000] {task_command.py:467} INFO - Running <TaskInstance: tiki_orchestration_dag.trigger_extract manual__2025-03-11T09:53:40.175938+00:00 [running]> on host 5c8190d7da62
[2025-03-11T14:07:26.838+0000] {taskinstance.py:3134} INFO - Exporting env vars: AIRFLOW_CTX_DAG_OWNER='***' AIRFLOW_CTX_DAG_ID='tiki_orchestration_dag' AIRFLOW_CTX_TASK_ID='trigger_extract' AIRFLOW_CTX_EXECUTION_DATE='2025-03-11T09:53:40.175938+00:00' AIRFLOW_CTX_TRY_NUMBER='2' AIRFLOW_CTX_DAG_RUN_ID='manual__2025-03-11T09:53:40.175938+00:00'
[2025-03-11T14:07:26.842+0000] {logging_mixin.py:190} INFO - Task instance is in running state
[2025-03-11T14:07:26.844+0000] {logging_mixin.py:190} INFO -  Previous state of the Task instance: queued
[2025-03-11T14:07:26.845+0000] {logging_mixin.py:190} INFO - Current task name:trigger_extract state:running start_date:2025-03-11 14:07:25.437433+00:00
[2025-03-11T14:07:26.846+0000] {logging_mixin.py:190} INFO - Dag name:tiki_orchestration_dag and current dag run status:running
[2025-03-11T14:07:26.848+0000] {taskinstance.py:732} INFO - ::endgroup::
[2025-03-11T14:07:27.645+0000] {trigger_dagrun.py:257} INFO - Waiting for tiki_extract_dag on 2025-03-11 14:07:26.849945+00:00 to become allowed state ['success'] ...
[2025-03-11T14:08:10.016+0000] {job.py:229} INFO - Heartbeat recovered after 12.66 seconds
[2025-03-11T14:08:20.017+0000] {job.py:229} INFO - Heartbeat recovered after 13.43 seconds
[2025-03-11T14:08:28.142+0000] {job.py:229} INFO - Heartbeat recovered after 12.72 seconds
[2025-03-11T14:08:28.558+0000] {trigger_dagrun.py:257} INFO - Waiting for tiki_extract_dag on 2025-03-11 14:07:26.849945+00:00 to become allowed state ['success'] ...
[2025-03-11T14:09:28.881+0000] {trigger_dagrun.py:257} INFO - Waiting for tiki_extract_dag on 2025-03-11 14:07:26.849945+00:00 to become allowed state ['success'] ...
[2025-03-11T14:10:29.256+0000] {trigger_dagrun.py:257} INFO - Waiting for tiki_extract_dag on 2025-03-11 14:07:26.849945+00:00 to become allowed state ['success'] ...
[2025-03-11T14:11:29.437+0000] {trigger_dagrun.py:257} INFO - Waiting for tiki_extract_dag on 2025-03-11 14:07:26.849945+00:00 to become allowed state ['success'] ...
[2025-03-11T14:12:29.678+0000] {trigger_dagrun.py:257} INFO - Waiting for tiki_extract_dag on 2025-03-11 14:07:26.849945+00:00 to become allowed state ['success'] ...
[2025-03-11T14:13:28.943+0000] {trigger_dagrun.py:257} INFO - Waiting for tiki_extract_dag on 2025-03-11 14:07:26.849945+00:00 to become allowed state ['success'] ...
[2025-03-11T14:14:30.493+0000] {trigger_dagrun.py:257} INFO - Waiting for tiki_extract_dag on 2025-03-11 14:07:26.849945+00:00 to become allowed state ['success'] ...
[2025-03-11T14:15:31.259+0000] {trigger_dagrun.py:257} INFO - Waiting for tiki_extract_dag on 2025-03-11 14:07:26.849945+00:00 to become allowed state ['success'] ...
[2025-03-11T14:16:31.980+0000] {trigger_dagrun.py:257} INFO - Waiting for tiki_extract_dag on 2025-03-11 14:07:26.849945+00:00 to become allowed state ['success'] ...
[2025-03-11T14:17:32.145+0000] {trigger_dagrun.py:257} INFO - Waiting for tiki_extract_dag on 2025-03-11 14:07:26.849945+00:00 to become allowed state ['success'] ...
[2025-03-11T14:18:32.925+0000] {trigger_dagrun.py:257} INFO - Waiting for tiki_extract_dag on 2025-03-11 14:07:26.849945+00:00 to become allowed state ['success'] ...
[2025-03-11T14:19:33.189+0000] {trigger_dagrun.py:257} INFO - Waiting for tiki_extract_dag on 2025-03-11 14:07:26.849945+00:00 to become allowed state ['success'] ...
[2025-03-11T14:20:33.428+0000] {trigger_dagrun.py:257} INFO - Waiting for tiki_extract_dag on 2025-03-11 14:07:26.849945+00:00 to become allowed state ['success'] ...
[2025-03-11T14:21:33.717+0000] {trigger_dagrun.py:257} INFO - Waiting for tiki_extract_dag on 2025-03-11 14:07:26.849945+00:00 to become allowed state ['success'] ...
[2025-03-11T14:22:34.235+0000] {trigger_dagrun.py:257} INFO - Waiting for tiki_extract_dag on 2025-03-11 14:07:26.849945+00:00 to become allowed state ['success'] ...
[2025-03-11T14:23:34.533+0000] {trigger_dagrun.py:257} INFO - Waiting for tiki_extract_dag on 2025-03-11 14:07:26.849945+00:00 to become allowed state ['success'] ...
[2025-03-11T14:24:35.237+0000] {trigger_dagrun.py:257} INFO - Waiting for tiki_extract_dag on 2025-03-11 14:07:26.849945+00:00 to become allowed state ['success'] ...
[2025-03-11T14:25:35.589+0000] {trigger_dagrun.py:257} INFO - Waiting for tiki_extract_dag on 2025-03-11 14:07:26.849945+00:00 to become allowed state ['success'] ...
[2025-03-11T14:26:35.988+0000] {trigger_dagrun.py:257} INFO - Waiting for tiki_extract_dag on 2025-03-11 14:07:26.849945+00:00 to become allowed state ['success'] ...
[2025-03-11T14:27:36.206+0000] {trigger_dagrun.py:257} INFO - Waiting for tiki_extract_dag on 2025-03-11 14:07:26.849945+00:00 to become allowed state ['success'] ...
[2025-03-11T14:28:36.517+0000] {trigger_dagrun.py:257} INFO - Waiting for tiki_extract_dag on 2025-03-11 14:07:26.849945+00:00 to become allowed state ['success'] ...
[2025-03-11T14:29:36.721+0000] {trigger_dagrun.py:257} INFO - Waiting for tiki_extract_dag on 2025-03-11 14:07:26.849945+00:00 to become allowed state ['success'] ...
[2025-03-11T14:30:36.906+0000] {trigger_dagrun.py:257} INFO - Waiting for tiki_extract_dag on 2025-03-11 14:07:26.849945+00:00 to become allowed state ['success'] ...
[2025-03-11T14:31:37.057+0000] {trigger_dagrun.py:257} INFO - Waiting for tiki_extract_dag on 2025-03-11 14:07:26.849945+00:00 to become allowed state ['success'] ...
[2025-03-11T14:32:37.483+0000] {trigger_dagrun.py:257} INFO - Waiting for tiki_extract_dag on 2025-03-11 14:07:26.849945+00:00 to become allowed state ['success'] ...
[2025-03-11T14:33:37.831+0000] {trigger_dagrun.py:257} INFO - Waiting for tiki_extract_dag on 2025-03-11 14:07:26.849945+00:00 to become allowed state ['success'] ...
[2025-03-11T14:34:38.218+0000] {trigger_dagrun.py:257} INFO - Waiting for tiki_extract_dag on 2025-03-11 14:07:26.849945+00:00 to become allowed state ['success'] ...
[2025-03-11T14:35:40.407+0000] {trigger_dagrun.py:257} INFO - Waiting for tiki_extract_dag on 2025-03-11 14:07:26.849945+00:00 to become allowed state ['success'] ...
[2025-03-11T14:36:40.724+0000] {trigger_dagrun.py:257} INFO - Waiting for tiki_extract_dag on 2025-03-11 14:07:26.849945+00:00 to become allowed state ['success'] ...
