[2025-03-11T09:54:24.127+0000] {local_task_job_runner.py:123} INFO - ::group::Pre task execution logs
[2025-03-11T09:54:24.223+0000] {taskinstance.py:2614} INFO - Dependencies all met for dep_context=non-requeueable deps ti=<TaskInstance: tiki_orchestration_dag.trigger_extract manual__2025-03-11T09:53:40.175938+00:00 [queued]>
[2025-03-11T09:54:24.266+0000] {taskinstance.py:2614} INFO - Dependencies all met for dep_context=requeueable deps ti=<TaskInstance: tiki_orchestration_dag.trigger_extract manual__2025-03-11T09:53:40.175938+00:00 [queued]>
[2025-03-11T09:54:24.268+0000] {taskinstance.py:2867} INFO - Starting attempt 1 of 2
[2025-03-11T09:54:24.335+0000] {taskinstance.py:2890} INFO - Executing <Task(TriggerDagRunOperator): trigger_extract> on 2025-03-11 09:53:40.175938+00:00
[2025-03-11T09:54:24.388+0000] {warnings.py:112} WARNING - /home/***/.local/lib/python3.12/site-packages/***/task/task_runner/standard_task_runner.py:70: DeprecationWarning: This process (pid=739) is multi-threaded, use of fork() may lead to deadlocks in the child.
  pid = os.fork()

[2025-03-11T09:54:24.395+0000] {standard_task_runner.py:72} INFO - Started process 749 to run task
[2025-03-11T09:54:24.394+0000] {standard_task_runner.py:104} INFO - Running: ['***', 'tasks', 'run', 'tiki_orchestration_dag', 'trigger_extract', 'manual__2025-03-11T09:53:40.175938+00:00', '--job-id', '577', '--raw', '--subdir', 'DAGS_FOLDER/tiki_etl_orchestration.py', '--cfg-path', '/tmp/tmpcc3sd55p']
[2025-03-11T09:54:24.397+0000] {standard_task_runner.py:105} INFO - Job 577: Subtask trigger_extract
[2025-03-11T09:54:24.580+0000] {task_command.py:467} INFO - Running <TaskInstance: tiki_orchestration_dag.trigger_extract manual__2025-03-11T09:53:40.175938+00:00 [running]> on host 5c8190d7da62
[2025-03-11T09:54:25.553+0000] {taskinstance.py:3134} INFO - Exporting env vars: AIRFLOW_CTX_DAG_OWNER='***' AIRFLOW_CTX_DAG_ID='tiki_orchestration_dag' AIRFLOW_CTX_TASK_ID='trigger_extract' AIRFLOW_CTX_EXECUTION_DATE='2025-03-11T09:53:40.175938+00:00' AIRFLOW_CTX_TRY_NUMBER='1' AIRFLOW_CTX_DAG_RUN_ID='manual__2025-03-11T09:53:40.175938+00:00'
[2025-03-11T09:54:25.556+0000] {logging_mixin.py:190} INFO - Task instance is in running state
[2025-03-11T09:54:25.557+0000] {logging_mixin.py:190} INFO -  Previous state of the Task instance: queued
[2025-03-11T09:54:25.558+0000] {logging_mixin.py:190} INFO - Current task name:trigger_extract state:running start_date:2025-03-11 09:54:24.225264+00:00
[2025-03-11T09:54:25.559+0000] {logging_mixin.py:190} INFO - Dag name:tiki_orchestration_dag and current dag run status:running
[2025-03-11T09:54:25.560+0000] {taskinstance.py:732} INFO - ::endgroup::
[2025-03-11T09:54:25.841+0000] {trigger_dagrun.py:257} INFO - Waiting for tiki_extract_dag on 2025-03-11 09:54:25.561686+00:00 to become allowed state ['success'] ...
[2025-03-11T09:55:40.238+0000] {trigger_dagrun.py:257} INFO - Waiting for tiki_extract_dag on 2025-03-11 09:54:25.561686+00:00 to become allowed state ['success'] ...
[2025-03-11T09:55:51.724+0000] {job.py:229} INFO - Heartbeat recovered after 19.11 seconds
[2025-03-11T09:56:40.897+0000] {trigger_dagrun.py:257} INFO - Waiting for tiki_extract_dag on 2025-03-11 09:54:25.561686+00:00 to become allowed state ['success'] ...
[2025-03-11T09:57:41.085+0000] {trigger_dagrun.py:257} INFO - Waiting for tiki_extract_dag on 2025-03-11 09:54:25.561686+00:00 to become allowed state ['success'] ...
[2025-03-11T09:58:41.150+0000] {trigger_dagrun.py:257} INFO - Waiting for tiki_extract_dag on 2025-03-11 09:54:25.561686+00:00 to become allowed state ['success'] ...
[2025-03-11T09:59:41.222+0000] {trigger_dagrun.py:257} INFO - Waiting for tiki_extract_dag on 2025-03-11 09:54:25.561686+00:00 to become allowed state ['success'] ...
[2025-03-11T10:00:41.373+0000] {trigger_dagrun.py:257} INFO - Waiting for tiki_extract_dag on 2025-03-11 09:54:25.561686+00:00 to become allowed state ['success'] ...
[2025-03-11T10:01:41.577+0000] {trigger_dagrun.py:257} INFO - Waiting for tiki_extract_dag on 2025-03-11 09:54:25.561686+00:00 to become allowed state ['success'] ...
[2025-03-11T10:02:41.638+0000] {trigger_dagrun.py:257} INFO - Waiting for tiki_extract_dag on 2025-03-11 09:54:25.561686+00:00 to become allowed state ['success'] ...
[2025-03-11T10:03:41.681+0000] {trigger_dagrun.py:257} INFO - Waiting for tiki_extract_dag on 2025-03-11 09:54:25.561686+00:00 to become allowed state ['success'] ...
[2025-03-11T10:04:41.814+0000] {trigger_dagrun.py:257} INFO - Waiting for tiki_extract_dag on 2025-03-11 09:54:25.561686+00:00 to become allowed state ['success'] ...
[2025-03-11T10:05:41.846+0000] {trigger_dagrun.py:257} INFO - Waiting for tiki_extract_dag on 2025-03-11 09:54:25.561686+00:00 to become allowed state ['success'] ...
[2025-03-11T10:06:42.028+0000] {trigger_dagrun.py:257} INFO - Waiting for tiki_extract_dag on 2025-03-11 09:54:25.561686+00:00 to become allowed state ['success'] ...
[2025-03-11T10:07:42.069+0000] {trigger_dagrun.py:257} INFO - Waiting for tiki_extract_dag on 2025-03-11 09:54:25.561686+00:00 to become allowed state ['success'] ...
[2025-03-11T10:08:42.226+0000] {trigger_dagrun.py:257} INFO - Waiting for tiki_extract_dag on 2025-03-11 09:54:25.561686+00:00 to become allowed state ['success'] ...
[2025-03-11T10:09:42.283+0000] {trigger_dagrun.py:257} INFO - Waiting for tiki_extract_dag on 2025-03-11 09:54:25.561686+00:00 to become allowed state ['success'] ...
[2025-03-11T10:10:42.307+0000] {trigger_dagrun.py:257} INFO - Waiting for tiki_extract_dag on 2025-03-11 09:54:25.561686+00:00 to become allowed state ['success'] ...
[2025-03-11T10:11:42.513+0000] {trigger_dagrun.py:257} INFO - Waiting for tiki_extract_dag on 2025-03-11 09:54:25.561686+00:00 to become allowed state ['success'] ...
[2025-03-11T10:12:42.704+0000] {trigger_dagrun.py:257} INFO - Waiting for tiki_extract_dag on 2025-03-11 09:54:25.561686+00:00 to become allowed state ['success'] ...
[2025-03-11T10:13:44.556+0000] {trigger_dagrun.py:257} INFO - Waiting for tiki_extract_dag on 2025-03-11 09:54:25.561686+00:00 to become allowed state ['success'] ...
[2025-03-11T10:14:44.857+0000] {trigger_dagrun.py:257} INFO - Waiting for tiki_extract_dag on 2025-03-11 09:54:25.561686+00:00 to become allowed state ['success'] ...
[2025-03-11T10:15:44.993+0000] {trigger_dagrun.py:257} INFO - Waiting for tiki_extract_dag on 2025-03-11 09:54:25.561686+00:00 to become allowed state ['success'] ...
[2025-03-11T10:16:45.126+0000] {trigger_dagrun.py:257} INFO - Waiting for tiki_extract_dag on 2025-03-11 09:54:25.561686+00:00 to become allowed state ['success'] ...
[2025-03-11T10:17:45.419+0000] {trigger_dagrun.py:257} INFO - Waiting for tiki_extract_dag on 2025-03-11 09:54:25.561686+00:00 to become allowed state ['success'] ...
[2025-03-11T10:18:45.647+0000] {trigger_dagrun.py:257} INFO - Waiting for tiki_extract_dag on 2025-03-11 09:54:25.561686+00:00 to become allowed state ['success'] ...
[2025-03-11T10:19:45.781+0000] {trigger_dagrun.py:257} INFO - Waiting for tiki_extract_dag on 2025-03-11 09:54:25.561686+00:00 to become allowed state ['success'] ...
[2025-03-11T10:20:46.041+0000] {trigger_dagrun.py:257} INFO - Waiting for tiki_extract_dag on 2025-03-11 09:54:25.561686+00:00 to become allowed state ['success'] ...
[2025-03-11T10:21:46.430+0000] {trigger_dagrun.py:257} INFO - Waiting for tiki_extract_dag on 2025-03-11 09:54:25.561686+00:00 to become allowed state ['success'] ...
[2025-03-11T10:22:46.986+0000] {trigger_dagrun.py:257} INFO - Waiting for tiki_extract_dag on 2025-03-11 09:54:25.561686+00:00 to become allowed state ['success'] ...
[2025-03-11T10:23:47.508+0000] {trigger_dagrun.py:257} INFO - Waiting for tiki_extract_dag on 2025-03-11 09:54:25.561686+00:00 to become allowed state ['success'] ...
[2025-03-11T10:24:48.206+0000] {trigger_dagrun.py:257} INFO - Waiting for tiki_extract_dag on 2025-03-11 09:54:25.561686+00:00 to become allowed state ['success'] ...
[2025-03-11T10:25:48.461+0000] {trigger_dagrun.py:257} INFO - Waiting for tiki_extract_dag on 2025-03-11 09:54:25.561686+00:00 to become allowed state ['success'] ...
[2025-03-11T10:26:49.238+0000] {trigger_dagrun.py:257} INFO - Waiting for tiki_extract_dag on 2025-03-11 09:54:25.561686+00:00 to become allowed state ['success'] ...
[2025-03-11T10:27:49.792+0000] {trigger_dagrun.py:257} INFO - Waiting for tiki_extract_dag on 2025-03-11 09:54:25.561686+00:00 to become allowed state ['success'] ...
[2025-03-11T10:28:50.179+0000] {trigger_dagrun.py:257} INFO - Waiting for tiki_extract_dag on 2025-03-11 09:54:25.561686+00:00 to become allowed state ['success'] ...
[2025-03-11T10:29:50.830+0000] {trigger_dagrun.py:257} INFO - Waiting for tiki_extract_dag on 2025-03-11 09:54:25.561686+00:00 to become allowed state ['success'] ...
[2025-03-11T10:30:51.121+0000] {trigger_dagrun.py:257} INFO - Waiting for tiki_extract_dag on 2025-03-11 09:54:25.561686+00:00 to become allowed state ['success'] ...
[2025-03-11T10:31:51.338+0000] {trigger_dagrun.py:257} INFO - Waiting for tiki_extract_dag on 2025-03-11 09:54:25.561686+00:00 to become allowed state ['success'] ...
[2025-03-11T10:32:51.744+0000] {trigger_dagrun.py:257} INFO - Waiting for tiki_extract_dag on 2025-03-11 09:54:25.561686+00:00 to become allowed state ['success'] ...
[2025-03-11T10:33:52.404+0000] {trigger_dagrun.py:257} INFO - Waiting for tiki_extract_dag on 2025-03-11 09:54:25.561686+00:00 to become allowed state ['success'] ...
[2025-03-11T10:34:52.522+0000] {trigger_dagrun.py:257} INFO - Waiting for tiki_extract_dag on 2025-03-11 09:54:25.561686+00:00 to become allowed state ['success'] ...
[2025-03-11T10:35:52.953+0000] {trigger_dagrun.py:257} INFO - Waiting for tiki_extract_dag on 2025-03-11 09:54:25.561686+00:00 to become allowed state ['success'] ...
[2025-03-11T10:36:53.101+0000] {trigger_dagrun.py:257} INFO - Waiting for tiki_extract_dag on 2025-03-11 09:54:25.561686+00:00 to become allowed state ['success'] ...
[2025-03-11T10:37:53.393+0000] {trigger_dagrun.py:257} INFO - Waiting for tiki_extract_dag on 2025-03-11 09:54:25.561686+00:00 to become allowed state ['success'] ...
[2025-03-11T10:38:53.560+0000] {trigger_dagrun.py:257} INFO - Waiting for tiki_extract_dag on 2025-03-11 09:54:25.561686+00:00 to become allowed state ['success'] ...
[2025-03-11T10:39:54.066+0000] {trigger_dagrun.py:257} INFO - Waiting for tiki_extract_dag on 2025-03-11 09:54:25.561686+00:00 to become allowed state ['success'] ...
[2025-03-11T10:40:54.536+0000] {trigger_dagrun.py:257} INFO - Waiting for tiki_extract_dag on 2025-03-11 09:54:25.561686+00:00 to become allowed state ['success'] ...
[2025-03-11T10:41:54.779+0000] {trigger_dagrun.py:257} INFO - Waiting for tiki_extract_dag on 2025-03-11 09:54:25.561686+00:00 to become allowed state ['success'] ...
[2025-03-11T10:42:54.893+0000] {trigger_dagrun.py:257} INFO - Waiting for tiki_extract_dag on 2025-03-11 09:54:25.561686+00:00 to become allowed state ['success'] ...
[2025-03-11T10:43:54.990+0000] {trigger_dagrun.py:257} INFO - Waiting for tiki_extract_dag on 2025-03-11 09:54:25.561686+00:00 to become allowed state ['success'] ...
[2025-03-11T10:44:55.313+0000] {trigger_dagrun.py:257} INFO - Waiting for tiki_extract_dag on 2025-03-11 09:54:25.561686+00:00 to become allowed state ['success'] ...
[2025-03-11T10:45:55.973+0000] {trigger_dagrun.py:257} INFO - Waiting for tiki_extract_dag on 2025-03-11 09:54:25.561686+00:00 to become allowed state ['success'] ...
[2025-03-11T10:46:56.066+0000] {trigger_dagrun.py:257} INFO - Waiting for tiki_extract_dag on 2025-03-11 09:54:25.561686+00:00 to become allowed state ['success'] ...
[2025-03-11T10:47:56.280+0000] {trigger_dagrun.py:257} INFO - Waiting for tiki_extract_dag on 2025-03-11 09:54:25.561686+00:00 to become allowed state ['success'] ...
[2025-03-11T10:48:57.001+0000] {trigger_dagrun.py:257} INFO - Waiting for tiki_extract_dag on 2025-03-11 09:54:25.561686+00:00 to become allowed state ['success'] ...
[2025-03-11T10:49:57.502+0000] {trigger_dagrun.py:257} INFO - Waiting for tiki_extract_dag on 2025-03-11 09:54:25.561686+00:00 to become allowed state ['success'] ...
[2025-03-11T10:50:58.167+0000] {trigger_dagrun.py:257} INFO - Waiting for tiki_extract_dag on 2025-03-11 09:54:25.561686+00:00 to become allowed state ['success'] ...
[2025-03-11T10:51:58.381+0000] {trigger_dagrun.py:257} INFO - Waiting for tiki_extract_dag on 2025-03-11 09:54:25.561686+00:00 to become allowed state ['success'] ...
[2025-03-11T10:52:58.949+0000] {trigger_dagrun.py:257} INFO - Waiting for tiki_extract_dag on 2025-03-11 09:54:25.561686+00:00 to become allowed state ['success'] ...
[2025-03-11T10:53:59.180+0000] {trigger_dagrun.py:257} INFO - Waiting for tiki_extract_dag on 2025-03-11 09:54:25.561686+00:00 to become allowed state ['success'] ...
[2025-03-11T10:55:00.167+0000] {trigger_dagrun.py:257} INFO - Waiting for tiki_extract_dag on 2025-03-11 09:54:25.561686+00:00 to become allowed state ['success'] ...
[2025-03-11T10:56:00.884+0000] {trigger_dagrun.py:257} INFO - Waiting for tiki_extract_dag on 2025-03-11 09:54:25.561686+00:00 to become allowed state ['success'] ...
[2025-03-11T10:57:01.363+0000] {trigger_dagrun.py:257} INFO - Waiting for tiki_extract_dag on 2025-03-11 09:54:25.561686+00:00 to become allowed state ['success'] ...
[2025-03-11T10:58:01.769+0000] {trigger_dagrun.py:257} INFO - Waiting for tiki_extract_dag on 2025-03-11 09:54:25.561686+00:00 to become allowed state ['success'] ...
[2025-03-11T10:59:01.872+0000] {trigger_dagrun.py:257} INFO - Waiting for tiki_extract_dag on 2025-03-11 09:54:25.561686+00:00 to become allowed state ['success'] ...
[2025-03-11T11:00:02.371+0000] {trigger_dagrun.py:257} INFO - Waiting for tiki_extract_dag on 2025-03-11 09:54:25.561686+00:00 to become allowed state ['success'] ...
[2025-03-11T11:01:02.592+0000] {trigger_dagrun.py:257} INFO - Waiting for tiki_extract_dag on 2025-03-11 09:54:25.561686+00:00 to become allowed state ['success'] ...
[2025-03-11T11:02:02.765+0000] {trigger_dagrun.py:257} INFO - Waiting for tiki_extract_dag on 2025-03-11 09:54:25.561686+00:00 to become allowed state ['success'] ...
[2025-03-11T13:09:30.067+0000] {job.py:229} INFO - Heartbeat recovered after 7607.27 seconds
[2025-03-11T13:09:45.023+0000] {trigger_dagrun.py:257} INFO - Waiting for tiki_extract_dag on 2025-03-11 09:54:25.561686+00:00 to become allowed state ['success'] ...
[2025-03-11T13:10:45.249+0000] {trigger_dagrun.py:257} INFO - Waiting for tiki_extract_dag on 2025-03-11 09:54:25.561686+00:00 to become allowed state ['success'] ...
[2025-03-11T13:11:45.395+0000] {trigger_dagrun.py:257} INFO - Waiting for tiki_extract_dag on 2025-03-11 09:54:25.561686+00:00 to become allowed state ['success'] ...
[2025-03-11T13:12:45.817+0000] {trigger_dagrun.py:257} INFO - Waiting for tiki_extract_dag on 2025-03-11 09:54:25.561686+00:00 to become allowed state ['success'] ...
[2025-03-11T13:13:46.276+0000] {trigger_dagrun.py:257} INFO - Waiting for tiki_extract_dag on 2025-03-11 09:54:25.561686+00:00 to become allowed state ['success'] ...
[2025-03-11T13:14:46.436+0000] {trigger_dagrun.py:257} INFO - Waiting for tiki_extract_dag on 2025-03-11 09:54:25.561686+00:00 to become allowed state ['success'] ...
[2025-03-11T13:15:46.645+0000] {trigger_dagrun.py:257} INFO - Waiting for tiki_extract_dag on 2025-03-11 09:54:25.561686+00:00 to become allowed state ['success'] ...
[2025-03-11T13:16:46.825+0000] {trigger_dagrun.py:257} INFO - Waiting for tiki_extract_dag on 2025-03-11 09:54:25.561686+00:00 to become allowed state ['success'] ...
[2025-03-11T13:17:47.107+0000] {trigger_dagrun.py:257} INFO - Waiting for tiki_extract_dag on 2025-03-11 09:54:25.561686+00:00 to become allowed state ['success'] ...
[2025-03-11T13:18:47.334+0000] {trigger_dagrun.py:257} INFO - Waiting for tiki_extract_dag on 2025-03-11 09:54:25.561686+00:00 to become allowed state ['success'] ...
[2025-03-11T13:19:47.496+0000] {trigger_dagrun.py:257} INFO - Waiting for tiki_extract_dag on 2025-03-11 09:54:25.561686+00:00 to become allowed state ['success'] ...
[2025-03-11T13:20:47.653+0000] {trigger_dagrun.py:257} INFO - Waiting for tiki_extract_dag on 2025-03-11 09:54:25.561686+00:00 to become allowed state ['success'] ...
[2025-03-11T13:21:47.878+0000] {trigger_dagrun.py:257} INFO - Waiting for tiki_extract_dag on 2025-03-11 09:54:25.561686+00:00 to become allowed state ['success'] ...
[2025-03-11T13:22:48.098+0000] {trigger_dagrun.py:257} INFO - Waiting for tiki_extract_dag on 2025-03-11 09:54:25.561686+00:00 to become allowed state ['success'] ...
[2025-03-11T13:23:48.378+0000] {trigger_dagrun.py:257} INFO - Waiting for tiki_extract_dag on 2025-03-11 09:54:25.561686+00:00 to become allowed state ['success'] ...
[2025-03-11T13:24:48.846+0000] {trigger_dagrun.py:257} INFO - Waiting for tiki_extract_dag on 2025-03-11 09:54:25.561686+00:00 to become allowed state ['success'] ...
[2025-03-11T13:25:49.521+0000] {trigger_dagrun.py:257} INFO - Waiting for tiki_extract_dag on 2025-03-11 09:54:25.561686+00:00 to become allowed state ['success'] ...
[2025-03-11T13:26:49.845+0000] {trigger_dagrun.py:257} INFO - Waiting for tiki_extract_dag on 2025-03-11 09:54:25.561686+00:00 to become allowed state ['success'] ...
[2025-03-11T13:27:49.936+0000] {trigger_dagrun.py:257} INFO - Waiting for tiki_extract_dag on 2025-03-11 09:54:25.561686+00:00 to become allowed state ['success'] ...
[2025-03-11T13:28:50.053+0000] {trigger_dagrun.py:257} INFO - Waiting for tiki_extract_dag on 2025-03-11 09:54:25.561686+00:00 to become allowed state ['success'] ...
[2025-03-11T13:29:50.444+0000] {trigger_dagrun.py:257} INFO - Waiting for tiki_extract_dag on 2025-03-11 09:54:25.561686+00:00 to become allowed state ['success'] ...
[2025-03-11T13:30:50.625+0000] {trigger_dagrun.py:257} INFO - Waiting for tiki_extract_dag on 2025-03-11 09:54:25.561686+00:00 to become allowed state ['success'] ...
[2025-03-11T13:31:50.692+0000] {trigger_dagrun.py:257} INFO - Waiting for tiki_extract_dag on 2025-03-11 09:54:25.561686+00:00 to become allowed state ['success'] ...
[2025-03-11T13:32:50.936+0000] {trigger_dagrun.py:257} INFO - Waiting for tiki_extract_dag on 2025-03-11 09:54:25.561686+00:00 to become allowed state ['success'] ...
[2025-03-11T13:33:51.341+0000] {trigger_dagrun.py:257} INFO - Waiting for tiki_extract_dag on 2025-03-11 09:54:25.561686+00:00 to become allowed state ['success'] ...
[2025-03-11T13:34:51.406+0000] {trigger_dagrun.py:257} INFO - Waiting for tiki_extract_dag on 2025-03-11 09:54:25.561686+00:00 to become allowed state ['success'] ...
[2025-03-11T13:35:51.500+0000] {trigger_dagrun.py:257} INFO - Waiting for tiki_extract_dag on 2025-03-11 09:54:25.561686+00:00 to become allowed state ['success'] ...
[2025-03-11T13:36:51.549+0000] {trigger_dagrun.py:257} INFO - Waiting for tiki_extract_dag on 2025-03-11 09:54:25.561686+00:00 to become allowed state ['success'] ...
[2025-03-11T13:37:51.751+0000] {trigger_dagrun.py:257} INFO - Waiting for tiki_extract_dag on 2025-03-11 09:54:25.561686+00:00 to become allowed state ['success'] ...
[2025-03-11T13:38:52.056+0000] {trigger_dagrun.py:257} INFO - Waiting for tiki_extract_dag on 2025-03-11 09:54:25.561686+00:00 to become allowed state ['success'] ...
[2025-03-11T13:42:42.741+0000] {job.py:229} INFO - Heartbeat recovered after 181.22 seconds
[2025-03-11T13:42:48.625+0000] {trigger_dagrun.py:257} INFO - Waiting for tiki_extract_dag on 2025-03-11 09:54:25.561686+00:00 to become allowed state ['success'] ...
[2025-03-11T13:43:48.779+0000] {trigger_dagrun.py:257} INFO - Waiting for tiki_extract_dag on 2025-03-11 09:54:25.561686+00:00 to become allowed state ['success'] ...
[2025-03-11T13:44:48.979+0000] {trigger_dagrun.py:257} INFO - Waiting for tiki_extract_dag on 2025-03-11 09:54:25.561686+00:00 to become allowed state ['success'] ...
[2025-03-11T13:45:49.213+0000] {trigger_dagrun.py:257} INFO - Waiting for tiki_extract_dag on 2025-03-11 09:54:25.561686+00:00 to become allowed state ['success'] ...
[2025-03-11T13:46:49.779+0000] {trigger_dagrun.py:257} INFO - Waiting for tiki_extract_dag on 2025-03-11 09:54:25.561686+00:00 to become allowed state ['success'] ...
[2025-03-11T13:47:50.158+0000] {trigger_dagrun.py:257} INFO - Waiting for tiki_extract_dag on 2025-03-11 09:54:25.561686+00:00 to become allowed state ['success'] ...
[2025-03-11T13:48:50.794+0000] {trigger_dagrun.py:257} INFO - Waiting for tiki_extract_dag on 2025-03-11 09:54:25.561686+00:00 to become allowed state ['success'] ...
[2025-03-11T13:49:53.004+0000] {trigger_dagrun.py:257} INFO - Waiting for tiki_extract_dag on 2025-03-11 09:54:25.561686+00:00 to become allowed state ['success'] ...
[2025-03-11T13:50:53.200+0000] {trigger_dagrun.py:257} INFO - Waiting for tiki_extract_dag on 2025-03-11 09:54:25.561686+00:00 to become allowed state ['success'] ...
[2025-03-11T13:51:53.331+0000] {trigger_dagrun.py:257} INFO - Waiting for tiki_extract_dag on 2025-03-11 09:54:25.561686+00:00 to become allowed state ['success'] ...
[2025-03-11T13:52:53.508+0000] {trigger_dagrun.py:257} INFO - Waiting for tiki_extract_dag on 2025-03-11 09:54:25.561686+00:00 to become allowed state ['success'] ...
[2025-03-11T13:53:53.829+0000] {trigger_dagrun.py:257} INFO - Waiting for tiki_extract_dag on 2025-03-11 09:54:25.561686+00:00 to become allowed state ['success'] ...
[2025-03-11T13:54:54.035+0000] {trigger_dagrun.py:257} INFO - Waiting for tiki_extract_dag on 2025-03-11 09:54:25.561686+00:00 to become allowed state ['success'] ...
[2025-03-11T13:55:54.313+0000] {trigger_dagrun.py:257} INFO - Waiting for tiki_extract_dag on 2025-03-11 09:54:25.561686+00:00 to become allowed state ['success'] ...
[2025-03-11T13:56:54.616+0000] {trigger_dagrun.py:257} INFO - Waiting for tiki_extract_dag on 2025-03-11 09:54:25.561686+00:00 to become allowed state ['success'] ...
[2025-03-11T13:57:54.741+0000] {trigger_dagrun.py:257} INFO - Waiting for tiki_extract_dag on 2025-03-11 09:54:25.561686+00:00 to become allowed state ['success'] ...
[2025-03-11T13:58:54.933+0000] {trigger_dagrun.py:257} INFO - Waiting for tiki_extract_dag on 2025-03-11 09:54:25.561686+00:00 to become allowed state ['success'] ...
[2025-03-11T13:59:55.384+0000] {trigger_dagrun.py:257} INFO - Waiting for tiki_extract_dag on 2025-03-11 09:54:25.561686+00:00 to become allowed state ['success'] ...
[2025-03-11T14:00:55.468+0000] {trigger_dagrun.py:257} INFO - Waiting for tiki_extract_dag on 2025-03-11 09:54:25.561686+00:00 to become allowed state ['success'] ...
[2025-03-11T14:01:56.768+0000] {taskinstance.py:3313} ERROR - Task failed with exception
Traceback (most recent call last):
  File "/home/airflow/.local/lib/python3.12/site-packages/airflow/models/taskinstance.py", line 768, in _execute_task
    result = _execute_callable(context=context, **execute_callable_kwargs)
             ^^^^^^^^^^^^^^^^^^^^^^^^^^^^^^^^^^^^^^^^^^^^^^^^^^^^^^^^^^^^^
  File "/home/airflow/.local/lib/python3.12/site-packages/airflow/models/taskinstance.py", line 734, in _execute_callable
    return ExecutionCallableRunner(
           ^^^^^^^^^^^^^^^^^^^^^^^^
  File "/home/airflow/.local/lib/python3.12/site-packages/airflow/utils/operator_helpers.py", line 252, in run
    return self.func(*args, **kwargs)
           ^^^^^^^^^^^^^^^^^^^^^^^^^^
  File "/home/airflow/.local/lib/python3.12/site-packages/airflow/models/baseoperator.py", line 424, in wrapper
    return func(self, *args, **kwargs)
           ^^^^^^^^^^^^^^^^^^^^^^^^^^^
  File "/home/airflow/.local/lib/python3.12/site-packages/airflow/operators/trigger_dagrun.py", line 269, in execute
    raise AirflowException(f"{self.trigger_dag_id} failed with failed states {state}")
airflow.exceptions.AirflowException: tiki_extract_dag failed with failed states failed
[2025-03-11T14:01:57.193+0000] {logging_mixin.py:190} INFO - Task instance in failure state
[2025-03-11T14:01:57.195+0000] {logging_mixin.py:190} INFO - Task start:2025-03-11 09:54:24.225264+00:00 end:2025-03-11 14:01:57.113406+00:00 duration:14852.888142
[2025-03-11T14:01:57.204+0000] {logging_mixin.py:190} INFO - Task:<Task(TriggerDagRunOperator): trigger_extract> dag:<DAG: tiki_orchestration_dag> dagrun:<DagRun tiki_orchestration_dag @ 2025-03-11 09:53:40.175938+00:00: manual__2025-03-11T09:53:40.175938+00:00, state:running, queued_at: 2025-03-11 09:53:46.517586+00:00. externally triggered: True>
[2025-03-11T14:01:57.208+0000] {logging_mixin.py:190} INFO - Failure caused by tiki_extract_dag failed with failed states failed
[2025-03-11T14:01:57.211+0000] {taskinstance.py:1226} INFO - Marking task as UP_FOR_RETRY. dag_id=tiki_orchestration_dag, task_id=trigger_extract, run_id=manual__2025-03-11T09:53:40.175938+00:00, execution_date=20250311T095340, start_date=20250311T095424, end_date=20250311T140157
[2025-03-11T14:01:57.687+0000] {taskinstance.py:341} INFO - ::group::Post task execution logs
[2025-03-11T14:01:57.715+0000] {standard_task_runner.py:124} ERROR - Failed to execute job 577 for task trigger_extract (tiki_extract_dag failed with failed states failed; 749)
Traceback (most recent call last):
  File "/home/airflow/.local/lib/python3.12/site-packages/airflow/task/task_runner/standard_task_runner.py", line 117, in _start_by_fork
    ret = args.func(args, dag=self.dag)
          ^^^^^^^^^^^^^^^^^^^^^^^^^^^^^
  File "/home/airflow/.local/lib/python3.12/site-packages/airflow/cli/cli_config.py", line 49, in command
    return func(*args, **kwargs)
           ^^^^^^^^^^^^^^^^^^^^^
  File "/home/airflow/.local/lib/python3.12/site-packages/airflow/utils/cli.py", line 116, in wrapper
    return f(*args, **kwargs)
           ^^^^^^^^^^^^^^^^^^
  File "/home/airflow/.local/lib/python3.12/site-packages/airflow/cli/commands/task_command.py", line 483, in task_run
    task_return_code = _run_task_by_selected_method(args, _dag, ti)
                       ^^^^^^^^^^^^^^^^^^^^^^^^^^^^^^^^^^^^^^^^^^^^
  File "/home/airflow/.local/lib/python3.12/site-packages/airflow/cli/commands/task_command.py", line 256, in _run_task_by_selected_method
    return _run_raw_task(args, ti)
           ^^^^^^^^^^^^^^^^^^^^^^^
  File "/home/airflow/.local/lib/python3.12/site-packages/airflow/cli/commands/task_command.py", line 341, in _run_raw_task
    return ti._run_raw_task(
           ^^^^^^^^^^^^^^^^^
  File "/home/airflow/.local/lib/python3.12/site-packages/airflow/utils/session.py", line 97, in wrapper
    return func(*args, session=session, **kwargs)
           ^^^^^^^^^^^^^^^^^^^^^^^^^^^^^^^^^^^^^^
  File "/home/airflow/.local/lib/python3.12/site-packages/airflow/models/taskinstance.py", line 3006, in _run_raw_task
    return _run_raw_task(
           ^^^^^^^^^^^^^^
  File "/home/airflow/.local/lib/python3.12/site-packages/airflow/models/taskinstance.py", line 274, in _run_raw_task
    TaskInstance._execute_task_with_callbacks(
  File "/home/airflow/.local/lib/python3.12/site-packages/airflow/models/taskinstance.py", line 3161, in _execute_task_with_callbacks
    result = self._execute_task(context, task_orig)
             ^^^^^^^^^^^^^^^^^^^^^^^^^^^^^^^^^^^^^^
  File "/home/airflow/.local/lib/python3.12/site-packages/airflow/models/taskinstance.py", line 3185, in _execute_task
    return _execute_task(self, context, task_orig)
           ^^^^^^^^^^^^^^^^^^^^^^^^^^^^^^^^^^^^^^^
  File "/home/airflow/.local/lib/python3.12/site-packages/airflow/models/taskinstance.py", line 768, in _execute_task
    result = _execute_callable(context=context, **execute_callable_kwargs)
             ^^^^^^^^^^^^^^^^^^^^^^^^^^^^^^^^^^^^^^^^^^^^^^^^^^^^^^^^^^^^^
  File "/home/airflow/.local/lib/python3.12/site-packages/airflow/models/taskinstance.py", line 734, in _execute_callable
    return ExecutionCallableRunner(
           ^^^^^^^^^^^^^^^^^^^^^^^^
  File "/home/airflow/.local/lib/python3.12/site-packages/airflow/utils/operator_helpers.py", line 252, in run
    return self.func(*args, **kwargs)
           ^^^^^^^^^^^^^^^^^^^^^^^^^^
  File "/home/airflow/.local/lib/python3.12/site-packages/airflow/models/baseoperator.py", line 424, in wrapper
    return func(self, *args, **kwargs)
           ^^^^^^^^^^^^^^^^^^^^^^^^^^^
  File "/home/airflow/.local/lib/python3.12/site-packages/airflow/operators/trigger_dagrun.py", line 269, in execute
    raise AirflowException(f"{self.trigger_dag_id} failed with failed states {state}")
airflow.exceptions.AirflowException: tiki_extract_dag failed with failed states failed
[2025-03-11T14:01:57.993+0000] {local_task_job_runner.py:266} INFO - Task exited with return code 1
[2025-03-11T14:01:58.589+0000] {standard_task_runner.py:217} INFO - Process not found (most likely exited), stop collecting metrics
[2025-03-11T14:01:58.765+0000] {taskinstance.py:3901} INFO - 0 downstream tasks scheduled from follow-on schedule check
[2025-03-11T14:01:58.774+0000] {local_task_job_runner.py:245} INFO - ::endgroup::
