[2025-03-11T14:08:10.103+0000] {local_task_job_runner.py:123} INFO - ::group::Pre task execution logs
[2025-03-11T14:08:10.189+0000] {taskinstance.py:2614} INFO - Dependencies all met for dep_context=non-requeueable deps ti=<TaskInstance: tiki_extract_dag.crawl_the-thao-da-ngoai manual__2025-03-11T14:07:26.849945+00:00 [queued]>
[2025-03-11T14:08:10.216+0000] {taskinstance.py:2614} INFO - Dependencies all met for dep_context=requeueable deps ti=<TaskInstance: tiki_extract_dag.crawl_the-thao-da-ngoai manual__2025-03-11T14:07:26.849945+00:00 [queued]>
[2025-03-11T14:08:10.220+0000] {taskinstance.py:2867} INFO - Starting attempt 1 of 4
[2025-03-11T14:08:12.753+0000] {taskinstance.py:2890} INFO - Executing <Task(PythonOperator): crawl_the-thao-da-ngoai> on 2025-03-11 14:07:26.849945+00:00
[2025-03-11T14:08:12.826+0000] {warnings.py:112} WARNING - /home/***/.local/lib/python3.12/site-packages/***/task/task_runner/standard_task_runner.py:70: DeprecationWarning: This process (pid=2142) is multi-threaded, use of fork() may lead to deadlocks in the child.
  pid = os.fork()

[2025-03-11T14:08:12.832+0000] {standard_task_runner.py:72} INFO - Started process 2181 to run task
[2025-03-11T14:08:12.832+0000] {standard_task_runner.py:104} INFO - Running: ['***', 'tasks', 'run', 'tiki_extract_dag', 'crawl_the-thao-da-ngoai', 'manual__2025-03-11T14:07:26.849945+00:00', '--job-id', '600', '--raw', '--subdir', 'DAGS_FOLDER/tiki_extract_dag.py', '--cfg-path', '/tmp/tmpkqw0q2mj']
[2025-03-11T14:08:12.838+0000] {standard_task_runner.py:105} INFO - Job 600: Subtask crawl_the-thao-da-ngoai
[2025-03-11T14:08:13.141+0000] {task_command.py:467} INFO - Running <TaskInstance: tiki_extract_dag.crawl_the-thao-da-ngoai manual__2025-03-11T14:07:26.849945+00:00 [running]> on host 5c8190d7da62
[2025-03-11T14:08:21.840+0000] {job.py:229} INFO - Heartbeat recovered after 19.69 seconds
[2025-03-11T14:08:23.511+0000] {taskinstance.py:3134} INFO - Exporting env vars: AIRFLOW_CTX_DAG_OWNER='***' AIRFLOW_CTX_DAG_ID='tiki_extract_dag' AIRFLOW_CTX_TASK_ID='crawl_the-thao-da-ngoai' AIRFLOW_CTX_EXECUTION_DATE='2025-03-11T14:07:26.849945+00:00' AIRFLOW_CTX_TRY_NUMBER='1' AIRFLOW_CTX_DAG_RUN_ID='manual__2025-03-11T14:07:26.849945+00:00'
[2025-03-11T14:08:23.530+0000] {logging_mixin.py:190} INFO - Task instance is in running state
[2025-03-11T14:08:23.531+0000] {logging_mixin.py:190} INFO -  Previous state of the Task instance: queued
[2025-03-11T14:08:23.532+0000] {logging_mixin.py:190} INFO - Current task name:crawl_the-thao-da-ngoai state:running start_date:2025-03-11 14:08:10.190920+00:00
[2025-03-11T14:08:23.533+0000] {logging_mixin.py:190} INFO - Dag name:tiki_extract_dag and current dag run status:running
[2025-03-11T14:08:23.534+0000] {taskinstance.py:732} INFO - ::endgroup::
[2025-03-11T14:08:27.480+0000] {tiki_extract_dag.py:139} INFO - Starting crawl for category the-thao-da-ngoai (ID: 1975)
[2025-03-11T14:08:27.481+0000] {tiki_extract_dag.py:141} INFO - Calling API: https://tiki.vn/api/v2/products with params: {'page': 1, 'limit': 40, 'category': '1975'}
[2025-03-11T14:08:30.098+0000] {tiki_extract_dag.py:150} INFO - Total pages for the-thao-da-ngoai: 50 (limited to 50)
[2025-03-11T14:08:30.099+0000] {tiki_extract_dag.py:163} INFO - Calling API: https://tiki.vn/api/v2/products with params: {'page': 2, 'limit': 40, 'category': '1975'}
[2025-03-11T14:08:33.313+0000] {tiki_extract_dag.py:183} INFO - Extracted page 2/50 for category the-thao-da-ngoai, total items: 2
[2025-03-11T14:08:52.350+0000] {tiki_extract_dag.py:163} INFO - Calling API: https://tiki.vn/api/v2/products with params: {'page': 3, 'limit': 40, 'category': '1975'}
[2025-03-11T14:08:53.028+0000] {tiki_extract_dag.py:186} ERROR - API error at page 3 in category the-thao-da-ngoai on attempt 1/3: Expecting value: line 1 column 1 (char 0)
[2025-03-11T14:09:02.947+0000] {tiki_extract_dag.py:186} ERROR - API error at page 3 in category the-thao-da-ngoai on attempt 2/3: Expecting value: line 1 column 1 (char 0)
[2025-03-11T14:09:29.241+0000] {tiki_extract_dag.py:120} ERROR - Error fetching details for product 87962285 on attempt 1/3: Expecting value: line 1 column 1 (char 0)
[2025-03-11T14:09:38.796+0000] {tiki_extract_dag.py:120} ERROR - Error fetching details for product 87962285 on attempt 2/3: Expecting value: line 1 column 1 (char 0)
[2025-03-11T14:09:45.967+0000] {tiki_extract_dag.py:120} ERROR - Error fetching details for product 87962285 on attempt 3/3: Expecting value: line 1 column 1 (char 0)
[2025-03-11T14:09:46.209+0000] {tiki_extract_dag.py:120} ERROR - Error fetching details for product 76673066 on attempt 1/3: Expecting value: line 1 column 1 (char 0)
[2025-03-11T14:09:51.681+0000] {tiki_extract_dag.py:120} ERROR - Error fetching details for product 76673066 on attempt 2/3: Expecting value: line 1 column 1 (char 0)
[2025-03-11T14:09:58.731+0000] {tiki_extract_dag.py:120} ERROR - Error fetching details for product 76673066 on attempt 3/3: Expecting value: line 1 column 1 (char 0)
[2025-03-11T14:09:58.941+0000] {tiki_extract_dag.py:120} ERROR - Error fetching details for product 72129045 on attempt 1/3: Expecting value: line 1 column 1 (char 0)
[2025-03-11T14:10:07.390+0000] {tiki_extract_dag.py:120} ERROR - Error fetching details for product 72129045 on attempt 2/3: Expecting value: line 1 column 1 (char 0)
[2025-03-11T14:10:30.984+0000] {tiki_extract_dag.py:183} INFO - Extracted page 3/50 for category the-thao-da-ngoai, total items: 42
[2025-03-11T14:10:48.481+0000] {tiki_extract_dag.py:163} INFO - Calling API: https://tiki.vn/api/v2/products with params: {'page': 4, 'limit': 40, 'category': '1975'}
[2025-03-11T14:10:48.715+0000] {tiki_extract_dag.py:186} ERROR - API error at page 4 in category the-thao-da-ngoai on attempt 1/3: Expecting value: line 1 column 1 (char 0)
[2025-03-11T14:10:54.144+0000] {tiki_extract_dag.py:186} ERROR - API error at page 4 in category the-thao-da-ngoai on attempt 2/3: Expecting value: line 1 column 1 (char 0)
[2025-03-11T14:11:00.701+0000] {tiki_extract_dag.py:186} ERROR - API error at page 4 in category the-thao-da-ngoai on attempt 3/3: Expecting value: line 1 column 1 (char 0)
[2025-03-11T14:11:00.705+0000] {tiki_extract_dag.py:191} ERROR - Failed after 3 attempts for page 4 in category the-thao-da-ngoai
[2025-03-11T14:11:00.749+0000] {python.py:240} INFO - Done. Returned value was: None
[2025-03-11T14:11:01.827+0000] {taskinstance.py:341} INFO - ::group::Post task execution logs
[2025-03-11T14:11:01.871+0000] {taskinstance.py:353} INFO - Marking task as SUCCESS. dag_id=tiki_extract_dag, task_id=crawl_the-thao-da-ngoai, run_id=manual__2025-03-11T14:07:26.849945+00:00, execution_date=20250311T140726, start_date=20250311T140810, end_date=20250311T141101
[2025-03-11T14:11:02.614+0000] {logging_mixin.py:190} INFO - Task instance in success state
[2025-03-11T14:11:02.619+0000] {logging_mixin.py:190} INFO -  Previous state of the Task instance: running
[2025-03-11T14:11:02.622+0000] {logging_mixin.py:190} INFO - Dag name:tiki_extract_dag queued_at:2025-03-11 14:07:27.008557+00:00
[2025-03-11T14:11:02.623+0000] {logging_mixin.py:190} INFO - Task hostname:5c8190d7da62 operator:PythonOperator
[2025-03-11T14:11:03.386+0000] {local_task_job_runner.py:266} INFO - Task exited with return code 0
[2025-03-11T14:11:03.677+0000] {standard_task_runner.py:217} INFO - Process not found (most likely exited), stop collecting metrics
[2025-03-11T14:11:03.857+0000] {taskinstance.py:3901} INFO - 0 downstream tasks scheduled from follow-on schedule check
[2025-03-11T14:11:03.866+0000] {local_task_job_runner.py:245} INFO - ::endgroup::
