[2025-03-09T19:28:59.341+0000] {local_task_job_runner.py:123} INFO - ::group::Pre task execution logs
[2025-03-09T19:28:59.375+0000] {taskinstance.py:2614} INFO - Dependencies all met for dep_context=non-requeueable deps ti=<TaskInstance: tiki_transform_dag.transform_data manual__2025-03-09T19:28:54.762707+00:00 [queued]>
[2025-03-09T19:28:59.390+0000] {taskinstance.py:2614} INFO - Dependencies all met for dep_context=requeueable deps ti=<TaskInstance: tiki_transform_dag.transform_data manual__2025-03-09T19:28:54.762707+00:00 [queued]>
[2025-03-09T19:28:59.392+0000] {taskinstance.py:2867} INFO - Starting attempt 1 of 1
[2025-03-09T19:28:59.422+0000] {taskinstance.py:2890} INFO - Executing <Task(PythonOperator): transform_data> on 2025-03-09 19:28:54.762707+00:00
[2025-03-09T19:28:59.441+0000] {warnings.py:112} WARNING - /home/***/.local/lib/python3.12/site-packages/***/task/task_runner/standard_task_runner.py:70: DeprecationWarning: This process (pid=638) is multi-threaded, use of fork() may lead to deadlocks in the child.
  pid = os.fork()

[2025-03-09T19:28:59.445+0000] {standard_task_runner.py:104} INFO - Running: ['***', 'tasks', 'run', 'tiki_transform_dag', 'transform_data', 'manual__2025-03-09T19:28:54.762707+00:00', '--job-id', '292', '--raw', '--subdir', 'DAGS_FOLDER/tiki_transform_dag.py', '--cfg-path', '/tmp/tmpkimgoc0g']
[2025-03-09T19:28:59.450+0000] {standard_task_runner.py:72} INFO - Started process 647 to run task
[2025-03-09T19:28:59.450+0000] {standard_task_runner.py:105} INFO - Job 292: Subtask transform_data
[2025-03-09T19:28:59.635+0000] {task_command.py:467} INFO - Running <TaskInstance: tiki_transform_dag.transform_data manual__2025-03-09T19:28:54.762707+00:00 [running]> on host 72a6d77a3cc5
[2025-03-09T19:29:00.501+0000] {taskinstance.py:3134} INFO - Exporting env vars: AIRFLOW_CTX_DAG_OWNER='***' AIRFLOW_CTX_DAG_ID='tiki_transform_dag' AIRFLOW_CTX_TASK_ID='transform_data' AIRFLOW_CTX_EXECUTION_DATE='2025-03-09T19:28:54.762707+00:00' AIRFLOW_CTX_TRY_NUMBER='1' AIRFLOW_CTX_DAG_RUN_ID='manual__2025-03-09T19:28:54.762707+00:00'
[2025-03-09T19:29:00.503+0000] {logging_mixin.py:190} INFO - Task instance is in running state
[2025-03-09T19:29:00.504+0000] {logging_mixin.py:190} INFO -  Previous state of the Task instance: queued
[2025-03-09T19:29:00.505+0000] {logging_mixin.py:190} INFO - Current task name:transform_data state:running start_date:2025-03-09 19:28:59.376657+00:00
[2025-03-09T19:29:00.505+0000] {logging_mixin.py:190} INFO - Dag name:tiki_transform_dag and current dag run status:running
[2025-03-09T19:29:00.506+0000] {taskinstance.py:732} INFO - ::endgroup::
[2025-03-09T19:29:01.184+0000] {tiki_transform_dag.py:65} INFO - Retrieved raw_blob_name from metadata: tiki_raw_data/raw_20250309_192838.json
[2025-03-09T19:29:07.872+0000] {tiki_transform_dag.py:76} INFO - Loaded raw data from tiki-data/tiki_raw_data/raw_20250309_192838.json, 18339 rows
[2025-03-09T19:29:07.922+0000] {tiki_transform_dag.py:83} INFO - After deduplication: 18336 rows
[2025-03-09T19:29:07.936+0000] {warnings.py:112} WARNING - /opt/***/dags/tiki_transform_dag.py:89: SettingWithCopyWarning: 
A value is trying to be set on a copy of a slice from a DataFrame.
Try using .loc[row_indexer,col_indexer] = value instead

See the caveats in the documentation: https://pandas.pydata.org/pandas-docs/stable/user_guide/indexing.html#returning-a-view-versus-a-copy
  df[field] = pd.to_numeric(df[field], errors='coerce').fillna(0.0)

[2025-03-09T19:29:07.946+0000] {warnings.py:112} WARNING - /opt/***/dags/tiki_transform_dag.py:94: SettingWithCopyWarning: 
A value is trying to be set on a copy of a slice from a DataFrame.
Try using .loc[row_indexer,col_indexer] = value instead

See the caveats in the documentation: https://pandas.pydata.org/pandas-docs/stable/user_guide/indexing.html#returning-a-view-versus-a-copy
  df[field] = pd.to_numeric(df[field], errors='coerce').fillna(0).astype(int)

[2025-03-09T19:29:07.949+0000] {warnings.py:112} WARNING - /opt/***/dags/tiki_transform_dag.py:94: SettingWithCopyWarning: 
A value is trying to be set on a copy of a slice from a DataFrame.
Try using .loc[row_indexer,col_indexer] = value instead

See the caveats in the documentation: https://pandas.pydata.org/pandas-docs/stable/user_guide/indexing.html#returning-a-view-versus-a-copy
  df[field] = pd.to_numeric(df[field], errors='coerce').fillna(0).astype(int)

[2025-03-09T19:29:07.951+0000] {warnings.py:112} WARNING - /opt/***/dags/tiki_transform_dag.py:94: SettingWithCopyWarning: 
A value is trying to be set on a copy of a slice from a DataFrame.
Try using .loc[row_indexer,col_indexer] = value instead

See the caveats in the documentation: https://pandas.pydata.org/pandas-docs/stable/user_guide/indexing.html#returning-a-view-versus-a-copy
  df[field] = pd.to_numeric(df[field], errors='coerce').fillna(0).astype(int)

[2025-03-09T19:29:07.999+0000] {warnings.py:112} WARNING - /opt/***/dags/tiki_transform_dag.py:101: SettingWithCopyWarning: 
A value is trying to be set on a copy of a slice from a DataFrame.
Try using .loc[row_indexer,col_indexer] = value instead

See the caveats in the documentation: https://pandas.pydata.org/pandas-docs/stable/user_guide/indexing.html#returning-a-view-versus-a-copy
  df[field] = df[field].astype(str).replace('nan', None)

[2025-03-09T19:29:08.045+0000] {warnings.py:112} WARNING - /opt/***/dags/tiki_transform_dag.py:101: SettingWithCopyWarning: 
A value is trying to be set on a copy of a slice from a DataFrame.
Try using .loc[row_indexer,col_indexer] = value instead

See the caveats in the documentation: https://pandas.pydata.org/pandas-docs/stable/user_guide/indexing.html#returning-a-view-versus-a-copy
  df[field] = df[field].astype(str).replace('nan', None)

[2025-03-09T19:29:08.066+0000] {warnings.py:112} WARNING - /opt/***/dags/tiki_transform_dag.py:101: SettingWithCopyWarning: 
A value is trying to be set on a copy of a slice from a DataFrame.
Try using .loc[row_indexer,col_indexer] = value instead

See the caveats in the documentation: https://pandas.pydata.org/pandas-docs/stable/user_guide/indexing.html#returning-a-view-versus-a-copy
  df[field] = df[field].astype(str).replace('nan', None)

[2025-03-09T19:29:08.125+0000] {warnings.py:112} WARNING - /opt/***/dags/tiki_transform_dag.py:101: SettingWithCopyWarning: 
A value is trying to be set on a copy of a slice from a DataFrame.
Try using .loc[row_indexer,col_indexer] = value instead

See the caveats in the documentation: https://pandas.pydata.org/pandas-docs/stable/user_guide/indexing.html#returning-a-view-versus-a-copy
  df[field] = df[field].astype(str).replace('nan', None)

[2025-03-09T19:29:08.153+0000] {warnings.py:112} WARNING - /opt/***/dags/tiki_transform_dag.py:101: SettingWithCopyWarning: 
A value is trying to be set on a copy of a slice from a DataFrame.
Try using .loc[row_indexer,col_indexer] = value instead

See the caveats in the documentation: https://pandas.pydata.org/pandas-docs/stable/user_guide/indexing.html#returning-a-view-versus-a-copy
  df[field] = df[field].astype(str).replace('nan', None)

[2025-03-09T19:29:08.168+0000] {warnings.py:112} WARNING - /opt/***/dags/tiki_transform_dag.py:101: SettingWithCopyWarning: 
A value is trying to be set on a copy of a slice from a DataFrame.
Try using .loc[row_indexer,col_indexer] = value instead

See the caveats in the documentation: https://pandas.pydata.org/pandas-docs/stable/user_guide/indexing.html#returning-a-view-versus-a-copy
  df[field] = df[field].astype(str).replace('nan', None)

[2025-03-09T19:29:08.184+0000] {warnings.py:112} WARNING - /opt/***/dags/tiki_transform_dag.py:101: SettingWithCopyWarning: 
A value is trying to be set on a copy of a slice from a DataFrame.
Try using .loc[row_indexer,col_indexer] = value instead

See the caveats in the documentation: https://pandas.pydata.org/pandas-docs/stable/user_guide/indexing.html#returning-a-view-versus-a-copy
  df[field] = df[field].astype(str).replace('nan', None)

[2025-03-09T19:29:08.969+0000] {warnings.py:112} WARNING - /opt/***/dags/tiki_transform_dag.py:101: SettingWithCopyWarning: 
A value is trying to be set on a copy of a slice from a DataFrame.
Try using .loc[row_indexer,col_indexer] = value instead

See the caveats in the documentation: https://pandas.pydata.org/pandas-docs/stable/user_guide/indexing.html#returning-a-view-versus-a-copy
  df[field] = df[field].astype(str).replace('nan', None)

[2025-03-09T19:29:08.991+0000] {warnings.py:112} WARNING - /opt/***/dags/tiki_transform_dag.py:101: SettingWithCopyWarning: 
A value is trying to be set on a copy of a slice from a DataFrame.
Try using .loc[row_indexer,col_indexer] = value instead

See the caveats in the documentation: https://pandas.pydata.org/pandas-docs/stable/user_guide/indexing.html#returning-a-view-versus-a-copy
  df[field] = df[field].astype(str).replace('nan', None)

[2025-03-09T19:29:09.020+0000] {warnings.py:112} WARNING - /opt/***/dags/tiki_transform_dag.py:101: SettingWithCopyWarning: 
A value is trying to be set on a copy of a slice from a DataFrame.
Try using .loc[row_indexer,col_indexer] = value instead

See the caveats in the documentation: https://pandas.pydata.org/pandas-docs/stable/user_guide/indexing.html#returning-a-view-versus-a-copy
  df[field] = df[field].astype(str).replace('nan', None)

[2025-03-09T19:29:09.040+0000] {warnings.py:112} WARNING - /opt/***/dags/tiki_transform_dag.py:101: SettingWithCopyWarning: 
A value is trying to be set on a copy of a slice from a DataFrame.
Try using .loc[row_indexer,col_indexer] = value instead

See the caveats in the documentation: https://pandas.pydata.org/pandas-docs/stable/user_guide/indexing.html#returning-a-view-versus-a-copy
  df[field] = df[field].astype(str).replace('nan', None)

[2025-03-09T19:29:09.073+0000] {warnings.py:112} WARNING - /opt/***/dags/tiki_transform_dag.py:101: SettingWithCopyWarning: 
A value is trying to be set on a copy of a slice from a DataFrame.
Try using .loc[row_indexer,col_indexer] = value instead

See the caveats in the documentation: https://pandas.pydata.org/pandas-docs/stable/user_guide/indexing.html#returning-a-view-versus-a-copy
  df[field] = df[field].astype(str).replace('nan', None)

[2025-03-09T19:29:09.106+0000] {warnings.py:112} WARNING - /opt/***/dags/tiki_transform_dag.py:101: SettingWithCopyWarning: 
A value is trying to be set on a copy of a slice from a DataFrame.
Try using .loc[row_indexer,col_indexer] = value instead

See the caveats in the documentation: https://pandas.pydata.org/pandas-docs/stable/user_guide/indexing.html#returning-a-view-versus-a-copy
  df[field] = df[field].astype(str).replace('nan', None)

[2025-03-09T19:29:09.157+0000] {warnings.py:112} WARNING - /opt/***/dags/tiki_transform_dag.py:101: SettingWithCopyWarning: 
A value is trying to be set on a copy of a slice from a DataFrame.
Try using .loc[row_indexer,col_indexer] = value instead

See the caveats in the documentation: https://pandas.pydata.org/pandas-docs/stable/user_guide/indexing.html#returning-a-view-versus-a-copy
  df[field] = df[field].astype(str).replace('nan', None)

[2025-03-09T19:29:09.212+0000] {warnings.py:112} WARNING - /opt/***/dags/tiki_transform_dag.py:101: SettingWithCopyWarning: 
A value is trying to be set on a copy of a slice from a DataFrame.
Try using .loc[row_indexer,col_indexer] = value instead

See the caveats in the documentation: https://pandas.pydata.org/pandas-docs/stable/user_guide/indexing.html#returning-a-view-versus-a-copy
  df[field] = df[field].astype(str).replace('nan', None)

[2025-03-09T19:29:09.215+0000] {warnings.py:112} WARNING - /opt/***/dags/tiki_transform_dag.py:107: SettingWithCopyWarning: 
A value is trying to be set on a copy of a slice from a DataFrame.
Try using .loc[row_indexer,col_indexer] = value instead

See the caveats in the documentation: https://pandas.pydata.org/pandas-docs/stable/user_guide/indexing.html#returning-a-view-versus-a-copy
  df[field] = df[field].astype(bool)

[2025-03-09T19:29:09.219+0000] {warnings.py:112} WARNING - /opt/***/dags/tiki_transform_dag.py:107: SettingWithCopyWarning: 
A value is trying to be set on a copy of a slice from a DataFrame.
Try using .loc[row_indexer,col_indexer] = value instead

See the caveats in the documentation: https://pandas.pydata.org/pandas-docs/stable/user_guide/indexing.html#returning-a-view-versus-a-copy
  df[field] = df[field].astype(bool)

[2025-03-09T19:29:09.224+0000] {warnings.py:112} WARNING - /opt/***/dags/tiki_transform_dag.py:107: SettingWithCopyWarning: 
A value is trying to be set on a copy of a slice from a DataFrame.
Try using .loc[row_indexer,col_indexer] = value instead

See the caveats in the documentation: https://pandas.pydata.org/pandas-docs/stable/user_guide/indexing.html#returning-a-view-versus-a-copy
  df[field] = df[field].astype(bool)

[2025-03-09T19:29:09.227+0000] {warnings.py:112} WARNING - /opt/***/dags/tiki_transform_dag.py:107: SettingWithCopyWarning: 
A value is trying to be set on a copy of a slice from a DataFrame.
Try using .loc[row_indexer,col_indexer] = value instead

See the caveats in the documentation: https://pandas.pydata.org/pandas-docs/stable/user_guide/indexing.html#returning-a-view-versus-a-copy
  df[field] = df[field].astype(bool)

[2025-03-09T19:29:09.230+0000] {warnings.py:112} WARNING - /opt/***/dags/tiki_transform_dag.py:107: SettingWithCopyWarning: 
A value is trying to be set on a copy of a slice from a DataFrame.
Try using .loc[row_indexer,col_indexer] = value instead

See the caveats in the documentation: https://pandas.pydata.org/pandas-docs/stable/user_guide/indexing.html#returning-a-view-versus-a-copy
  df[field] = df[field].astype(bool)

[2025-03-09T19:29:09.232+0000] {warnings.py:112} WARNING - /opt/***/dags/tiki_transform_dag.py:107: SettingWithCopyWarning: 
A value is trying to be set on a copy of a slice from a DataFrame.
Try using .loc[row_indexer,col_indexer] = value instead

See the caveats in the documentation: https://pandas.pydata.org/pandas-docs/stable/user_guide/indexing.html#returning-a-view-versus-a-copy
  df[field] = df[field].astype(bool)

[2025-03-09T19:29:09.234+0000] {warnings.py:112} WARNING - /opt/***/dags/tiki_transform_dag.py:107: SettingWithCopyWarning: 
A value is trying to be set on a copy of a slice from a DataFrame.
Try using .loc[row_indexer,col_indexer] = value instead

See the caveats in the documentation: https://pandas.pydata.org/pandas-docs/stable/user_guide/indexing.html#returning-a-view-versus-a-copy
  df[field] = df[field].astype(bool)

[2025-03-09T19:29:09.236+0000] {warnings.py:112} WARNING - /opt/***/dags/tiki_transform_dag.py:107: SettingWithCopyWarning: 
A value is trying to be set on a copy of a slice from a DataFrame.
Try using .loc[row_indexer,col_indexer] = value instead

See the caveats in the documentation: https://pandas.pydata.org/pandas-docs/stable/user_guide/indexing.html#returning-a-view-versus-a-copy
  df[field] = df[field].astype(bool)

[2025-03-09T19:29:09.268+0000] {warnings.py:112} WARNING - /opt/***/dags/tiki_transform_dag.py:110: SettingWithCopyWarning: 
A value is trying to be set on a copy of a slice from a DataFrame.
Try using .loc[row_indexer,col_indexer] = value instead

See the caveats in the documentation: https://pandas.pydata.org/pandas-docs/stable/user_guide/indexing.html#returning-a-view-versus-a-copy
  df['category_ids'] = df['category_ids'].apply(lambda x: x if isinstance(x, list) else [])

[2025-03-09T19:29:09.274+0000] {warnings.py:112} WARNING - /opt/***/dags/tiki_transform_dag.py:114: SettingWithCopyWarning: 
A value is trying to be set on a copy of a slice from a DataFrame.
Try using .loc[row_indexer,col_indexer] = value instead

See the caveats in the documentation: https://pandas.pydata.org/pandas-docs/stable/user_guide/indexing.html#returning-a-view-versus-a-copy
  df['price'] = df['price'].clip(lower=0)

[2025-03-09T19:29:09.283+0000] {warnings.py:112} WARNING - /opt/***/dags/tiki_transform_dag.py:116: SettingWithCopyWarning: 
A value is trying to be set on a copy of a slice from a DataFrame.
Try using .loc[row_indexer,col_indexer] = value instead

See the caveats in the documentation: https://pandas.pydata.org/pandas-docs/stable/user_guide/indexing.html#returning-a-view-versus-a-copy
  df['original_price'] = df['original_price'].clip(lower=0)

[2025-03-09T19:29:09.287+0000] {warnings.py:112} WARNING - /opt/***/dags/tiki_transform_dag.py:118: SettingWithCopyWarning: 
A value is trying to be set on a copy of a slice from a DataFrame.
Try using .loc[row_indexer,col_indexer] = value instead

See the caveats in the documentation: https://pandas.pydata.org/pandas-docs/stable/user_guide/indexing.html#returning-a-view-versus-a-copy
  df['discount'] = df['discount'].clip(lower=0)

[2025-03-09T19:29:09.292+0000] {warnings.py:112} WARNING - /opt/***/dags/tiki_transform_dag.py:120: SettingWithCopyWarning: 
A value is trying to be set on a copy of a slice from a DataFrame.
Try using .loc[row_indexer,col_indexer] = value instead

See the caveats in the documentation: https://pandas.pydata.org/pandas-docs/stable/user_guide/indexing.html#returning-a-view-versus-a-copy
  df['discount_rate'] = df['discount_rate'].clip(lower=0, upper=100)

[2025-03-09T19:29:09.298+0000] {warnings.py:112} WARNING - /opt/***/dags/tiki_transform_dag.py:122: SettingWithCopyWarning: 
A value is trying to be set on a copy of a slice from a DataFrame.
Try using .loc[row_indexer,col_indexer] = value instead

See the caveats in the documentation: https://pandas.pydata.org/pandas-docs/stable/user_guide/indexing.html#returning-a-view-versus-a-copy
  df['rating_average'] = df['rating_average'].clip(lower=0, upper=5)

[2025-03-09T19:29:09.301+0000] {warnings.py:112} WARNING - /opt/***/dags/tiki_transform_dag.py:124: SettingWithCopyWarning: 
A value is trying to be set on a copy of a slice from a DataFrame.
Try using .loc[row_indexer,col_indexer] = value instead

See the caveats in the documentation: https://pandas.pydata.org/pandas-docs/stable/user_guide/indexing.html#returning-a-view-versus-a-copy
  df['review_count'] = df['review_count'].clip(lower=0)

[2025-03-09T19:29:09.305+0000] {warnings.py:112} WARNING - /opt/***/dags/tiki_transform_dag.py:126: SettingWithCopyWarning: 
A value is trying to be set on a copy of a slice from a DataFrame.
Try using .loc[row_indexer,col_indexer] = value instead

See the caveats in the documentation: https://pandas.pydata.org/pandas-docs/stable/user_guide/indexing.html#returning-a-view-versus-a-copy
  df['quantity_sold'] = df['quantity_sold'].clip(lower=0)

[2025-03-09T19:29:09.317+0000] {warnings.py:112} WARNING - /opt/***/dags/tiki_transform_dag.py:129: SettingWithCopyWarning: 
A value is trying to be set on a copy of a slice from a DataFrame.
Try using .loc[row_indexer,col_indexer] = value instead

See the caveats in the documentation: https://pandas.pydata.org/pandas-docs/stable/user_guide/indexing.html#returning-a-view-versus-a-copy
  df['name'] = df['name'].replace('', 'Unknown')

[2025-03-09T19:29:09.333+0000] {warnings.py:112} WARNING - /opt/***/dags/tiki_transform_dag.py:131: SettingWithCopyWarning: 
A value is trying to be set on a copy of a slice from a DataFrame.
Try using .loc[row_indexer,col_indexer] = value instead

See the caveats in the documentation: https://pandas.pydata.org/pandas-docs/stable/user_guide/indexing.html#returning-a-view-versus-a-copy
  df['seller_name'] = df['seller_name'].replace('', 'Unknown')

[2025-03-09T19:29:09.339+0000] {warnings.py:112} WARNING - /opt/***/dags/tiki_transform_dag.py:133: SettingWithCopyWarning: 
A value is trying to be set on a copy of a slice from a DataFrame.
Try using .loc[row_indexer,col_indexer] = value instead

See the caveats in the documentation: https://pandas.pydata.org/pandas-docs/stable/user_guide/indexing.html#returning-a-view-versus-a-copy
  df['brand_name'] = df['brand_name'].replace('', None)  # SỬA Ở ĐÂY: Bỏ .fillna(None)

[2025-03-09T19:29:09.350+0000] {warnings.py:112} WARNING - /opt/***/dags/tiki_transform_dag.py:135: SettingWithCopyWarning: 
A value is trying to be set on a copy of a slice from a DataFrame.
Try using .loc[row_indexer,col_indexer] = value instead

See the caveats in the documentation: https://pandas.pydata.org/pandas-docs/stable/user_guide/indexing.html#returning-a-view-versus-a-copy
  df['primary_category_name'] = df['primary_category_name'].replace('', 'Unknown')

[2025-03-09T19:29:09.378+0000] {warnings.py:112} WARNING - /opt/***/dags/tiki_transform_dag.py:138: SettingWithCopyWarning: 
A value is trying to be set on a copy of a slice from a DataFrame.
Try using .loc[row_indexer,col_indexer] = value instead

See the caveats in the documentation: https://pandas.pydata.org/pandas-docs/stable/user_guide/indexing.html#returning-a-view-versus-a-copy
  df['product_url'] = df['product_url'].apply(lambda x: x if x and isinstance(x, str) and x.startswith('http') else None)

[2025-03-09T19:29:09.399+0000] {warnings.py:112} WARNING - /opt/***/dags/tiki_transform_dag.py:140: SettingWithCopyWarning: 
A value is trying to be set on a copy of a slice from a DataFrame.
Try using .loc[row_indexer,col_indexer] = value instead

See the caveats in the documentation: https://pandas.pydata.org/pandas-docs/stable/user_guide/indexing.html#returning-a-view-versus-a-copy
  df['product_image_url'] = df['product_image_url'].apply(lambda x: x if x and isinstance(x, str) and x.startswith('http') else None)

[2025-03-09T19:29:09.441+0000] {tiki_transform_dag.py:44} INFO - Data validation passed
[2025-03-09T19:29:10.029+0000] {tiki_transform_dag.py:166} INFO - Using transformed_data_path: tiki_transformed_data/
[2025-03-09T19:29:10.030+0000] {tiki_transform_dag.py:171} INFO - Using timestamp: 20250309_192910
[2025-03-09T19:29:10.032+0000] {tiki_transform_dag.py:183} INFO - Processing table: fact_sales
[2025-03-09T19:29:10.034+0000] {tiki_transform_dag.py:185} INFO - Generated blob name: tiki_transformed_data/fact_sales_20250309_192910.csv
[2025-03-09T19:29:10.629+0000] {tiki_transform_dag.py:190} INFO - Saved fact_sales to tiki-data/tiki_transformed_data/fact_sales_20250309_192910.csv
[2025-03-09T19:29:10.630+0000] {tiki_transform_dag.py:183} INFO - Processing table: dim_product
[2025-03-09T19:29:10.631+0000] {tiki_transform_dag.py:185} INFO - Generated blob name: tiki_transformed_data/dim_product_20250309_192910.csv
[2025-03-09T19:29:13.231+0000] {tiki_transform_dag.py:190} INFO - Saved dim_product to tiki-data/tiki_transformed_data/dim_product_20250309_192910.csv
[2025-03-09T19:29:13.232+0000] {tiki_transform_dag.py:183} INFO - Processing table: dim_seller
[2025-03-09T19:29:13.233+0000] {tiki_transform_dag.py:185} INFO - Generated blob name: tiki_transformed_data/dim_seller_20250309_192910.csv
[2025-03-09T19:29:13.435+0000] {tiki_transform_dag.py:190} INFO - Saved dim_seller to tiki-data/tiki_transformed_data/dim_seller_20250309_192910.csv
[2025-03-09T19:29:13.437+0000] {tiki_transform_dag.py:183} INFO - Processing table: dim_category
[2025-03-09T19:29:13.437+0000] {tiki_transform_dag.py:185} INFO - Generated blob name: tiki_transformed_data/dim_category_20250309_192910.csv
[2025-03-09T19:29:13.771+0000] {tiki_transform_dag.py:190} INFO - Saved dim_category to tiki-data/tiki_transformed_data/dim_category_20250309_192910.csv
[2025-03-09T19:29:13.772+0000] {tiki_transform_dag.py:183} INFO - Processing table: dim_brand
[2025-03-09T19:29:13.773+0000] {tiki_transform_dag.py:185} INFO - Generated blob name: tiki_transformed_data/dim_brand_20250309_192910.csv
[2025-03-09T19:29:13.955+0000] {tiki_transform_dag.py:190} INFO - Saved dim_brand to tiki-data/tiki_transformed_data/dim_brand_20250309_192910.csv
[2025-03-09T19:29:13.985+0000] {tiki_transform_dag.py:197} INFO - Pushed transformed_blob_names to XCom: {'fact_sales': 'tiki_transformed_data/fact_sales_20250309_192910.csv', 'dim_product': 'tiki_transformed_data/dim_product_20250309_192910.csv', 'dim_seller': 'tiki_transformed_data/dim_seller_20250309_192910.csv', 'dim_category': 'tiki_transformed_data/dim_category_20250309_192910.csv', 'dim_brand': 'tiki_transformed_data/dim_brand_20250309_192910.csv'}
[2025-03-09T19:29:14.156+0000] {python.py:240} INFO - Done. Returned value was: None
[2025-03-09T19:29:14.180+0000] {taskinstance.py:341} INFO - ::group::Post task execution logs
[2025-03-09T19:29:14.182+0000] {taskinstance.py:353} INFO - Marking task as SUCCESS. dag_id=tiki_transform_dag, task_id=transform_data, run_id=manual__2025-03-09T19:28:54.762707+00:00, execution_date=20250309T192854, start_date=20250309T192859, end_date=20250309T192914
[2025-03-09T19:29:14.229+0000] {logging_mixin.py:190} INFO - Task instance in success state
[2025-03-09T19:29:14.230+0000] {logging_mixin.py:190} INFO -  Previous state of the Task instance: running
[2025-03-09T19:29:14.231+0000] {logging_mixin.py:190} INFO - Dag name:tiki_transform_dag queued_at:2025-03-09 19:28:54.810117+00:00
[2025-03-09T19:29:14.232+0000] {logging_mixin.py:190} INFO - Task hostname:72a6d77a3cc5 operator:PythonOperator
[2025-03-09T19:29:14.327+0000] {local_task_job_runner.py:266} INFO - Task exited with return code 0
[2025-03-09T19:29:14.376+0000] {taskinstance.py:3901} INFO - 0 downstream tasks scheduled from follow-on schedule check
[2025-03-09T19:29:14.383+0000] {local_task_job_runner.py:245} INFO - ::endgroup::
