[2025-03-09T18:36:45.143+0000] {local_task_job_runner.py:123} INFO - ::group::Pre task execution logs
[2025-03-09T18:36:45.174+0000] {taskinstance.py:2614} INFO - Dependencies all met for dep_context=non-requeueable deps ti=<TaskInstance: tiki_etl_orchestration.trigger_extract manual__2025-03-09T18:36:39.993145+00:00 [queued]>
[2025-03-09T18:36:45.187+0000] {taskinstance.py:2614} INFO - Dependencies all met for dep_context=requeueable deps ti=<TaskInstance: tiki_etl_orchestration.trigger_extract manual__2025-03-09T18:36:39.993145+00:00 [queued]>
[2025-03-09T18:36:45.188+0000] {taskinstance.py:2867} INFO - Starting attempt 1 of 1
[2025-03-09T18:36:45.421+0000] {taskinstance.py:2890} INFO - Executing <Task(TriggerDagRunOperator): trigger_extract> on 2025-03-09 18:36:39.993145+00:00
[2025-03-09T18:36:45.435+0000] {warnings.py:112} WARNING - /home/***/.local/lib/python3.12/site-packages/***/task/task_runner/standard_task_runner.py:70: DeprecationWarning: This process (pid=85) is multi-threaded, use of fork() may lead to deadlocks in the child.
  pid = os.fork()

[2025-03-09T18:36:45.437+0000] {standard_task_runner.py:104} INFO - Running: ['***', 'tasks', 'run', 'tiki_etl_orchestration', 'trigger_extract', 'manual__2025-03-09T18:36:39.993145+00:00', '--job-id', '275', '--raw', '--subdir', 'DAGS_FOLDER/tiki_etl_orchestration.py', '--cfg-path', '/tmp/tmpsf8iysdl']
[2025-03-09T18:36:45.438+0000] {standard_task_runner.py:72} INFO - Started process 87 to run task
[2025-03-09T18:36:45.439+0000] {standard_task_runner.py:105} INFO - Job 275: Subtask trigger_extract
[2025-03-09T18:36:45.517+0000] {task_command.py:467} INFO - Running <TaskInstance: tiki_etl_orchestration.trigger_extract manual__2025-03-09T18:36:39.993145+00:00 [running]> on host 72a6d77a3cc5
[2025-03-09T18:36:45.661+0000] {taskinstance.py:3134} INFO - Exporting env vars: AIRFLOW_CTX_DAG_OWNER='***' AIRFLOW_CTX_DAG_ID='tiki_etl_orchestration' AIRFLOW_CTX_TASK_ID='trigger_extract' AIRFLOW_CTX_EXECUTION_DATE='2025-03-09T18:36:39.993145+00:00' AIRFLOW_CTX_TRY_NUMBER='1' AIRFLOW_CTX_DAG_RUN_ID='manual__2025-03-09T18:36:39.993145+00:00'
[2025-03-09T18:36:45.663+0000] {logging_mixin.py:190} INFO - Task instance is in running state
[2025-03-09T18:36:45.664+0000] {logging_mixin.py:190} INFO -  Previous state of the Task instance: queued
[2025-03-09T18:36:45.664+0000] {logging_mixin.py:190} INFO - Current task name:trigger_extract state:running start_date:2025-03-09 18:36:45.174993+00:00
[2025-03-09T18:36:45.665+0000] {logging_mixin.py:190} INFO - Dag name:tiki_etl_orchestration and current dag run status:running
[2025-03-09T18:36:45.666+0000] {taskinstance.py:732} INFO - ::endgroup::
[2025-03-09T18:36:45.787+0000] {trigger_dagrun.py:257} INFO - Waiting for tiki_extract_dag on 2025-03-09 18:36:45.666999+00:00 to become allowed state ['success'] ...
[2025-03-09T18:36:55.804+0000] {trigger_dagrun.py:257} INFO - Waiting for tiki_extract_dag on 2025-03-09 18:36:45.666999+00:00 to become allowed state ['success'] ...
[2025-03-09T18:37:05.816+0000] {trigger_dagrun.py:257} INFO - Waiting for tiki_extract_dag on 2025-03-09 18:36:45.666999+00:00 to become allowed state ['success'] ...
[2025-03-09T18:37:15.828+0000] {trigger_dagrun.py:257} INFO - Waiting for tiki_extract_dag on 2025-03-09 18:36:45.666999+00:00 to become allowed state ['success'] ...
[2025-03-09T18:37:25.842+0000] {trigger_dagrun.py:257} INFO - Waiting for tiki_extract_dag on 2025-03-09 18:36:45.666999+00:00 to become allowed state ['success'] ...
[2025-03-09T18:37:35.854+0000] {trigger_dagrun.py:271} INFO - tiki_extract_dag finished with allowed state success
[2025-03-09T18:37:35.872+0000] {taskinstance.py:341} INFO - ::group::Post task execution logs
[2025-03-09T18:37:35.873+0000] {taskinstance.py:353} INFO - Marking task as SUCCESS. dag_id=tiki_etl_orchestration, task_id=trigger_extract, run_id=manual__2025-03-09T18:36:39.993145+00:00, execution_date=20250309T183639, start_date=20250309T183645, end_date=20250309T183735
[2025-03-09T18:37:35.914+0000] {logging_mixin.py:190} INFO - Task instance in success state
[2025-03-09T18:37:35.915+0000] {logging_mixin.py:190} INFO -  Previous state of the Task instance: running
[2025-03-09T18:37:35.916+0000] {logging_mixin.py:190} INFO - Dag name:tiki_etl_orchestration queued_at:2025-03-09 18:36:40.572113+00:00
[2025-03-09T18:37:35.917+0000] {logging_mixin.py:190} INFO - Task hostname:72a6d77a3cc5 operator:TriggerDagRunOperator
[2025-03-09T18:37:35.970+0000] {local_task_job_runner.py:266} INFO - Task exited with return code 0
[2025-03-09T18:37:35.992+0000] {local_task_job_runner.py:245} INFO - ::endgroup::
