[2025-03-12T04:21:49.656+0000] {local_task_job_runner.py:123} INFO - ::group::Pre task execution logs
[2025-03-12T04:21:49.765+0000] {taskinstance.py:2614} INFO - Dependencies all met for dep_context=non-requeueable deps ti=<TaskInstance: tiki_extract_dag.extract_dong-ho-va-trang-suc manual__2025-03-12T04:21:28.506204+00:00 [queued]>
[2025-03-12T04:21:49.826+0000] {taskinstance.py:2614} INFO - Dependencies all met for dep_context=requeueable deps ti=<TaskInstance: tiki_extract_dag.extract_dong-ho-va-trang-suc manual__2025-03-12T04:21:28.506204+00:00 [queued]>
[2025-03-12T04:21:49.827+0000] {taskinstance.py:2867} INFO - Starting attempt 1 of 4
[2025-03-12T04:21:49.883+0000] {taskinstance.py:2890} INFO - Executing <Task(PythonOperator): extract_dong-ho-va-trang-suc> on 2025-03-12 04:21:28.506204+00:00
[2025-03-12T04:21:50.149+0000] {warnings.py:112} WARNING - /home/***/.local/lib/python3.12/site-packages/***/task/task_runner/standard_task_runner.py:70: DeprecationWarning: This process (pid=3854) is multi-threaded, use of fork() may lead to deadlocks in the child.
  pid = os.fork()

[2025-03-12T04:21:50.204+0000] {standard_task_runner.py:72} INFO - Started process 3876 to run task
[2025-03-12T04:21:50.182+0000] {standard_task_runner.py:104} INFO - Running: ['***', 'tasks', 'run', 'tiki_extract_dag', 'extract_dong-ho-va-trang-suc', 'manual__2025-03-12T04:21:28.506204+00:00', '--job-id', '649', '--raw', '--subdir', 'DAGS_FOLDER/tiki_extract_dag.py', '--cfg-path', '/tmp/tmp1lkf_0fg']
[2025-03-12T04:21:50.222+0000] {standard_task_runner.py:105} INFO - Job 649: Subtask extract_dong-ho-va-trang-suc
[2025-03-12T04:21:50.859+0000] {task_command.py:467} INFO - Running <TaskInstance: tiki_extract_dag.extract_dong-ho-va-trang-suc manual__2025-03-12T04:21:28.506204+00:00 [running]> on host 5c8190d7da62
[2025-03-12T04:22:01.546+0000] {taskinstance.py:3134} INFO - Exporting env vars: AIRFLOW_CTX_DAG_OWNER='***' AIRFLOW_CTX_DAG_ID='tiki_extract_dag' AIRFLOW_CTX_TASK_ID='extract_dong-ho-va-trang-suc' AIRFLOW_CTX_EXECUTION_DATE='2025-03-12T04:21:28.506204+00:00' AIRFLOW_CTX_TRY_NUMBER='1' AIRFLOW_CTX_DAG_RUN_ID='manual__2025-03-12T04:21:28.506204+00:00'
[2025-03-12T04:22:01.551+0000] {logging_mixin.py:190} INFO - Task instance is in running state
[2025-03-12T04:22:01.552+0000] {logging_mixin.py:190} INFO -  Previous state of the Task instance: queued
[2025-03-12T04:22:01.553+0000] {logging_mixin.py:190} INFO - Current task name:extract_dong-ho-va-trang-suc state:running start_date:2025-03-12 04:21:49.768757+00:00
[2025-03-12T04:22:01.553+0000] {logging_mixin.py:190} INFO - Dag name:tiki_extract_dag and current dag run status:running
[2025-03-12T04:22:01.587+0000] {taskinstance.py:732} INFO - ::endgroup::
[2025-03-12T04:22:01.619+0000] {job.py:229} INFO - Heartbeat recovered after 12.31 seconds
[2025-03-12T04:22:03.667+0000] {tiki_extract_dag.py:120} INFO - Starting crawl for category dong-ho-va-trang-suc
[2025-03-12T04:22:05.920+0000] {tiki_extract_dag.py:127} INFO - Total pages for dong-ho-va-trang-suc: 50
[2025-03-12T04:22:06.412+0000] {tiki_extract_dag.py:155} INFO - Extracted page 2/50 - dong-ho-va-trang-suc, total items: 80
[2025-03-12T04:22:16.178+0000] {tiki_extract_dag.py:155} INFO - Extracted page 3/50 - dong-ho-va-trang-suc, total items: 120
[2025-03-12T04:22:22.511+0000] {tiki_extract_dag.py:155} INFO - Extracted page 4/50 - dong-ho-va-trang-suc, total items: 160
[2025-03-12T04:22:31.895+0000] {tiki_extract_dag.py:155} INFO - Extracted page 5/50 - dong-ho-va-trang-suc, total items: 200
[2025-03-12T04:22:37.734+0000] {tiki_extract_dag.py:155} INFO - Extracted page 6/50 - dong-ho-va-trang-suc, total items: 240
[2025-03-12T04:22:48.598+0000] {tiki_extract_dag.py:155} INFO - Extracted page 7/50 - dong-ho-va-trang-suc, total items: 280
[2025-03-12T04:22:54.516+0000] {tiki_extract_dag.py:155} INFO - Extracted page 8/50 - dong-ho-va-trang-suc, total items: 320
[2025-03-12T04:23:02.998+0000] {tiki_extract_dag.py:155} INFO - Extracted page 9/50 - dong-ho-va-trang-suc, total items: 360
[2025-03-12T04:23:12.155+0000] {tiki_extract_dag.py:155} INFO - Extracted page 10/50 - dong-ho-va-trang-suc, total items: 400
[2025-03-12T04:23:17.921+0000] {tiki_extract_dag.py:155} INFO - Extracted page 11/50 - dong-ho-va-trang-suc, total items: 440
[2025-03-12T04:23:26.397+0000] {tiki_extract_dag.py:155} INFO - Extracted page 12/50 - dong-ho-va-trang-suc, total items: 480
[2025-03-12T04:23:34.972+0000] {tiki_extract_dag.py:155} INFO - Extracted page 13/50 - dong-ho-va-trang-suc, total items: 520
[2025-03-12T04:23:43.537+0000] {tiki_extract_dag.py:155} INFO - Extracted page 14/50 - dong-ho-va-trang-suc, total items: 560
[2025-03-12T04:23:53.941+0000] {tiki_extract_dag.py:155} INFO - Extracted page 15/50 - dong-ho-va-trang-suc, total items: 600
[2025-03-12T04:24:03.569+0000] {tiki_extract_dag.py:155} INFO - Extracted page 16/50 - dong-ho-va-trang-suc, total items: 640
[2025-03-12T04:24:11.075+0000] {tiki_extract_dag.py:155} INFO - Extracted page 17/50 - dong-ho-va-trang-suc, total items: 680
[2025-03-12T04:24:21.215+0000] {tiki_extract_dag.py:155} INFO - Extracted page 18/50 - dong-ho-va-trang-suc, total items: 720
[2025-03-12T04:24:29.198+0000] {tiki_extract_dag.py:155} INFO - Extracted page 19/50 - dong-ho-va-trang-suc, total items: 760
[2025-03-12T04:24:38.736+0000] {tiki_extract_dag.py:155} INFO - Extracted page 20/50 - dong-ho-va-trang-suc, total items: 800
[2025-03-12T04:24:48.579+0000] {tiki_extract_dag.py:155} INFO - Extracted page 21/50 - dong-ho-va-trang-suc, total items: 840
[2025-03-12T04:24:57.111+0000] {tiki_extract_dag.py:155} INFO - Extracted page 22/50 - dong-ho-va-trang-suc, total items: 880
[2025-03-12T04:25:06.811+0000] {tiki_extract_dag.py:155} INFO - Extracted page 23/50 - dong-ho-va-trang-suc, total items: 920
[2025-03-12T04:25:15.351+0000] {tiki_extract_dag.py:155} INFO - Extracted page 24/50 - dong-ho-va-trang-suc, total items: 960
[2025-03-12T04:25:27.032+0000] {tiki_extract_dag.py:155} INFO - Extracted page 25/50 - dong-ho-va-trang-suc, total items: 1000
[2025-03-12T04:25:33.651+0000] {tiki_extract_dag.py:155} INFO - Extracted page 26/50 - dong-ho-va-trang-suc, total items: 1040
[2025-03-12T04:25:39.904+0000] {tiki_extract_dag.py:155} INFO - Extracted page 27/50 - dong-ho-va-trang-suc, total items: 1080
[2025-03-12T04:25:46.726+0000] {tiki_extract_dag.py:155} INFO - Extracted page 28/50 - dong-ho-va-trang-suc, total items: 1120
[2025-03-12T04:25:56.012+0000] {tiki_extract_dag.py:155} INFO - Extracted page 29/50 - dong-ho-va-trang-suc, total items: 1160
[2025-03-12T04:26:03.853+0000] {tiki_extract_dag.py:155} INFO - Extracted page 30/50 - dong-ho-va-trang-suc, total items: 1200
[2025-03-12T04:26:13.908+0000] {tiki_extract_dag.py:155} INFO - Extracted page 31/50 - dong-ho-va-trang-suc, total items: 1240
[2025-03-12T04:26:23.896+0000] {tiki_extract_dag.py:155} INFO - Extracted page 32/50 - dong-ho-va-trang-suc, total items: 1280
[2025-03-12T04:26:33.117+0000] {tiki_extract_dag.py:155} INFO - Extracted page 33/50 - dong-ho-va-trang-suc, total items: 1320
[2025-03-12T04:26:41.085+0000] {tiki_extract_dag.py:155} INFO - Extracted page 34/50 - dong-ho-va-trang-suc, total items: 1360
[2025-03-12T04:26:48.826+0000] {tiki_extract_dag.py:155} INFO - Extracted page 35/50 - dong-ho-va-trang-suc, total items: 1400
[2025-03-12T04:26:59.092+0000] {tiki_extract_dag.py:155} INFO - Extracted page 36/50 - dong-ho-va-trang-suc, total items: 1440
[2025-03-12T04:27:09.021+0000] {tiki_extract_dag.py:155} INFO - Extracted page 37/50 - dong-ho-va-trang-suc, total items: 1480
[2025-03-12T04:27:16.156+0000] {tiki_extract_dag.py:155} INFO - Extracted page 38/50 - dong-ho-va-trang-suc, total items: 1520
[2025-03-12T04:27:26.615+0000] {tiki_extract_dag.py:155} INFO - Extracted page 39/50 - dong-ho-va-trang-suc, total items: 1560
[2025-03-12T04:27:32.531+0000] {tiki_extract_dag.py:155} INFO - Extracted page 40/50 - dong-ho-va-trang-suc, total items: 1600
[2025-03-12T04:27:42.510+0000] {tiki_extract_dag.py:155} INFO - Extracted page 41/50 - dong-ho-va-trang-suc, total items: 1640
[2025-03-12T04:27:48.232+0000] {tiki_extract_dag.py:155} INFO - Extracted page 42/50 - dong-ho-va-trang-suc, total items: 1680
[2025-03-12T04:27:54.276+0000] {tiki_extract_dag.py:155} INFO - Extracted page 43/50 - dong-ho-va-trang-suc, total items: 1720
[2025-03-12T04:28:02.842+0000] {tiki_extract_dag.py:155} INFO - Extracted page 44/50 - dong-ho-va-trang-suc, total items: 1760
[2025-03-12T04:28:11.028+0000] {tiki_extract_dag.py:155} INFO - Extracted page 45/50 - dong-ho-va-trang-suc, total items: 1800
[2025-03-12T04:28:16.581+0000] {tiki_extract_dag.py:155} INFO - Extracted page 46/50 - dong-ho-va-trang-suc, total items: 1840
[2025-03-12T04:28:26.582+0000] {tiki_extract_dag.py:155} INFO - Extracted page 47/50 - dong-ho-va-trang-suc, total items: 1880
[2025-03-12T04:28:36.556+0000] {tiki_extract_dag.py:155} INFO - Extracted page 48/50 - dong-ho-va-trang-suc, total items: 1920
[2025-03-12T04:28:43.602+0000] {tiki_extract_dag.py:155} INFO - Extracted page 49/50 - dong-ho-va-trang-suc, total items: 1960
[2025-03-12T04:28:52.257+0000] {tiki_extract_dag.py:155} INFO - Extracted page 50/50 - dong-ho-va-trang-suc, total items: 2000
[2025-03-12T04:29:04.497+0000] {tiki_extract_dag.py:56} INFO - Updated crawled products at tiki-pipeline/tiki_crawled/crawled_products.json
[2025-03-12T04:29:04.501+0000] {tiki_extract_dag.py:172} INFO - Uploaded raw data to tiki-pipeline/tiki_raw_data/raw_dong-ho-va-trang-suc_20250312_042857.json, total items: 2000
[2025-03-12T04:29:04.840+0000] {tiki_extract_dag.py:183} INFO - Saved metadata to tiki-pipeline/metadata/extract_run_metadata_dong-ho-va-trang-suc_20250312_042857.json
[2025-03-12T04:29:04.888+0000] {python.py:240} INFO - Done. Returned value was: None
[2025-03-12T04:29:05.110+0000] {taskinstance.py:341} INFO - ::group::Post task execution logs
[2025-03-12T04:29:05.115+0000] {taskinstance.py:353} INFO - Marking task as SUCCESS. dag_id=tiki_extract_dag, task_id=extract_dong-ho-va-trang-suc, run_id=manual__2025-03-12T04:21:28.506204+00:00, execution_date=20250312T042128, start_date=20250312T042149, end_date=20250312T042905
[2025-03-12T04:29:05.252+0000] {logging_mixin.py:190} INFO - Task instance in success state
[2025-03-12T04:29:05.253+0000] {logging_mixin.py:190} INFO -  Previous state of the Task instance: running
[2025-03-12T04:29:05.254+0000] {logging_mixin.py:190} INFO - Dag name:tiki_extract_dag queued_at:2025-03-12 04:21:28.548433+00:00
[2025-03-12T04:29:05.254+0000] {logging_mixin.py:190} INFO - Task hostname:5c8190d7da62 operator:PythonOperator
[2025-03-12T04:29:05.378+0000] {local_task_job_runner.py:266} INFO - Task exited with return code 0
[2025-03-12T04:29:05.540+0000] {taskinstance.py:3901} INFO - 0 downstream tasks scheduled from follow-on schedule check
[2025-03-12T04:29:05.546+0000] {local_task_job_runner.py:245} INFO - ::endgroup::
