[2025-03-10T10:10:03.498+0000] {local_task_job_runner.py:123} INFO - ::group::Pre task execution logs
[2025-03-10T10:10:03.577+0000] {taskinstance.py:2614} INFO - Dependencies all met for dep_context=non-requeueable deps ti=<TaskInstance: tiki_extract_dag.crawl_sach manual__2025-03-10T09:17:11.640176+00:00 [queued]>
[2025-03-10T10:10:03.599+0000] {taskinstance.py:2614} INFO - Dependencies all met for dep_context=requeueable deps ti=<TaskInstance: tiki_extract_dag.crawl_sach manual__2025-03-10T09:17:11.640176+00:00 [queued]>
[2025-03-10T10:10:03.601+0000] {taskinstance.py:2867} INFO - Starting attempt 1 of 4
[2025-03-10T10:10:03.656+0000] {taskinstance.py:2890} INFO - Executing <Task(PythonOperator): crawl_sach> on 2025-03-10 09:17:11.640176+00:00
[2025-03-10T10:10:03.703+0000] {warnings.py:112} WARNING - /home/***/.local/lib/python3.12/site-packages/***/task/task_runner/standard_task_runner.py:70: DeprecationWarning: This process (pid=2407) is multi-threaded, use of fork() may lead to deadlocks in the child.
  pid = os.fork()

[2025-03-10T10:10:03.714+0000] {standard_task_runner.py:72} INFO - Started process 2436 to run task
[2025-03-10T10:10:03.720+0000] {standard_task_runner.py:104} INFO - Running: ['***', 'tasks', 'run', 'tiki_extract_dag', 'crawl_sach', 'manual__2025-03-10T09:17:11.640176+00:00', '--job-id', '399', '--raw', '--subdir', 'DAGS_FOLDER/tiki_extract_dag.py', '--cfg-path', '/tmp/tmp2pv3mdni']
[2025-03-10T10:10:03.723+0000] {standard_task_runner.py:105} INFO - Job 399: Subtask crawl_sach
[2025-03-10T10:10:03.925+0000] {task_command.py:467} INFO - Running <TaskInstance: tiki_extract_dag.crawl_sach manual__2025-03-10T09:17:11.640176+00:00 [running]> on host c77555d100c4
[2025-03-10T10:10:05.714+0000] {taskinstance.py:3134} INFO - Exporting env vars: AIRFLOW_CTX_DAG_OWNER='***' AIRFLOW_CTX_DAG_ID='tiki_extract_dag' AIRFLOW_CTX_TASK_ID='crawl_sach' AIRFLOW_CTX_EXECUTION_DATE='2025-03-10T09:17:11.640176+00:00' AIRFLOW_CTX_TRY_NUMBER='1' AIRFLOW_CTX_DAG_RUN_ID='manual__2025-03-10T09:17:11.640176+00:00'
[2025-03-10T10:10:05.720+0000] {logging_mixin.py:190} INFO - Task instance is in running state
[2025-03-10T10:10:05.722+0000] {logging_mixin.py:190} INFO -  Previous state of the Task instance: queued
[2025-03-10T10:10:05.724+0000] {logging_mixin.py:190} INFO - Current task name:crawl_sach state:running start_date:2025-03-10 10:10:03.579009+00:00
[2025-03-10T10:10:05.726+0000] {logging_mixin.py:190} INFO - Dag name:tiki_extract_dag and current dag run status:running
[2025-03-10T10:10:05.730+0000] {taskinstance.py:732} INFO - ::endgroup::
[2025-03-10T10:10:12.033+0000] {tiki_extract_dag.py:132} INFO - Starting crawl for category sach (ID: 8322)
[2025-03-10T10:10:12.035+0000] {tiki_extract_dag.py:134} INFO - Calling API: https://tiki.vn/api/v2/products with params: {'page': 1, 'limit': 50, 'category': '8322'}
[2025-03-10T10:10:13.992+0000] {tiki_extract_dag.py:143} INFO - Total pages for sach: 50 (limited to 50)
[2025-03-10T10:10:42.267+0000] {connectionpool.py:868} WARNING - Retrying (Retry(total=4, connect=5, read=4, redirect=None, status=None)) after connection broken by 'ReadTimeoutError("HTTPSConnectionPool(host='tiki.vn', port=443): Read timed out. (read timeout=15)")': /api/v2/products/275702538
[2025-03-10T10:10:43.059+0000] {job.py:229} INFO - Heartbeat recovered after 27.03 seconds
[2025-03-10T10:11:12.446+0000] {connectionpool.py:868} WARNING - Retrying (Retry(total=4, connect=5, read=4, redirect=None, status=None)) after connection broken by 'ReadTimeoutError("HTTPSConnectionPool(host='tiki.vn', port=443): Read timed out. (read timeout=15)")': /api/v2/products/209389165
[2025-03-10T10:11:17.078+0000] {job.py:229} INFO - Heartbeat recovered after 20.73 seconds
[2025-03-10T10:11:22.476+0000] {tiki_extract_dag.py:119} ERROR - Error fetching details for product 195801686: Expecting value: line 1 column 1 (char 0)
[2025-03-10T10:11:41.345+0000] {tiki_extract_dag.py:119} ERROR - Error fetching details for product 170708233: Expecting value: line 1 column 1 (char 0)
[2025-03-10T10:11:41.496+0000] {tiki_extract_dag.py:119} ERROR - Error fetching details for product 168283405: Expecting value: line 1 column 1 (char 0)
[2025-03-10T10:11:41.644+0000] {tiki_extract_dag.py:119} ERROR - Error fetching details for product 161310103: Expecting value: line 1 column 1 (char 0)
[2025-03-10T10:11:41.786+0000] {tiki_extract_dag.py:119} ERROR - Error fetching details for product 161008715: Expecting value: line 1 column 1 (char 0)
[2025-03-10T10:11:41.929+0000] {tiki_extract_dag.py:119} ERROR - Error fetching details for product 157432544: Expecting value: line 1 column 1 (char 0)
[2025-03-10T10:11:42.087+0000] {tiki_extract_dag.py:119} ERROR - Error fetching details for product 145288029: Expecting value: line 1 column 1 (char 0)
[2025-03-10T10:11:42.239+0000] {tiki_extract_dag.py:119} ERROR - Error fetching details for product 138107485: Expecting value: line 1 column 1 (char 0)
[2025-03-10T10:11:42.401+0000] {tiki_extract_dag.py:119} ERROR - Error fetching details for product 114937969: Expecting value: line 1 column 1 (char 0)
[2025-03-10T10:11:42.551+0000] {tiki_extract_dag.py:119} ERROR - Error fetching details for product 113530805: Expecting value: line 1 column 1 (char 0)
[2025-03-10T10:11:42.712+0000] {tiki_extract_dag.py:119} ERROR - Error fetching details for product 106185389: Expecting value: line 1 column 1 (char 0)
[2025-03-10T10:11:42.860+0000] {tiki_extract_dag.py:119} ERROR - Error fetching details for product 104769768: Expecting value: line 1 column 1 (char 0)
[2025-03-10T10:11:43.026+0000] {tiki_extract_dag.py:119} ERROR - Error fetching details for product 103379147: Expecting value: line 1 column 1 (char 0)
[2025-03-10T10:11:43.185+0000] {tiki_extract_dag.py:119} ERROR - Error fetching details for product 85763211: Expecting value: line 1 column 1 (char 0)
[2025-03-10T10:11:43.336+0000] {tiki_extract_dag.py:119} ERROR - Error fetching details for product 78598381: Expecting value: line 1 column 1 (char 0)
[2025-03-10T10:11:43.483+0000] {tiki_extract_dag.py:119} ERROR - Error fetching details for product 77774625: Expecting value: line 1 column 1 (char 0)
[2025-03-10T10:11:43.628+0000] {tiki_extract_dag.py:119} ERROR - Error fetching details for product 74021317: Expecting value: line 1 column 1 (char 0)
[2025-03-10T10:11:43.769+0000] {tiki_extract_dag.py:119} ERROR - Error fetching details for product 73787185: Expecting value: line 1 column 1 (char 0)
[2025-03-10T10:11:43.913+0000] {tiki_extract_dag.py:119} ERROR - Error fetching details for product 72308265: Expecting value: line 1 column 1 (char 0)
[2025-03-10T10:11:44.056+0000] {tiki_extract_dag.py:119} ERROR - Error fetching details for product 54614797: Expecting value: line 1 column 1 (char 0)
[2025-03-10T10:11:44.199+0000] {tiki_extract_dag.py:119} ERROR - Error fetching details for product 53720978: Expecting value: line 1 column 1 (char 0)
[2025-03-10T10:11:44.342+0000] {tiki_extract_dag.py:119} ERROR - Error fetching details for product 52788072: Expecting value: line 1 column 1 (char 0)
[2025-03-10T10:11:44.512+0000] {tiki_extract_dag.py:119} ERROR - Error fetching details for product 8885995: Expecting value: line 1 column 1 (char 0)
[2025-03-10T10:11:44.513+0000] {tiki_extract_dag.py:156} INFO - Calling API: https://tiki.vn/api/v2/products with params: {'page': 2, 'limit': 50, 'category': '8322'}
[2025-03-10T10:11:44.658+0000] {tiki_extract_dag.py:178} ERROR - API error at page 2 in category sach: Expecting value: line 1 column 1 (char 0)
[2025-03-10T10:11:49.264+0000] {tiki_extract_dag.py:50} INFO - Updated crawled products at tiki-pipeline/tiki_crawled/crawled_products.json
[2025-03-10T10:11:49.266+0000] {tiki_extract_dag.py:192} INFO - Uploaded raw data to tiki-pipeline/raw_data/sach_20250310_101144.json, total items: 40
[2025-03-10T10:11:49.611+0000] {tiki_extract_dag.py:204} INFO - Saved metadata to tiki-pipeline/metadata/sach_extract_run_metadata_20250310_101144.json
[2025-03-10T10:11:49.641+0000] {python.py:240} INFO - Done. Returned value was: None
[2025-03-10T10:11:49.844+0000] {taskinstance.py:341} INFO - ::group::Post task execution logs
[2025-03-10T10:11:49.849+0000] {taskinstance.py:353} INFO - Marking task as SUCCESS. dag_id=tiki_extract_dag, task_id=crawl_sach, run_id=manual__2025-03-10T09:17:11.640176+00:00, execution_date=20250310T091711, start_date=20250310T101003, end_date=20250310T101149
[2025-03-10T10:11:49.986+0000] {logging_mixin.py:190} INFO - Task instance in success state
[2025-03-10T10:11:49.988+0000] {logging_mixin.py:190} INFO -  Previous state of the Task instance: running
[2025-03-10T10:11:49.989+0000] {logging_mixin.py:190} INFO - Dag name:tiki_extract_dag queued_at:2025-03-10 09:17:11.667672+00:00
[2025-03-10T10:11:49.992+0000] {logging_mixin.py:190} INFO - Task hostname:c77555d100c4 operator:PythonOperator
[2025-03-10T10:11:50.130+0000] {local_task_job_runner.py:266} INFO - Task exited with return code 0
[2025-03-10T10:11:50.592+0000] {taskinstance.py:3901} INFO - 0 downstream tasks scheduled from follow-on schedule check
[2025-03-10T10:11:50.600+0000] {local_task_job_runner.py:245} INFO - ::endgroup::
