[2025-03-11T09:55:13.700+0000] {local_task_job_runner.py:123} INFO - ::group::Pre task execution logs
[2025-03-11T09:55:14.036+0000] {taskinstance.py:2614} INFO - Dependencies all met for dep_context=non-requeueable deps ti=<TaskInstance: tiki_extract_dag.crawl_dong-ho-va-trang-suc manual__2025-03-11T09:54:25.561686+00:00 [queued]>
[2025-03-11T09:55:14.132+0000] {taskinstance.py:2614} INFO - Dependencies all met for dep_context=requeueable deps ti=<TaskInstance: tiki_extract_dag.crawl_dong-ho-va-trang-suc manual__2025-03-11T09:54:25.561686+00:00 [queued]>
[2025-03-11T09:55:14.136+0000] {taskinstance.py:2867} INFO - Starting attempt 1 of 4
[2025-03-11T09:55:14.767+0000] {taskinstance.py:2890} INFO - Executing <Task(PythonOperator): crawl_dong-ho-va-trang-suc> on 2025-03-11 09:54:25.561686+00:00
[2025-03-11T09:55:15.208+0000] {warnings.py:112} WARNING - /home/***/.local/lib/python3.12/site-packages/***/task/task_runner/standard_task_runner.py:70: DeprecationWarning: This process (pid=758) is multi-threaded, use of fork() may lead to deadlocks in the child.
  pid = os.fork()

[2025-03-11T09:55:15.327+0000] {standard_task_runner.py:72} INFO - Started process 791 to run task
[2025-03-11T09:55:15.324+0000] {standard_task_runner.py:104} INFO - Running: ['***', 'tasks', 'run', 'tiki_extract_dag', 'crawl_dong-ho-va-trang-suc', 'manual__2025-03-11T09:54:25.561686+00:00', '--job-id', '584', '--raw', '--subdir', 'DAGS_FOLDER/tiki_extract_dag.py', '--cfg-path', '/tmp/tmpe411eu8i']
[2025-03-11T09:55:15.331+0000] {standard_task_runner.py:105} INFO - Job 584: Subtask crawl_dong-ho-va-trang-suc
[2025-03-11T09:55:17.027+0000] {task_command.py:467} INFO - Running <TaskInstance: tiki_extract_dag.crawl_dong-ho-va-trang-suc manual__2025-03-11T09:54:25.561686+00:00 [running]> on host 5c8190d7da62
[2025-03-11T09:55:38.774+0000] {taskinstance.py:3134} INFO - Exporting env vars: AIRFLOW_CTX_DAG_OWNER='***' AIRFLOW_CTX_DAG_ID='tiki_extract_dag' AIRFLOW_CTX_TASK_ID='crawl_dong-ho-va-trang-suc' AIRFLOW_CTX_EXECUTION_DATE='2025-03-11T09:54:25.561686+00:00' AIRFLOW_CTX_TRY_NUMBER='1' AIRFLOW_CTX_DAG_RUN_ID='manual__2025-03-11T09:54:25.561686+00:00'
[2025-03-11T09:55:38.780+0000] {logging_mixin.py:190} INFO - Task instance is in running state
[2025-03-11T09:55:38.782+0000] {logging_mixin.py:190} INFO -  Previous state of the Task instance: queued
[2025-03-11T09:55:38.783+0000] {logging_mixin.py:190} INFO - Current task name:crawl_dong-ho-va-trang-suc state:running start_date:2025-03-11 09:55:14.038983+00:00
[2025-03-11T09:55:38.785+0000] {logging_mixin.py:190} INFO - Dag name:tiki_extract_dag and current dag run status:running
[2025-03-11T09:55:38.788+0000] {taskinstance.py:732} INFO - ::endgroup::
[2025-03-11T09:55:41.848+0000] {tiki_extract_dag.py:139} INFO - Starting crawl for category dong-ho-va-trang-suc (ID: 8371)
[2025-03-11T09:55:41.849+0000] {tiki_extract_dag.py:141} INFO - Calling API: https://tiki.vn/api/v2/products with params: {'page': 1, 'limit': 40, 'category': '8371'}
[2025-03-11T09:55:42.503+0000] {tiki_extract_dag.py:150} INFO - Total pages for dong-ho-va-trang-suc: 50 (limited to 50)
[2025-03-11T09:55:42.506+0000] {tiki_extract_dag.py:163} INFO - Calling API: https://tiki.vn/api/v2/products with params: {'page': 2, 'limit': 40, 'category': '8371'}
[2025-03-11T09:55:44.628+0000] {tiki_extract_dag.py:183} INFO - Extracted page 2/50 for category dong-ho-va-trang-suc, total items: 1
[2025-03-11T09:55:51.722+0000] {job.py:229} INFO - Heartbeat recovered after 14.01 seconds
[2025-03-11T09:56:02.403+0000] {tiki_extract_dag.py:163} INFO - Calling API: https://tiki.vn/api/v2/products with params: {'page': 3, 'limit': 40, 'category': '8371'}
[2025-03-11T09:56:20.531+0000] {tiki_extract_dag.py:120} ERROR - Error fetching details for product 185024795 on attempt 1/3: Expecting value: line 1 column 1 (char 0)
[2025-03-11T09:56:26.848+0000] {tiki_extract_dag.py:120} ERROR - Error fetching details for product 185024795 on attempt 2/3: Expecting value: line 1 column 1 (char 0)
[2025-03-11T09:56:32.457+0000] {tiki_extract_dag.py:120} ERROR - Error fetching details for product 185024795 on attempt 3/3: Expecting value: line 1 column 1 (char 0)
[2025-03-11T09:56:32.624+0000] {tiki_extract_dag.py:120} ERROR - Error fetching details for product 184475930 on attempt 1/3: Expecting value: line 1 column 1 (char 0)
[2025-03-11T09:56:41.836+0000] {tiki_extract_dag.py:120} ERROR - Error fetching details for product 184475930 on attempt 2/3: Expecting value: line 1 column 1 (char 0)
[2025-03-11T09:56:50.473+0000] {tiki_extract_dag.py:120} ERROR - Error fetching details for product 184475930 on attempt 3/3: Expecting value: line 1 column 1 (char 0)
[2025-03-11T09:56:50.628+0000] {tiki_extract_dag.py:120} ERROR - Error fetching details for product 178028585 on attempt 1/3: Expecting value: line 1 column 1 (char 0)
[2025-03-11T09:56:57.443+0000] {tiki_extract_dag.py:120} ERROR - Error fetching details for product 178028585 on attempt 2/3: Expecting value: line 1 column 1 (char 0)
[2025-03-11T09:57:20.033+0000] {tiki_extract_dag.py:120} ERROR - Error fetching details for product 116245693 on attempt 1/3: Expecting value: line 1 column 1 (char 0)
[2025-03-11T09:57:28.227+0000] {tiki_extract_dag.py:120} ERROR - Error fetching details for product 116245693 on attempt 2/3: Expecting value: line 1 column 1 (char 0)
[2025-03-11T09:57:34.877+0000] {tiki_extract_dag.py:120} ERROR - Error fetching details for product 116245693 on attempt 3/3: Expecting value: line 1 column 1 (char 0)
[2025-03-11T09:57:35.027+0000] {tiki_extract_dag.py:120} ERROR - Error fetching details for product 106391733 on attempt 1/3: Expecting value: line 1 column 1 (char 0)
[2025-03-11T09:57:41.878+0000] {tiki_extract_dag.py:120} ERROR - Error fetching details for product 106391733 on attempt 2/3: Expecting value: line 1 column 1 (char 0)
[2025-03-11T09:57:47.762+0000] {tiki_extract_dag.py:120} ERROR - Error fetching details for product 106391733 on attempt 3/3: Expecting value: line 1 column 1 (char 0)
[2025-03-11T09:57:47.945+0000] {tiki_extract_dag.py:120} ERROR - Error fetching details for product 104717961 on attempt 1/3: Expecting value: line 1 column 1 (char 0)
[2025-03-11T09:57:56.810+0000] {tiki_extract_dag.py:120} ERROR - Error fetching details for product 104717961 on attempt 2/3: Expecting value: line 1 column 1 (char 0)
[2025-03-11T09:58:23.177+0000] {tiki_extract_dag.py:183} INFO - Extracted page 3/50 for category dong-ho-va-trang-suc, total items: 41
[2025-03-11T09:58:38.928+0000] {tiki_extract_dag.py:163} INFO - Calling API: https://tiki.vn/api/v2/products with params: {'page': 4, 'limit': 40, 'category': '8371'}
[2025-03-11T09:58:39.084+0000] {tiki_extract_dag.py:186} ERROR - API error at page 4 in category dong-ho-va-trang-suc on attempt 1/3: Expecting value: line 1 column 1 (char 0)
[2025-03-11T09:58:45.543+0000] {tiki_extract_dag.py:186} ERROR - API error at page 4 in category dong-ho-va-trang-suc on attempt 2/3: Expecting value: line 1 column 1 (char 0)
[2025-03-11T09:58:55.003+0000] {tiki_extract_dag.py:186} ERROR - API error at page 4 in category dong-ho-va-trang-suc on attempt 3/3: Expecting value: line 1 column 1 (char 0)
[2025-03-11T09:58:55.006+0000] {tiki_extract_dag.py:191} ERROR - Failed after 3 attempts for page 4 in category dong-ho-va-trang-suc
[2025-03-11T09:58:55.032+0000] {python.py:240} INFO - Done. Returned value was: None
[2025-03-11T09:58:55.657+0000] {taskinstance.py:341} INFO - ::group::Post task execution logs
[2025-03-11T09:58:55.671+0000] {taskinstance.py:353} INFO - Marking task as SUCCESS. dag_id=tiki_extract_dag, task_id=crawl_dong-ho-va-trang-suc, run_id=manual__2025-03-11T09:54:25.561686+00:00, execution_date=20250311T095425, start_date=20250311T095514, end_date=20250311T095855
[2025-03-11T09:58:56.107+0000] {logging_mixin.py:190} INFO - Task instance in success state
[2025-03-11T09:58:56.115+0000] {logging_mixin.py:190} INFO -  Previous state of the Task instance: running
[2025-03-11T09:58:56.119+0000] {logging_mixin.py:190} INFO - Dag name:tiki_extract_dag queued_at:2025-03-11 09:54:25.681807+00:00
[2025-03-11T09:58:56.123+0000] {logging_mixin.py:190} INFO - Task hostname:5c8190d7da62 operator:PythonOperator
[2025-03-11T09:58:56.381+0000] {local_task_job_runner.py:266} INFO - Task exited with return code 0
[2025-03-11T09:58:56.717+0000] {taskinstance.py:3901} INFO - 0 downstream tasks scheduled from follow-on schedule check
[2025-03-11T09:58:56.727+0000] {local_task_job_runner.py:245} INFO - ::endgroup::
