[2025-03-10T10:46:53.625+0000] {local_task_job_runner.py:123} INFO - ::group::Pre task execution logs
[2025-03-10T10:46:53.731+0000] {taskinstance.py:2614} INFO - Dependencies all met for dep_context=non-requeueable deps ti=<TaskInstance: tiki_extract_dag.crawl_thoi-trang-nam manual__2025-03-10T10:46:13.751493+00:00 [queued]>
[2025-03-10T10:46:53.783+0000] {taskinstance.py:2614} INFO - Dependencies all met for dep_context=requeueable deps ti=<TaskInstance: tiki_extract_dag.crawl_thoi-trang-nam manual__2025-03-10T10:46:13.751493+00:00 [queued]>
[2025-03-10T10:46:53.789+0000] {taskinstance.py:2867} INFO - Starting attempt 1 of 4
[2025-03-10T10:46:54.149+0000] {taskinstance.py:2890} INFO - Executing <Task(PythonOperator): crawl_thoi-trang-nam> on 2025-03-10 10:46:13.751493+00:00
[2025-03-10T10:46:54.259+0000] {warnings.py:112} WARNING - /home/***/.local/lib/python3.12/site-packages/***/task/task_runner/standard_task_runner.py:70: DeprecationWarning: This process (pid=332) is multi-threaded, use of fork() may lead to deadlocks in the child.
  pid = os.fork()

[2025-03-10T10:46:54.272+0000] {standard_task_runner.py:104} INFO - Running: ['***', 'tasks', 'run', 'tiki_extract_dag', 'crawl_thoi-trang-nam', 'manual__2025-03-10T10:46:13.751493+00:00', '--job-id', '474', '--raw', '--subdir', 'DAGS_FOLDER/tiki_extract_dag.py', '--cfg-path', '/tmp/tmp6wgnh_ce']
[2025-03-10T10:46:54.297+0000] {standard_task_runner.py:72} INFO - Started process 366 to run task
[2025-03-10T10:46:54.299+0000] {standard_task_runner.py:105} INFO - Job 474: Subtask crawl_thoi-trang-nam
[2025-03-10T10:46:55.174+0000] {task_command.py:467} INFO - Running <TaskInstance: tiki_extract_dag.crawl_thoi-trang-nam manual__2025-03-10T10:46:13.751493+00:00 [running]> on host 0c9fb3f19112
[2025-03-10T10:47:00.664+0000] {taskinstance.py:3134} INFO - Exporting env vars: AIRFLOW_CTX_DAG_OWNER='***' AIRFLOW_CTX_DAG_ID='tiki_extract_dag' AIRFLOW_CTX_TASK_ID='crawl_thoi-trang-nam' AIRFLOW_CTX_EXECUTION_DATE='2025-03-10T10:46:13.751493+00:00' AIRFLOW_CTX_TRY_NUMBER='1' AIRFLOW_CTX_DAG_RUN_ID='manual__2025-03-10T10:46:13.751493+00:00'
[2025-03-10T10:47:00.676+0000] {logging_mixin.py:190} INFO - Task instance is in running state
[2025-03-10T10:47:00.678+0000] {logging_mixin.py:190} INFO -  Previous state of the Task instance: queued
[2025-03-10T10:47:00.681+0000] {logging_mixin.py:190} INFO - Current task name:crawl_thoi-trang-nam state:running start_date:2025-03-10 10:46:53.739348+00:00
[2025-03-10T10:47:00.683+0000] {logging_mixin.py:190} INFO - Dag name:tiki_extract_dag and current dag run status:running
[2025-03-10T10:47:00.693+0000] {taskinstance.py:732} INFO - ::endgroup::
[2025-03-10T10:47:14.347+0000] {job.py:229} INFO - Heartbeat recovered after 21.03 seconds
[2025-03-10T10:47:58.761+0000] {job.py:229} INFO - Heartbeat recovered after 44.44 seconds
[2025-03-10T10:47:59.606+0000] {tiki_extract_dag.py:137} INFO - Starting crawl for category thoi-trang-nam (ID: 915)
[2025-03-10T10:47:59.608+0000] {tiki_extract_dag.py:139} INFO - Calling API: https://tiki.vn/api/v2/products with params: {'page': 1, 'limit': 40, 'category': '915'}
[2025-03-10T10:47:59.991+0000] {tiki_extract_dag.py:148} INFO - Total pages for thoi-trang-nam: 50 (limited to 50)
[2025-03-10T10:47:59.993+0000] {tiki_extract_dag.py:161} INFO - Calling API: https://tiki.vn/api/v2/products with params: {'page': 2, 'limit': 40, 'category': '915'}
[2025-03-10T10:48:01.575+0000] {tiki_extract_dag.py:181} INFO - Extracted page 2/50 for category thoi-trang-nam, total items: 0
[2025-03-10T10:48:16.661+0000] {tiki_extract_dag.py:161} INFO - Calling API: https://tiki.vn/api/v2/products with params: {'page': 3, 'limit': 40, 'category': '915'}
[2025-03-10T10:48:18.269+0000] {job.py:229} INFO - Heartbeat recovered after 14.11 seconds
[2025-03-10T10:48:27.525+0000] {tiki_extract_dag.py:120} ERROR - Error fetching details for product 247338520 on attempt 1/3: Expecting value: line 1 column 1 (char 0)
[2025-03-10T10:48:36.616+0000] {tiki_extract_dag.py:120} ERROR - Error fetching details for product 247338520 on attempt 2/3: Expecting value: line 1 column 1 (char 0)
[2025-03-10T10:48:42.689+0000] {tiki_extract_dag.py:120} ERROR - Error fetching details for product 247338520 on attempt 3/3: Expecting value: line 1 column 1 (char 0)
[2025-03-10T10:48:42.826+0000] {tiki_extract_dag.py:120} ERROR - Error fetching details for product 198057906 on attempt 1/3: Expecting value: line 1 column 1 (char 0)
[2025-03-10T10:48:51.447+0000] {tiki_extract_dag.py:120} ERROR - Error fetching details for product 198057906 on attempt 2/3: Expecting value: line 1 column 1 (char 0)
[2025-03-10T10:48:56.673+0000] {tiki_extract_dag.py:120} ERROR - Error fetching details for product 198057906 on attempt 3/3: Expecting value: line 1 column 1 (char 0)
[2025-03-10T10:48:56.815+0000] {tiki_extract_dag.py:120} ERROR - Error fetching details for product 197720611 on attempt 1/3: Expecting value: line 1 column 1 (char 0)
[2025-03-10T10:49:19.225+0000] {tiki_extract_dag.py:120} ERROR - Error fetching details for product 162148842 on attempt 1/3: Expecting value: line 1 column 1 (char 0)
[2025-03-10T10:49:27.305+0000] {tiki_extract_dag.py:120} ERROR - Error fetching details for product 162148842 on attempt 2/3: Expecting value: line 1 column 1 (char 0)
[2025-03-10T10:49:36.831+0000] {tiki_extract_dag.py:120} ERROR - Error fetching details for product 162148842 on attempt 3/3: Expecting value: line 1 column 1 (char 0)
[2025-03-10T10:49:36.971+0000] {tiki_extract_dag.py:120} ERROR - Error fetching details for product 154292862 on attempt 1/3: Expecting value: line 1 column 1 (char 0)
[2025-03-10T10:49:42.675+0000] {tiki_extract_dag.py:120} ERROR - Error fetching details for product 154292862 on attempt 2/3: Expecting value: line 1 column 1 (char 0)
[2025-03-10T10:49:50.222+0000] {tiki_extract_dag.py:120} ERROR - Error fetching details for product 154292862 on attempt 3/3: Expecting value: line 1 column 1 (char 0)
[2025-03-10T10:49:50.363+0000] {tiki_extract_dag.py:120} ERROR - Error fetching details for product 142781683 on attempt 1/3: Expecting value: line 1 column 1 (char 0)
[2025-03-10T10:50:17.480+0000] {tiki_extract_dag.py:120} ERROR - Error fetching details for product 71985742 on attempt 1/3: Expecting value: line 1 column 1 (char 0)
[2025-03-10T10:50:22.773+0000] {tiki_extract_dag.py:120} ERROR - Error fetching details for product 71985742 on attempt 2/3: Expecting value: line 1 column 1 (char 0)
[2025-03-10T10:50:32.272+0000] {tiki_extract_dag.py:120} ERROR - Error fetching details for product 71985742 on attempt 3/3: Expecting value: line 1 column 1 (char 0)
[2025-03-10T10:50:32.437+0000] {tiki_extract_dag.py:120} ERROR - Error fetching details for product 42899542 on attempt 1/3: Expecting value: line 1 column 1 (char 0)
[2025-03-10T10:50:39.328+0000] {tiki_extract_dag.py:120} ERROR - Error fetching details for product 42899542 on attempt 2/3: Expecting value: line 1 column 1 (char 0)
[2025-03-10T10:50:45.814+0000] {tiki_extract_dag.py:120} ERROR - Error fetching details for product 42899542 on attempt 3/3: Expecting value: line 1 column 1 (char 0)
[2025-03-10T10:50:45.975+0000] {tiki_extract_dag.py:120} ERROR - Error fetching details for product 34911128 on attempt 1/3: Expecting value: line 1 column 1 (char 0)
[2025-03-10T10:50:52.065+0000] {tiki_extract_dag.py:120} ERROR - Error fetching details for product 34911128 on attempt 2/3: Expecting value: line 1 column 1 (char 0)
[2025-03-10T10:51:05.784+0000] {tiki_extract_dag.py:181} INFO - Extracted page 3/50 for category thoi-trang-nam, total items: 40
[2025-03-10T10:51:22.962+0000] {tiki_extract_dag.py:161} INFO - Calling API: https://tiki.vn/api/v2/products with params: {'page': 4, 'limit': 40, 'category': '915'}
[2025-03-10T10:51:23.124+0000] {tiki_extract_dag.py:184} ERROR - API error at page 4 in category thoi-trang-nam on attempt 1/3: Expecting value: line 1 column 1 (char 0)
[2025-03-10T10:51:30.699+0000] {tiki_extract_dag.py:184} ERROR - API error at page 4 in category thoi-trang-nam on attempt 2/3: Expecting value: line 1 column 1 (char 0)
[2025-03-10T10:51:40.379+0000] {tiki_extract_dag.py:184} ERROR - API error at page 4 in category thoi-trang-nam on attempt 3/3: Expecting value: line 1 column 1 (char 0)
[2025-03-10T10:51:40.381+0000] {tiki_extract_dag.py:189} ERROR - Failed after 3 attempts for page 4 in category thoi-trang-nam
[2025-03-10T10:51:40.385+0000] {python.py:240} INFO - Done. Returned value was: None
[2025-03-10T10:51:40.507+0000] {taskinstance.py:341} INFO - ::group::Post task execution logs
[2025-03-10T10:51:40.511+0000] {taskinstance.py:353} INFO - Marking task as SUCCESS. dag_id=tiki_extract_dag, task_id=crawl_thoi-trang-nam, run_id=manual__2025-03-10T10:46:13.751493+00:00, execution_date=20250310T104613, start_date=20250310T104653, end_date=20250310T105140
[2025-03-10T10:51:40.595+0000] {logging_mixin.py:190} INFO - Task instance in success state
[2025-03-10T10:51:40.596+0000] {logging_mixin.py:190} INFO -  Previous state of the Task instance: running
[2025-03-10T10:51:40.596+0000] {logging_mixin.py:190} INFO - Dag name:tiki_extract_dag queued_at:2025-03-10 10:46:13.791991+00:00
[2025-03-10T10:51:40.597+0000] {logging_mixin.py:190} INFO - Task hostname:0c9fb3f19112 operator:PythonOperator
[2025-03-10T10:51:40.661+0000] {local_task_job_runner.py:266} INFO - Task exited with return code 0
[2025-03-10T10:51:40.746+0000] {taskinstance.py:3901} INFO - 0 downstream tasks scheduled from follow-on schedule check
[2025-03-10T10:51:40.750+0000] {local_task_job_runner.py:245} INFO - ::endgroup::
