[2025-03-11T14:08:12.935+0000] {local_task_job_runner.py:123} INFO - ::group::Pre task execution logs
[2025-03-11T14:08:13.010+0000] {taskinstance.py:2614} INFO - Dependencies all met for dep_context=non-requeueable deps ti=<TaskInstance: tiki_extract_dag.crawl_thiet-bi-kts-phu-kien-so manual__2025-03-11T14:07:26.849945+00:00 [queued]>
[2025-03-11T14:08:13.032+0000] {taskinstance.py:2614} INFO - Dependencies all met for dep_context=requeueable deps ti=<TaskInstance: tiki_extract_dag.crawl_thiet-bi-kts-phu-kien-so manual__2025-03-11T14:07:26.849945+00:00 [queued]>
[2025-03-11T14:08:13.043+0000] {taskinstance.py:2867} INFO - Starting attempt 1 of 4
[2025-03-11T14:08:13.118+0000] {taskinstance.py:2890} INFO - Executing <Task(PythonOperator): crawl_thiet-bi-kts-phu-kien-so> on 2025-03-11 14:07:26.849945+00:00
[2025-03-11T14:08:13.159+0000] {warnings.py:112} WARNING - /home/***/.local/lib/python3.12/site-packages/***/task/task_runner/standard_task_runner.py:70: DeprecationWarning: This process (pid=2140) is multi-threaded, use of fork() may lead to deadlocks in the child.
  pid = os.fork()

[2025-03-11T14:08:13.168+0000] {standard_task_runner.py:72} INFO - Started process 2186 to run task
[2025-03-11T14:08:13.178+0000] {standard_task_runner.py:104} INFO - Running: ['***', 'tasks', 'run', 'tiki_extract_dag', 'crawl_thiet-bi-kts-phu-kien-so', 'manual__2025-03-11T14:07:26.849945+00:00', '--job-id', '602', '--raw', '--subdir', 'DAGS_FOLDER/tiki_extract_dag.py', '--cfg-path', '/tmp/tmpkj26ydvt']
[2025-03-11T14:08:13.186+0000] {standard_task_runner.py:105} INFO - Job 602: Subtask crawl_thiet-bi-kts-phu-kien-so
[2025-03-11T14:08:13.449+0000] {task_command.py:467} INFO - Running <TaskInstance: tiki_extract_dag.crawl_thiet-bi-kts-phu-kien-so manual__2025-03-11T14:07:26.849945+00:00 [running]> on host 5c8190d7da62
[2025-03-11T14:08:21.834+0000] {job.py:229} INFO - Heartbeat recovered after 11.56 seconds
[2025-03-11T14:08:23.491+0000] {taskinstance.py:3134} INFO - Exporting env vars: AIRFLOW_CTX_DAG_OWNER='***' AIRFLOW_CTX_DAG_ID='tiki_extract_dag' AIRFLOW_CTX_TASK_ID='crawl_thiet-bi-kts-phu-kien-so' AIRFLOW_CTX_EXECUTION_DATE='2025-03-11T14:07:26.849945+00:00' AIRFLOW_CTX_TRY_NUMBER='1' AIRFLOW_CTX_DAG_RUN_ID='manual__2025-03-11T14:07:26.849945+00:00'
[2025-03-11T14:08:23.494+0000] {logging_mixin.py:190} INFO - Task instance is in running state
[2025-03-11T14:08:23.501+0000] {logging_mixin.py:190} INFO -  Previous state of the Task instance: queued
[2025-03-11T14:08:23.505+0000] {logging_mixin.py:190} INFO - Current task name:crawl_thiet-bi-kts-phu-kien-so state:running start_date:2025-03-11 14:08:13.011260+00:00
[2025-03-11T14:08:23.509+0000] {logging_mixin.py:190} INFO - Dag name:tiki_extract_dag and current dag run status:running
[2025-03-11T14:08:23.517+0000] {taskinstance.py:732} INFO - ::endgroup::
[2025-03-11T14:08:25.926+0000] {tiki_extract_dag.py:139} INFO - Starting crawl for category thiet-bi-kts-phu-kien-so (ID: 1815)
[2025-03-11T14:08:25.928+0000] {tiki_extract_dag.py:141} INFO - Calling API: https://tiki.vn/api/v2/products with params: {'page': 1, 'limit': 40, 'category': '1815'}
[2025-03-11T14:08:27.092+0000] {tiki_extract_dag.py:150} INFO - Total pages for thiet-bi-kts-phu-kien-so: 50 (limited to 50)
[2025-03-11T14:08:27.095+0000] {tiki_extract_dag.py:163} INFO - Calling API: https://tiki.vn/api/v2/products with params: {'page': 2, 'limit': 40, 'category': '1815'}
[2025-03-11T14:08:29.499+0000] {tiki_extract_dag.py:183} INFO - Extracted page 2/50 for category thiet-bi-kts-phu-kien-so, total items: 1
[2025-03-11T14:08:47.695+0000] {tiki_extract_dag.py:163} INFO - Calling API: https://tiki.vn/api/v2/products with params: {'page': 3, 'limit': 40, 'category': '1815'}
[2025-03-11T14:08:48.016+0000] {tiki_extract_dag.py:186} ERROR - API error at page 3 in category thiet-bi-kts-phu-kien-so on attempt 1/3: Expecting value: line 1 column 1 (char 0)
[2025-03-11T14:08:57.399+0000] {tiki_extract_dag.py:186} ERROR - API error at page 3 in category thiet-bi-kts-phu-kien-so on attempt 2/3: Expecting value: line 1 column 1 (char 0)
[2025-03-11T14:09:03.197+0000] {tiki_extract_dag.py:186} ERROR - API error at page 3 in category thiet-bi-kts-phu-kien-so on attempt 3/3: Expecting value: line 1 column 1 (char 0)
[2025-03-11T14:09:03.200+0000] {tiki_extract_dag.py:191} ERROR - Failed after 3 attempts for page 3 in category thiet-bi-kts-phu-kien-so
[2025-03-11T14:09:03.203+0000] {python.py:240} INFO - Done. Returned value was: None
[2025-03-11T14:09:03.297+0000] {taskinstance.py:341} INFO - ::group::Post task execution logs
[2025-03-11T14:09:03.303+0000] {taskinstance.py:353} INFO - Marking task as SUCCESS. dag_id=tiki_extract_dag, task_id=crawl_thiet-bi-kts-phu-kien-so, run_id=manual__2025-03-11T14:07:26.849945+00:00, execution_date=20250311T140726, start_date=20250311T140813, end_date=20250311T140903
[2025-03-11T14:09:03.431+0000] {logging_mixin.py:190} INFO - Task instance in success state
[2025-03-11T14:09:03.434+0000] {logging_mixin.py:190} INFO -  Previous state of the Task instance: running
[2025-03-11T14:09:03.436+0000] {logging_mixin.py:190} INFO - Dag name:tiki_extract_dag queued_at:2025-03-11 14:07:27.008557+00:00
[2025-03-11T14:09:03.437+0000] {logging_mixin.py:190} INFO - Task hostname:5c8190d7da62 operator:PythonOperator
[2025-03-11T14:09:03.589+0000] {local_task_job_runner.py:266} INFO - Task exited with return code 0
[2025-03-11T14:09:03.663+0000] {taskinstance.py:3901} INFO - 0 downstream tasks scheduled from follow-on schedule check
[2025-03-11T14:09:03.669+0000] {standard_task_runner.py:217} INFO - Process not found (most likely exited), stop collecting metrics
[2025-03-11T14:09:03.694+0000] {local_task_job_runner.py:245} INFO - ::endgroup::
