[2025-03-07T22:10:50.844+0000] {local_task_job_runner.py:123} INFO - ::group::Pre task execution logs
[2025-03-07T22:10:50.874+0000] {taskinstance.py:2614} INFO - Dependencies all met for dep_context=non-requeueable deps ti=<TaskInstance: tiki_etl_orchestration.trigger_extract manual__2025-03-07T22:10:42.772447+00:00 [queued]>
[2025-03-07T22:10:50.888+0000] {taskinstance.py:2614} INFO - Dependencies all met for dep_context=requeueable deps ti=<TaskInstance: tiki_etl_orchestration.trigger_extract manual__2025-03-07T22:10:42.772447+00:00 [queued]>
[2025-03-07T22:10:50.889+0000] {taskinstance.py:2867} INFO - Starting attempt 1 of 1
[2025-03-07T22:10:51.119+0000] {taskinstance.py:2890} INFO - Executing <Task(TriggerDagRunOperator): trigger_extract> on 2025-03-07 22:10:42.772447+00:00
[2025-03-07T22:10:51.129+0000] {warnings.py:112} WARNING - /home/***/.local/lib/python3.12/site-packages/***/task/task_runner/standard_task_runner.py:70: DeprecationWarning: This process (pid=79) is multi-threaded, use of fork() may lead to deadlocks in the child.
  pid = os.fork()

[2025-03-07T22:10:51.131+0000] {standard_task_runner.py:72} INFO - Started process 88 to run task
[2025-03-07T22:10:51.131+0000] {standard_task_runner.py:104} INFO - Running: ['***', 'tasks', 'run', 'tiki_etl_orchestration', 'trigger_extract', 'manual__2025-03-07T22:10:42.772447+00:00', '--job-id', '30', '--raw', '--subdir', 'DAGS_FOLDER/tiki_etl_orchestration.py', '--cfg-path', '/tmp/tmpqggqpps_']
[2025-03-07T22:10:51.132+0000] {standard_task_runner.py:105} INFO - Job 30: Subtask trigger_extract
[2025-03-07T22:10:51.201+0000] {task_command.py:467} INFO - Running <TaskInstance: tiki_etl_orchestration.trigger_extract manual__2025-03-07T22:10:42.772447+00:00 [running]> on host 8726a8862e9f
[2025-03-07T22:10:51.307+0000] {taskinstance.py:3134} INFO - Exporting env vars: AIRFLOW_CTX_DAG_OWNER='***' AIRFLOW_CTX_DAG_ID='tiki_etl_orchestration' AIRFLOW_CTX_TASK_ID='trigger_extract' AIRFLOW_CTX_EXECUTION_DATE='2025-03-07T22:10:42.772447+00:00' AIRFLOW_CTX_TRY_NUMBER='1' AIRFLOW_CTX_DAG_RUN_ID='manual__2025-03-07T22:10:42.772447+00:00'
[2025-03-07T22:10:51.309+0000] {logging_mixin.py:190} INFO - Task instance is in running state
[2025-03-07T22:10:51.309+0000] {logging_mixin.py:190} INFO -  Previous state of the Task instance: queued
[2025-03-07T22:10:51.310+0000] {logging_mixin.py:190} INFO - Current task name:trigger_extract state:running start_date:2025-03-07 22:10:50.875895+00:00
[2025-03-07T22:10:51.310+0000] {logging_mixin.py:190} INFO - Dag name:tiki_etl_orchestration and current dag run status:running
[2025-03-07T22:10:51.311+0000] {taskinstance.py:732} INFO - ::endgroup::
[2025-03-07T22:10:51.446+0000] {trigger_dagrun.py:257} INFO - Waiting for tiki_extract_dag on 2025-03-07 22:10:51.311791+00:00 to become allowed state ['success'] ...
[2025-03-07T22:11:01.463+0000] {trigger_dagrun.py:257} INFO - Waiting for tiki_extract_dag on 2025-03-07 22:10:51.311791+00:00 to become allowed state ['success'] ...
[2025-03-07T22:11:11.486+0000] {trigger_dagrun.py:257} INFO - Waiting for tiki_extract_dag on 2025-03-07 22:10:51.311791+00:00 to become allowed state ['success'] ...
[2025-03-07T22:11:21.500+0000] {trigger_dagrun.py:257} INFO - Waiting for tiki_extract_dag on 2025-03-07 22:10:51.311791+00:00 to become allowed state ['success'] ...
[2025-03-07T22:11:31.512+0000] {trigger_dagrun.py:257} INFO - Waiting for tiki_extract_dag on 2025-03-07 22:10:51.311791+00:00 to become allowed state ['success'] ...
[2025-03-07T22:11:41.529+0000] {trigger_dagrun.py:257} INFO - Waiting for tiki_extract_dag on 2025-03-07 22:10:51.311791+00:00 to become allowed state ['success'] ...
[2025-03-07T22:11:51.541+0000] {trigger_dagrun.py:257} INFO - Waiting for tiki_extract_dag on 2025-03-07 22:10:51.311791+00:00 to become allowed state ['success'] ...
[2025-03-07T22:12:01.551+0000] {trigger_dagrun.py:257} INFO - Waiting for tiki_extract_dag on 2025-03-07 22:10:51.311791+00:00 to become allowed state ['success'] ...
[2025-03-07T22:12:11.564+0000] {trigger_dagrun.py:257} INFO - Waiting for tiki_extract_dag on 2025-03-07 22:10:51.311791+00:00 to become allowed state ['success'] ...
[2025-03-07T22:12:21.578+0000] {trigger_dagrun.py:257} INFO - Waiting for tiki_extract_dag on 2025-03-07 22:10:51.311791+00:00 to become allowed state ['success'] ...
[2025-03-07T22:12:31.587+0000] {trigger_dagrun.py:257} INFO - Waiting for tiki_extract_dag on 2025-03-07 22:10:51.311791+00:00 to become allowed state ['success'] ...
[2025-03-07T22:12:41.601+0000] {trigger_dagrun.py:257} INFO - Waiting for tiki_extract_dag on 2025-03-07 22:10:51.311791+00:00 to become allowed state ['success'] ...
[2025-03-07T22:12:51.632+0000] {taskinstance.py:3313} ERROR - Task failed with exception
Traceback (most recent call last):
  File "/home/airflow/.local/lib/python3.12/site-packages/airflow/models/taskinstance.py", line 768, in _execute_task
    result = _execute_callable(context=context, **execute_callable_kwargs)
             ^^^^^^^^^^^^^^^^^^^^^^^^^^^^^^^^^^^^^^^^^^^^^^^^^^^^^^^^^^^^^
  File "/home/airflow/.local/lib/python3.12/site-packages/airflow/models/taskinstance.py", line 734, in _execute_callable
    return ExecutionCallableRunner(
           ^^^^^^^^^^^^^^^^^^^^^^^^
  File "/home/airflow/.local/lib/python3.12/site-packages/airflow/utils/operator_helpers.py", line 252, in run
    return self.func(*args, **kwargs)
           ^^^^^^^^^^^^^^^^^^^^^^^^^^
  File "/home/airflow/.local/lib/python3.12/site-packages/airflow/models/baseoperator.py", line 424, in wrapper
    return func(self, *args, **kwargs)
           ^^^^^^^^^^^^^^^^^^^^^^^^^^^
  File "/home/airflow/.local/lib/python3.12/site-packages/airflow/operators/trigger_dagrun.py", line 269, in execute
    raise AirflowException(f"{self.trigger_dag_id} failed with failed states {state}")
airflow.exceptions.AirflowException: tiki_extract_dag failed with failed states failed
[2025-03-07T22:12:51.639+0000] {logging_mixin.py:190} INFO - Task instance in failure state
[2025-03-07T22:12:51.640+0000] {logging_mixin.py:190} INFO - Task start:2025-03-07 22:10:50.875895+00:00 end:2025-03-07 22:12:51.638735+00:00 duration:120.76284
[2025-03-07T22:12:51.641+0000] {logging_mixin.py:190} INFO - Task:<Task(TriggerDagRunOperator): trigger_extract> dag:<DAG: tiki_etl_orchestration> dagrun:<DagRun tiki_etl_orchestration @ 2025-03-07 22:10:42.772447+00:00: manual__2025-03-07T22:10:42.772447+00:00, state:running, queued_at: 2025-03-07 22:10:43.858631+00:00. externally triggered: True>
[2025-03-07T22:12:51.642+0000] {logging_mixin.py:190} INFO - Failure caused by tiki_extract_dag failed with failed states failed
[2025-03-07T22:12:51.642+0000] {taskinstance.py:1226} INFO - Marking task as FAILED. dag_id=tiki_etl_orchestration, task_id=trigger_extract, run_id=manual__2025-03-07T22:10:42.772447+00:00, execution_date=20250307T221042, start_date=20250307T221050, end_date=20250307T221251
[2025-03-07T22:12:51.688+0000] {taskinstance.py:341} INFO - ::group::Post task execution logs
[2025-03-07T22:12:51.690+0000] {standard_task_runner.py:124} ERROR - Failed to execute job 30 for task trigger_extract (tiki_extract_dag failed with failed states failed; 88)
Traceback (most recent call last):
  File "/home/airflow/.local/lib/python3.12/site-packages/airflow/task/task_runner/standard_task_runner.py", line 117, in _start_by_fork
    ret = args.func(args, dag=self.dag)
          ^^^^^^^^^^^^^^^^^^^^^^^^^^^^^
  File "/home/airflow/.local/lib/python3.12/site-packages/airflow/cli/cli_config.py", line 49, in command
    return func(*args, **kwargs)
           ^^^^^^^^^^^^^^^^^^^^^
  File "/home/airflow/.local/lib/python3.12/site-packages/airflow/utils/cli.py", line 116, in wrapper
    return f(*args, **kwargs)
           ^^^^^^^^^^^^^^^^^^
  File "/home/airflow/.local/lib/python3.12/site-packages/airflow/cli/commands/task_command.py", line 483, in task_run
    task_return_code = _run_task_by_selected_method(args, _dag, ti)
                       ^^^^^^^^^^^^^^^^^^^^^^^^^^^^^^^^^^^^^^^^^^^^
  File "/home/airflow/.local/lib/python3.12/site-packages/airflow/cli/commands/task_command.py", line 256, in _run_task_by_selected_method
    return _run_raw_task(args, ti)
           ^^^^^^^^^^^^^^^^^^^^^^^
  File "/home/airflow/.local/lib/python3.12/site-packages/airflow/cli/commands/task_command.py", line 341, in _run_raw_task
    return ti._run_raw_task(
           ^^^^^^^^^^^^^^^^^
  File "/home/airflow/.local/lib/python3.12/site-packages/airflow/utils/session.py", line 97, in wrapper
    return func(*args, session=session, **kwargs)
           ^^^^^^^^^^^^^^^^^^^^^^^^^^^^^^^^^^^^^^
  File "/home/airflow/.local/lib/python3.12/site-packages/airflow/models/taskinstance.py", line 3006, in _run_raw_task
    return _run_raw_task(
           ^^^^^^^^^^^^^^
  File "/home/airflow/.local/lib/python3.12/site-packages/airflow/models/taskinstance.py", line 274, in _run_raw_task
    TaskInstance._execute_task_with_callbacks(
  File "/home/airflow/.local/lib/python3.12/site-packages/airflow/models/taskinstance.py", line 3161, in _execute_task_with_callbacks
    result = self._execute_task(context, task_orig)
             ^^^^^^^^^^^^^^^^^^^^^^^^^^^^^^^^^^^^^^
  File "/home/airflow/.local/lib/python3.12/site-packages/airflow/models/taskinstance.py", line 3185, in _execute_task
    return _execute_task(self, context, task_orig)
           ^^^^^^^^^^^^^^^^^^^^^^^^^^^^^^^^^^^^^^^
  File "/home/airflow/.local/lib/python3.12/site-packages/airflow/models/taskinstance.py", line 768, in _execute_task
    result = _execute_callable(context=context, **execute_callable_kwargs)
             ^^^^^^^^^^^^^^^^^^^^^^^^^^^^^^^^^^^^^^^^^^^^^^^^^^^^^^^^^^^^^
  File "/home/airflow/.local/lib/python3.12/site-packages/airflow/models/taskinstance.py", line 734, in _execute_callable
    return ExecutionCallableRunner(
           ^^^^^^^^^^^^^^^^^^^^^^^^
  File "/home/airflow/.local/lib/python3.12/site-packages/airflow/utils/operator_helpers.py", line 252, in run
    return self.func(*args, **kwargs)
           ^^^^^^^^^^^^^^^^^^^^^^^^^^
  File "/home/airflow/.local/lib/python3.12/site-packages/airflow/models/baseoperator.py", line 424, in wrapper
    return func(self, *args, **kwargs)
           ^^^^^^^^^^^^^^^^^^^^^^^^^^^
  File "/home/airflow/.local/lib/python3.12/site-packages/airflow/operators/trigger_dagrun.py", line 269, in execute
    raise AirflowException(f"{self.trigger_dag_id} failed with failed states {state}")
airflow.exceptions.AirflowException: tiki_extract_dag failed with failed states failed
[2025-03-07T22:12:51.720+0000] {local_task_job_runner.py:266} INFO - Task exited with return code 1
[2025-03-07T22:12:51.767+0000] {taskinstance.py:3901} INFO - 0 downstream tasks scheduled from follow-on schedule check
[2025-03-07T22:12:51.775+0000] {local_task_job_runner.py:245} INFO - ::endgroup::
