[2025-03-10T10:23:16.625+0000] {local_task_job_runner.py:123} INFO - ::group::Pre task execution logs
[2025-03-10T10:23:16.682+0000] {taskinstance.py:2614} INFO - Dependencies all met for dep_context=non-requeueable deps ti=<TaskInstance: tiki_extract_dag.crawl_do-choi-me-be manual__2025-03-10T10:23:09.493279+00:00 [queued]>
[2025-03-10T10:23:16.716+0000] {taskinstance.py:2614} INFO - Dependencies all met for dep_context=requeueable deps ti=<TaskInstance: tiki_extract_dag.crawl_do-choi-me-be manual__2025-03-10T10:23:09.493279+00:00 [queued]>
[2025-03-10T10:23:16.718+0000] {taskinstance.py:2867} INFO - Starting attempt 1 of 4
[2025-03-10T10:23:16.778+0000] {taskinstance.py:2890} INFO - Executing <Task(PythonOperator): crawl_do-choi-me-be> on 2025-03-10 10:23:09.493279+00:00
[2025-03-10T10:23:16.850+0000] {warnings.py:112} WARNING - /home/***/.local/lib/python3.12/site-packages/***/task/task_runner/standard_task_runner.py:70: DeprecationWarning: This process (pid=84) is multi-threaded, use of fork() may lead to deadlocks in the child.
  pid = os.fork()

[2025-03-10T10:23:16.854+0000] {standard_task_runner.py:72} INFO - Started process 107 to run task
[2025-03-10T10:23:16.871+0000] {standard_task_runner.py:104} INFO - Running: ['***', 'tasks', 'run', 'tiki_extract_dag', 'crawl_do-choi-me-be', 'manual__2025-03-10T10:23:09.493279+00:00', '--job-id', '431', '--raw', '--subdir', 'DAGS_FOLDER/tiki_extract_dag.py', '--cfg-path', '/tmp/tmpfmqt0tk9']
[2025-03-10T10:23:16.887+0000] {standard_task_runner.py:105} INFO - Job 431: Subtask crawl_do-choi-me-be
[2025-03-10T10:23:17.088+0000] {task_command.py:467} INFO - Running <TaskInstance: tiki_extract_dag.crawl_do-choi-me-be manual__2025-03-10T10:23:09.493279+00:00 [running]> on host c77555d100c4
[2025-03-10T10:23:30.527+0000] {taskinstance.py:3134} INFO - Exporting env vars: AIRFLOW_CTX_DAG_OWNER='***' AIRFLOW_CTX_DAG_ID='tiki_extract_dag' AIRFLOW_CTX_TASK_ID='crawl_do-choi-me-be' AIRFLOW_CTX_EXECUTION_DATE='2025-03-10T10:23:09.493279+00:00' AIRFLOW_CTX_TRY_NUMBER='1' AIRFLOW_CTX_DAG_RUN_ID='manual__2025-03-10T10:23:09.493279+00:00'
[2025-03-10T10:23:30.554+0000] {logging_mixin.py:190} INFO - Task instance is in running state
[2025-03-10T10:23:30.555+0000] {logging_mixin.py:190} INFO -  Previous state of the Task instance: queued
[2025-03-10T10:23:30.556+0000] {logging_mixin.py:190} INFO - Current task name:crawl_do-choi-me-be state:running start_date:2025-03-10 10:23:16.683518+00:00
[2025-03-10T10:23:30.557+0000] {logging_mixin.py:190} INFO - Dag name:tiki_extract_dag and current dag run status:running
[2025-03-10T10:23:30.558+0000] {taskinstance.py:732} INFO - ::endgroup::
[2025-03-10T10:23:32.143+0000] {tiki_extract_dag.py:132} INFO - Starting crawl for category do-choi-me-be (ID: 2549)
[2025-03-10T10:23:32.144+0000] {tiki_extract_dag.py:134} INFO - Calling API: https://tiki.vn/api/v2/products with params: {'page': 1, 'limit': 40, 'category': '2549'}
[2025-03-10T10:23:33.497+0000] {tiki_extract_dag.py:143} INFO - Total pages for do-choi-me-be: 50 (limited to 50)
[2025-03-10T10:23:33.499+0000] {tiki_extract_dag.py:156} INFO - Calling API: https://tiki.vn/api/v2/products with params: {'page': 2, 'limit': 40, 'category': '2549'}
[2025-03-10T10:24:00.901+0000] {tiki_extract_dag.py:119} ERROR - Error fetching details for product 271224502: Expecting value: line 1 column 1 (char 0)
[2025-03-10T10:24:01.041+0000] {tiki_extract_dag.py:119} ERROR - Error fetching details for product 249030271: Expecting value: line 1 column 1 (char 0)
[2025-03-10T10:24:01.178+0000] {tiki_extract_dag.py:119} ERROR - Error fetching details for product 229714894: Expecting value: line 1 column 1 (char 0)
[2025-03-10T10:24:01.317+0000] {tiki_extract_dag.py:119} ERROR - Error fetching details for product 196757806: Expecting value: line 1 column 1 (char 0)
[2025-03-10T10:24:01.462+0000] {tiki_extract_dag.py:119} ERROR - Error fetching details for product 168662602: Expecting value: line 1 column 1 (char 0)
[2025-03-10T10:24:01.604+0000] {tiki_extract_dag.py:119} ERROR - Error fetching details for product 125628724: Expecting value: line 1 column 1 (char 0)
[2025-03-10T10:24:01.742+0000] {tiki_extract_dag.py:119} ERROR - Error fetching details for product 117720148: Expecting value: line 1 column 1 (char 0)
[2025-03-10T10:24:01.901+0000] {tiki_extract_dag.py:119} ERROR - Error fetching details for product 115483435: Expecting value: line 1 column 1 (char 0)
[2025-03-10T10:24:02.041+0000] {tiki_extract_dag.py:119} ERROR - Error fetching details for product 115483434: Expecting value: line 1 column 1 (char 0)
[2025-03-10T10:24:02.187+0000] {tiki_extract_dag.py:119} ERROR - Error fetching details for product 115483218: Expecting value: line 1 column 1 (char 0)
[2025-03-10T10:24:02.326+0000] {tiki_extract_dag.py:119} ERROR - Error fetching details for product 95269415: Expecting value: line 1 column 1 (char 0)
[2025-03-10T10:24:02.467+0000] {tiki_extract_dag.py:119} ERROR - Error fetching details for product 88949154: Expecting value: line 1 column 1 (char 0)
[2025-03-10T10:24:02.607+0000] {tiki_extract_dag.py:119} ERROR - Error fetching details for product 88949150: Expecting value: line 1 column 1 (char 0)
[2025-03-10T10:24:02.747+0000] {tiki_extract_dag.py:119} ERROR - Error fetching details for product 86155733: Expecting value: line 1 column 1 (char 0)
[2025-03-10T10:24:02.906+0000] {tiki_extract_dag.py:119} ERROR - Error fetching details for product 79672168: Expecting value: line 1 column 1 (char 0)
[2025-03-10T10:24:03.040+0000] {tiki_extract_dag.py:119} ERROR - Error fetching details for product 76507811: Expecting value: line 1 column 1 (char 0)
[2025-03-10T10:24:03.186+0000] {tiki_extract_dag.py:119} ERROR - Error fetching details for product 54477959: Expecting value: line 1 column 1 (char 0)
[2025-03-10T10:24:03.326+0000] {tiki_extract_dag.py:119} ERROR - Error fetching details for product 53210144: Expecting value: line 1 column 1 (char 0)
[2025-03-10T10:24:03.483+0000] {tiki_extract_dag.py:119} ERROR - Error fetching details for product 49884586: Expecting value: line 1 column 1 (char 0)
[2025-03-10T10:24:03.625+0000] {tiki_extract_dag.py:119} ERROR - Error fetching details for product 44885346: Expecting value: line 1 column 1 (char 0)
[2025-03-10T10:24:03.772+0000] {tiki_extract_dag.py:119} ERROR - Error fetching details for product 43191091: Expecting value: line 1 column 1 (char 0)
[2025-03-10T10:24:03.910+0000] {tiki_extract_dag.py:119} ERROR - Error fetching details for product 29540357: Expecting value: line 1 column 1 (char 0)
[2025-03-10T10:24:04.049+0000] {tiki_extract_dag.py:119} ERROR - Error fetching details for product 24510746: Expecting value: line 1 column 1 (char 0)
[2025-03-10T10:24:04.211+0000] {tiki_extract_dag.py:119} ERROR - Error fetching details for product 19944385: Expecting value: line 1 column 1 (char 0)
[2025-03-10T10:24:04.349+0000] {tiki_extract_dag.py:119} ERROR - Error fetching details for product 6464033: Expecting value: line 1 column 1 (char 0)
[2025-03-10T10:24:04.486+0000] {tiki_extract_dag.py:119} ERROR - Error fetching details for product 3016043: Expecting value: line 1 column 1 (char 0)
[2025-03-10T10:24:04.647+0000] {tiki_extract_dag.py:119} ERROR - Error fetching details for product 2173355: Expecting value: line 1 column 1 (char 0)
[2025-03-10T10:24:04.784+0000] {tiki_extract_dag.py:119} ERROR - Error fetching details for product 543129: Expecting value: line 1 column 1 (char 0)
[2025-03-10T10:24:04.923+0000] {tiki_extract_dag.py:119} ERROR - Error fetching details for product 412772: Expecting value: line 1 column 1 (char 0)
[2025-03-10T10:24:04.924+0000] {tiki_extract_dag.py:175} INFO - Extracted page 2/50 for category do-choi-me-be, total items: 40
[2025-03-10T10:24:15.303+0000] {tiki_extract_dag.py:156} INFO - Calling API: https://tiki.vn/api/v2/products with params: {'page': 3, 'limit': 40, 'category': '2549'}
[2025-03-10T10:24:15.451+0000] {tiki_extract_dag.py:178} ERROR - API error at page 3 in category do-choi-me-be: Expecting value: line 1 column 1 (char 0)
[2025-03-10T10:24:17.967+0000] {tiki_extract_dag.py:50} INFO - Updated crawled products at tiki-pipeline/tiki_crawled/crawled_products.json
[2025-03-10T10:24:17.967+0000] {tiki_extract_dag.py:192} INFO - Uploaded raw data to tiki-pipeline/raw_data/do-choi-me-be_20250310_102415.json, total items: 40
[2025-03-10T10:24:18.301+0000] {tiki_extract_dag.py:204} INFO - Saved metadata to tiki-pipeline/metadata/do-choi-me-be_extract_run_metadata_20250310_102415.json
[2025-03-10T10:24:18.304+0000] {python.py:240} INFO - Done. Returned value was: None
[2025-03-10T10:24:18.321+0000] {taskinstance.py:341} INFO - ::group::Post task execution logs
[2025-03-10T10:24:18.322+0000] {taskinstance.py:353} INFO - Marking task as SUCCESS. dag_id=tiki_extract_dag, task_id=crawl_do-choi-me-be, run_id=manual__2025-03-10T10:23:09.493279+00:00, execution_date=20250310T102309, start_date=20250310T102316, end_date=20250310T102418
[2025-03-10T10:24:18.361+0000] {logging_mixin.py:190} INFO - Task instance in success state
[2025-03-10T10:24:18.362+0000] {logging_mixin.py:190} INFO -  Previous state of the Task instance: running
[2025-03-10T10:24:18.362+0000] {logging_mixin.py:190} INFO - Dag name:tiki_extract_dag queued_at:2025-03-10 10:23:09.537669+00:00
[2025-03-10T10:24:18.363+0000] {logging_mixin.py:190} INFO - Task hostname:c77555d100c4 operator:PythonOperator
[2025-03-10T10:24:18.433+0000] {local_task_job_runner.py:266} INFO - Task exited with return code 0
[2025-03-10T10:24:18.509+0000] {taskinstance.py:3901} INFO - 0 downstream tasks scheduled from follow-on schedule check
[2025-03-10T10:24:18.514+0000] {local_task_job_runner.py:245} INFO - ::endgroup::
