[2025-03-09T19:28:54.220+0000] {local_task_job_runner.py:123} INFO - ::group::Pre task execution logs
[2025-03-09T19:28:54.260+0000] {taskinstance.py:2614} INFO - Dependencies all met for dep_context=non-requeueable deps ti=<TaskInstance: tiki_etl_orchestration.trigger_transform manual__2025-03-09T18:58:17.554629+00:00 [queued]>
[2025-03-09T19:28:54.280+0000] {taskinstance.py:2614} INFO - Dependencies all met for dep_context=requeueable deps ti=<TaskInstance: tiki_etl_orchestration.trigger_transform manual__2025-03-09T18:58:17.554629+00:00 [queued]>
[2025-03-09T19:28:54.281+0000] {taskinstance.py:2867} INFO - Starting attempt 1 of 1
[2025-03-09T19:28:54.504+0000] {taskinstance.py:2890} INFO - Executing <Task(TriggerDagRunOperator): trigger_transform> on 2025-03-09 18:58:17.554629+00:00
[2025-03-09T19:28:54.520+0000] {warnings.py:112} WARNING - /home/***/.local/lib/python3.12/site-packages/***/task/task_runner/standard_task_runner.py:70: DeprecationWarning: This process (pid=634) is multi-threaded, use of fork() may lead to deadlocks in the child.
  pid = os.fork()

[2025-03-09T19:28:54.522+0000] {standard_task_runner.py:72} INFO - Started process 636 to run task
[2025-03-09T19:28:54.522+0000] {standard_task_runner.py:104} INFO - Running: ['***', 'tasks', 'run', 'tiki_etl_orchestration', 'trigger_transform', 'manual__2025-03-09T18:58:17.554629+00:00', '--job-id', '291', '--raw', '--subdir', 'DAGS_FOLDER/tiki_etl_orchestration.py', '--cfg-path', '/tmp/tmpoicjbqa6']
[2025-03-09T19:28:54.524+0000] {standard_task_runner.py:105} INFO - Job 291: Subtask trigger_transform
[2025-03-09T19:28:54.605+0000] {task_command.py:467} INFO - Running <TaskInstance: tiki_etl_orchestration.trigger_transform manual__2025-03-09T18:58:17.554629+00:00 [running]> on host 72a6d77a3cc5
[2025-03-09T19:28:54.756+0000] {taskinstance.py:3134} INFO - Exporting env vars: AIRFLOW_CTX_DAG_OWNER='***' AIRFLOW_CTX_DAG_ID='tiki_etl_orchestration' AIRFLOW_CTX_TASK_ID='trigger_transform' AIRFLOW_CTX_EXECUTION_DATE='2025-03-09T18:58:17.554629+00:00' AIRFLOW_CTX_TRY_NUMBER='1' AIRFLOW_CTX_DAG_RUN_ID='manual__2025-03-09T18:58:17.554629+00:00'
[2025-03-09T19:28:54.758+0000] {logging_mixin.py:190} INFO - Task instance is in running state
[2025-03-09T19:28:54.759+0000] {logging_mixin.py:190} INFO -  Previous state of the Task instance: queued
[2025-03-09T19:28:54.760+0000] {logging_mixin.py:190} INFO - Current task name:trigger_transform state:running start_date:2025-03-09 19:28:54.261922+00:00
[2025-03-09T19:28:54.761+0000] {logging_mixin.py:190} INFO - Dag name:tiki_etl_orchestration and current dag run status:running
[2025-03-09T19:28:54.761+0000] {taskinstance.py:732} INFO - ::endgroup::
[2025-03-09T19:28:54.882+0000] {trigger_dagrun.py:257} INFO - Waiting for tiki_transform_dag on 2025-03-09 19:28:54.762707+00:00 to become allowed state ['success'] ...
[2025-03-09T19:29:04.905+0000] {trigger_dagrun.py:257} INFO - Waiting for tiki_transform_dag on 2025-03-09 19:28:54.762707+00:00 to become allowed state ['success'] ...
[2025-03-09T19:29:14.924+0000] {trigger_dagrun.py:271} INFO - tiki_transform_dag finished with allowed state success
[2025-03-09T19:29:14.955+0000] {taskinstance.py:341} INFO - ::group::Post task execution logs
[2025-03-09T19:29:14.957+0000] {taskinstance.py:353} INFO - Marking task as SUCCESS. dag_id=tiki_etl_orchestration, task_id=trigger_transform, run_id=manual__2025-03-09T18:58:17.554629+00:00, execution_date=20250309T185817, start_date=20250309T192854, end_date=20250309T192914
[2025-03-09T19:29:15.011+0000] {logging_mixin.py:190} INFO - Task instance in success state
[2025-03-09T19:29:15.013+0000] {logging_mixin.py:190} INFO -  Previous state of the Task instance: running
[2025-03-09T19:29:15.014+0000] {logging_mixin.py:190} INFO - Dag name:tiki_etl_orchestration queued_at:2025-03-09 18:58:19.187376+00:00
[2025-03-09T19:29:15.015+0000] {logging_mixin.py:190} INFO - Task hostname:72a6d77a3cc5 operator:TriggerDagRunOperator
[2025-03-09T19:29:15.067+0000] {local_task_job_runner.py:266} INFO - Task exited with return code 0
[2025-03-09T19:29:15.149+0000] {taskinstance.py:3901} INFO - 1 downstream tasks scheduled from follow-on schedule check
[2025-03-09T19:29:15.154+0000] {local_task_job_runner.py:245} INFO - ::endgroup::
