[2025-03-11T09:29:16.347+0000] {local_task_job_runner.py:123} INFO - ::group::Pre task execution logs
[2025-03-11T09:29:16.502+0000] {taskinstance.py:2614} INFO - Dependencies all met for dep_context=non-requeueable deps ti=<TaskInstance: tiki_extract_dag.crawl_lam-dep-suc-khoe manual__2025-03-11T08:53:49.647616+00:00 [queued]>
[2025-03-11T09:29:16.642+0000] {taskinstance.py:2614} INFO - Dependencies all met for dep_context=requeueable deps ti=<TaskInstance: tiki_extract_dag.crawl_lam-dep-suc-khoe manual__2025-03-11T08:53:49.647616+00:00 [queued]>
[2025-03-11T09:29:16.648+0000] {taskinstance.py:2867} INFO - Starting attempt 3 of 4
[2025-03-11T09:29:16.879+0000] {taskinstance.py:2890} INFO - Executing <Task(PythonOperator): crawl_lam-dep-suc-khoe> on 2025-03-11 08:53:49.647616+00:00
[2025-03-11T09:29:16.968+0000] {warnings.py:112} WARNING - /home/***/.local/lib/python3.12/site-packages/***/task/task_runner/standard_task_runner.py:70: DeprecationWarning: This process (pid=509) is multi-threaded, use of fork() may lead to deadlocks in the child.
  pid = os.fork()

[2025-03-11T09:29:16.986+0000] {standard_task_runner.py:72} INFO - Started process 525 to run task
[2025-03-11T09:29:17.003+0000] {standard_task_runner.py:104} INFO - Running: ['***', 'tasks', 'run', 'tiki_extract_dag', 'crawl_lam-dep-suc-khoe', 'manual__2025-03-11T08:53:49.647616+00:00', '--job-id', '569', '--raw', '--subdir', 'DAGS_FOLDER/tiki_extract_dag.py', '--cfg-path', '/tmp/tmpvjt6ja1r']
[2025-03-11T09:29:17.006+0000] {standard_task_runner.py:105} INFO - Job 569: Subtask crawl_lam-dep-suc-khoe
[2025-03-11T09:29:17.361+0000] {task_command.py:467} INFO - Running <TaskInstance: tiki_extract_dag.crawl_lam-dep-suc-khoe manual__2025-03-11T08:53:49.647616+00:00 [running]> on host 5c8190d7da62
[2025-03-11T09:29:19.709+0000] {taskinstance.py:3134} INFO - Exporting env vars: AIRFLOW_CTX_DAG_OWNER='***' AIRFLOW_CTX_DAG_ID='tiki_extract_dag' AIRFLOW_CTX_TASK_ID='crawl_lam-dep-suc-khoe' AIRFLOW_CTX_EXECUTION_DATE='2025-03-11T08:53:49.647616+00:00' AIRFLOW_CTX_TRY_NUMBER='3' AIRFLOW_CTX_DAG_RUN_ID='manual__2025-03-11T08:53:49.647616+00:00'
[2025-03-11T09:29:19.713+0000] {logging_mixin.py:190} INFO - Task instance is in running state
[2025-03-11T09:29:19.714+0000] {logging_mixin.py:190} INFO -  Previous state of the Task instance: queued
[2025-03-11T09:29:19.727+0000] {logging_mixin.py:190} INFO - Current task name:crawl_lam-dep-suc-khoe state:running start_date:2025-03-11 09:29:16.509415+00:00
[2025-03-11T09:29:19.734+0000] {logging_mixin.py:190} INFO - Dag name:tiki_extract_dag and current dag run status:running
[2025-03-11T09:29:19.752+0000] {taskinstance.py:732} INFO - ::endgroup::
[2025-03-11T09:29:53.755+0000] {job.py:229} INFO - Heartbeat recovered after 31.45 seconds
[2025-03-11T09:29:54.305+0000] {local_task_job_runner.py:266} INFO - Task exited with return code -9. For more information, see https://***.apache.org/docs/apache-***/stable/troubleshooting.html#LocalTaskJob-killed
[2025-03-11T09:29:54.430+0000] {taskinstance.py:3901} INFO - 0 downstream tasks scheduled from follow-on schedule check
[2025-03-11T09:29:54.441+0000] {local_task_job_runner.py:245} INFO - ::endgroup::
