[2025-03-11T09:20:44.643+0000] {local_task_job_runner.py:123} INFO - ::group::Pre task execution logs
[2025-03-11T09:20:44.693+0000] {taskinstance.py:2614} INFO - Dependencies all met for dep_context=non-requeueable deps ti=<TaskInstance: tiki_extract_dag.crawl_lam-dep-suc-khoe manual__2025-03-11T08:53:49.647616+00:00 [queued]>
[2025-03-11T09:20:44.715+0000] {taskinstance.py:2614} INFO - Dependencies all met for dep_context=requeueable deps ti=<TaskInstance: tiki_extract_dag.crawl_lam-dep-suc-khoe manual__2025-03-11T08:53:49.647616+00:00 [queued]>
[2025-03-11T09:20:44.716+0000] {taskinstance.py:2867} INFO - Starting attempt 2 of 4
[2025-03-11T09:20:44.748+0000] {taskinstance.py:2890} INFO - Executing <Task(PythonOperator): crawl_lam-dep-suc-khoe> on 2025-03-11 08:53:49.647616+00:00
[2025-03-11T09:20:44.767+0000] {warnings.py:112} WARNING - /home/***/.local/lib/python3.12/site-packages/***/task/task_runner/standard_task_runner.py:70: DeprecationWarning: This process (pid=409) is multi-threaded, use of fork() may lead to deadlocks in the child.
  pid = os.fork()

[2025-03-11T09:20:44.772+0000] {standard_task_runner.py:72} INFO - Started process 413 to run task
[2025-03-11T09:20:44.774+0000] {standard_task_runner.py:104} INFO - Running: ['***', 'tasks', 'run', 'tiki_extract_dag', 'crawl_lam-dep-suc-khoe', 'manual__2025-03-11T08:53:49.647616+00:00', '--job-id', '557', '--raw', '--subdir', 'DAGS_FOLDER/tiki_extract_dag.py', '--cfg-path', '/tmp/tmppxq83u9x']
[2025-03-11T09:20:44.777+0000] {standard_task_runner.py:105} INFO - Job 557: Subtask crawl_lam-dep-suc-khoe
[2025-03-11T09:20:44.894+0000] {task_command.py:467} INFO - Running <TaskInstance: tiki_extract_dag.crawl_lam-dep-suc-khoe manual__2025-03-11T08:53:49.647616+00:00 [running]> on host 5c8190d7da62
[2025-03-11T09:20:45.654+0000] {taskinstance.py:3134} INFO - Exporting env vars: AIRFLOW_CTX_DAG_OWNER='***' AIRFLOW_CTX_DAG_ID='tiki_extract_dag' AIRFLOW_CTX_TASK_ID='crawl_lam-dep-suc-khoe' AIRFLOW_CTX_EXECUTION_DATE='2025-03-11T08:53:49.647616+00:00' AIRFLOW_CTX_TRY_NUMBER='2' AIRFLOW_CTX_DAG_RUN_ID='manual__2025-03-11T08:53:49.647616+00:00'
[2025-03-11T09:20:45.656+0000] {logging_mixin.py:190} INFO - Task instance is in running state
[2025-03-11T09:20:45.657+0000] {logging_mixin.py:190} INFO -  Previous state of the Task instance: queued
[2025-03-11T09:20:45.658+0000] {logging_mixin.py:190} INFO - Current task name:crawl_lam-dep-suc-khoe state:running start_date:2025-03-11 09:20:44.695115+00:00
[2025-03-11T09:20:45.659+0000] {logging_mixin.py:190} INFO - Dag name:tiki_extract_dag and current dag run status:running
[2025-03-11T09:20:45.660+0000] {taskinstance.py:732} INFO - ::endgroup::
[2025-03-11T09:20:47.167+0000] {tiki_extract_dag.py:139} INFO - Starting crawl for category lam-dep-suc-khoe (ID: 1520)
[2025-03-11T09:20:47.169+0000] {tiki_extract_dag.py:141} INFO - Calling API: https://tiki.vn/api/v2/products with params: {'page': 1, 'limit': 40, 'category': '1520'}
[2025-03-11T09:20:47.790+0000] {tiki_extract_dag.py:150} INFO - Total pages for lam-dep-suc-khoe: 50 (limited to 50)
[2025-03-11T09:20:47.792+0000] {tiki_extract_dag.py:163} INFO - Calling API: https://tiki.vn/api/v2/products with params: {'page': 2, 'limit': 40, 'category': '1520'}
[2025-03-11T09:21:08.514+0000] {tiki_extract_dag.py:183} INFO - Extracted page 2/50 for category lam-dep-suc-khoe, total items: 40
[2025-03-11T09:21:49.596+0000] {job.py:229} INFO - Heartbeat recovered after 38.83 seconds
[2025-03-11T09:21:49.618+0000] {local_task_job_runner.py:266} INFO - Task exited with return code -9. For more information, see https://***.apache.org/docs/apache-***/stable/troubleshooting.html#LocalTaskJob-killed
[2025-03-11T09:21:49.686+0000] {taskinstance.py:3901} INFO - 0 downstream tasks scheduled from follow-on schedule check
[2025-03-11T09:21:49.689+0000] {local_task_job_runner.py:245} INFO - ::endgroup::
