[2025-03-10T10:25:23.494+0000] {local_task_job_runner.py:123} INFO - ::group::Pre task execution logs
[2025-03-10T10:25:23.531+0000] {taskinstance.py:2614} INFO - Dependencies all met for dep_context=non-requeueable deps ti=<TaskInstance: tiki_orchestration_dag.trigger_extract manual__2025-03-10T10:16:35.047207+00:00 [queued]>
[2025-03-10T10:25:23.731+0000] {taskinstance.py:2614} INFO - Dependencies all met for dep_context=requeueable deps ti=<TaskInstance: tiki_orchestration_dag.trigger_extract manual__2025-03-10T10:16:35.047207+00:00 [queued]>
[2025-03-10T10:25:23.732+0000] {taskinstance.py:2867} INFO - Starting attempt 2 of 2
[2025-03-10T10:25:23.758+0000] {taskinstance.py:2890} INFO - Executing <Task(TriggerDagRunOperator): trigger_extract> on 2025-03-10 10:16:35.047207+00:00
[2025-03-10T10:25:23.771+0000] {warnings.py:112} WARNING - /home/***/.local/lib/python3.12/site-packages/***/task/task_runner/standard_task_runner.py:70: DeprecationWarning: This process (pid=153) is multi-threaded, use of fork() may lead to deadlocks in the child.
  pid = os.fork()

[2025-03-10T10:25:23.774+0000] {standard_task_runner.py:72} INFO - Started process 162 to run task
[2025-03-10T10:25:23.773+0000] {standard_task_runner.py:104} INFO - Running: ['***', 'tasks', 'run', 'tiki_orchestration_dag', 'trigger_extract', 'manual__2025-03-10T10:16:35.047207+00:00', '--job-id', '441', '--raw', '--subdir', 'DAGS_FOLDER/tiki_etl_orchestration.py', '--cfg-path', '/tmp/tmpy3jjs9wu']
[2025-03-10T10:25:23.775+0000] {standard_task_runner.py:105} INFO - Job 441: Subtask trigger_extract
[2025-03-10T10:25:23.839+0000] {task_command.py:467} INFO - Running <TaskInstance: tiki_orchestration_dag.trigger_extract manual__2025-03-10T10:16:35.047207+00:00 [running]> on host c77555d100c4
[2025-03-10T10:25:23.949+0000] {taskinstance.py:3134} INFO - Exporting env vars: AIRFLOW_CTX_DAG_OWNER='***' AIRFLOW_CTX_DAG_ID='tiki_orchestration_dag' AIRFLOW_CTX_TASK_ID='trigger_extract' AIRFLOW_CTX_EXECUTION_DATE='2025-03-10T10:16:35.047207+00:00' AIRFLOW_CTX_TRY_NUMBER='2' AIRFLOW_CTX_DAG_RUN_ID='manual__2025-03-10T10:16:35.047207+00:00'
[2025-03-10T10:25:23.951+0000] {logging_mixin.py:190} INFO - Task instance is in running state
[2025-03-10T10:25:23.951+0000] {logging_mixin.py:190} INFO -  Previous state of the Task instance: queued
[2025-03-10T10:25:23.952+0000] {logging_mixin.py:190} INFO - Current task name:trigger_extract state:running start_date:2025-03-10 10:25:23.532215+00:00
[2025-03-10T10:25:23.952+0000] {logging_mixin.py:190} INFO - Dag name:tiki_orchestration_dag and current dag run status:running
[2025-03-10T10:25:23.953+0000] {taskinstance.py:732} INFO - ::endgroup::
[2025-03-10T10:25:24.070+0000] {trigger_dagrun.py:257} INFO - Waiting for tiki_extract_dag on 2025-03-10 10:25:23.953696+00:00 to become allowed state ['success'] ...
[2025-03-10T10:26:24.159+0000] {trigger_dagrun.py:257} INFO - Waiting for tiki_extract_dag on 2025-03-10 10:25:23.953696+00:00 to become allowed state ['success'] ...
[2025-03-10T10:27:24.186+0000] {trigger_dagrun.py:257} INFO - Waiting for tiki_extract_dag on 2025-03-10 10:25:23.953696+00:00 to become allowed state ['success'] ...
[2025-03-10T10:28:24.194+0000] {trigger_dagrun.py:257} INFO - Waiting for tiki_extract_dag on 2025-03-10 10:25:23.953696+00:00 to become allowed state ['success'] ...
