[2025-03-10T02:10:26.417+0000] {local_task_job_runner.py:123} INFO - ::group::Pre task execution logs
[2025-03-10T02:10:26.444+0000] {taskinstance.py:2614} INFO - Dependencies all met for dep_context=non-requeueable deps ti=<TaskInstance: tiki_load_dag.load_data manual__2025-03-10T02:10:22.216528+00:00 [queued]>
[2025-03-10T02:10:26.458+0000] {taskinstance.py:2614} INFO - Dependencies all met for dep_context=requeueable deps ti=<TaskInstance: tiki_load_dag.load_data manual__2025-03-10T02:10:22.216528+00:00 [queued]>
[2025-03-10T02:10:26.459+0000] {taskinstance.py:2867} INFO - Starting attempt 1 of 1
[2025-03-10T02:10:26.484+0000] {taskinstance.py:2890} INFO - Executing <Task(PythonOperator): load_data> on 2025-03-10 02:10:22.216528+00:00
[2025-03-10T02:10:26.497+0000] {warnings.py:112} WARNING - /home/***/.local/lib/python3.12/site-packages/***/task/task_runner/standard_task_runner.py:70: DeprecationWarning: This process (pid=1450) is multi-threaded, use of fork() may lead to deadlocks in the child.
  pid = os.fork()

[2025-03-10T02:10:26.500+0000] {standard_task_runner.py:72} INFO - Started process 1452 to run task
[2025-03-10T02:10:26.500+0000] {standard_task_runner.py:104} INFO - Running: ['***', 'tasks', 'run', 'tiki_load_dag', 'load_data', 'manual__2025-03-10T02:10:22.216528+00:00', '--job-id', '308', '--raw', '--subdir', 'DAGS_FOLDER/tiki_load_dag.py', '--cfg-path', '/tmp/tmppwurhqyi']
[2025-03-10T02:10:26.502+0000] {standard_task_runner.py:105} INFO - Job 308: Subtask load_data
[2025-03-10T02:10:26.576+0000] {task_command.py:467} INFO - Running <TaskInstance: tiki_load_dag.load_data manual__2025-03-10T02:10:22.216528+00:00 [running]> on host 72a6d77a3cc5
[2025-03-10T02:10:26.725+0000] {taskinstance.py:3134} INFO - Exporting env vars: AIRFLOW_CTX_DAG_OWNER='***' AIRFLOW_CTX_DAG_ID='tiki_load_dag' AIRFLOW_CTX_TASK_ID='load_data' AIRFLOW_CTX_EXECUTION_DATE='2025-03-10T02:10:22.216528+00:00' AIRFLOW_CTX_TRY_NUMBER='1' AIRFLOW_CTX_DAG_RUN_ID='manual__2025-03-10T02:10:22.216528+00:00'
[2025-03-10T02:10:26.727+0000] {logging_mixin.py:190} INFO - Task instance is in running state
[2025-03-10T02:10:26.728+0000] {logging_mixin.py:190} INFO -  Previous state of the Task instance: queued
[2025-03-10T02:10:26.729+0000] {logging_mixin.py:190} INFO - Current task name:load_data state:running start_date:2025-03-10 02:10:26.446288+00:00
[2025-03-10T02:10:26.729+0000] {logging_mixin.py:190} INFO - Dag name:tiki_load_dag and current dag run status:running
[2025-03-10T02:10:26.730+0000] {taskinstance.py:732} INFO - ::endgroup::
[2025-03-10T02:10:27.320+0000] {tiki_load_dag.py:37} INFO - Found latest fact_sales blob: tiki_transformed_data/fact_sales_20250310_020949.csv
[2025-03-10T02:10:27.402+0000] {tiki_load_dag.py:37} INFO - Found latest dim_product blob: tiki_transformed_data/dim_product_20250310_020949.csv
[2025-03-10T02:10:27.489+0000] {tiki_load_dag.py:37} INFO - Found latest dim_seller blob: tiki_transformed_data/dim_seller_20250310_020949.csv
[2025-03-10T02:10:27.564+0000] {tiki_load_dag.py:37} INFO - Found latest dim_category blob: tiki_transformed_data/dim_category_20250310_020949.csv
[2025-03-10T02:10:27.637+0000] {tiki_load_dag.py:37} INFO - Found latest dim_brand blob: tiki_transformed_data/dim_brand_20250310_020949.csv
[2025-03-10T02:10:28.868+0000] {tiki_load_dag.py:68} INFO - Starting load job for Fact_Sales from gs://tiki-data/tiki_transformed_data/fact_sales_20250310_020949.csv
[2025-03-10T02:10:33.682+0000] {tiki_load_dag.py:70} INFO - Loaded Fact_Sales with 26 rows
[2025-03-10T02:10:35.120+0000] {tiki_load_dag.py:68} INFO - Starting load job for Dim_Product from gs://tiki-data/tiki_transformed_data/dim_product_20250310_020949.csv
[2025-03-10T02:10:43.904+0000] {tiki_load_dag.py:70} INFO - Loaded Dim_Product with 26 rows
[2025-03-10T02:10:44.783+0000] {tiki_load_dag.py:68} INFO - Starting load job for Dim_Seller from gs://tiki-data/tiki_transformed_data/dim_seller_20250310_020949.csv
[2025-03-10T02:10:52.951+0000] {tiki_load_dag.py:70} INFO - Loaded Dim_Seller with 15 rows
[2025-03-10T02:10:53.829+0000] {tiki_load_dag.py:68} INFO - Starting load job for Dim_Category from gs://tiki-data/tiki_transformed_data/dim_category_20250310_020949.csv
[2025-03-10T02:11:03.691+0000] {tiki_load_dag.py:70} INFO - Loaded Dim_Category with 26 rows
[2025-03-10T02:11:05.035+0000] {tiki_load_dag.py:68} INFO - Starting load job for Dim_Brand from gs://tiki-data/tiki_transformed_data/dim_brand_20250310_020949.csv
[2025-03-10T02:11:14.507+0000] {tiki_load_dag.py:70} INFO - Loaded Dim_Brand with 1 rows
[2025-03-10T02:11:14.508+0000] {python.py:240} INFO - Done. Returned value was: None
[2025-03-10T02:11:14.529+0000] {taskinstance.py:341} INFO - ::group::Post task execution logs
[2025-03-10T02:11:14.530+0000] {taskinstance.py:353} INFO - Marking task as SUCCESS. dag_id=tiki_load_dag, task_id=load_data, run_id=manual__2025-03-10T02:10:22.216528+00:00, execution_date=20250310T021022, start_date=20250310T021026, end_date=20250310T021114
[2025-03-10T02:11:14.574+0000] {logging_mixin.py:190} INFO - Task instance in success state
[2025-03-10T02:11:14.575+0000] {logging_mixin.py:190} INFO -  Previous state of the Task instance: running
[2025-03-10T02:11:14.575+0000] {logging_mixin.py:190} INFO - Dag name:tiki_load_dag queued_at:2025-03-10 02:10:22.293574+00:00
[2025-03-10T02:11:14.576+0000] {logging_mixin.py:190} INFO - Task hostname:72a6d77a3cc5 operator:PythonOperator
[2025-03-10T02:11:14.634+0000] {local_task_job_runner.py:266} INFO - Task exited with return code 0
[2025-03-10T02:11:14.663+0000] {taskinstance.py:3901} INFO - 0 downstream tasks scheduled from follow-on schedule check
[2025-03-10T02:11:14.666+0000] {local_task_job_runner.py:245} INFO - ::endgroup::
