[2025-03-09T18:44:58.624+0000] {local_task_job_runner.py:123} INFO - ::group::Pre task execution logs
[2025-03-09T18:44:58.658+0000] {taskinstance.py:2614} INFO - Dependencies all met for dep_context=non-requeueable deps ti=<TaskInstance: tiki_etl_orchestration.trigger_extract manual__2025-03-09T18:44:53.460856+00:00 [queued]>
[2025-03-09T18:44:58.673+0000] {taskinstance.py:2614} INFO - Dependencies all met for dep_context=requeueable deps ti=<TaskInstance: tiki_etl_orchestration.trigger_extract manual__2025-03-09T18:44:53.460856+00:00 [queued]>
[2025-03-09T18:44:58.674+0000] {taskinstance.py:2867} INFO - Starting attempt 1 of 1
[2025-03-09T18:44:58.909+0000] {taskinstance.py:2890} INFO - Executing <Task(TriggerDagRunOperator): trigger_extract> on 2025-03-09 18:44:53.460856+00:00
[2025-03-09T18:44:58.922+0000] {warnings.py:112} WARNING - /home/***/.local/lib/python3.12/site-packages/***/task/task_runner/standard_task_runner.py:70: DeprecationWarning: This process (pid=79) is multi-threaded, use of fork() may lead to deadlocks in the child.
  pid = os.fork()

[2025-03-09T18:44:58.925+0000] {standard_task_runner.py:72} INFO - Started process 81 to run task
[2025-03-09T18:44:58.927+0000] {standard_task_runner.py:104} INFO - Running: ['***', 'tasks', 'run', 'tiki_etl_orchestration', 'trigger_extract', 'manual__2025-03-09T18:44:53.460856+00:00', '--job-id', '281', '--raw', '--subdir', 'DAGS_FOLDER/tiki_etl_orchestration.py', '--cfg-path', '/tmp/tmp79qm2izs']
[2025-03-09T18:44:58.928+0000] {standard_task_runner.py:105} INFO - Job 281: Subtask trigger_extract
[2025-03-09T18:44:59.021+0000] {task_command.py:467} INFO - Running <TaskInstance: tiki_etl_orchestration.trigger_extract manual__2025-03-09T18:44:53.460856+00:00 [running]> on host 72a6d77a3cc5
[2025-03-09T18:44:59.168+0000] {taskinstance.py:3134} INFO - Exporting env vars: AIRFLOW_CTX_DAG_OWNER='***' AIRFLOW_CTX_DAG_ID='tiki_etl_orchestration' AIRFLOW_CTX_TASK_ID='trigger_extract' AIRFLOW_CTX_EXECUTION_DATE='2025-03-09T18:44:53.460856+00:00' AIRFLOW_CTX_TRY_NUMBER='1' AIRFLOW_CTX_DAG_RUN_ID='manual__2025-03-09T18:44:53.460856+00:00'
[2025-03-09T18:44:59.171+0000] {logging_mixin.py:190} INFO - Task instance is in running state
[2025-03-09T18:44:59.172+0000] {logging_mixin.py:190} INFO -  Previous state of the Task instance: queued
[2025-03-09T18:44:59.173+0000] {logging_mixin.py:190} INFO - Current task name:trigger_extract state:running start_date:2025-03-09 18:44:58.659884+00:00
[2025-03-09T18:44:59.173+0000] {logging_mixin.py:190} INFO - Dag name:tiki_etl_orchestration and current dag run status:running
[2025-03-09T18:44:59.174+0000] {taskinstance.py:732} INFO - ::endgroup::
[2025-03-09T18:44:59.300+0000] {trigger_dagrun.py:257} INFO - Waiting for tiki_extract_dag on 2025-03-09 18:44:59.175454+00:00 to become allowed state ['success'] ...
[2025-03-09T18:45:09.313+0000] {trigger_dagrun.py:257} INFO - Waiting for tiki_extract_dag on 2025-03-09 18:44:59.175454+00:00 to become allowed state ['success'] ...
[2025-03-09T18:45:19.325+0000] {trigger_dagrun.py:257} INFO - Waiting for tiki_extract_dag on 2025-03-09 18:44:59.175454+00:00 to become allowed state ['success'] ...
[2025-03-09T18:45:29.338+0000] {trigger_dagrun.py:257} INFO - Waiting for tiki_extract_dag on 2025-03-09 18:44:59.175454+00:00 to become allowed state ['success'] ...
[2025-03-09T18:45:39.350+0000] {trigger_dagrun.py:257} INFO - Waiting for tiki_extract_dag on 2025-03-09 18:44:59.175454+00:00 to become allowed state ['success'] ...
[2025-03-09T18:45:49.361+0000] {trigger_dagrun.py:257} INFO - Waiting for tiki_extract_dag on 2025-03-09 18:44:59.175454+00:00 to become allowed state ['success'] ...
[2025-03-09T18:45:59.373+0000] {trigger_dagrun.py:271} INFO - tiki_extract_dag finished with allowed state success
[2025-03-09T18:45:59.390+0000] {taskinstance.py:341} INFO - ::group::Post task execution logs
[2025-03-09T18:45:59.392+0000] {taskinstance.py:353} INFO - Marking task as SUCCESS. dag_id=tiki_etl_orchestration, task_id=trigger_extract, run_id=manual__2025-03-09T18:44:53.460856+00:00, execution_date=20250309T184453, start_date=20250309T184458, end_date=20250309T184559
[2025-03-09T18:45:59.433+0000] {logging_mixin.py:190} INFO - Task instance in success state
[2025-03-09T18:45:59.434+0000] {logging_mixin.py:190} INFO -  Previous state of the Task instance: running
[2025-03-09T18:45:59.435+0000] {logging_mixin.py:190} INFO - Dag name:tiki_etl_orchestration queued_at:2025-03-09 18:44:54.043112+00:00
[2025-03-09T18:45:59.436+0000] {logging_mixin.py:190} INFO - Task hostname:72a6d77a3cc5 operator:TriggerDagRunOperator
[2025-03-09T18:45:59.482+0000] {local_task_job_runner.py:266} INFO - Task exited with return code 0
[2025-03-09T18:45:59.535+0000] {taskinstance.py:3901} INFO - 1 downstream tasks scheduled from follow-on schedule check
[2025-03-09T18:45:59.541+0000] {local_task_job_runner.py:245} INFO - ::endgroup::
