[2025-03-09T16:16:36.369+0000] {local_task_job_runner.py:123} INFO - ::group::Pre task execution logs
[2025-03-09T16:16:36.417+0000] {taskinstance.py:2614} INFO - Dependencies all met for dep_context=non-requeueable deps ti=<TaskInstance: tiki_extract_dag.extract_data manual__2025-03-09T16:16:30.743507+00:00 [queued]>
[2025-03-09T16:16:36.441+0000] {taskinstance.py:2614} INFO - Dependencies all met for dep_context=requeueable deps ti=<TaskInstance: tiki_extract_dag.extract_data manual__2025-03-09T16:16:30.743507+00:00 [queued]>
[2025-03-09T16:16:36.443+0000] {taskinstance.py:2867} INFO - Starting attempt 1 of 1
[2025-03-09T16:16:36.489+0000] {taskinstance.py:2890} INFO - Executing <Task(PythonOperator): extract_data> on 2025-03-09 16:16:30.743507+00:00
[2025-03-09T16:16:36.511+0000] {warnings.py:112} WARNING - /home/***/.local/lib/python3.12/site-packages/***/task/task_runner/standard_task_runner.py:70: DeprecationWarning: This process (pid=90) is multi-threaded, use of fork() may lead to deadlocks in the child.
  pid = os.fork()

[2025-03-09T16:16:36.513+0000] {standard_task_runner.py:104} INFO - Running: ['***', 'tasks', 'run', 'tiki_extract_dag', 'extract_data', 'manual__2025-03-09T16:16:30.743507+00:00', '--job-id', '203', '--raw', '--subdir', 'DAGS_FOLDER/tiki_extract_dag.py', '--cfg-path', '/tmp/tmpbczo6v5_']
[2025-03-09T16:16:36.524+0000] {standard_task_runner.py:105} INFO - Job 203: Subtask extract_data
[2025-03-09T16:16:36.518+0000] {standard_task_runner.py:72} INFO - Started process 92 to run task
[2025-03-09T16:16:36.676+0000] {task_command.py:467} INFO - Running <TaskInstance: tiki_extract_dag.extract_data manual__2025-03-09T16:16:30.743507+00:00 [running]> on host 41de56cfff50
[2025-03-09T16:16:37.747+0000] {taskinstance.py:3134} INFO - Exporting env vars: AIRFLOW_CTX_DAG_OWNER='***' AIRFLOW_CTX_DAG_ID='tiki_extract_dag' AIRFLOW_CTX_TASK_ID='extract_data' AIRFLOW_CTX_EXECUTION_DATE='2025-03-09T16:16:30.743507+00:00' AIRFLOW_CTX_TRY_NUMBER='1' AIRFLOW_CTX_DAG_RUN_ID='manual__2025-03-09T16:16:30.743507+00:00'
[2025-03-09T16:16:37.749+0000] {logging_mixin.py:190} INFO - Task instance is in running state
[2025-03-09T16:16:37.750+0000] {logging_mixin.py:190} INFO -  Previous state of the Task instance: queued
[2025-03-09T16:16:37.751+0000] {logging_mixin.py:190} INFO - Current task name:extract_data state:running start_date:2025-03-09 16:16:36.418441+00:00
[2025-03-09T16:16:37.752+0000] {logging_mixin.py:190} INFO - Dag name:tiki_extract_dag and current dag run status:running
[2025-03-09T16:16:37.753+0000] {taskinstance.py:732} INFO - ::endgroup::
[2025-03-09T16:16:37.787+0000] {tiki_extract_dag.py:20} INFO - Loaded categories: ['lam-dep-suc-khoe', 'dien-thoai-may-tinh-bang', 'laptop-may-vi-tinh-linh-kien', 'dien-gia-dung', 'sach', 'thiet-bi-kts-phu-kien-so', 'thoi-trang-nu', 'thoi-trang-nam', 'dong-ho-va-trang-suc', 'dien-tu-dien-lanh']
[2025-03-09T16:16:38.756+0000] {crawl_data.py:106} INFO - Crawling category lam-dep-suc-khoe with 1 pages
[2025-03-09T16:16:39.304+0000] {crawl_data.py:128} INFO - Skipped product 6874429 due to duplicate
[2025-03-09T16:16:39.305+0000] {crawl_data.py:128} INFO - Skipped product 1634983 due to duplicate
[2025-03-09T16:16:39.306+0000] {crawl_data.py:128} INFO - Skipped product 1634981 due to duplicate
[2025-03-09T16:16:39.307+0000] {crawl_data.py:128} INFO - Skipped product 276003962 due to duplicate
[2025-03-09T16:16:39.308+0000] {crawl_data.py:128} INFO - Skipped product 1537315 due to duplicate
[2025-03-09T16:16:39.309+0000] {crawl_data.py:128} INFO - Skipped product 22254660 due to duplicate
[2025-03-09T16:16:39.309+0000] {crawl_data.py:128} INFO - Skipped product 1672157 due to duplicate
[2025-03-09T16:16:39.310+0000] {crawl_data.py:128} INFO - Skipped product 632680 due to duplicate
[2025-03-09T16:16:39.311+0000] {crawl_data.py:128} INFO - Skipped product 767101 due to duplicate
[2025-03-09T16:16:39.312+0000] {crawl_data.py:128} INFO - Skipped product 1672153 due to duplicate
[2025-03-09T16:16:39.313+0000] {crawl_data.py:128} INFO - Skipped product 171564906 due to duplicate
[2025-03-09T16:16:39.313+0000] {crawl_data.py:128} INFO - Skipped product 10071383 due to duplicate
[2025-03-09T16:16:39.314+0000] {crawl_data.py:128} INFO - Skipped product 93078800 due to duplicate
[2025-03-09T16:16:39.315+0000] {crawl_data.py:128} INFO - Skipped product 5902685 due to duplicate
[2025-03-09T16:16:39.315+0000] {crawl_data.py:128} INFO - Skipped product 168562118 due to duplicate
[2025-03-09T16:16:39.316+0000] {crawl_data.py:128} INFO - Skipped product 275970393 due to duplicate
[2025-03-09T16:16:39.317+0000] {crawl_data.py:128} INFO - Skipped product 385582 due to duplicate
[2025-03-09T16:16:39.317+0000] {crawl_data.py:128} INFO - Skipped product 273598230 due to duplicate
[2025-03-09T16:16:39.318+0000] {crawl_data.py:128} INFO - Skipped product 127026903 due to duplicate
[2025-03-09T16:16:39.318+0000] {crawl_data.py:128} INFO - Skipped product 25108217 due to duplicate
[2025-03-09T16:16:39.319+0000] {crawl_data.py:128} INFO - Skipped product 72644676 due to duplicate
[2025-03-09T16:16:39.320+0000] {crawl_data.py:128} INFO - Skipped product 5560235 due to duplicate
[2025-03-09T16:16:39.320+0000] {crawl_data.py:128} INFO - Skipped product 22052325 due to duplicate
[2025-03-09T16:16:39.321+0000] {crawl_data.py:128} INFO - Skipped product 191680827 due to duplicate
[2025-03-09T16:16:39.322+0000] {crawl_data.py:128} INFO - Skipped product 179988643 due to duplicate
[2025-03-09T16:16:39.322+0000] {crawl_data.py:128} INFO - Skipped product 385654 due to duplicate
[2025-03-09T16:16:39.323+0000] {crawl_data.py:128} INFO - Skipped product 1672155 due to duplicate
[2025-03-09T16:16:39.324+0000] {crawl_data.py:128} INFO - Skipped product 91565733 due to duplicate
[2025-03-09T16:16:39.324+0000] {crawl_data.py:128} INFO - Skipped product 186434710 due to duplicate
[2025-03-09T16:16:39.325+0000] {crawl_data.py:128} INFO - Skipped product 20541866 due to duplicate
[2025-03-09T16:16:39.325+0000] {crawl_data.py:128} INFO - Skipped product 128912879 due to duplicate
[2025-03-09T16:16:39.326+0000] {crawl_data.py:128} INFO - Skipped product 2042227 due to duplicate
[2025-03-09T16:16:39.327+0000] {crawl_data.py:128} INFO - Skipped product 1672211 due to duplicate
[2025-03-09T16:16:39.328+0000] {crawl_data.py:128} INFO - Skipped product 118708687 due to duplicate
[2025-03-09T16:16:39.328+0000] {crawl_data.py:128} INFO - Skipped product 14115539 due to duplicate
[2025-03-09T16:16:39.329+0000] {crawl_data.py:128} INFO - Skipped product 108535251 due to duplicate
[2025-03-09T16:16:39.330+0000] {crawl_data.py:128} INFO - Skipped product 95253531 due to duplicate
[2025-03-09T16:16:39.330+0000] {crawl_data.py:128} INFO - Skipped product 10298023 due to duplicate
[2025-03-09T16:16:39.331+0000] {crawl_data.py:128} INFO - Skipped product 133245970 due to duplicate
[2025-03-09T16:16:39.332+0000] {crawl_data.py:128} INFO - Skipped product 3554629 due to duplicate
[2025-03-09T16:16:39.332+0000] {crawl_data.py:131} INFO - Extracted page 1 - lam-dep-suc-khoe, 40 items, total extracted: 0
[2025-03-09T16:16:43.661+0000] {crawl_data.py:106} INFO - Crawling category dien-thoai-may-tinh-bang with 1 pages
[2025-03-09T16:16:44.003+0000] {crawl_data.py:128} INFO - Skipped product 276559198 due to duplicate
[2025-03-09T16:16:44.005+0000] {crawl_data.py:128} INFO - Skipped product 276536922 due to duplicate
[2025-03-09T16:16:44.006+0000] {crawl_data.py:128} INFO - Skipped product 276515327 due to duplicate
[2025-03-09T16:16:44.006+0000] {crawl_data.py:128} INFO - Skipped product 276424626 due to duplicate
[2025-03-09T16:16:44.007+0000] {crawl_data.py:128} INFO - Skipped product 276411458 due to duplicate
[2025-03-09T16:16:44.008+0000] {crawl_data.py:128} INFO - Skipped product 276250878 due to duplicate
[2025-03-09T16:16:44.009+0000] {crawl_data.py:128} INFO - Skipped product 276166741 due to duplicate
[2025-03-09T16:16:44.010+0000] {crawl_data.py:128} INFO - Skipped product 276162093 due to duplicate
[2025-03-09T16:16:44.010+0000] {crawl_data.py:128} INFO - Skipped product 276110349 due to duplicate
[2025-03-09T16:16:44.011+0000] {crawl_data.py:128} INFO - Skipped product 276110276 due to duplicate
[2025-03-09T16:16:44.011+0000] {crawl_data.py:128} INFO - Skipped product 276110023 due to duplicate
[2025-03-09T16:16:44.012+0000] {crawl_data.py:128} INFO - Skipped product 276109904 due to duplicate
[2025-03-09T16:16:44.013+0000] {crawl_data.py:128} INFO - Skipped product 276099688 due to duplicate
[2025-03-09T16:16:44.013+0000] {crawl_data.py:128} INFO - Skipped product 275913708 due to duplicate
[2025-03-09T16:16:44.014+0000] {crawl_data.py:128} INFO - Skipped product 275510578 due to duplicate
[2025-03-09T16:16:44.014+0000] {crawl_data.py:128} INFO - Skipped product 275492145 due to duplicate
[2025-03-09T16:16:44.015+0000] {crawl_data.py:128} INFO - Skipped product 275307093 due to duplicate
[2025-03-09T16:16:44.016+0000] {crawl_data.py:128} INFO - Skipped product 275295008 due to duplicate
[2025-03-09T16:16:44.016+0000] {crawl_data.py:128} INFO - Skipped product 274171148 due to duplicate
[2025-03-09T16:16:44.017+0000] {crawl_data.py:128} INFO - Skipped product 274101262 due to duplicate
[2025-03-09T16:16:44.018+0000] {crawl_data.py:128} INFO - Skipped product 274101255 due to duplicate
[2025-03-09T16:16:44.018+0000] {crawl_data.py:128} INFO - Skipped product 274069052 due to duplicate
[2025-03-09T16:16:44.019+0000] {crawl_data.py:128} INFO - Skipped product 273668660 due to duplicate
[2025-03-09T16:16:44.019+0000] {crawl_data.py:128} INFO - Skipped product 273258825 due to duplicate
[2025-03-09T16:16:44.020+0000] {crawl_data.py:128} INFO - Skipped product 271128271 due to duplicate
[2025-03-09T16:16:44.021+0000] {crawl_data.py:128} INFO - Skipped product 270975124 due to duplicate
[2025-03-09T16:16:44.021+0000] {crawl_data.py:128} INFO - Skipped product 252586291 due to duplicate
[2025-03-09T16:16:44.022+0000] {crawl_data.py:128} INFO - Skipped product 217706932 due to duplicate
[2025-03-09T16:16:44.023+0000] {crawl_data.py:128} INFO - Skipped product 205815576 due to duplicate
[2025-03-09T16:16:44.023+0000] {crawl_data.py:128} INFO - Skipped product 201067649 due to duplicate
[2025-03-09T16:16:44.024+0000] {crawl_data.py:128} INFO - Skipped product 191350420 due to duplicate
[2025-03-09T16:16:44.025+0000] {crawl_data.py:128} INFO - Skipped product 184059211 due to duplicate
[2025-03-09T16:16:44.026+0000] {crawl_data.py:128} INFO - Skipped product 183330021 due to duplicate
[2025-03-09T16:16:44.026+0000] {crawl_data.py:128} INFO - Skipped product 181977398 due to duplicate
[2025-03-09T16:16:44.027+0000] {crawl_data.py:128} INFO - Skipped product 181928619 due to duplicate
[2025-03-09T16:16:44.028+0000] {crawl_data.py:128} INFO - Skipped product 170727266 due to duplicate
[2025-03-09T16:16:44.029+0000] {crawl_data.py:128} INFO - Skipped product 170165701 due to duplicate
[2025-03-09T16:16:44.030+0000] {crawl_data.py:128} INFO - Skipped product 163914808 due to duplicate
[2025-03-09T16:16:44.031+0000] {crawl_data.py:128} INFO - Skipped product 125182567 due to duplicate
[2025-03-09T16:16:44.031+0000] {crawl_data.py:128} INFO - Skipped product 118139108 due to duplicate
[2025-03-09T16:16:44.032+0000] {crawl_data.py:131} INFO - Extracted page 1 - dien-thoai-may-tinh-bang, 40 items, total extracted: 0
[2025-03-09T16:16:46.459+0000] {crawl_data.py:106} INFO - Crawling category laptop-may-vi-tinh-linh-kien with 1 pages
[2025-03-09T16:16:46.964+0000] {crawl_data.py:128} INFO - Skipped product 275797120 due to duplicate
[2025-03-09T16:16:46.964+0000] {crawl_data.py:128} INFO - Skipped product 275196131 due to duplicate
[2025-03-09T16:16:46.965+0000] {crawl_data.py:128} INFO - Skipped product 275171088 due to duplicate
[2025-03-09T16:16:46.966+0000] {crawl_data.py:128} INFO - Skipped product 273124552 due to duplicate
[2025-03-09T16:16:46.967+0000] {crawl_data.py:128} INFO - Skipped product 247241493 due to duplicate
[2025-03-09T16:16:46.967+0000] {crawl_data.py:128} INFO - Skipped product 192208694 due to duplicate
[2025-03-09T16:16:46.968+0000] {crawl_data.py:128} INFO - Skipped product 191975880 due to duplicate
[2025-03-09T16:16:46.969+0000] {crawl_data.py:128} INFO - Skipped product 191629807 due to duplicate
[2025-03-09T16:16:46.969+0000] {crawl_data.py:128} INFO - Skipped product 174593821 due to duplicate
[2025-03-09T16:16:46.970+0000] {crawl_data.py:128} INFO - Skipped product 142459136 due to duplicate
[2025-03-09T16:16:46.971+0000] {crawl_data.py:128} INFO - Skipped product 138481685 due to duplicate
[2025-03-09T16:16:46.971+0000] {crawl_data.py:128} INFO - Skipped product 137805214 due to duplicate
[2025-03-09T16:16:46.972+0000] {crawl_data.py:128} INFO - Skipped product 134561311 due to duplicate
[2025-03-09T16:16:46.972+0000] {crawl_data.py:128} INFO - Skipped product 107360880 due to duplicate
[2025-03-09T16:16:46.973+0000] {crawl_data.py:128} INFO - Skipped product 107058325 due to duplicate
[2025-03-09T16:16:46.974+0000] {crawl_data.py:128} INFO - Skipped product 100625195 due to duplicate
[2025-03-09T16:16:46.974+0000] {crawl_data.py:128} INFO - Skipped product 86123397 due to duplicate
[2025-03-09T16:16:46.975+0000] {crawl_data.py:128} INFO - Skipped product 78020993 due to duplicate
[2025-03-09T16:16:46.975+0000] {crawl_data.py:128} INFO - Skipped product 76283023 due to duplicate
[2025-03-09T16:16:46.976+0000] {crawl_data.py:128} INFO - Skipped product 76181490 due to duplicate
[2025-03-09T16:16:46.977+0000] {crawl_data.py:128} INFO - Skipped product 76054860 due to duplicate
[2025-03-09T16:16:46.977+0000] {crawl_data.py:128} INFO - Skipped product 74561661 due to duplicate
[2025-03-09T16:16:46.978+0000] {crawl_data.py:128} INFO - Skipped product 74547194 due to duplicate
[2025-03-09T16:16:46.978+0000] {crawl_data.py:128} INFO - Skipped product 73312665 due to duplicate
[2025-03-09T16:16:46.979+0000] {crawl_data.py:128} INFO - Skipped product 68828151 due to duplicate
[2025-03-09T16:16:46.980+0000] {crawl_data.py:128} INFO - Skipped product 59251056 due to duplicate
[2025-03-09T16:16:46.981+0000] {crawl_data.py:128} INFO - Skipped product 53080935 due to duplicate
[2025-03-09T16:16:46.981+0000] {crawl_data.py:128} INFO - Skipped product 53056161 due to duplicate
[2025-03-09T16:16:46.982+0000] {crawl_data.py:128} INFO - Skipped product 42561594 due to duplicate
[2025-03-09T16:16:46.983+0000] {crawl_data.py:128} INFO - Skipped product 10001369 due to duplicate
[2025-03-09T16:16:46.983+0000] {crawl_data.py:128} INFO - Skipped product 6910261 due to duplicate
[2025-03-09T16:16:46.984+0000] {crawl_data.py:128} INFO - Skipped product 6403893 due to duplicate
[2025-03-09T16:16:46.984+0000] {crawl_data.py:128} INFO - Skipped product 3054369 due to duplicate
[2025-03-09T16:16:46.985+0000] {crawl_data.py:128} INFO - Skipped product 806672 due to duplicate
[2025-03-09T16:16:46.986+0000] {crawl_data.py:128} INFO - Skipped product 754249 due to duplicate
[2025-03-09T16:16:46.987+0000] {crawl_data.py:128} INFO - Skipped product 618526 due to duplicate
[2025-03-09T16:16:46.987+0000] {crawl_data.py:128} INFO - Skipped product 511960 due to duplicate
[2025-03-09T16:16:46.988+0000] {crawl_data.py:128} INFO - Skipped product 465219 due to duplicate
[2025-03-09T16:16:46.989+0000] {crawl_data.py:128} INFO - Skipped product 416990 due to duplicate
[2025-03-09T16:16:46.990+0000] {crawl_data.py:128} INFO - Skipped product 416978 due to duplicate
[2025-03-09T16:16:46.990+0000] {crawl_data.py:131} INFO - Extracted page 1 - laptop-may-vi-tinh-linh-kien, 40 items, total extracted: 0
[2025-03-09T16:16:51.628+0000] {crawl_data.py:106} INFO - Crawling category dien-gia-dung with 1 pages
[2025-03-09T16:16:52.142+0000] {crawl_data.py:128} INFO - Skipped product 275515112 due to duplicate
[2025-03-09T16:16:52.143+0000] {crawl_data.py:128} INFO - Skipped product 275189129 due to duplicate
[2025-03-09T16:16:52.144+0000] {crawl_data.py:128} INFO - Skipped product 274160498 due to duplicate
[2025-03-09T16:16:52.145+0000] {crawl_data.py:128} INFO - Skipped product 273561794 due to duplicate
[2025-03-09T16:16:52.145+0000] {crawl_data.py:128} INFO - Skipped product 273310816 due to duplicate
[2025-03-09T16:16:52.146+0000] {crawl_data.py:128} INFO - Skipped product 262733056 due to duplicate
[2025-03-09T16:16:52.147+0000] {crawl_data.py:128} INFO - Skipped product 188042106 due to duplicate
[2025-03-09T16:16:52.147+0000] {crawl_data.py:128} INFO - Skipped product 187938785 due to duplicate
[2025-03-09T16:16:52.148+0000] {crawl_data.py:128} INFO - Skipped product 157950027 due to duplicate
[2025-03-09T16:16:52.149+0000] {crawl_data.py:128} INFO - Skipped product 147903537 due to duplicate
[2025-03-09T16:16:52.150+0000] {crawl_data.py:128} INFO - Skipped product 147903536 due to duplicate
[2025-03-09T16:16:52.150+0000] {crawl_data.py:128} INFO - Skipped product 134333384 due to duplicate
[2025-03-09T16:16:52.151+0000] {crawl_data.py:128} INFO - Skipped product 127046577 due to duplicate
[2025-03-09T16:16:52.152+0000] {crawl_data.py:128} INFO - Skipped product 110255220 due to duplicate
[2025-03-09T16:16:52.152+0000] {crawl_data.py:128} INFO - Skipped product 104908436 due to duplicate
[2025-03-09T16:16:52.153+0000] {crawl_data.py:128} INFO - Skipped product 104850983 due to duplicate
[2025-03-09T16:16:52.154+0000] {crawl_data.py:128} INFO - Skipped product 78488079 due to duplicate
[2025-03-09T16:16:52.154+0000] {crawl_data.py:128} INFO - Skipped product 74890928 due to duplicate
[2025-03-09T16:16:52.155+0000] {crawl_data.py:128} INFO - Skipped product 74173695 due to duplicate
[2025-03-09T16:16:52.155+0000] {crawl_data.py:128} INFO - Skipped product 72825272 due to duplicate
[2025-03-09T16:16:52.156+0000] {crawl_data.py:128} INFO - Skipped product 68771348 due to duplicate
[2025-03-09T16:16:52.157+0000] {crawl_data.py:128} INFO - Skipped product 66512832 due to duplicate
[2025-03-09T16:16:52.157+0000] {crawl_data.py:128} INFO - Skipped product 63564217 due to duplicate
[2025-03-09T16:16:52.158+0000] {crawl_data.py:128} INFO - Skipped product 59479717 due to duplicate
[2025-03-09T16:16:52.159+0000] {crawl_data.py:128} INFO - Skipped product 54716577 due to duplicate
[2025-03-09T16:16:52.159+0000] {crawl_data.py:128} INFO - Skipped product 48962414 due to duplicate
[2025-03-09T16:16:52.160+0000] {crawl_data.py:128} INFO - Skipped product 48025254 due to duplicate
[2025-03-09T16:16:52.160+0000] {crawl_data.py:128} INFO - Skipped product 44996545 due to duplicate
[2025-03-09T16:16:52.161+0000] {crawl_data.py:128} INFO - Skipped product 36626940 due to duplicate
[2025-03-09T16:16:52.162+0000] {crawl_data.py:128} INFO - Skipped product 11755648 due to duplicate
[2025-03-09T16:16:52.162+0000] {crawl_data.py:128} INFO - Skipped product 10597625 due to duplicate
[2025-03-09T16:16:52.163+0000] {crawl_data.py:128} INFO - Skipped product 9483224 due to duplicate
[2025-03-09T16:16:52.164+0000] {crawl_data.py:128} INFO - Skipped product 4701559 due to duplicate
[2025-03-09T16:16:52.164+0000] {crawl_data.py:128} INFO - Skipped product 4534531 due to duplicate
[2025-03-09T16:16:52.165+0000] {crawl_data.py:128} INFO - Skipped product 3480333 due to duplicate
[2025-03-09T16:16:52.166+0000] {crawl_data.py:128} INFO - Skipped product 2365901 due to duplicate
[2025-03-09T16:16:52.166+0000] {crawl_data.py:128} INFO - Skipped product 794609 due to duplicate
[2025-03-09T16:16:52.167+0000] {crawl_data.py:128} INFO - Skipped product 558109 due to duplicate
[2025-03-09T16:16:52.167+0000] {crawl_data.py:128} INFO - Skipped product 530774 due to duplicate
[2025-03-09T16:16:52.168+0000] {crawl_data.py:128} INFO - Skipped product 414764 due to duplicate
[2025-03-09T16:16:52.169+0000] {crawl_data.py:131} INFO - Extracted page 1 - dien-gia-dung, 40 items, total extracted: 0
[2025-03-09T16:16:55.830+0000] {crawl_data.py:106} INFO - Crawling category sach with 1 pages
[2025-03-09T16:16:56.331+0000] {crawl_data.py:128} INFO - Skipped product 276159943 due to duplicate
[2025-03-09T16:16:56.332+0000] {crawl_data.py:128} INFO - Skipped product 275702538 due to duplicate
[2025-03-09T16:16:56.333+0000] {crawl_data.py:128} INFO - Skipped product 275406600 due to duplicate
[2025-03-09T16:16:56.334+0000] {crawl_data.py:128} INFO - Skipped product 273844978 due to duplicate
[2025-03-09T16:16:56.335+0000] {crawl_data.py:128} INFO - Skipped product 263070154 due to duplicate
[2025-03-09T16:16:56.336+0000] {crawl_data.py:128} INFO - Skipped product 225269677 due to duplicate
[2025-03-09T16:16:56.337+0000] {crawl_data.py:128} INFO - Skipped product 209389165 due to duplicate
[2025-03-09T16:16:56.339+0000] {crawl_data.py:128} INFO - Skipped product 196932307 due to duplicate
[2025-03-09T16:16:56.340+0000] {crawl_data.py:128} INFO - Skipped product 195801686 due to duplicate
[2025-03-09T16:16:56.340+0000] {crawl_data.py:128} INFO - Skipped product 194960721 due to duplicate
[2025-03-09T16:16:56.341+0000] {crawl_data.py:128} INFO - Skipped product 194959173 due to duplicate
[2025-03-09T16:16:56.342+0000] {crawl_data.py:128} INFO - Skipped product 193614514 due to duplicate
[2025-03-09T16:16:56.342+0000] {crawl_data.py:128} INFO - Skipped product 193151000 due to duplicate
[2025-03-09T16:16:56.343+0000] {crawl_data.py:128} INFO - Skipped product 190861557 due to duplicate
[2025-03-09T16:16:56.344+0000] {crawl_data.py:128} INFO - Skipped product 189643105 due to duplicate
[2025-03-09T16:16:56.345+0000] {crawl_data.py:128} INFO - Skipped product 188940817 due to duplicate
[2025-03-09T16:16:56.346+0000] {crawl_data.py:128} INFO - Skipped product 184466860 due to duplicate
[2025-03-09T16:16:56.347+0000] {crawl_data.py:128} INFO - Skipped product 171556602 due to duplicate
[2025-03-09T16:16:56.348+0000] {crawl_data.py:128} INFO - Skipped product 170708233 due to duplicate
[2025-03-09T16:16:56.349+0000] {crawl_data.py:128} INFO - Skipped product 168283405 due to duplicate
[2025-03-09T16:16:56.349+0000] {crawl_data.py:128} INFO - Skipped product 161310103 due to duplicate
[2025-03-09T16:16:56.350+0000] {crawl_data.py:128} INFO - Skipped product 161008715 due to duplicate
[2025-03-09T16:16:56.351+0000] {crawl_data.py:128} INFO - Skipped product 157432544 due to duplicate
[2025-03-09T16:16:56.352+0000] {crawl_data.py:128} INFO - Skipped product 145288029 due to duplicate
[2025-03-09T16:16:56.352+0000] {crawl_data.py:128} INFO - Skipped product 138107485 due to duplicate
[2025-03-09T16:16:56.353+0000] {crawl_data.py:128} INFO - Skipped product 114937969 due to duplicate
[2025-03-09T16:16:56.354+0000] {crawl_data.py:128} INFO - Skipped product 113530805 due to duplicate
[2025-03-09T16:16:56.355+0000] {crawl_data.py:128} INFO - Skipped product 106185389 due to duplicate
[2025-03-09T16:16:56.356+0000] {crawl_data.py:128} INFO - Skipped product 104769768 due to duplicate
[2025-03-09T16:16:56.357+0000] {crawl_data.py:128} INFO - Skipped product 103379147 due to duplicate
[2025-03-09T16:16:56.358+0000] {crawl_data.py:128} INFO - Skipped product 85763211 due to duplicate
[2025-03-09T16:16:56.359+0000] {crawl_data.py:128} INFO - Skipped product 78598381 due to duplicate
[2025-03-09T16:16:56.359+0000] {crawl_data.py:128} INFO - Skipped product 77774625 due to duplicate
[2025-03-09T16:16:56.360+0000] {crawl_data.py:128} INFO - Skipped product 74021317 due to duplicate
[2025-03-09T16:16:56.361+0000] {crawl_data.py:128} INFO - Skipped product 73787185 due to duplicate
[2025-03-09T16:16:56.362+0000] {crawl_data.py:128} INFO - Skipped product 72308265 due to duplicate
[2025-03-09T16:16:56.363+0000] {crawl_data.py:128} INFO - Skipped product 54614797 due to duplicate
[2025-03-09T16:16:56.363+0000] {crawl_data.py:128} INFO - Skipped product 53720978 due to duplicate
[2025-03-09T16:16:56.364+0000] {crawl_data.py:128} INFO - Skipped product 52788072 due to duplicate
[2025-03-09T16:16:56.365+0000] {crawl_data.py:128} INFO - Skipped product 8885995 due to duplicate
[2025-03-09T16:16:56.365+0000] {crawl_data.py:131} INFO - Extracted page 1 - sach, 40 items, total extracted: 0
[2025-03-09T16:16:58.614+0000] {crawl_data.py:106} INFO - Crawling category thiet-bi-kts-phu-kien-so with 1 pages
[2025-03-09T16:16:59.013+0000] {crawl_data.py:128} INFO - Skipped product 276135518 due to duplicate
[2025-03-09T16:16:59.014+0000] {crawl_data.py:128} INFO - Skipped product 110850007 due to duplicate
[2025-03-09T16:16:59.014+0000] {crawl_data.py:128} INFO - Skipped product 116566083 due to duplicate
[2025-03-09T16:16:59.015+0000] {crawl_data.py:128} INFO - Skipped product 73315307 due to duplicate
[2025-03-09T16:16:59.016+0000] {crawl_data.py:128} INFO - Skipped product 142439870 due to duplicate
[2025-03-09T16:16:59.017+0000] {crawl_data.py:128} INFO - Skipped product 52945747 due to duplicate
[2025-03-09T16:16:59.018+0000] {crawl_data.py:128} INFO - Skipped product 174593826 due to duplicate
[2025-03-09T16:16:59.018+0000] {crawl_data.py:128} INFO - Skipped product 134364129 due to duplicate
[2025-03-09T16:16:59.019+0000] {crawl_data.py:128} INFO - Skipped product 389145 due to duplicate
[2025-03-09T16:16:59.020+0000] {crawl_data.py:128} INFO - Skipped product 172146754 due to duplicate
[2025-03-09T16:16:59.020+0000] {crawl_data.py:128} INFO - Skipped product 174593860 due to duplicate
[2025-03-09T16:16:59.021+0000] {crawl_data.py:128} INFO - Skipped product 116725239 due to duplicate
[2025-03-09T16:16:59.022+0000] {crawl_data.py:128} INFO - Skipped product 276117054 due to duplicate
[2025-03-09T16:16:59.022+0000] {crawl_data.py:128} INFO - Skipped product 36007224 due to duplicate
[2025-03-09T16:16:59.023+0000] {crawl_data.py:128} INFO - Skipped product 126697 due to duplicate
[2025-03-09T16:16:59.024+0000] {crawl_data.py:128} INFO - Skipped product 162772687 due to duplicate
[2025-03-09T16:16:59.025+0000] {crawl_data.py:128} INFO - Skipped product 137864606 due to duplicate
[2025-03-09T16:16:59.025+0000] {crawl_data.py:128} INFO - Skipped product 227746564 due to duplicate
[2025-03-09T16:16:59.026+0000] {crawl_data.py:128} INFO - Skipped product 274388406 due to duplicate
[2025-03-09T16:16:59.027+0000] {crawl_data.py:128} INFO - Skipped product 299461 due to duplicate
[2025-03-09T16:16:59.027+0000] {crawl_data.py:128} INFO - Skipped product 3671793 due to duplicate
[2025-03-09T16:16:59.028+0000] {crawl_data.py:128} INFO - Skipped product 161007768 due to duplicate
[2025-03-09T16:16:59.029+0000] {crawl_data.py:128} INFO - Skipped product 170273830 due to duplicate
[2025-03-09T16:16:59.029+0000] {crawl_data.py:128} INFO - Skipped product 176752662 due to duplicate
[2025-03-09T16:16:59.030+0000] {crawl_data.py:128} INFO - Skipped product 263433314 due to duplicate
[2025-03-09T16:16:59.031+0000] {crawl_data.py:128} INFO - Skipped product 80857582 due to duplicate
[2025-03-09T16:16:59.031+0000] {crawl_data.py:128} INFO - Skipped product 35420153 due to duplicate
[2025-03-09T16:16:59.032+0000] {crawl_data.py:128} INFO - Skipped product 359484 due to duplicate
[2025-03-09T16:16:59.033+0000] {crawl_data.py:128} INFO - Skipped product 179541784 due to duplicate
[2025-03-09T16:16:59.033+0000] {crawl_data.py:128} INFO - Skipped product 191502436 due to duplicate
[2025-03-09T16:16:59.034+0000] {crawl_data.py:128} INFO - Skipped product 174599595 due to duplicate
[2025-03-09T16:16:59.035+0000] {crawl_data.py:128} INFO - Skipped product 49648343 due to duplicate
[2025-03-09T16:16:59.036+0000] {crawl_data.py:128} INFO - Skipped product 89208874 due to duplicate
[2025-03-09T16:16:59.037+0000] {crawl_data.py:128} INFO - Skipped product 554401 due to duplicate
[2025-03-09T16:16:59.038+0000] {crawl_data.py:128} INFO - Skipped product 192977208 due to duplicate
[2025-03-09T16:16:59.039+0000] {crawl_data.py:128} INFO - Skipped product 107067035 due to duplicate
[2025-03-09T16:16:59.039+0000] {crawl_data.py:128} INFO - Skipped product 88796437 due to duplicate
[2025-03-09T16:16:59.040+0000] {crawl_data.py:128} INFO - Skipped product 68985833 due to duplicate
[2025-03-09T16:16:59.041+0000] {crawl_data.py:128} INFO - Skipped product 49658272 due to duplicate
[2025-03-09T16:16:59.041+0000] {crawl_data.py:128} INFO - Skipped product 4312979 due to duplicate
[2025-03-09T16:16:59.042+0000] {crawl_data.py:131} INFO - Extracted page 1 - thiet-bi-kts-phu-kien-so, 40 items, total extracted: 0
[2025-03-09T16:17:03.281+0000] {crawl_data.py:106} INFO - Crawling category thoi-trang-nu with 1 pages
[2025-03-09T16:17:03.804+0000] {crawl_data.py:128} INFO - Skipped product 272394686 due to duplicate
[2025-03-09T16:17:03.806+0000] {crawl_data.py:128} INFO - Skipped product 187657697 due to duplicate
[2025-03-09T16:17:03.807+0000] {crawl_data.py:128} INFO - Skipped product 182148167 due to duplicate
[2025-03-09T16:17:03.808+0000] {crawl_data.py:128} INFO - Skipped product 177320879 due to duplicate
[2025-03-09T16:17:03.809+0000] {crawl_data.py:128} INFO - Skipped product 166530485 due to duplicate
[2025-03-09T16:17:03.810+0000] {crawl_data.py:128} INFO - Skipped product 165844516 due to duplicate
[2025-03-09T16:17:03.811+0000] {crawl_data.py:128} INFO - Skipped product 146635373 due to duplicate
[2025-03-09T16:17:03.812+0000] {crawl_data.py:128} INFO - Skipped product 145289939 due to duplicate
[2025-03-09T16:17:03.815+0000] {crawl_data.py:128} INFO - Skipped product 144324230 due to duplicate
[2025-03-09T16:17:03.817+0000] {crawl_data.py:128} INFO - Skipped product 132171331 due to duplicate
[2025-03-09T16:17:03.818+0000] {crawl_data.py:128} INFO - Skipped product 132126497 due to duplicate
[2025-03-09T16:17:03.819+0000] {crawl_data.py:128} INFO - Skipped product 131907412 due to duplicate
[2025-03-09T16:17:03.819+0000] {crawl_data.py:128} INFO - Skipped product 124238677 due to duplicate
[2025-03-09T16:17:03.820+0000] {crawl_data.py:128} INFO - Skipped product 118014158 due to duplicate
[2025-03-09T16:17:03.821+0000] {crawl_data.py:128} INFO - Skipped product 107056472 due to duplicate
[2025-03-09T16:17:03.823+0000] {crawl_data.py:128} INFO - Skipped product 106782807 due to duplicate
[2025-03-09T16:17:03.824+0000] {crawl_data.py:128} INFO - Skipped product 106765137 due to duplicate
[2025-03-09T16:17:03.824+0000] {crawl_data.py:128} INFO - Skipped product 106750367 due to duplicate
[2025-03-09T16:17:03.825+0000] {crawl_data.py:128} INFO - Skipped product 106002718 due to duplicate
[2025-03-09T16:17:03.826+0000] {crawl_data.py:128} INFO - Skipped product 101949563 due to duplicate
[2025-03-09T16:17:03.827+0000] {crawl_data.py:128} INFO - Skipped product 101439243 due to duplicate
[2025-03-09T16:17:03.828+0000] {crawl_data.py:128} INFO - Skipped product 97790859 due to duplicate
[2025-03-09T16:17:03.829+0000] {crawl_data.py:128} INFO - Skipped product 84574514 due to duplicate
[2025-03-09T16:17:03.830+0000] {crawl_data.py:128} INFO - Skipped product 84446029 due to duplicate
[2025-03-09T16:17:03.831+0000] {crawl_data.py:128} INFO - Skipped product 83907537 due to duplicate
[2025-03-09T16:17:03.832+0000] {crawl_data.py:128} INFO - Skipped product 83812939 due to duplicate
[2025-03-09T16:17:03.833+0000] {crawl_data.py:128} INFO - Skipped product 83757503 due to duplicate
[2025-03-09T16:17:03.834+0000] {crawl_data.py:128} INFO - Skipped product 82874281 due to duplicate
[2025-03-09T16:17:03.835+0000] {crawl_data.py:128} INFO - Skipped product 82704606 due to duplicate
[2025-03-09T16:17:03.835+0000] {crawl_data.py:128} INFO - Skipped product 82700848 due to duplicate
[2025-03-09T16:17:03.836+0000] {crawl_data.py:128} INFO - Skipped product 82700777 due to duplicate
[2025-03-09T16:17:03.837+0000] {crawl_data.py:128} INFO - Skipped product 82695200 due to duplicate
[2025-03-09T16:17:03.838+0000] {crawl_data.py:128} INFO - Skipped product 76661889 due to duplicate
[2025-03-09T16:17:03.839+0000] {crawl_data.py:128} INFO - Skipped product 68196229 due to duplicate
[2025-03-09T16:17:03.840+0000] {crawl_data.py:128} INFO - Skipped product 66089930 due to duplicate
[2025-03-09T16:17:03.841+0000] {crawl_data.py:128} INFO - Skipped product 57982432 due to duplicate
[2025-03-09T16:17:03.842+0000] {crawl_data.py:128} INFO - Skipped product 55042458 due to duplicate
[2025-03-09T16:17:03.842+0000] {crawl_data.py:128} INFO - Skipped product 44248342 due to duplicate
[2025-03-09T16:17:03.843+0000] {crawl_data.py:128} INFO - Skipped product 42712220 due to duplicate
[2025-03-09T16:17:03.844+0000] {crawl_data.py:128} INFO - Skipped product 36904256 due to duplicate
[2025-03-09T16:17:03.845+0000] {crawl_data.py:131} INFO - Extracted page 1 - thoi-trang-nu, 40 items, total extracted: 0
[2025-03-09T16:17:07.929+0000] {crawl_data.py:106} INFO - Crawling category thoi-trang-nam with 1 pages
[2025-03-09T16:17:08.482+0000] {crawl_data.py:128} INFO - Skipped product 276233070 due to duplicate
[2025-03-09T16:17:08.483+0000] {crawl_data.py:128} INFO - Skipped product 199752718 due to duplicate
[2025-03-09T16:17:08.484+0000] {crawl_data.py:128} INFO - Skipped product 193504415 due to duplicate
[2025-03-09T16:17:08.484+0000] {crawl_data.py:128} INFO - Skipped product 187574051 due to duplicate
[2025-03-09T16:17:08.485+0000] {crawl_data.py:128} INFO - Skipped product 176250783 due to duplicate
[2025-03-09T16:17:08.486+0000] {crawl_data.py:128} INFO - Skipped product 172210350 due to duplicate
[2025-03-09T16:17:08.486+0000] {crawl_data.py:128} INFO - Skipped product 163149118 due to duplicate
[2025-03-09T16:17:08.487+0000] {crawl_data.py:128} INFO - Skipped product 162033134 due to duplicate
[2025-03-09T16:17:08.488+0000] {crawl_data.py:128} INFO - Skipped product 154298071 due to duplicate
[2025-03-09T16:17:08.488+0000] {crawl_data.py:128} INFO - Skipped product 145680551 due to duplicate
[2025-03-09T16:17:08.489+0000] {crawl_data.py:128} INFO - Skipped product 133821238 due to duplicate
[2025-03-09T16:17:08.490+0000] {crawl_data.py:128} INFO - Skipped product 126700166 due to duplicate
[2025-03-09T16:17:08.491+0000] {crawl_data.py:128} INFO - Skipped product 126146318 due to duplicate
[2025-03-09T16:17:08.492+0000] {crawl_data.py:128} INFO - Skipped product 124635780 due to duplicate
[2025-03-09T16:17:08.492+0000] {crawl_data.py:128} INFO - Skipped product 111972654 due to duplicate
[2025-03-09T16:17:08.493+0000] {crawl_data.py:128} INFO - Skipped product 109403033 due to duplicate
[2025-03-09T16:17:08.493+0000] {crawl_data.py:128} INFO - Skipped product 107186342 due to duplicate
[2025-03-09T16:17:08.494+0000] {crawl_data.py:128} INFO - Skipped product 104312787 due to duplicate
[2025-03-09T16:17:08.495+0000] {crawl_data.py:128} INFO - Skipped product 104080625 due to duplicate
[2025-03-09T16:17:08.495+0000] {crawl_data.py:128} INFO - Skipped product 103076103 due to duplicate
[2025-03-09T16:17:08.496+0000] {crawl_data.py:128} INFO - Skipped product 99968881 due to duplicate
[2025-03-09T16:17:08.497+0000] {crawl_data.py:128} INFO - Skipped product 99958075 due to duplicate
[2025-03-09T16:17:08.498+0000] {crawl_data.py:128} INFO - Skipped product 95052893 due to duplicate
[2025-03-09T16:17:08.498+0000] {crawl_data.py:128} INFO - Skipped product 88011606 due to duplicate
[2025-03-09T16:17:08.499+0000] {crawl_data.py:128} INFO - Skipped product 87981660 due to duplicate
[2025-03-09T16:17:08.500+0000] {crawl_data.py:128} INFO - Skipped product 79435123 due to duplicate
[2025-03-09T16:17:08.500+0000] {crawl_data.py:128} INFO - Skipped product 76537581 due to duplicate
[2025-03-09T16:17:08.501+0000] {crawl_data.py:128} INFO - Skipped product 75329276 due to duplicate
[2025-03-09T16:17:08.501+0000] {crawl_data.py:128} INFO - Skipped product 74536479 due to duplicate
[2025-03-09T16:17:08.502+0000] {crawl_data.py:128} INFO - Skipped product 56614642 due to duplicate
[2025-03-09T16:17:08.503+0000] {crawl_data.py:128} INFO - Skipped product 52189164 due to duplicate
[2025-03-09T16:17:08.503+0000] {crawl_data.py:128} INFO - Skipped product 52184516 due to duplicate
[2025-03-09T16:17:08.504+0000] {crawl_data.py:128} INFO - Skipped product 35087712 due to duplicate
[2025-03-09T16:17:08.505+0000] {crawl_data.py:128} INFO - Skipped product 31638135 due to duplicate
[2025-03-09T16:17:08.505+0000] {crawl_data.py:128} INFO - Skipped product 31637590 due to duplicate
[2025-03-09T16:17:08.506+0000] {crawl_data.py:128} INFO - Skipped product 16712370 due to duplicate
[2025-03-09T16:17:08.506+0000] {crawl_data.py:128} INFO - Skipped product 14694284 due to duplicate
[2025-03-09T16:17:08.507+0000] {crawl_data.py:128} INFO - Skipped product 9730171 due to duplicate
[2025-03-09T16:17:08.508+0000] {crawl_data.py:128} INFO - Skipped product 7599073 due to duplicate
[2025-03-09T16:17:08.509+0000] {crawl_data.py:128} INFO - Skipped product 4965821 due to duplicate
[2025-03-09T16:17:08.509+0000] {crawl_data.py:131} INFO - Extracted page 1 - thoi-trang-nam, 40 items, total extracted: 0
[2025-03-09T16:17:11.122+0000] {crawl_data.py:106} INFO - Crawling category dong-ho-va-trang-suc with 1 pages
[2025-03-09T16:17:11.657+0000] {crawl_data.py:128} INFO - Skipped product 242778439 due to duplicate
[2025-03-09T16:17:11.659+0000] {crawl_data.py:128} INFO - Skipped product 205081199 due to duplicate
[2025-03-09T16:17:11.659+0000] {crawl_data.py:128} INFO - Skipped product 204038070 due to duplicate
[2025-03-09T16:17:11.660+0000] {crawl_data.py:128} INFO - Skipped product 194500873 due to duplicate
[2025-03-09T16:17:11.661+0000] {crawl_data.py:128} INFO - Skipped product 178029300 due to duplicate
[2025-03-09T16:17:11.662+0000] {crawl_data.py:128} INFO - Skipped product 178027547 due to duplicate
[2025-03-09T16:17:11.662+0000] {crawl_data.py:128} INFO - Skipped product 150615727 due to duplicate
[2025-03-09T16:17:11.663+0000] {crawl_data.py:128} INFO - Skipped product 145763594 due to duplicate
[2025-03-09T16:17:11.664+0000] {crawl_data.py:128} INFO - Skipped product 145763569 due to duplicate
[2025-03-09T16:17:11.665+0000] {crawl_data.py:128} INFO - Skipped product 143960604 due to duplicate
[2025-03-09T16:17:11.666+0000] {crawl_data.py:128} INFO - Skipped product 143838450 due to duplicate
[2025-03-09T16:17:11.666+0000] {crawl_data.py:128} INFO - Skipped product 137946676 due to duplicate
[2025-03-09T16:17:11.667+0000] {crawl_data.py:128} INFO - Skipped product 137941919 due to duplicate
[2025-03-09T16:17:11.668+0000] {crawl_data.py:128} INFO - Skipped product 134441706 due to duplicate
[2025-03-09T16:17:11.669+0000] {crawl_data.py:128} INFO - Skipped product 113403111 due to duplicate
[2025-03-09T16:17:11.670+0000] {crawl_data.py:128} INFO - Skipped product 106390176 due to duplicate
[2025-03-09T16:17:11.671+0000] {crawl_data.py:128} INFO - Skipped product 105985711 due to duplicate
[2025-03-09T16:17:11.671+0000] {crawl_data.py:128} INFO - Skipped product 97894870 due to duplicate
[2025-03-09T16:17:11.672+0000] {crawl_data.py:128} INFO - Skipped product 93819008 due to duplicate
[2025-03-09T16:17:11.673+0000] {crawl_data.py:128} INFO - Skipped product 92817188 due to duplicate
[2025-03-09T16:17:11.673+0000] {crawl_data.py:128} INFO - Skipped product 74853731 due to duplicate
[2025-03-09T16:17:11.674+0000] {crawl_data.py:128} INFO - Skipped product 70841244 due to duplicate
[2025-03-09T16:17:11.675+0000] {crawl_data.py:128} INFO - Skipped product 68427641 due to duplicate
[2025-03-09T16:17:11.675+0000] {crawl_data.py:128} INFO - Skipped product 59084567 due to duplicate
[2025-03-09T16:17:11.676+0000] {crawl_data.py:128} INFO - Skipped product 54687717 due to duplicate
[2025-03-09T16:17:11.677+0000] {crawl_data.py:128} INFO - Skipped product 52469205 due to duplicate
[2025-03-09T16:17:11.678+0000] {crawl_data.py:128} INFO - Skipped product 51104756 due to duplicate
[2025-03-09T16:17:11.678+0000] {crawl_data.py:128} INFO - Skipped product 48658720 due to duplicate
[2025-03-09T16:17:11.679+0000] {crawl_data.py:128} INFO - Skipped product 42194457 due to duplicate
[2025-03-09T16:17:11.679+0000] {crawl_data.py:128} INFO - Skipped product 37156749 due to duplicate
[2025-03-09T16:17:11.680+0000] {crawl_data.py:128} INFO - Skipped product 35507445 due to duplicate
[2025-03-09T16:17:11.681+0000] {crawl_data.py:128} INFO - Skipped product 33630695 due to duplicate
[2025-03-09T16:17:11.681+0000] {crawl_data.py:128} INFO - Skipped product 27733854 due to duplicate
[2025-03-09T16:17:11.682+0000] {crawl_data.py:128} INFO - Skipped product 21754311 due to duplicate
[2025-03-09T16:17:11.683+0000] {crawl_data.py:128} INFO - Skipped product 13246837 due to duplicate
[2025-03-09T16:17:11.683+0000] {crawl_data.py:128} INFO - Skipped product 7804969 due to duplicate
[2025-03-09T16:17:11.684+0000] {crawl_data.py:128} INFO - Skipped product 7803174 due to duplicate
[2025-03-09T16:17:11.685+0000] {crawl_data.py:128} INFO - Skipped product 7802880 due to duplicate
[2025-03-09T16:17:11.685+0000] {crawl_data.py:128} INFO - Skipped product 7799222 due to duplicate
[2025-03-09T16:17:11.686+0000] {crawl_data.py:128} INFO - Skipped product 7796951 due to duplicate
[2025-03-09T16:17:11.686+0000] {crawl_data.py:131} INFO - Extracted page 1 - dong-ho-va-trang-suc, 40 items, total extracted: 0
[2025-03-09T16:17:16.187+0000] {crawl_data.py:106} INFO - Crawling category dien-tu-dien-lanh with 1 pages
[2025-03-09T16:17:16.623+0000] {crawl_data.py:128} INFO - Skipped product 276557635 due to duplicate
[2025-03-09T16:17:16.624+0000] {crawl_data.py:128} INFO - Skipped product 276474485 due to duplicate
[2025-03-09T16:17:16.625+0000] {crawl_data.py:128} INFO - Skipped product 276178085 due to duplicate
[2025-03-09T16:17:16.626+0000] {crawl_data.py:128} INFO - Skipped product 276070213 due to duplicate
[2025-03-09T16:17:16.627+0000] {crawl_data.py:128} INFO - Skipped product 275975448 due to duplicate
[2025-03-09T16:17:16.628+0000] {crawl_data.py:128} INFO - Skipped product 275905233 due to duplicate
[2025-03-09T16:17:16.629+0000] {crawl_data.py:128} INFO - Skipped product 275614367 due to duplicate
[2025-03-09T16:17:16.630+0000] {crawl_data.py:128} INFO - Skipped product 275576583 due to duplicate
[2025-03-09T16:17:16.631+0000] {crawl_data.py:128} INFO - Skipped product 275127044 due to duplicate
[2025-03-09T16:17:16.632+0000] {crawl_data.py:128} INFO - Skipped product 274614718 due to duplicate
[2025-03-09T16:17:16.633+0000] {crawl_data.py:128} INFO - Skipped product 273328811 due to duplicate
[2025-03-09T16:17:16.634+0000] {crawl_data.py:128} INFO - Skipped product 273168499 due to duplicate
[2025-03-09T16:17:16.635+0000] {crawl_data.py:128} INFO - Skipped product 270272893 due to duplicate
[2025-03-09T16:17:16.637+0000] {crawl_data.py:128} INFO - Skipped product 257780669 due to duplicate
[2025-03-09T16:17:16.638+0000] {crawl_data.py:128} INFO - Skipped product 255421912 due to duplicate
[2025-03-09T16:17:16.639+0000] {crawl_data.py:128} INFO - Skipped product 195971791 due to duplicate
[2025-03-09T16:17:16.640+0000] {crawl_data.py:128} INFO - Skipped product 195959600 due to duplicate
[2025-03-09T16:17:16.641+0000] {crawl_data.py:128} INFO - Skipped product 167558939 due to duplicate
[2025-03-09T16:17:16.642+0000] {crawl_data.py:128} INFO - Skipped product 155113398 due to duplicate
[2025-03-09T16:17:16.643+0000] {crawl_data.py:128} INFO - Skipped product 123548222 due to duplicate
[2025-03-09T16:17:16.645+0000] {crawl_data.py:128} INFO - Skipped product 123548101 due to duplicate
[2025-03-09T16:17:16.646+0000] {crawl_data.py:128} INFO - Skipped product 123547597 due to duplicate
[2025-03-09T16:17:16.647+0000] {crawl_data.py:128} INFO - Skipped product 114924880 due to duplicate
[2025-03-09T16:17:16.648+0000] {crawl_data.py:128} INFO - Skipped product 110791834 due to duplicate
[2025-03-09T16:17:16.649+0000] {crawl_data.py:128} INFO - Skipped product 109190689 due to duplicate
[2025-03-09T16:17:16.650+0000] {crawl_data.py:128} INFO - Skipped product 102683224 due to duplicate
[2025-03-09T16:17:16.651+0000] {crawl_data.py:128} INFO - Skipped product 91272439 due to duplicate
[2025-03-09T16:17:16.652+0000] {crawl_data.py:128} INFO - Skipped product 87180717 due to duplicate
[2025-03-09T16:17:16.653+0000] {crawl_data.py:128} INFO - Skipped product 54620003 due to duplicate
[2025-03-09T16:17:16.654+0000] {crawl_data.py:128} INFO - Skipped product 32505959 due to duplicate
[2025-03-09T16:17:16.655+0000] {crawl_data.py:128} INFO - Skipped product 21180803 due to duplicate
[2025-03-09T16:17:16.656+0000] {crawl_data.py:128} INFO - Skipped product 19401965 due to duplicate
[2025-03-09T16:17:16.657+0000] {crawl_data.py:128} INFO - Skipped product 17908150 due to duplicate
[2025-03-09T16:17:16.658+0000] {crawl_data.py:128} INFO - Skipped product 16033028 due to duplicate
[2025-03-09T16:17:16.659+0000] {crawl_data.py:128} INFO - Skipped product 15817458 due to duplicate
[2025-03-09T16:17:16.660+0000] {crawl_data.py:128} INFO - Skipped product 14620479 due to duplicate
[2025-03-09T16:17:16.661+0000] {crawl_data.py:128} INFO - Skipped product 7633108 due to duplicate
[2025-03-09T16:17:16.662+0000] {crawl_data.py:128} INFO - Skipped product 4374799 due to duplicate
[2025-03-09T16:17:16.663+0000] {crawl_data.py:128} INFO - Skipped product 4315713 due to duplicate
[2025-03-09T16:17:16.664+0000] {crawl_data.py:128} INFO - Skipped product 3519947 due to duplicate
[2025-03-09T16:17:16.665+0000] {crawl_data.py:131} INFO - Extracted page 1 - dien-tu-dien-lanh, 40 items, total extracted: 0
[2025-03-09T16:17:18.929+0000] {crawl_data.py:149} WARNING - No data extracted from any category. Returning None.
[2025-03-09T16:17:18.932+0000] {tiki_extract_dag.py:27} WARNING - No data extracted. Pushing None to XCom.
[2025-03-09T16:17:18.963+0000] {python.py:240} INFO - Done. Returned value was: None
[2025-03-09T16:17:18.984+0000] {taskinstance.py:341} INFO - ::group::Post task execution logs
[2025-03-09T16:17:18.985+0000] {taskinstance.py:353} INFO - Marking task as SUCCESS. dag_id=tiki_extract_dag, task_id=extract_data, run_id=manual__2025-03-09T16:16:30.743507+00:00, execution_date=20250309T161630, start_date=20250309T161636, end_date=20250309T161718
[2025-03-09T16:17:19.035+0000] {logging_mixin.py:190} INFO - Task instance in success state
[2025-03-09T16:17:19.036+0000] {logging_mixin.py:190} INFO -  Previous state of the Task instance: running
[2025-03-09T16:17:19.037+0000] {logging_mixin.py:190} INFO - Dag name:tiki_extract_dag queued_at:2025-03-09 16:16:30.804325+00:00
[2025-03-09T16:17:19.038+0000] {logging_mixin.py:190} INFO - Task hostname:41de56cfff50 operator:PythonOperator
[2025-03-09T16:17:19.103+0000] {local_task_job_runner.py:266} INFO - Task exited with return code 0
[2025-03-09T16:17:19.139+0000] {taskinstance.py:3901} INFO - 0 downstream tasks scheduled from follow-on schedule check
[2025-03-09T16:17:19.143+0000] {local_task_job_runner.py:245} INFO - ::endgroup::
