[2025-03-11T14:08:00.292+0000] {local_task_job_runner.py:123} INFO - ::group::Pre task execution logs
[2025-03-11T14:08:00.581+0000] {taskinstance.py:2614} INFO - Dependencies all met for dep_context=non-requeueable deps ti=<TaskInstance: tiki_extract_dag.crawl_dien-thoai-may-tinh-bang manual__2025-03-11T14:07:26.849945+00:00 [queued]>
[2025-03-11T14:08:00.619+0000] {taskinstance.py:2614} INFO - Dependencies all met for dep_context=requeueable deps ti=<TaskInstance: tiki_extract_dag.crawl_dien-thoai-may-tinh-bang manual__2025-03-11T14:07:26.849945+00:00 [queued]>
[2025-03-11T14:08:00.624+0000] {taskinstance.py:2867} INFO - Starting attempt 1 of 4
[2025-03-11T14:08:00.727+0000] {taskinstance.py:2890} INFO - Executing <Task(PythonOperator): crawl_dien-thoai-may-tinh-bang> on 2025-03-11 14:07:26.849945+00:00
[2025-03-11T14:08:00.849+0000] {warnings.py:112} WARNING - /home/***/.local/lib/python3.12/site-packages/***/task/task_runner/standard_task_runner.py:70: DeprecationWarning: This process (pid=2147) is multi-threaded, use of fork() may lead to deadlocks in the child.
  pid = os.fork()

[2025-03-11T14:08:00.863+0000] {standard_task_runner.py:72} INFO - Started process 2169 to run task
[2025-03-11T14:08:00.856+0000] {standard_task_runner.py:104} INFO - Running: ['***', 'tasks', 'run', 'tiki_extract_dag', 'crawl_dien-thoai-may-tinh-bang', 'manual__2025-03-11T14:07:26.849945+00:00', '--job-id', '594', '--raw', '--subdir', 'DAGS_FOLDER/tiki_extract_dag.py', '--cfg-path', '/tmp/tmp_mjrd3qp']
[2025-03-11T14:08:00.869+0000] {standard_task_runner.py:105} INFO - Job 594: Subtask crawl_dien-thoai-may-tinh-bang
[2025-03-11T14:08:01.223+0000] {task_command.py:467} INFO - Running <TaskInstance: tiki_extract_dag.crawl_dien-thoai-may-tinh-bang manual__2025-03-11T14:07:26.849945+00:00 [running]> on host 5c8190d7da62
[2025-03-11T14:08:12.659+0000] {taskinstance.py:3134} INFO - Exporting env vars: AIRFLOW_CTX_DAG_OWNER='***' AIRFLOW_CTX_DAG_ID='tiki_extract_dag' AIRFLOW_CTX_TASK_ID='crawl_dien-thoai-may-tinh-bang' AIRFLOW_CTX_EXECUTION_DATE='2025-03-11T14:07:26.849945+00:00' AIRFLOW_CTX_TRY_NUMBER='1' AIRFLOW_CTX_DAG_RUN_ID='manual__2025-03-11T14:07:26.849945+00:00'
[2025-03-11T14:08:12.664+0000] {logging_mixin.py:190} INFO - Task instance is in running state
[2025-03-11T14:08:12.669+0000] {logging_mixin.py:190} INFO -  Previous state of the Task instance: queued
[2025-03-11T14:08:12.671+0000] {logging_mixin.py:190} INFO - Current task name:crawl_dien-thoai-may-tinh-bang state:running start_date:2025-03-11 14:08:00.582769+00:00
[2025-03-11T14:08:12.672+0000] {logging_mixin.py:190} INFO - Dag name:tiki_extract_dag and current dag run status:running
[2025-03-11T14:08:12.673+0000] {taskinstance.py:732} INFO - ::endgroup::
[2025-03-11T14:08:15.048+0000] {tiki_extract_dag.py:139} INFO - Starting crawl for category dien-thoai-may-tinh-bang (ID: 1789)
[2025-03-11T14:08:15.214+0000] {tiki_extract_dag.py:141} INFO - Calling API: https://tiki.vn/api/v2/products with params: {'page': 1, 'limit': 40, 'category': '1789'}
[2025-03-11T14:08:16.275+0000] {tiki_extract_dag.py:150} INFO - Total pages for dien-thoai-may-tinh-bang: 10 (limited to 50)
[2025-03-11T14:08:20.016+0000] {job.py:229} INFO - Heartbeat recovered after 12.74 seconds
[2025-03-11T14:08:28.056+0000] {job.py:229} INFO - Heartbeat recovered after 12.42 seconds
[2025-03-11T14:08:40.029+0000] {tiki_extract_dag.py:120} ERROR - Error fetching details for product 270975124 on attempt 1/3: Expecting value: line 1 column 1 (char 0)
[2025-03-11T14:08:46.092+0000] {tiki_extract_dag.py:120} ERROR - Error fetching details for product 270975124 on attempt 2/3: Expecting value: line 1 column 1 (char 0)
[2025-03-11T14:08:51.514+0000] {tiki_extract_dag.py:120} ERROR - Error fetching details for product 270975124 on attempt 3/3: Expecting value: line 1 column 1 (char 0)
[2025-03-11T14:08:51.703+0000] {tiki_extract_dag.py:120} ERROR - Error fetching details for product 252586291 on attempt 1/3: Expecting value: line 1 column 1 (char 0)
[2025-03-11T14:08:58.622+0000] {tiki_extract_dag.py:120} ERROR - Error fetching details for product 252586291 on attempt 2/3: Expecting value: line 1 column 1 (char 0)
[2025-03-11T14:09:07.291+0000] {tiki_extract_dag.py:120} ERROR - Error fetching details for product 252586291 on attempt 3/3: Expecting value: line 1 column 1 (char 0)
[2025-03-11T14:09:07.518+0000] {tiki_extract_dag.py:120} ERROR - Error fetching details for product 217706932 on attempt 1/3: Expecting value: line 1 column 1 (char 0)
[2025-03-11T14:09:29.772+0000] {tiki_extract_dag.py:120} ERROR - Error fetching details for product 170165701 on attempt 1/3: Expecting value: line 1 column 1 (char 0)
[2025-03-11T14:09:39.531+0000] {tiki_extract_dag.py:120} ERROR - Error fetching details for product 170165701 on attempt 2/3: Expecting value: line 1 column 1 (char 0)
[2025-03-11T14:09:44.792+0000] {tiki_extract_dag.py:120} ERROR - Error fetching details for product 170165701 on attempt 3/3: Expecting value: line 1 column 1 (char 0)
[2025-03-11T14:09:45.091+0000] {tiki_extract_dag.py:120} ERROR - Error fetching details for product 163914808 on attempt 1/3: Expecting value: line 1 column 1 (char 0)
[2025-03-11T14:09:54.504+0000] {tiki_extract_dag.py:120} ERROR - Error fetching details for product 163914808 on attempt 2/3: Expecting value: line 1 column 1 (char 0)
[2025-03-11T14:10:04.157+0000] {tiki_extract_dag.py:120} ERROR - Error fetching details for product 163914808 on attempt 3/3: Expecting value: line 1 column 1 (char 0)
[2025-03-11T14:10:04.392+0000] {tiki_extract_dag.py:120} ERROR - Error fetching details for product 125182567 on attempt 1/3: Expecting value: line 1 column 1 (char 0)
[2025-03-11T14:10:15.511+0000] {tiki_extract_dag.py:163} INFO - Calling API: https://tiki.vn/api/v2/products with params: {'page': 2, 'limit': 40, 'category': '1789'}
[2025-03-11T14:10:33.553+0000] {tiki_extract_dag.py:120} ERROR - Error fetching details for product 275589387 on attempt 1/3: Expecting value: line 1 column 1 (char 0)
[2025-03-11T14:10:38.876+0000] {tiki_extract_dag.py:120} ERROR - Error fetching details for product 275589387 on attempt 2/3: Expecting value: line 1 column 1 (char 0)
[2025-03-11T14:10:48.852+0000] {tiki_extract_dag.py:120} ERROR - Error fetching details for product 275589387 on attempt 3/3: Expecting value: line 1 column 1 (char 0)
[2025-03-11T14:10:49.103+0000] {tiki_extract_dag.py:120} ERROR - Error fetching details for product 275588494 on attempt 1/3: Expecting value: line 1 column 1 (char 0)
[2025-03-11T14:10:58.547+0000] {tiki_extract_dag.py:120} ERROR - Error fetching details for product 275588494 on attempt 2/3: Expecting value: line 1 column 1 (char 0)
[2025-03-11T14:11:24.929+0000] {tiki_extract_dag.py:183} INFO - Extracted page 2/10 for category dien-thoai-may-tinh-bang, total items: 80
[2025-03-11T14:11:43.358+0000] {tiki_extract_dag.py:163} INFO - Calling API: https://tiki.vn/api/v2/products with params: {'page': 3, 'limit': 40, 'category': '1789'}
[2025-03-11T14:11:43.910+0000] {tiki_extract_dag.py:186} ERROR - API error at page 3 in category dien-thoai-may-tinh-bang on attempt 1/3: Expecting value: line 1 column 1 (char 0)
[2025-03-11T14:11:53.681+0000] {tiki_extract_dag.py:186} ERROR - API error at page 3 in category dien-thoai-may-tinh-bang on attempt 2/3: Expecting value: line 1 column 1 (char 0)
[2025-03-11T14:12:01.453+0000] {tiki_extract_dag.py:186} ERROR - API error at page 3 in category dien-thoai-may-tinh-bang on attempt 3/3: Expecting value: line 1 column 1 (char 0)
[2025-03-11T14:12:01.460+0000] {tiki_extract_dag.py:191} ERROR - Failed after 3 attempts for page 3 in category dien-thoai-may-tinh-bang
[2025-03-11T14:12:01.501+0000] {python.py:240} INFO - Done. Returned value was: None
[2025-03-11T14:12:02.521+0000] {taskinstance.py:341} INFO - ::group::Post task execution logs
[2025-03-11T14:12:02.548+0000] {taskinstance.py:353} INFO - Marking task as SUCCESS. dag_id=tiki_extract_dag, task_id=crawl_dien-thoai-may-tinh-bang, run_id=manual__2025-03-11T14:07:26.849945+00:00, execution_date=20250311T140726, start_date=20250311T140800, end_date=20250311T141202
[2025-03-11T14:12:03.094+0000] {logging_mixin.py:190} INFO - Task instance in success state
[2025-03-11T14:12:03.099+0000] {logging_mixin.py:190} INFO -  Previous state of the Task instance: running
[2025-03-11T14:12:03.101+0000] {logging_mixin.py:190} INFO - Dag name:tiki_extract_dag queued_at:2025-03-11 14:07:27.008557+00:00
[2025-03-11T14:12:03.102+0000] {logging_mixin.py:190} INFO - Task hostname:5c8190d7da62 operator:PythonOperator
[2025-03-11T14:12:03.666+0000] {local_task_job_runner.py:266} INFO - Task exited with return code 0
[2025-03-11T14:12:04.367+0000] {taskinstance.py:3901} INFO - 0 downstream tasks scheduled from follow-on schedule check
[2025-03-11T14:12:04.378+0000] {local_task_job_runner.py:245} INFO - ::endgroup::
