[2025-03-11T18:04:17.113+0000] {local_task_job_runner.py:123} INFO - ::group::Pre task execution logs
[2025-03-11T18:04:17.129+0000] {taskinstance.py:2614} INFO - Dependencies all met for dep_context=non-requeueable deps ti=<TaskInstance: tiki_transform_dag.transform_data manual__2025-03-11T18:04:14.250696+00:00 [queued]>
[2025-03-11T18:04:17.136+0000] {taskinstance.py:2614} INFO - Dependencies all met for dep_context=requeueable deps ti=<TaskInstance: tiki_transform_dag.transform_data manual__2025-03-11T18:04:14.250696+00:00 [queued]>
[2025-03-11T18:04:17.136+0000] {taskinstance.py:2867} INFO - Starting attempt 1 of 4
[2025-03-11T18:04:17.149+0000] {taskinstance.py:2890} INFO - Executing <Task(PythonOperator): transform_data> on 2025-03-11 18:04:14.250696+00:00
[2025-03-11T18:04:17.157+0000] {warnings.py:112} WARNING - /home/***/.local/lib/python3.12/site-packages/***/task/task_runner/standard_task_runner.py:70: DeprecationWarning: This process (pid=1265) is multi-threaded, use of fork() may lead to deadlocks in the child.
  pid = os.fork()

[2025-03-11T18:04:17.159+0000] {standard_task_runner.py:72} INFO - Started process 1267 to run task
[2025-03-11T18:04:17.159+0000] {standard_task_runner.py:104} INFO - Running: ['***', 'tasks', 'run', 'tiki_transform_dag', 'transform_data', 'manual__2025-03-11T18:04:14.250696+00:00', '--job-id', '626', '--raw', '--subdir', 'DAGS_FOLDER/tiki_transform_dag.py', '--cfg-path', '/tmp/tmpdbxx_e71']
[2025-03-11T18:04:17.160+0000] {standard_task_runner.py:105} INFO - Job 626: Subtask transform_data
[2025-03-11T18:04:17.205+0000] {task_command.py:467} INFO - Running <TaskInstance: tiki_transform_dag.transform_data manual__2025-03-11T18:04:14.250696+00:00 [running]> on host 5c8190d7da62
[2025-03-11T18:04:17.528+0000] {taskinstance.py:3134} INFO - Exporting env vars: AIRFLOW_CTX_DAG_OWNER='***' AIRFLOW_CTX_DAG_ID='tiki_transform_dag' AIRFLOW_CTX_TASK_ID='transform_data' AIRFLOW_CTX_EXECUTION_DATE='2025-03-11T18:04:14.250696+00:00' AIRFLOW_CTX_TRY_NUMBER='1' AIRFLOW_CTX_DAG_RUN_ID='manual__2025-03-11T18:04:14.250696+00:00'
[2025-03-11T18:04:17.529+0000] {logging_mixin.py:190} INFO - Task instance is in running state
[2025-03-11T18:04:17.530+0000] {logging_mixin.py:190} INFO -  Previous state of the Task instance: queued
[2025-03-11T18:04:17.530+0000] {logging_mixin.py:190} INFO - Current task name:transform_data state:running start_date:2025-03-11 18:04:17.129743+00:00
[2025-03-11T18:04:17.531+0000] {logging_mixin.py:190} INFO - Dag name:tiki_transform_dag and current dag run status:running
[2025-03-11T18:04:17.531+0000] {taskinstance.py:732} INFO - ::endgroup::
[2025-03-11T18:04:18.421+0000] {tiki_transform_dag.py:81} INFO - Retrieved raw_blob_name from metadata: tiki_raw_data/raw_20250311_174959.json
[2025-03-11T18:04:22.843+0000] {tiki_transform_dag.py:91} INFO - Loaded raw data from tiki-pipeline/tiki_raw_data/raw_20250311_174959.json, 17845 rows
[2025-03-11T18:04:22.850+0000] {tiki_transform_dag.py:97} INFO - After deduplication: 17845 rows
[2025-03-11T18:04:23.493+0000] {tiki_transform_dag.py:62} INFO - Data cleaning completed
[2025-03-11T18:04:23.866+0000] {tiki_transform_dag.py:45} INFO - Data validation passed
[2025-03-11T18:04:23.949+0000] {tiki_transform_dag.py:179} INFO - Dim_Brand contains 0 unique brands
[2025-03-11T18:04:23.950+0000] {tiki_transform_dag.py:183} INFO - Using transformed_data_path: tiki_transformed_data/
[2025-03-11T18:04:23.951+0000] {tiki_transform_dag.py:188} INFO - Using timestamp: 20250311_180423
[2025-03-11T18:04:23.951+0000] {tiki_transform_dag.py:200} INFO - Processing table: fact_sales
[2025-03-11T18:04:23.952+0000] {tiki_transform_dag.py:202} INFO - Generated blob name: tiki_transformed_data/fact_sales_20250311_180423.csv
[2025-03-11T18:04:25.425+0000] {tiki_transform_dag.py:207} INFO - Saved fact_sales to tiki-pipeline/tiki_transformed_data/fact_sales_20250311_180423.csv, rows: 17845
[2025-03-11T18:04:25.426+0000] {tiki_transform_dag.py:200} INFO - Processing table: dim_product
[2025-03-11T18:04:25.426+0000] {tiki_transform_dag.py:202} INFO - Generated blob name: tiki_transformed_data/dim_product_20250311_180423.csv
[2025-03-11T18:04:28.440+0000] {tiki_transform_dag.py:207} INFO - Saved dim_product to tiki-pipeline/tiki_transformed_data/dim_product_20250311_180423.csv, rows: 17845
[2025-03-11T18:04:28.441+0000] {tiki_transform_dag.py:200} INFO - Processing table: dim_seller
[2025-03-11T18:04:28.441+0000] {tiki_transform_dag.py:202} INFO - Generated blob name: tiki_transformed_data/dim_seller_20250311_180423.csv
[2025-03-11T18:04:28.974+0000] {tiki_transform_dag.py:207} INFO - Saved dim_seller to tiki-pipeline/tiki_transformed_data/dim_seller_20250311_180423.csv, rows: 1659
[2025-03-11T18:04:28.975+0000] {tiki_transform_dag.py:200} INFO - Processing table: dim_category
[2025-03-11T18:04:28.975+0000] {tiki_transform_dag.py:202} INFO - Generated blob name: tiki_transformed_data/dim_category_20250311_180423.csv
[2025-03-11T18:04:30.527+0000] {tiki_transform_dag.py:207} INFO - Saved dim_category to tiki-pipeline/tiki_transformed_data/dim_category_20250311_180423.csv, rows: 9083
[2025-03-11T18:04:30.528+0000] {tiki_transform_dag.py:200} INFO - Processing table: dim_brand
[2025-03-11T18:04:30.528+0000] {tiki_transform_dag.py:202} INFO - Generated blob name: tiki_transformed_data/dim_brand_20250311_180423.csv
[2025-03-11T18:04:30.872+0000] {tiki_transform_dag.py:207} INFO - Saved dim_brand to tiki-pipeline/tiki_transformed_data/dim_brand_20250311_180423.csv, rows: 0
[2025-03-11T18:04:30.887+0000] {tiki_transform_dag.py:213} INFO - Pushed transformed_blob_names to XCom: {'fact_sales': 'tiki_transformed_data/fact_sales_20250311_180423.csv', 'dim_product': 'tiki_transformed_data/dim_product_20250311_180423.csv', 'dim_seller': 'tiki_transformed_data/dim_seller_20250311_180423.csv', 'dim_category': 'tiki_transformed_data/dim_category_20250311_180423.csv', 'dim_brand': 'tiki_transformed_data/dim_brand_20250311_180423.csv'}
[2025-03-11T18:04:30.968+0000] {python.py:240} INFO - Done. Returned value was: None
[2025-03-11T18:04:30.978+0000] {taskinstance.py:341} INFO - ::group::Post task execution logs
[2025-03-11T18:04:30.979+0000] {taskinstance.py:353} INFO - Marking task as SUCCESS. dag_id=tiki_transform_dag, task_id=transform_data, run_id=manual__2025-03-11T18:04:14.250696+00:00, execution_date=20250311T180414, start_date=20250311T180417, end_date=20250311T180430
[2025-03-11T18:04:31.002+0000] {logging_mixin.py:190} INFO - Task instance in success state
[2025-03-11T18:04:31.002+0000] {logging_mixin.py:190} INFO -  Previous state of the Task instance: running
[2025-03-11T18:04:31.003+0000] {logging_mixin.py:190} INFO - Dag name:tiki_transform_dag queued_at:2025-03-11 18:04:14.332988+00:00
[2025-03-11T18:04:31.003+0000] {logging_mixin.py:190} INFO - Task hostname:5c8190d7da62 operator:PythonOperator
[2025-03-11T18:04:31.054+0000] {local_task_job_runner.py:266} INFO - Task exited with return code 0
[2025-03-11T18:04:31.071+0000] {taskinstance.py:3901} INFO - 0 downstream tasks scheduled from follow-on schedule check
[2025-03-11T18:04:31.074+0000] {local_task_job_runner.py:245} INFO - ::endgroup::
