[2025-03-12T04:29:47.227+0000] {local_task_job_runner.py:123} INFO - ::group::Pre task execution logs
[2025-03-12T04:29:47.252+0000] {taskinstance.py:2614} INFO - Dependencies all met for dep_context=non-requeueable deps ti=<TaskInstance: tiki_transform_dag.transform_data manual__2025-03-12T04:29:40.513701+00:00 [queued]>
[2025-03-12T04:29:47.267+0000] {taskinstance.py:2614} INFO - Dependencies all met for dep_context=requeueable deps ti=<TaskInstance: tiki_transform_dag.transform_data manual__2025-03-12T04:29:40.513701+00:00 [queued]>
[2025-03-12T04:29:47.268+0000] {taskinstance.py:2867} INFO - Starting attempt 1 of 4
[2025-03-12T04:29:47.293+0000] {taskinstance.py:2890} INFO - Executing <Task(PythonOperator): transform_data> on 2025-03-12 04:29:40.513701+00:00
[2025-03-12T04:29:47.307+0000] {warnings.py:112} WARNING - /home/***/.local/lib/python3.12/site-packages/***/task/task_runner/standard_task_runner.py:70: DeprecationWarning: This process (pid=3993) is multi-threaded, use of fork() may lead to deadlocks in the child.
  pid = os.fork()

[2025-03-12T04:29:47.310+0000] {standard_task_runner.py:72} INFO - Started process 3995 to run task
[2025-03-12T04:29:47.312+0000] {standard_task_runner.py:104} INFO - Running: ['***', 'tasks', 'run', 'tiki_transform_dag', 'transform_data', 'manual__2025-03-12T04:29:40.513701+00:00', '--job-id', '659', '--raw', '--subdir', 'DAGS_FOLDER/tiki_transform_dag.py', '--cfg-path', '/tmp/tmp0euv64gt']
[2025-03-12T04:29:47.315+0000] {standard_task_runner.py:105} INFO - Job 659: Subtask transform_data
[2025-03-12T04:29:47.488+0000] {task_command.py:467} INFO - Running <TaskInstance: tiki_transform_dag.transform_data manual__2025-03-12T04:29:40.513701+00:00 [running]> on host 5c8190d7da62
[2025-03-12T04:29:48.361+0000] {taskinstance.py:3134} INFO - Exporting env vars: AIRFLOW_CTX_DAG_OWNER='***' AIRFLOW_CTX_DAG_ID='tiki_transform_dag' AIRFLOW_CTX_TASK_ID='transform_data' AIRFLOW_CTX_EXECUTION_DATE='2025-03-12T04:29:40.513701+00:00' AIRFLOW_CTX_TRY_NUMBER='1' AIRFLOW_CTX_DAG_RUN_ID='manual__2025-03-12T04:29:40.513701+00:00'
[2025-03-12T04:29:48.362+0000] {logging_mixin.py:190} INFO - Task instance is in running state
[2025-03-12T04:29:48.362+0000] {logging_mixin.py:190} INFO -  Previous state of the Task instance: queued
[2025-03-12T04:29:48.363+0000] {logging_mixin.py:190} INFO - Current task name:transform_data state:running start_date:2025-03-12 04:29:47.252921+00:00
[2025-03-12T04:29:48.363+0000] {logging_mixin.py:190} INFO - Dag name:tiki_transform_dag and current dag run status:running
[2025-03-12T04:29:48.364+0000] {taskinstance.py:732} INFO - ::endgroup::
[2025-03-12T04:29:54.196+0000] {tiki_transform_dag.py:99} INFO - Loaded raw data from tiki-pipeline/tiki_raw_data/raw_dien-gia-dung_20250312_042828.json, 2000 rows
[2025-03-12T04:29:55.372+0000] {tiki_transform_dag.py:99} INFO - Loaded raw data from tiki-pipeline/tiki_raw_data/raw_dien-thoai-may-tinh-bang_20250312_042314.json, 361 rows
[2025-03-12T04:29:57.085+0000] {tiki_transform_dag.py:99} INFO - Loaded raw data from tiki-pipeline/tiki_raw_data/raw_dien-tu-dien-lanh_20250312_042829.json, 2000 rows
[2025-03-12T04:29:58.839+0000] {tiki_transform_dag.py:99} INFO - Loaded raw data from tiki-pipeline/tiki_raw_data/raw_dong-ho-va-trang-suc_20250312_042857.json, 2000 rows
[2025-03-12T04:30:00.498+0000] {tiki_transform_dag.py:99} INFO - Loaded raw data from tiki-pipeline/tiki_raw_data/raw_lam-dep-suc-khoe_20250312_042855.json, 2000 rows
[2025-03-12T04:30:02.190+0000] {tiki_transform_dag.py:99} INFO - Loaded raw data from tiki-pipeline/tiki_raw_data/raw_laptop-may-vi-tinh-linh-kien_20250312_042841.json, 2000 rows
[2025-03-12T04:30:04.063+0000] {tiki_transform_dag.py:99} INFO - Loaded raw data from tiki-pipeline/tiki_raw_data/raw_sach_20250312_042856.json, 2000 rows
[2025-03-12T04:30:05.276+0000] {tiki_transform_dag.py:99} INFO - Loaded raw data from tiki-pipeline/tiki_raw_data/raw_the-thao-da-ngoai_20250312_042838.json, 2000 rows
[2025-03-12T04:30:06.990+0000] {tiki_transform_dag.py:99} INFO - Loaded raw data from tiki-pipeline/tiki_raw_data/raw_thiet-bi-kts-phu-kien-so_20250312_042832.json, 2000 rows
[2025-03-12T04:30:09.285+0000] {tiki_transform_dag.py:99} INFO - Loaded raw data from tiki-pipeline/tiki_raw_data/raw_thoi-trang-nam_20250312_042844.json, 2000 rows
[2025-03-12T04:30:11.003+0000] {tiki_transform_dag.py:99} INFO - Loaded raw data from tiki-pipeline/tiki_raw_data/raw_thoi-trang-nu_20250312_042835.json, 2000 rows
[2025-03-12T04:30:11.028+0000] {tiki_transform_dag.py:110} INFO - After deduplication across all categories: 20358 rows
[2025-03-12T04:30:11.472+0000] {tiki_transform_dag.py:62} INFO - Data cleaning completed
[2025-03-12T04:30:11.861+0000] {tiki_transform_dag.py:45} INFO - Data validation passed
[2025-03-12T04:30:11.964+0000] {tiki_transform_dag.py:188} INFO - Using transformed_data_path: tiki_transformed_data/
[2025-03-12T04:30:11.965+0000] {tiki_transform_dag.py:193} INFO - Using timestamp: 20250312_043011
[2025-03-12T04:30:11.965+0000] {tiki_transform_dag.py:205} INFO - Processing table: fact_sales
[2025-03-12T04:30:11.966+0000] {tiki_transform_dag.py:207} INFO - Generated blob name: tiki_transformed_data/fact_sales_20250312_043011.csv
[2025-03-12T04:30:13.556+0000] {tiki_transform_dag.py:212} INFO - Saved fact_sales to tiki-pipeline/tiki_transformed_data/fact_sales_20250312_043011.csv
[2025-03-12T04:30:13.557+0000] {tiki_transform_dag.py:205} INFO - Processing table: dim_product
[2025-03-12T04:30:13.557+0000] {tiki_transform_dag.py:207} INFO - Generated blob name: tiki_transformed_data/dim_product_20250312_043011.csv
[2025-03-12T04:30:16.965+0000] {tiki_transform_dag.py:212} INFO - Saved dim_product to tiki-pipeline/tiki_transformed_data/dim_product_20250312_043011.csv
[2025-03-12T04:30:16.966+0000] {tiki_transform_dag.py:205} INFO - Processing table: dim_seller
[2025-03-12T04:30:16.966+0000] {tiki_transform_dag.py:207} INFO - Generated blob name: tiki_transformed_data/dim_seller_20250312_043011.csv
[2025-03-12T04:30:17.501+0000] {tiki_transform_dag.py:212} INFO - Saved dim_seller to tiki-pipeline/tiki_transformed_data/dim_seller_20250312_043011.csv
[2025-03-12T04:30:17.501+0000] {tiki_transform_dag.py:205} INFO - Processing table: dim_category
[2025-03-12T04:30:17.502+0000] {tiki_transform_dag.py:207} INFO - Generated blob name: tiki_transformed_data/dim_category_20250312_043011.csv
[2025-03-12T04:30:19.116+0000] {tiki_transform_dag.py:212} INFO - Saved dim_category to tiki-pipeline/tiki_transformed_data/dim_category_20250312_043011.csv
[2025-03-12T04:30:19.117+0000] {tiki_transform_dag.py:205} INFO - Processing table: dim_brand
[2025-03-12T04:30:19.117+0000] {tiki_transform_dag.py:207} INFO - Generated blob name: tiki_transformed_data/dim_brand_20250312_043011.csv
[2025-03-12T04:30:19.446+0000] {tiki_transform_dag.py:212} INFO - Saved dim_brand to tiki-pipeline/tiki_transformed_data/dim_brand_20250312_043011.csv
[2025-03-12T04:30:19.464+0000] {tiki_transform_dag.py:218} INFO - Pushed transformed_blob_names to XCom: {'fact_sales': 'tiki_transformed_data/fact_sales_20250312_043011.csv', 'dim_product': 'tiki_transformed_data/dim_product_20250312_043011.csv', 'dim_seller': 'tiki_transformed_data/dim_seller_20250312_043011.csv', 'dim_category': 'tiki_transformed_data/dim_category_20250312_043011.csv', 'dim_brand': 'tiki_transformed_data/dim_brand_20250312_043011.csv'}
[2025-03-12T04:30:19.555+0000] {python.py:240} INFO - Done. Returned value was: None
[2025-03-12T04:30:19.565+0000] {taskinstance.py:341} INFO - ::group::Post task execution logs
[2025-03-12T04:30:19.566+0000] {taskinstance.py:353} INFO - Marking task as SUCCESS. dag_id=tiki_transform_dag, task_id=transform_data, run_id=manual__2025-03-12T04:29:40.513701+00:00, execution_date=20250312T042940, start_date=20250312T042947, end_date=20250312T043019
[2025-03-12T04:30:19.595+0000] {logging_mixin.py:190} INFO - Task instance in success state
[2025-03-12T04:30:19.595+0000] {logging_mixin.py:190} INFO -  Previous state of the Task instance: running
[2025-03-12T04:30:19.596+0000] {logging_mixin.py:190} INFO - Dag name:tiki_transform_dag queued_at:2025-03-12 04:29:40.550393+00:00
[2025-03-12T04:30:19.596+0000] {logging_mixin.py:190} INFO - Task hostname:5c8190d7da62 operator:PythonOperator
[2025-03-12T04:30:19.638+0000] {local_task_job_runner.py:266} INFO - Task exited with return code 0
[2025-03-12T04:30:19.653+0000] {taskinstance.py:3901} INFO - 0 downstream tasks scheduled from follow-on schedule check
[2025-03-12T04:30:19.658+0000] {local_task_job_runner.py:245} INFO - ::endgroup::
