[2025-03-12T07:55:43.670+0000] {local_task_job_runner.py:123} INFO - ::group::Pre task execution logs
[2025-03-12T07:55:43.705+0000] {taskinstance.py:2614} INFO - Dependencies all met for dep_context=non-requeueable deps ti=<TaskInstance: tiki_extract_dag.extract_thiet-bi-kts-phu-kien-so manual__2025-03-12T07:40:49.551946+00:00 [queued]>
[2025-03-12T07:55:43.721+0000] {taskinstance.py:2614} INFO - Dependencies all met for dep_context=requeueable deps ti=<TaskInstance: tiki_extract_dag.extract_thiet-bi-kts-phu-kien-so manual__2025-03-12T07:40:49.551946+00:00 [queued]>
[2025-03-12T07:55:43.722+0000] {taskinstance.py:2867} INFO - Starting attempt 2 of 4
[2025-03-12T07:55:43.759+0000] {taskinstance.py:2890} INFO - Executing <Task(PythonOperator): extract_thiet-bi-kts-phu-kien-so> on 2025-03-12 07:40:49.551946+00:00
[2025-03-12T07:55:43.775+0000] {warnings.py:112} WARNING - /home/***/.local/lib/python3.12/site-packages/***/task/task_runner/standard_task_runner.py:70: DeprecationWarning: This process (pid=711) is multi-threaded, use of fork() may lead to deadlocks in the child.
  pid = os.fork()

[2025-03-12T07:55:43.777+0000] {standard_task_runner.py:72} INFO - Started process 715 to run task
[2025-03-12T07:55:43.779+0000] {standard_task_runner.py:104} INFO - Running: ['***', 'tasks', 'run', 'tiki_extract_dag', 'extract_thiet-bi-kts-phu-kien-so', 'manual__2025-03-12T07:40:49.551946+00:00', '--job-id', '706', '--raw', '--subdir', 'DAGS_FOLDER/tiki_extract_dag.py', '--cfg-path', '/tmp/tmpk8tnnh7g']
[2025-03-12T07:55:43.781+0000] {standard_task_runner.py:105} INFO - Job 706: Subtask extract_thiet-bi-kts-phu-kien-so
[2025-03-12T07:55:43.853+0000] {task_command.py:467} INFO - Running <TaskInstance: tiki_extract_dag.extract_thiet-bi-kts-phu-kien-so manual__2025-03-12T07:40:49.551946+00:00 [running]> on host 3905098656d4
[2025-03-12T07:55:44.859+0000] {taskinstance.py:3134} INFO - Exporting env vars: AIRFLOW_CTX_DAG_OWNER='***' AIRFLOW_CTX_DAG_ID='tiki_extract_dag' AIRFLOW_CTX_TASK_ID='extract_thiet-bi-kts-phu-kien-so' AIRFLOW_CTX_EXECUTION_DATE='2025-03-12T07:40:49.551946+00:00' AIRFLOW_CTX_TRY_NUMBER='2' AIRFLOW_CTX_DAG_RUN_ID='manual__2025-03-12T07:40:49.551946+00:00'
[2025-03-12T07:55:44.861+0000] {logging_mixin.py:190} INFO - Task instance is in running state
[2025-03-12T07:55:44.861+0000] {logging_mixin.py:190} INFO -  Previous state of the Task instance: queued
[2025-03-12T07:55:44.862+0000] {logging_mixin.py:190} INFO - Current task name:extract_thiet-bi-kts-phu-kien-so state:running start_date:2025-03-12 07:55:43.706706+00:00
[2025-03-12T07:55:44.862+0000] {logging_mixin.py:190} INFO - Dag name:tiki_extract_dag and current dag run status:running
[2025-03-12T07:55:44.863+0000] {taskinstance.py:732} INFO - ::endgroup::
[2025-03-12T07:55:47.908+0000] {tiki_extract_dag.py:122} INFO - Starting crawl for category thiet-bi-kts-phu-kien-so
[2025-03-12T07:55:48.775+0000] {tiki_extract_dag.py:129} INFO - Total pages for thiet-bi-kts-phu-kien-so: 50
[2025-03-12T07:55:49.239+0000] {tiki_extract_dag.py:155} INFO - Extracted page 2/50 - thiet-bi-kts-phu-kien-so, total items: 80
[2025-03-12T07:55:56.308+0000] {tiki_extract_dag.py:155} INFO - Extracted page 3/50 - thiet-bi-kts-phu-kien-so, total items: 120
[2025-03-12T07:56:06.390+0000] {tiki_extract_dag.py:155} INFO - Extracted page 4/50 - thiet-bi-kts-phu-kien-so, total items: 160
[2025-03-12T07:56:16.324+0000] {tiki_extract_dag.py:155} INFO - Extracted page 5/50 - thiet-bi-kts-phu-kien-so, total items: 200
[2025-03-12T07:56:26.500+0000] {tiki_extract_dag.py:155} INFO - Extracted page 6/50 - thiet-bi-kts-phu-kien-so, total items: 240
[2025-03-12T07:56:34.109+0000] {tiki_extract_dag.py:155} INFO - Extracted page 7/50 - thiet-bi-kts-phu-kien-so, total items: 280
[2025-03-12T07:56:41.377+0000] {tiki_extract_dag.py:155} INFO - Extracted page 8/50 - thiet-bi-kts-phu-kien-so, total items: 320
[2025-03-12T07:56:47.499+0000] {tiki_extract_dag.py:155} INFO - Extracted page 9/50 - thiet-bi-kts-phu-kien-so, total items: 360
[2025-03-12T07:56:55.940+0000] {tiki_extract_dag.py:155} INFO - Extracted page 10/50 - thiet-bi-kts-phu-kien-so, total items: 400
[2025-03-12T07:57:05.883+0000] {tiki_extract_dag.py:155} INFO - Extracted page 11/50 - thiet-bi-kts-phu-kien-so, total items: 440
[2025-03-12T07:57:14.032+0000] {tiki_extract_dag.py:155} INFO - Extracted page 12/50 - thiet-bi-kts-phu-kien-so, total items: 480
[2025-03-12T07:57:23.985+0000] {tiki_extract_dag.py:155} INFO - Extracted page 13/50 - thiet-bi-kts-phu-kien-so, total items: 520
[2025-03-12T07:57:33.952+0000] {tiki_extract_dag.py:155} INFO - Extracted page 14/50 - thiet-bi-kts-phu-kien-so, total items: 560
[2025-03-12T07:57:43.295+0000] {tiki_extract_dag.py:155} INFO - Extracted page 15/50 - thiet-bi-kts-phu-kien-so, total items: 600
[2025-03-12T07:57:50.561+0000] {tiki_extract_dag.py:155} INFO - Extracted page 16/50 - thiet-bi-kts-phu-kien-so, total items: 640
[2025-03-12T07:57:57.797+0000] {tiki_extract_dag.py:155} INFO - Extracted page 17/50 - thiet-bi-kts-phu-kien-so, total items: 680
[2025-03-12T07:58:05.846+0000] {tiki_extract_dag.py:155} INFO - Extracted page 18/50 - thiet-bi-kts-phu-kien-so, total items: 720
[2025-03-12T07:58:15.280+0000] {tiki_extract_dag.py:155} INFO - Extracted page 19/50 - thiet-bi-kts-phu-kien-so, total items: 760
[2025-03-12T07:58:21.220+0000] {tiki_extract_dag.py:155} INFO - Extracted page 20/50 - thiet-bi-kts-phu-kien-so, total items: 800
[2025-03-12T07:58:30.170+0000] {tiki_extract_dag.py:155} INFO - Extracted page 21/50 - thiet-bi-kts-phu-kien-so, total items: 840
[2025-03-12T07:58:37.396+0000] {tiki_extract_dag.py:155} INFO - Extracted page 22/50 - thiet-bi-kts-phu-kien-so, total items: 880
[2025-03-12T07:58:43.742+0000] {tiki_extract_dag.py:155} INFO - Extracted page 23/50 - thiet-bi-kts-phu-kien-so, total items: 920
[2025-03-12T07:58:53.141+0000] {tiki_extract_dag.py:155} INFO - Extracted page 24/50 - thiet-bi-kts-phu-kien-so, total items: 960
[2025-03-12T07:59:02.777+0000] {tiki_extract_dag.py:155} INFO - Extracted page 25/50 - thiet-bi-kts-phu-kien-so, total items: 1000
[2025-03-12T07:59:10.595+0000] {tiki_extract_dag.py:155} INFO - Extracted page 26/50 - thiet-bi-kts-phu-kien-so, total items: 1040
[2025-03-12T07:59:18.918+0000] {tiki_extract_dag.py:155} INFO - Extracted page 27/50 - thiet-bi-kts-phu-kien-so, total items: 1080
[2025-03-12T07:59:24.747+0000] {tiki_extract_dag.py:155} INFO - Extracted page 28/50 - thiet-bi-kts-phu-kien-so, total items: 1120
[2025-03-12T07:59:31.808+0000] {tiki_extract_dag.py:155} INFO - Extracted page 29/50 - thiet-bi-kts-phu-kien-so, total items: 1160
[2025-03-12T07:59:39.644+0000] {tiki_extract_dag.py:155} INFO - Extracted page 30/50 - thiet-bi-kts-phu-kien-so, total items: 1200
[2025-03-12T07:59:48.526+0000] {tiki_extract_dag.py:155} INFO - Extracted page 31/50 - thiet-bi-kts-phu-kien-so, total items: 1240
[2025-03-12T07:59:55.416+0000] {tiki_extract_dag.py:155} INFO - Extracted page 32/50 - thiet-bi-kts-phu-kien-so, total items: 1280
[2025-03-12T08:00:04.977+0000] {tiki_extract_dag.py:155} INFO - Extracted page 33/50 - thiet-bi-kts-phu-kien-so, total items: 1320
[2025-03-12T08:00:14.208+0000] {tiki_extract_dag.py:155} INFO - Extracted page 34/50 - thiet-bi-kts-phu-kien-so, total items: 1360
[2025-03-12T08:00:20.226+0000] {tiki_extract_dag.py:155} INFO - Extracted page 35/50 - thiet-bi-kts-phu-kien-so, total items: 1400
[2025-03-12T08:00:29.368+0000] {tiki_extract_dag.py:155} INFO - Extracted page 36/50 - thiet-bi-kts-phu-kien-so, total items: 1440
[2025-03-12T08:00:36.691+0000] {tiki_extract_dag.py:155} INFO - Extracted page 37/50 - thiet-bi-kts-phu-kien-so, total items: 1480
[2025-03-12T08:00:43.552+0000] {tiki_extract_dag.py:155} INFO - Extracted page 38/50 - thiet-bi-kts-phu-kien-so, total items: 1520
[2025-03-12T08:00:57.270+0000] {tiki_extract_dag.py:155} INFO - Extracted page 39/50 - thiet-bi-kts-phu-kien-so, total items: 1560
[2025-03-12T08:01:05.764+0000] {tiki_extract_dag.py:155} INFO - Extracted page 40/50 - thiet-bi-kts-phu-kien-so, total items: 1600
[2025-03-12T08:01:11.685+0000] {tiki_extract_dag.py:155} INFO - Extracted page 41/50 - thiet-bi-kts-phu-kien-so, total items: 1640
[2025-03-12T08:01:20.420+0000] {tiki_extract_dag.py:155} INFO - Extracted page 42/50 - thiet-bi-kts-phu-kien-so, total items: 1680
[2025-03-12T08:01:27.629+0000] {tiki_extract_dag.py:155} INFO - Extracted page 43/50 - thiet-bi-kts-phu-kien-so, total items: 1720
[2025-03-12T08:01:35.970+0000] {tiki_extract_dag.py:155} INFO - Extracted page 44/50 - thiet-bi-kts-phu-kien-so, total items: 1760
[2025-03-12T08:01:41.852+0000] {tiki_extract_dag.py:155} INFO - Extracted page 45/50 - thiet-bi-kts-phu-kien-so, total items: 1800
[2025-03-12T08:01:51.551+0000] {tiki_extract_dag.py:155} INFO - Extracted page 46/50 - thiet-bi-kts-phu-kien-so, total items: 1840
[2025-03-12T08:01:57.986+0000] {tiki_extract_dag.py:155} INFO - Extracted page 47/50 - thiet-bi-kts-phu-kien-so, total items: 1880
[2025-03-12T08:02:05.771+0000] {tiki_extract_dag.py:155} INFO - Extracted page 48/50 - thiet-bi-kts-phu-kien-so, total items: 1920
[2025-03-12T08:02:16.182+0000] {tiki_extract_dag.py:155} INFO - Extracted page 49/50 - thiet-bi-kts-phu-kien-so, total items: 1960
[2025-03-12T08:02:22.598+0000] {tiki_extract_dag.py:155} INFO - Extracted page 50/50 - thiet-bi-kts-phu-kien-so, total items: 2000
[2025-03-12T08:02:39.352+0000] {tiki_extract_dag.py:56} INFO - Updated crawled products at tiki-pipeline/tiki_crawled/crawled_products.json
[2025-03-12T08:02:39.353+0000] {tiki_extract_dag.py:172} INFO - Uploaded raw data to tiki-pipeline/tiki_raw_data/raw_thiet-bi-kts-phu-kien-so_20250312_080232.json, total items: 2000
[2025-03-12T08:02:39.936+0000] {tiki_extract_dag.py:183} INFO - Saved metadata to tiki-pipeline/metadata/extract_run_metadata_thiet-bi-kts-phu-kien-so_20250312_080232.json
[2025-03-12T08:02:39.943+0000] {python.py:240} INFO - Done. Returned value was: None
[2025-03-12T08:02:39.962+0000] {taskinstance.py:341} INFO - ::group::Post task execution logs
[2025-03-12T08:02:39.963+0000] {taskinstance.py:353} INFO - Marking task as SUCCESS. dag_id=tiki_extract_dag, task_id=extract_thiet-bi-kts-phu-kien-so, run_id=manual__2025-03-12T07:40:49.551946+00:00, execution_date=20250312T074049, start_date=20250312T075543, end_date=20250312T080239
[2025-03-12T08:02:40.000+0000] {logging_mixin.py:190} INFO - Task instance in success state
[2025-03-12T08:02:40.001+0000] {logging_mixin.py:190} INFO -  Previous state of the Task instance: running
[2025-03-12T08:02:40.001+0000] {logging_mixin.py:190} INFO - Dag name:tiki_extract_dag queued_at:2025-03-12 07:40:49.590021+00:00
[2025-03-12T08:02:40.002+0000] {logging_mixin.py:190} INFO - Task hostname:3905098656d4 operator:PythonOperator
[2025-03-12T08:02:40.052+0000] {local_task_job_runner.py:266} INFO - Task exited with return code 0
[2025-03-12T08:02:40.078+0000] {taskinstance.py:3901} INFO - 0 downstream tasks scheduled from follow-on schedule check
[2025-03-12T08:02:40.080+0000] {local_task_job_runner.py:245} INFO - ::endgroup::
