[2025-03-09T18:22:30.939+0000] {local_task_job_runner.py:123} INFO - ::group::Pre task execution logs
[2025-03-09T18:22:30.971+0000] {taskinstance.py:2614} INFO - Dependencies all met for dep_context=non-requeueable deps ti=<TaskInstance: tiki_extract_dag.extract_data manual__2025-03-09T18:22:26.906677+00:00 [queued]>
[2025-03-09T18:22:30.985+0000] {taskinstance.py:2614} INFO - Dependencies all met for dep_context=requeueable deps ti=<TaskInstance: tiki_extract_dag.extract_data manual__2025-03-09T18:22:26.906677+00:00 [queued]>
[2025-03-09T18:22:30.986+0000] {taskinstance.py:2867} INFO - Starting attempt 1 of 1
[2025-03-09T18:22:31.010+0000] {taskinstance.py:2890} INFO - Executing <Task(PythonOperator): extract_data> on 2025-03-09 18:22:26.906677+00:00
[2025-03-09T18:22:31.023+0000] {warnings.py:112} WARNING - /home/***/.local/lib/python3.12/site-packages/***/task/task_runner/standard_task_runner.py:70: DeprecationWarning: This process (pid=83) is multi-threaded, use of fork() may lead to deadlocks in the child.
  pid = os.fork()

[2025-03-09T18:22:31.027+0000] {standard_task_runner.py:72} INFO - Started process 85 to run task
[2025-03-09T18:22:31.028+0000] {standard_task_runner.py:104} INFO - Running: ['***', 'tasks', 'run', 'tiki_extract_dag', 'extract_data', 'manual__2025-03-09T18:22:26.906677+00:00', '--job-id', '263', '--raw', '--subdir', 'DAGS_FOLDER/tiki_extract_dag.py', '--cfg-path', '/tmp/tmp10ojkk3w']
[2025-03-09T18:22:31.030+0000] {standard_task_runner.py:105} INFO - Job 263: Subtask extract_data
[2025-03-09T18:22:31.118+0000] {task_command.py:467} INFO - Running <TaskInstance: tiki_extract_dag.extract_data manual__2025-03-09T18:22:26.906677+00:00 [running]> on host 72a6d77a3cc5
[2025-03-09T18:22:31.752+0000] {taskinstance.py:3134} INFO - Exporting env vars: AIRFLOW_CTX_DAG_OWNER='***' AIRFLOW_CTX_DAG_ID='tiki_extract_dag' AIRFLOW_CTX_TASK_ID='extract_data' AIRFLOW_CTX_EXECUTION_DATE='2025-03-09T18:22:26.906677+00:00' AIRFLOW_CTX_TRY_NUMBER='1' AIRFLOW_CTX_DAG_RUN_ID='manual__2025-03-09T18:22:26.906677+00:00'
[2025-03-09T18:22:31.754+0000] {logging_mixin.py:190} INFO - Task instance is in running state
[2025-03-09T18:22:31.755+0000] {logging_mixin.py:190} INFO -  Previous state of the Task instance: queued
[2025-03-09T18:22:31.756+0000] {logging_mixin.py:190} INFO - Current task name:extract_data state:running start_date:2025-03-09 18:22:30.972344+00:00
[2025-03-09T18:22:31.757+0000] {logging_mixin.py:190} INFO - Dag name:tiki_extract_dag and current dag run status:running
[2025-03-09T18:22:31.758+0000] {taskinstance.py:732} INFO - ::endgroup::
[2025-03-09T18:22:32.545+0000] {tiki_extract_dag.py:129} INFO - Crawling category lam-dep-suc-khoe with 1 pages
[2025-03-09T18:22:33.065+0000] {tiki_extract_dag.py:154} INFO - Extracted page 1 - lam-dep-suc-khoe, 40 items, total extracted: 40
[2025-03-09T18:22:36.919+0000] {tiki_extract_dag.py:129} INFO - Crawling category dien-thoai-may-tinh-bang with 1 pages
[2025-03-09T18:22:37.303+0000] {tiki_extract_dag.py:154} INFO - Extracted page 1 - dien-thoai-may-tinh-bang, 40 items, total extracted: 80
[2025-03-09T18:22:40.112+0000] {tiki_extract_dag.py:129} INFO - Crawling category laptop-may-vi-tinh-linh-kien with 1 pages
[2025-03-09T18:22:40.538+0000] {tiki_extract_dag.py:154} INFO - Extracted page 1 - laptop-may-vi-tinh-linh-kien, 40 items, total extracted: 120
[2025-03-09T18:22:44.095+0000] {tiki_extract_dag.py:129} INFO - Crawling category dien-gia-dung with 1 pages
[2025-03-09T18:22:44.539+0000] {tiki_extract_dag.py:154} INFO - Extracted page 1 - dien-gia-dung, 40 items, total extracted: 160
[2025-03-09T18:22:49.047+0000] {tiki_extract_dag.py:129} INFO - Crawling category sach with 1 pages
[2025-03-09T18:22:49.519+0000] {tiki_extract_dag.py:154} INFO - Extracted page 1 - sach, 40 items, total extracted: 200
[2025-03-09T18:22:52.141+0000] {tiki_extract_dag.py:129} INFO - Crawling category thiet-bi-kts-phu-kien-so with 1 pages
[2025-03-09T18:22:52.600+0000] {tiki_extract_dag.py:154} INFO - Extracted page 1 - thiet-bi-kts-phu-kien-so, 40 items, total extracted: 240
[2025-03-09T18:22:56.630+0000] {tiki_extract_dag.py:129} INFO - Crawling category thoi-trang-nu with 1 pages
[2025-03-09T18:22:57.186+0000] {tiki_extract_dag.py:154} INFO - Extracted page 1 - thoi-trang-nu, 40 items, total extracted: 280
[2025-03-09T18:23:01.214+0000] {tiki_extract_dag.py:129} INFO - Crawling category thoi-trang-nam with 1 pages
[2025-03-09T18:23:01.905+0000] {tiki_extract_dag.py:154} INFO - Extracted page 1 - thoi-trang-nam, 40 items, total extracted: 320
[2025-03-09T18:23:06.781+0000] {tiki_extract_dag.py:129} INFO - Crawling category dong-ho-va-trang-suc with 1 pages
[2025-03-09T18:23:07.300+0000] {tiki_extract_dag.py:154} INFO - Extracted page 1 - dong-ho-va-trang-suc, 40 items, total extracted: 360
[2025-03-09T18:23:11.210+0000] {tiki_extract_dag.py:129} INFO - Crawling category dien-tu-dien-lanh with 1 pages
[2025-03-09T18:23:11.742+0000] {tiki_extract_dag.py:154} INFO - Extracted page 1 - dien-tu-dien-lanh, 40 items, total extracted: 400
[2025-03-09T18:23:17.718+0000] {tiki_extract_dag.py:172} INFO - Saved raw data to tiki-data/tiki_raw_data/raw_20250309_182316.json, total items: 400
[2025-03-09T18:23:18.523+0000] {tiki_extract_dag.py:59} INFO - Updated crawled products at tiki-data/tiki_crawled/crawled_products.json
[2025-03-09T18:23:18.754+0000] {tiki_extract_dag.py:186} INFO - Saved metadata to tiki-data/metadata/extract_run_metadata_20250309_182318.json
[2025-03-09T18:23:18.755+0000] {python.py:240} INFO - Done. Returned value was: None
[2025-03-09T18:23:18.778+0000] {taskinstance.py:341} INFO - ::group::Post task execution logs
[2025-03-09T18:23:18.780+0000] {taskinstance.py:353} INFO - Marking task as SUCCESS. dag_id=tiki_extract_dag, task_id=extract_data, run_id=manual__2025-03-09T18:22:26.906677+00:00, execution_date=20250309T182226, start_date=20250309T182230, end_date=20250309T182318
[2025-03-09T18:23:18.825+0000] {logging_mixin.py:190} INFO - Task instance in success state
[2025-03-09T18:23:18.826+0000] {logging_mixin.py:190} INFO -  Previous state of the Task instance: running
[2025-03-09T18:23:18.827+0000] {logging_mixin.py:190} INFO - Dag name:tiki_extract_dag queued_at:2025-03-09 18:22:26.966092+00:00
[2025-03-09T18:23:18.828+0000] {logging_mixin.py:190} INFO - Task hostname:72a6d77a3cc5 operator:PythonOperator
[2025-03-09T18:23:18.885+0000] {local_task_job_runner.py:266} INFO - Task exited with return code 0
[2025-03-09T18:23:18.915+0000] {taskinstance.py:3901} INFO - 0 downstream tasks scheduled from follow-on schedule check
[2025-03-09T18:23:18.919+0000] {local_task_job_runner.py:245} INFO - ::endgroup::
