[2025-03-10T10:25:33.308+0000] {local_task_job_runner.py:123} INFO - ::group::Pre task execution logs
[2025-03-10T10:25:33.418+0000] {taskinstance.py:2614} INFO - Dependencies all met for dep_context=non-requeueable deps ti=<TaskInstance: tiki_extract_dag.crawl_do-choi-me-be manual__2025-03-10T10:25:23.953696+00:00 [queued]>
[2025-03-10T10:25:33.459+0000] {taskinstance.py:2614} INFO - Dependencies all met for dep_context=requeueable deps ti=<TaskInstance: tiki_extract_dag.crawl_do-choi-me-be manual__2025-03-10T10:25:23.953696+00:00 [queued]>
[2025-03-10T10:25:33.461+0000] {taskinstance.py:2867} INFO - Starting attempt 1 of 4
[2025-03-10T10:25:33.513+0000] {taskinstance.py:2890} INFO - Executing <Task(PythonOperator): crawl_do-choi-me-be> on 2025-03-10 10:25:23.953696+00:00
[2025-03-10T10:25:33.574+0000] {warnings.py:112} WARNING - /home/***/.local/lib/python3.12/site-packages/***/task/task_runner/standard_task_runner.py:70: DeprecationWarning: This process (pid=164) is multi-threaded, use of fork() may lead to deadlocks in the child.
  pid = os.fork()

[2025-03-10T10:25:33.589+0000] {standard_task_runner.py:104} INFO - Running: ['***', 'tasks', 'run', 'tiki_extract_dag', 'crawl_do-choi-me-be', 'manual__2025-03-10T10:25:23.953696+00:00', '--job-id', '442', '--raw', '--subdir', 'DAGS_FOLDER/tiki_extract_dag.py', '--cfg-path', '/tmp/tmpcb1sh26d']
[2025-03-10T10:25:33.594+0000] {standard_task_runner.py:72} INFO - Started process 188 to run task
[2025-03-10T10:25:33.595+0000] {standard_task_runner.py:105} INFO - Job 442: Subtask crawl_do-choi-me-be
[2025-03-10T10:25:33.898+0000] {task_command.py:467} INFO - Running <TaskInstance: tiki_extract_dag.crawl_do-choi-me-be manual__2025-03-10T10:25:23.953696+00:00 [running]> on host c77555d100c4
[2025-03-10T10:25:38.284+0000] {taskinstance.py:3134} INFO - Exporting env vars: AIRFLOW_CTX_DAG_OWNER='***' AIRFLOW_CTX_DAG_ID='tiki_extract_dag' AIRFLOW_CTX_TASK_ID='crawl_do-choi-me-be' AIRFLOW_CTX_EXECUTION_DATE='2025-03-10T10:25:23.953696+00:00' AIRFLOW_CTX_TRY_NUMBER='1' AIRFLOW_CTX_DAG_RUN_ID='manual__2025-03-10T10:25:23.953696+00:00'
[2025-03-10T10:25:38.298+0000] {logging_mixin.py:190} INFO - Task instance is in running state
[2025-03-10T10:25:38.302+0000] {logging_mixin.py:190} INFO -  Previous state of the Task instance: queued
[2025-03-10T10:25:38.309+0000] {logging_mixin.py:190} INFO - Current task name:crawl_do-choi-me-be state:running start_date:2025-03-10 10:25:33.420602+00:00
[2025-03-10T10:25:38.311+0000] {logging_mixin.py:190} INFO - Dag name:tiki_extract_dag and current dag run status:running
[2025-03-10T10:25:38.313+0000] {taskinstance.py:732} INFO - ::endgroup::
[2025-03-10T10:25:41.135+0000] {tiki_extract_dag.py:132} INFO - Starting crawl for category do-choi-me-be (ID: 2549)
[2025-03-10T10:25:41.152+0000] {tiki_extract_dag.py:134} INFO - Calling API: https://tiki.vn/api/v2/products with params: {'page': 1, 'limit': 40, 'category': '2549'}
[2025-03-10T10:25:41.622+0000] {tiki_extract_dag.py:143} INFO - Total pages for do-choi-me-be: 50 (limited to 50)
[2025-03-10T10:25:41.627+0000] {tiki_extract_dag.py:156} INFO - Calling API: https://tiki.vn/api/v2/products with params: {'page': 2, 'limit': 40, 'category': '2549'}
[2025-03-10T10:25:41.991+0000] {tiki_extract_dag.py:175} INFO - Extracted page 2/50 for category do-choi-me-be, total items: 0
[2025-03-10T10:25:52.775+0000] {tiki_extract_dag.py:156} INFO - Calling API: https://tiki.vn/api/v2/products with params: {'page': 3, 'limit': 40, 'category': '2549'}
[2025-03-10T10:26:08.962+0000] {tiki_extract_dag.py:119} ERROR - Error fetching details for product 197329427: Expecting value: line 1 column 1 (char 0)
[2025-03-10T10:26:09.103+0000] {tiki_extract_dag.py:119} ERROR - Error fetching details for product 180396538: Expecting value: line 1 column 1 (char 0)
[2025-03-10T10:26:09.243+0000] {tiki_extract_dag.py:119} ERROR - Error fetching details for product 164075724: Expecting value: line 1 column 1 (char 0)
[2025-03-10T10:26:09.416+0000] {tiki_extract_dag.py:119} ERROR - Error fetching details for product 147993531: Expecting value: line 1 column 1 (char 0)
[2025-03-10T10:26:09.583+0000] {tiki_extract_dag.py:119} ERROR - Error fetching details for product 137995371: Expecting value: line 1 column 1 (char 0)
[2025-03-10T10:26:09.728+0000] {tiki_extract_dag.py:119} ERROR - Error fetching details for product 131246833: Expecting value: line 1 column 1 (char 0)
[2025-03-10T10:26:09.869+0000] {tiki_extract_dag.py:119} ERROR - Error fetching details for product 116727455: Expecting value: line 1 column 1 (char 0)
[2025-03-10T10:26:10.010+0000] {tiki_extract_dag.py:119} ERROR - Error fetching details for product 115483447: Expecting value: line 1 column 1 (char 0)
[2025-03-10T10:26:10.175+0000] {tiki_extract_dag.py:119} ERROR - Error fetching details for product 115483210: Expecting value: line 1 column 1 (char 0)
[2025-03-10T10:26:10.313+0000] {tiki_extract_dag.py:119} ERROR - Error fetching details for product 115483206: Expecting value: line 1 column 1 (char 0)
[2025-03-10T10:26:10.461+0000] {tiki_extract_dag.py:119} ERROR - Error fetching details for product 113864742: Expecting value: line 1 column 1 (char 0)
[2025-03-10T10:26:10.603+0000] {tiki_extract_dag.py:119} ERROR - Error fetching details for product 104137482: Expecting value: line 1 column 1 (char 0)
[2025-03-10T10:26:10.741+0000] {tiki_extract_dag.py:119} ERROR - Error fetching details for product 95072928: Expecting value: line 1 column 1 (char 0)
[2025-03-10T10:26:10.882+0000] {tiki_extract_dag.py:119} ERROR - Error fetching details for product 87483010: Expecting value: line 1 column 1 (char 0)
[2025-03-10T10:26:11.040+0000] {tiki_extract_dag.py:119} ERROR - Error fetching details for product 84785219: Expecting value: line 1 column 1 (char 0)
[2025-03-10T10:26:11.188+0000] {tiki_extract_dag.py:119} ERROR - Error fetching details for product 78989144: Expecting value: line 1 column 1 (char 0)
[2025-03-10T10:26:11.338+0000] {tiki_extract_dag.py:119} ERROR - Error fetching details for product 59143355: Expecting value: line 1 column 1 (char 0)
[2025-03-10T10:26:11.481+0000] {tiki_extract_dag.py:119} ERROR - Error fetching details for product 55512044: Expecting value: line 1 column 1 (char 0)
[2025-03-10T10:26:11.620+0000] {tiki_extract_dag.py:119} ERROR - Error fetching details for product 55294509: Expecting value: line 1 column 1 (char 0)
[2025-03-10T10:26:11.772+0000] {tiki_extract_dag.py:119} ERROR - Error fetching details for product 53281844: Expecting value: line 1 column 1 (char 0)
[2025-03-10T10:26:11.933+0000] {tiki_extract_dag.py:119} ERROR - Error fetching details for product 51064515: Expecting value: line 1 column 1 (char 0)
[2025-03-10T10:26:12.076+0000] {tiki_extract_dag.py:119} ERROR - Error fetching details for product 49317175: Expecting value: line 1 column 1 (char 0)
[2025-03-10T10:26:12.249+0000] {tiki_extract_dag.py:119} ERROR - Error fetching details for product 43282996: Expecting value: line 1 column 1 (char 0)
[2025-03-10T10:26:12.388+0000] {tiki_extract_dag.py:119} ERROR - Error fetching details for product 34537693: Expecting value: line 1 column 1 (char 0)
[2025-03-10T10:26:12.532+0000] {tiki_extract_dag.py:119} ERROR - Error fetching details for product 19944401: Expecting value: line 1 column 1 (char 0)
[2025-03-10T10:26:12.676+0000] {tiki_extract_dag.py:119} ERROR - Error fetching details for product 10054452: Expecting value: line 1 column 1 (char 0)
[2025-03-10T10:26:12.836+0000] {tiki_extract_dag.py:119} ERROR - Error fetching details for product 544096: Expecting value: line 1 column 1 (char 0)
[2025-03-10T10:26:12.978+0000] {tiki_extract_dag.py:119} ERROR - Error fetching details for product 412763: Expecting value: line 1 column 1 (char 0)
[2025-03-10T10:26:12.978+0000] {tiki_extract_dag.py:175} INFO - Extracted page 3/50 for category do-choi-me-be, total items: 40
[2025-03-10T10:26:24.451+0000] {tiki_extract_dag.py:156} INFO - Calling API: https://tiki.vn/api/v2/products with params: {'page': 4, 'limit': 40, 'category': '2549'}
[2025-03-10T10:26:24.611+0000] {tiki_extract_dag.py:178} ERROR - API error at page 4 in category do-choi-me-be: Expecting value: line 1 column 1 (char 0)
[2025-03-10T10:26:28.946+0000] {tiki_extract_dag.py:50} INFO - Updated crawled products at tiki-pipeline/tiki_crawled/crawled_products.json
[2025-03-10T10:26:28.947+0000] {tiki_extract_dag.py:192} INFO - Uploaded raw data to tiki-pipeline/raw_data/do-choi-me-be_20250310_102624.json, total items: 40
[2025-03-10T10:26:29.286+0000] {tiki_extract_dag.py:204} INFO - Saved metadata to tiki-pipeline/metadata/do-choi-me-be_extract_run_metadata_20250310_102624.json
[2025-03-10T10:26:29.292+0000] {python.py:240} INFO - Done. Returned value was: None
[2025-03-10T10:26:29.323+0000] {taskinstance.py:341} INFO - ::group::Post task execution logs
[2025-03-10T10:26:29.324+0000] {taskinstance.py:353} INFO - Marking task as SUCCESS. dag_id=tiki_extract_dag, task_id=crawl_do-choi-me-be, run_id=manual__2025-03-10T10:25:23.953696+00:00, execution_date=20250310T102523, start_date=20250310T102533, end_date=20250310T102629
[2025-03-10T10:26:29.383+0000] {logging_mixin.py:190} INFO - Task instance in success state
[2025-03-10T10:26:29.384+0000] {logging_mixin.py:190} INFO -  Previous state of the Task instance: running
[2025-03-10T10:26:29.385+0000] {logging_mixin.py:190} INFO - Dag name:tiki_extract_dag queued_at:2025-03-10 10:25:24.003599+00:00
[2025-03-10T10:26:29.386+0000] {logging_mixin.py:190} INFO - Task hostname:c77555d100c4 operator:PythonOperator
[2025-03-10T10:26:29.439+0000] {local_task_job_runner.py:266} INFO - Task exited with return code 0
[2025-03-10T10:26:29.513+0000] {taskinstance.py:3901} INFO - 0 downstream tasks scheduled from follow-on schedule check
[2025-03-10T10:26:29.519+0000] {local_task_job_runner.py:245} INFO - ::endgroup::
