[2025-03-10T10:16:39.348+0000] {local_task_job_runner.py:123} INFO - ::group::Pre task execution logs
[2025-03-10T10:16:39.391+0000] {taskinstance.py:2614} INFO - Dependencies all met for dep_context=non-requeueable deps ti=<TaskInstance: tiki_extract_dag.crawl_dien-gia-dung manual__2025-03-10T09:17:11.640176+00:00 [queued]>
[2025-03-10T10:16:39.413+0000] {taskinstance.py:2614} INFO - Dependencies all met for dep_context=requeueable deps ti=<TaskInstance: tiki_extract_dag.crawl_dien-gia-dung manual__2025-03-10T09:17:11.640176+00:00 [queued]>
[2025-03-10T10:16:39.414+0000] {taskinstance.py:2867} INFO - Starting attempt 2 of 4
[2025-03-10T10:16:39.450+0000] {taskinstance.py:2890} INFO - Executing <Task(PythonOperator): crawl_dien-gia-dung> on 2025-03-10 09:17:11.640176+00:00
[2025-03-10T10:16:39.481+0000] {warnings.py:112} WARNING - /home/***/.local/lib/python3.12/site-packages/***/task/task_runner/standard_task_runner.py:70: DeprecationWarning: This process (pid=2531) is multi-threaded, use of fork() may lead to deadlocks in the child.
  pid = os.fork()

[2025-03-10T10:16:39.486+0000] {standard_task_runner.py:72} INFO - Started process 2543 to run task
[2025-03-10T10:16:39.485+0000] {standard_task_runner.py:104} INFO - Running: ['***', 'tasks', 'run', 'tiki_extract_dag', 'crawl_dien-gia-dung', 'manual__2025-03-10T09:17:11.640176+00:00', '--job-id', '410', '--raw', '--subdir', 'DAGS_FOLDER/tiki_extract_dag.py', '--cfg-path', '/tmp/tmpruqt6ctd']
[2025-03-10T10:16:39.487+0000] {standard_task_runner.py:105} INFO - Job 410: Subtask crawl_dien-gia-dung
[2025-03-10T10:16:39.595+0000] {task_command.py:467} INFO - Running <TaskInstance: tiki_extract_dag.crawl_dien-gia-dung manual__2025-03-10T09:17:11.640176+00:00 [running]> on host c77555d100c4
[2025-03-10T10:16:40.128+0000] {taskinstance.py:3134} INFO - Exporting env vars: AIRFLOW_CTX_DAG_OWNER='***' AIRFLOW_CTX_DAG_ID='tiki_extract_dag' AIRFLOW_CTX_TASK_ID='crawl_dien-gia-dung' AIRFLOW_CTX_EXECUTION_DATE='2025-03-10T09:17:11.640176+00:00' AIRFLOW_CTX_TRY_NUMBER='2' AIRFLOW_CTX_DAG_RUN_ID='manual__2025-03-10T09:17:11.640176+00:00'
[2025-03-10T10:16:40.130+0000] {logging_mixin.py:190} INFO - Task instance is in running state
[2025-03-10T10:16:40.131+0000] {logging_mixin.py:190} INFO -  Previous state of the Task instance: queued
[2025-03-10T10:16:40.131+0000] {logging_mixin.py:190} INFO - Current task name:crawl_dien-gia-dung state:running start_date:2025-03-10 10:16:39.392751+00:00
[2025-03-10T10:16:40.132+0000] {logging_mixin.py:190} INFO - Dag name:tiki_extract_dag and current dag run status:running
[2025-03-10T10:16:40.133+0000] {taskinstance.py:732} INFO - ::endgroup::
[2025-03-10T10:16:42.097+0000] {tiki_extract_dag.py:132} INFO - Starting crawl for category dien-gia-dung (ID: 1882)
[2025-03-10T10:16:42.098+0000] {tiki_extract_dag.py:134} INFO - Calling API: https://tiki.vn/api/v2/products with params: {'page': 1, 'limit': 40, 'category': '1882'}
[2025-03-10T10:16:42.745+0000] {tiki_extract_dag.py:143} INFO - Total pages for dien-gia-dung: 50 (limited to 50)
[2025-03-10T10:16:55.034+0000] {tiki_extract_dag.py:156} INFO - Calling API: https://tiki.vn/api/v2/products with params: {'page': 2, 'limit': 40, 'category': '1882'}
[2025-03-10T10:17:29.672+0000] {connectionpool.py:868} WARNING - Retrying (Retry(total=4, connect=5, read=4, redirect=None, status=None)) after connection broken by 'ReadTimeoutError("HTTPSConnectionPool(host='tiki.vn', port=443): Read timed out. (read timeout=15)")': /api/v2/products/103692716
[2025-03-10T10:17:40.400+0000] {job.py:229} INFO - Heartbeat recovered after 39.77 seconds
[2025-03-10T10:17:41.707+0000] {connectionpool.py:868} WARNING - Retrying (Retry(total=3, connect=4, read=4, redirect=None, status=None)) after connection broken by 'NameResolutionError("<urllib3.connection.HTTPSConnection object at 0x7f5228acc830>: Failed to resolve 'tiki.vn' ([Errno -3] Temporary failure in name resolution)")': /api/v2/products/103692716
[2025-03-10T10:18:02.238+0000] {connectionpool.py:868} WARNING - Retrying (Retry(total=4, connect=5, read=4, redirect=None, status=None)) after connection broken by 'ReadTimeoutError("HTTPSConnectionPool(host='tiki.vn', port=443): Read timed out. (read timeout=15)")': /api/v2/products/3611017
[2025-03-10T10:18:43.965+0000] {connectionpool.py:868} WARNING - Retrying (Retry(total=3, connect=4, read=4, redirect=None, status=None)) after connection broken by 'NameResolutionError("<urllib3.connection.HTTPSConnection object at 0x7f5228ad4a70>: Failed to resolve 'tiki.vn' ([Errno -3] Temporary failure in name resolution)")': /api/v2/products/3611017
[2025-03-10T10:19:02.910+0000] {job.py:229} INFO - Heartbeat recovered after 82.53 seconds
[2025-03-10T10:20:02.962+0000] {connectionpool.py:868} WARNING - Retrying (Retry(total=2, connect=3, read=4, redirect=None, status=None)) after connection broken by 'NameResolutionError("<urllib3.connection.HTTPSConnection object at 0x7f5228ad44a0>: Failed to resolve 'tiki.vn' ([Errno -3] Temporary failure in name resolution)")': /api/v2/products/3611017
[2025-03-10T10:20:02.994+0000] {job.py:239} ERROR - Job heartbeat failed with error
Traceback (most recent call last):
  File "/home/airflow/.local/lib/python3.12/site-packages/sqlalchemy/engine/base.py", line 3371, in _wrap_pool_connect
    return fn()
           ^^^^
  File "/home/airflow/.local/lib/python3.12/site-packages/sqlalchemy/pool/base.py", line 327, in connect
    return _ConnectionFairy._checkout(self)
           ^^^^^^^^^^^^^^^^^^^^^^^^^^^^^^^^
  File "/home/airflow/.local/lib/python3.12/site-packages/sqlalchemy/pool/base.py", line 894, in _checkout
    fairy = _ConnectionRecord.checkout(pool)
            ^^^^^^^^^^^^^^^^^^^^^^^^^^^^^^^^
  File "/home/airflow/.local/lib/python3.12/site-packages/sqlalchemy/pool/base.py", line 493, in checkout
    rec = pool._do_get()
          ^^^^^^^^^^^^^^
  File "/home/airflow/.local/lib/python3.12/site-packages/sqlalchemy/pool/impl.py", line 256, in _do_get
    return self._create_connection()
           ^^^^^^^^^^^^^^^^^^^^^^^^^
  File "/home/airflow/.local/lib/python3.12/site-packages/sqlalchemy/pool/base.py", line 273, in _create_connection
    return _ConnectionRecord(self)
           ^^^^^^^^^^^^^^^^^^^^^^^
  File "/home/airflow/.local/lib/python3.12/site-packages/sqlalchemy/pool/base.py", line 388, in __init__
    self.__connect()
  File "/home/airflow/.local/lib/python3.12/site-packages/sqlalchemy/pool/base.py", line 690, in __connect
    with util.safe_reraise():
         ^^^^^^^^^^^^^^^^^^^
  File "/home/airflow/.local/lib/python3.12/site-packages/sqlalchemy/util/langhelpers.py", line 70, in __exit__
    compat.raise_(
  File "/home/airflow/.local/lib/python3.12/site-packages/sqlalchemy/util/compat.py", line 211, in raise_
    raise exception
  File "/home/airflow/.local/lib/python3.12/site-packages/sqlalchemy/pool/base.py", line 686, in __connect
    self.dbapi_connection = connection = pool._invoke_creator(self)
                                         ^^^^^^^^^^^^^^^^^^^^^^^^^^
  File "/home/airflow/.local/lib/python3.12/site-packages/sqlalchemy/engine/create.py", line 574, in connect
    return dialect.connect(*cargs, **cparams)
           ^^^^^^^^^^^^^^^^^^^^^^^^^^^^^^^^^^
  File "/home/airflow/.local/lib/python3.12/site-packages/sqlalchemy/engine/default.py", line 598, in connect
    return self.dbapi.connect(*cargs, **cparams)
           ^^^^^^^^^^^^^^^^^^^^^^^^^^^^^^^^^^^^^
  File "/home/airflow/.local/lib/python3.12/site-packages/psycopg2/__init__.py", line 122, in connect
    conn = _connect(dsn, connection_factory=connection_factory, **kwasync)
           ^^^^^^^^^^^^^^^^^^^^^^^^^^^^^^^^^^^^^^^^^^^^^^^^^^^^^^^^^^^^^^^
psycopg2.OperationalError: could not translate host name "postgres" to address: Temporary failure in name resolution


The above exception was the direct cause of the following exception:

Traceback (most recent call last):
  File "/home/airflow/.local/lib/python3.12/site-packages/airflow/jobs/job.py", line 233, in heartbeat
    heartbeat_callback(session)
  File "/home/airflow/.local/lib/python3.12/site-packages/airflow/utils/session.py", line 94, in wrapper
    return func(*args, **kwargs)
           ^^^^^^^^^^^^^^^^^^^^^
  File "/home/airflow/.local/lib/python3.12/site-packages/airflow/jobs/local_task_job_runner.py", line 284, in heartbeat_callback
    self.task_instance.refresh_from_db()
  File "/home/airflow/.local/lib/python3.12/site-packages/airflow/utils/session.py", line 97, in wrapper
    return func(*args, session=session, **kwargs)
           ^^^^^^^^^^^^^^^^^^^^^^^^^^^^^^^^^^^^^^
  File "/home/airflow/.local/lib/python3.12/site-packages/airflow/models/taskinstance.py", line 2360, in refresh_from_db
    _refresh_from_db(task_instance=self, session=session, lock_for_update=lock_for_update)
  File "/home/airflow/.local/lib/python3.12/site-packages/airflow/models/taskinstance.py", line 873, in _refresh_from_db
    ti = TaskInstance.get_task_instance(
         ^^^^^^^^^^^^^^^^^^^^^^^^^^^^^^^
  File "/home/airflow/.local/lib/python3.12/site-packages/airflow/api_internal/internal_api_call.py", line 166, in wrapper
    return func(*args, **kwargs)
           ^^^^^^^^^^^^^^^^^^^^^
  File "/home/airflow/.local/lib/python3.12/site-packages/airflow/utils/session.py", line 94, in wrapper
    return func(*args, **kwargs)
           ^^^^^^^^^^^^^^^^^^^^^
  File "/home/airflow/.local/lib/python3.12/site-packages/airflow/models/taskinstance.py", line 2346, in get_task_instance
    return query.one_or_none()
           ^^^^^^^^^^^^^^^^^^^
  File "/home/airflow/.local/lib/python3.12/site-packages/sqlalchemy/orm/query.py", line 2850, in one_or_none
    return self._iter().one_or_none()
           ^^^^^^^^^^^^
  File "/home/airflow/.local/lib/python3.12/site-packages/sqlalchemy/orm/query.py", line 2916, in _iter
    result = self.session.execute(
             ^^^^^^^^^^^^^^^^^^^^^
  File "/home/airflow/.local/lib/python3.12/site-packages/sqlalchemy/orm/session.py", line 1716, in execute
    conn = self._connection_for_bind(bind)
           ^^^^^^^^^^^^^^^^^^^^^^^^^^^^^^^
  File "/home/airflow/.local/lib/python3.12/site-packages/sqlalchemy/orm/session.py", line 1555, in _connection_for_bind
    return self._transaction._connection_for_bind(
           ^^^^^^^^^^^^^^^^^^^^^^^^^^^^^^^^^^^^^^^
  File "/home/airflow/.local/lib/python3.12/site-packages/sqlalchemy/orm/session.py", line 750, in _connection_for_bind
    conn = bind.connect()
           ^^^^^^^^^^^^^^
  File "/home/airflow/.local/lib/python3.12/site-packages/sqlalchemy/future/engine.py", line 412, in connect
    return super(Engine, self).connect()
           ^^^^^^^^^^^^^^^^^^^^^^^^^^^^^
  File "/home/airflow/.local/lib/python3.12/site-packages/sqlalchemy/engine/base.py", line 3325, in connect
    return self._connection_cls(self, close_with_result=close_with_result)
           ^^^^^^^^^^^^^^^^^^^^^^^^^^^^^^^^^^^^^^^^^^^^^^^^^^^^^^^^^^^^^^^
  File "/home/airflow/.local/lib/python3.12/site-packages/sqlalchemy/engine/base.py", line 96, in __init__
    else engine.raw_connection()
         ^^^^^^^^^^^^^^^^^^^^^^^
  File "/home/airflow/.local/lib/python3.12/site-packages/sqlalchemy/engine/base.py", line 3404, in raw_connection
    return self._wrap_pool_connect(self.pool.connect, _connection)
           ^^^^^^^^^^^^^^^^^^^^^^^^^^^^^^^^^^^^^^^^^^^^^^^^^^^^^^^
  File "/home/airflow/.local/lib/python3.12/site-packages/sqlalchemy/engine/base.py", line 3374, in _wrap_pool_connect
    Connection._handle_dbapi_exception_noconnection(
  File "/home/airflow/.local/lib/python3.12/site-packages/sqlalchemy/engine/base.py", line 2208, in _handle_dbapi_exception_noconnection
    util.raise_(
  File "/home/airflow/.local/lib/python3.12/site-packages/sqlalchemy/util/compat.py", line 211, in raise_
    raise exception
  File "/home/airflow/.local/lib/python3.12/site-packages/sqlalchemy/engine/base.py", line 3371, in _wrap_pool_connect
    return fn()
           ^^^^
  File "/home/airflow/.local/lib/python3.12/site-packages/sqlalchemy/pool/base.py", line 327, in connect
    return _ConnectionFairy._checkout(self)
           ^^^^^^^^^^^^^^^^^^^^^^^^^^^^^^^^
  File "/home/airflow/.local/lib/python3.12/site-packages/sqlalchemy/pool/base.py", line 894, in _checkout
    fairy = _ConnectionRecord.checkout(pool)
            ^^^^^^^^^^^^^^^^^^^^^^^^^^^^^^^^
  File "/home/airflow/.local/lib/python3.12/site-packages/sqlalchemy/pool/base.py", line 493, in checkout
    rec = pool._do_get()
          ^^^^^^^^^^^^^^
  File "/home/airflow/.local/lib/python3.12/site-packages/sqlalchemy/pool/impl.py", line 256, in _do_get
    return self._create_connection()
           ^^^^^^^^^^^^^^^^^^^^^^^^^
  File "/home/airflow/.local/lib/python3.12/site-packages/sqlalchemy/pool/base.py", line 273, in _create_connection
    return _ConnectionRecord(self)
           ^^^^^^^^^^^^^^^^^^^^^^^
  File "/home/airflow/.local/lib/python3.12/site-packages/sqlalchemy/pool/base.py", line 388, in __init__
    self.__connect()
  File "/home/airflow/.local/lib/python3.12/site-packages/sqlalchemy/pool/base.py", line 690, in __connect
    with util.safe_reraise():
         ^^^^^^^^^^^^^^^^^^^
  File "/home/airflow/.local/lib/python3.12/site-packages/sqlalchemy/util/langhelpers.py", line 70, in __exit__
    compat.raise_(
  File "/home/airflow/.local/lib/python3.12/site-packages/sqlalchemy/util/compat.py", line 211, in raise_
    raise exception
  File "/home/airflow/.local/lib/python3.12/site-packages/sqlalchemy/pool/base.py", line 686, in __connect
    self.dbapi_connection = connection = pool._invoke_creator(self)
                                         ^^^^^^^^^^^^^^^^^^^^^^^^^^
  File "/home/airflow/.local/lib/python3.12/site-packages/sqlalchemy/engine/create.py", line 574, in connect
    return dialect.connect(*cargs, **cparams)
           ^^^^^^^^^^^^^^^^^^^^^^^^^^^^^^^^^^
  File "/home/airflow/.local/lib/python3.12/site-packages/sqlalchemy/engine/default.py", line 598, in connect
    return self.dbapi.connect(*cargs, **cparams)
           ^^^^^^^^^^^^^^^^^^^^^^^^^^^^^^^^^^^^^
  File "/home/airflow/.local/lib/python3.12/site-packages/psycopg2/__init__.py", line 122, in connect
    conn = _connect(dsn, connection_factory=connection_factory, **kwasync)
           ^^^^^^^^^^^^^^^^^^^^^^^^^^^^^^^^^^^^^^^^^^^^^^^^^^^^^^^^^^^^^^^
sqlalchemy.exc.OperationalError: (psycopg2.OperationalError) could not translate host name "postgres" to address: Temporary failure in name resolution

(Background on this error at: https://sqlalche.me/e/14/e3q8)
[2025-03-10T10:20:04.779+0000] {job.py:254} ERROR - Job heartbeat failed with error. Scheduler is in unhealthy state
[2025-03-10T10:20:09.829+0000] {job.py:229} INFO - Heartbeat recovered after 66.93 seconds
[2025-03-10T10:20:12.246+0000] {tiki_extract_dag.py:175} INFO - Extracted page 2/50 for category dien-gia-dung, total items: 80
[2025-03-10T10:20:26.489+0000] {tiki_extract_dag.py:156} INFO - Calling API: https://tiki.vn/api/v2/products with params: {'page': 3, 'limit': 40, 'category': '1882'}
[2025-03-10T10:20:44.925+0000] {tiki_extract_dag.py:175} INFO - Extracted page 3/50 for category dien-gia-dung, total items: 120
[2025-03-10T10:20:59.003+0000] {tiki_extract_dag.py:156} INFO - Calling API: https://tiki.vn/api/v2/products with params: {'page': 4, 'limit': 40, 'category': '1882'}
[2025-03-10T10:21:19.719+0000] {tiki_extract_dag.py:175} INFO - Extracted page 4/50 for category dien-gia-dung, total items: 160
[2025-03-10T10:21:31.751+0000] {tiki_extract_dag.py:156} INFO - Calling API: https://tiki.vn/api/v2/products with params: {'page': 5, 'limit': 40, 'category': '1882'}
[2025-03-10T10:21:37.126+0000] {tiki_extract_dag.py:119} ERROR - Error fetching details for product 177482641: Expecting value: line 1 column 1 (char 0)
[2025-03-10T10:21:37.282+0000] {tiki_extract_dag.py:119} ERROR - Error fetching details for product 130470387: Expecting value: line 1 column 1 (char 0)
[2025-03-10T10:21:37.431+0000] {tiki_extract_dag.py:119} ERROR - Error fetching details for product 130172671: Expecting value: line 1 column 1 (char 0)
[2025-03-10T10:21:37.582+0000] {tiki_extract_dag.py:119} ERROR - Error fetching details for product 120824825: Expecting value: line 1 column 1 (char 0)
[2025-03-10T10:21:37.729+0000] {tiki_extract_dag.py:119} ERROR - Error fetching details for product 117929505: Expecting value: line 1 column 1 (char 0)
[2025-03-10T10:21:37.895+0000] {tiki_extract_dag.py:119} ERROR - Error fetching details for product 117161148: Expecting value: line 1 column 1 (char 0)
[2025-03-10T10:21:38.051+0000] {tiki_extract_dag.py:119} ERROR - Error fetching details for product 116875360: Expecting value: line 1 column 1 (char 0)
[2025-03-10T10:21:38.195+0000] {tiki_extract_dag.py:119} ERROR - Error fetching details for product 113633607: Expecting value: line 1 column 1 (char 0)
[2025-03-10T10:21:38.351+0000] {tiki_extract_dag.py:119} ERROR - Error fetching details for product 112020006: Expecting value: line 1 column 1 (char 0)
[2025-03-10T10:21:38.512+0000] {tiki_extract_dag.py:119} ERROR - Error fetching details for product 105516210: Expecting value: line 1 column 1 (char 0)
[2025-03-10T10:21:38.679+0000] {tiki_extract_dag.py:119} ERROR - Error fetching details for product 93293156: Expecting value: line 1 column 1 (char 0)
[2025-03-10T10:21:38.830+0000] {tiki_extract_dag.py:119} ERROR - Error fetching details for product 77200428: Expecting value: line 1 column 1 (char 0)
[2025-03-10T10:21:38.986+0000] {tiki_extract_dag.py:119} ERROR - Error fetching details for product 71999133: Expecting value: line 1 column 1 (char 0)
[2025-03-10T10:21:39.133+0000] {tiki_extract_dag.py:119} ERROR - Error fetching details for product 58570537: Expecting value: line 1 column 1 (char 0)
[2025-03-10T10:21:39.300+0000] {tiki_extract_dag.py:119} ERROR - Error fetching details for product 50693514: Expecting value: line 1 column 1 (char 0)
[2025-03-10T10:21:39.444+0000] {tiki_extract_dag.py:119} ERROR - Error fetching details for product 50247154: Expecting value: line 1 column 1 (char 0)
[2025-03-10T10:21:39.591+0000] {tiki_extract_dag.py:119} ERROR - Error fetching details for product 24196682: Expecting value: line 1 column 1 (char 0)
[2025-03-10T10:21:39.763+0000] {tiki_extract_dag.py:119} ERROR - Error fetching details for product 20831639: Expecting value: line 1 column 1 (char 0)
[2025-03-10T10:21:39.909+0000] {tiki_extract_dag.py:119} ERROR - Error fetching details for product 6768703: Expecting value: line 1 column 1 (char 0)
[2025-03-10T10:21:40.050+0000] {tiki_extract_dag.py:119} ERROR - Error fetching details for product 1941995: Expecting value: line 1 column 1 (char 0)
[2025-03-10T10:21:40.192+0000] {tiki_extract_dag.py:119} ERROR - Error fetching details for product 1826511: Expecting value: line 1 column 1 (char 0)
[2025-03-10T10:21:40.334+0000] {tiki_extract_dag.py:119} ERROR - Error fetching details for product 973090: Expecting value: line 1 column 1 (char 0)
[2025-03-10T10:21:40.473+0000] {tiki_extract_dag.py:119} ERROR - Error fetching details for product 448842: Expecting value: line 1 column 1 (char 0)
[2025-03-10T10:21:40.618+0000] {tiki_extract_dag.py:119} ERROR - Error fetching details for product 447317: Expecting value: line 1 column 1 (char 0)
[2025-03-10T10:21:40.763+0000] {tiki_extract_dag.py:119} ERROR - Error fetching details for product 377077: Expecting value: line 1 column 1 (char 0)
[2025-03-10T10:21:40.764+0000] {tiki_extract_dag.py:175} INFO - Extracted page 5/50 for category dien-gia-dung, total items: 200
