[2025-03-12T07:41:00.162+0000] {local_task_job_runner.py:123} INFO - ::group::Pre task execution logs
[2025-03-12T07:41:00.216+0000] {taskinstance.py:2614} INFO - Dependencies all met for dep_context=non-requeueable deps ti=<TaskInstance: tiki_extract_dag.extract_lam-dep-suc-khoe manual__2025-03-12T07:40:49.551946+00:00 [queued]>
[2025-03-12T07:41:00.239+0000] {taskinstance.py:2614} INFO - Dependencies all met for dep_context=requeueable deps ti=<TaskInstance: tiki_extract_dag.extract_lam-dep-suc-khoe manual__2025-03-12T07:40:49.551946+00:00 [queued]>
[2025-03-12T07:41:00.242+0000] {taskinstance.py:2867} INFO - Starting attempt 1 of 4
[2025-03-12T07:41:00.284+0000] {taskinstance.py:2890} INFO - Executing <Task(PythonOperator): extract_lam-dep-suc-khoe> on 2025-03-12 07:40:49.551946+00:00
[2025-03-12T07:41:00.331+0000] {warnings.py:112} WARNING - /home/***/.local/lib/python3.12/site-packages/***/task/task_runner/standard_task_runner.py:70: DeprecationWarning: This process (pid=461) is multi-threaded, use of fork() may lead to deadlocks in the child.
  pid = os.fork()

[2025-03-12T07:41:00.336+0000] {standard_task_runner.py:72} INFO - Started process 483 to run task
[2025-03-12T07:41:00.340+0000] {standard_task_runner.py:104} INFO - Running: ['***', 'tasks', 'run', 'tiki_extract_dag', 'extract_lam-dep-suc-khoe', 'manual__2025-03-12T07:40:49.551946+00:00', '--job-id', '687', '--raw', '--subdir', 'DAGS_FOLDER/tiki_extract_dag.py', '--cfg-path', '/tmp/tmp97vd1c_c']
[2025-03-12T07:41:00.345+0000] {standard_task_runner.py:105} INFO - Job 687: Subtask extract_lam-dep-suc-khoe
[2025-03-12T07:41:00.641+0000] {task_command.py:467} INFO - Running <TaskInstance: tiki_extract_dag.extract_lam-dep-suc-khoe manual__2025-03-12T07:40:49.551946+00:00 [running]> on host 3905098656d4
[2025-03-12T07:41:04.541+0000] {taskinstance.py:3134} INFO - Exporting env vars: AIRFLOW_CTX_DAG_OWNER='***' AIRFLOW_CTX_DAG_ID='tiki_extract_dag' AIRFLOW_CTX_TASK_ID='extract_lam-dep-suc-khoe' AIRFLOW_CTX_EXECUTION_DATE='2025-03-12T07:40:49.551946+00:00' AIRFLOW_CTX_TRY_NUMBER='1' AIRFLOW_CTX_DAG_RUN_ID='manual__2025-03-12T07:40:49.551946+00:00'
[2025-03-12T07:41:04.547+0000] {logging_mixin.py:190} INFO - Task instance is in running state
[2025-03-12T07:41:04.548+0000] {logging_mixin.py:190} INFO -  Previous state of the Task instance: queued
[2025-03-12T07:41:04.549+0000] {logging_mixin.py:190} INFO - Current task name:extract_lam-dep-suc-khoe state:running start_date:2025-03-12 07:41:00.217730+00:00
[2025-03-12T07:41:04.549+0000] {logging_mixin.py:190} INFO - Dag name:tiki_extract_dag and current dag run status:running
[2025-03-12T07:41:04.551+0000] {taskinstance.py:732} INFO - ::endgroup::
[2025-03-12T07:41:05.820+0000] {tiki_extract_dag.py:122} INFO - Starting crawl for category lam-dep-suc-khoe
[2025-03-12T07:41:08.397+0000] {tiki_extract_dag.py:129} INFO - Total pages for lam-dep-suc-khoe: 50
[2025-03-12T07:41:10.261+0000] {tiki_extract_dag.py:155} INFO - Extracted page 2/50 - lam-dep-suc-khoe, total items: 80
[2025-03-12T07:41:46.198+0000] {job.py:229} INFO - Heartbeat recovered after 35.74 seconds
[2025-03-12T07:41:47.047+0000] {tiki_extract_dag.py:155} INFO - Extracted page 3/50 - lam-dep-suc-khoe, total items: 120
[2025-03-12T07:41:55.680+0000] {tiki_extract_dag.py:155} INFO - Extracted page 4/50 - lam-dep-suc-khoe, total items: 160
[2025-03-12T07:42:03.893+0000] {tiki_extract_dag.py:155} INFO - Extracted page 5/50 - lam-dep-suc-khoe, total items: 200
[2025-03-12T07:42:12.596+0000] {tiki_extract_dag.py:155} INFO - Extracted page 6/50 - lam-dep-suc-khoe, total items: 240
[2025-03-12T07:42:21.780+0000] {tiki_extract_dag.py:155} INFO - Extracted page 7/50 - lam-dep-suc-khoe, total items: 280
[2025-03-12T07:42:28.125+0000] {tiki_extract_dag.py:155} INFO - Extracted page 8/50 - lam-dep-suc-khoe, total items: 320
[2025-03-12T07:42:34.452+0000] {tiki_extract_dag.py:155} INFO - Extracted page 9/50 - lam-dep-suc-khoe, total items: 360
[2025-03-12T07:42:44.707+0000] {tiki_extract_dag.py:155} INFO - Extracted page 10/50 - lam-dep-suc-khoe, total items: 400
[2025-03-12T07:42:55.958+0000] {tiki_extract_dag.py:155} INFO - Extracted page 11/50 - lam-dep-suc-khoe, total items: 440
[2025-03-12T07:43:06.163+0000] {tiki_extract_dag.py:155} INFO - Extracted page 12/50 - lam-dep-suc-khoe, total items: 480
[2025-03-12T07:43:15.047+0000] {tiki_extract_dag.py:155} INFO - Extracted page 13/50 - lam-dep-suc-khoe, total items: 520
[2025-03-12T07:43:20.485+0000] {tiki_extract_dag.py:155} INFO - Extracted page 14/50 - lam-dep-suc-khoe, total items: 560
[2025-03-12T07:43:29.304+0000] {tiki_extract_dag.py:155} INFO - Extracted page 15/50 - lam-dep-suc-khoe, total items: 600
[2025-03-12T07:43:39.670+0000] {tiki_extract_dag.py:155} INFO - Extracted page 16/50 - lam-dep-suc-khoe, total items: 640
[2025-03-12T07:43:49.069+0000] {tiki_extract_dag.py:155} INFO - Extracted page 17/50 - lam-dep-suc-khoe, total items: 680
[2025-03-12T07:43:56.529+0000] {tiki_extract_dag.py:155} INFO - Extracted page 18/50 - lam-dep-suc-khoe, total items: 720
[2025-03-12T07:44:02.055+0000] {tiki_extract_dag.py:155} INFO - Extracted page 19/50 - lam-dep-suc-khoe, total items: 760
[2025-03-12T07:44:10.588+0000] {tiki_extract_dag.py:155} INFO - Extracted page 20/50 - lam-dep-suc-khoe, total items: 800
[2025-03-12T07:44:19.405+0000] {tiki_extract_dag.py:155} INFO - Extracted page 21/50 - lam-dep-suc-khoe, total items: 840
[2025-03-12T07:44:30.264+0000] {tiki_extract_dag.py:155} INFO - Extracted page 22/50 - lam-dep-suc-khoe, total items: 880
[2025-03-12T07:44:37.250+0000] {tiki_extract_dag.py:155} INFO - Extracted page 23/50 - lam-dep-suc-khoe, total items: 920
[2025-03-12T07:44:47.552+0000] {tiki_extract_dag.py:155} INFO - Extracted page 24/50 - lam-dep-suc-khoe, total items: 960
[2025-03-12T07:44:55.664+0000] {tiki_extract_dag.py:155} INFO - Extracted page 25/50 - lam-dep-suc-khoe, total items: 1000
[2025-03-12T07:45:03.147+0000] {tiki_extract_dag.py:155} INFO - Extracted page 26/50 - lam-dep-suc-khoe, total items: 1040
[2025-03-12T07:45:09.098+0000] {tiki_extract_dag.py:155} INFO - Extracted page 27/50 - lam-dep-suc-khoe, total items: 1080
[2025-03-12T07:45:16.293+0000] {tiki_extract_dag.py:155} INFO - Extracted page 28/50 - lam-dep-suc-khoe, total items: 1120
[2025-03-12T07:45:25.994+0000] {tiki_extract_dag.py:155} INFO - Extracted page 29/50 - lam-dep-suc-khoe, total items: 1160
[2025-03-12T07:45:33.355+0000] {tiki_extract_dag.py:155} INFO - Extracted page 30/50 - lam-dep-suc-khoe, total items: 1200
[2025-03-12T07:45:41.922+0000] {tiki_extract_dag.py:155} INFO - Extracted page 31/50 - lam-dep-suc-khoe, total items: 1240
[2025-03-12T07:45:51.091+0000] {tiki_extract_dag.py:155} INFO - Extracted page 32/50 - lam-dep-suc-khoe, total items: 1280
[2025-03-12T07:46:00.345+0000] {tiki_extract_dag.py:155} INFO - Extracted page 33/50 - lam-dep-suc-khoe, total items: 1320
[2025-03-12T07:46:07.134+0000] {tiki_extract_dag.py:155} INFO - Extracted page 34/50 - lam-dep-suc-khoe, total items: 1360
[2025-03-12T07:46:15.113+0000] {tiki_extract_dag.py:155} INFO - Extracted page 35/50 - lam-dep-suc-khoe, total items: 1400
[2025-03-12T07:46:25.517+0000] {tiki_extract_dag.py:155} INFO - Extracted page 36/50 - lam-dep-suc-khoe, total items: 1440
[2025-03-12T07:46:34.329+0000] {tiki_extract_dag.py:155} INFO - Extracted page 37/50 - lam-dep-suc-khoe, total items: 1480
[2025-03-12T07:46:41.796+0000] {tiki_extract_dag.py:155} INFO - Extracted page 38/50 - lam-dep-suc-khoe, total items: 1520
[2025-03-12T07:46:51.318+0000] {tiki_extract_dag.py:155} INFO - Extracted page 39/50 - lam-dep-suc-khoe, total items: 1560
[2025-03-12T07:46:59.258+0000] {tiki_extract_dag.py:155} INFO - Extracted page 40/50 - lam-dep-suc-khoe, total items: 1600
[2025-03-12T07:47:07.655+0000] {tiki_extract_dag.py:155} INFO - Extracted page 41/50 - lam-dep-suc-khoe, total items: 1640
[2025-03-12T07:47:29.222+0000] {job.py:229} INFO - Heartbeat recovered after 19.08 seconds
[2025-03-12T07:47:30.757+0000] {tiki_extract_dag.py:155} INFO - Extracted page 42/50 - lam-dep-suc-khoe, total items: 1680
[2025-03-12T07:47:37.850+0000] {tiki_extract_dag.py:155} INFO - Extracted page 43/50 - lam-dep-suc-khoe, total items: 1720
[2025-03-12T07:47:45.960+0000] {tiki_extract_dag.py:155} INFO - Extracted page 44/50 - lam-dep-suc-khoe, total items: 1760
[2025-03-12T07:47:55.415+0000] {tiki_extract_dag.py:155} INFO - Extracted page 45/50 - lam-dep-suc-khoe, total items: 1800
[2025-03-12T07:48:03.572+0000] {tiki_extract_dag.py:155} INFO - Extracted page 46/50 - lam-dep-suc-khoe, total items: 1840
[2025-03-12T07:48:10.123+0000] {tiki_extract_dag.py:155} INFO - Extracted page 47/50 - lam-dep-suc-khoe, total items: 1880
[2025-03-12T07:48:15.936+0000] {tiki_extract_dag.py:155} INFO - Extracted page 48/50 - lam-dep-suc-khoe, total items: 1920
[2025-03-12T07:48:22.014+0000] {tiki_extract_dag.py:155} INFO - Extracted page 49/50 - lam-dep-suc-khoe, total items: 1960
[2025-03-12T07:48:30.972+0000] {tiki_extract_dag.py:155} INFO - Extracted page 50/50 - lam-dep-suc-khoe, total items: 2000
[2025-03-12T07:50:17.991+0000] {tiki_extract_dag.py:56} INFO - Updated crawled products at tiki-pipeline/tiki_crawled/crawled_products.json
[2025-03-12T07:50:17.993+0000] {tiki_extract_dag.py:172} INFO - Uploaded raw data to tiki-pipeline/tiki_raw_data/raw_lam-dep-suc-khoe_20250312_074839.json, total items: 2000
[2025-03-12T07:50:19.037+0000] {tiki_extract_dag.py:183} INFO - Saved metadata to tiki-pipeline/metadata/extract_run_metadata_lam-dep-suc-khoe_20250312_074839.json
[2025-03-12T07:50:19.073+0000] {python.py:240} INFO - Done. Returned value was: None
[2025-03-12T07:50:19.154+0000] {taskinstance.py:341} INFO - ::group::Post task execution logs
[2025-03-12T07:50:19.157+0000] {taskinstance.py:353} INFO - Marking task as SUCCESS. dag_id=tiki_extract_dag, task_id=extract_lam-dep-suc-khoe, run_id=manual__2025-03-12T07:40:49.551946+00:00, execution_date=20250312T074049, start_date=20250312T074100, end_date=20250312T075019
[2025-03-12T07:50:19.243+0000] {logging_mixin.py:190} INFO - Task instance in success state
[2025-03-12T07:50:19.244+0000] {logging_mixin.py:190} INFO -  Previous state of the Task instance: running
[2025-03-12T07:50:19.245+0000] {logging_mixin.py:190} INFO - Dag name:tiki_extract_dag queued_at:2025-03-12 07:40:49.590021+00:00
[2025-03-12T07:50:19.246+0000] {logging_mixin.py:190} INFO - Task hostname:3905098656d4 operator:PythonOperator
[2025-03-12T07:50:19.328+0000] {local_task_job_runner.py:266} INFO - Task exited with return code 0
[2025-03-12T07:50:19.403+0000] {taskinstance.py:3901} INFO - 0 downstream tasks scheduled from follow-on schedule check
[2025-03-12T07:50:19.410+0000] {local_task_job_runner.py:245} INFO - ::endgroup::
