[2025-03-08T13:22:35.549+0000] {local_task_job_runner.py:123} INFO - ::group::Pre task execution logs
[2025-03-08T13:22:35.583+0000] {taskinstance.py:2614} INFO - Dependencies all met for dep_context=non-requeueable deps ti=<TaskInstance: tiki_extract_dag.extract_data manual__2025-03-08T13:22:31.259555+00:00 [queued]>
[2025-03-08T13:22:35.599+0000] {taskinstance.py:2614} INFO - Dependencies all met for dep_context=requeueable deps ti=<TaskInstance: tiki_extract_dag.extract_data manual__2025-03-08T13:22:31.259555+00:00 [queued]>
[2025-03-08T13:22:35.601+0000] {taskinstance.py:2867} INFO - Starting attempt 1 of 1
[2025-03-08T13:22:35.629+0000] {taskinstance.py:2890} INFO - Executing <Task(PythonOperator): extract_data> on 2025-03-08 13:22:31.259555+00:00
[2025-03-08T13:22:35.661+0000] {warnings.py:112} WARNING - /home/***/.local/lib/python3.12/site-packages/***/task/task_runner/standard_task_runner.py:70: DeprecationWarning: This process (pid=97) is multi-threaded, use of fork() may lead to deadlocks in the child.
  pid = os.fork()

[2025-03-08T13:22:35.674+0000] {standard_task_runner.py:72} INFO - Started process 99 to run task
[2025-03-08T13:22:35.665+0000] {standard_task_runner.py:104} INFO - Running: ['***', 'tasks', 'run', 'tiki_extract_dag', 'extract_data', 'manual__2025-03-08T13:22:31.259555+00:00', '--job-id', '58', '--raw', '--subdir', 'DAGS_FOLDER/tiki_extract_dag.py', '--cfg-path', '/tmp/tmpvxhtp13n']
[2025-03-08T13:22:35.677+0000] {standard_task_runner.py:105} INFO - Job 58: Subtask extract_data
[2025-03-08T13:22:35.835+0000] {task_command.py:467} INFO - Running <TaskInstance: tiki_extract_dag.extract_data manual__2025-03-08T13:22:31.259555+00:00 [running]> on host 4dc18dee7126
[2025-03-08T13:22:36.470+0000] {taskinstance.py:3134} INFO - Exporting env vars: AIRFLOW_CTX_DAG_OWNER='***' AIRFLOW_CTX_DAG_ID='tiki_extract_dag' AIRFLOW_CTX_TASK_ID='extract_data' AIRFLOW_CTX_EXECUTION_DATE='2025-03-08T13:22:31.259555+00:00' AIRFLOW_CTX_TRY_NUMBER='1' AIRFLOW_CTX_DAG_RUN_ID='manual__2025-03-08T13:22:31.259555+00:00'
[2025-03-08T13:22:36.473+0000] {logging_mixin.py:190} INFO - Task instance is in running state
[2025-03-08T13:22:36.474+0000] {logging_mixin.py:190} INFO -  Previous state of the Task instance: queued
[2025-03-08T13:22:36.475+0000] {logging_mixin.py:190} INFO - Current task name:extract_data state:running start_date:2025-03-08 13:22:35.584802+00:00
[2025-03-08T13:22:36.476+0000] {logging_mixin.py:190} INFO - Dag name:tiki_extract_dag and current dag run status:running
[2025-03-08T13:22:36.477+0000] {taskinstance.py:732} INFO - ::endgroup::
[2025-03-08T13:22:36.479+0000] {crawl_data.py:106} INFO - Crawling category lam-dep-suc-khoe with 10 pages
[2025-03-08T13:22:38.060+0000] {crawl_data.py:128} INFO - Extracted page 1 - lam-dep-suc-khoe, 40 items, total extracted: 40
[2025-03-08T13:22:43.045+0000] {crawl_data.py:128} INFO - Extracted page 2 - lam-dep-suc-khoe, 40 items, total extracted: 80
[2025-03-08T13:22:48.210+0000] {crawl_data.py:128} INFO - Extracted page 3 - lam-dep-suc-khoe, 40 items, total extracted: 120
[2025-03-08T13:22:53.490+0000] {crawl_data.py:128} INFO - Extracted page 4 - lam-dep-suc-khoe, 40 items, total extracted: 160
[2025-03-08T13:22:58.566+0000] {crawl_data.py:128} INFO - Extracted page 5 - lam-dep-suc-khoe, 40 items, total extracted: 200
[2025-03-08T13:23:03.530+0000] {crawl_data.py:128} INFO - Extracted page 6 - lam-dep-suc-khoe, 40 items, total extracted: 240
[2025-03-08T13:23:07.151+0000] {crawl_data.py:128} INFO - Extracted page 7 - lam-dep-suc-khoe, 40 items, total extracted: 280
[2025-03-08T13:23:11.968+0000] {crawl_data.py:128} INFO - Extracted page 8 - lam-dep-suc-khoe, 40 items, total extracted: 320
[2025-03-08T13:23:17.359+0000] {crawl_data.py:128} INFO - Extracted page 9 - lam-dep-suc-khoe, 40 items, total extracted: 360
[2025-03-08T13:23:20.007+0000] {crawl_data.py:128} INFO - Extracted page 10 - lam-dep-suc-khoe, 40 items, total extracted: 400
[2025-03-08T13:23:24.278+0000] {crawl_data.py:106} INFO - Crawling category dien-thoai-may-tinh-bang with 10 pages
[2025-03-08T13:23:24.707+0000] {crawl_data.py:128} INFO - Extracted page 1 - dien-thoai-may-tinh-bang, 40 items, total extracted: 440
[2025-03-08T13:23:27.984+0000] {crawl_data.py:128} INFO - Extracted page 2 - dien-thoai-may-tinh-bang, 40 items, total extracted: 480
[2025-03-08T13:23:32.987+0000] {crawl_data.py:128} INFO - Extracted page 3 - dien-thoai-may-tinh-bang, 40 items, total extracted: 520
[2025-03-08T13:23:35.947+0000] {crawl_data.py:128} INFO - Extracted page 4 - dien-thoai-may-tinh-bang, 40 items, total extracted: 560
[2025-03-08T13:23:39.149+0000] {crawl_data.py:128} INFO - Extracted page 5 - dien-thoai-may-tinh-bang, 40 items, total extracted: 600
[2025-03-08T13:23:44.715+0000] {crawl_data.py:128} INFO - Extracted page 6 - dien-thoai-may-tinh-bang, 40 items, total extracted: 640
[2025-03-08T13:23:47.820+0000] {crawl_data.py:128} INFO - Extracted page 7 - dien-thoai-may-tinh-bang, 40 items, total extracted: 680
[2025-03-08T13:23:52.146+0000] {crawl_data.py:128} INFO - Extracted page 8 - dien-thoai-may-tinh-bang, 40 items, total extracted: 720
[2025-03-08T13:23:55.416+0000] {crawl_data.py:128} INFO - Extracted page 9 - dien-thoai-may-tinh-bang, 19 items, total extracted: 739
[2025-03-08T13:23:58.889+0000] {crawl_data.py:114} WARNING - No data found for page 10 - dien-thoai-may-tinh-bang
[2025-03-08T13:23:58.891+0000] {crawl_data.py:106} INFO - Crawling category laptop-may-vi-tinh-linh-kien with 10 pages
[2025-03-08T13:23:59.730+0000] {crawl_data.py:128} INFO - Extracted page 1 - laptop-may-vi-tinh-linh-kien, 40 items, total extracted: 779
[2025-03-08T13:24:03.505+0000] {crawl_data.py:128} INFO - Extracted page 2 - laptop-may-vi-tinh-linh-kien, 40 items, total extracted: 819
[2025-03-08T13:24:07.953+0000] {crawl_data.py:128} INFO - Extracted page 3 - laptop-may-vi-tinh-linh-kien, 40 items, total extracted: 859
[2025-03-08T13:24:11.301+0000] {crawl_data.py:128} INFO - Extracted page 4 - laptop-may-vi-tinh-linh-kien, 40 items, total extracted: 899
[2025-03-08T13:24:13.978+0000] {crawl_data.py:128} INFO - Extracted page 5 - laptop-may-vi-tinh-linh-kien, 40 items, total extracted: 939
[2025-03-08T13:24:19.311+0000] {crawl_data.py:128} INFO - Extracted page 6 - laptop-may-vi-tinh-linh-kien, 40 items, total extracted: 979
[2025-03-08T13:24:22.549+0000] {crawl_data.py:128} INFO - Extracted page 7 - laptop-may-vi-tinh-linh-kien, 40 items, total extracted: 1019
[2025-03-08T13:24:25.527+0000] {crawl_data.py:128} INFO - Extracted page 8 - laptop-may-vi-tinh-linh-kien, 40 items, total extracted: 1059
[2025-03-08T13:24:28.290+0000] {crawl_data.py:128} INFO - Extracted page 9 - laptop-may-vi-tinh-linh-kien, 40 items, total extracted: 1099
[2025-03-08T13:24:33.849+0000] {crawl_data.py:128} INFO - Extracted page 10 - laptop-may-vi-tinh-linh-kien, 40 items, total extracted: 1139
[2025-03-08T13:24:37.696+0000] {crawl_data.py:106} INFO - Crawling category dien-gia-dung with 10 pages
[2025-03-08T13:24:38.186+0000] {crawl_data.py:128} INFO - Extracted page 1 - dien-gia-dung, 40 items, total extracted: 1179
[2025-03-08T13:24:42.428+0000] {crawl_data.py:128} INFO - Extracted page 2 - dien-gia-dung, 40 items, total extracted: 1219
[2025-03-08T13:24:46.645+0000] {crawl_data.py:128} INFO - Extracted page 3 - dien-gia-dung, 40 items, total extracted: 1259
[2025-03-08T13:24:51.859+0000] {crawl_data.py:128} INFO - Extracted page 4 - dien-gia-dung, 40 items, total extracted: 1299
[2025-03-08T13:24:57.071+0000] {crawl_data.py:128} INFO - Extracted page 5 - dien-gia-dung, 40 items, total extracted: 1339
[2025-03-08T13:25:00.350+0000] {crawl_data.py:128} INFO - Extracted page 6 - dien-gia-dung, 40 items, total extracted: 1379
[2025-03-08T13:25:04.154+0000] {crawl_data.py:128} INFO - Extracted page 7 - dien-gia-dung, 40 items, total extracted: 1419
[2025-03-08T13:25:08.446+0000] {crawl_data.py:128} INFO - Extracted page 8 - dien-gia-dung, 40 items, total extracted: 1459
[2025-03-08T13:25:11.937+0000] {crawl_data.py:128} INFO - Extracted page 9 - dien-gia-dung, 40 items, total extracted: 1499
[2025-03-08T13:25:14.686+0000] {crawl_data.py:128} INFO - Extracted page 10 - dien-gia-dung, 40 items, total extracted: 1539
[2025-03-08T13:25:18.447+0000] {crawl_data.py:106} INFO - Crawling category sach with 10 pages
[2025-03-08T13:25:19.029+0000] {crawl_data.py:128} INFO - Extracted page 1 - sach, 40 items, total extracted: 1579
[2025-03-08T13:25:22.501+0000] {crawl_data.py:128} INFO - Extracted page 2 - sach, 40 items, total extracted: 1619
[2025-03-08T13:25:26.971+0000] {crawl_data.py:128} INFO - Extracted page 3 - sach, 40 items, total extracted: 1659
[2025-03-08T13:25:31.198+0000] {crawl_data.py:128} INFO - Extracted page 4 - sach, 40 items, total extracted: 1699
[2025-03-08T13:25:33.732+0000] {crawl_data.py:128} INFO - Extracted page 5 - sach, 40 items, total extracted: 1739
[2025-03-08T13:25:38.620+0000] {crawl_data.py:128} INFO - Extracted page 6 - sach, 40 items, total extracted: 1779
[2025-03-08T13:25:42.911+0000] {crawl_data.py:128} INFO - Extracted page 7 - sach, 40 items, total extracted: 1819
[2025-03-08T13:25:46.988+0000] {crawl_data.py:128} INFO - Extracted page 8 - sach, 40 items, total extracted: 1859
[2025-03-08T13:25:50.565+0000] {crawl_data.py:128} INFO - Extracted page 9 - sach, 40 items, total extracted: 1899
[2025-03-08T13:25:53.717+0000] {crawl_data.py:128} INFO - Extracted page 10 - sach, 40 items, total extracted: 1939
[2025-03-08T13:25:56.599+0000] {crawl_data.py:106} INFO - Crawling category thiet-bi-kts-phu-kien-so with 10 pages
[2025-03-08T13:25:57.215+0000] {crawl_data.py:128} INFO - Extracted page 1 - thiet-bi-kts-phu-kien-so, 40 items, total extracted: 1979
[2025-03-08T13:26:02.168+0000] {crawl_data.py:128} INFO - Extracted page 2 - thiet-bi-kts-phu-kien-so, 40 items, total extracted: 2019
[2025-03-08T13:26:06.341+0000] {crawl_data.py:128} INFO - Extracted page 3 - thiet-bi-kts-phu-kien-so, 40 items, total extracted: 2059
[2025-03-08T13:26:10.601+0000] {crawl_data.py:128} INFO - Extracted page 4 - thiet-bi-kts-phu-kien-so, 40 items, total extracted: 2099
[2025-03-08T13:26:14.291+0000] {crawl_data.py:128} INFO - Extracted page 5 - thiet-bi-kts-phu-kien-so, 40 items, total extracted: 2139
[2025-03-08T13:26:17.657+0000] {crawl_data.py:128} INFO - Extracted page 6 - thiet-bi-kts-phu-kien-so, 40 items, total extracted: 2179
[2025-03-08T13:26:20.808+0000] {crawl_data.py:128} INFO - Extracted page 7 - thiet-bi-kts-phu-kien-so, 40 items, total extracted: 2219
[2025-03-08T13:26:25.861+0000] {crawl_data.py:128} INFO - Extracted page 8 - thiet-bi-kts-phu-kien-so, 40 items, total extracted: 2259
[2025-03-08T13:26:29.694+0000] {crawl_data.py:128} INFO - Extracted page 9 - thiet-bi-kts-phu-kien-so, 40 items, total extracted: 2299
[2025-03-08T13:26:34.408+0000] {crawl_data.py:128} INFO - Extracted page 10 - thiet-bi-kts-phu-kien-so, 40 items, total extracted: 2339
[2025-03-08T13:26:37.624+0000] {crawl_data.py:106} INFO - Crawling category thoi-trang-nu with 10 pages
[2025-03-08T13:26:38.273+0000] {crawl_data.py:128} INFO - Extracted page 1 - thoi-trang-nu, 40 items, total extracted: 2379
[2025-03-08T13:26:41.932+0000] {crawl_data.py:128} INFO - Extracted page 2 - thoi-trang-nu, 40 items, total extracted: 2419
[2025-03-08T13:26:46.438+0000] {crawl_data.py:128} INFO - Extracted page 3 - thoi-trang-nu, 40 items, total extracted: 2459
[2025-03-08T13:26:49.117+0000] {crawl_data.py:128} INFO - Extracted page 4 - thoi-trang-nu, 40 items, total extracted: 2499
[2025-03-08T13:26:53.756+0000] {crawl_data.py:128} INFO - Extracted page 5 - thoi-trang-nu, 40 items, total extracted: 2539
[2025-03-08T13:26:59.145+0000] {crawl_data.py:128} INFO - Extracted page 6 - thoi-trang-nu, 40 items, total extracted: 2579
[2025-03-08T13:27:03.698+0000] {crawl_data.py:128} INFO - Extracted page 7 - thoi-trang-nu, 40 items, total extracted: 2619
[2025-03-08T13:27:06.977+0000] {crawl_data.py:128} INFO - Extracted page 8 - thoi-trang-nu, 40 items, total extracted: 2659
[2025-03-08T13:27:11.455+0000] {crawl_data.py:128} INFO - Extracted page 9 - thoi-trang-nu, 40 items, total extracted: 2699
[2025-03-08T13:27:14.389+0000] {crawl_data.py:128} INFO - Extracted page 10 - thoi-trang-nu, 40 items, total extracted: 2739
[2025-03-08T13:27:18.402+0000] {crawl_data.py:106} INFO - Crawling category thoi-trang-nam with 10 pages
[2025-03-08T13:27:19.042+0000] {crawl_data.py:128} INFO - Extracted page 1 - thoi-trang-nam, 40 items, total extracted: 2779
[2025-03-08T13:27:21.560+0000] {crawl_data.py:128} INFO - Extracted page 2 - thoi-trang-nam, 40 items, total extracted: 2819
[2025-03-08T13:27:27.092+0000] {crawl_data.py:128} INFO - Extracted page 3 - thoi-trang-nam, 40 items, total extracted: 2859
[2025-03-08T13:27:30.774+0000] {crawl_data.py:128} INFO - Extracted page 4 - thoi-trang-nam, 40 items, total extracted: 2899
[2025-03-08T13:27:33.736+0000] {crawl_data.py:128} INFO - Extracted page 5 - thoi-trang-nam, 40 items, total extracted: 2939
[2025-03-08T13:27:39.284+0000] {crawl_data.py:128} INFO - Extracted page 6 - thoi-trang-nam, 40 items, total extracted: 2979
[2025-03-08T13:27:42.979+0000] {crawl_data.py:128} INFO - Extracted page 7 - thoi-trang-nam, 40 items, total extracted: 3019
[2025-03-08T13:27:48.273+0000] {crawl_data.py:128} INFO - Extracted page 8 - thoi-trang-nam, 40 items, total extracted: 3059
[2025-03-08T13:27:53.611+0000] {crawl_data.py:128} INFO - Extracted page 9 - thoi-trang-nam, 40 items, total extracted: 3099
[2025-03-08T13:27:59.115+0000] {crawl_data.py:128} INFO - Extracted page 10 - thoi-trang-nam, 40 items, total extracted: 3139
[2025-03-08T13:28:03.272+0000] {crawl_data.py:106} INFO - Crawling category dong-ho-va-trang-suc with 10 pages
[2025-03-08T13:28:04.011+0000] {crawl_data.py:128} INFO - Extracted page 1 - dong-ho-va-trang-suc, 40 items, total extracted: 3179
[2025-03-08T13:28:06.689+0000] {crawl_data.py:128} INFO - Extracted page 2 - dong-ho-va-trang-suc, 40 items, total extracted: 3219
[2025-03-08T13:28:09.622+0000] {crawl_data.py:128} INFO - Extracted page 3 - dong-ho-va-trang-suc, 40 items, total extracted: 3259
[2025-03-08T13:28:13.682+0000] {crawl_data.py:128} INFO - Extracted page 4 - dong-ho-va-trang-suc, 40 items, total extracted: 3299
[2025-03-08T13:28:18.424+0000] {crawl_data.py:128} INFO - Extracted page 5 - dong-ho-va-trang-suc, 40 items, total extracted: 3339
[2025-03-08T13:28:22.630+0000] {crawl_data.py:128} INFO - Extracted page 6 - dong-ho-va-trang-suc, 40 items, total extracted: 3379
[2025-03-08T13:28:26.465+0000] {crawl_data.py:128} INFO - Extracted page 7 - dong-ho-va-trang-suc, 40 items, total extracted: 3419
[2025-03-08T13:28:30.585+0000] {crawl_data.py:128} INFO - Extracted page 8 - dong-ho-va-trang-suc, 40 items, total extracted: 3459
[2025-03-08T13:28:35.812+0000] {crawl_data.py:128} INFO - Extracted page 9 - dong-ho-va-trang-suc, 40 items, total extracted: 3499
[2025-03-08T13:28:39.734+0000] {crawl_data.py:128} INFO - Extracted page 10 - dong-ho-va-trang-suc, 40 items, total extracted: 3539
[2025-03-08T13:28:42.171+0000] {crawl_data.py:106} INFO - Crawling category dien-tu-dien-lanh with 10 pages
[2025-03-08T13:28:42.580+0000] {crawl_data.py:128} INFO - Extracted page 1 - dien-tu-dien-lanh, 40 items, total extracted: 3579
[2025-03-08T13:28:47.102+0000] {crawl_data.py:128} INFO - Extracted page 2 - dien-tu-dien-lanh, 40 items, total extracted: 3619
[2025-03-08T13:28:51.356+0000] {crawl_data.py:128} INFO - Extracted page 3 - dien-tu-dien-lanh, 40 items, total extracted: 3659
[2025-03-08T13:28:54.950+0000] {crawl_data.py:128} INFO - Extracted page 4 - dien-tu-dien-lanh, 40 items, total extracted: 3699
[2025-03-08T13:29:00.378+0000] {crawl_data.py:128} INFO - Extracted page 5 - dien-tu-dien-lanh, 40 items, total extracted: 3739
[2025-03-08T13:29:04.299+0000] {crawl_data.py:128} INFO - Extracted page 6 - dien-tu-dien-lanh, 40 items, total extracted: 3779
[2025-03-08T13:29:07.403+0000] {crawl_data.py:128} INFO - Extracted page 7 - dien-tu-dien-lanh, 40 items, total extracted: 3819
[2025-03-08T13:29:12.819+0000] {crawl_data.py:128} INFO - Extracted page 8 - dien-tu-dien-lanh, 40 items, total extracted: 3859
[2025-03-08T13:29:17.185+0000] {crawl_data.py:128} INFO - Extracted page 9 - dien-tu-dien-lanh, 40 items, total extracted: 3899
[2025-03-08T13:29:22.545+0000] {crawl_data.py:128} INFO - Extracted page 10 - dien-tu-dien-lanh, 40 items, total extracted: 3939
[2025-03-08T13:29:31.423+0000] {crawl_data.py:50} INFO - Updated crawled products at tiki-data/tiki_crawled/crawled_products.json
[2025-03-08T13:29:31.425+0000] {crawl_data.py:144} INFO - Uploaded raw data to tiki-data/tiki_raw_data/raw_20250308_132927.json, total items: 3939
[2025-03-08T13:29:31.428+0000] {python.py:240} INFO - Done. Returned value was: tiki_raw_data/raw_20250308_132927.json
[2025-03-08T13:29:31.670+0000] {taskinstance.py:341} INFO - ::group::Post task execution logs
[2025-03-08T13:29:31.675+0000] {taskinstance.py:353} INFO - Marking task as SUCCESS. dag_id=tiki_extract_dag, task_id=extract_data, run_id=manual__2025-03-08T13:22:31.259555+00:00, execution_date=20250308T132231, start_date=20250308T132235, end_date=20250308T132931
[2025-03-08T13:29:31.764+0000] {logging_mixin.py:190} INFO - Task instance in success state
[2025-03-08T13:29:31.766+0000] {logging_mixin.py:190} INFO -  Previous state of the Task instance: running
[2025-03-08T13:29:31.767+0000] {logging_mixin.py:190} INFO - Dag name:tiki_extract_dag queued_at:2025-03-08 13:22:31.316818+00:00
[2025-03-08T13:29:31.768+0000] {logging_mixin.py:190} INFO - Task hostname:4dc18dee7126 operator:PythonOperator
[2025-03-08T13:29:31.860+0000] {local_task_job_runner.py:266} INFO - Task exited with return code 0
[2025-03-08T13:29:31.932+0000] {taskinstance.py:3901} INFO - 0 downstream tasks scheduled from follow-on schedule check
[2025-03-08T13:29:31.948+0000] {local_task_job_runner.py:245} INFO - ::endgroup::
