[2025-03-10T10:17:43.127+0000] {local_task_job_runner.py:123} INFO - ::group::Pre task execution logs
[2025-03-10T10:17:43.214+0000] {taskinstance.py:2614} INFO - Dependencies all met for dep_context=non-requeueable deps ti=<TaskInstance: tiki_extract_dag.crawl_dong-ho-va-trang-suc manual__2025-03-10T10:16:46.076323+00:00 [queued]>
[2025-03-10T10:17:43.250+0000] {taskinstance.py:2614} INFO - Dependencies all met for dep_context=requeueable deps ti=<TaskInstance: tiki_extract_dag.crawl_dong-ho-va-trang-suc manual__2025-03-10T10:16:46.076323+00:00 [queued]>
[2025-03-10T10:17:43.255+0000] {taskinstance.py:2867} INFO - Starting attempt 1 of 4
[2025-03-10T10:17:43.386+0000] {taskinstance.py:2890} INFO - Executing <Task(PythonOperator): crawl_dong-ho-va-trang-suc> on 2025-03-10 10:16:46.076323+00:00
[2025-03-10T10:17:43.443+0000] {warnings.py:112} WARNING - /home/***/.local/lib/python3.12/site-packages/***/task/task_runner/standard_task_runner.py:70: DeprecationWarning: This process (pid=2552) is multi-threaded, use of fork() may lead to deadlocks in the child.
  pid = os.fork()

[2025-03-10T10:17:43.448+0000] {standard_task_runner.py:72} INFO - Started process 2580 to run task
[2025-03-10T10:17:43.473+0000] {standard_task_runner.py:104} INFO - Running: ['***', 'tasks', 'run', 'tiki_extract_dag', 'crawl_dong-ho-va-trang-suc', 'manual__2025-03-10T10:16:46.076323+00:00', '--job-id', '413', '--raw', '--subdir', 'DAGS_FOLDER/tiki_extract_dag.py', '--cfg-path', '/tmp/tmpv_t_uze3']
[2025-03-10T10:17:43.478+0000] {standard_task_runner.py:105} INFO - Job 413: Subtask crawl_dong-ho-va-trang-suc
[2025-03-10T10:17:43.850+0000] {task_command.py:467} INFO - Running <TaskInstance: tiki_extract_dag.crawl_dong-ho-va-trang-suc manual__2025-03-10T10:16:46.076323+00:00 [running]> on host c77555d100c4
[2025-03-10T10:18:37.440+0000] {taskinstance.py:3134} INFO - Exporting env vars: AIRFLOW_CTX_DAG_OWNER='***' AIRFLOW_CTX_DAG_ID='tiki_extract_dag' AIRFLOW_CTX_TASK_ID='crawl_dong-ho-va-trang-suc' AIRFLOW_CTX_EXECUTION_DATE='2025-03-10T10:16:46.076323+00:00' AIRFLOW_CTX_TRY_NUMBER='1' AIRFLOW_CTX_DAG_RUN_ID='manual__2025-03-10T10:16:46.076323+00:00'
[2025-03-10T10:18:37.488+0000] {logging_mixin.py:190} INFO - Task instance is in running state
[2025-03-10T10:18:37.490+0000] {logging_mixin.py:190} INFO -  Previous state of the Task instance: queued
[2025-03-10T10:18:37.491+0000] {logging_mixin.py:190} INFO - Current task name:crawl_dong-ho-va-trang-suc state:running start_date:2025-03-10 10:17:43.216954+00:00
[2025-03-10T10:18:37.492+0000] {logging_mixin.py:190} INFO - Dag name:tiki_extract_dag and current dag run status:running
[2025-03-10T10:18:37.496+0000] {taskinstance.py:732} INFO - ::endgroup::
[2025-03-10T10:19:01.119+0000] {connectionpool.py:868} WARNING - Retrying (Retry(total=2, connect=None, read=None, redirect=None, status=None)) after connection broken by 'NameResolutionError("<urllib3.connection.HTTPSConnection object at 0x7f5229484620>: Failed to resolve 'oauth2.googleapis.com' ([Errno -3] Temporary failure in name resolution)")': /token
[2025-03-10T10:19:03.527+0000] {job.py:229} INFO - Heartbeat recovered after 80.76 seconds
[2025-03-10T10:19:57.151+0000] {connectionpool.py:868} WARNING - Retrying (Retry(total=1, connect=None, read=None, redirect=None, status=None)) after connection broken by 'NameResolutionError("<urllib3.connection.HTTPSConnection object at 0x7f5228e31640>: Failed to resolve 'oauth2.googleapis.com' ([Errno -3] Temporary failure in name resolution)")': /token
[2025-03-10T10:19:57.267+0000] {job.py:239} ERROR - Job heartbeat failed with error
Traceback (most recent call last):
  File "/home/airflow/.local/lib/python3.12/site-packages/sqlalchemy/engine/base.py", line 3371, in _wrap_pool_connect
    return fn()
           ^^^^
  File "/home/airflow/.local/lib/python3.12/site-packages/sqlalchemy/pool/base.py", line 327, in connect
    return _ConnectionFairy._checkout(self)
           ^^^^^^^^^^^^^^^^^^^^^^^^^^^^^^^^
  File "/home/airflow/.local/lib/python3.12/site-packages/sqlalchemy/pool/base.py", line 894, in _checkout
    fairy = _ConnectionRecord.checkout(pool)
            ^^^^^^^^^^^^^^^^^^^^^^^^^^^^^^^^
  File "/home/airflow/.local/lib/python3.12/site-packages/sqlalchemy/pool/base.py", line 493, in checkout
    rec = pool._do_get()
          ^^^^^^^^^^^^^^
  File "/home/airflow/.local/lib/python3.12/site-packages/sqlalchemy/pool/impl.py", line 256, in _do_get
    return self._create_connection()
           ^^^^^^^^^^^^^^^^^^^^^^^^^
  File "/home/airflow/.local/lib/python3.12/site-packages/sqlalchemy/pool/base.py", line 273, in _create_connection
    return _ConnectionRecord(self)
           ^^^^^^^^^^^^^^^^^^^^^^^
  File "/home/airflow/.local/lib/python3.12/site-packages/sqlalchemy/pool/base.py", line 388, in __init__
    self.__connect()
  File "/home/airflow/.local/lib/python3.12/site-packages/sqlalchemy/pool/base.py", line 690, in __connect
    with util.safe_reraise():
         ^^^^^^^^^^^^^^^^^^^
  File "/home/airflow/.local/lib/python3.12/site-packages/sqlalchemy/util/langhelpers.py", line 70, in __exit__
    compat.raise_(
  File "/home/airflow/.local/lib/python3.12/site-packages/sqlalchemy/util/compat.py", line 211, in raise_
    raise exception
  File "/home/airflow/.local/lib/python3.12/site-packages/sqlalchemy/pool/base.py", line 686, in __connect
    self.dbapi_connection = connection = pool._invoke_creator(self)
                                         ^^^^^^^^^^^^^^^^^^^^^^^^^^
  File "/home/airflow/.local/lib/python3.12/site-packages/sqlalchemy/engine/create.py", line 574, in connect
    return dialect.connect(*cargs, **cparams)
           ^^^^^^^^^^^^^^^^^^^^^^^^^^^^^^^^^^
  File "/home/airflow/.local/lib/python3.12/site-packages/sqlalchemy/engine/default.py", line 598, in connect
    return self.dbapi.connect(*cargs, **cparams)
           ^^^^^^^^^^^^^^^^^^^^^^^^^^^^^^^^^^^^^
  File "/home/airflow/.local/lib/python3.12/site-packages/psycopg2/__init__.py", line 122, in connect
    conn = _connect(dsn, connection_factory=connection_factory, **kwasync)
           ^^^^^^^^^^^^^^^^^^^^^^^^^^^^^^^^^^^^^^^^^^^^^^^^^^^^^^^^^^^^^^^
psycopg2.OperationalError: could not translate host name "postgres" to address: Temporary failure in name resolution


The above exception was the direct cause of the following exception:

Traceback (most recent call last):
  File "/home/airflow/.local/lib/python3.12/site-packages/airflow/jobs/job.py", line 233, in heartbeat
    heartbeat_callback(session)
  File "/home/airflow/.local/lib/python3.12/site-packages/airflow/utils/session.py", line 94, in wrapper
    return func(*args, **kwargs)
           ^^^^^^^^^^^^^^^^^^^^^
  File "/home/airflow/.local/lib/python3.12/site-packages/airflow/jobs/local_task_job_runner.py", line 284, in heartbeat_callback
    self.task_instance.refresh_from_db()
  File "/home/airflow/.local/lib/python3.12/site-packages/airflow/utils/session.py", line 97, in wrapper
    return func(*args, session=session, **kwargs)
           ^^^^^^^^^^^^^^^^^^^^^^^^^^^^^^^^^^^^^^
  File "/home/airflow/.local/lib/python3.12/site-packages/airflow/models/taskinstance.py", line 2360, in refresh_from_db
    _refresh_from_db(task_instance=self, session=session, lock_for_update=lock_for_update)
  File "/home/airflow/.local/lib/python3.12/site-packages/airflow/models/taskinstance.py", line 873, in _refresh_from_db
    ti = TaskInstance.get_task_instance(
         ^^^^^^^^^^^^^^^^^^^^^^^^^^^^^^^
  File "/home/airflow/.local/lib/python3.12/site-packages/airflow/api_internal/internal_api_call.py", line 166, in wrapper
    return func(*args, **kwargs)
           ^^^^^^^^^^^^^^^^^^^^^
  File "/home/airflow/.local/lib/python3.12/site-packages/airflow/utils/session.py", line 94, in wrapper
    return func(*args, **kwargs)
           ^^^^^^^^^^^^^^^^^^^^^
  File "/home/airflow/.local/lib/python3.12/site-packages/airflow/models/taskinstance.py", line 2346, in get_task_instance
    return query.one_or_none()
           ^^^^^^^^^^^^^^^^^^^
  File "/home/airflow/.local/lib/python3.12/site-packages/sqlalchemy/orm/query.py", line 2850, in one_or_none
    return self._iter().one_or_none()
           ^^^^^^^^^^^^
  File "/home/airflow/.local/lib/python3.12/site-packages/sqlalchemy/orm/query.py", line 2916, in _iter
    result = self.session.execute(
             ^^^^^^^^^^^^^^^^^^^^^
  File "/home/airflow/.local/lib/python3.12/site-packages/sqlalchemy/orm/session.py", line 1716, in execute
    conn = self._connection_for_bind(bind)
           ^^^^^^^^^^^^^^^^^^^^^^^^^^^^^^^
  File "/home/airflow/.local/lib/python3.12/site-packages/sqlalchemy/orm/session.py", line 1555, in _connection_for_bind
    return self._transaction._connection_for_bind(
           ^^^^^^^^^^^^^^^^^^^^^^^^^^^^^^^^^^^^^^^
  File "/home/airflow/.local/lib/python3.12/site-packages/sqlalchemy/orm/session.py", line 750, in _connection_for_bind
    conn = bind.connect()
           ^^^^^^^^^^^^^^
  File "/home/airflow/.local/lib/python3.12/site-packages/sqlalchemy/future/engine.py", line 412, in connect
    return super(Engine, self).connect()
           ^^^^^^^^^^^^^^^^^^^^^^^^^^^^^
  File "/home/airflow/.local/lib/python3.12/site-packages/sqlalchemy/engine/base.py", line 3325, in connect
    return self._connection_cls(self, close_with_result=close_with_result)
           ^^^^^^^^^^^^^^^^^^^^^^^^^^^^^^^^^^^^^^^^^^^^^^^^^^^^^^^^^^^^^^^
  File "/home/airflow/.local/lib/python3.12/site-packages/sqlalchemy/engine/base.py", line 96, in __init__
    else engine.raw_connection()
         ^^^^^^^^^^^^^^^^^^^^^^^
  File "/home/airflow/.local/lib/python3.12/site-packages/sqlalchemy/engine/base.py", line 3404, in raw_connection
    return self._wrap_pool_connect(self.pool.connect, _connection)
           ^^^^^^^^^^^^^^^^^^^^^^^^^^^^^^^^^^^^^^^^^^^^^^^^^^^^^^^
  File "/home/airflow/.local/lib/python3.12/site-packages/sqlalchemy/engine/base.py", line 3374, in _wrap_pool_connect
    Connection._handle_dbapi_exception_noconnection(
  File "/home/airflow/.local/lib/python3.12/site-packages/sqlalchemy/engine/base.py", line 2208, in _handle_dbapi_exception_noconnection
    util.raise_(
  File "/home/airflow/.local/lib/python3.12/site-packages/sqlalchemy/util/compat.py", line 211, in raise_
    raise exception
  File "/home/airflow/.local/lib/python3.12/site-packages/sqlalchemy/engine/base.py", line 3371, in _wrap_pool_connect
    return fn()
           ^^^^
  File "/home/airflow/.local/lib/python3.12/site-packages/sqlalchemy/pool/base.py", line 327, in connect
    return _ConnectionFairy._checkout(self)
           ^^^^^^^^^^^^^^^^^^^^^^^^^^^^^^^^
  File "/home/airflow/.local/lib/python3.12/site-packages/sqlalchemy/pool/base.py", line 894, in _checkout
    fairy = _ConnectionRecord.checkout(pool)
            ^^^^^^^^^^^^^^^^^^^^^^^^^^^^^^^^
  File "/home/airflow/.local/lib/python3.12/site-packages/sqlalchemy/pool/base.py", line 493, in checkout
    rec = pool._do_get()
          ^^^^^^^^^^^^^^
  File "/home/airflow/.local/lib/python3.12/site-packages/sqlalchemy/pool/impl.py", line 256, in _do_get
    return self._create_connection()
           ^^^^^^^^^^^^^^^^^^^^^^^^^
  File "/home/airflow/.local/lib/python3.12/site-packages/sqlalchemy/pool/base.py", line 273, in _create_connection
    return _ConnectionRecord(self)
           ^^^^^^^^^^^^^^^^^^^^^^^
  File "/home/airflow/.local/lib/python3.12/site-packages/sqlalchemy/pool/base.py", line 388, in __init__
    self.__connect()
  File "/home/airflow/.local/lib/python3.12/site-packages/sqlalchemy/pool/base.py", line 690, in __connect
    with util.safe_reraise():
         ^^^^^^^^^^^^^^^^^^^
  File "/home/airflow/.local/lib/python3.12/site-packages/sqlalchemy/util/langhelpers.py", line 70, in __exit__
    compat.raise_(
  File "/home/airflow/.local/lib/python3.12/site-packages/sqlalchemy/util/compat.py", line 211, in raise_
    raise exception
  File "/home/airflow/.local/lib/python3.12/site-packages/sqlalchemy/pool/base.py", line 686, in __connect
    self.dbapi_connection = connection = pool._invoke_creator(self)
                                         ^^^^^^^^^^^^^^^^^^^^^^^^^^
  File "/home/airflow/.local/lib/python3.12/site-packages/sqlalchemy/engine/create.py", line 574, in connect
    return dialect.connect(*cargs, **cparams)
           ^^^^^^^^^^^^^^^^^^^^^^^^^^^^^^^^^^
  File "/home/airflow/.local/lib/python3.12/site-packages/sqlalchemy/engine/default.py", line 598, in connect
    return self.dbapi.connect(*cargs, **cparams)
           ^^^^^^^^^^^^^^^^^^^^^^^^^^^^^^^^^^^^^
  File "/home/airflow/.local/lib/python3.12/site-packages/psycopg2/__init__.py", line 122, in connect
    conn = _connect(dsn, connection_factory=connection_factory, **kwasync)
           ^^^^^^^^^^^^^^^^^^^^^^^^^^^^^^^^^^^^^^^^^^^^^^^^^^^^^^^^^^^^^^^
sqlalchemy.exc.OperationalError: (psycopg2.OperationalError) could not translate host name "postgres" to address: Temporary failure in name resolution

(Background on this error at: https://sqlalche.me/e/14/e3q8)
[2025-03-10T10:19:57.501+0000] {job.py:254} ERROR - Job heartbeat failed with error. Scheduler is in unhealthy state
[2025-03-10T10:20:07.225+0000] {job.py:229} INFO - Heartbeat recovered after 63.78 seconds
[2025-03-10T10:20:08.080+0000] {tiki_extract_dag.py:132} INFO - Starting crawl for category dong-ho-va-trang-suc (ID: 8371)
[2025-03-10T10:20:08.085+0000] {tiki_extract_dag.py:134} INFO - Calling API: https://tiki.vn/api/v2/products with params: {'page': 1, 'limit': 40, 'category': '8371'}
[2025-03-10T10:20:09.068+0000] {tiki_extract_dag.py:143} INFO - Total pages for dong-ho-va-trang-suc: 50 (limited to 50)
[2025-03-10T10:20:24.381+0000] {tiki_extract_dag.py:119} ERROR - Error fetching details for product 143960604: Expecting value: line 1 column 1 (char 0)
[2025-03-10T10:20:24.523+0000] {tiki_extract_dag.py:119} ERROR - Error fetching details for product 143838450: Expecting value: line 1 column 1 (char 0)
[2025-03-10T10:20:24.686+0000] {tiki_extract_dag.py:119} ERROR - Error fetching details for product 137946676: Expecting value: line 1 column 1 (char 0)
[2025-03-10T10:20:24.825+0000] {tiki_extract_dag.py:119} ERROR - Error fetching details for product 137941919: Expecting value: line 1 column 1 (char 0)
[2025-03-10T10:20:24.964+0000] {tiki_extract_dag.py:119} ERROR - Error fetching details for product 134441706: Expecting value: line 1 column 1 (char 0)
[2025-03-10T10:20:25.135+0000] {tiki_extract_dag.py:119} ERROR - Error fetching details for product 113403111: Expecting value: line 1 column 1 (char 0)
[2025-03-10T10:20:25.292+0000] {tiki_extract_dag.py:119} ERROR - Error fetching details for product 106390176: Expecting value: line 1 column 1 (char 0)
[2025-03-10T10:20:25.436+0000] {tiki_extract_dag.py:119} ERROR - Error fetching details for product 105985711: Expecting value: line 1 column 1 (char 0)
[2025-03-10T10:20:25.581+0000] {tiki_extract_dag.py:119} ERROR - Error fetching details for product 97894870: Expecting value: line 1 column 1 (char 0)
[2025-03-10T10:20:25.748+0000] {tiki_extract_dag.py:119} ERROR - Error fetching details for product 93819008: Expecting value: line 1 column 1 (char 0)
[2025-03-10T10:20:25.895+0000] {tiki_extract_dag.py:119} ERROR - Error fetching details for product 92817188: Expecting value: line 1 column 1 (char 0)
[2025-03-10T10:20:26.044+0000] {tiki_extract_dag.py:119} ERROR - Error fetching details for product 74853731: Expecting value: line 1 column 1 (char 0)
[2025-03-10T10:20:26.202+0000] {tiki_extract_dag.py:119} ERROR - Error fetching details for product 70841244: Expecting value: line 1 column 1 (char 0)
[2025-03-10T10:20:26.344+0000] {tiki_extract_dag.py:119} ERROR - Error fetching details for product 68427641: Expecting value: line 1 column 1 (char 0)
[2025-03-10T10:20:26.489+0000] {tiki_extract_dag.py:119} ERROR - Error fetching details for product 59084567: Expecting value: line 1 column 1 (char 0)
[2025-03-10T10:20:26.656+0000] {tiki_extract_dag.py:119} ERROR - Error fetching details for product 54687717: Expecting value: line 1 column 1 (char 0)
[2025-03-10T10:20:26.823+0000] {tiki_extract_dag.py:119} ERROR - Error fetching details for product 52469205: Expecting value: line 1 column 1 (char 0)
[2025-03-10T10:20:26.964+0000] {tiki_extract_dag.py:119} ERROR - Error fetching details for product 51104756: Expecting value: line 1 column 1 (char 0)
[2025-03-10T10:20:27.107+0000] {tiki_extract_dag.py:119} ERROR - Error fetching details for product 48658720: Expecting value: line 1 column 1 (char 0)
[2025-03-10T10:20:27.275+0000] {tiki_extract_dag.py:119} ERROR - Error fetching details for product 42194457: Expecting value: line 1 column 1 (char 0)
[2025-03-10T10:20:27.442+0000] {tiki_extract_dag.py:119} ERROR - Error fetching details for product 37156749: Expecting value: line 1 column 1 (char 0)
[2025-03-10T10:20:27.583+0000] {tiki_extract_dag.py:119} ERROR - Error fetching details for product 35507445: Expecting value: line 1 column 1 (char 0)
[2025-03-10T10:20:27.732+0000] {tiki_extract_dag.py:119} ERROR - Error fetching details for product 33630695: Expecting value: line 1 column 1 (char 0)
[2025-03-10T10:20:27.877+0000] {tiki_extract_dag.py:119} ERROR - Error fetching details for product 27733854: Expecting value: line 1 column 1 (char 0)
[2025-03-10T10:20:28.019+0000] {tiki_extract_dag.py:119} ERROR - Error fetching details for product 21754311: Expecting value: line 1 column 1 (char 0)
[2025-03-10T10:20:28.186+0000] {tiki_extract_dag.py:119} ERROR - Error fetching details for product 13246837: Expecting value: line 1 column 1 (char 0)
[2025-03-10T10:20:28.333+0000] {tiki_extract_dag.py:119} ERROR - Error fetching details for product 7804969: Expecting value: line 1 column 1 (char 0)
[2025-03-10T10:20:28.478+0000] {tiki_extract_dag.py:119} ERROR - Error fetching details for product 7803174: Expecting value: line 1 column 1 (char 0)
[2025-03-10T10:20:28.623+0000] {tiki_extract_dag.py:119} ERROR - Error fetching details for product 7802880: Expecting value: line 1 column 1 (char 0)
[2025-03-10T10:20:28.771+0000] {tiki_extract_dag.py:119} ERROR - Error fetching details for product 7799222: Expecting value: line 1 column 1 (char 0)
[2025-03-10T10:20:28.929+0000] {tiki_extract_dag.py:119} ERROR - Error fetching details for product 7796951: Expecting value: line 1 column 1 (char 0)
[2025-03-10T10:20:28.931+0000] {tiki_extract_dag.py:156} INFO - Calling API: https://tiki.vn/api/v2/products with params: {'page': 2, 'limit': 40, 'category': '8371'}
[2025-03-10T10:20:29.080+0000] {tiki_extract_dag.py:178} ERROR - API error at page 2 in category dong-ho-va-trang-suc: Expecting value: line 1 column 1 (char 0)
[2025-03-10T10:20:34.168+0000] {tiki_extract_dag.py:50} INFO - Updated crawled products at tiki-pipeline/tiki_crawled/crawled_products.json
[2025-03-10T10:20:34.169+0000] {tiki_extract_dag.py:192} INFO - Uploaded raw data to tiki-pipeline/raw_data/dong-ho-va-trang-suc_20250310_102029.json, total items: 40
[2025-03-10T10:20:34.504+0000] {tiki_extract_dag.py:204} INFO - Saved metadata to tiki-pipeline/metadata/dong-ho-va-trang-suc_extract_run_metadata_20250310_102029.json
[2025-03-10T10:20:34.506+0000] {python.py:240} INFO - Done. Returned value was: None
[2025-03-10T10:20:34.583+0000] {taskinstance.py:341} INFO - ::group::Post task execution logs
[2025-03-10T10:20:34.586+0000] {taskinstance.py:353} INFO - Marking task as SUCCESS. dag_id=tiki_extract_dag, task_id=crawl_dong-ho-va-trang-suc, run_id=manual__2025-03-10T10:16:46.076323+00:00, execution_date=20250310T101646, start_date=20250310T101743, end_date=20250310T102034
[2025-03-10T10:20:34.670+0000] {logging_mixin.py:190} INFO - Task instance in success state
[2025-03-10T10:20:34.671+0000] {logging_mixin.py:190} INFO -  Previous state of the Task instance: running
[2025-03-10T10:20:34.672+0000] {logging_mixin.py:190} INFO - Dag name:tiki_extract_dag queued_at:2025-03-10 10:16:46.133924+00:00
[2025-03-10T10:20:34.673+0000] {logging_mixin.py:190} INFO - Task hostname:c77555d100c4 operator:PythonOperator
[2025-03-10T10:20:34.746+0000] {local_task_job_runner.py:266} INFO - Task exited with return code 0
[2025-03-10T10:20:34.784+0000] {taskinstance.py:3901} INFO - 0 downstream tasks scheduled from follow-on schedule check
[2025-03-10T10:20:34.790+0000] {local_task_job_runner.py:245} INFO - ::endgroup::
