[2025-03-11T17:54:14.030+0000] {local_task_job_runner.py:123} INFO - ::group::Pre task execution logs
[2025-03-11T17:54:14.046+0000] {taskinstance.py:2614} INFO - Dependencies all met for dep_context=non-requeueable deps ti=<TaskInstance: tiki_transform_dag.transform_data manual__2025-03-11T17:49:06.131627+00:00 [queued]>
[2025-03-11T17:54:14.056+0000] {taskinstance.py:2614} INFO - Dependencies all met for dep_context=requeueable deps ti=<TaskInstance: tiki_transform_dag.transform_data manual__2025-03-11T17:49:06.131627+00:00 [queued]>
[2025-03-11T17:54:14.056+0000] {taskinstance.py:2867} INFO - Starting attempt 2 of 4
[2025-03-11T17:54:14.071+0000] {taskinstance.py:2890} INFO - Executing <Task(PythonOperator): transform_data> on 2025-03-11 17:49:06.131627+00:00
[2025-03-11T17:54:14.080+0000] {warnings.py:112} WARNING - /home/***/.local/lib/python3.12/site-packages/***/task/task_runner/standard_task_runner.py:70: DeprecationWarning: This process (pid=1114) is multi-threaded, use of fork() may lead to deadlocks in the child.
  pid = os.fork()

[2025-03-11T17:54:14.082+0000] {standard_task_runner.py:72} INFO - Started process 1116 to run task
[2025-03-11T17:54:14.082+0000] {standard_task_runner.py:104} INFO - Running: ['***', 'tasks', 'run', 'tiki_transform_dag', 'transform_data', 'manual__2025-03-11T17:49:06.131627+00:00', '--job-id', '620', '--raw', '--subdir', 'DAGS_FOLDER/tiki_transform_dag.py', '--cfg-path', '/tmp/tmpxoa0oru0']
[2025-03-11T17:54:14.083+0000] {standard_task_runner.py:105} INFO - Job 620: Subtask transform_data
[2025-03-11T17:54:14.134+0000] {task_command.py:467} INFO - Running <TaskInstance: tiki_transform_dag.transform_data manual__2025-03-11T17:49:06.131627+00:00 [running]> on host 5c8190d7da62
[2025-03-11T17:54:14.429+0000] {taskinstance.py:3134} INFO - Exporting env vars: AIRFLOW_CTX_DAG_OWNER='***' AIRFLOW_CTX_DAG_ID='tiki_transform_dag' AIRFLOW_CTX_TASK_ID='transform_data' AIRFLOW_CTX_EXECUTION_DATE='2025-03-11T17:49:06.131627+00:00' AIRFLOW_CTX_TRY_NUMBER='2' AIRFLOW_CTX_DAG_RUN_ID='manual__2025-03-11T17:49:06.131627+00:00'
[2025-03-11T17:54:14.430+0000] {logging_mixin.py:190} INFO - Task instance is in running state
[2025-03-11T17:54:14.430+0000] {logging_mixin.py:190} INFO -  Previous state of the Task instance: queued
[2025-03-11T17:54:14.430+0000] {logging_mixin.py:190} INFO - Current task name:transform_data state:running start_date:2025-03-11 17:54:14.047697+00:00
[2025-03-11T17:54:14.431+0000] {logging_mixin.py:190} INFO - Dag name:tiki_transform_dag and current dag run status:running
[2025-03-11T17:54:14.431+0000] {taskinstance.py:732} INFO - ::endgroup::
[2025-03-11T17:54:16.283+0000] {tiki_transform_dag.py:81} INFO - Retrieved raw_blob_name from metadata: tiki_raw_data/raw_20250311_174959.json
[2025-03-11T17:54:21.351+0000] {tiki_transform_dag.py:91} INFO - Loaded raw data from tiki-pipeline/tiki_raw_data/raw_20250311_174959.json, 17845 rows
[2025-03-11T17:54:21.359+0000] {tiki_transform_dag.py:97} INFO - After deduplication: 17845 rows
[2025-03-11T17:54:21.857+0000] {tiki_transform_dag.py:62} INFO - Data cleaning completed
[2025-03-11T17:54:22.258+0000] {tiki_transform_dag.py:45} INFO - Data validation passed
[2025-03-11T17:54:22.354+0000] {tiki_transform_dag.py:179} INFO - Dim_Brand contains 0 unique brands
[2025-03-11T17:54:22.355+0000] {tiki_transform_dag.py:183} INFO - Using transformed_data_path: tiki_transformed_data/
[2025-03-11T17:54:22.355+0000] {tiki_transform_dag.py:188} INFO - Using timestamp: 20250311_175422
[2025-03-11T17:54:22.356+0000] {tiki_transform_dag.py:200} INFO - Processing table: fact_sales
[2025-03-11T17:54:22.356+0000] {tiki_transform_dag.py:202} INFO - Generated blob name: tiki_transformed_data/fact_sales_20250311_175422.csv
[2025-03-11T17:54:23.836+0000] {tiki_transform_dag.py:207} INFO - Saved fact_sales to tiki-pipeline/tiki_transformed_data/fact_sales_20250311_175422.csv, rows: 17845
[2025-03-11T17:54:23.837+0000] {tiki_transform_dag.py:200} INFO - Processing table: dim_product
[2025-03-11T17:54:23.837+0000] {tiki_transform_dag.py:202} INFO - Generated blob name: tiki_transformed_data/dim_product_20250311_175422.csv
[2025-03-11T17:54:26.874+0000] {tiki_transform_dag.py:207} INFO - Saved dim_product to tiki-pipeline/tiki_transformed_data/dim_product_20250311_175422.csv, rows: 17845
[2025-03-11T17:54:26.874+0000] {tiki_transform_dag.py:200} INFO - Processing table: dim_seller
[2025-03-11T17:54:26.875+0000] {tiki_transform_dag.py:202} INFO - Generated blob name: tiki_transformed_data/dim_seller_20250311_175422.csv
[2025-03-11T17:54:27.418+0000] {tiki_transform_dag.py:207} INFO - Saved dim_seller to tiki-pipeline/tiki_transformed_data/dim_seller_20250311_175422.csv, rows: 1659
[2025-03-11T17:54:27.419+0000] {tiki_transform_dag.py:200} INFO - Processing table: dim_category
[2025-03-11T17:54:27.419+0000] {tiki_transform_dag.py:202} INFO - Generated blob name: tiki_transformed_data/dim_category_20250311_175422.csv
[2025-03-11T17:54:28.997+0000] {tiki_transform_dag.py:207} INFO - Saved dim_category to tiki-pipeline/tiki_transformed_data/dim_category_20250311_175422.csv, rows: 9083
[2025-03-11T17:54:28.998+0000] {tiki_transform_dag.py:200} INFO - Processing table: dim_brand
[2025-03-11T17:54:28.998+0000] {tiki_transform_dag.py:202} INFO - Generated blob name: tiki_transformed_data/dim_brand_20250311_175422.csv
[2025-03-11T17:54:29.342+0000] {tiki_transform_dag.py:207} INFO - Saved dim_brand to tiki-pipeline/tiki_transformed_data/dim_brand_20250311_175422.csv, rows: 0
[2025-03-11T17:54:29.360+0000] {tiki_transform_dag.py:213} INFO - Pushed transformed_blob_names to XCom: {'fact_sales': 'tiki_transformed_data/fact_sales_20250311_175422.csv', 'dim_product': 'tiki_transformed_data/dim_product_20250311_175422.csv', 'dim_seller': 'tiki_transformed_data/dim_seller_20250311_175422.csv', 'dim_category': 'tiki_transformed_data/dim_category_20250311_175422.csv', 'dim_brand': 'tiki_transformed_data/dim_brand_20250311_175422.csv'}
[2025-03-11T17:54:29.465+0000] {python.py:240} INFO - Done. Returned value was: None
[2025-03-11T17:54:29.476+0000] {taskinstance.py:341} INFO - ::group::Post task execution logs
[2025-03-11T17:54:29.477+0000] {taskinstance.py:353} INFO - Marking task as SUCCESS. dag_id=tiki_transform_dag, task_id=transform_data, run_id=manual__2025-03-11T17:49:06.131627+00:00, execution_date=20250311T174906, start_date=20250311T175414, end_date=20250311T175429
[2025-03-11T17:54:29.505+0000] {logging_mixin.py:190} INFO - Task instance in success state
[2025-03-11T17:54:29.506+0000] {logging_mixin.py:190} INFO -  Previous state of the Task instance: running
[2025-03-11T17:54:29.507+0000] {logging_mixin.py:190} INFO - Dag name:tiki_transform_dag queued_at:2025-03-11 17:49:06.198591+00:00
[2025-03-11T17:54:29.507+0000] {logging_mixin.py:190} INFO - Task hostname:5c8190d7da62 operator:PythonOperator
[2025-03-11T17:54:29.579+0000] {local_task_job_runner.py:266} INFO - Task exited with return code 0
[2025-03-11T17:54:29.596+0000] {taskinstance.py:3901} INFO - 0 downstream tasks scheduled from follow-on schedule check
[2025-03-11T17:54:29.599+0000] {local_task_job_runner.py:245} INFO - ::endgroup::
