[2025-03-12T04:21:28.102+0000] {local_task_job_runner.py:123} INFO - ::group::Pre task execution logs
[2025-03-12T04:21:28.126+0000] {taskinstance.py:2614} INFO - Dependencies all met for dep_context=non-requeueable deps ti=<TaskInstance: tiki_etl_orchestration.extract_data manual__2025-03-12T04:21:15.342886+00:00 [queued]>
[2025-03-12T04:21:28.297+0000] {taskinstance.py:2614} INFO - Dependencies all met for dep_context=requeueable deps ti=<TaskInstance: tiki_etl_orchestration.extract_data manual__2025-03-12T04:21:15.342886+00:00 [queued]>
[2025-03-12T04:21:28.298+0000] {taskinstance.py:2867} INFO - Starting attempt 1 of 4
[2025-03-12T04:21:28.319+0000] {taskinstance.py:2890} INFO - Executing <Task(TriggerDagRunOperator): extract_data> on 2025-03-12 04:21:15.342886+00:00
[2025-03-12T04:21:28.330+0000] {warnings.py:112} WARNING - /home/***/.local/lib/python3.12/site-packages/***/task/task_runner/standard_task_runner.py:70: DeprecationWarning: This process (pid=3843) is multi-threaded, use of fork() may lead to deadlocks in the child.
  pid = os.fork()

[2025-03-12T04:21:28.331+0000] {standard_task_runner.py:72} INFO - Started process 3845 to run task
[2025-03-12T04:21:28.332+0000] {standard_task_runner.py:104} INFO - Running: ['***', 'tasks', 'run', 'tiki_etl_orchestration', 'extract_data', 'manual__2025-03-12T04:21:15.342886+00:00', '--job-id', '646', '--raw', '--subdir', 'DAGS_FOLDER/tiki_etl_orchestration.py', '--cfg-path', '/tmp/tmpanpcmhav']
[2025-03-12T04:21:28.333+0000] {standard_task_runner.py:105} INFO - Job 646: Subtask extract_data
[2025-03-12T04:21:28.387+0000] {task_command.py:467} INFO - Running <TaskInstance: tiki_etl_orchestration.extract_data manual__2025-03-12T04:21:15.342886+00:00 [running]> on host 5c8190d7da62
[2025-03-12T04:21:28.501+0000] {taskinstance.py:3134} INFO - Exporting env vars: AIRFLOW_CTX_DAG_OWNER='***' AIRFLOW_CTX_DAG_ID='tiki_etl_orchestration' AIRFLOW_CTX_TASK_ID='extract_data' AIRFLOW_CTX_EXECUTION_DATE='2025-03-12T04:21:15.342886+00:00' AIRFLOW_CTX_TRY_NUMBER='1' AIRFLOW_CTX_DAG_RUN_ID='manual__2025-03-12T04:21:15.342886+00:00'
[2025-03-12T04:21:28.503+0000] {logging_mixin.py:190} INFO - Task instance is in running state
[2025-03-12T04:21:28.504+0000] {logging_mixin.py:190} INFO -  Previous state of the Task instance: queued
[2025-03-12T04:21:28.504+0000] {logging_mixin.py:190} INFO - Current task name:extract_data state:running start_date:2025-03-12 04:21:28.127147+00:00
[2025-03-12T04:21:28.505+0000] {logging_mixin.py:190} INFO - Dag name:tiki_etl_orchestration and current dag run status:running
[2025-03-12T04:21:28.505+0000] {taskinstance.py:732} INFO - ::endgroup::
[2025-03-12T04:21:28.618+0000] {trigger_dagrun.py:257} INFO - Waiting for tiki_extract_dag on 2025-03-12 04:21:28.506204+00:00 to become allowed state ['success'] ...
[2025-03-12T04:22:00.791+0000] {job.py:229} INFO - Heartbeat recovered after 11.41 seconds
[2025-03-12T04:22:06.650+0000] {job.py:229} INFO - Heartbeat recovered after 12.14 seconds
[2025-03-12T04:22:30.001+0000] {trigger_dagrun.py:257} INFO - Waiting for tiki_extract_dag on 2025-03-12 04:21:28.506204+00:00 to become allowed state ['success'] ...
[2025-03-12T04:23:30.108+0000] {trigger_dagrun.py:257} INFO - Waiting for tiki_extract_dag on 2025-03-12 04:21:28.506204+00:00 to become allowed state ['success'] ...
[2025-03-12T04:24:30.116+0000] {trigger_dagrun.py:257} INFO - Waiting for tiki_extract_dag on 2025-03-12 04:21:28.506204+00:00 to become allowed state ['success'] ...
[2025-03-12T04:25:30.131+0000] {trigger_dagrun.py:257} INFO - Waiting for tiki_extract_dag on 2025-03-12 04:21:28.506204+00:00 to become allowed state ['success'] ...
[2025-03-12T04:26:30.144+0000] {trigger_dagrun.py:257} INFO - Waiting for tiki_extract_dag on 2025-03-12 04:21:28.506204+00:00 to become allowed state ['success'] ...
[2025-03-12T04:27:30.154+0000] {trigger_dagrun.py:257} INFO - Waiting for tiki_extract_dag on 2025-03-12 04:21:28.506204+00:00 to become allowed state ['success'] ...
[2025-03-12T04:28:30.165+0000] {trigger_dagrun.py:257} INFO - Waiting for tiki_extract_dag on 2025-03-12 04:21:28.506204+00:00 to become allowed state ['success'] ...
[2025-03-12T04:29:30.180+0000] {trigger_dagrun.py:271} INFO - tiki_extract_dag finished with allowed state success
[2025-03-12T04:29:30.359+0000] {taskinstance.py:341} INFO - ::group::Post task execution logs
[2025-03-12T04:29:30.369+0000] {taskinstance.py:353} INFO - Marking task as SUCCESS. dag_id=tiki_etl_orchestration, task_id=extract_data, run_id=manual__2025-03-12T04:21:15.342886+00:00, execution_date=20250312T042115, start_date=20250312T042128, end_date=20250312T042930
[2025-03-12T04:29:30.532+0000] {logging_mixin.py:190} INFO - Task instance in success state
[2025-03-12T04:29:30.533+0000] {logging_mixin.py:190} INFO -  Previous state of the Task instance: running
[2025-03-12T04:29:30.533+0000] {logging_mixin.py:190} INFO - Dag name:tiki_etl_orchestration queued_at:2025-03-12 04:21:18.636368+00:00
[2025-03-12T04:29:30.534+0000] {logging_mixin.py:190} INFO - Task hostname:5c8190d7da62 operator:TriggerDagRunOperator
[2025-03-12T04:29:30.647+0000] {local_task_job_runner.py:266} INFO - Task exited with return code 0
[2025-03-12T04:29:30.850+0000] {taskinstance.py:3901} INFO - 1 downstream tasks scheduled from follow-on schedule check
[2025-03-12T04:29:30.855+0000] {local_task_job_runner.py:245} INFO - ::endgroup::
