[2025-03-11T14:08:07.698+0000] {local_task_job_runner.py:123} INFO - ::group::Pre task execution logs
[2025-03-11T14:08:09.231+0000] {taskinstance.py:2614} INFO - Dependencies all met for dep_context=non-requeueable deps ti=<TaskInstance: tiki_extract_dag.crawl_thoi-trang-nam manual__2025-03-11T14:07:26.849945+00:00 [queued]>
[2025-03-11T14:08:09.257+0000] {taskinstance.py:2614} INFO - Dependencies all met for dep_context=requeueable deps ti=<TaskInstance: tiki_extract_dag.crawl_thoi-trang-nam manual__2025-03-11T14:07:26.849945+00:00 [queued]>
[2025-03-11T14:08:09.268+0000] {taskinstance.py:2867} INFO - Starting attempt 1 of 4
[2025-03-11T14:08:12.690+0000] {taskinstance.py:2890} INFO - Executing <Task(PythonOperator): crawl_thoi-trang-nam> on 2025-03-11 14:07:26.849945+00:00
[2025-03-11T14:08:12.723+0000] {warnings.py:112} WARNING - /home/***/.local/lib/python3.12/site-packages/***/task/task_runner/standard_task_runner.py:70: DeprecationWarning: This process (pid=2146) is multi-threaded, use of fork() may lead to deadlocks in the child.
  pid = os.fork()

[2025-03-11T14:08:12.744+0000] {standard_task_runner.py:72} INFO - Started process 2178 to run task
[2025-03-11T14:08:12.730+0000] {standard_task_runner.py:104} INFO - Running: ['***', 'tasks', 'run', 'tiki_extract_dag', 'crawl_thoi-trang-nam', 'manual__2025-03-11T14:07:26.849945+00:00', '--job-id', '599', '--raw', '--subdir', 'DAGS_FOLDER/tiki_extract_dag.py', '--cfg-path', '/tmp/tmpd5enoubu']
[2025-03-11T14:08:12.789+0000] {standard_task_runner.py:105} INFO - Job 599: Subtask crawl_thoi-trang-nam
[2025-03-11T14:08:13.068+0000] {task_command.py:467} INFO - Running <TaskInstance: tiki_extract_dag.crawl_thoi-trang-nam manual__2025-03-11T14:07:26.849945+00:00 [running]> on host 5c8190d7da62
[2025-03-11T14:08:21.843+0000] {job.py:229} INFO - Heartbeat recovered after 20.14 seconds
[2025-03-11T14:08:23.507+0000] {taskinstance.py:3134} INFO - Exporting env vars: AIRFLOW_CTX_DAG_OWNER='***' AIRFLOW_CTX_DAG_ID='tiki_extract_dag' AIRFLOW_CTX_TASK_ID='crawl_thoi-trang-nam' AIRFLOW_CTX_EXECUTION_DATE='2025-03-11T14:07:26.849945+00:00' AIRFLOW_CTX_TRY_NUMBER='1' AIRFLOW_CTX_DAG_RUN_ID='manual__2025-03-11T14:07:26.849945+00:00'
[2025-03-11T14:08:23.512+0000] {logging_mixin.py:190} INFO - Task instance is in running state
[2025-03-11T14:08:23.513+0000] {logging_mixin.py:190} INFO -  Previous state of the Task instance: queued
[2025-03-11T14:08:23.519+0000] {logging_mixin.py:190} INFO - Current task name:crawl_thoi-trang-nam state:running start_date:2025-03-11 14:08:09.234729+00:00
[2025-03-11T14:08:23.529+0000] {logging_mixin.py:190} INFO - Dag name:tiki_extract_dag and current dag run status:running
[2025-03-11T14:08:23.534+0000] {taskinstance.py:732} INFO - ::endgroup::
[2025-03-11T14:08:25.814+0000] {tiki_extract_dag.py:139} INFO - Starting crawl for category thoi-trang-nam (ID: 915)
[2025-03-11T14:08:25.816+0000] {tiki_extract_dag.py:141} INFO - Calling API: https://tiki.vn/api/v2/products with params: {'page': 1, 'limit': 40, 'category': '915'}
[2025-03-11T14:08:26.964+0000] {tiki_extract_dag.py:150} INFO - Total pages for thoi-trang-nam: 50 (limited to 50)
[2025-03-11T14:08:26.966+0000] {tiki_extract_dag.py:163} INFO - Calling API: https://tiki.vn/api/v2/products with params: {'page': 2, 'limit': 40, 'category': '915'}
[2025-03-11T14:08:28.601+0000] {tiki_extract_dag.py:183} INFO - Extracted page 2/50 for category thoi-trang-nam, total items: 0
[2025-03-11T14:08:45.374+0000] {tiki_extract_dag.py:163} INFO - Calling API: https://tiki.vn/api/v2/products with params: {'page': 3, 'limit': 40, 'category': '915'}
[2025-03-11T14:08:46.143+0000] {tiki_extract_dag.py:186} ERROR - API error at page 3 in category thoi-trang-nam on attempt 1/3: Expecting value: line 1 column 1 (char 0)
[2025-03-11T14:08:53.819+0000] {tiki_extract_dag.py:186} ERROR - API error at page 3 in category thoi-trang-nam on attempt 2/3: Expecting value: line 1 column 1 (char 0)
[2025-03-11T14:09:02.129+0000] {tiki_extract_dag.py:186} ERROR - API error at page 3 in category thoi-trang-nam on attempt 3/3: Expecting value: line 1 column 1 (char 0)
[2025-03-11T14:09:02.133+0000] {tiki_extract_dag.py:191} ERROR - Failed after 3 attempts for page 3 in category thoi-trang-nam
[2025-03-11T14:09:02.137+0000] {python.py:240} INFO - Done. Returned value was: None
[2025-03-11T14:09:02.302+0000] {taskinstance.py:341} INFO - ::group::Post task execution logs
[2025-03-11T14:09:02.311+0000] {taskinstance.py:353} INFO - Marking task as SUCCESS. dag_id=tiki_extract_dag, task_id=crawl_thoi-trang-nam, run_id=manual__2025-03-11T14:07:26.849945+00:00, execution_date=20250311T140726, start_date=20250311T140809, end_date=20250311T140902
[2025-03-11T14:09:02.453+0000] {logging_mixin.py:190} INFO - Task instance in success state
[2025-03-11T14:09:02.454+0000] {logging_mixin.py:190} INFO -  Previous state of the Task instance: running
[2025-03-11T14:09:02.455+0000] {logging_mixin.py:190} INFO - Dag name:tiki_extract_dag queued_at:2025-03-11 14:07:27.008557+00:00
[2025-03-11T14:09:02.457+0000] {logging_mixin.py:190} INFO - Task hostname:5c8190d7da62 operator:PythonOperator
[2025-03-11T14:09:02.566+0000] {local_task_job_runner.py:266} INFO - Task exited with return code 0
[2025-03-11T14:09:02.684+0000] {taskinstance.py:3901} INFO - 0 downstream tasks scheduled from follow-on schedule check
[2025-03-11T14:09:02.691+0000] {local_task_job_runner.py:245} INFO - ::endgroup::
