[2025-03-10T10:23:16.027+0000] {local_task_job_runner.py:123} INFO - ::group::Pre task execution logs
[2025-03-10T10:23:16.084+0000] {taskinstance.py:2614} INFO - Dependencies all met for dep_context=non-requeueable deps ti=<TaskInstance: tiki_extract_dag.crawl_laptop-may-vi-tinh-linh-kien manual__2025-03-10T10:23:09.493279+00:00 [queued]>
[2025-03-10T10:23:16.119+0000] {taskinstance.py:2614} INFO - Dependencies all met for dep_context=requeueable deps ti=<TaskInstance: tiki_extract_dag.crawl_laptop-may-vi-tinh-linh-kien manual__2025-03-10T10:23:09.493279+00:00 [queued]>
[2025-03-10T10:23:16.126+0000] {taskinstance.py:2867} INFO - Starting attempt 1 of 4
[2025-03-10T10:23:16.192+0000] {taskinstance.py:2890} INFO - Executing <Task(PythonOperator): crawl_laptop-may-vi-tinh-linh-kien> on 2025-03-10 10:23:09.493279+00:00
[2025-03-10T10:23:16.287+0000] {warnings.py:112} WARNING - /home/***/.local/lib/python3.12/site-packages/***/task/task_runner/standard_task_runner.py:70: DeprecationWarning: This process (pid=78) is multi-threaded, use of fork() may lead to deadlocks in the child.
  pid = os.fork()

[2025-03-10T10:23:16.318+0000] {standard_task_runner.py:72} INFO - Started process 99 to run task
[2025-03-10T10:23:16.319+0000] {standard_task_runner.py:104} INFO - Running: ['***', 'tasks', 'run', 'tiki_extract_dag', 'crawl_laptop-may-vi-tinh-linh-kien', 'manual__2025-03-10T10:23:09.493279+00:00', '--job-id', '427', '--raw', '--subdir', 'DAGS_FOLDER/tiki_extract_dag.py', '--cfg-path', '/tmp/tmptl285_dt']
[2025-03-10T10:23:16.328+0000] {standard_task_runner.py:105} INFO - Job 427: Subtask crawl_laptop-may-vi-tinh-linh-kien
[2025-03-10T10:23:16.498+0000] {task_command.py:467} INFO - Running <TaskInstance: tiki_extract_dag.crawl_laptop-may-vi-tinh-linh-kien manual__2025-03-10T10:23:09.493279+00:00 [running]> on host c77555d100c4
[2025-03-10T10:23:28.656+0000] {taskinstance.py:3134} INFO - Exporting env vars: AIRFLOW_CTX_DAG_OWNER='***' AIRFLOW_CTX_DAG_ID='tiki_extract_dag' AIRFLOW_CTX_TASK_ID='crawl_laptop-may-vi-tinh-linh-kien' AIRFLOW_CTX_EXECUTION_DATE='2025-03-10T10:23:09.493279+00:00' AIRFLOW_CTX_TRY_NUMBER='1' AIRFLOW_CTX_DAG_RUN_ID='manual__2025-03-10T10:23:09.493279+00:00'
[2025-03-10T10:23:28.699+0000] {logging_mixin.py:190} INFO - Task instance is in running state
[2025-03-10T10:23:28.701+0000] {logging_mixin.py:190} INFO -  Previous state of the Task instance: queued
[2025-03-10T10:23:28.705+0000] {logging_mixin.py:190} INFO - Current task name:crawl_laptop-may-vi-tinh-linh-kien state:running start_date:2025-03-10 10:23:16.085332+00:00
[2025-03-10T10:23:28.731+0000] {logging_mixin.py:190} INFO - Dag name:tiki_extract_dag and current dag run status:running
[2025-03-10T10:23:28.737+0000] {taskinstance.py:732} INFO - ::endgroup::
[2025-03-10T10:23:31.996+0000] {tiki_extract_dag.py:132} INFO - Starting crawl for category laptop-may-vi-tinh-linh-kien (ID: 1846)
[2025-03-10T10:23:31.997+0000] {tiki_extract_dag.py:134} INFO - Calling API: https://tiki.vn/api/v2/products with params: {'page': 1, 'limit': 40, 'category': '1846'}
[2025-03-10T10:23:32.590+0000] {tiki_extract_dag.py:143} INFO - Total pages for laptop-may-vi-tinh-linh-kien: 50 (limited to 50)
[2025-03-10T10:23:59.980+0000] {tiki_extract_dag.py:119} ERROR - Error fetching details for product 80799408: Expecting value: line 1 column 1 (char 0)
[2025-03-10T10:24:00.145+0000] {tiki_extract_dag.py:119} ERROR - Error fetching details for product 78020993: Expecting value: line 1 column 1 (char 0)
[2025-03-10T10:24:00.288+0000] {tiki_extract_dag.py:119} ERROR - Error fetching details for product 76283023: Expecting value: line 1 column 1 (char 0)
[2025-03-10T10:24:00.454+0000] {tiki_extract_dag.py:119} ERROR - Error fetching details for product 76181490: Expecting value: line 1 column 1 (char 0)
[2025-03-10T10:24:00.593+0000] {tiki_extract_dag.py:119} ERROR - Error fetching details for product 76054860: Expecting value: line 1 column 1 (char 0)
[2025-03-10T10:24:00.732+0000] {tiki_extract_dag.py:119} ERROR - Error fetching details for product 74561661: Expecting value: line 1 column 1 (char 0)
[2025-03-10T10:24:00.875+0000] {tiki_extract_dag.py:119} ERROR - Error fetching details for product 74547194: Expecting value: line 1 column 1 (char 0)
[2025-03-10T10:24:01.014+0000] {tiki_extract_dag.py:119} ERROR - Error fetching details for product 73312665: Expecting value: line 1 column 1 (char 0)
[2025-03-10T10:24:01.155+0000] {tiki_extract_dag.py:119} ERROR - Error fetching details for product 68828151: Expecting value: line 1 column 1 (char 0)
[2025-03-10T10:24:01.299+0000] {tiki_extract_dag.py:119} ERROR - Error fetching details for product 59251056: Expecting value: line 1 column 1 (char 0)
[2025-03-10T10:24:01.441+0000] {tiki_extract_dag.py:119} ERROR - Error fetching details for product 53080935: Expecting value: line 1 column 1 (char 0)
[2025-03-10T10:24:01.579+0000] {tiki_extract_dag.py:119} ERROR - Error fetching details for product 53056161: Expecting value: line 1 column 1 (char 0)
[2025-03-10T10:24:01.722+0000] {tiki_extract_dag.py:119} ERROR - Error fetching details for product 42561594: Expecting value: line 1 column 1 (char 0)
[2025-03-10T10:24:01.885+0000] {tiki_extract_dag.py:119} ERROR - Error fetching details for product 10001369: Expecting value: line 1 column 1 (char 0)
[2025-03-10T10:24:02.050+0000] {tiki_extract_dag.py:119} ERROR - Error fetching details for product 6910261: Expecting value: line 1 column 1 (char 0)
[2025-03-10T10:24:02.216+0000] {tiki_extract_dag.py:119} ERROR - Error fetching details for product 6403893: Expecting value: line 1 column 1 (char 0)
[2025-03-10T10:24:02.383+0000] {tiki_extract_dag.py:119} ERROR - Error fetching details for product 3054369: Expecting value: line 1 column 1 (char 0)
[2025-03-10T10:24:02.526+0000] {tiki_extract_dag.py:119} ERROR - Error fetching details for product 806672: Expecting value: line 1 column 1 (char 0)
[2025-03-10T10:24:02.670+0000] {tiki_extract_dag.py:119} ERROR - Error fetching details for product 754249: Expecting value: line 1 column 1 (char 0)
[2025-03-10T10:24:02.832+0000] {tiki_extract_dag.py:119} ERROR - Error fetching details for product 618526: Expecting value: line 1 column 1 (char 0)
[2025-03-10T10:24:02.987+0000] {tiki_extract_dag.py:119} ERROR - Error fetching details for product 511960: Expecting value: line 1 column 1 (char 0)
[2025-03-10T10:24:03.142+0000] {tiki_extract_dag.py:119} ERROR - Error fetching details for product 465219: Expecting value: line 1 column 1 (char 0)
[2025-03-10T10:24:03.299+0000] {tiki_extract_dag.py:119} ERROR - Error fetching details for product 416990: Expecting value: line 1 column 1 (char 0)
[2025-03-10T10:24:03.457+0000] {tiki_extract_dag.py:119} ERROR - Error fetching details for product 416978: Expecting value: line 1 column 1 (char 0)
[2025-03-10T10:24:03.458+0000] {tiki_extract_dag.py:156} INFO - Calling API: https://tiki.vn/api/v2/products with params: {'page': 2, 'limit': 40, 'category': '1846'}
[2025-03-10T10:24:03.612+0000] {tiki_extract_dag.py:178} ERROR - API error at page 2 in category laptop-may-vi-tinh-linh-kien: Expecting value: line 1 column 1 (char 0)
[2025-03-10T10:24:05.946+0000] {tiki_extract_dag.py:50} INFO - Updated crawled products at tiki-pipeline/tiki_crawled/crawled_products.json
[2025-03-10T10:24:05.947+0000] {tiki_extract_dag.py:192} INFO - Uploaded raw data to tiki-pipeline/raw_data/laptop-may-vi-tinh-linh-kien_20250310_102403.json, total items: 40
[2025-03-10T10:24:06.290+0000] {tiki_extract_dag.py:204} INFO - Saved metadata to tiki-pipeline/metadata/laptop-may-vi-tinh-linh-kien_extract_run_metadata_20250310_102403.json
[2025-03-10T10:24:06.293+0000] {python.py:240} INFO - Done. Returned value was: None
[2025-03-10T10:24:06.317+0000] {taskinstance.py:341} INFO - ::group::Post task execution logs
[2025-03-10T10:24:06.318+0000] {taskinstance.py:353} INFO - Marking task as SUCCESS. dag_id=tiki_extract_dag, task_id=crawl_laptop-may-vi-tinh-linh-kien, run_id=manual__2025-03-10T10:23:09.493279+00:00, execution_date=20250310T102309, start_date=20250310T102316, end_date=20250310T102406
[2025-03-10T10:24:06.357+0000] {logging_mixin.py:190} INFO - Task instance in success state
[2025-03-10T10:24:06.358+0000] {logging_mixin.py:190} INFO -  Previous state of the Task instance: running
[2025-03-10T10:24:06.359+0000] {logging_mixin.py:190} INFO - Dag name:tiki_extract_dag queued_at:2025-03-10 10:23:09.537669+00:00
[2025-03-10T10:24:06.360+0000] {logging_mixin.py:190} INFO - Task hostname:c77555d100c4 operator:PythonOperator
[2025-03-10T10:24:06.438+0000] {local_task_job_runner.py:266} INFO - Task exited with return code 0
[2025-03-10T10:24:06.524+0000] {taskinstance.py:3901} INFO - 0 downstream tasks scheduled from follow-on schedule check
[2025-03-10T10:24:06.529+0000] {local_task_job_runner.py:245} INFO - ::endgroup::
