[2025-03-10T10:10:03.507+0000] {local_task_job_runner.py:123} INFO - ::group::Pre task execution logs
[2025-03-10T10:10:03.570+0000] {taskinstance.py:2614} INFO - Dependencies all met for dep_context=non-requeueable deps ti=<TaskInstance: tiki_extract_dag.crawl_thoi-trang-nu manual__2025-03-10T09:17:11.640176+00:00 [queued]>
[2025-03-10T10:10:03.598+0000] {taskinstance.py:2614} INFO - Dependencies all met for dep_context=requeueable deps ti=<TaskInstance: tiki_extract_dag.crawl_thoi-trang-nu manual__2025-03-10T09:17:11.640176+00:00 [queued]>
[2025-03-10T10:10:03.599+0000] {taskinstance.py:2867} INFO - Starting attempt 1 of 4
[2025-03-10T10:10:03.700+0000] {taskinstance.py:2890} INFO - Executing <Task(PythonOperator): crawl_thoi-trang-nu> on 2025-03-10 09:17:11.640176+00:00
[2025-03-10T10:10:03.771+0000] {warnings.py:112} WARNING - /home/***/.local/lib/python3.12/site-packages/***/task/task_runner/standard_task_runner.py:70: DeprecationWarning: This process (pid=2406) is multi-threaded, use of fork() may lead to deadlocks in the child.
  pid = os.fork()

[2025-03-10T10:10:03.774+0000] {standard_task_runner.py:72} INFO - Started process 2442 to run task
[2025-03-10T10:10:03.780+0000] {standard_task_runner.py:104} INFO - Running: ['***', 'tasks', 'run', 'tiki_extract_dag', 'crawl_thoi-trang-nu', 'manual__2025-03-10T09:17:11.640176+00:00', '--job-id', '402', '--raw', '--subdir', 'DAGS_FOLDER/tiki_extract_dag.py', '--cfg-path', '/tmp/tmpipovbuq6']
[2025-03-10T10:10:03.784+0000] {standard_task_runner.py:105} INFO - Job 402: Subtask crawl_thoi-trang-nu
[2025-03-10T10:10:04.049+0000] {task_command.py:467} INFO - Running <TaskInstance: tiki_extract_dag.crawl_thoi-trang-nu manual__2025-03-10T09:17:11.640176+00:00 [running]> on host c77555d100c4
[2025-03-10T10:10:08.115+0000] {taskinstance.py:3134} INFO - Exporting env vars: AIRFLOW_CTX_DAG_OWNER='***' AIRFLOW_CTX_DAG_ID='tiki_extract_dag' AIRFLOW_CTX_TASK_ID='crawl_thoi-trang-nu' AIRFLOW_CTX_EXECUTION_DATE='2025-03-10T09:17:11.640176+00:00' AIRFLOW_CTX_TRY_NUMBER='1' AIRFLOW_CTX_DAG_RUN_ID='manual__2025-03-10T09:17:11.640176+00:00'
[2025-03-10T10:10:08.117+0000] {logging_mixin.py:190} INFO - Task instance is in running state
[2025-03-10T10:10:08.118+0000] {logging_mixin.py:190} INFO -  Previous state of the Task instance: queued
[2025-03-10T10:10:08.119+0000] {logging_mixin.py:190} INFO - Current task name:crawl_thoi-trang-nu state:running start_date:2025-03-10 10:10:03.571878+00:00
[2025-03-10T10:10:08.120+0000] {logging_mixin.py:190} INFO - Dag name:tiki_extract_dag and current dag run status:running
[2025-03-10T10:10:08.120+0000] {taskinstance.py:732} INFO - ::endgroup::
[2025-03-10T10:10:12.201+0000] {tiki_extract_dag.py:132} INFO - Starting crawl for category thoi-trang-nu (ID: 931)
[2025-03-10T10:10:12.204+0000] {tiki_extract_dag.py:134} INFO - Calling API: https://tiki.vn/api/v2/products with params: {'page': 1, 'limit': 50, 'category': '931'}
[2025-03-10T10:10:13.242+0000] {tiki_extract_dag.py:143} INFO - Total pages for thoi-trang-nu: 50 (limited to 50)
[2025-03-10T10:10:36.473+0000] {connectionpool.py:868} WARNING - Retrying (Retry(total=4, connect=5, read=4, redirect=None, status=None)) after connection broken by 'ReadTimeoutError("HTTPSConnectionPool(host='tiki.vn', port=443): Read timed out. (read timeout=15)")': /api/v2/products/182148167
[2025-03-10T10:10:43.047+0000] {job.py:229} INFO - Heartbeat recovered after 27.01 seconds
[2025-03-10T10:11:12.231+0000] {connectionpool.py:868} WARNING - Retrying (Retry(total=4, connect=5, read=4, redirect=None, status=None)) after connection broken by 'ReadTimeoutError("HTTPSConnectionPool(host='tiki.vn', port=443): Read timed out. (read timeout=15)")': /api/v2/products/146635373
[2025-03-10T10:11:17.085+0000] {job.py:229} INFO - Heartbeat recovered after 20.74 seconds
[2025-03-10T10:11:22.271+0000] {tiki_extract_dag.py:119} ERROR - Error fetching details for product 132171331: Expecting value: line 1 column 1 (char 0)
[2025-03-10T10:11:41.216+0000] {tiki_extract_dag.py:119} ERROR - Error fetching details for product 84446029: Expecting value: line 1 column 1 (char 0)
[2025-03-10T10:11:41.382+0000] {tiki_extract_dag.py:119} ERROR - Error fetching details for product 83907537: Expecting value: line 1 column 1 (char 0)
[2025-03-10T10:11:41.529+0000] {tiki_extract_dag.py:119} ERROR - Error fetching details for product 83812939: Expecting value: line 1 column 1 (char 0)
[2025-03-10T10:11:41.678+0000] {tiki_extract_dag.py:119} ERROR - Error fetching details for product 83757503: Expecting value: line 1 column 1 (char 0)
[2025-03-10T10:11:41.823+0000] {tiki_extract_dag.py:119} ERROR - Error fetching details for product 82874281: Expecting value: line 1 column 1 (char 0)
[2025-03-10T10:11:41.988+0000] {tiki_extract_dag.py:119} ERROR - Error fetching details for product 82704606: Expecting value: line 1 column 1 (char 0)
[2025-03-10T10:11:42.149+0000] {tiki_extract_dag.py:119} ERROR - Error fetching details for product 82700848: Expecting value: line 1 column 1 (char 0)
[2025-03-10T10:11:42.324+0000] {tiki_extract_dag.py:119} ERROR - Error fetching details for product 82700777: Expecting value: line 1 column 1 (char 0)
[2025-03-10T10:11:42.476+0000] {tiki_extract_dag.py:119} ERROR - Error fetching details for product 82695200: Expecting value: line 1 column 1 (char 0)
[2025-03-10T10:11:42.634+0000] {tiki_extract_dag.py:119} ERROR - Error fetching details for product 76661889: Expecting value: line 1 column 1 (char 0)
[2025-03-10T10:11:42.786+0000] {tiki_extract_dag.py:119} ERROR - Error fetching details for product 68196229: Expecting value: line 1 column 1 (char 0)
[2025-03-10T10:11:42.941+0000] {tiki_extract_dag.py:119} ERROR - Error fetching details for product 66089930: Expecting value: line 1 column 1 (char 0)
[2025-03-10T10:11:43.084+0000] {tiki_extract_dag.py:119} ERROR - Error fetching details for product 57982432: Expecting value: line 1 column 1 (char 0)
[2025-03-10T10:11:43.250+0000] {tiki_extract_dag.py:119} ERROR - Error fetching details for product 55042458: Expecting value: line 1 column 1 (char 0)
[2025-03-10T10:11:43.404+0000] {tiki_extract_dag.py:119} ERROR - Error fetching details for product 44248342: Expecting value: line 1 column 1 (char 0)
[2025-03-10T10:11:43.548+0000] {tiki_extract_dag.py:119} ERROR - Error fetching details for product 42712220: Expecting value: line 1 column 1 (char 0)
[2025-03-10T10:11:43.690+0000] {tiki_extract_dag.py:119} ERROR - Error fetching details for product 36904256: Expecting value: line 1 column 1 (char 0)
[2025-03-10T10:11:43.691+0000] {tiki_extract_dag.py:156} INFO - Calling API: https://tiki.vn/api/v2/products with params: {'page': 2, 'limit': 50, 'category': '931'}
[2025-03-10T10:11:43.863+0000] {tiki_extract_dag.py:178} ERROR - API error at page 2 in category thoi-trang-nu: Expecting value: line 1 column 1 (char 0)
[2025-03-10T10:11:48.818+0000] {tiki_extract_dag.py:50} INFO - Updated crawled products at tiki-pipeline/tiki_crawled/crawled_products.json
[2025-03-10T10:11:48.828+0000] {tiki_extract_dag.py:192} INFO - Uploaded raw data to tiki-pipeline/raw_data/thoi-trang-nu_20250310_101143.json, total items: 40
[2025-03-10T10:11:49.182+0000] {tiki_extract_dag.py:204} INFO - Saved metadata to tiki-pipeline/metadata/thoi-trang-nu_extract_run_metadata_20250310_101143.json
[2025-03-10T10:11:49.192+0000] {python.py:240} INFO - Done. Returned value was: None
[2025-03-10T10:11:49.762+0000] {taskinstance.py:341} INFO - ::group::Post task execution logs
[2025-03-10T10:11:49.769+0000] {taskinstance.py:353} INFO - Marking task as SUCCESS. dag_id=tiki_extract_dag, task_id=crawl_thoi-trang-nu, run_id=manual__2025-03-10T09:17:11.640176+00:00, execution_date=20250310T091711, start_date=20250310T101003, end_date=20250310T101149
[2025-03-10T10:11:50.022+0000] {logging_mixin.py:190} INFO - Task instance in success state
[2025-03-10T10:11:50.023+0000] {logging_mixin.py:190} INFO -  Previous state of the Task instance: running
[2025-03-10T10:11:50.032+0000] {logging_mixin.py:190} INFO - Dag name:tiki_extract_dag queued_at:2025-03-10 09:17:11.667672+00:00
[2025-03-10T10:11:50.040+0000] {logging_mixin.py:190} INFO - Task hostname:c77555d100c4 operator:PythonOperator
[2025-03-10T10:11:50.212+0000] {local_task_job_runner.py:266} INFO - Task exited with return code 0
[2025-03-10T10:11:50.381+0000] {local_task_job_runner.py:245} INFO - ::endgroup::
