[2025-03-10T01:38:48.860+0000] {local_task_job_runner.py:123} INFO - ::group::Pre task execution logs
[2025-03-10T01:38:48.946+0000] {taskinstance.py:2614} INFO - Dependencies all met for dep_context=non-requeueable deps ti=<TaskInstance: tiki_etl_orchestration.trigger_extract scheduled__2025-03-09T00:00:00+00:00 [queued]>
[2025-03-10T01:38:48.976+0000] {taskinstance.py:2614} INFO - Dependencies all met for dep_context=requeueable deps ti=<TaskInstance: tiki_etl_orchestration.trigger_extract scheduled__2025-03-09T00:00:00+00:00 [queued]>
[2025-03-10T01:38:48.978+0000] {taskinstance.py:2867} INFO - Starting attempt 1 of 1
[2025-03-10T01:38:49.511+0000] {taskinstance.py:2890} INFO - Executing <Task(TriggerDagRunOperator): trigger_extract> on 2025-03-09 00:00:00+00:00
[2025-03-10T01:38:49.529+0000] {warnings.py:112} WARNING - /home/***/.local/lib/python3.12/site-packages/***/task/task_runner/standard_task_runner.py:70: DeprecationWarning: This process (pid=1049) is multi-threaded, use of fork() may lead to deadlocks in the child.
  pid = os.fork()

[2025-03-10T01:38:49.533+0000] {standard_task_runner.py:104} INFO - Running: ['***', 'tasks', 'run', 'tiki_etl_orchestration', 'trigger_extract', 'scheduled__2025-03-09T00:00:00+00:00', '--job-id', '301', '--raw', '--subdir', 'DAGS_FOLDER/tiki_etl_orchestration.py', '--cfg-path', '/tmp/tmpjiio_1zt']
[2025-03-10T01:38:49.534+0000] {standard_task_runner.py:72} INFO - Started process 1051 to run task
[2025-03-10T01:38:49.535+0000] {standard_task_runner.py:105} INFO - Job 301: Subtask trigger_extract
[2025-03-10T01:38:49.661+0000] {task_command.py:467} INFO - Running <TaskInstance: tiki_etl_orchestration.trigger_extract scheduled__2025-03-09T00:00:00+00:00 [running]> on host 72a6d77a3cc5
[2025-03-10T01:38:50.100+0000] {taskinstance.py:3134} INFO - Exporting env vars: AIRFLOW_CTX_DAG_OWNER='***' AIRFLOW_CTX_DAG_ID='tiki_etl_orchestration' AIRFLOW_CTX_TASK_ID='trigger_extract' AIRFLOW_CTX_EXECUTION_DATE='2025-03-09T00:00:00+00:00' AIRFLOW_CTX_TRY_NUMBER='1' AIRFLOW_CTX_DAG_RUN_ID='scheduled__2025-03-09T00:00:00+00:00'
[2025-03-10T01:38:50.106+0000] {logging_mixin.py:190} INFO - Task instance is in running state
[2025-03-10T01:38:50.107+0000] {logging_mixin.py:190} INFO -  Previous state of the Task instance: queued
[2025-03-10T01:38:50.108+0000] {logging_mixin.py:190} INFO - Current task name:trigger_extract state:running start_date:2025-03-10 01:38:48.949195+00:00
[2025-03-10T01:38:50.109+0000] {logging_mixin.py:190} INFO - Dag name:tiki_etl_orchestration and current dag run status:running
[2025-03-10T01:38:50.110+0000] {taskinstance.py:732} INFO - ::endgroup::
[2025-03-10T01:38:50.355+0000] {trigger_dagrun.py:257} INFO - Waiting for tiki_extract_dag on 2025-03-10 01:38:50.111709+00:00 to become allowed state ['success'] ...
[2025-03-10T01:39:00.379+0000] {trigger_dagrun.py:257} INFO - Waiting for tiki_extract_dag on 2025-03-10 01:38:50.111709+00:00 to become allowed state ['success'] ...
[2025-03-10T01:39:10.392+0000] {trigger_dagrun.py:257} INFO - Waiting for tiki_extract_dag on 2025-03-10 01:38:50.111709+00:00 to become allowed state ['success'] ...
[2025-03-10T01:39:20.406+0000] {trigger_dagrun.py:257} INFO - Waiting for tiki_extract_dag on 2025-03-10 01:38:50.111709+00:00 to become allowed state ['success'] ...
[2025-03-10T01:39:30.424+0000] {trigger_dagrun.py:257} INFO - Waiting for tiki_extract_dag on 2025-03-10 01:38:50.111709+00:00 to become allowed state ['success'] ...
[2025-03-10T01:39:40.433+0000] {trigger_dagrun.py:257} INFO - Waiting for tiki_extract_dag on 2025-03-10 01:38:50.111709+00:00 to become allowed state ['success'] ...
[2025-03-10T01:39:50.444+0000] {trigger_dagrun.py:257} INFO - Waiting for tiki_extract_dag on 2025-03-10 01:38:50.111709+00:00 to become allowed state ['success'] ...
[2025-03-10T01:40:00.450+0000] {trigger_dagrun.py:257} INFO - Waiting for tiki_extract_dag on 2025-03-10 01:38:50.111709+00:00 to become allowed state ['success'] ...
[2025-03-10T01:40:10.462+0000] {trigger_dagrun.py:257} INFO - Waiting for tiki_extract_dag on 2025-03-10 01:38:50.111709+00:00 to become allowed state ['success'] ...
[2025-03-10T01:40:20.476+0000] {trigger_dagrun.py:257} INFO - Waiting for tiki_extract_dag on 2025-03-10 01:38:50.111709+00:00 to become allowed state ['success'] ...
[2025-03-10T01:40:30.489+0000] {trigger_dagrun.py:257} INFO - Waiting for tiki_extract_dag on 2025-03-10 01:38:50.111709+00:00 to become allowed state ['success'] ...
[2025-03-10T01:40:40.506+0000] {trigger_dagrun.py:257} INFO - Waiting for tiki_extract_dag on 2025-03-10 01:38:50.111709+00:00 to become allowed state ['success'] ...
[2025-03-10T01:40:50.521+0000] {trigger_dagrun.py:257} INFO - Waiting for tiki_extract_dag on 2025-03-10 01:38:50.111709+00:00 to become allowed state ['success'] ...
[2025-03-10T01:41:00.539+0000] {trigger_dagrun.py:257} INFO - Waiting for tiki_extract_dag on 2025-03-10 01:38:50.111709+00:00 to become allowed state ['success'] ...
[2025-03-10T01:41:10.555+0000] {trigger_dagrun.py:257} INFO - Waiting for tiki_extract_dag on 2025-03-10 01:38:50.111709+00:00 to become allowed state ['success'] ...
[2025-03-10T01:41:20.570+0000] {trigger_dagrun.py:257} INFO - Waiting for tiki_extract_dag on 2025-03-10 01:38:50.111709+00:00 to become allowed state ['success'] ...
[2025-03-10T01:41:30.582+0000] {trigger_dagrun.py:257} INFO - Waiting for tiki_extract_dag on 2025-03-10 01:38:50.111709+00:00 to become allowed state ['success'] ...
[2025-03-10T01:41:40.595+0000] {trigger_dagrun.py:257} INFO - Waiting for tiki_extract_dag on 2025-03-10 01:38:50.111709+00:00 to become allowed state ['success'] ...
[2025-03-10T01:41:50.610+0000] {trigger_dagrun.py:257} INFO - Waiting for tiki_extract_dag on 2025-03-10 01:38:50.111709+00:00 to become allowed state ['success'] ...
[2025-03-10T01:42:00.621+0000] {trigger_dagrun.py:257} INFO - Waiting for tiki_extract_dag on 2025-03-10 01:38:50.111709+00:00 to become allowed state ['success'] ...
[2025-03-10T01:42:10.635+0000] {trigger_dagrun.py:257} INFO - Waiting for tiki_extract_dag on 2025-03-10 01:38:50.111709+00:00 to become allowed state ['success'] ...
[2025-03-10T01:42:20.648+0000] {trigger_dagrun.py:257} INFO - Waiting for tiki_extract_dag on 2025-03-10 01:38:50.111709+00:00 to become allowed state ['success'] ...
[2025-03-10T01:42:30.659+0000] {trigger_dagrun.py:257} INFO - Waiting for tiki_extract_dag on 2025-03-10 01:38:50.111709+00:00 to become allowed state ['success'] ...
[2025-03-10T01:42:40.671+0000] {trigger_dagrun.py:257} INFO - Waiting for tiki_extract_dag on 2025-03-10 01:38:50.111709+00:00 to become allowed state ['success'] ...
[2025-03-10T01:42:50.684+0000] {trigger_dagrun.py:257} INFO - Waiting for tiki_extract_dag on 2025-03-10 01:38:50.111709+00:00 to become allowed state ['success'] ...
[2025-03-10T01:43:00.695+0000] {trigger_dagrun.py:257} INFO - Waiting for tiki_extract_dag on 2025-03-10 01:38:50.111709+00:00 to become allowed state ['success'] ...
[2025-03-10T01:43:10.707+0000] {trigger_dagrun.py:257} INFO - Waiting for tiki_extract_dag on 2025-03-10 01:38:50.111709+00:00 to become allowed state ['success'] ...
[2025-03-10T01:43:20.722+0000] {trigger_dagrun.py:257} INFO - Waiting for tiki_extract_dag on 2025-03-10 01:38:50.111709+00:00 to become allowed state ['success'] ...
[2025-03-10T01:43:30.733+0000] {trigger_dagrun.py:257} INFO - Waiting for tiki_extract_dag on 2025-03-10 01:38:50.111709+00:00 to become allowed state ['success'] ...
[2025-03-10T01:43:40.746+0000] {trigger_dagrun.py:257} INFO - Waiting for tiki_extract_dag on 2025-03-10 01:38:50.111709+00:00 to become allowed state ['success'] ...
[2025-03-10T01:43:50.761+0000] {trigger_dagrun.py:257} INFO - Waiting for tiki_extract_dag on 2025-03-10 01:38:50.111709+00:00 to become allowed state ['success'] ...
[2025-03-10T01:44:00.776+0000] {trigger_dagrun.py:257} INFO - Waiting for tiki_extract_dag on 2025-03-10 01:38:50.111709+00:00 to become allowed state ['success'] ...
[2025-03-10T01:44:10.790+0000] {trigger_dagrun.py:257} INFO - Waiting for tiki_extract_dag on 2025-03-10 01:38:50.111709+00:00 to become allowed state ['success'] ...
[2025-03-10T01:44:20.806+0000] {trigger_dagrun.py:257} INFO - Waiting for tiki_extract_dag on 2025-03-10 01:38:50.111709+00:00 to become allowed state ['success'] ...
[2025-03-10T01:44:30.817+0000] {trigger_dagrun.py:257} INFO - Waiting for tiki_extract_dag on 2025-03-10 01:38:50.111709+00:00 to become allowed state ['success'] ...
[2025-03-10T01:44:40.835+0000] {trigger_dagrun.py:257} INFO - Waiting for tiki_extract_dag on 2025-03-10 01:38:50.111709+00:00 to become allowed state ['success'] ...
[2025-03-10T01:44:50.845+0000] {trigger_dagrun.py:257} INFO - Waiting for tiki_extract_dag on 2025-03-10 01:38:50.111709+00:00 to become allowed state ['success'] ...
[2025-03-10T01:45:00.859+0000] {trigger_dagrun.py:257} INFO - Waiting for tiki_extract_dag on 2025-03-10 01:38:50.111709+00:00 to become allowed state ['success'] ...
[2025-03-10T01:45:10.881+0000] {trigger_dagrun.py:257} INFO - Waiting for tiki_extract_dag on 2025-03-10 01:38:50.111709+00:00 to become allowed state ['success'] ...
[2025-03-10T01:45:20.899+0000] {trigger_dagrun.py:257} INFO - Waiting for tiki_extract_dag on 2025-03-10 01:38:50.111709+00:00 to become allowed state ['success'] ...
[2025-03-10T01:45:30.916+0000] {trigger_dagrun.py:257} INFO - Waiting for tiki_extract_dag on 2025-03-10 01:38:50.111709+00:00 to become allowed state ['success'] ...
[2025-03-10T01:45:40.932+0000] {trigger_dagrun.py:257} INFO - Waiting for tiki_extract_dag on 2025-03-10 01:38:50.111709+00:00 to become allowed state ['success'] ...
[2025-03-10T01:45:50.945+0000] {trigger_dagrun.py:257} INFO - Waiting for tiki_extract_dag on 2025-03-10 01:38:50.111709+00:00 to become allowed state ['success'] ...
[2025-03-10T01:46:00.961+0000] {trigger_dagrun.py:257} INFO - Waiting for tiki_extract_dag on 2025-03-10 01:38:50.111709+00:00 to become allowed state ['success'] ...
[2025-03-10T01:46:10.974+0000] {trigger_dagrun.py:257} INFO - Waiting for tiki_extract_dag on 2025-03-10 01:38:50.111709+00:00 to become allowed state ['success'] ...
[2025-03-10T01:46:20.988+0000] {trigger_dagrun.py:257} INFO - Waiting for tiki_extract_dag on 2025-03-10 01:38:50.111709+00:00 to become allowed state ['success'] ...
[2025-03-10T01:46:31.001+0000] {trigger_dagrun.py:257} INFO - Waiting for tiki_extract_dag on 2025-03-10 01:38:50.111709+00:00 to become allowed state ['success'] ...
[2025-03-10T01:46:41.016+0000] {trigger_dagrun.py:257} INFO - Waiting for tiki_extract_dag on 2025-03-10 01:38:50.111709+00:00 to become allowed state ['success'] ...
[2025-03-10T01:46:51.029+0000] {trigger_dagrun.py:257} INFO - Waiting for tiki_extract_dag on 2025-03-10 01:38:50.111709+00:00 to become allowed state ['success'] ...
[2025-03-10T01:47:01.044+0000] {trigger_dagrun.py:257} INFO - Waiting for tiki_extract_dag on 2025-03-10 01:38:50.111709+00:00 to become allowed state ['success'] ...
[2025-03-10T01:47:11.062+0000] {trigger_dagrun.py:257} INFO - Waiting for tiki_extract_dag on 2025-03-10 01:38:50.111709+00:00 to become allowed state ['success'] ...
[2025-03-10T01:47:21.076+0000] {trigger_dagrun.py:257} INFO - Waiting for tiki_extract_dag on 2025-03-10 01:38:50.111709+00:00 to become allowed state ['success'] ...
[2025-03-10T01:47:31.092+0000] {trigger_dagrun.py:257} INFO - Waiting for tiki_extract_dag on 2025-03-10 01:38:50.111709+00:00 to become allowed state ['success'] ...
[2025-03-10T01:47:41.106+0000] {trigger_dagrun.py:257} INFO - Waiting for tiki_extract_dag on 2025-03-10 01:38:50.111709+00:00 to become allowed state ['success'] ...
[2025-03-10T01:47:51.119+0000] {trigger_dagrun.py:257} INFO - Waiting for tiki_extract_dag on 2025-03-10 01:38:50.111709+00:00 to become allowed state ['success'] ...
[2025-03-10T01:48:01.135+0000] {trigger_dagrun.py:257} INFO - Waiting for tiki_extract_dag on 2025-03-10 01:38:50.111709+00:00 to become allowed state ['success'] ...
[2025-03-10T01:48:11.149+0000] {trigger_dagrun.py:257} INFO - Waiting for tiki_extract_dag on 2025-03-10 01:38:50.111709+00:00 to become allowed state ['success'] ...
[2025-03-10T01:48:21.161+0000] {trigger_dagrun.py:257} INFO - Waiting for tiki_extract_dag on 2025-03-10 01:38:50.111709+00:00 to become allowed state ['success'] ...
[2025-03-10T01:48:31.174+0000] {trigger_dagrun.py:257} INFO - Waiting for tiki_extract_dag on 2025-03-10 01:38:50.111709+00:00 to become allowed state ['success'] ...
[2025-03-10T01:48:41.188+0000] {trigger_dagrun.py:257} INFO - Waiting for tiki_extract_dag on 2025-03-10 01:38:50.111709+00:00 to become allowed state ['success'] ...
[2025-03-10T01:48:51.202+0000] {trigger_dagrun.py:257} INFO - Waiting for tiki_extract_dag on 2025-03-10 01:38:50.111709+00:00 to become allowed state ['success'] ...
[2025-03-10T01:49:01.216+0000] {trigger_dagrun.py:257} INFO - Waiting for tiki_extract_dag on 2025-03-10 01:38:50.111709+00:00 to become allowed state ['success'] ...
[2025-03-10T01:49:11.235+0000] {trigger_dagrun.py:257} INFO - Waiting for tiki_extract_dag on 2025-03-10 01:38:50.111709+00:00 to become allowed state ['success'] ...
[2025-03-10T01:49:21.248+0000] {trigger_dagrun.py:257} INFO - Waiting for tiki_extract_dag on 2025-03-10 01:38:50.111709+00:00 to become allowed state ['success'] ...
[2025-03-10T01:49:31.262+0000] {trigger_dagrun.py:257} INFO - Waiting for tiki_extract_dag on 2025-03-10 01:38:50.111709+00:00 to become allowed state ['success'] ...
[2025-03-10T01:49:41.275+0000] {trigger_dagrun.py:257} INFO - Waiting for tiki_extract_dag on 2025-03-10 01:38:50.111709+00:00 to become allowed state ['success'] ...
[2025-03-10T01:49:51.287+0000] {trigger_dagrun.py:257} INFO - Waiting for tiki_extract_dag on 2025-03-10 01:38:50.111709+00:00 to become allowed state ['success'] ...
[2025-03-10T01:50:01.301+0000] {trigger_dagrun.py:257} INFO - Waiting for tiki_extract_dag on 2025-03-10 01:38:50.111709+00:00 to become allowed state ['success'] ...
[2025-03-10T01:50:11.315+0000] {trigger_dagrun.py:257} INFO - Waiting for tiki_extract_dag on 2025-03-10 01:38:50.111709+00:00 to become allowed state ['success'] ...
[2025-03-10T01:50:21.326+0000] {trigger_dagrun.py:257} INFO - Waiting for tiki_extract_dag on 2025-03-10 01:38:50.111709+00:00 to become allowed state ['success'] ...
[2025-03-10T01:50:31.345+0000] {trigger_dagrun.py:257} INFO - Waiting for tiki_extract_dag on 2025-03-10 01:38:50.111709+00:00 to become allowed state ['success'] ...
[2025-03-10T01:50:41.358+0000] {trigger_dagrun.py:257} INFO - Waiting for tiki_extract_dag on 2025-03-10 01:38:50.111709+00:00 to become allowed state ['success'] ...
[2025-03-10T01:50:51.371+0000] {trigger_dagrun.py:257} INFO - Waiting for tiki_extract_dag on 2025-03-10 01:38:50.111709+00:00 to become allowed state ['success'] ...
[2025-03-10T01:51:01.384+0000] {trigger_dagrun.py:257} INFO - Waiting for tiki_extract_dag on 2025-03-10 01:38:50.111709+00:00 to become allowed state ['success'] ...
[2025-03-10T01:51:11.395+0000] {trigger_dagrun.py:257} INFO - Waiting for tiki_extract_dag on 2025-03-10 01:38:50.111709+00:00 to become allowed state ['success'] ...
[2025-03-10T01:51:21.411+0000] {trigger_dagrun.py:257} INFO - Waiting for tiki_extract_dag on 2025-03-10 01:38:50.111709+00:00 to become allowed state ['success'] ...
[2025-03-10T01:51:31.426+0000] {trigger_dagrun.py:257} INFO - Waiting for tiki_extract_dag on 2025-03-10 01:38:50.111709+00:00 to become allowed state ['success'] ...
[2025-03-10T01:51:41.441+0000] {trigger_dagrun.py:257} INFO - Waiting for tiki_extract_dag on 2025-03-10 01:38:50.111709+00:00 to become allowed state ['success'] ...
[2025-03-10T01:51:51.452+0000] {trigger_dagrun.py:257} INFO - Waiting for tiki_extract_dag on 2025-03-10 01:38:50.111709+00:00 to become allowed state ['success'] ...
[2025-03-10T01:52:01.465+0000] {trigger_dagrun.py:257} INFO - Waiting for tiki_extract_dag on 2025-03-10 01:38:50.111709+00:00 to become allowed state ['success'] ...
[2025-03-10T01:52:11.482+0000] {trigger_dagrun.py:257} INFO - Waiting for tiki_extract_dag on 2025-03-10 01:38:50.111709+00:00 to become allowed state ['success'] ...
[2025-03-10T01:52:21.493+0000] {trigger_dagrun.py:257} INFO - Waiting for tiki_extract_dag on 2025-03-10 01:38:50.111709+00:00 to become allowed state ['success'] ...
[2025-03-10T01:52:31.505+0000] {trigger_dagrun.py:257} INFO - Waiting for tiki_extract_dag on 2025-03-10 01:38:50.111709+00:00 to become allowed state ['success'] ...
[2025-03-10T01:52:41.516+0000] {trigger_dagrun.py:257} INFO - Waiting for tiki_extract_dag on 2025-03-10 01:38:50.111709+00:00 to become allowed state ['success'] ...
[2025-03-10T01:52:51.529+0000] {trigger_dagrun.py:257} INFO - Waiting for tiki_extract_dag on 2025-03-10 01:38:50.111709+00:00 to become allowed state ['success'] ...
[2025-03-10T01:53:01.544+0000] {trigger_dagrun.py:257} INFO - Waiting for tiki_extract_dag on 2025-03-10 01:38:50.111709+00:00 to become allowed state ['success'] ...
[2025-03-10T01:53:11.556+0000] {trigger_dagrun.py:257} INFO - Waiting for tiki_extract_dag on 2025-03-10 01:38:50.111709+00:00 to become allowed state ['success'] ...
[2025-03-10T01:53:21.572+0000] {trigger_dagrun.py:257} INFO - Waiting for tiki_extract_dag on 2025-03-10 01:38:50.111709+00:00 to become allowed state ['success'] ...
[2025-03-10T01:53:31.585+0000] {trigger_dagrun.py:257} INFO - Waiting for tiki_extract_dag on 2025-03-10 01:38:50.111709+00:00 to become allowed state ['success'] ...
[2025-03-10T01:53:41.598+0000] {trigger_dagrun.py:257} INFO - Waiting for tiki_extract_dag on 2025-03-10 01:38:50.111709+00:00 to become allowed state ['success'] ...
[2025-03-10T01:53:51.610+0000] {trigger_dagrun.py:257} INFO - Waiting for tiki_extract_dag on 2025-03-10 01:38:50.111709+00:00 to become allowed state ['success'] ...
[2025-03-10T01:54:01.623+0000] {trigger_dagrun.py:257} INFO - Waiting for tiki_extract_dag on 2025-03-10 01:38:50.111709+00:00 to become allowed state ['success'] ...
[2025-03-10T01:54:11.640+0000] {trigger_dagrun.py:257} INFO - Waiting for tiki_extract_dag on 2025-03-10 01:38:50.111709+00:00 to become allowed state ['success'] ...
[2025-03-10T01:54:21.651+0000] {trigger_dagrun.py:257} INFO - Waiting for tiki_extract_dag on 2025-03-10 01:38:50.111709+00:00 to become allowed state ['success'] ...
[2025-03-10T01:54:31.668+0000] {trigger_dagrun.py:257} INFO - Waiting for tiki_extract_dag on 2025-03-10 01:38:50.111709+00:00 to become allowed state ['success'] ...
[2025-03-10T01:54:41.682+0000] {trigger_dagrun.py:257} INFO - Waiting for tiki_extract_dag on 2025-03-10 01:38:50.111709+00:00 to become allowed state ['success'] ...
[2025-03-10T01:54:51.694+0000] {trigger_dagrun.py:257} INFO - Waiting for tiki_extract_dag on 2025-03-10 01:38:50.111709+00:00 to become allowed state ['success'] ...
[2025-03-10T01:55:01.706+0000] {trigger_dagrun.py:257} INFO - Waiting for tiki_extract_dag on 2025-03-10 01:38:50.111709+00:00 to become allowed state ['success'] ...
[2025-03-10T01:55:11.718+0000] {trigger_dagrun.py:257} INFO - Waiting for tiki_extract_dag on 2025-03-10 01:38:50.111709+00:00 to become allowed state ['success'] ...
[2025-03-10T01:55:21.728+0000] {trigger_dagrun.py:257} INFO - Waiting for tiki_extract_dag on 2025-03-10 01:38:50.111709+00:00 to become allowed state ['success'] ...
[2025-03-10T01:55:31.740+0000] {trigger_dagrun.py:257} INFO - Waiting for tiki_extract_dag on 2025-03-10 01:38:50.111709+00:00 to become allowed state ['success'] ...
[2025-03-10T01:55:41.752+0000] {trigger_dagrun.py:257} INFO - Waiting for tiki_extract_dag on 2025-03-10 01:38:50.111709+00:00 to become allowed state ['success'] ...
[2025-03-10T01:55:51.761+0000] {trigger_dagrun.py:257} INFO - Waiting for tiki_extract_dag on 2025-03-10 01:38:50.111709+00:00 to become allowed state ['success'] ...
[2025-03-10T01:56:01.773+0000] {trigger_dagrun.py:257} INFO - Waiting for tiki_extract_dag on 2025-03-10 01:38:50.111709+00:00 to become allowed state ['success'] ...
[2025-03-10T01:56:11.785+0000] {trigger_dagrun.py:257} INFO - Waiting for tiki_extract_dag on 2025-03-10 01:38:50.111709+00:00 to become allowed state ['success'] ...
[2025-03-10T01:56:21.795+0000] {trigger_dagrun.py:257} INFO - Waiting for tiki_extract_dag on 2025-03-10 01:38:50.111709+00:00 to become allowed state ['success'] ...
[2025-03-10T01:56:31.807+0000] {trigger_dagrun.py:257} INFO - Waiting for tiki_extract_dag on 2025-03-10 01:38:50.111709+00:00 to become allowed state ['success'] ...
[2025-03-10T01:56:41.818+0000] {trigger_dagrun.py:257} INFO - Waiting for tiki_extract_dag on 2025-03-10 01:38:50.111709+00:00 to become allowed state ['success'] ...
[2025-03-10T01:56:51.829+0000] {trigger_dagrun.py:257} INFO - Waiting for tiki_extract_dag on 2025-03-10 01:38:50.111709+00:00 to become allowed state ['success'] ...
[2025-03-10T01:57:01.842+0000] {trigger_dagrun.py:257} INFO - Waiting for tiki_extract_dag on 2025-03-10 01:38:50.111709+00:00 to become allowed state ['success'] ...
[2025-03-10T01:57:11.854+0000] {trigger_dagrun.py:257} INFO - Waiting for tiki_extract_dag on 2025-03-10 01:38:50.111709+00:00 to become allowed state ['success'] ...
[2025-03-10T01:57:21.863+0000] {trigger_dagrun.py:257} INFO - Waiting for tiki_extract_dag on 2025-03-10 01:38:50.111709+00:00 to become allowed state ['success'] ...
[2025-03-10T01:57:31.876+0000] {trigger_dagrun.py:257} INFO - Waiting for tiki_extract_dag on 2025-03-10 01:38:50.111709+00:00 to become allowed state ['success'] ...
[2025-03-10T01:57:41.894+0000] {trigger_dagrun.py:257} INFO - Waiting for tiki_extract_dag on 2025-03-10 01:38:50.111709+00:00 to become allowed state ['success'] ...
[2025-03-10T01:57:51.905+0000] {trigger_dagrun.py:257} INFO - Waiting for tiki_extract_dag on 2025-03-10 01:38:50.111709+00:00 to become allowed state ['success'] ...
[2025-03-10T01:58:01.917+0000] {trigger_dagrun.py:257} INFO - Waiting for tiki_extract_dag on 2025-03-10 01:38:50.111709+00:00 to become allowed state ['success'] ...
[2025-03-10T01:58:11.930+0000] {trigger_dagrun.py:257} INFO - Waiting for tiki_extract_dag on 2025-03-10 01:38:50.111709+00:00 to become allowed state ['success'] ...
[2025-03-10T01:58:21.942+0000] {trigger_dagrun.py:257} INFO - Waiting for tiki_extract_dag on 2025-03-10 01:38:50.111709+00:00 to become allowed state ['success'] ...
[2025-03-10T01:58:31.955+0000] {trigger_dagrun.py:257} INFO - Waiting for tiki_extract_dag on 2025-03-10 01:38:50.111709+00:00 to become allowed state ['success'] ...
[2025-03-10T01:58:41.969+0000] {trigger_dagrun.py:257} INFO - Waiting for tiki_extract_dag on 2025-03-10 01:38:50.111709+00:00 to become allowed state ['success'] ...
[2025-03-10T01:58:51.984+0000] {trigger_dagrun.py:257} INFO - Waiting for tiki_extract_dag on 2025-03-10 01:38:50.111709+00:00 to become allowed state ['success'] ...
[2025-03-10T01:59:01.998+0000] {trigger_dagrun.py:257} INFO - Waiting for tiki_extract_dag on 2025-03-10 01:38:50.111709+00:00 to become allowed state ['success'] ...
[2025-03-10T01:59:12.012+0000] {trigger_dagrun.py:257} INFO - Waiting for tiki_extract_dag on 2025-03-10 01:38:50.111709+00:00 to become allowed state ['success'] ...
[2025-03-10T01:59:22.023+0000] {trigger_dagrun.py:257} INFO - Waiting for tiki_extract_dag on 2025-03-10 01:38:50.111709+00:00 to become allowed state ['success'] ...
[2025-03-10T01:59:32.046+0000] {trigger_dagrun.py:257} INFO - Waiting for tiki_extract_dag on 2025-03-10 01:38:50.111709+00:00 to become allowed state ['success'] ...
[2025-03-10T01:59:42.059+0000] {trigger_dagrun.py:257} INFO - Waiting for tiki_extract_dag on 2025-03-10 01:38:50.111709+00:00 to become allowed state ['success'] ...
[2025-03-10T01:59:52.070+0000] {trigger_dagrun.py:257} INFO - Waiting for tiki_extract_dag on 2025-03-10 01:38:50.111709+00:00 to become allowed state ['success'] ...
[2025-03-10T02:00:02.083+0000] {trigger_dagrun.py:257} INFO - Waiting for tiki_extract_dag on 2025-03-10 01:38:50.111709+00:00 to become allowed state ['success'] ...
[2025-03-10T02:00:12.098+0000] {trigger_dagrun.py:257} INFO - Waiting for tiki_extract_dag on 2025-03-10 01:38:50.111709+00:00 to become allowed state ['success'] ...
[2025-03-10T02:00:22.109+0000] {trigger_dagrun.py:257} INFO - Waiting for tiki_extract_dag on 2025-03-10 01:38:50.111709+00:00 to become allowed state ['success'] ...
[2025-03-10T02:00:32.134+0000] {trigger_dagrun.py:257} INFO - Waiting for tiki_extract_dag on 2025-03-10 01:38:50.111709+00:00 to become allowed state ['success'] ...
[2025-03-10T02:00:42.145+0000] {trigger_dagrun.py:257} INFO - Waiting for tiki_extract_dag on 2025-03-10 01:38:50.111709+00:00 to become allowed state ['success'] ...
[2025-03-10T02:00:52.156+0000] {trigger_dagrun.py:257} INFO - Waiting for tiki_extract_dag on 2025-03-10 01:38:50.111709+00:00 to become allowed state ['success'] ...
[2025-03-10T02:01:02.168+0000] {trigger_dagrun.py:257} INFO - Waiting for tiki_extract_dag on 2025-03-10 01:38:50.111709+00:00 to become allowed state ['success'] ...
[2025-03-10T02:01:12.179+0000] {trigger_dagrun.py:257} INFO - Waiting for tiki_extract_dag on 2025-03-10 01:38:50.111709+00:00 to become allowed state ['success'] ...
[2025-03-10T02:01:22.190+0000] {trigger_dagrun.py:257} INFO - Waiting for tiki_extract_dag on 2025-03-10 01:38:50.111709+00:00 to become allowed state ['success'] ...
[2025-03-10T02:01:32.203+0000] {trigger_dagrun.py:257} INFO - Waiting for tiki_extract_dag on 2025-03-10 01:38:50.111709+00:00 to become allowed state ['success'] ...
[2025-03-10T02:01:42.216+0000] {trigger_dagrun.py:257} INFO - Waiting for tiki_extract_dag on 2025-03-10 01:38:50.111709+00:00 to become allowed state ['success'] ...
[2025-03-10T02:01:52.226+0000] {trigger_dagrun.py:257} INFO - Waiting for tiki_extract_dag on 2025-03-10 01:38:50.111709+00:00 to become allowed state ['success'] ...
[2025-03-10T02:02:02.238+0000] {trigger_dagrun.py:257} INFO - Waiting for tiki_extract_dag on 2025-03-10 01:38:50.111709+00:00 to become allowed state ['success'] ...
[2025-03-10T02:02:12.252+0000] {trigger_dagrun.py:257} INFO - Waiting for tiki_extract_dag on 2025-03-10 01:38:50.111709+00:00 to become allowed state ['success'] ...
[2025-03-10T02:02:22.262+0000] {trigger_dagrun.py:257} INFO - Waiting for tiki_extract_dag on 2025-03-10 01:38:50.111709+00:00 to become allowed state ['success'] ...
[2025-03-10T02:02:32.277+0000] {trigger_dagrun.py:257} INFO - Waiting for tiki_extract_dag on 2025-03-10 01:38:50.111709+00:00 to become allowed state ['success'] ...
[2025-03-10T02:02:42.288+0000] {trigger_dagrun.py:257} INFO - Waiting for tiki_extract_dag on 2025-03-10 01:38:50.111709+00:00 to become allowed state ['success'] ...
[2025-03-10T02:02:52.299+0000] {trigger_dagrun.py:257} INFO - Waiting for tiki_extract_dag on 2025-03-10 01:38:50.111709+00:00 to become allowed state ['success'] ...
[2025-03-10T02:03:02.313+0000] {trigger_dagrun.py:257} INFO - Waiting for tiki_extract_dag on 2025-03-10 01:38:50.111709+00:00 to become allowed state ['success'] ...
[2025-03-10T02:03:12.338+0000] {trigger_dagrun.py:257} INFO - Waiting for tiki_extract_dag on 2025-03-10 01:38:50.111709+00:00 to become allowed state ['success'] ...
[2025-03-10T02:03:22.372+0000] {trigger_dagrun.py:257} INFO - Waiting for tiki_extract_dag on 2025-03-10 01:38:50.111709+00:00 to become allowed state ['success'] ...
[2025-03-10T02:03:32.385+0000] {trigger_dagrun.py:257} INFO - Waiting for tiki_extract_dag on 2025-03-10 01:38:50.111709+00:00 to become allowed state ['success'] ...
[2025-03-10T02:03:42.399+0000] {trigger_dagrun.py:257} INFO - Waiting for tiki_extract_dag on 2025-03-10 01:38:50.111709+00:00 to become allowed state ['success'] ...
[2025-03-10T02:03:52.408+0000] {trigger_dagrun.py:257} INFO - Waiting for tiki_extract_dag on 2025-03-10 01:38:50.111709+00:00 to become allowed state ['success'] ...
[2025-03-10T02:04:02.420+0000] {trigger_dagrun.py:257} INFO - Waiting for tiki_extract_dag on 2025-03-10 01:38:50.111709+00:00 to become allowed state ['success'] ...
[2025-03-10T02:04:12.435+0000] {trigger_dagrun.py:257} INFO - Waiting for tiki_extract_dag on 2025-03-10 01:38:50.111709+00:00 to become allowed state ['success'] ...
[2025-03-10T02:04:22.447+0000] {trigger_dagrun.py:257} INFO - Waiting for tiki_extract_dag on 2025-03-10 01:38:50.111709+00:00 to become allowed state ['success'] ...
[2025-03-10T02:04:32.465+0000] {trigger_dagrun.py:257} INFO - Waiting for tiki_extract_dag on 2025-03-10 01:38:50.111709+00:00 to become allowed state ['success'] ...
[2025-03-10T02:04:42.480+0000] {trigger_dagrun.py:257} INFO - Waiting for tiki_extract_dag on 2025-03-10 01:38:50.111709+00:00 to become allowed state ['success'] ...
[2025-03-10T02:04:52.491+0000] {trigger_dagrun.py:257} INFO - Waiting for tiki_extract_dag on 2025-03-10 01:38:50.111709+00:00 to become allowed state ['success'] ...
[2025-03-10T02:05:02.503+0000] {trigger_dagrun.py:257} INFO - Waiting for tiki_extract_dag on 2025-03-10 01:38:50.111709+00:00 to become allowed state ['success'] ...
[2025-03-10T02:05:12.515+0000] {trigger_dagrun.py:257} INFO - Waiting for tiki_extract_dag on 2025-03-10 01:38:50.111709+00:00 to become allowed state ['success'] ...
[2025-03-10T02:05:22.525+0000] {trigger_dagrun.py:257} INFO - Waiting for tiki_extract_dag on 2025-03-10 01:38:50.111709+00:00 to become allowed state ['success'] ...
[2025-03-10T02:05:32.540+0000] {trigger_dagrun.py:257} INFO - Waiting for tiki_extract_dag on 2025-03-10 01:38:50.111709+00:00 to become allowed state ['success'] ...
[2025-03-10T02:05:42.553+0000] {trigger_dagrun.py:257} INFO - Waiting for tiki_extract_dag on 2025-03-10 01:38:50.111709+00:00 to become allowed state ['success'] ...
[2025-03-10T02:05:52.566+0000] {trigger_dagrun.py:257} INFO - Waiting for tiki_extract_dag on 2025-03-10 01:38:50.111709+00:00 to become allowed state ['success'] ...
[2025-03-10T02:06:02.580+0000] {trigger_dagrun.py:257} INFO - Waiting for tiki_extract_dag on 2025-03-10 01:38:50.111709+00:00 to become allowed state ['success'] ...
[2025-03-10T02:06:12.594+0000] {trigger_dagrun.py:257} INFO - Waiting for tiki_extract_dag on 2025-03-10 01:38:50.111709+00:00 to become allowed state ['success'] ...
[2025-03-10T02:06:22.608+0000] {trigger_dagrun.py:257} INFO - Waiting for tiki_extract_dag on 2025-03-10 01:38:50.111709+00:00 to become allowed state ['success'] ...
[2025-03-10T02:06:32.621+0000] {trigger_dagrun.py:257} INFO - Waiting for tiki_extract_dag on 2025-03-10 01:38:50.111709+00:00 to become allowed state ['success'] ...
[2025-03-10T02:06:42.635+0000] {trigger_dagrun.py:257} INFO - Waiting for tiki_extract_dag on 2025-03-10 01:38:50.111709+00:00 to become allowed state ['success'] ...
[2025-03-10T02:06:52.645+0000] {trigger_dagrun.py:257} INFO - Waiting for tiki_extract_dag on 2025-03-10 01:38:50.111709+00:00 to become allowed state ['success'] ...
[2025-03-10T02:07:02.657+0000] {trigger_dagrun.py:257} INFO - Waiting for tiki_extract_dag on 2025-03-10 01:38:50.111709+00:00 to become allowed state ['success'] ...
[2025-03-10T02:07:12.671+0000] {trigger_dagrun.py:257} INFO - Waiting for tiki_extract_dag on 2025-03-10 01:38:50.111709+00:00 to become allowed state ['success'] ...
[2025-03-10T02:07:22.682+0000] {trigger_dagrun.py:257} INFO - Waiting for tiki_extract_dag on 2025-03-10 01:38:50.111709+00:00 to become allowed state ['success'] ...
[2025-03-10T02:07:32.696+0000] {trigger_dagrun.py:257} INFO - Waiting for tiki_extract_dag on 2025-03-10 01:38:50.111709+00:00 to become allowed state ['success'] ...
[2025-03-10T02:07:42.708+0000] {trigger_dagrun.py:257} INFO - Waiting for tiki_extract_dag on 2025-03-10 01:38:50.111709+00:00 to become allowed state ['success'] ...
[2025-03-10T02:07:52.720+0000] {trigger_dagrun.py:257} INFO - Waiting for tiki_extract_dag on 2025-03-10 01:38:50.111709+00:00 to become allowed state ['success'] ...
[2025-03-10T02:08:02.732+0000] {trigger_dagrun.py:257} INFO - Waiting for tiki_extract_dag on 2025-03-10 01:38:50.111709+00:00 to become allowed state ['success'] ...
[2025-03-10T02:08:12.746+0000] {trigger_dagrun.py:257} INFO - Waiting for tiki_extract_dag on 2025-03-10 01:38:50.111709+00:00 to become allowed state ['success'] ...
[2025-03-10T02:08:22.763+0000] {trigger_dagrun.py:257} INFO - Waiting for tiki_extract_dag on 2025-03-10 01:38:50.111709+00:00 to become allowed state ['success'] ...
[2025-03-10T02:08:32.778+0000] {trigger_dagrun.py:257} INFO - Waiting for tiki_extract_dag on 2025-03-10 01:38:50.111709+00:00 to become allowed state ['success'] ...
[2025-03-10T02:08:42.791+0000] {trigger_dagrun.py:257} INFO - Waiting for tiki_extract_dag on 2025-03-10 01:38:50.111709+00:00 to become allowed state ['success'] ...
[2025-03-10T02:08:52.802+0000] {trigger_dagrun.py:257} INFO - Waiting for tiki_extract_dag on 2025-03-10 01:38:50.111709+00:00 to become allowed state ['success'] ...
[2025-03-10T02:09:02.817+0000] {trigger_dagrun.py:257} INFO - Waiting for tiki_extract_dag on 2025-03-10 01:38:50.111709+00:00 to become allowed state ['success'] ...
[2025-03-10T02:09:12.830+0000] {trigger_dagrun.py:257} INFO - Waiting for tiki_extract_dag on 2025-03-10 01:38:50.111709+00:00 to become allowed state ['success'] ...
[2025-03-10T02:09:22.851+0000] {trigger_dagrun.py:257} INFO - Waiting for tiki_extract_dag on 2025-03-10 01:38:50.111709+00:00 to become allowed state ['success'] ...
[2025-03-10T02:09:32.876+0000] {trigger_dagrun.py:271} INFO - tiki_extract_dag finished with allowed state success
[2025-03-10T02:09:33.026+0000] {taskinstance.py:341} INFO - ::group::Post task execution logs
[2025-03-10T02:09:33.035+0000] {taskinstance.py:353} INFO - Marking task as SUCCESS. dag_id=tiki_etl_orchestration, task_id=trigger_extract, run_id=scheduled__2025-03-09T00:00:00+00:00, execution_date=20250309T000000, start_date=20250310T013848, end_date=20250310T020933
[2025-03-10T02:09:33.208+0000] {logging_mixin.py:190} INFO - Task instance in success state
[2025-03-10T02:09:33.210+0000] {logging_mixin.py:190} INFO -  Previous state of the Task instance: running
[2025-03-10T02:09:33.211+0000] {logging_mixin.py:190} INFO - Dag name:tiki_etl_orchestration queued_at:2025-03-10 01:38:03.464508+00:00
[2025-03-10T02:09:33.211+0000] {logging_mixin.py:190} INFO - Task hostname:72a6d77a3cc5 operator:TriggerDagRunOperator
[2025-03-10T02:09:33.353+0000] {local_task_job_runner.py:266} INFO - Task exited with return code 0
[2025-03-10T02:09:33.928+0000] {taskinstance.py:3901} INFO - 1 downstream tasks scheduled from follow-on schedule check
[2025-03-10T02:09:33.952+0000] {local_task_job_runner.py:245} INFO - ::endgroup::
