[2025-03-08T05:48:31.729+0000] {local_task_job_runner.py:123} INFO - ::group::Pre task execution logs
[2025-03-08T05:48:31.763+0000] {taskinstance.py:2614} INFO - Dependencies all met for dep_context=non-requeueable deps ti=<TaskInstance: tiki_etl_orchestration.trigger_extract manual__2025-03-08T05:48:20.660483+00:00 [queued]>
[2025-03-08T05:48:31.777+0000] {taskinstance.py:2614} INFO - Dependencies all met for dep_context=requeueable deps ti=<TaskInstance: tiki_etl_orchestration.trigger_extract manual__2025-03-08T05:48:20.660483+00:00 [queued]>
[2025-03-08T05:48:31.778+0000] {taskinstance.py:2867} INFO - Starting attempt 1 of 1
[2025-03-08T05:48:32.007+0000] {taskinstance.py:2890} INFO - Executing <Task(TriggerDagRunOperator): trigger_extract> on 2025-03-08 05:48:20.660483+00:00
[2025-03-08T05:48:32.019+0000] {warnings.py:112} WARNING - /home/***/.local/lib/python3.12/site-packages/***/task/task_runner/standard_task_runner.py:70: DeprecationWarning: This process (pid=79) is multi-threaded, use of fork() may lead to deadlocks in the child.
  pid = os.fork()

[2025-03-08T05:48:32.022+0000] {standard_task_runner.py:72} INFO - Started process 88 to run task
[2025-03-08T05:48:32.022+0000] {standard_task_runner.py:104} INFO - Running: ['***', 'tasks', 'run', 'tiki_etl_orchestration', 'trigger_extract', 'manual__2025-03-08T05:48:20.660483+00:00', '--job-id', '49', '--raw', '--subdir', 'DAGS_FOLDER/tiki_etl_orchestration.py', '--cfg-path', '/tmp/tmp1bdcde10']
[2025-03-08T05:48:32.024+0000] {standard_task_runner.py:105} INFO - Job 49: Subtask trigger_extract
[2025-03-08T05:48:32.103+0000] {task_command.py:467} INFO - Running <TaskInstance: tiki_etl_orchestration.trigger_extract manual__2025-03-08T05:48:20.660483+00:00 [running]> on host 4dc18dee7126
[2025-03-08T05:48:32.243+0000] {taskinstance.py:3134} INFO - Exporting env vars: AIRFLOW_CTX_DAG_OWNER='***' AIRFLOW_CTX_DAG_ID='tiki_etl_orchestration' AIRFLOW_CTX_TASK_ID='trigger_extract' AIRFLOW_CTX_EXECUTION_DATE='2025-03-08T05:48:20.660483+00:00' AIRFLOW_CTX_TRY_NUMBER='1' AIRFLOW_CTX_DAG_RUN_ID='manual__2025-03-08T05:48:20.660483+00:00'
[2025-03-08T05:48:32.245+0000] {logging_mixin.py:190} INFO - Task instance is in running state
[2025-03-08T05:48:32.246+0000] {logging_mixin.py:190} INFO -  Previous state of the Task instance: queued
[2025-03-08T05:48:32.247+0000] {logging_mixin.py:190} INFO - Current task name:trigger_extract state:running start_date:2025-03-08 05:48:31.764607+00:00
[2025-03-08T05:48:32.248+0000] {logging_mixin.py:190} INFO - Dag name:tiki_etl_orchestration and current dag run status:running
[2025-03-08T05:48:32.248+0000] {taskinstance.py:732} INFO - ::endgroup::
[2025-03-08T05:48:32.374+0000] {trigger_dagrun.py:257} INFO - Waiting for tiki_extract_dag on 2025-03-08 05:48:32.249756+00:00 to become allowed state ['success'] ...
[2025-03-08T05:48:42.389+0000] {trigger_dagrun.py:257} INFO - Waiting for tiki_extract_dag on 2025-03-08 05:48:32.249756+00:00 to become allowed state ['success'] ...
[2025-03-08T05:48:52.403+0000] {trigger_dagrun.py:257} INFO - Waiting for tiki_extract_dag on 2025-03-08 05:48:32.249756+00:00 to become allowed state ['success'] ...
[2025-03-08T05:49:02.417+0000] {trigger_dagrun.py:257} INFO - Waiting for tiki_extract_dag on 2025-03-08 05:48:32.249756+00:00 to become allowed state ['success'] ...
[2025-03-08T05:49:12.428+0000] {trigger_dagrun.py:257} INFO - Waiting for tiki_extract_dag on 2025-03-08 05:48:32.249756+00:00 to become allowed state ['success'] ...
[2025-03-08T05:49:22.442+0000] {trigger_dagrun.py:257} INFO - Waiting for tiki_extract_dag on 2025-03-08 05:48:32.249756+00:00 to become allowed state ['success'] ...
[2025-03-08T05:49:32.456+0000] {trigger_dagrun.py:257} INFO - Waiting for tiki_extract_dag on 2025-03-08 05:48:32.249756+00:00 to become allowed state ['success'] ...
[2025-03-08T05:49:42.466+0000] {trigger_dagrun.py:257} INFO - Waiting for tiki_extract_dag on 2025-03-08 05:48:32.249756+00:00 to become allowed state ['success'] ...
[2025-03-08T05:49:52.479+0000] {trigger_dagrun.py:257} INFO - Waiting for tiki_extract_dag on 2025-03-08 05:48:32.249756+00:00 to become allowed state ['success'] ...
[2025-03-08T05:50:02.491+0000] {trigger_dagrun.py:257} INFO - Waiting for tiki_extract_dag on 2025-03-08 05:48:32.249756+00:00 to become allowed state ['success'] ...
[2025-03-08T05:50:12.500+0000] {trigger_dagrun.py:257} INFO - Waiting for tiki_extract_dag on 2025-03-08 05:48:32.249756+00:00 to become allowed state ['success'] ...
[2025-03-08T05:50:22.512+0000] {trigger_dagrun.py:257} INFO - Waiting for tiki_extract_dag on 2025-03-08 05:48:32.249756+00:00 to become allowed state ['success'] ...
[2025-03-08T05:50:32.524+0000] {trigger_dagrun.py:257} INFO - Waiting for tiki_extract_dag on 2025-03-08 05:48:32.249756+00:00 to become allowed state ['success'] ...
[2025-03-08T05:50:42.534+0000] {trigger_dagrun.py:257} INFO - Waiting for tiki_extract_dag on 2025-03-08 05:48:32.249756+00:00 to become allowed state ['success'] ...
[2025-03-08T05:50:52.547+0000] {trigger_dagrun.py:257} INFO - Waiting for tiki_extract_dag on 2025-03-08 05:48:32.249756+00:00 to become allowed state ['success'] ...
[2025-03-08T05:51:02.558+0000] {trigger_dagrun.py:257} INFO - Waiting for tiki_extract_dag on 2025-03-08 05:48:32.249756+00:00 to become allowed state ['success'] ...
[2025-03-08T05:51:12.568+0000] {trigger_dagrun.py:257} INFO - Waiting for tiki_extract_dag on 2025-03-08 05:48:32.249756+00:00 to become allowed state ['success'] ...
[2025-03-08T05:51:22.581+0000] {trigger_dagrun.py:257} INFO - Waiting for tiki_extract_dag on 2025-03-08 05:48:32.249756+00:00 to become allowed state ['success'] ...
[2025-03-08T05:51:32.594+0000] {trigger_dagrun.py:257} INFO - Waiting for tiki_extract_dag on 2025-03-08 05:48:32.249756+00:00 to become allowed state ['success'] ...
[2025-03-08T05:51:42.606+0000] {trigger_dagrun.py:257} INFO - Waiting for tiki_extract_dag on 2025-03-08 05:48:32.249756+00:00 to become allowed state ['success'] ...
[2025-03-08T05:51:52.622+0000] {trigger_dagrun.py:257} INFO - Waiting for tiki_extract_dag on 2025-03-08 05:48:32.249756+00:00 to become allowed state ['success'] ...
[2025-03-08T05:52:02.635+0000] {trigger_dagrun.py:257} INFO - Waiting for tiki_extract_dag on 2025-03-08 05:48:32.249756+00:00 to become allowed state ['success'] ...
[2025-03-08T05:52:12.644+0000] {trigger_dagrun.py:257} INFO - Waiting for tiki_extract_dag on 2025-03-08 05:48:32.249756+00:00 to become allowed state ['success'] ...
[2025-03-08T05:52:22.656+0000] {trigger_dagrun.py:257} INFO - Waiting for tiki_extract_dag on 2025-03-08 05:48:32.249756+00:00 to become allowed state ['success'] ...
[2025-03-08T05:52:32.667+0000] {trigger_dagrun.py:257} INFO - Waiting for tiki_extract_dag on 2025-03-08 05:48:32.249756+00:00 to become allowed state ['success'] ...
[2025-03-08T05:52:42.679+0000] {trigger_dagrun.py:257} INFO - Waiting for tiki_extract_dag on 2025-03-08 05:48:32.249756+00:00 to become allowed state ['success'] ...
[2025-03-08T05:52:52.690+0000] {trigger_dagrun.py:257} INFO - Waiting for tiki_extract_dag on 2025-03-08 05:48:32.249756+00:00 to become allowed state ['success'] ...
[2025-03-08T05:53:02.704+0000] {trigger_dagrun.py:257} INFO - Waiting for tiki_extract_dag on 2025-03-08 05:48:32.249756+00:00 to become allowed state ['success'] ...
[2025-03-08T05:53:12.714+0000] {trigger_dagrun.py:257} INFO - Waiting for tiki_extract_dag on 2025-03-08 05:48:32.249756+00:00 to become allowed state ['success'] ...
[2025-03-08T05:53:22.727+0000] {trigger_dagrun.py:257} INFO - Waiting for tiki_extract_dag on 2025-03-08 05:48:32.249756+00:00 to become allowed state ['success'] ...
[2025-03-08T05:53:32.738+0000] {trigger_dagrun.py:257} INFO - Waiting for tiki_extract_dag on 2025-03-08 05:48:32.249756+00:00 to become allowed state ['success'] ...
[2025-03-08T05:53:42.750+0000] {trigger_dagrun.py:257} INFO - Waiting for tiki_extract_dag on 2025-03-08 05:48:32.249756+00:00 to become allowed state ['success'] ...
[2025-03-08T05:53:52.762+0000] {trigger_dagrun.py:257} INFO - Waiting for tiki_extract_dag on 2025-03-08 05:48:32.249756+00:00 to become allowed state ['success'] ...
[2025-03-08T05:54:02.775+0000] {trigger_dagrun.py:257} INFO - Waiting for tiki_extract_dag on 2025-03-08 05:48:32.249756+00:00 to become allowed state ['success'] ...
[2025-03-08T05:54:12.785+0000] {trigger_dagrun.py:257} INFO - Waiting for tiki_extract_dag on 2025-03-08 05:48:32.249756+00:00 to become allowed state ['success'] ...
[2025-03-08T05:54:22.797+0000] {trigger_dagrun.py:257} INFO - Waiting for tiki_extract_dag on 2025-03-08 05:48:32.249756+00:00 to become allowed state ['success'] ...
[2025-03-08T05:54:32.811+0000] {trigger_dagrun.py:257} INFO - Waiting for tiki_extract_dag on 2025-03-08 05:48:32.249756+00:00 to become allowed state ['success'] ...
[2025-03-08T05:54:42.822+0000] {trigger_dagrun.py:257} INFO - Waiting for tiki_extract_dag on 2025-03-08 05:48:32.249756+00:00 to become allowed state ['success'] ...
[2025-03-08T05:54:52.834+0000] {trigger_dagrun.py:271} INFO - tiki_extract_dag finished with allowed state success
[2025-03-08T05:54:52.852+0000] {taskinstance.py:341} INFO - ::group::Post task execution logs
[2025-03-08T05:54:52.853+0000] {taskinstance.py:353} INFO - Marking task as SUCCESS. dag_id=tiki_etl_orchestration, task_id=trigger_extract, run_id=manual__2025-03-08T05:48:20.660483+00:00, execution_date=20250308T054820, start_date=20250308T054831, end_date=20250308T055452
[2025-03-08T05:54:52.893+0000] {logging_mixin.py:190} INFO - Task instance in success state
[2025-03-08T05:54:52.894+0000] {logging_mixin.py:190} INFO -  Previous state of the Task instance: running
[2025-03-08T05:54:52.895+0000] {logging_mixin.py:190} INFO - Dag name:tiki_etl_orchestration queued_at:2025-03-08 05:48:21.995844+00:00
[2025-03-08T05:54:52.896+0000] {logging_mixin.py:190} INFO - Task hostname:4dc18dee7126 operator:TriggerDagRunOperator
[2025-03-08T05:54:52.930+0000] {local_task_job_runner.py:266} INFO - Task exited with return code 0
[2025-03-08T05:54:52.985+0000] {taskinstance.py:3901} INFO - 1 downstream tasks scheduled from follow-on schedule check
[2025-03-08T05:54:52.988+0000] {local_task_job_runner.py:245} INFO - ::endgroup::
