[2025-03-11T16:12:05.198+0000] {local_task_job_runner.py:123} INFO - ::group::Pre task execution logs
[2025-03-11T16:12:05.217+0000] {taskinstance.py:2614} INFO - Dependencies all met for dep_context=non-requeueable deps ti=<TaskInstance: tiki_extract_dag.extract_data manual__2025-03-11T14:07:26.849945+00:00 [queued]>
[2025-03-11T16:12:05.226+0000] {taskinstance.py:2614} INFO - Dependencies all met for dep_context=requeueable deps ti=<TaskInstance: tiki_extract_dag.extract_data manual__2025-03-11T14:07:26.849945+00:00 [queued]>
[2025-03-11T16:12:05.227+0000] {taskinstance.py:2867} INFO - Starting attempt 1 of 4
[2025-03-11T16:12:05.242+0000] {taskinstance.py:2890} INFO - Executing <Task(PythonOperator): extract_data> on 2025-03-11 14:07:26.849945+00:00
[2025-03-11T16:12:05.253+0000] {standard_task_runner.py:104} INFO - Running: ['***', 'tasks', 'run', 'tiki_extract_dag', 'extract_data', 'manual__2025-03-11T14:07:26.849945+00:00', '--job-id', '607', '--raw', '--subdir', 'DAGS_FOLDER/tiki_extract_dag.py', '--cfg-path', '/tmp/tmpsbj2iqi3']
[2025-03-11T16:12:05.252+0000] {warnings.py:112} WARNING - /home/***/.local/lib/python3.12/site-packages/***/task/task_runner/standard_task_runner.py:70: DeprecationWarning: This process (pid=85) is multi-threaded, use of fork() may lead to deadlocks in the child.
  pid = os.fork()

[2025-03-11T16:12:05.255+0000] {standard_task_runner.py:72} INFO - Started process 87 to run task
[2025-03-11T16:12:05.254+0000] {standard_task_runner.py:105} INFO - Job 607: Subtask extract_data
[2025-03-11T16:12:05.308+0000] {task_command.py:467} INFO - Running <TaskInstance: tiki_extract_dag.extract_data manual__2025-03-11T14:07:26.849945+00:00 [running]> on host 5c8190d7da62
[2025-03-11T16:12:05.643+0000] {taskinstance.py:3134} INFO - Exporting env vars: AIRFLOW_CTX_DAG_OWNER='***' AIRFLOW_CTX_DAG_ID='tiki_extract_dag' AIRFLOW_CTX_TASK_ID='extract_data' AIRFLOW_CTX_EXECUTION_DATE='2025-03-11T14:07:26.849945+00:00' AIRFLOW_CTX_TRY_NUMBER='1' AIRFLOW_CTX_DAG_RUN_ID='manual__2025-03-11T14:07:26.849945+00:00'
[2025-03-11T16:12:05.644+0000] {logging_mixin.py:190} INFO - Task instance is in running state
[2025-03-11T16:12:05.644+0000] {logging_mixin.py:190} INFO -  Previous state of the Task instance: queued
[2025-03-11T16:12:05.645+0000] {logging_mixin.py:190} INFO - Current task name:extract_data state:running start_date:2025-03-11 16:12:05.217934+00:00
[2025-03-11T16:12:05.645+0000] {logging_mixin.py:190} INFO - Dag name:tiki_extract_dag and current dag run status:running
[2025-03-11T16:12:05.646+0000] {taskinstance.py:732} INFO - ::endgroup::
[2025-03-11T16:12:07.293+0000] {tiki_extract_dag.py:119} INFO - Starting crawl for category lam-dep-suc-khoe
[2025-03-11T16:12:07.866+0000] {tiki_extract_dag.py:126} INFO - Total pages for lam-dep-suc-khoe: 50
[2025-03-11T16:12:08.368+0000] {tiki_extract_dag.py:154} INFO - Extracted page 2/50 - lam-dep-suc-khoe, total items: 40
[2025-03-11T16:12:15.941+0000] {tiki_extract_dag.py:154} INFO - Extracted page 3/50 - lam-dep-suc-khoe, total items: 80
[2025-03-11T16:12:23.974+0000] {tiki_extract_dag.py:154} INFO - Extracted page 4/50 - lam-dep-suc-khoe, total items: 120
[2025-03-11T16:12:29.673+0000] {tiki_extract_dag.py:154} INFO - Extracted page 5/50 - lam-dep-suc-khoe, total items: 160
[2025-03-11T16:12:36.678+0000] {tiki_extract_dag.py:154} INFO - Extracted page 6/50 - lam-dep-suc-khoe, total items: 200
[2025-03-11T16:12:44.273+0000] {tiki_extract_dag.py:154} INFO - Extracted page 7/50 - lam-dep-suc-khoe, total items: 240
[2025-03-11T16:12:51.991+0000] {tiki_extract_dag.py:154} INFO - Extracted page 8/50 - lam-dep-suc-khoe, total items: 280
[2025-03-11T16:13:01.583+0000] {tiki_extract_dag.py:154} INFO - Extracted page 9/50 - lam-dep-suc-khoe, total items: 320
[2025-03-11T16:13:09.967+0000] {tiki_extract_dag.py:154} INFO - Extracted page 10/50 - lam-dep-suc-khoe, total items: 360
[2025-03-11T16:13:16.902+0000] {tiki_extract_dag.py:154} INFO - Extracted page 11/50 - lam-dep-suc-khoe, total items: 400
[2025-03-11T16:13:27.465+0000] {tiki_extract_dag.py:154} INFO - Extracted page 12/50 - lam-dep-suc-khoe, total items: 440
[2025-03-11T16:13:32.948+0000] {tiki_extract_dag.py:154} INFO - Extracted page 13/50 - lam-dep-suc-khoe, total items: 480
[2025-03-11T16:13:39.322+0000] {tiki_extract_dag.py:154} INFO - Extracted page 14/50 - lam-dep-suc-khoe, total items: 520
[2025-03-11T16:13:46.311+0000] {tiki_extract_dag.py:154} INFO - Extracted page 15/50 - lam-dep-suc-khoe, total items: 560
[2025-03-11T16:13:52.275+0000] {tiki_extract_dag.py:154} INFO - Extracted page 16/50 - lam-dep-suc-khoe, total items: 600
[2025-03-11T16:14:01.827+0000] {tiki_extract_dag.py:154} INFO - Extracted page 17/50 - lam-dep-suc-khoe, total items: 640
[2025-03-11T16:14:07.771+0000] {tiki_extract_dag.py:154} INFO - Extracted page 18/50 - lam-dep-suc-khoe, total items: 680
[2025-03-11T16:14:16.080+0000] {tiki_extract_dag.py:154} INFO - Extracted page 19/50 - lam-dep-suc-khoe, total items: 720
[2025-03-11T16:14:25.708+0000] {tiki_extract_dag.py:154} INFO - Extracted page 20/50 - lam-dep-suc-khoe, total items: 760
[2025-03-11T16:14:31.569+0000] {tiki_extract_dag.py:154} INFO - Extracted page 21/50 - lam-dep-suc-khoe, total items: 800
[2025-03-11T16:14:37.671+0000] {tiki_extract_dag.py:154} INFO - Extracted page 22/50 - lam-dep-suc-khoe, total items: 840
[2025-03-11T16:14:45.802+0000] {tiki_extract_dag.py:154} INFO - Extracted page 23/50 - lam-dep-suc-khoe, total items: 880
[2025-03-11T16:14:53.884+0000] {tiki_extract_dag.py:154} INFO - Extracted page 24/50 - lam-dep-suc-khoe, total items: 920
[2025-03-11T16:15:03.801+0000] {tiki_extract_dag.py:154} INFO - Extracted page 25/50 - lam-dep-suc-khoe, total items: 960
[2025-03-11T16:15:10.255+0000] {tiki_extract_dag.py:154} INFO - Extracted page 26/50 - lam-dep-suc-khoe, total items: 1000
[2025-03-11T16:15:17.910+0000] {tiki_extract_dag.py:154} INFO - Extracted page 27/50 - lam-dep-suc-khoe, total items: 1040
[2025-03-11T16:15:27.730+0000] {tiki_extract_dag.py:154} INFO - Extracted page 28/50 - lam-dep-suc-khoe, total items: 1080
[2025-03-11T16:15:37.151+0000] {tiki_extract_dag.py:154} INFO - Extracted page 29/50 - lam-dep-suc-khoe, total items: 1120
[2025-03-11T16:15:45.304+0000] {tiki_extract_dag.py:154} INFO - Extracted page 30/50 - lam-dep-suc-khoe, total items: 1160
[2025-03-11T16:15:54.471+0000] {tiki_extract_dag.py:154} INFO - Extracted page 31/50 - lam-dep-suc-khoe, total items: 1200
[2025-03-11T16:16:01.947+0000] {tiki_extract_dag.py:154} INFO - Extracted page 32/50 - lam-dep-suc-khoe, total items: 1240
[2025-03-11T16:16:07.832+0000] {tiki_extract_dag.py:154} INFO - Extracted page 33/50 - lam-dep-suc-khoe, total items: 1280
[2025-03-11T16:16:14.097+0000] {tiki_extract_dag.py:154} INFO - Extracted page 34/50 - lam-dep-suc-khoe, total items: 1320
[2025-03-11T16:16:21.817+0000] {tiki_extract_dag.py:154} INFO - Extracted page 35/50 - lam-dep-suc-khoe, total items: 1360
[2025-03-11T16:16:28.374+0000] {tiki_extract_dag.py:154} INFO - Extracted page 36/50 - lam-dep-suc-khoe, total items: 1400
[2025-03-11T16:16:35.385+0000] {tiki_extract_dag.py:154} INFO - Extracted page 37/50 - lam-dep-suc-khoe, total items: 1440
[2025-03-11T16:16:42.724+0000] {tiki_extract_dag.py:154} INFO - Extracted page 38/50 - lam-dep-suc-khoe, total items: 1480
[2025-03-11T16:16:48.411+0000] {tiki_extract_dag.py:154} INFO - Extracted page 39/50 - lam-dep-suc-khoe, total items: 1520
[2025-03-11T16:16:58.050+0000] {tiki_extract_dag.py:154} INFO - Extracted page 40/50 - lam-dep-suc-khoe, total items: 1560
[2025-03-11T16:17:06.212+0000] {tiki_extract_dag.py:154} INFO - Extracted page 41/50 - lam-dep-suc-khoe, total items: 1600
[2025-03-11T16:17:13.872+0000] {tiki_extract_dag.py:154} INFO - Extracted page 42/50 - lam-dep-suc-khoe, total items: 1640
[2025-03-11T16:17:19.725+0000] {tiki_extract_dag.py:154} INFO - Extracted page 43/50 - lam-dep-suc-khoe, total items: 1680
[2025-03-11T16:17:28.080+0000] {tiki_extract_dag.py:154} INFO - Extracted page 44/50 - lam-dep-suc-khoe, total items: 1720
[2025-03-11T16:17:37.626+0000] {tiki_extract_dag.py:154} INFO - Extracted page 45/50 - lam-dep-suc-khoe, total items: 1760
[2025-03-11T16:17:46.085+0000] {tiki_extract_dag.py:154} INFO - Extracted page 46/50 - lam-dep-suc-khoe, total items: 1800
[2025-03-11T16:17:52.460+0000] {tiki_extract_dag.py:154} INFO - Extracted page 47/50 - lam-dep-suc-khoe, total items: 1840
[2025-03-11T16:18:02.194+0000] {tiki_extract_dag.py:154} INFO - Extracted page 48/50 - lam-dep-suc-khoe, total items: 1880
[2025-03-11T16:18:11.963+0000] {tiki_extract_dag.py:154} INFO - Extracted page 49/50 - lam-dep-suc-khoe, total items: 1920
[2025-03-11T16:18:19.459+0000] {tiki_extract_dag.py:154} INFO - Extracted page 50/50 - lam-dep-suc-khoe, total items: 1960
[2025-03-11T16:18:25.434+0000] {tiki_extract_dag.py:119} INFO - Starting crawl for category dien-thoai-may-tinh-bang
[2025-03-11T16:18:25.816+0000] {tiki_extract_dag.py:126} INFO - Total pages for dien-thoai-may-tinh-bang: 10
[2025-03-11T16:18:26.227+0000] {tiki_extract_dag.py:154} INFO - Extracted page 2/10 - dien-thoai-may-tinh-bang, total items: 2040
[2025-03-11T16:18:35.858+0000] {tiki_extract_dag.py:154} INFO - Extracted page 3/10 - dien-thoai-may-tinh-bang, total items: 2080
[2025-03-11T16:18:44.101+0000] {tiki_extract_dag.py:154} INFO - Extracted page 4/10 - dien-thoai-may-tinh-bang, total items: 2120
[2025-03-11T16:18:50.019+0000] {tiki_extract_dag.py:154} INFO - Extracted page 5/10 - dien-thoai-may-tinh-bang, total items: 2160
[2025-03-11T16:18:56.291+0000] {tiki_extract_dag.py:154} INFO - Extracted page 6/10 - dien-thoai-may-tinh-bang, total items: 2200
[2025-03-11T16:19:03.871+0000] {tiki_extract_dag.py:154} INFO - Extracted page 7/10 - dien-thoai-may-tinh-bang, total items: 2240
[2025-03-11T16:19:13.403+0000] {tiki_extract_dag.py:154} INFO - Extracted page 8/10 - dien-thoai-may-tinh-bang, total items: 2280
[2025-03-11T16:19:20.231+0000] {tiki_extract_dag.py:154} INFO - Extracted page 9/10 - dien-thoai-may-tinh-bang, total items: 2320
[2025-03-11T16:19:29.443+0000] {tiki_extract_dag.py:154} INFO - Extracted page 10/10 - dien-thoai-may-tinh-bang, total items: 2321
[2025-03-11T16:19:38.610+0000] {tiki_extract_dag.py:119} INFO - Starting crawl for category laptop-may-vi-tinh-linh-kien
[2025-03-11T16:19:39.200+0000] {tiki_extract_dag.py:126} INFO - Total pages for laptop-may-vi-tinh-linh-kien: 50
[2025-03-11T16:19:39.623+0000] {tiki_extract_dag.py:154} INFO - Extracted page 2/50 - laptop-may-vi-tinh-linh-kien, total items: 2321
[2025-03-11T16:19:48.914+0000] {tiki_extract_dag.py:154} INFO - Extracted page 3/50 - laptop-may-vi-tinh-linh-kien, total items: 2321
[2025-03-11T16:19:57.804+0000] {tiki_extract_dag.py:154} INFO - Extracted page 4/50 - laptop-may-vi-tinh-linh-kien, total items: 2321
[2025-03-11T16:20:05.329+0000] {tiki_extract_dag.py:154} INFO - Extracted page 5/50 - laptop-may-vi-tinh-linh-kien, total items: 2321
[2025-03-11T16:20:11.998+0000] {tiki_extract_dag.py:154} INFO - Extracted page 6/50 - laptop-may-vi-tinh-linh-kien, total items: 2321
[2025-03-11T16:20:21.788+0000] {tiki_extract_dag.py:154} INFO - Extracted page 7/50 - laptop-may-vi-tinh-linh-kien, total items: 2321
[2025-03-11T16:20:29.410+0000] {tiki_extract_dag.py:154} INFO - Extracted page 8/50 - laptop-may-vi-tinh-linh-kien, total items: 2321
[2025-03-11T16:20:35.058+0000] {tiki_extract_dag.py:154} INFO - Extracted page 9/50 - laptop-may-vi-tinh-linh-kien, total items: 2321
[2025-03-11T16:20:42.943+0000] {tiki_extract_dag.py:154} INFO - Extracted page 10/50 - laptop-may-vi-tinh-linh-kien, total items: 2321
[2025-03-11T16:20:53.206+0000] {tiki_extract_dag.py:154} INFO - Extracted page 11/50 - laptop-may-vi-tinh-linh-kien, total items: 2321
[2025-03-11T16:21:00.154+0000] {tiki_extract_dag.py:154} INFO - Extracted page 12/50 - laptop-may-vi-tinh-linh-kien, total items: 2322
[2025-03-11T16:21:09.695+0000] {tiki_extract_dag.py:154} INFO - Extracted page 13/50 - laptop-may-vi-tinh-linh-kien, total items: 2322
[2025-03-11T16:21:19.436+0000] {tiki_extract_dag.py:154} INFO - Extracted page 14/50 - laptop-may-vi-tinh-linh-kien, total items: 2322
[2025-03-11T16:21:28.374+0000] {tiki_extract_dag.py:154} INFO - Extracted page 15/50 - laptop-may-vi-tinh-linh-kien, total items: 2322
[2025-03-11T16:21:36.456+0000] {tiki_extract_dag.py:154} INFO - Extracted page 16/50 - laptop-may-vi-tinh-linh-kien, total items: 2322
[2025-03-11T16:21:46.873+0000] {tiki_extract_dag.py:154} INFO - Extracted page 17/50 - laptop-may-vi-tinh-linh-kien, total items: 2322
[2025-03-11T16:21:52.977+0000] {tiki_extract_dag.py:154} INFO - Extracted page 18/50 - laptop-may-vi-tinh-linh-kien, total items: 2322
[2025-03-11T16:22:00.153+0000] {tiki_extract_dag.py:154} INFO - Extracted page 19/50 - laptop-may-vi-tinh-linh-kien, total items: 2322
[2025-03-11T16:22:10.434+0000] {tiki_extract_dag.py:154} INFO - Extracted page 20/50 - laptop-may-vi-tinh-linh-kien, total items: 2322
[2025-03-11T16:22:16.947+0000] {tiki_extract_dag.py:154} INFO - Extracted page 21/50 - laptop-may-vi-tinh-linh-kien, total items: 2322
[2025-03-11T16:22:22.819+0000] {tiki_extract_dag.py:154} INFO - Extracted page 22/50 - laptop-may-vi-tinh-linh-kien, total items: 2322
[2025-03-11T16:22:31.064+0000] {tiki_extract_dag.py:154} INFO - Extracted page 23/50 - laptop-may-vi-tinh-linh-kien, total items: 2322
[2025-03-11T16:22:37.531+0000] {tiki_extract_dag.py:154} INFO - Extracted page 24/50 - laptop-may-vi-tinh-linh-kien, total items: 2322
[2025-03-11T16:22:45.390+0000] {tiki_extract_dag.py:154} INFO - Extracted page 25/50 - laptop-may-vi-tinh-linh-kien, total items: 2322
[2025-03-11T16:22:55.196+0000] {tiki_extract_dag.py:154} INFO - Extracted page 26/50 - laptop-may-vi-tinh-linh-kien, total items: 2322
[2025-03-11T16:23:00.814+0000] {tiki_extract_dag.py:154} INFO - Extracted page 27/50 - laptop-may-vi-tinh-linh-kien, total items: 2322
[2025-03-11T16:23:10.468+0000] {tiki_extract_dag.py:154} INFO - Extracted page 28/50 - laptop-may-vi-tinh-linh-kien, total items: 2322
[2025-03-11T16:23:17.494+0000] {tiki_extract_dag.py:154} INFO - Extracted page 29/50 - laptop-may-vi-tinh-linh-kien, total items: 2322
[2025-03-11T16:23:27.612+0000] {tiki_extract_dag.py:154} INFO - Extracted page 30/50 - laptop-may-vi-tinh-linh-kien, total items: 2322
[2025-03-11T16:23:35.322+0000] {tiki_extract_dag.py:154} INFO - Extracted page 31/50 - laptop-may-vi-tinh-linh-kien, total items: 2322
[2025-03-11T16:23:43.403+0000] {tiki_extract_dag.py:154} INFO - Extracted page 32/50 - laptop-may-vi-tinh-linh-kien, total items: 2322
[2025-03-11T16:23:50.496+0000] {tiki_extract_dag.py:154} INFO - Extracted page 33/50 - laptop-may-vi-tinh-linh-kien, total items: 2322
[2025-03-11T16:23:58.964+0000] {tiki_extract_dag.py:154} INFO - Extracted page 34/50 - laptop-may-vi-tinh-linh-kien, total items: 2322
[2025-03-11T16:24:06.845+0000] {tiki_extract_dag.py:154} INFO - Extracted page 35/50 - laptop-may-vi-tinh-linh-kien, total items: 2322
[2025-03-11T16:24:15.142+0000] {tiki_extract_dag.py:154} INFO - Extracted page 36/50 - laptop-may-vi-tinh-linh-kien, total items: 2322
[2025-03-11T16:24:25.140+0000] {tiki_extract_dag.py:154} INFO - Extracted page 37/50 - laptop-may-vi-tinh-linh-kien, total items: 2322
[2025-03-11T16:24:31.379+0000] {tiki_extract_dag.py:154} INFO - Extracted page 38/50 - laptop-may-vi-tinh-linh-kien, total items: 2322
[2025-03-11T16:24:37.756+0000] {tiki_extract_dag.py:154} INFO - Extracted page 39/50 - laptop-may-vi-tinh-linh-kien, total items: 2322
[2025-03-11T16:24:43.770+0000] {tiki_extract_dag.py:154} INFO - Extracted page 40/50 - laptop-may-vi-tinh-linh-kien, total items: 2322
[2025-03-11T16:24:51.735+0000] {tiki_extract_dag.py:154} INFO - Extracted page 41/50 - laptop-may-vi-tinh-linh-kien, total items: 2322
[2025-03-11T16:24:57.948+0000] {tiki_extract_dag.py:154} INFO - Extracted page 42/50 - laptop-may-vi-tinh-linh-kien, total items: 2322
[2025-03-11T16:25:05.696+0000] {tiki_extract_dag.py:154} INFO - Extracted page 43/50 - laptop-may-vi-tinh-linh-kien, total items: 2322
[2025-03-11T16:25:12.445+0000] {tiki_extract_dag.py:154} INFO - Extracted page 44/50 - laptop-may-vi-tinh-linh-kien, total items: 2322
[2025-03-11T16:25:18.726+0000] {tiki_extract_dag.py:154} INFO - Extracted page 45/50 - laptop-may-vi-tinh-linh-kien, total items: 2322
[2025-03-11T16:25:24.275+0000] {tiki_extract_dag.py:154} INFO - Extracted page 46/50 - laptop-may-vi-tinh-linh-kien, total items: 2322
[2025-03-11T16:25:31.829+0000] {tiki_extract_dag.py:154} INFO - Extracted page 47/50 - laptop-may-vi-tinh-linh-kien, total items: 2322
[2025-03-11T16:25:39.785+0000] {tiki_extract_dag.py:154} INFO - Extracted page 48/50 - laptop-may-vi-tinh-linh-kien, total items: 2322
[2025-03-11T16:25:50.003+0000] {tiki_extract_dag.py:154} INFO - Extracted page 49/50 - laptop-may-vi-tinh-linh-kien, total items: 2322
[2025-03-11T16:25:59.198+0000] {tiki_extract_dag.py:154} INFO - Extracted page 50/50 - laptop-may-vi-tinh-linh-kien, total items: 2322
[2025-03-11T16:26:04.318+0000] {tiki_extract_dag.py:119} INFO - Starting crawl for category dien-gia-dung
[2025-03-11T16:26:04.888+0000] {tiki_extract_dag.py:126} INFO - Total pages for dien-gia-dung: 50
[2025-03-11T16:26:05.310+0000] {tiki_extract_dag.py:154} INFO - Extracted page 2/50 - dien-gia-dung, total items: 2326
[2025-03-11T16:26:11.036+0000] {tiki_extract_dag.py:154} INFO - Extracted page 3/50 - dien-gia-dung, total items: 2362
[2025-03-11T16:26:19.732+0000] {tiki_extract_dag.py:154} INFO - Extracted page 4/50 - dien-gia-dung, total items: 2402
[2025-03-11T16:26:27.255+0000] {tiki_extract_dag.py:154} INFO - Extracted page 5/50 - dien-gia-dung, total items: 2442
[2025-03-11T16:26:36.810+0000] {tiki_extract_dag.py:154} INFO - Extracted page 6/50 - dien-gia-dung, total items: 2482
[2025-03-11T16:26:42.854+0000] {tiki_extract_dag.py:154} INFO - Extracted page 7/50 - dien-gia-dung, total items: 2522
[2025-03-11T16:26:49.780+0000] {tiki_extract_dag.py:154} INFO - Extracted page 8/50 - dien-gia-dung, total items: 2562
[2025-03-11T16:26:59.861+0000] {tiki_extract_dag.py:154} INFO - Extracted page 9/50 - dien-gia-dung, total items: 2602
[2025-03-11T16:27:08.417+0000] {tiki_extract_dag.py:154} INFO - Extracted page 10/50 - dien-gia-dung, total items: 2642
[2025-03-11T16:27:15.805+0000] {tiki_extract_dag.py:154} INFO - Extracted page 11/50 - dien-gia-dung, total items: 2682
[2025-03-11T16:27:23.609+0000] {tiki_extract_dag.py:154} INFO - Extracted page 12/50 - dien-gia-dung, total items: 2722
[2025-03-11T16:27:33.332+0000] {tiki_extract_dag.py:154} INFO - Extracted page 13/50 - dien-gia-dung, total items: 2762
[2025-03-11T16:27:39.494+0000] {tiki_extract_dag.py:154} INFO - Extracted page 14/50 - dien-gia-dung, total items: 2802
[2025-03-11T16:27:47.377+0000] {tiki_extract_dag.py:154} INFO - Extracted page 15/50 - dien-gia-dung, total items: 2842
[2025-03-11T16:27:54.394+0000] {tiki_extract_dag.py:154} INFO - Extracted page 16/50 - dien-gia-dung, total items: 2882
[2025-03-11T16:28:03.819+0000] {tiki_extract_dag.py:154} INFO - Extracted page 17/50 - dien-gia-dung, total items: 2922
[2025-03-11T16:28:12.778+0000] {tiki_extract_dag.py:154} INFO - Extracted page 18/50 - dien-gia-dung, total items: 2962
[2025-03-11T16:28:20.388+0000] {tiki_extract_dag.py:154} INFO - Extracted page 19/50 - dien-gia-dung, total items: 3002
[2025-03-11T16:28:28.843+0000] {tiki_extract_dag.py:154} INFO - Extracted page 20/50 - dien-gia-dung, total items: 3042
[2025-03-11T16:28:39.894+0000] {tiki_extract_dag.py:154} INFO - Extracted page 21/50 - dien-gia-dung, total items: 3082
[2025-03-11T16:28:49.691+0000] {tiki_extract_dag.py:154} INFO - Extracted page 22/50 - dien-gia-dung, total items: 3122
[2025-03-11T16:28:57.105+0000] {tiki_extract_dag.py:154} INFO - Extracted page 23/50 - dien-gia-dung, total items: 3162
[2025-03-11T16:29:06.669+0000] {tiki_extract_dag.py:154} INFO - Extracted page 24/50 - dien-gia-dung, total items: 3202
[2025-03-11T16:29:13.697+0000] {tiki_extract_dag.py:154} INFO - Extracted page 25/50 - dien-gia-dung, total items: 3242
[2025-03-11T16:29:23.094+0000] {tiki_extract_dag.py:154} INFO - Extracted page 26/50 - dien-gia-dung, total items: 3282
[2025-03-11T16:29:31.777+0000] {tiki_extract_dag.py:154} INFO - Extracted page 27/50 - dien-gia-dung, total items: 3322
[2025-03-11T16:29:39.206+0000] {tiki_extract_dag.py:154} INFO - Extracted page 28/50 - dien-gia-dung, total items: 3362
[2025-03-11T16:29:47.845+0000] {tiki_extract_dag.py:154} INFO - Extracted page 29/50 - dien-gia-dung, total items: 3402
[2025-03-11T16:29:54.537+0000] {tiki_extract_dag.py:154} INFO - Extracted page 30/50 - dien-gia-dung, total items: 3442
[2025-03-11T16:30:01.777+0000] {tiki_extract_dag.py:154} INFO - Extracted page 31/50 - dien-gia-dung, total items: 3482
[2025-03-11T16:30:08.344+0000] {tiki_extract_dag.py:154} INFO - Extracted page 32/50 - dien-gia-dung, total items: 3522
[2025-03-11T16:30:21.253+0000] {tiki_extract_dag.py:154} INFO - Extracted page 33/50 - dien-gia-dung, total items: 3562
[2025-03-11T16:30:28.250+0000] {tiki_extract_dag.py:154} INFO - Extracted page 34/50 - dien-gia-dung, total items: 3602
[2025-03-11T16:30:36.861+0000] {tiki_extract_dag.py:154} INFO - Extracted page 35/50 - dien-gia-dung, total items: 3642
[2025-03-11T16:30:46.061+0000] {tiki_extract_dag.py:154} INFO - Extracted page 36/50 - dien-gia-dung, total items: 3682
[2025-03-11T16:30:53.979+0000] {tiki_extract_dag.py:154} INFO - Extracted page 37/50 - dien-gia-dung, total items: 3722
[2025-03-11T16:31:04.255+0000] {tiki_extract_dag.py:154} INFO - Extracted page 38/50 - dien-gia-dung, total items: 3762
[2025-03-11T16:31:11.503+0000] {tiki_extract_dag.py:154} INFO - Extracted page 39/50 - dien-gia-dung, total items: 3802
[2025-03-11T16:31:18.115+0000] {tiki_extract_dag.py:154} INFO - Extracted page 40/50 - dien-gia-dung, total items: 3842
[2025-03-11T16:31:23.977+0000] {tiki_extract_dag.py:154} INFO - Extracted page 41/50 - dien-gia-dung, total items: 3882
[2025-03-11T16:31:31.687+0000] {tiki_extract_dag.py:154} INFO - Extracted page 42/50 - dien-gia-dung, total items: 3922
[2025-03-11T16:31:41.422+0000] {tiki_extract_dag.py:154} INFO - Extracted page 43/50 - dien-gia-dung, total items: 3962
[2025-03-11T16:31:49.882+0000] {tiki_extract_dag.py:154} INFO - Extracted page 44/50 - dien-gia-dung, total items: 4002
[2025-03-11T16:32:00.166+0000] {tiki_extract_dag.py:154} INFO - Extracted page 45/50 - dien-gia-dung, total items: 4042
[2025-03-11T16:32:09.162+0000] {tiki_extract_dag.py:154} INFO - Extracted page 46/50 - dien-gia-dung, total items: 4082
[2025-03-11T16:32:14.975+0000] {tiki_extract_dag.py:154} INFO - Extracted page 47/50 - dien-gia-dung, total items: 4122
[2025-03-11T16:32:21.310+0000] {tiki_extract_dag.py:154} INFO - Extracted page 48/50 - dien-gia-dung, total items: 4162
[2025-03-11T16:32:31.468+0000] {tiki_extract_dag.py:154} INFO - Extracted page 49/50 - dien-gia-dung, total items: 4202
[2025-03-11T16:32:37.503+0000] {tiki_extract_dag.py:154} INFO - Extracted page 50/50 - dien-gia-dung, total items: 4242
