[2025-03-11T16:42:42.597+0000] {local_task_job_runner.py:123} INFO - ::group::Pre task execution logs
[2025-03-11T16:42:42.613+0000] {taskinstance.py:2614} INFO - Dependencies all met for dep_context=non-requeueable deps ti=<TaskInstance: tiki_extract_dag.extract_data manual__2025-03-11T14:07:26.849945+00:00 [queued]>
[2025-03-11T16:42:42.621+0000] {taskinstance.py:2614} INFO - Dependencies all met for dep_context=requeueable deps ti=<TaskInstance: tiki_extract_dag.extract_data manual__2025-03-11T14:07:26.849945+00:00 [queued]>
[2025-03-11T16:42:42.621+0000] {taskinstance.py:2867} INFO - Starting attempt 2 of 4
[2025-03-11T16:42:42.634+0000] {taskinstance.py:2890} INFO - Executing <Task(PythonOperator): extract_data> on 2025-03-11 14:07:26.849945+00:00
[2025-03-11T16:42:42.643+0000] {warnings.py:112} WARNING - /home/***/.local/lib/python3.12/site-packages/***/task/task_runner/standard_task_runner.py:70: DeprecationWarning: This process (pid=183) is multi-threaded, use of fork() may lead to deadlocks in the child.
  pid = os.fork()

[2025-03-11T16:42:42.645+0000] {standard_task_runner.py:72} INFO - Started process 185 to run task
[2025-03-11T16:42:42.645+0000] {standard_task_runner.py:104} INFO - Running: ['***', 'tasks', 'run', 'tiki_extract_dag', 'extract_data', 'manual__2025-03-11T14:07:26.849945+00:00', '--job-id', '610', '--raw', '--subdir', 'DAGS_FOLDER/tiki_extract_dag.py', '--cfg-path', '/tmp/tmpi6mlbf2e']
[2025-03-11T16:42:42.646+0000] {standard_task_runner.py:105} INFO - Job 610: Subtask extract_data
[2025-03-11T16:42:42.688+0000] {task_command.py:467} INFO - Running <TaskInstance: tiki_extract_dag.extract_data manual__2025-03-11T14:07:26.849945+00:00 [running]> on host 5c8190d7da62
[2025-03-11T16:42:43.006+0000] {taskinstance.py:3134} INFO - Exporting env vars: AIRFLOW_CTX_DAG_OWNER='***' AIRFLOW_CTX_DAG_ID='tiki_extract_dag' AIRFLOW_CTX_TASK_ID='extract_data' AIRFLOW_CTX_EXECUTION_DATE='2025-03-11T14:07:26.849945+00:00' AIRFLOW_CTX_TRY_NUMBER='2' AIRFLOW_CTX_DAG_RUN_ID='manual__2025-03-11T14:07:26.849945+00:00'
[2025-03-11T16:42:43.007+0000] {logging_mixin.py:190} INFO - Task instance is in running state
[2025-03-11T16:42:43.007+0000] {logging_mixin.py:190} INFO -  Previous state of the Task instance: queued
[2025-03-11T16:42:43.007+0000] {logging_mixin.py:190} INFO - Current task name:extract_data state:running start_date:2025-03-11 16:42:42.613689+00:00
[2025-03-11T16:42:43.008+0000] {logging_mixin.py:190} INFO - Dag name:tiki_extract_dag and current dag run status:running
[2025-03-11T16:42:43.008+0000] {taskinstance.py:732} INFO - ::endgroup::
[2025-03-11T16:42:44.548+0000] {tiki_extract_dag.py:119} INFO - Starting crawl for category lam-dep-suc-khoe
[2025-03-11T16:42:45.258+0000] {tiki_extract_dag.py:126} INFO - Total pages for lam-dep-suc-khoe: 50
[2025-03-11T16:42:45.643+0000] {tiki_extract_dag.py:152} INFO - Extracted page 2/50 - lam-dep-suc-khoe, total items: 40
[2025-03-11T16:42:55.755+0000] {tiki_extract_dag.py:152} INFO - Extracted page 3/50 - lam-dep-suc-khoe, total items: 80
[2025-03-11T16:43:03.193+0000] {tiki_extract_dag.py:152} INFO - Extracted page 4/50 - lam-dep-suc-khoe, total items: 120
[2025-03-11T16:43:09.950+0000] {tiki_extract_dag.py:152} INFO - Extracted page 5/50 - lam-dep-suc-khoe, total items: 160
[2025-03-11T16:43:17.291+0000] {tiki_extract_dag.py:152} INFO - Extracted page 6/50 - lam-dep-suc-khoe, total items: 200
[2025-03-11T16:43:25.032+0000] {tiki_extract_dag.py:152} INFO - Extracted page 7/50 - lam-dep-suc-khoe, total items: 240
[2025-03-11T16:43:32.816+0000] {tiki_extract_dag.py:152} INFO - Extracted page 8/50 - lam-dep-suc-khoe, total items: 280
[2025-03-11T16:43:41.479+0000] {tiki_extract_dag.py:152} INFO - Extracted page 9/50 - lam-dep-suc-khoe, total items: 320
[2025-03-11T16:43:49.546+0000] {tiki_extract_dag.py:152} INFO - Extracted page 10/50 - lam-dep-suc-khoe, total items: 360
[2025-03-11T16:43:55.831+0000] {tiki_extract_dag.py:152} INFO - Extracted page 11/50 - lam-dep-suc-khoe, total items: 400
[2025-03-11T16:44:05.055+0000] {tiki_extract_dag.py:152} INFO - Extracted page 12/50 - lam-dep-suc-khoe, total items: 440
[2025-03-11T16:44:12.506+0000] {tiki_extract_dag.py:152} INFO - Extracted page 13/50 - lam-dep-suc-khoe, total items: 480
[2025-03-11T16:44:22.633+0000] {tiki_extract_dag.py:152} INFO - Extracted page 14/50 - lam-dep-suc-khoe, total items: 520
[2025-03-11T16:44:31.200+0000] {tiki_extract_dag.py:152} INFO - Extracted page 15/50 - lam-dep-suc-khoe, total items: 560
[2025-03-11T16:44:40.008+0000] {tiki_extract_dag.py:152} INFO - Extracted page 16/50 - lam-dep-suc-khoe, total items: 600
[2025-03-11T16:44:47.627+0000] {tiki_extract_dag.py:152} INFO - Extracted page 17/50 - lam-dep-suc-khoe, total items: 640
[2025-03-11T16:44:57.534+0000] {tiki_extract_dag.py:152} INFO - Extracted page 18/50 - lam-dep-suc-khoe, total items: 680
[2025-03-11T16:45:05.441+0000] {tiki_extract_dag.py:152} INFO - Extracted page 19/50 - lam-dep-suc-khoe, total items: 720
[2025-03-11T16:45:13.444+0000] {tiki_extract_dag.py:152} INFO - Extracted page 20/50 - lam-dep-suc-khoe, total items: 760
[2025-03-11T16:45:20.944+0000] {tiki_extract_dag.py:152} INFO - Extracted page 21/50 - lam-dep-suc-khoe, total items: 800
[2025-03-11T16:45:28.331+0000] {tiki_extract_dag.py:152} INFO - Extracted page 22/50 - lam-dep-suc-khoe, total items: 840
[2025-03-11T16:45:35.303+0000] {tiki_extract_dag.py:152} INFO - Extracted page 23/50 - lam-dep-suc-khoe, total items: 880
[2025-03-11T16:45:40.911+0000] {tiki_extract_dag.py:152} INFO - Extracted page 24/50 - lam-dep-suc-khoe, total items: 920
[2025-03-11T16:45:48.461+0000] {tiki_extract_dag.py:152} INFO - Extracted page 25/50 - lam-dep-suc-khoe, total items: 960
[2025-03-11T16:45:57.172+0000] {tiki_extract_dag.py:152} INFO - Extracted page 26/50 - lam-dep-suc-khoe, total items: 1000
[2025-03-11T16:46:05.486+0000] {tiki_extract_dag.py:152} INFO - Extracted page 27/50 - lam-dep-suc-khoe, total items: 1040
[2025-03-11T16:46:15.479+0000] {tiki_extract_dag.py:152} INFO - Extracted page 28/50 - lam-dep-suc-khoe, total items: 1080
[2025-03-11T16:46:25.993+0000] {tiki_extract_dag.py:152} INFO - Extracted page 29/50 - lam-dep-suc-khoe, total items: 1120
[2025-03-11T16:46:34.458+0000] {tiki_extract_dag.py:152} INFO - Extracted page 30/50 - lam-dep-suc-khoe, total items: 1160
[2025-03-11T16:46:43.128+0000] {tiki_extract_dag.py:152} INFO - Extracted page 31/50 - lam-dep-suc-khoe, total items: 1200
[2025-03-11T16:46:49.149+0000] {tiki_extract_dag.py:152} INFO - Extracted page 32/50 - lam-dep-suc-khoe, total items: 1240
[2025-03-11T16:46:58.882+0000] {tiki_extract_dag.py:152} INFO - Extracted page 33/50 - lam-dep-suc-khoe, total items: 1280
[2025-03-11T16:47:07.194+0000] {tiki_extract_dag.py:152} INFO - Extracted page 34/50 - lam-dep-suc-khoe, total items: 1320
[2025-03-11T16:47:14.452+0000] {tiki_extract_dag.py:152} INFO - Extracted page 35/50 - lam-dep-suc-khoe, total items: 1360
[2025-03-11T16:47:20.737+0000] {tiki_extract_dag.py:152} INFO - Extracted page 36/50 - lam-dep-suc-khoe, total items: 1400
[2025-03-11T16:47:30.944+0000] {tiki_extract_dag.py:152} INFO - Extracted page 37/50 - lam-dep-suc-khoe, total items: 1440
[2025-03-11T16:47:37.895+0000] {tiki_extract_dag.py:152} INFO - Extracted page 38/50 - lam-dep-suc-khoe, total items: 1480
[2025-03-11T16:47:47.494+0000] {tiki_extract_dag.py:152} INFO - Extracted page 39/50 - lam-dep-suc-khoe, total items: 1520
[2025-03-11T16:47:57.213+0000] {tiki_extract_dag.py:152} INFO - Extracted page 40/50 - lam-dep-suc-khoe, total items: 1560
[2025-03-11T16:48:07.189+0000] {tiki_extract_dag.py:152} INFO - Extracted page 41/50 - lam-dep-suc-khoe, total items: 1600
[2025-03-11T16:48:13.592+0000] {tiki_extract_dag.py:152} INFO - Extracted page 42/50 - lam-dep-suc-khoe, total items: 1640
[2025-03-11T16:48:22.027+0000] {tiki_extract_dag.py:152} INFO - Extracted page 43/50 - lam-dep-suc-khoe, total items: 1680
[2025-03-11T16:48:29.491+0000] {tiki_extract_dag.py:152} INFO - Extracted page 44/50 - lam-dep-suc-khoe, total items: 1720
[2025-03-11T16:48:39.134+0000] {tiki_extract_dag.py:152} INFO - Extracted page 45/50 - lam-dep-suc-khoe, total items: 1760
[2025-03-11T16:48:46.279+0000] {tiki_extract_dag.py:152} INFO - Extracted page 46/50 - lam-dep-suc-khoe, total items: 1800
[2025-03-11T16:48:56.495+0000] {tiki_extract_dag.py:152} INFO - Extracted page 47/50 - lam-dep-suc-khoe, total items: 1840
[2025-03-11T16:49:02.294+0000] {tiki_extract_dag.py:152} INFO - Extracted page 48/50 - lam-dep-suc-khoe, total items: 1880
[2025-03-11T16:49:08.490+0000] {tiki_extract_dag.py:152} INFO - Extracted page 49/50 - lam-dep-suc-khoe, total items: 1920
[2025-03-11T16:49:18.866+0000] {tiki_extract_dag.py:152} INFO - Extracted page 50/50 - lam-dep-suc-khoe, total items: 1960
[2025-03-11T16:49:27.905+0000] {tiki_extract_dag.py:119} INFO - Starting crawl for category dien-thoai-may-tinh-bang
[2025-03-11T16:49:28.246+0000] {tiki_extract_dag.py:126} INFO - Total pages for dien-thoai-may-tinh-bang: 10
[2025-03-11T16:49:28.770+0000] {tiki_extract_dag.py:152} INFO - Extracted page 2/10 - dien-thoai-may-tinh-bang, total items: 2040
[2025-03-11T16:49:38.188+0000] {tiki_extract_dag.py:152} INFO - Extracted page 3/10 - dien-thoai-may-tinh-bang, total items: 2080
[2025-03-11T16:49:44.456+0000] {tiki_extract_dag.py:152} INFO - Extracted page 4/10 - dien-thoai-may-tinh-bang, total items: 2120
[2025-03-11T16:49:51.595+0000] {tiki_extract_dag.py:152} INFO - Extracted page 5/10 - dien-thoai-may-tinh-bang, total items: 2160
[2025-03-11T16:50:01.227+0000] {tiki_extract_dag.py:152} INFO - Extracted page 6/10 - dien-thoai-may-tinh-bang, total items: 2200
[2025-03-11T16:50:06.936+0000] {tiki_extract_dag.py:152} INFO - Extracted page 7/10 - dien-thoai-may-tinh-bang, total items: 2240
[2025-03-11T16:50:15.686+0000] {tiki_extract_dag.py:152} INFO - Extracted page 8/10 - dien-thoai-may-tinh-bang, total items: 2280
[2025-03-11T16:50:23.496+0000] {tiki_extract_dag.py:152} INFO - Extracted page 9/10 - dien-thoai-may-tinh-bang, total items: 2320
[2025-03-11T16:50:32.212+0000] {tiki_extract_dag.py:152} INFO - Extracted page 10/10 - dien-thoai-may-tinh-bang, total items: 2321
[2025-03-11T16:50:41.496+0000] {tiki_extract_dag.py:119} INFO - Starting crawl for category laptop-may-vi-tinh-linh-kien
[2025-03-11T16:50:42.133+0000] {tiki_extract_dag.py:126} INFO - Total pages for laptop-may-vi-tinh-linh-kien: 50
[2025-03-11T16:50:42.557+0000] {tiki_extract_dag.py:152} INFO - Extracted page 2/50 - laptop-may-vi-tinh-linh-kien, total items: 2321
[2025-03-11T16:50:49.763+0000] {tiki_extract_dag.py:152} INFO - Extracted page 3/50 - laptop-may-vi-tinh-linh-kien, total items: 2321
[2025-03-11T16:50:55.388+0000] {tiki_extract_dag.py:152} INFO - Extracted page 4/50 - laptop-may-vi-tinh-linh-kien, total items: 2321
[2025-03-11T16:51:03.768+0000] {tiki_extract_dag.py:152} INFO - Extracted page 5/50 - laptop-may-vi-tinh-linh-kien, total items: 2321
[2025-03-11T16:51:13.991+0000] {tiki_extract_dag.py:152} INFO - Extracted page 6/50 - laptop-may-vi-tinh-linh-kien, total items: 2321
[2025-03-11T16:51:21.398+0000] {tiki_extract_dag.py:152} INFO - Extracted page 7/50 - laptop-may-vi-tinh-linh-kien, total items: 2321
[2025-03-11T16:51:27.945+0000] {tiki_extract_dag.py:152} INFO - Extracted page 8/50 - laptop-may-vi-tinh-linh-kien, total items: 2321
[2025-03-11T16:51:33.554+0000] {tiki_extract_dag.py:152} INFO - Extracted page 9/50 - laptop-may-vi-tinh-linh-kien, total items: 2321
[2025-03-11T16:51:41.987+0000] {tiki_extract_dag.py:152} INFO - Extracted page 10/50 - laptop-may-vi-tinh-linh-kien, total items: 2321
[2025-03-11T16:51:49.066+0000] {tiki_extract_dag.py:152} INFO - Extracted page 11/50 - laptop-may-vi-tinh-linh-kien, total items: 2321
[2025-03-11T16:51:56.074+0000] {tiki_extract_dag.py:152} INFO - Extracted page 12/50 - laptop-may-vi-tinh-linh-kien, total items: 2322
[2025-03-11T16:52:04.735+0000] {tiki_extract_dag.py:152} INFO - Extracted page 13/50 - laptop-may-vi-tinh-linh-kien, total items: 2322
[2025-03-11T16:52:12.281+0000] {tiki_extract_dag.py:152} INFO - Extracted page 14/50 - laptop-may-vi-tinh-linh-kien, total items: 2322
[2025-03-11T16:52:22.598+0000] {tiki_extract_dag.py:152} INFO - Extracted page 15/50 - laptop-may-vi-tinh-linh-kien, total items: 2322
[2025-03-11T16:52:32.478+0000] {tiki_extract_dag.py:152} INFO - Extracted page 16/50 - laptop-may-vi-tinh-linh-kien, total items: 2322
[2025-03-11T16:52:38.813+0000] {tiki_extract_dag.py:152} INFO - Extracted page 17/50 - laptop-may-vi-tinh-linh-kien, total items: 2322
[2025-03-11T16:52:44.888+0000] {tiki_extract_dag.py:152} INFO - Extracted page 18/50 - laptop-may-vi-tinh-linh-kien, total items: 2322
[2025-03-11T16:52:51.840+0000] {tiki_extract_dag.py:152} INFO - Extracted page 19/50 - laptop-may-vi-tinh-linh-kien, total items: 2322
[2025-03-11T16:52:58.651+0000] {tiki_extract_dag.py:152} INFO - Extracted page 20/50 - laptop-may-vi-tinh-linh-kien, total items: 2322
[2025-03-11T16:53:07.099+0000] {tiki_extract_dag.py:152} INFO - Extracted page 21/50 - laptop-may-vi-tinh-linh-kien, total items: 2322
[2025-03-11T16:53:14.078+0000] {tiki_extract_dag.py:152} INFO - Extracted page 22/50 - laptop-may-vi-tinh-linh-kien, total items: 2322
[2025-03-11T16:53:22.322+0000] {tiki_extract_dag.py:152} INFO - Extracted page 23/50 - laptop-may-vi-tinh-linh-kien, total items: 2322
[2025-03-11T16:53:31.727+0000] {tiki_extract_dag.py:152} INFO - Extracted page 24/50 - laptop-may-vi-tinh-linh-kien, total items: 2322
[2025-03-11T16:53:38.567+0000] {tiki_extract_dag.py:152} INFO - Extracted page 25/50 - laptop-may-vi-tinh-linh-kien, total items: 2322
[2025-03-11T16:53:46.093+0000] {tiki_extract_dag.py:152} INFO - Extracted page 26/50 - laptop-may-vi-tinh-linh-kien, total items: 2322
[2025-03-11T16:53:51.682+0000] {tiki_extract_dag.py:152} INFO - Extracted page 27/50 - laptop-may-vi-tinh-linh-kien, total items: 2322
[2025-03-11T16:53:58.068+0000] {tiki_extract_dag.py:152} INFO - Extracted page 28/50 - laptop-may-vi-tinh-linh-kien, total items: 2322
[2025-03-11T16:54:07.648+0000] {tiki_extract_dag.py:152} INFO - Extracted page 29/50 - laptop-may-vi-tinh-linh-kien, total items: 2322
[2025-03-11T16:54:14.084+0000] {tiki_extract_dag.py:152} INFO - Extracted page 30/50 - laptop-may-vi-tinh-linh-kien, total items: 2322
[2025-03-11T16:54:22.748+0000] {tiki_extract_dag.py:152} INFO - Extracted page 31/50 - laptop-may-vi-tinh-linh-kien, total items: 2322
[2025-03-11T16:54:30.361+0000] {tiki_extract_dag.py:152} INFO - Extracted page 32/50 - laptop-may-vi-tinh-linh-kien, total items: 2322
[2025-03-11T16:54:37.947+0000] {tiki_extract_dag.py:152} INFO - Extracted page 33/50 - laptop-may-vi-tinh-linh-kien, total items: 2322
[2025-03-11T16:54:44.671+0000] {tiki_extract_dag.py:152} INFO - Extracted page 34/50 - laptop-may-vi-tinh-linh-kien, total items: 2322
[2025-03-11T16:54:54.486+0000] {tiki_extract_dag.py:152} INFO - Extracted page 35/50 - laptop-may-vi-tinh-linh-kien, total items: 2322
[2025-03-11T16:55:02.354+0000] {tiki_extract_dag.py:152} INFO - Extracted page 36/50 - laptop-may-vi-tinh-linh-kien, total items: 2322
[2025-03-11T16:55:10.139+0000] {tiki_extract_dag.py:152} INFO - Extracted page 37/50 - laptop-may-vi-tinh-linh-kien, total items: 2322
[2025-03-11T16:55:20.283+0000] {tiki_extract_dag.py:152} INFO - Extracted page 38/50 - laptop-may-vi-tinh-linh-kien, total items: 2322
[2025-03-11T16:55:27.063+0000] {tiki_extract_dag.py:152} INFO - Extracted page 39/50 - laptop-may-vi-tinh-linh-kien, total items: 2322
[2025-03-11T16:55:36.885+0000] {tiki_extract_dag.py:152} INFO - Extracted page 40/50 - laptop-may-vi-tinh-linh-kien, total items: 2322
[2025-03-11T16:55:42.602+0000] {tiki_extract_dag.py:152} INFO - Extracted page 41/50 - laptop-may-vi-tinh-linh-kien, total items: 2322
[2025-03-11T16:55:51.666+0000] {tiki_extract_dag.py:152} INFO - Extracted page 42/50 - laptop-may-vi-tinh-linh-kien, total items: 2322
[2025-03-11T16:55:59.355+0000] {tiki_extract_dag.py:152} INFO - Extracted page 43/50 - laptop-may-vi-tinh-linh-kien, total items: 2322
[2025-03-11T16:56:08.014+0000] {tiki_extract_dag.py:152} INFO - Extracted page 44/50 - laptop-may-vi-tinh-linh-kien, total items: 2322
[2025-03-11T16:56:16.733+0000] {tiki_extract_dag.py:152} INFO - Extracted page 45/50 - laptop-may-vi-tinh-linh-kien, total items: 2322
[2025-03-11T16:56:24.677+0000] {tiki_extract_dag.py:152} INFO - Extracted page 46/50 - laptop-may-vi-tinh-linh-kien, total items: 2322
[2025-03-11T16:56:35.005+0000] {tiki_extract_dag.py:152} INFO - Extracted page 47/50 - laptop-may-vi-tinh-linh-kien, total items: 2322
[2025-03-11T16:56:45.364+0000] {tiki_extract_dag.py:152} INFO - Extracted page 48/50 - laptop-may-vi-tinh-linh-kien, total items: 2322
[2025-03-11T16:56:53.280+0000] {tiki_extract_dag.py:152} INFO - Extracted page 49/50 - laptop-may-vi-tinh-linh-kien, total items: 2322
[2025-03-11T16:57:02.363+0000] {tiki_extract_dag.py:152} INFO - Extracted page 50/50 - laptop-may-vi-tinh-linh-kien, total items: 2322
[2025-03-11T16:57:09.676+0000] {tiki_extract_dag.py:119} INFO - Starting crawl for category dien-gia-dung
[2025-03-11T16:57:10.196+0000] {tiki_extract_dag.py:126} INFO - Total pages for dien-gia-dung: 50
[2025-03-11T16:57:10.619+0000] {tiki_extract_dag.py:152} INFO - Extracted page 2/50 - dien-gia-dung, total items: 2326
[2025-03-11T16:57:19.876+0000] {tiki_extract_dag.py:152} INFO - Extracted page 3/50 - dien-gia-dung, total items: 2362
[2025-03-11T16:57:28.190+0000] {tiki_extract_dag.py:152} INFO - Extracted page 4/50 - dien-gia-dung, total items: 2402
[2025-03-11T16:57:37.147+0000] {tiki_extract_dag.py:152} INFO - Extracted page 5/50 - dien-gia-dung, total items: 2442
[2025-03-11T16:57:43.314+0000] {tiki_extract_dag.py:152} INFO - Extracted page 6/50 - dien-gia-dung, total items: 2482
[2025-03-11T16:57:52.915+0000] {tiki_extract_dag.py:152} INFO - Extracted page 7/50 - dien-gia-dung, total items: 2522
[2025-03-11T16:58:02.512+0000] {tiki_extract_dag.py:152} INFO - Extracted page 8/50 - dien-gia-dung, total items: 2562
[2025-03-11T16:58:08.424+0000] {tiki_extract_dag.py:152} INFO - Extracted page 9/50 - dien-gia-dung, total items: 2602
[2025-03-11T16:58:14.742+0000] {tiki_extract_dag.py:152} INFO - Extracted page 10/50 - dien-gia-dung, total items: 2642
[2025-03-11T16:58:21.367+0000] {tiki_extract_dag.py:152} INFO - Extracted page 11/50 - dien-gia-dung, total items: 2682
[2025-03-11T16:58:29.432+0000] {tiki_extract_dag.py:152} INFO - Extracted page 12/50 - dien-gia-dung, total items: 2722
[2025-03-11T16:58:38.960+0000] {tiki_extract_dag.py:152} INFO - Extracted page 13/50 - dien-gia-dung, total items: 2762
[2025-03-11T16:58:47.826+0000] {tiki_extract_dag.py:152} INFO - Extracted page 14/50 - dien-gia-dung, total items: 2802
[2025-03-11T16:58:55.467+0000] {tiki_extract_dag.py:152} INFO - Extracted page 15/50 - dien-gia-dung, total items: 2842
[2025-03-11T16:59:04.049+0000] {tiki_extract_dag.py:152} INFO - Extracted page 16/50 - dien-gia-dung, total items: 2882
[2025-03-11T16:59:12.872+0000] {tiki_extract_dag.py:152} INFO - Extracted page 17/50 - dien-gia-dung, total items: 2922
[2025-03-11T16:59:20.000+0000] {tiki_extract_dag.py:152} INFO - Extracted page 18/50 - dien-gia-dung, total items: 2962
[2025-03-11T16:59:26.802+0000] {tiki_extract_dag.py:152} INFO - Extracted page 19/50 - dien-gia-dung, total items: 3002
[2025-03-11T16:59:33.497+0000] {tiki_extract_dag.py:152} INFO - Extracted page 20/50 - dien-gia-dung, total items: 3042
[2025-03-11T16:59:41.723+0000] {tiki_extract_dag.py:152} INFO - Extracted page 21/50 - dien-gia-dung, total items: 3082
[2025-03-11T16:59:51.000+0000] {tiki_extract_dag.py:152} INFO - Extracted page 22/50 - dien-gia-dung, total items: 3122
[2025-03-11T16:59:58.841+0000] {tiki_extract_dag.py:152} INFO - Extracted page 23/50 - dien-gia-dung, total items: 3162
[2025-03-11T17:00:07.090+0000] {tiki_extract_dag.py:152} INFO - Extracted page 24/50 - dien-gia-dung, total items: 3202
[2025-03-11T17:00:14.034+0000] {tiki_extract_dag.py:152} INFO - Extracted page 25/50 - dien-gia-dung, total items: 3242
[2025-03-11T17:00:20.355+0000] {tiki_extract_dag.py:152} INFO - Extracted page 26/50 - dien-gia-dung, total items: 3282
[2025-03-11T17:00:30.049+0000] {tiki_extract_dag.py:152} INFO - Extracted page 27/50 - dien-gia-dung, total items: 3322
[2025-03-11T17:00:38.672+0000] {tiki_extract_dag.py:152} INFO - Extracted page 28/50 - dien-gia-dung, total items: 3362
[2025-03-11T17:00:44.619+0000] {tiki_extract_dag.py:152} INFO - Extracted page 29/50 - dien-gia-dung, total items: 3402
[2025-03-11T17:00:54.273+0000] {tiki_extract_dag.py:152} INFO - Extracted page 30/50 - dien-gia-dung, total items: 3442
[2025-03-11T17:01:03.853+0000] {tiki_extract_dag.py:152} INFO - Extracted page 31/50 - dien-gia-dung, total items: 3482
[2025-03-11T17:01:13.241+0000] {tiki_extract_dag.py:152} INFO - Extracted page 32/50 - dien-gia-dung, total items: 3522
[2025-03-11T17:01:20.244+0000] {tiki_extract_dag.py:152} INFO - Extracted page 33/50 - dien-gia-dung, total items: 3562
[2025-03-11T17:01:29.761+0000] {tiki_extract_dag.py:152} INFO - Extracted page 34/50 - dien-gia-dung, total items: 3602
[2025-03-11T17:01:35.784+0000] {tiki_extract_dag.py:152} INFO - Extracted page 35/50 - dien-gia-dung, total items: 3642
[2025-03-11T17:01:42.271+0000] {tiki_extract_dag.py:152} INFO - Extracted page 36/50 - dien-gia-dung, total items: 3682
[2025-03-11T17:01:51.576+0000] {tiki_extract_dag.py:152} INFO - Extracted page 37/50 - dien-gia-dung, total items: 3722
[2025-03-11T17:02:01.282+0000] {tiki_extract_dag.py:152} INFO - Extracted page 38/50 - dien-gia-dung, total items: 3762
[2025-03-11T17:02:10.694+0000] {tiki_extract_dag.py:152} INFO - Extracted page 39/50 - dien-gia-dung, total items: 3802
[2025-03-11T17:02:20.246+0000] {tiki_extract_dag.py:152} INFO - Extracted page 40/50 - dien-gia-dung, total items: 3842
[2025-03-11T17:02:29.824+0000] {tiki_extract_dag.py:152} INFO - Extracted page 41/50 - dien-gia-dung, total items: 3882
[2025-03-11T17:02:38.805+0000] {tiki_extract_dag.py:152} INFO - Extracted page 42/50 - dien-gia-dung, total items: 3922
[2025-03-11T17:02:49.335+0000] {tiki_extract_dag.py:152} INFO - Extracted page 43/50 - dien-gia-dung, total items: 3962
[2025-03-11T17:02:56.309+0000] {tiki_extract_dag.py:152} INFO - Extracted page 44/50 - dien-gia-dung, total items: 4002
[2025-03-11T17:03:05.467+0000] {tiki_extract_dag.py:152} INFO - Extracted page 45/50 - dien-gia-dung, total items: 4042
[2025-03-11T17:03:11.174+0000] {tiki_extract_dag.py:152} INFO - Extracted page 46/50 - dien-gia-dung, total items: 4082
[2025-03-11T17:03:17.971+0000] {tiki_extract_dag.py:152} INFO - Extracted page 47/50 - dien-gia-dung, total items: 4122
[2025-03-11T17:03:24.197+0000] {tiki_extract_dag.py:152} INFO - Extracted page 48/50 - dien-gia-dung, total items: 4162
[2025-03-11T17:03:32.591+0000] {tiki_extract_dag.py:152} INFO - Extracted page 49/50 - dien-gia-dung, total items: 4202
[2025-03-11T17:03:42.074+0000] {tiki_extract_dag.py:152} INFO - Extracted page 50/50 - dien-gia-dung, total items: 4242
[2025-03-11T17:03:48.672+0000] {tiki_extract_dag.py:119} INFO - Starting crawl for category sach
[2025-03-11T17:03:49.168+0000] {tiki_extract_dag.py:126} INFO - Total pages for sach: 50
[2025-03-11T17:03:49.561+0000] {tiki_extract_dag.py:152} INFO - Extracted page 2/50 - sach, total items: 4322
[2025-03-11T17:03:59.860+0000] {tiki_extract_dag.py:152} INFO - Extracted page 3/50 - sach, total items: 4362
[2025-03-11T17:04:08.612+0000] {tiki_extract_dag.py:152} INFO - Extracted page 4/50 - sach, total items: 4402
[2025-03-11T17:04:16.112+0000] {tiki_extract_dag.py:152} INFO - Extracted page 5/50 - sach, total items: 4442
[2025-03-11T17:04:25.860+0000] {tiki_extract_dag.py:152} INFO - Extracted page 6/50 - sach, total items: 4482
[2025-03-11T17:04:32.778+0000] {tiki_extract_dag.py:152} INFO - Extracted page 7/50 - sach, total items: 4522
[2025-03-11T17:04:41.231+0000] {tiki_extract_dag.py:152} INFO - Extracted page 8/50 - sach, total items: 4562
[2025-03-11T17:04:46.875+0000] {tiki_extract_dag.py:152} INFO - Extracted page 9/50 - sach, total items: 4602
[2025-03-11T17:04:53.703+0000] {tiki_extract_dag.py:152} INFO - Extracted page 10/50 - sach, total items: 4642
[2025-03-11T17:05:02.627+0000] {tiki_extract_dag.py:152} INFO - Extracted page 11/50 - sach, total items: 4682
[2025-03-11T17:05:11.452+0000] {tiki_extract_dag.py:152} INFO - Extracted page 12/50 - sach, total items: 4722
[2025-03-11T17:05:21.662+0000] {tiki_extract_dag.py:152} INFO - Extracted page 13/50 - sach, total items: 4762
[2025-03-11T17:05:29.336+0000] {tiki_extract_dag.py:152} INFO - Extracted page 14/50 - sach, total items: 4802
[2025-03-11T17:05:38.867+0000] {tiki_extract_dag.py:152} INFO - Extracted page 15/50 - sach, total items: 4842
[2025-03-11T17:05:49.167+0000] {tiki_extract_dag.py:152} INFO - Extracted page 16/50 - sach, total items: 4882
[2025-03-11T17:05:57.923+0000] {tiki_extract_dag.py:152} INFO - Extracted page 17/50 - sach, total items: 4922
[2025-03-11T17:06:05.710+0000] {tiki_extract_dag.py:152} INFO - Extracted page 18/50 - sach, total items: 4962
[2025-03-11T17:06:12.132+0000] {tiki_extract_dag.py:152} INFO - Extracted page 19/50 - sach, total items: 5002
[2025-03-11T17:06:18.420+0000] {tiki_extract_dag.py:152} INFO - Extracted page 20/50 - sach, total items: 5042
[2025-03-11T17:06:26.371+0000] {tiki_extract_dag.py:152} INFO - Extracted page 21/50 - sach, total items: 5082
[2025-03-11T17:06:35.672+0000] {tiki_extract_dag.py:152} INFO - Extracted page 22/50 - sach, total items: 5122
[2025-03-11T17:06:43.486+0000] {tiki_extract_dag.py:152} INFO - Extracted page 23/50 - sach, total items: 5162
[2025-03-11T17:06:51.203+0000] {tiki_extract_dag.py:152} INFO - Extracted page 24/50 - sach, total items: 5202
[2025-03-11T17:06:56.841+0000] {tiki_extract_dag.py:152} INFO - Extracted page 25/50 - sach, total items: 5242
[2025-03-11T17:07:05.928+0000] {tiki_extract_dag.py:152} INFO - Extracted page 26/50 - sach, total items: 5282
[2025-03-11T17:07:16.255+0000] {tiki_extract_dag.py:152} INFO - Extracted page 27/50 - sach, total items: 5322
[2025-03-11T17:07:26.094+0000] {tiki_extract_dag.py:152} INFO - Extracted page 28/50 - sach, total items: 5362
[2025-03-11T17:07:34.306+0000] {tiki_extract_dag.py:152} INFO - Extracted page 29/50 - sach, total items: 5402
[2025-03-11T17:07:42.202+0000] {tiki_extract_dag.py:152} INFO - Extracted page 30/50 - sach, total items: 5442
[2025-03-11T17:07:52.658+0000] {tiki_extract_dag.py:152} INFO - Extracted page 31/50 - sach, total items: 5482
[2025-03-11T17:08:02.604+0000] {tiki_extract_dag.py:152} INFO - Extracted page 32/50 - sach, total items: 5522
[2025-03-11T17:08:11.135+0000] {tiki_extract_dag.py:152} INFO - Extracted page 33/50 - sach, total items: 5562
[2025-03-11T17:08:17.084+0000] {tiki_extract_dag.py:152} INFO - Extracted page 34/50 - sach, total items: 5602
[2025-03-11T17:08:26.132+0000] {tiki_extract_dag.py:152} INFO - Extracted page 35/50 - sach, total items: 5642
[2025-03-11T17:08:34.444+0000] {tiki_extract_dag.py:152} INFO - Extracted page 36/50 - sach, total items: 5682
[2025-03-11T17:08:44.601+0000] {tiki_extract_dag.py:152} INFO - Extracted page 37/50 - sach, total items: 5722
[2025-03-11T17:08:52.823+0000] {tiki_extract_dag.py:152} INFO - Extracted page 38/50 - sach, total items: 5762
[2025-03-11T17:09:01.893+0000] {tiki_extract_dag.py:152} INFO - Extracted page 39/50 - sach, total items: 5802
[2025-03-11T17:09:11.127+0000] {tiki_extract_dag.py:152} INFO - Extracted page 40/50 - sach, total items: 5842
[2025-03-11T17:09:19.818+0000] {tiki_extract_dag.py:152} INFO - Extracted page 41/50 - sach, total items: 5882
[2025-03-11T17:09:25.422+0000] {tiki_extract_dag.py:152} INFO - Extracted page 42/50 - sach, total items: 5922
[2025-03-11T17:09:35.210+0000] {tiki_extract_dag.py:152} INFO - Extracted page 43/50 - sach, total items: 5962
[2025-03-11T17:09:41.288+0000] {tiki_extract_dag.py:152} INFO - Extracted page 44/50 - sach, total items: 6002
[2025-03-11T17:09:50.942+0000] {tiki_extract_dag.py:152} INFO - Extracted page 45/50 - sach, total items: 6042
[2025-03-11T17:09:57.173+0000] {tiki_extract_dag.py:152} INFO - Extracted page 46/50 - sach, total items: 6082
[2025-03-11T17:10:05.238+0000] {tiki_extract_dag.py:152} INFO - Extracted page 47/50 - sach, total items: 6122
[2025-03-11T17:10:15.548+0000] {tiki_extract_dag.py:152} INFO - Extracted page 48/50 - sach, total items: 6162
[2025-03-11T17:10:24.432+0000] {tiki_extract_dag.py:152} INFO - Extracted page 49/50 - sach, total items: 6202
[2025-03-11T17:10:34.641+0000] {tiki_extract_dag.py:152} INFO - Extracted page 50/50 - sach, total items: 6242
[2025-03-11T17:10:43.275+0000] {tiki_extract_dag.py:119} INFO - Starting crawl for category thiet-bi-kts-phu-kien-so
[2025-03-11T17:10:43.755+0000] {tiki_extract_dag.py:126} INFO - Total pages for thiet-bi-kts-phu-kien-so: 50
[2025-03-11T17:10:44.202+0000] {tiki_extract_dag.py:152} INFO - Extracted page 2/50 - thiet-bi-kts-phu-kien-so, total items: 6243
[2025-03-11T17:10:52.760+0000] {tiki_extract_dag.py:152} INFO - Extracted page 3/50 - thiet-bi-kts-phu-kien-so, total items: 6283
[2025-03-11T17:10:59.754+0000] {tiki_extract_dag.py:152} INFO - Extracted page 4/50 - thiet-bi-kts-phu-kien-so, total items: 6323
[2025-03-11T17:11:07.888+0000] {tiki_extract_dag.py:152} INFO - Extracted page 5/50 - thiet-bi-kts-phu-kien-so, total items: 6363
[2025-03-11T17:11:16.327+0000] {tiki_extract_dag.py:152} INFO - Extracted page 6/50 - thiet-bi-kts-phu-kien-so, total items: 6402
[2025-03-11T17:11:25.211+0000] {tiki_extract_dag.py:152} INFO - Extracted page 7/50 - thiet-bi-kts-phu-kien-so, total items: 6442
[2025-03-11T17:11:34.358+0000] {tiki_extract_dag.py:152} INFO - Extracted page 8/50 - thiet-bi-kts-phu-kien-so, total items: 6482
[2025-03-11T17:11:41.742+0000] {tiki_extract_dag.py:152} INFO - Extracted page 9/50 - thiet-bi-kts-phu-kien-so, total items: 6522
[2025-03-11T17:11:51.990+0000] {tiki_extract_dag.py:152} INFO - Extracted page 10/50 - thiet-bi-kts-phu-kien-so, total items: 6562
[2025-03-11T17:12:01.674+0000] {tiki_extract_dag.py:152} INFO - Extracted page 11/50 - thiet-bi-kts-phu-kien-so, total items: 6602
[2025-03-11T17:12:08.439+0000] {tiki_extract_dag.py:152} INFO - Extracted page 12/50 - thiet-bi-kts-phu-kien-so, total items: 6642
[2025-03-11T17:12:18.671+0000] {tiki_extract_dag.py:152} INFO - Extracted page 13/50 - thiet-bi-kts-phu-kien-so, total items: 6682
[2025-03-11T17:12:29.983+0000] {tiki_extract_dag.py:152} INFO - Extracted page 14/50 - thiet-bi-kts-phu-kien-so, total items: 6722
[2025-03-11T17:12:36.578+0000] {tiki_extract_dag.py:152} INFO - Extracted page 15/50 - thiet-bi-kts-phu-kien-so, total items: 6762
[2025-03-11T17:12:43.942+0000] {tiki_extract_dag.py:152} INFO - Extracted page 16/50 - thiet-bi-kts-phu-kien-so, total items: 6802
[2025-03-11T17:12:54.163+0000] {tiki_extract_dag.py:152} INFO - Extracted page 17/50 - thiet-bi-kts-phu-kien-so, total items: 6842
[2025-03-11T17:13:02.120+0000] {tiki_extract_dag.py:152} INFO - Extracted page 18/50 - thiet-bi-kts-phu-kien-so, total items: 6882
[2025-03-11T17:13:12.475+0000] {tiki_extract_dag.py:152} INFO - Extracted page 19/50 - thiet-bi-kts-phu-kien-so, total items: 6922
[2025-03-11T17:13:19.582+0000] {tiki_extract_dag.py:152} INFO - Extracted page 20/50 - thiet-bi-kts-phu-kien-so, total items: 6962
[2025-03-11T17:13:27.726+0000] {tiki_extract_dag.py:152} INFO - Extracted page 21/50 - thiet-bi-kts-phu-kien-so, total items: 7002
[2025-03-11T17:13:34.015+0000] {tiki_extract_dag.py:152} INFO - Extracted page 22/50 - thiet-bi-kts-phu-kien-so, total items: 7042
[2025-03-11T17:13:42.159+0000] {tiki_extract_dag.py:152} INFO - Extracted page 23/50 - thiet-bi-kts-phu-kien-so, total items: 7082
[2025-03-11T17:13:52.284+0000] {tiki_extract_dag.py:152} INFO - Extracted page 24/50 - thiet-bi-kts-phu-kien-so, total items: 7122
[2025-03-11T17:14:00.660+0000] {tiki_extract_dag.py:152} INFO - Extracted page 25/50 - thiet-bi-kts-phu-kien-so, total items: 7162
[2025-03-11T17:14:06.799+0000] {tiki_extract_dag.py:152} INFO - Extracted page 26/50 - thiet-bi-kts-phu-kien-so, total items: 7202
[2025-03-11T17:14:14.908+0000] {tiki_extract_dag.py:152} INFO - Extracted page 27/50 - thiet-bi-kts-phu-kien-so, total items: 7242
[2025-03-11T17:14:21.561+0000] {tiki_extract_dag.py:152} INFO - Extracted page 28/50 - thiet-bi-kts-phu-kien-so, total items: 7282
[2025-03-11T17:14:27.864+0000] {tiki_extract_dag.py:152} INFO - Extracted page 29/50 - thiet-bi-kts-phu-kien-so, total items: 7322
[2025-03-11T17:14:35.663+0000] {tiki_extract_dag.py:152} INFO - Extracted page 30/50 - thiet-bi-kts-phu-kien-so, total items: 7362
[2025-03-11T17:14:43.917+0000] {tiki_extract_dag.py:152} INFO - Extracted page 31/50 - thiet-bi-kts-phu-kien-so, total items: 7402
[2025-03-11T17:14:53.379+0000] {tiki_extract_dag.py:152} INFO - Extracted page 32/50 - thiet-bi-kts-phu-kien-so, total items: 7442
[2025-03-11T17:14:59.979+0000] {tiki_extract_dag.py:152} INFO - Extracted page 33/50 - thiet-bi-kts-phu-kien-so, total items: 7482
[2025-03-11T17:15:09.588+0000] {tiki_extract_dag.py:152} INFO - Extracted page 34/50 - thiet-bi-kts-phu-kien-so, total items: 7522
[2025-03-11T17:15:17.835+0000] {tiki_extract_dag.py:152} INFO - Extracted page 35/50 - thiet-bi-kts-phu-kien-so, total items: 7562
[2025-03-11T17:15:24.317+0000] {tiki_extract_dag.py:152} INFO - Extracted page 36/50 - thiet-bi-kts-phu-kien-so, total items: 7602
[2025-03-11T17:15:29.967+0000] {tiki_extract_dag.py:152} INFO - Extracted page 37/50 - thiet-bi-kts-phu-kien-so, total items: 7642
[2025-03-11T17:15:39.323+0000] {tiki_extract_dag.py:152} INFO - Extracted page 38/50 - thiet-bi-kts-phu-kien-so, total items: 7682
[2025-03-11T17:15:44.911+0000] {tiki_extract_dag.py:152} INFO - Extracted page 39/50 - thiet-bi-kts-phu-kien-so, total items: 7722
[2025-03-11T17:15:52.010+0000] {tiki_extract_dag.py:152} INFO - Extracted page 40/50 - thiet-bi-kts-phu-kien-so, total items: 7762
[2025-03-11T17:15:58.740+0000] {tiki_extract_dag.py:152} INFO - Extracted page 41/50 - thiet-bi-kts-phu-kien-so, total items: 7802
[2025-03-11T17:16:04.614+0000] {tiki_extract_dag.py:152} INFO - Extracted page 42/50 - thiet-bi-kts-phu-kien-so, total items: 7842
[2025-03-11T17:16:12.798+0000] {tiki_extract_dag.py:152} INFO - Extracted page 43/50 - thiet-bi-kts-phu-kien-so, total items: 7882
[2025-03-11T17:16:20.952+0000] {tiki_extract_dag.py:152} INFO - Extracted page 44/50 - thiet-bi-kts-phu-kien-so, total items: 7922
[2025-03-11T17:16:28.724+0000] {tiki_extract_dag.py:152} INFO - Extracted page 45/50 - thiet-bi-kts-phu-kien-so, total items: 7962
[2025-03-11T17:16:36.926+0000] {tiki_extract_dag.py:152} INFO - Extracted page 46/50 - thiet-bi-kts-phu-kien-so, total items: 8002
[2025-03-11T17:16:42.531+0000] {tiki_extract_dag.py:152} INFO - Extracted page 47/50 - thiet-bi-kts-phu-kien-so, total items: 8042
[2025-03-11T17:16:52.990+0000] {tiki_extract_dag.py:152} INFO - Extracted page 48/50 - thiet-bi-kts-phu-kien-so, total items: 8082
[2025-03-11T17:16:58.684+0000] {tiki_extract_dag.py:152} INFO - Extracted page 49/50 - thiet-bi-kts-phu-kien-so, total items: 8122
[2025-03-11T17:17:07.152+0000] {tiki_extract_dag.py:152} INFO - Extracted page 50/50 - thiet-bi-kts-phu-kien-so, total items: 8162
[2025-03-11T17:17:16.939+0000] {tiki_extract_dag.py:119} INFO - Starting crawl for category thoi-trang-nu
[2025-03-11T17:17:17.632+0000] {tiki_extract_dag.py:126} INFO - Total pages for thoi-trang-nu: 50
[2025-03-11T17:17:18.159+0000] {tiki_extract_dag.py:152} INFO - Extracted page 2/50 - thoi-trang-nu, total items: 8162
[2025-03-11T17:17:24.830+0000] {tiki_extract_dag.py:152} INFO - Extracted page 3/50 - thoi-trang-nu, total items: 8202
[2025-03-11T17:17:33.211+0000] {tiki_extract_dag.py:152} INFO - Extracted page 4/50 - thoi-trang-nu, total items: 8242
[2025-03-11T17:17:41.214+0000] {tiki_extract_dag.py:152} INFO - Extracted page 5/50 - thoi-trang-nu, total items: 8282
[2025-03-11T17:17:51.198+0000] {tiki_extract_dag.py:152} INFO - Extracted page 6/50 - thoi-trang-nu, total items: 8322
[2025-03-11T17:18:00.571+0000] {tiki_extract_dag.py:152} INFO - Extracted page 7/50 - thoi-trang-nu, total items: 8362
[2025-03-11T17:18:07.698+0000] {tiki_extract_dag.py:152} INFO - Extracted page 8/50 - thoi-trang-nu, total items: 8402
[2025-03-11T17:18:13.406+0000] {tiki_extract_dag.py:152} INFO - Extracted page 9/50 - thoi-trang-nu, total items: 8442
[2025-03-11T17:18:21.307+0000] {tiki_extract_dag.py:152} INFO - Extracted page 10/50 - thoi-trang-nu, total items: 8482
[2025-03-11T17:18:31.005+0000] {tiki_extract_dag.py:152} INFO - Extracted page 11/50 - thoi-trang-nu, total items: 8522
[2025-03-11T17:18:36.728+0000] {tiki_extract_dag.py:152} INFO - Extracted page 12/50 - thoi-trang-nu, total items: 8562
[2025-03-11T17:18:45.823+0000] {tiki_extract_dag.py:152} INFO - Extracted page 13/50 - thoi-trang-nu, total items: 8602
[2025-03-11T17:18:51.887+0000] {tiki_extract_dag.py:152} INFO - Extracted page 14/50 - thoi-trang-nu, total items: 8642
[2025-03-11T17:18:58.010+0000] {tiki_extract_dag.py:152} INFO - Extracted page 15/50 - thoi-trang-nu, total items: 8682
[2025-03-11T17:19:07.534+0000] {tiki_extract_dag.py:152} INFO - Extracted page 16/50 - thoi-trang-nu, total items: 8722
[2025-03-11T17:19:17.532+0000] {tiki_extract_dag.py:152} INFO - Extracted page 17/50 - thoi-trang-nu, total items: 8762
[2025-03-11T17:19:27.673+0000] {tiki_extract_dag.py:152} INFO - Extracted page 18/50 - thoi-trang-nu, total items: 8802
[2025-03-11T17:19:36.104+0000] {tiki_extract_dag.py:152} INFO - Extracted page 19/50 - thoi-trang-nu, total items: 8842
[2025-03-11T17:19:43.661+0000] {tiki_extract_dag.py:152} INFO - Extracted page 20/50 - thoi-trang-nu, total items: 8882
[2025-03-11T17:19:50.701+0000] {tiki_extract_dag.py:152} INFO - Extracted page 21/50 - thoi-trang-nu, total items: 8922
[2025-03-11T17:19:56.849+0000] {tiki_extract_dag.py:152} INFO - Extracted page 22/50 - thoi-trang-nu, total items: 8962
[2025-03-11T17:20:05.639+0000] {tiki_extract_dag.py:152} INFO - Extracted page 23/50 - thoi-trang-nu, total items: 9002
[2025-03-11T17:20:12.196+0000] {tiki_extract_dag.py:152} INFO - Extracted page 24/50 - thoi-trang-nu, total items: 9042
[2025-03-11T17:20:18.349+0000] {tiki_extract_dag.py:152} INFO - Extracted page 25/50 - thoi-trang-nu, total items: 9082
[2025-03-11T17:20:27.322+0000] {tiki_extract_dag.py:152} INFO - Extracted page 26/50 - thoi-trang-nu, total items: 9122
[2025-03-11T17:20:36.945+0000] {tiki_extract_dag.py:152} INFO - Extracted page 27/50 - thoi-trang-nu, total items: 9162
[2025-03-11T17:20:43.085+0000] {tiki_extract_dag.py:152} INFO - Extracted page 28/50 - thoi-trang-nu, total items: 9202
[2025-03-11T17:20:50.274+0000] {tiki_extract_dag.py:152} INFO - Extracted page 29/50 - thoi-trang-nu, total items: 9242
[2025-03-11T17:20:57.974+0000] {tiki_extract_dag.py:152} INFO - Extracted page 30/50 - thoi-trang-nu, total items: 9282
[2025-03-11T17:21:05.155+0000] {tiki_extract_dag.py:152} INFO - Extracted page 31/50 - thoi-trang-nu, total items: 9322
[2025-03-11T17:21:11.357+0000] {tiki_extract_dag.py:152} INFO - Extracted page 32/50 - thoi-trang-nu, total items: 9362
[2025-03-11T17:21:17.625+0000] {tiki_extract_dag.py:152} INFO - Extracted page 33/50 - thoi-trang-nu, total items: 9402
[2025-03-11T17:21:25.878+0000] {tiki_extract_dag.py:152} INFO - Extracted page 34/50 - thoi-trang-nu, total items: 9442
[2025-03-11T17:21:34.919+0000] {tiki_extract_dag.py:152} INFO - Extracted page 35/50 - thoi-trang-nu, total items: 9482
[2025-03-11T17:21:42.334+0000] {tiki_extract_dag.py:152} INFO - Extracted page 36/50 - thoi-trang-nu, total items: 9522
[2025-03-11T17:21:50.919+0000] {tiki_extract_dag.py:152} INFO - Extracted page 37/50 - thoi-trang-nu, total items: 9562
[2025-03-11T17:21:56.875+0000] {tiki_extract_dag.py:152} INFO - Extracted page 38/50 - thoi-trang-nu, total items: 9602
[2025-03-11T17:22:02.454+0000] {tiki_extract_dag.py:152} INFO - Extracted page 39/50 - thoi-trang-nu, total items: 9642
[2025-03-11T17:22:12.208+0000] {tiki_extract_dag.py:152} INFO - Extracted page 40/50 - thoi-trang-nu, total items: 9682
[2025-03-11T17:22:20.657+0000] {tiki_extract_dag.py:152} INFO - Extracted page 41/50 - thoi-trang-nu, total items: 9722
[2025-03-11T17:22:28.066+0000] {tiki_extract_dag.py:152} INFO - Extracted page 42/50 - thoi-trang-nu, total items: 9762
[2025-03-11T17:22:36.940+0000] {tiki_extract_dag.py:152} INFO - Extracted page 43/50 - thoi-trang-nu, total items: 9802
[2025-03-11T17:22:45.069+0000] {tiki_extract_dag.py:152} INFO - Extracted page 44/50 - thoi-trang-nu, total items: 9842
[2025-03-11T17:22:53.235+0000] {tiki_extract_dag.py:152} INFO - Extracted page 45/50 - thoi-trang-nu, total items: 9882
[2025-03-11T17:22:59.481+0000] {tiki_extract_dag.py:152} INFO - Extracted page 46/50 - thoi-trang-nu, total items: 9922
[2025-03-11T17:23:09.592+0000] {tiki_extract_dag.py:152} INFO - Extracted page 47/50 - thoi-trang-nu, total items: 9962
[2025-03-11T17:23:17.168+0000] {tiki_extract_dag.py:152} INFO - Extracted page 48/50 - thoi-trang-nu, total items: 10002
[2025-03-11T17:23:26.801+0000] {tiki_extract_dag.py:152} INFO - Extracted page 49/50 - thoi-trang-nu, total items: 10042
[2025-03-11T17:23:34.889+0000] {tiki_extract_dag.py:152} INFO - Extracted page 50/50 - thoi-trang-nu, total items: 10082
[2025-03-11T17:23:40.787+0000] {tiki_extract_dag.py:119} INFO - Starting crawl for category thoi-trang-nam
[2025-03-11T17:23:41.456+0000] {tiki_extract_dag.py:126} INFO - Total pages for thoi-trang-nam: 50
[2025-03-11T17:23:41.919+0000] {tiki_extract_dag.py:152} INFO - Extracted page 2/50 - thoi-trang-nam, total items: 10082
[2025-03-11T17:23:48.053+0000] {tiki_extract_dag.py:152} INFO - Extracted page 3/50 - thoi-trang-nam, total items: 10122
[2025-03-11T17:23:53.482+0000] {tiki_extract_dag.py:152} INFO - Extracted page 4/50 - thoi-trang-nam, total items: 10162
[2025-03-11T17:24:01.517+0000] {tiki_extract_dag.py:152} INFO - Extracted page 5/50 - thoi-trang-nam, total items: 10202
[2025-03-11T17:24:11.319+0000] {tiki_extract_dag.py:152} INFO - Extracted page 6/50 - thoi-trang-nam, total items: 10242
[2025-03-11T17:24:20.949+0000] {tiki_extract_dag.py:152} INFO - Extracted page 7/50 - thoi-trang-nam, total items: 10282
[2025-03-11T17:24:27.586+0000] {tiki_extract_dag.py:152} INFO - Extracted page 8/50 - thoi-trang-nam, total items: 10322
[2025-03-11T17:24:35.258+0000] {tiki_extract_dag.py:152} INFO - Extracted page 9/50 - thoi-trang-nam, total items: 10362
[2025-03-11T17:24:41.599+0000] {tiki_extract_dag.py:152} INFO - Extracted page 10/50 - thoi-trang-nam, total items: 10402
[2025-03-11T17:24:47.565+0000] {tiki_extract_dag.py:152} INFO - Extracted page 11/50 - thoi-trang-nam, total items: 10442
[2025-03-11T17:24:53.635+0000] {tiki_extract_dag.py:152} INFO - Extracted page 12/50 - thoi-trang-nam, total items: 10482
[2025-03-11T17:25:00.150+0000] {tiki_extract_dag.py:152} INFO - Extracted page 13/50 - thoi-trang-nam, total items: 10522
[2025-03-11T17:25:06.485+0000] {tiki_extract_dag.py:152} INFO - Extracted page 14/50 - thoi-trang-nam, total items: 10562
[2025-03-11T17:25:14.571+0000] {tiki_extract_dag.py:152} INFO - Extracted page 15/50 - thoi-trang-nam, total items: 10602
[2025-03-11T17:25:24.997+0000] {tiki_extract_dag.py:152} INFO - Extracted page 16/50 - thoi-trang-nam, total items: 10642
[2025-03-11T17:25:31.408+0000] {tiki_extract_dag.py:152} INFO - Extracted page 17/50 - thoi-trang-nam, total items: 10682
[2025-03-11T17:25:40.623+0000] {tiki_extract_dag.py:152} INFO - Extracted page 18/50 - thoi-trang-nam, total items: 10722
[2025-03-11T17:25:49.426+0000] {tiki_extract_dag.py:152} INFO - Extracted page 19/50 - thoi-trang-nam, total items: 10762
[2025-03-11T17:25:56.679+0000] {tiki_extract_dag.py:152} INFO - Extracted page 20/50 - thoi-trang-nam, total items: 10802
[2025-03-11T17:26:04.736+0000] {tiki_extract_dag.py:152} INFO - Extracted page 21/50 - thoi-trang-nam, total items: 10842
[2025-03-11T17:26:11.056+0000] {tiki_extract_dag.py:152} INFO - Extracted page 22/50 - thoi-trang-nam, total items: 10882
[2025-03-11T17:26:21.345+0000] {tiki_extract_dag.py:152} INFO - Extracted page 23/50 - thoi-trang-nam, total items: 10922
[2025-03-11T17:26:28.604+0000] {tiki_extract_dag.py:152} INFO - Extracted page 24/50 - thoi-trang-nam, total items: 10962
[2025-03-11T17:26:37.886+0000] {tiki_extract_dag.py:152} INFO - Extracted page 25/50 - thoi-trang-nam, total items: 11002
[2025-03-11T17:26:46.844+0000] {tiki_extract_dag.py:152} INFO - Extracted page 26/50 - thoi-trang-nam, total items: 11042
[2025-03-11T17:26:56.656+0000] {tiki_extract_dag.py:152} INFO - Extracted page 27/50 - thoi-trang-nam, total items: 11082
[2025-03-11T17:27:05.641+0000] {tiki_extract_dag.py:152} INFO - Extracted page 28/50 - thoi-trang-nam, total items: 11122
[2025-03-11T17:27:11.578+0000] {tiki_extract_dag.py:152} INFO - Extracted page 29/50 - thoi-trang-nam, total items: 11162
[2025-03-11T17:27:21.635+0000] {tiki_extract_dag.py:152} INFO - Extracted page 30/50 - thoi-trang-nam, total items: 11202
[2025-03-11T17:27:28.677+0000] {tiki_extract_dag.py:152} INFO - Extracted page 31/50 - thoi-trang-nam, total items: 11242
[2025-03-11T17:27:35.127+0000] {tiki_extract_dag.py:152} INFO - Extracted page 32/50 - thoi-trang-nam, total items: 11282
[2025-03-11T17:27:43.808+0000] {tiki_extract_dag.py:152} INFO - Extracted page 33/50 - thoi-trang-nam, total items: 11322
[2025-03-11T17:27:52.566+0000] {tiki_extract_dag.py:152} INFO - Extracted page 34/50 - thoi-trang-nam, total items: 11362
[2025-03-11T17:28:01.321+0000] {tiki_extract_dag.py:152} INFO - Extracted page 35/50 - thoi-trang-nam, total items: 11402
[2025-03-11T17:28:09.268+0000] {tiki_extract_dag.py:152} INFO - Extracted page 36/50 - thoi-trang-nam, total items: 11442
[2025-03-11T17:28:17.009+0000] {tiki_extract_dag.py:152} INFO - Extracted page 37/50 - thoi-trang-nam, total items: 11482
[2025-03-11T17:28:23.720+0000] {tiki_extract_dag.py:152} INFO - Extracted page 38/50 - thoi-trang-nam, total items: 11522
[2025-03-11T17:28:32.404+0000] {tiki_extract_dag.py:152} INFO - Extracted page 39/50 - thoi-trang-nam, total items: 11562
[2025-03-11T17:28:38.114+0000] {tiki_extract_dag.py:152} INFO - Extracted page 40/50 - thoi-trang-nam, total items: 11602
[2025-03-11T17:28:48.323+0000] {tiki_extract_dag.py:152} INFO - Extracted page 41/50 - thoi-trang-nam, total items: 11642
[2025-03-11T17:28:58.703+0000] {tiki_extract_dag.py:152} INFO - Extracted page 42/50 - thoi-trang-nam, total items: 11682
[2025-03-11T17:29:07.479+0000] {tiki_extract_dag.py:152} INFO - Extracted page 43/50 - thoi-trang-nam, total items: 11722
[2025-03-11T17:29:15.748+0000] {tiki_extract_dag.py:152} INFO - Extracted page 44/50 - thoi-trang-nam, total items: 11762
[2025-03-11T17:29:24.690+0000] {tiki_extract_dag.py:152} INFO - Extracted page 45/50 - thoi-trang-nam, total items: 11802
[2025-03-11T17:29:31.665+0000] {tiki_extract_dag.py:152} INFO - Extracted page 46/50 - thoi-trang-nam, total items: 11842
[2025-03-11T17:29:41.719+0000] {tiki_extract_dag.py:152} INFO - Extracted page 47/50 - thoi-trang-nam, total items: 11882
[2025-03-11T17:29:52.113+0000] {tiki_extract_dag.py:152} INFO - Extracted page 48/50 - thoi-trang-nam, total items: 11922
[2025-03-11T17:29:58.826+0000] {tiki_extract_dag.py:152} INFO - Extracted page 49/50 - thoi-trang-nam, total items: 11962
[2025-03-11T17:30:07.466+0000] {tiki_extract_dag.py:152} INFO - Extracted page 50/50 - thoi-trang-nam, total items: 12002
[2025-03-11T17:30:13.023+0000] {tiki_extract_dag.py:119} INFO - Starting crawl for category dong-ho-va-trang-suc
[2025-03-11T17:30:13.593+0000] {tiki_extract_dag.py:126} INFO - Total pages for dong-ho-va-trang-suc: 50
[2025-03-11T17:30:14.066+0000] {tiki_extract_dag.py:152} INFO - Extracted page 2/50 - dong-ho-va-trang-suc, total items: 12003
[2025-03-11T17:30:23.563+0000] {tiki_extract_dag.py:152} INFO - Extracted page 3/50 - dong-ho-va-trang-suc, total items: 12043
[2025-03-11T17:30:33.393+0000] {tiki_extract_dag.py:152} INFO - Extracted page 4/50 - dong-ho-va-trang-suc, total items: 12083
[2025-03-11T17:30:40.544+0000] {tiki_extract_dag.py:152} INFO - Extracted page 5/50 - dong-ho-va-trang-suc, total items: 12123
[2025-03-11T17:30:49.258+0000] {tiki_extract_dag.py:152} INFO - Extracted page 6/50 - dong-ho-va-trang-suc, total items: 12163
[2025-03-11T17:30:55.677+0000] {tiki_extract_dag.py:152} INFO - Extracted page 7/50 - dong-ho-va-trang-suc, total items: 12203
[2025-03-11T17:31:06.207+0000] {tiki_extract_dag.py:152} INFO - Extracted page 8/50 - dong-ho-va-trang-suc, total items: 12243
[2025-03-11T17:31:15.034+0000] {tiki_extract_dag.py:152} INFO - Extracted page 9/50 - dong-ho-va-trang-suc, total items: 12283
[2025-03-11T17:31:20.595+0000] {tiki_extract_dag.py:152} INFO - Extracted page 10/50 - dong-ho-va-trang-suc, total items: 12323
[2025-03-11T17:31:27.701+0000] {tiki_extract_dag.py:152} INFO - Extracted page 11/50 - dong-ho-va-trang-suc, total items: 12363
[2025-03-11T17:31:37.874+0000] {tiki_extract_dag.py:152} INFO - Extracted page 12/50 - dong-ho-va-trang-suc, total items: 12403
[2025-03-11T17:31:45.820+0000] {tiki_extract_dag.py:152} INFO - Extracted page 13/50 - dong-ho-va-trang-suc, total items: 12443
[2025-03-11T17:31:53.156+0000] {tiki_extract_dag.py:152} INFO - Extracted page 14/50 - dong-ho-va-trang-suc, total items: 12483
[2025-03-11T17:32:00.516+0000] {tiki_extract_dag.py:152} INFO - Extracted page 15/50 - dong-ho-va-trang-suc, total items: 12523
[2025-03-11T17:32:07.334+0000] {tiki_extract_dag.py:152} INFO - Extracted page 16/50 - dong-ho-va-trang-suc, total items: 12563
[2025-03-11T17:32:17.667+0000] {tiki_extract_dag.py:152} INFO - Extracted page 17/50 - dong-ho-va-trang-suc, total items: 12603
[2025-03-11T17:32:24.970+0000] {tiki_extract_dag.py:152} INFO - Extracted page 18/50 - dong-ho-va-trang-suc, total items: 12643
[2025-03-11T17:32:31.554+0000] {tiki_extract_dag.py:152} INFO - Extracted page 19/50 - dong-ho-va-trang-suc, total items: 12683
[2025-03-11T17:32:37.757+0000] {tiki_extract_dag.py:152} INFO - Extracted page 20/50 - dong-ho-va-trang-suc, total items: 12723
[2025-03-11T17:32:47.443+0000] {tiki_extract_dag.py:152} INFO - Extracted page 21/50 - dong-ho-va-trang-suc, total items: 12763
[2025-03-11T17:32:54.827+0000] {tiki_extract_dag.py:152} INFO - Extracted page 22/50 - dong-ho-va-trang-suc, total items: 12803
[2025-03-11T17:33:00.536+0000] {tiki_extract_dag.py:152} INFO - Extracted page 23/50 - dong-ho-va-trang-suc, total items: 12843
[2025-03-11T17:33:09.432+0000] {tiki_extract_dag.py:152} INFO - Extracted page 24/50 - dong-ho-va-trang-suc, total items: 12883
[2025-03-11T17:33:19.148+0000] {tiki_extract_dag.py:152} INFO - Extracted page 25/50 - dong-ho-va-trang-suc, total items: 12923
[2025-03-11T17:33:26.691+0000] {tiki_extract_dag.py:152} INFO - Extracted page 26/50 - dong-ho-va-trang-suc, total items: 12963
[2025-03-11T17:33:36.874+0000] {tiki_extract_dag.py:152} INFO - Extracted page 27/50 - dong-ho-va-trang-suc, total items: 13003
[2025-03-11T17:33:45.983+0000] {tiki_extract_dag.py:152} INFO - Extracted page 28/50 - dong-ho-va-trang-suc, total items: 13043
[2025-03-11T17:33:56.040+0000] {tiki_extract_dag.py:152} INFO - Extracted page 29/50 - dong-ho-va-trang-suc, total items: 13083
[2025-03-11T17:34:05.815+0000] {tiki_extract_dag.py:152} INFO - Extracted page 30/50 - dong-ho-va-trang-suc, total items: 13123
[2025-03-11T17:34:11.878+0000] {tiki_extract_dag.py:152} INFO - Extracted page 31/50 - dong-ho-va-trang-suc, total items: 13163
[2025-03-11T17:34:20.190+0000] {tiki_extract_dag.py:152} INFO - Extracted page 32/50 - dong-ho-va-trang-suc, total items: 13203
[2025-03-11T17:34:29.804+0000] {tiki_extract_dag.py:152} INFO - Extracted page 33/50 - dong-ho-va-trang-suc, total items: 13243
[2025-03-11T17:34:36.645+0000] {tiki_extract_dag.py:152} INFO - Extracted page 34/50 - dong-ho-va-trang-suc, total items: 13283
[2025-03-11T17:34:42.620+0000] {tiki_extract_dag.py:152} INFO - Extracted page 35/50 - dong-ho-va-trang-suc, total items: 13323
[2025-03-11T17:34:49.218+0000] {tiki_extract_dag.py:152} INFO - Extracted page 36/50 - dong-ho-va-trang-suc, total items: 13363
[2025-03-11T17:34:58.086+0000] {tiki_extract_dag.py:152} INFO - Extracted page 37/50 - dong-ho-va-trang-suc, total items: 13403
[2025-03-11T17:35:04.599+0000] {tiki_extract_dag.py:152} INFO - Extracted page 38/50 - dong-ho-va-trang-suc, total items: 13443
[2025-03-11T17:35:12.055+0000] {tiki_extract_dag.py:152} INFO - Extracted page 39/50 - dong-ho-va-trang-suc, total items: 13483
[2025-03-11T17:35:18.714+0000] {tiki_extract_dag.py:152} INFO - Extracted page 40/50 - dong-ho-va-trang-suc, total items: 13523
[2025-03-11T17:35:28.598+0000] {tiki_extract_dag.py:152} INFO - Extracted page 41/50 - dong-ho-va-trang-suc, total items: 13563
[2025-03-11T17:35:34.603+0000] {tiki_extract_dag.py:152} INFO - Extracted page 42/50 - dong-ho-va-trang-suc, total items: 13603
[2025-03-11T17:35:40.659+0000] {tiki_extract_dag.py:152} INFO - Extracted page 43/50 - dong-ho-va-trang-suc, total items: 13643
[2025-03-11T17:35:49.331+0000] {tiki_extract_dag.py:152} INFO - Extracted page 44/50 - dong-ho-va-trang-suc, total items: 13683
[2025-03-11T17:35:57.182+0000] {tiki_extract_dag.py:152} INFO - Extracted page 45/50 - dong-ho-va-trang-suc, total items: 13723
[2025-03-11T17:36:07.598+0000] {tiki_extract_dag.py:152} INFO - Extracted page 46/50 - dong-ho-va-trang-suc, total items: 13763
[2025-03-11T17:36:15.219+0000] {tiki_extract_dag.py:152} INFO - Extracted page 47/50 - dong-ho-va-trang-suc, total items: 13803
[2025-03-11T17:36:21.335+0000] {tiki_extract_dag.py:152} INFO - Extracted page 48/50 - dong-ho-va-trang-suc, total items: 13843
[2025-03-11T17:36:26.836+0000] {tiki_extract_dag.py:152} INFO - Extracted page 49/50 - dong-ho-va-trang-suc, total items: 13883
[2025-03-11T17:36:36.561+0000] {tiki_extract_dag.py:152} INFO - Extracted page 50/50 - dong-ho-va-trang-suc, total items: 13923
[2025-03-11T17:36:45.395+0000] {tiki_extract_dag.py:119} INFO - Starting crawl for category dien-tu-dien-lanh
[2025-03-11T17:36:45.924+0000] {tiki_extract_dag.py:126} INFO - Total pages for dien-tu-dien-lanh: 50
[2025-03-11T17:36:46.421+0000] {tiki_extract_dag.py:152} INFO - Extracted page 2/50 - dien-tu-dien-lanh, total items: 14003
[2025-03-11T17:36:54.216+0000] {tiki_extract_dag.py:152} INFO - Extracted page 3/50 - dien-tu-dien-lanh, total items: 14043
[2025-03-11T17:37:01.977+0000] {tiki_extract_dag.py:152} INFO - Extracted page 4/50 - dien-tu-dien-lanh, total items: 14083
[2025-03-11T17:37:10.688+0000] {tiki_extract_dag.py:152} INFO - Extracted page 5/50 - dien-tu-dien-lanh, total items: 14123
[2025-03-11T17:37:17.052+0000] {tiki_extract_dag.py:152} INFO - Extracted page 6/50 - dien-tu-dien-lanh, total items: 14163
[2025-03-11T17:37:26.573+0000] {tiki_extract_dag.py:152} INFO - Extracted page 7/50 - dien-tu-dien-lanh, total items: 14203
[2025-03-11T17:37:32.496+0000] {tiki_extract_dag.py:152} INFO - Extracted page 8/50 - dien-tu-dien-lanh, total items: 14243
[2025-03-11T17:37:40.512+0000] {tiki_extract_dag.py:152} INFO - Extracted page 9/50 - dien-tu-dien-lanh, total items: 14283
[2025-03-11T17:37:49.901+0000] {tiki_extract_dag.py:152} INFO - Extracted page 10/50 - dien-tu-dien-lanh, total items: 14323
[2025-03-11T17:37:55.889+0000] {tiki_extract_dag.py:152} INFO - Extracted page 11/50 - dien-tu-dien-lanh, total items: 14363
[2025-03-11T17:38:03.104+0000] {tiki_extract_dag.py:152} INFO - Extracted page 12/50 - dien-tu-dien-lanh, total items: 14403
[2025-03-11T17:38:10.473+0000] {tiki_extract_dag.py:152} INFO - Extracted page 13/50 - dien-tu-dien-lanh, total items: 14443
[2025-03-11T17:38:20.339+0000] {tiki_extract_dag.py:152} INFO - Extracted page 14/50 - dien-tu-dien-lanh, total items: 14483
[2025-03-11T17:38:29.009+0000] {tiki_extract_dag.py:152} INFO - Extracted page 15/50 - dien-tu-dien-lanh, total items: 14523
[2025-03-11T17:38:34.734+0000] {tiki_extract_dag.py:152} INFO - Extracted page 16/50 - dien-tu-dien-lanh, total items: 14563
[2025-03-11T17:38:44.473+0000] {tiki_extract_dag.py:152} INFO - Extracted page 17/50 - dien-tu-dien-lanh, total items: 14603
[2025-03-11T17:38:50.270+0000] {tiki_extract_dag.py:152} INFO - Extracted page 18/50 - dien-tu-dien-lanh, total items: 14643
[2025-03-11T17:38:59.200+0000] {tiki_extract_dag.py:152} INFO - Extracted page 19/50 - dien-tu-dien-lanh, total items: 14683
[2025-03-11T17:39:07.082+0000] {tiki_extract_dag.py:152} INFO - Extracted page 20/50 - dien-tu-dien-lanh, total items: 14723
[2025-03-11T17:39:15.089+0000] {tiki_extract_dag.py:152} INFO - Extracted page 21/50 - dien-tu-dien-lanh, total items: 14763
[2025-03-11T17:39:23.921+0000] {tiki_extract_dag.py:152} INFO - Extracted page 22/50 - dien-tu-dien-lanh, total items: 14803
[2025-03-11T17:39:30.888+0000] {tiki_extract_dag.py:152} INFO - Extracted page 23/50 - dien-tu-dien-lanh, total items: 14843
[2025-03-11T17:39:36.741+0000] {tiki_extract_dag.py:152} INFO - Extracted page 24/50 - dien-tu-dien-lanh, total items: 14883
[2025-03-11T17:39:43.272+0000] {tiki_extract_dag.py:152} INFO - Extracted page 25/50 - dien-tu-dien-lanh, total items: 14923
[2025-03-11T17:39:50.581+0000] {tiki_extract_dag.py:152} INFO - Extracted page 26/50 - dien-tu-dien-lanh, total items: 14963
[2025-03-11T17:39:57.218+0000] {tiki_extract_dag.py:152} INFO - Extracted page 27/50 - dien-tu-dien-lanh, total items: 15003
[2025-03-11T17:40:06.087+0000] {tiki_extract_dag.py:152} INFO - Extracted page 28/50 - dien-tu-dien-lanh, total items: 15043
[2025-03-11T17:40:15.537+0000] {tiki_extract_dag.py:152} INFO - Extracted page 29/50 - dien-tu-dien-lanh, total items: 15083
[2025-03-11T17:40:24.482+0000] {tiki_extract_dag.py:152} INFO - Extracted page 30/50 - dien-tu-dien-lanh, total items: 15123
[2025-03-11T17:40:31.676+0000] {tiki_extract_dag.py:152} INFO - Extracted page 31/50 - dien-tu-dien-lanh, total items: 15163
[2025-03-11T17:40:38.395+0000] {tiki_extract_dag.py:152} INFO - Extracted page 32/50 - dien-tu-dien-lanh, total items: 15203
[2025-03-11T17:40:45.994+0000] {tiki_extract_dag.py:152} INFO - Extracted page 33/50 - dien-tu-dien-lanh, total items: 15243
[2025-03-11T17:40:52.548+0000] {tiki_extract_dag.py:152} INFO - Extracted page 34/50 - dien-tu-dien-lanh, total items: 15283
[2025-03-11T17:41:02.208+0000] {tiki_extract_dag.py:152} INFO - Extracted page 35/50 - dien-tu-dien-lanh, total items: 15323
[2025-03-11T17:41:10.414+0000] {tiki_extract_dag.py:152} INFO - Extracted page 36/50 - dien-tu-dien-lanh, total items: 15363
[2025-03-11T17:41:16.896+0000] {tiki_extract_dag.py:152} INFO - Extracted page 37/50 - dien-tu-dien-lanh, total items: 15403
[2025-03-11T17:41:24.724+0000] {tiki_extract_dag.py:152} INFO - Extracted page 38/50 - dien-tu-dien-lanh, total items: 15443
[2025-03-11T17:41:31.562+0000] {tiki_extract_dag.py:152} INFO - Extracted page 39/50 - dien-tu-dien-lanh, total items: 15483
[2025-03-11T17:41:37.696+0000] {tiki_extract_dag.py:152} INFO - Extracted page 40/50 - dien-tu-dien-lanh, total items: 15523
[2025-03-11T17:41:45.310+0000] {tiki_extract_dag.py:152} INFO - Extracted page 41/50 - dien-tu-dien-lanh, total items: 15563
[2025-03-11T17:41:54.717+0000] {tiki_extract_dag.py:152} INFO - Extracted page 42/50 - dien-tu-dien-lanh, total items: 15603
[2025-03-11T17:42:01.655+0000] {tiki_extract_dag.py:152} INFO - Extracted page 43/50 - dien-tu-dien-lanh, total items: 15643
[2025-03-11T17:42:07.371+0000] {tiki_extract_dag.py:152} INFO - Extracted page 44/50 - dien-tu-dien-lanh, total items: 15683
[2025-03-11T17:42:17.054+0000] {tiki_extract_dag.py:152} INFO - Extracted page 45/50 - dien-tu-dien-lanh, total items: 15723
[2025-03-11T17:42:24.743+0000] {tiki_extract_dag.py:152} INFO - Extracted page 46/50 - dien-tu-dien-lanh, total items: 15763
[2025-03-11T17:42:34.829+0000] {tiki_extract_dag.py:152} INFO - Extracted page 47/50 - dien-tu-dien-lanh, total items: 15803
[2025-03-11T17:42:43.694+0000] {tiki_extract_dag.py:152} INFO - Extracted page 48/50 - dien-tu-dien-lanh, total items: 15843
[2025-03-11T17:42:51.886+0000] {tiki_extract_dag.py:152} INFO - Extracted page 49/50 - dien-tu-dien-lanh, total items: 15883
[2025-03-11T17:43:01.102+0000] {tiki_extract_dag.py:152} INFO - Extracted page 50/50 - dien-tu-dien-lanh, total items: 15923
[2025-03-11T17:43:08.672+0000] {tiki_extract_dag.py:119} INFO - Starting crawl for category the-thao-da-ngoai
[2025-03-11T17:43:09.297+0000] {tiki_extract_dag.py:126} INFO - Total pages for the-thao-da-ngoai: 50
[2025-03-11T17:43:09.859+0000] {tiki_extract_dag.py:152} INFO - Extracted page 2/50 - the-thao-da-ngoai, total items: 15925
[2025-03-11T17:43:19.114+0000] {tiki_extract_dag.py:152} INFO - Extracted page 3/50 - the-thao-da-ngoai, total items: 15965
[2025-03-11T17:43:25.291+0000] {tiki_extract_dag.py:152} INFO - Extracted page 4/50 - the-thao-da-ngoai, total items: 16005
[2025-03-11T17:43:31.022+0000] {tiki_extract_dag.py:152} INFO - Extracted page 5/50 - the-thao-da-ngoai, total items: 16045
[2025-03-11T17:43:37.850+0000] {tiki_extract_dag.py:152} INFO - Extracted page 6/50 - the-thao-da-ngoai, total items: 16085
[2025-03-11T17:43:47.238+0000] {tiki_extract_dag.py:152} INFO - Extracted page 7/50 - the-thao-da-ngoai, total items: 16125
[2025-03-11T17:43:55.843+0000] {tiki_extract_dag.py:152} INFO - Extracted page 8/50 - the-thao-da-ngoai, total items: 16165
[2025-03-11T17:44:05.699+0000] {tiki_extract_dag.py:152} INFO - Extracted page 9/50 - the-thao-da-ngoai, total items: 16205
[2025-03-11T17:44:14.966+0000] {tiki_extract_dag.py:152} INFO - Extracted page 10/50 - the-thao-da-ngoai, total items: 16245
[2025-03-11T17:44:21.361+0000] {tiki_extract_dag.py:152} INFO - Extracted page 11/50 - the-thao-da-ngoai, total items: 16285
[2025-03-11T17:44:30.943+0000] {tiki_extract_dag.py:152} INFO - Extracted page 12/50 - the-thao-da-ngoai, total items: 16325
[2025-03-11T17:44:36.712+0000] {tiki_extract_dag.py:152} INFO - Extracted page 13/50 - the-thao-da-ngoai, total items: 16365
[2025-03-11T17:44:45.244+0000] {tiki_extract_dag.py:152} INFO - Extracted page 14/50 - the-thao-da-ngoai, total items: 16405
[2025-03-11T17:44:52.742+0000] {tiki_extract_dag.py:152} INFO - Extracted page 15/50 - the-thao-da-ngoai, total items: 16445
[2025-03-11T17:44:58.420+0000] {tiki_extract_dag.py:152} INFO - Extracted page 16/50 - the-thao-da-ngoai, total items: 16485
[2025-03-11T17:45:08.596+0000] {tiki_extract_dag.py:152} INFO - Extracted page 17/50 - the-thao-da-ngoai, total items: 16525
[2025-03-11T17:45:18.822+0000] {tiki_extract_dag.py:152} INFO - Extracted page 18/50 - the-thao-da-ngoai, total items: 16565
[2025-03-11T17:45:25.934+0000] {tiki_extract_dag.py:152} INFO - Extracted page 19/50 - the-thao-da-ngoai, total items: 16605
[2025-03-11T17:45:34.862+0000] {tiki_extract_dag.py:152} INFO - Extracted page 20/50 - the-thao-da-ngoai, total items: 16645
[2025-03-11T17:45:42.715+0000] {tiki_extract_dag.py:152} INFO - Extracted page 21/50 - the-thao-da-ngoai, total items: 16685
[2025-03-11T17:45:49.458+0000] {tiki_extract_dag.py:152} INFO - Extracted page 22/50 - the-thao-da-ngoai, total items: 16725
[2025-03-11T17:45:56.481+0000] {tiki_extract_dag.py:152} INFO - Extracted page 23/50 - the-thao-da-ngoai, total items: 16765
[2025-03-11T17:46:03.082+0000] {tiki_extract_dag.py:152} INFO - Extracted page 24/50 - the-thao-da-ngoai, total items: 16805
[2025-03-11T17:46:12.998+0000] {tiki_extract_dag.py:152} INFO - Extracted page 25/50 - the-thao-da-ngoai, total items: 16845
[2025-03-11T17:46:22.613+0000] {tiki_extract_dag.py:152} INFO - Extracted page 26/50 - the-thao-da-ngoai, total items: 16885
[2025-03-11T17:46:30.067+0000] {tiki_extract_dag.py:152} INFO - Extracted page 27/50 - the-thao-da-ngoai, total items: 16925
[2025-03-11T17:46:38.465+0000] {tiki_extract_dag.py:152} INFO - Extracted page 28/50 - the-thao-da-ngoai, total items: 16965
[2025-03-11T17:46:48.613+0000] {tiki_extract_dag.py:152} INFO - Extracted page 29/50 - the-thao-da-ngoai, total items: 17005
[2025-03-11T17:46:58.742+0000] {tiki_extract_dag.py:152} INFO - Extracted page 30/50 - the-thao-da-ngoai, total items: 17045
[2025-03-11T17:47:06.681+0000] {tiki_extract_dag.py:152} INFO - Extracted page 31/50 - the-thao-da-ngoai, total items: 17085
[2025-03-11T17:47:16.295+0000] {tiki_extract_dag.py:152} INFO - Extracted page 32/50 - the-thao-da-ngoai, total items: 17125
[2025-03-11T17:47:26.608+0000] {tiki_extract_dag.py:152} INFO - Extracted page 33/50 - the-thao-da-ngoai, total items: 17165
[2025-03-11T17:47:32.242+0000] {tiki_extract_dag.py:152} INFO - Extracted page 34/50 - the-thao-da-ngoai, total items: 17205
[2025-03-11T17:47:39.327+0000] {tiki_extract_dag.py:152} INFO - Extracted page 35/50 - the-thao-da-ngoai, total items: 17245
[2025-03-11T17:47:49.579+0000] {tiki_extract_dag.py:152} INFO - Extracted page 36/50 - the-thao-da-ngoai, total items: 17285
[2025-03-11T17:47:58.037+0000] {tiki_extract_dag.py:152} INFO - Extracted page 37/50 - the-thao-da-ngoai, total items: 17325
[2025-03-11T17:48:06.690+0000] {tiki_extract_dag.py:152} INFO - Extracted page 38/50 - the-thao-da-ngoai, total items: 17365
[2025-03-11T17:48:16.233+0000] {tiki_extract_dag.py:152} INFO - Extracted page 39/50 - the-thao-da-ngoai, total items: 17405
[2025-03-11T17:48:26.599+0000] {tiki_extract_dag.py:152} INFO - Extracted page 40/50 - the-thao-da-ngoai, total items: 17445
[2025-03-11T17:48:34.664+0000] {tiki_extract_dag.py:152} INFO - Extracted page 41/50 - the-thao-da-ngoai, total items: 17485
[2025-03-11T17:48:43.132+0000] {tiki_extract_dag.py:152} INFO - Extracted page 42/50 - the-thao-da-ngoai, total items: 17525
[2025-03-11T17:48:52.541+0000] {tiki_extract_dag.py:152} INFO - Extracted page 43/50 - the-thao-da-ngoai, total items: 17565
[2025-03-11T17:49:00.201+0000] {tiki_extract_dag.py:152} INFO - Extracted page 44/50 - the-thao-da-ngoai, total items: 17605
[2025-03-11T17:49:07.303+0000] {tiki_extract_dag.py:152} INFO - Extracted page 45/50 - the-thao-da-ngoai, total items: 17645
[2025-03-11T17:49:15.862+0000] {tiki_extract_dag.py:152} INFO - Extracted page 46/50 - the-thao-da-ngoai, total items: 17685
[2025-03-11T17:49:23.311+0000] {tiki_extract_dag.py:152} INFO - Extracted page 47/50 - the-thao-da-ngoai, total items: 17725
[2025-03-11T17:49:33.393+0000] {tiki_extract_dag.py:152} INFO - Extracted page 48/50 - the-thao-da-ngoai, total items: 17765
[2025-03-11T17:49:42.043+0000] {tiki_extract_dag.py:152} INFO - Extracted page 49/50 - the-thao-da-ngoai, total items: 17805
[2025-03-11T17:49:50.610+0000] {tiki_extract_dag.py:152} INFO - Extracted page 50/50 - the-thao-da-ngoai, total items: 17845
[2025-03-11T17:50:08.084+0000] {tiki_extract_dag.py:56} INFO - Updated crawled products at tiki-pipeline/tiki_crawled/crawled_products.json
[2025-03-11T17:50:08.086+0000] {tiki_extract_dag.py:169} INFO - Uploaded raw data to tiki-pipeline/tiki_raw_data/raw_20250311_174959.json, total items: 17845
[2025-03-11T17:50:08.473+0000] {tiki_extract_dag.py:179} INFO - Saved metadata to tiki-pipeline/metadata/extract_run_metadata_20250311_174959.json
[2025-03-11T17:50:08.671+0000] {python.py:240} INFO - Done. Returned value was: None
[2025-03-11T17:50:08.858+0000] {taskinstance.py:341} INFO - ::group::Post task execution logs
[2025-03-11T17:50:08.862+0000] {taskinstance.py:353} INFO - Marking task as SUCCESS. dag_id=tiki_extract_dag, task_id=extract_data, run_id=manual__2025-03-11T14:07:26.849945+00:00, execution_date=20250311T140726, start_date=20250311T164242, end_date=20250311T175008
[2025-03-11T17:50:08.978+0000] {logging_mixin.py:190} INFO - Task instance in success state
[2025-03-11T17:50:08.980+0000] {logging_mixin.py:190} INFO -  Previous state of the Task instance: running
[2025-03-11T17:50:08.982+0000] {logging_mixin.py:190} INFO - Dag name:tiki_extract_dag queued_at:2025-03-11 14:07:27.008557+00:00
[2025-03-11T17:50:08.982+0000] {logging_mixin.py:190} INFO - Task hostname:5c8190d7da62 operator:PythonOperator
[2025-03-11T17:50:09.094+0000] {local_task_job_runner.py:266} INFO - Task exited with return code 0
[2025-03-11T17:50:09.258+0000] {taskinstance.py:3901} INFO - 0 downstream tasks scheduled from follow-on schedule check
[2025-03-11T17:50:09.262+0000] {local_task_job_runner.py:245} INFO - ::endgroup::
