[2025-03-11T09:55:13.366+0000] {local_task_job_runner.py:123} INFO - ::group::Pre task execution logs
[2025-03-11T09:55:13.498+0000] {taskinstance.py:2614} INFO - Dependencies all met for dep_context=non-requeueable deps ti=<TaskInstance: tiki_extract_dag.crawl_dien-thoai-may-tinh-bang manual__2025-03-11T09:54:25.561686+00:00 [queued]>
[2025-03-11T09:55:13.568+0000] {taskinstance.py:2614} INFO - Dependencies all met for dep_context=requeueable deps ti=<TaskInstance: tiki_extract_dag.crawl_dien-thoai-may-tinh-bang manual__2025-03-11T09:54:25.561686+00:00 [queued]>
[2025-03-11T09:55:13.573+0000] {taskinstance.py:2867} INFO - Starting attempt 1 of 4
[2025-03-11T09:55:13.893+0000] {taskinstance.py:2890} INFO - Executing <Task(PythonOperator): crawl_dien-thoai-may-tinh-bang> on 2025-03-11 09:54:25.561686+00:00
[2025-03-11T09:55:14.043+0000] {warnings.py:112} WARNING - /home/***/.local/lib/python3.12/site-packages/***/task/task_runner/standard_task_runner.py:70: DeprecationWarning: This process (pid=755) is multi-threaded, use of fork() may lead to deadlocks in the child.
  pid = os.fork()

[2025-03-11T09:55:14.123+0000] {standard_task_runner.py:72} INFO - Started process 780 to run task
[2025-03-11T09:55:14.117+0000] {standard_task_runner.py:104} INFO - Running: ['***', 'tasks', 'run', 'tiki_extract_dag', 'crawl_dien-thoai-may-tinh-bang', 'manual__2025-03-11T09:54:25.561686+00:00', '--job-id', '578', '--raw', '--subdir', 'DAGS_FOLDER/tiki_extract_dag.py', '--cfg-path', '/tmp/tmpsesmkgb1']
[2025-03-11T09:55:14.141+0000] {standard_task_runner.py:105} INFO - Job 578: Subtask crawl_dien-thoai-may-tinh-bang
[2025-03-11T09:55:16.523+0000] {task_command.py:467} INFO - Running <TaskInstance: tiki_extract_dag.crawl_dien-thoai-may-tinh-bang manual__2025-03-11T09:54:25.561686+00:00 [running]> on host 5c8190d7da62
[2025-03-11T09:55:32.442+0000] {taskinstance.py:3134} INFO - Exporting env vars: AIRFLOW_CTX_DAG_OWNER='***' AIRFLOW_CTX_DAG_ID='tiki_extract_dag' AIRFLOW_CTX_TASK_ID='crawl_dien-thoai-may-tinh-bang' AIRFLOW_CTX_EXECUTION_DATE='2025-03-11T09:54:25.561686+00:00' AIRFLOW_CTX_TRY_NUMBER='1' AIRFLOW_CTX_DAG_RUN_ID='manual__2025-03-11T09:54:25.561686+00:00'
[2025-03-11T09:55:32.449+0000] {logging_mixin.py:190} INFO - Task instance is in running state
[2025-03-11T09:55:32.469+0000] {logging_mixin.py:190} INFO -  Previous state of the Task instance: queued
[2025-03-11T09:55:32.480+0000] {logging_mixin.py:190} INFO - Current task name:crawl_dien-thoai-may-tinh-bang state:running start_date:2025-03-11 09:55:13.506982+00:00
[2025-03-11T09:55:32.490+0000] {logging_mixin.py:190} INFO - Dag name:tiki_extract_dag and current dag run status:running
[2025-03-11T09:55:32.502+0000] {taskinstance.py:732} INFO - ::endgroup::
[2025-03-11T09:55:40.800+0000] {tiki_extract_dag.py:139} INFO - Starting crawl for category dien-thoai-may-tinh-bang (ID: 1789)
[2025-03-11T09:55:40.803+0000] {tiki_extract_dag.py:141} INFO - Calling API: https://tiki.vn/api/v2/products with params: {'page': 1, 'limit': 40, 'category': '1789'}
[2025-03-11T09:55:41.304+0000] {tiki_extract_dag.py:150} INFO - Total pages for dien-thoai-may-tinh-bang: 10 (limited to 50)
[2025-03-11T09:55:51.751+0000] {job.py:229} INFO - Heartbeat recovered after 14.02 seconds
[2025-03-11T09:56:19.588+0000] {tiki_extract_dag.py:120} ERROR - Error fetching details for product 270975124 on attempt 1/3: Expecting value: line 1 column 1 (char 0)
[2025-03-11T09:56:29.707+0000] {tiki_extract_dag.py:120} ERROR - Error fetching details for product 270975124 on attempt 2/3: Expecting value: line 1 column 1 (char 0)
[2025-03-11T09:56:36.685+0000] {tiki_extract_dag.py:120} ERROR - Error fetching details for product 270975124 on attempt 3/3: Expecting value: line 1 column 1 (char 0)
[2025-03-11T09:56:36.827+0000] {tiki_extract_dag.py:120} ERROR - Error fetching details for product 252586291 on attempt 1/3: Expecting value: line 1 column 1 (char 0)
[2025-03-11T09:56:46.003+0000] {tiki_extract_dag.py:120} ERROR - Error fetching details for product 252586291 on attempt 2/3: Expecting value: line 1 column 1 (char 0)
[2025-03-11T09:56:51.322+0000] {tiki_extract_dag.py:120} ERROR - Error fetching details for product 252586291 on attempt 3/3: Expecting value: line 1 column 1 (char 0)
[2025-03-11T09:56:51.487+0000] {tiki_extract_dag.py:120} ERROR - Error fetching details for product 217706932 on attempt 1/3: Expecting value: line 1 column 1 (char 0)
[2025-03-11T09:56:58.101+0000] {tiki_extract_dag.py:120} ERROR - Error fetching details for product 217706932 on attempt 2/3: Expecting value: line 1 column 1 (char 0)
[2025-03-11T09:57:19.987+0000] {tiki_extract_dag.py:120} ERROR - Error fetching details for product 125182567 on attempt 1/3: Expecting value: line 1 column 1 (char 0)
[2025-03-11T09:57:28.953+0000] {tiki_extract_dag.py:120} ERROR - Error fetching details for product 125182567 on attempt 2/3: Expecting value: line 1 column 1 (char 0)
[2025-03-11T09:57:38.294+0000] {tiki_extract_dag.py:120} ERROR - Error fetching details for product 125182567 on attempt 3/3: Expecting value: line 1 column 1 (char 0)
[2025-03-11T09:57:38.475+0000] {tiki_extract_dag.py:120} ERROR - Error fetching details for product 118139108 on attempt 1/3: Expecting value: line 1 column 1 (char 0)
[2025-03-11T09:57:48.522+0000] {tiki_extract_dag.py:120} ERROR - Error fetching details for product 118139108 on attempt 2/3: Expecting value: line 1 column 1 (char 0)
[2025-03-11T09:57:57.682+0000] {tiki_extract_dag.py:120} ERROR - Error fetching details for product 118139108 on attempt 3/3: Expecting value: line 1 column 1 (char 0)
[2025-03-11T09:57:57.700+0000] {tiki_extract_dag.py:163} INFO - Calling API: https://tiki.vn/api/v2/products with params: {'page': 2, 'limit': 40, 'category': '1789'}
[2025-03-11T09:57:58.052+0000] {tiki_extract_dag.py:186} ERROR - API error at page 2 in category dien-thoai-may-tinh-bang on attempt 1/3: Expecting value: line 1 column 1 (char 0)
[2025-03-11T09:58:22.909+0000] {tiki_extract_dag.py:120} ERROR - Error fetching details for product 275588494 on attempt 1/3: Expecting value: line 1 column 1 (char 0)
[2025-03-11T09:58:31.201+0000] {tiki_extract_dag.py:120} ERROR - Error fetching details for product 275588494 on attempt 2/3: Expecting value: line 1 column 1 (char 0)
[2025-03-11T09:58:40.983+0000] {tiki_extract_dag.py:120} ERROR - Error fetching details for product 275588494 on attempt 3/3: Expecting value: line 1 column 1 (char 0)
[2025-03-11T09:58:41.158+0000] {tiki_extract_dag.py:120} ERROR - Error fetching details for product 275571990 on attempt 1/3: Expecting value: line 1 column 1 (char 0)
[2025-03-11T09:58:49.231+0000] {tiki_extract_dag.py:120} ERROR - Error fetching details for product 275571990 on attempt 2/3: Expecting value: line 1 column 1 (char 0)
[2025-03-11T09:58:56.342+0000] {tiki_extract_dag.py:120} ERROR - Error fetching details for product 275571990 on attempt 3/3: Expecting value: line 1 column 1 (char 0)
[2025-03-11T09:58:56.527+0000] {tiki_extract_dag.py:120} ERROR - Error fetching details for product 275510579 on attempt 1/3: Expecting value: line 1 column 1 (char 0)
[2025-03-11T09:59:18.048+0000] {tiki_extract_dag.py:183} INFO - Extracted page 2/10 for category dien-thoai-may-tinh-bang, total items: 80
[2025-03-11T09:59:36.723+0000] {tiki_extract_dag.py:163} INFO - Calling API: https://tiki.vn/api/v2/products with params: {'page': 3, 'limit': 40, 'category': '1789'}
[2025-03-11T09:59:39.089+0000] {tiki_extract_dag.py:120} ERROR - Error fetching details for product 276323370 on attempt 1/3: Expecting value: line 1 column 1 (char 0)
[2025-03-11T09:59:44.298+0000] {tiki_extract_dag.py:120} ERROR - Error fetching details for product 276323370 on attempt 2/3: Expecting value: line 1 column 1 (char 0)
[2025-03-11T09:59:53.756+0000] {tiki_extract_dag.py:120} ERROR - Error fetching details for product 276323370 on attempt 3/3: Expecting value: line 1 column 1 (char 0)
[2025-03-11T09:59:53.935+0000] {tiki_extract_dag.py:120} ERROR - Error fetching details for product 276281988 on attempt 1/3: Expecting value: line 1 column 1 (char 0)
[2025-03-11T10:00:23.765+0000] {tiki_extract_dag.py:183} INFO - Extracted page 3/10 for category dien-thoai-may-tinh-bang, total items: 120
[2025-03-11T10:00:41.285+0000] {tiki_extract_dag.py:163} INFO - Calling API: https://tiki.vn/api/v2/products with params: {'page': 4, 'limit': 40, 'category': '1789'}
[2025-03-11T10:00:41.458+0000] {tiki_extract_dag.py:186} ERROR - API error at page 4 in category dien-thoai-may-tinh-bang on attempt 1/3: Expecting value: line 1 column 1 (char 0)
[2025-03-11T10:00:49.451+0000] {tiki_extract_dag.py:186} ERROR - API error at page 4 in category dien-thoai-may-tinh-bang on attempt 2/3: Expecting value: line 1 column 1 (char 0)
[2025-03-11T10:00:55.574+0000] {tiki_extract_dag.py:186} ERROR - API error at page 4 in category dien-thoai-may-tinh-bang on attempt 3/3: Expecting value: line 1 column 1 (char 0)
[2025-03-11T10:00:55.579+0000] {tiki_extract_dag.py:191} ERROR - Failed after 3 attempts for page 4 in category dien-thoai-may-tinh-bang
[2025-03-11T10:00:55.613+0000] {python.py:240} INFO - Done. Returned value was: None
[2025-03-11T10:00:56.496+0000] {taskinstance.py:341} INFO - ::group::Post task execution logs
[2025-03-11T10:00:56.534+0000] {taskinstance.py:353} INFO - Marking task as SUCCESS. dag_id=tiki_extract_dag, task_id=crawl_dien-thoai-may-tinh-bang, run_id=manual__2025-03-11T09:54:25.561686+00:00, execution_date=20250311T095425, start_date=20250311T095513, end_date=20250311T100056
[2025-03-11T10:00:57.488+0000] {logging_mixin.py:190} INFO - Task instance in success state
[2025-03-11T10:00:57.491+0000] {logging_mixin.py:190} INFO -  Previous state of the Task instance: running
[2025-03-11T10:00:57.493+0000] {logging_mixin.py:190} INFO - Dag name:tiki_extract_dag queued_at:2025-03-11 09:54:25.681807+00:00
[2025-03-11T10:00:57.496+0000] {logging_mixin.py:190} INFO - Task hostname:5c8190d7da62 operator:PythonOperator
[2025-03-11T10:00:57.840+0000] {local_task_job_runner.py:266} INFO - Task exited with return code 0
[2025-03-11T10:00:58.692+0000] {taskinstance.py:3901} INFO - 0 downstream tasks scheduled from follow-on schedule check
[2025-03-11T10:00:58.706+0000] {local_task_job_runner.py:245} INFO - ::endgroup::
