[2025-03-10T08:26:31.479+0000] {local_task_job_runner.py:123} INFO - ::group::Pre task execution logs
[2025-03-10T08:26:31.504+0000] {taskinstance.py:2614} INFO - Dependencies all met for dep_context=non-requeueable deps ti=<TaskInstance: tiki_orchestration_dag.trigger_extract manual__2025-03-10T08:26:29.057421+00:00 [queued]>
[2025-03-10T08:26:31.516+0000] {taskinstance.py:2614} INFO - Dependencies all met for dep_context=requeueable deps ti=<TaskInstance: tiki_orchestration_dag.trigger_extract manual__2025-03-10T08:26:29.057421+00:00 [queued]>
[2025-03-10T08:26:31.517+0000] {taskinstance.py:2867} INFO - Starting attempt 1 of 2
[2025-03-10T08:26:31.686+0000] {taskinstance.py:2890} INFO - Executing <Task(TriggerDagRunOperator): trigger_extract> on 2025-03-10 08:26:29.057421+00:00
[2025-03-10T08:26:31.696+0000] {warnings.py:112} WARNING - /home/***/.local/lib/python3.12/site-packages/***/task/task_runner/standard_task_runner.py:70: DeprecationWarning: This process (pid=850) is multi-threaded, use of fork() may lead to deadlocks in the child.
  pid = os.fork()

[2025-03-10T08:26:31.698+0000] {standard_task_runner.py:72} INFO - Started process 852 to run task
[2025-03-10T08:26:31.698+0000] {standard_task_runner.py:104} INFO - Running: ['***', 'tasks', 'run', 'tiki_orchestration_dag', 'trigger_extract', 'manual__2025-03-10T08:26:29.057421+00:00', '--job-id', '332', '--raw', '--subdir', 'DAGS_FOLDER/tiki_etl_orchestration.py', '--cfg-path', '/tmp/tmp1daicuk9']
[2025-03-10T08:26:31.700+0000] {standard_task_runner.py:105} INFO - Job 332: Subtask trigger_extract
[2025-03-10T08:26:31.759+0000] {task_command.py:467} INFO - Running <TaskInstance: tiki_orchestration_dag.trigger_extract manual__2025-03-10T08:26:29.057421+00:00 [running]> on host c77555d100c4
[2025-03-10T08:26:31.843+0000] {taskinstance.py:3134} INFO - Exporting env vars: AIRFLOW_CTX_DAG_OWNER='***' AIRFLOW_CTX_DAG_ID='tiki_orchestration_dag' AIRFLOW_CTX_TASK_ID='trigger_extract' AIRFLOW_CTX_EXECUTION_DATE='2025-03-10T08:26:29.057421+00:00' AIRFLOW_CTX_TRY_NUMBER='1' AIRFLOW_CTX_DAG_RUN_ID='manual__2025-03-10T08:26:29.057421+00:00'
[2025-03-10T08:26:31.845+0000] {logging_mixin.py:190} INFO - Task instance is in running state
[2025-03-10T08:26:31.845+0000] {logging_mixin.py:190} INFO -  Previous state of the Task instance: queued
[2025-03-10T08:26:31.846+0000] {logging_mixin.py:190} INFO - Current task name:trigger_extract state:running start_date:2025-03-10 08:26:31.504764+00:00
[2025-03-10T08:26:31.846+0000] {logging_mixin.py:190} INFO - Dag name:tiki_orchestration_dag and current dag run status:running
[2025-03-10T08:26:31.847+0000] {taskinstance.py:732} INFO - ::endgroup::
[2025-03-10T08:26:31.916+0000] {trigger_dagrun.py:257} INFO - Waiting for tiki_extract_dag on 2025-03-10 08:26:31.847733+00:00 to become allowed state ['success'] ...
[2025-03-10T08:27:31.923+0000] {trigger_dagrun.py:257} INFO - Waiting for tiki_extract_dag on 2025-03-10 08:26:31.847733+00:00 to become allowed state ['success'] ...
[2025-03-10T08:28:31.929+0000] {trigger_dagrun.py:257} INFO - Waiting for tiki_extract_dag on 2025-03-10 08:26:31.847733+00:00 to become allowed state ['success'] ...
[2025-03-10T08:29:32.057+0000] {trigger_dagrun.py:257} INFO - Waiting for tiki_extract_dag on 2025-03-10 08:26:31.847733+00:00 to become allowed state ['success'] ...
[2025-03-10T08:30:32.083+0000] {trigger_dagrun.py:257} INFO - Waiting for tiki_extract_dag on 2025-03-10 08:26:31.847733+00:00 to become allowed state ['success'] ...
[2025-03-10T08:31:32.093+0000] {trigger_dagrun.py:257} INFO - Waiting for tiki_extract_dag on 2025-03-10 08:26:31.847733+00:00 to become allowed state ['success'] ...
[2025-03-10T08:32:32.100+0000] {trigger_dagrun.py:257} INFO - Waiting for tiki_extract_dag on 2025-03-10 08:26:31.847733+00:00 to become allowed state ['success'] ...
[2025-03-10T08:33:32.107+0000] {trigger_dagrun.py:257} INFO - Waiting for tiki_extract_dag on 2025-03-10 08:26:31.847733+00:00 to become allowed state ['success'] ...
[2025-03-10T08:34:32.115+0000] {trigger_dagrun.py:257} INFO - Waiting for tiki_extract_dag on 2025-03-10 08:26:31.847733+00:00 to become allowed state ['success'] ...
[2025-03-10T08:35:32.129+0000] {trigger_dagrun.py:257} INFO - Waiting for tiki_extract_dag on 2025-03-10 08:26:31.847733+00:00 to become allowed state ['success'] ...
[2025-03-10T08:36:32.145+0000] {trigger_dagrun.py:257} INFO - Waiting for tiki_extract_dag on 2025-03-10 08:26:31.847733+00:00 to become allowed state ['success'] ...
[2025-03-10T08:37:32.159+0000] {trigger_dagrun.py:271} INFO - tiki_extract_dag finished with allowed state success
[2025-03-10T08:37:32.276+0000] {taskinstance.py:341} INFO - ::group::Post task execution logs
[2025-03-10T08:37:32.280+0000] {taskinstance.py:353} INFO - Marking task as SUCCESS. dag_id=tiki_orchestration_dag, task_id=trigger_extract, run_id=manual__2025-03-10T08:26:29.057421+00:00, execution_date=20250310T082629, start_date=20250310T082631, end_date=20250310T083732
[2025-03-10T08:37:32.395+0000] {logging_mixin.py:190} INFO - Task instance in success state
[2025-03-10T08:37:32.396+0000] {logging_mixin.py:190} INFO -  Previous state of the Task instance: running
[2025-03-10T08:37:32.397+0000] {logging_mixin.py:190} INFO - Dag name:tiki_orchestration_dag queued_at:2025-03-10 08:26:29.087039+00:00
[2025-03-10T08:37:32.397+0000] {logging_mixin.py:190} INFO - Task hostname:c77555d100c4 operator:TriggerDagRunOperator
[2025-03-10T08:37:32.500+0000] {local_task_job_runner.py:266} INFO - Task exited with return code 0
[2025-03-10T08:37:32.647+0000] {taskinstance.py:3901} INFO - 0 downstream tasks scheduled from follow-on schedule check
[2025-03-10T08:37:32.650+0000] {local_task_job_runner.py:245} INFO - ::endgroup::
