[2025-03-08T13:56:09.876+0000] {local_task_job_runner.py:123} INFO - ::group::Pre task execution logs
[2025-03-08T13:56:09.909+0000] {taskinstance.py:2614} INFO - Dependencies all met for dep_context=non-requeueable deps ti=<TaskInstance: tiki_extract_dag.extract_data manual__2025-03-08T13:56:05.450258+00:00 [queued]>
[2025-03-08T13:56:09.927+0000] {taskinstance.py:2614} INFO - Dependencies all met for dep_context=requeueable deps ti=<TaskInstance: tiki_extract_dag.extract_data manual__2025-03-08T13:56:05.450258+00:00 [queued]>
[2025-03-08T13:56:09.928+0000] {taskinstance.py:2867} INFO - Starting attempt 1 of 1
[2025-03-08T13:56:09.954+0000] {taskinstance.py:2890} INFO - Executing <Task(PythonOperator): extract_data> on 2025-03-08 13:56:05.450258+00:00
[2025-03-08T13:56:09.968+0000] {warnings.py:112} WARNING - /home/***/.local/lib/python3.12/site-packages/***/task/task_runner/standard_task_runner.py:70: DeprecationWarning: This process (pid=132) is multi-threaded, use of fork() may lead to deadlocks in the child.
  pid = os.fork()

[2025-03-08T13:56:09.972+0000] {standard_task_runner.py:72} INFO - Started process 134 to run task
[2025-03-08T13:56:09.972+0000] {standard_task_runner.py:104} INFO - Running: ['***', 'tasks', 'run', 'tiki_extract_dag', 'extract_data', 'manual__2025-03-08T13:56:05.450258+00:00', '--job-id', '64', '--raw', '--subdir', 'DAGS_FOLDER/tiki_extract_dag.py', '--cfg-path', '/tmp/tmpzq33g2l2']
[2025-03-08T13:56:09.974+0000] {standard_task_runner.py:105} INFO - Job 64: Subtask extract_data
[2025-03-08T13:56:10.056+0000] {task_command.py:467} INFO - Running <TaskInstance: tiki_extract_dag.extract_data manual__2025-03-08T13:56:05.450258+00:00 [running]> on host 4dc18dee7126
[2025-03-08T13:56:10.684+0000] {taskinstance.py:3134} INFO - Exporting env vars: AIRFLOW_CTX_DAG_OWNER='***' AIRFLOW_CTX_DAG_ID='tiki_extract_dag' AIRFLOW_CTX_TASK_ID='extract_data' AIRFLOW_CTX_EXECUTION_DATE='2025-03-08T13:56:05.450258+00:00' AIRFLOW_CTX_TRY_NUMBER='1' AIRFLOW_CTX_DAG_RUN_ID='manual__2025-03-08T13:56:05.450258+00:00'
[2025-03-08T13:56:10.686+0000] {logging_mixin.py:190} INFO - Task instance is in running state
[2025-03-08T13:56:10.687+0000] {logging_mixin.py:190} INFO -  Previous state of the Task instance: queued
[2025-03-08T13:56:10.688+0000] {logging_mixin.py:190} INFO - Current task name:extract_data state:running start_date:2025-03-08 13:56:09.910690+00:00
[2025-03-08T13:56:10.689+0000] {logging_mixin.py:190} INFO - Dag name:tiki_extract_dag and current dag run status:running
[2025-03-08T13:56:10.690+0000] {taskinstance.py:732} INFO - ::endgroup::
[2025-03-08T13:56:10.722+0000] {crawl_data.py:106} INFO - Crawling category lam-dep-suc-khoe with 10 pages
[2025-03-08T13:56:11.288+0000] {crawl_data.py:128} INFO - Extracted page 1 - lam-dep-suc-khoe, 40 items, total extracted: 40
[2025-03-08T13:56:16.242+0000] {crawl_data.py:128} INFO - Extracted page 2 - lam-dep-suc-khoe, 40 items, total extracted: 80
[2025-03-08T13:56:21.271+0000] {crawl_data.py:128} INFO - Extracted page 3 - lam-dep-suc-khoe, 40 items, total extracted: 120
[2025-03-08T13:56:26.291+0000] {crawl_data.py:128} INFO - Extracted page 4 - lam-dep-suc-khoe, 40 items, total extracted: 160
[2025-03-08T13:56:30.594+0000] {crawl_data.py:128} INFO - Extracted page 5 - lam-dep-suc-khoe, 40 items, total extracted: 200
[2025-03-08T13:56:33.361+0000] {crawl_data.py:128} INFO - Extracted page 6 - lam-dep-suc-khoe, 40 items, total extracted: 240
[2025-03-08T13:56:36.080+0000] {crawl_data.py:128} INFO - Extracted page 7 - lam-dep-suc-khoe, 40 items, total extracted: 280
[2025-03-08T13:56:40.348+0000] {crawl_data.py:128} INFO - Extracted page 8 - lam-dep-suc-khoe, 40 items, total extracted: 320
[2025-03-08T13:56:45.046+0000] {crawl_data.py:128} INFO - Extracted page 9 - lam-dep-suc-khoe, 40 items, total extracted: 360
[2025-03-08T13:56:49.616+0000] {crawl_data.py:128} INFO - Extracted page 10 - lam-dep-suc-khoe, 40 items, total extracted: 400
[2025-03-08T13:56:51.728+0000] {crawl_data.py:106} INFO - Crawling category dien-thoai-may-tinh-bang with 10 pages
[2025-03-08T13:56:52.068+0000] {crawl_data.py:128} INFO - Extracted page 1 - dien-thoai-may-tinh-bang, 40 items, total extracted: 440
[2025-03-08T13:56:57.314+0000] {crawl_data.py:128} INFO - Extracted page 2 - dien-thoai-may-tinh-bang, 40 items, total extracted: 480
[2025-03-08T13:57:01.202+0000] {crawl_data.py:128} INFO - Extracted page 3 - dien-thoai-may-tinh-bang, 40 items, total extracted: 520
[2025-03-08T13:57:06.280+0000] {crawl_data.py:128} INFO - Extracted page 4 - dien-thoai-may-tinh-bang, 40 items, total extracted: 560
[2025-03-08T13:57:09.434+0000] {crawl_data.py:128} INFO - Extracted page 5 - dien-thoai-may-tinh-bang, 40 items, total extracted: 600
[2025-03-08T13:57:13.628+0000] {crawl_data.py:128} INFO - Extracted page 6 - dien-thoai-may-tinh-bang, 40 items, total extracted: 640
[2025-03-08T13:57:16.548+0000] {crawl_data.py:128} INFO - Extracted page 7 - dien-thoai-may-tinh-bang, 40 items, total extracted: 680
[2025-03-08T13:57:21.198+0000] {crawl_data.py:128} INFO - Extracted page 8 - dien-thoai-may-tinh-bang, 40 items, total extracted: 720
[2025-03-08T13:57:25.934+0000] {crawl_data.py:128} INFO - Extracted page 9 - dien-thoai-may-tinh-bang, 18 items, total extracted: 738
[2025-03-08T13:57:29.849+0000] {crawl_data.py:114} WARNING - No data found for page 10 - dien-thoai-may-tinh-bang
[2025-03-08T13:57:29.850+0000] {crawl_data.py:106} INFO - Crawling category laptop-may-vi-tinh-linh-kien with 10 pages
[2025-03-08T13:57:30.663+0000] {crawl_data.py:128} INFO - Extracted page 1 - laptop-may-vi-tinh-linh-kien, 40 items, total extracted: 778
[2025-03-08T13:57:35.425+0000] {crawl_data.py:128} INFO - Extracted page 2 - laptop-may-vi-tinh-linh-kien, 40 items, total extracted: 818
[2025-03-08T13:57:39.744+0000] {crawl_data.py:128} INFO - Extracted page 3 - laptop-may-vi-tinh-linh-kien, 40 items, total extracted: 858
[2025-03-08T13:57:42.928+0000] {crawl_data.py:128} INFO - Extracted page 4 - laptop-may-vi-tinh-linh-kien, 40 items, total extracted: 898
[2025-03-08T13:57:49.946+0000] {crawl_data.py:128} INFO - Extracted page 5 - laptop-may-vi-tinh-linh-kien, 40 items, total extracted: 938
[2025-03-08T13:57:54.668+0000] {crawl_data.py:128} INFO - Extracted page 6 - laptop-may-vi-tinh-linh-kien, 40 items, total extracted: 978
[2025-03-08T13:57:58.256+0000] {crawl_data.py:128} INFO - Extracted page 7 - laptop-may-vi-tinh-linh-kien, 40 items, total extracted: 1018
[2025-03-08T13:58:03.136+0000] {crawl_data.py:128} INFO - Extracted page 8 - laptop-may-vi-tinh-linh-kien, 40 items, total extracted: 1058
[2025-03-08T13:58:08.071+0000] {crawl_data.py:128} INFO - Extracted page 9 - laptop-may-vi-tinh-linh-kien, 40 items, total extracted: 1098
[2025-03-08T13:58:12.358+0000] {crawl_data.py:128} INFO - Extracted page 10 - laptop-may-vi-tinh-linh-kien, 40 items, total extracted: 1138
[2025-03-08T13:58:16.627+0000] {crawl_data.py:106} INFO - Crawling category dien-gia-dung with 10 pages
[2025-03-08T13:58:17.603+0000] {crawl_data.py:128} INFO - Extracted page 1 - dien-gia-dung, 40 items, total extracted: 1178
[2025-03-08T13:58:21.531+0000] {crawl_data.py:128} INFO - Extracted page 2 - dien-gia-dung, 40 items, total extracted: 1218
[2025-03-08T13:58:24.844+0000] {crawl_data.py:128} INFO - Extracted page 3 - dien-gia-dung, 40 items, total extracted: 1258
[2025-03-08T13:58:28.031+0000] {crawl_data.py:128} INFO - Extracted page 4 - dien-gia-dung, 40 items, total extracted: 1298
[2025-03-08T13:58:33.471+0000] {crawl_data.py:128} INFO - Extracted page 5 - dien-gia-dung, 40 items, total extracted: 1338
[2025-03-08T13:58:36.114+0000] {crawl_data.py:128} INFO - Extracted page 6 - dien-gia-dung, 40 items, total extracted: 1378
[2025-03-08T13:58:39.490+0000] {crawl_data.py:128} INFO - Extracted page 7 - dien-gia-dung, 40 items, total extracted: 1418
[2025-03-08T13:58:43.433+0000] {crawl_data.py:128} INFO - Extracted page 8 - dien-gia-dung, 40 items, total extracted: 1458
[2025-03-08T13:58:48.698+0000] {crawl_data.py:128} INFO - Extracted page 9 - dien-gia-dung, 40 items, total extracted: 1498
[2025-03-08T13:58:53.667+0000] {crawl_data.py:128} INFO - Extracted page 10 - dien-gia-dung, 40 items, total extracted: 1538
[2025-03-08T13:58:57.514+0000] {crawl_data.py:106} INFO - Crawling category sach with 10 pages
[2025-03-08T13:58:57.994+0000] {crawl_data.py:128} INFO - Extracted page 1 - sach, 40 items, total extracted: 1578
[2025-03-08T13:59:00.838+0000] {crawl_data.py:128} INFO - Extracted page 2 - sach, 40 items, total extracted: 1618
[2025-03-08T13:59:03.847+0000] {crawl_data.py:128} INFO - Extracted page 3 - sach, 40 items, total extracted: 1658
[2025-03-08T13:59:06.788+0000] {crawl_data.py:128} INFO - Extracted page 4 - sach, 40 items, total extracted: 1698
[2025-03-08T13:59:10.122+0000] {crawl_data.py:128} INFO - Extracted page 5 - sach, 40 items, total extracted: 1738
[2025-03-08T13:59:12.689+0000] {crawl_data.py:128} INFO - Extracted page 6 - sach, 40 items, total extracted: 1778
[2025-03-08T13:59:16.145+0000] {crawl_data.py:128} INFO - Extracted page 7 - sach, 40 items, total extracted: 1818
[2025-03-08T13:59:18.617+0000] {crawl_data.py:128} INFO - Extracted page 8 - sach, 40 items, total extracted: 1858
[2025-03-08T13:59:23.625+0000] {crawl_data.py:128} INFO - Extracted page 9 - sach, 40 items, total extracted: 1898
[2025-03-08T13:59:27.993+0000] {crawl_data.py:128} INFO - Extracted page 10 - sach, 40 items, total extracted: 1938
[2025-03-08T13:59:30.299+0000] {crawl_data.py:106} INFO - Crawling category thiet-bi-kts-phu-kien-so with 10 pages
[2025-03-08T13:59:30.799+0000] {crawl_data.py:128} INFO - Extracted page 1 - thiet-bi-kts-phu-kien-so, 40 items, total extracted: 1978
[2025-03-08T13:59:35.966+0000] {crawl_data.py:128} INFO - Extracted page 2 - thiet-bi-kts-phu-kien-so, 40 items, total extracted: 2018
[2025-03-08T13:59:39.787+0000] {crawl_data.py:128} INFO - Extracted page 3 - thiet-bi-kts-phu-kien-so, 40 items, total extracted: 2058
[2025-03-08T13:59:43.763+0000] {crawl_data.py:128} INFO - Extracted page 4 - thiet-bi-kts-phu-kien-so, 40 items, total extracted: 2098
[2025-03-08T13:59:48.983+0000] {crawl_data.py:128} INFO - Extracted page 5 - thiet-bi-kts-phu-kien-so, 40 items, total extracted: 2138
[2025-03-08T13:59:54.277+0000] {crawl_data.py:128} INFO - Extracted page 6 - thiet-bi-kts-phu-kien-so, 40 items, total extracted: 2178
[2025-03-08T13:59:58.155+0000] {crawl_data.py:128} INFO - Extracted page 7 - thiet-bi-kts-phu-kien-so, 40 items, total extracted: 2218
[2025-03-08T14:00:03.162+0000] {crawl_data.py:128} INFO - Extracted page 8 - thiet-bi-kts-phu-kien-so, 40 items, total extracted: 2258
[2025-03-08T14:00:07.033+0000] {crawl_data.py:128} INFO - Extracted page 9 - thiet-bi-kts-phu-kien-so, 40 items, total extracted: 2298
[2025-03-08T14:00:11.702+0000] {crawl_data.py:128} INFO - Extracted page 10 - thiet-bi-kts-phu-kien-so, 40 items, total extracted: 2338
[2025-03-08T14:00:16.575+0000] {crawl_data.py:106} INFO - Crawling category thoi-trang-nu with 10 pages
[2025-03-08T14:00:17.137+0000] {crawl_data.py:128} INFO - Extracted page 1 - thoi-trang-nu, 40 items, total extracted: 2378
[2025-03-08T14:00:21.920+0000] {crawl_data.py:128} INFO - Extracted page 2 - thoi-trang-nu, 40 items, total extracted: 2418
[2025-03-08T14:00:26.478+0000] {crawl_data.py:128} INFO - Extracted page 3 - thoi-trang-nu, 40 items, total extracted: 2458
[2025-03-08T14:00:29.043+0000] {crawl_data.py:128} INFO - Extracted page 4 - thoi-trang-nu, 40 items, total extracted: 2498
[2025-03-08T14:00:32.605+0000] {crawl_data.py:128} INFO - Extracted page 5 - thoi-trang-nu, 40 items, total extracted: 2538
[2025-03-08T14:00:36.571+0000] {crawl_data.py:128} INFO - Extracted page 6 - thoi-trang-nu, 40 items, total extracted: 2578
[2025-03-08T14:00:40.030+0000] {crawl_data.py:128} INFO - Extracted page 7 - thoi-trang-nu, 40 items, total extracted: 2618
[2025-03-08T14:00:44.633+0000] {crawl_data.py:128} INFO - Extracted page 8 - thoi-trang-nu, 40 items, total extracted: 2658
[2025-03-08T14:00:47.849+0000] {crawl_data.py:128} INFO - Extracted page 9 - thoi-trang-nu, 40 items, total extracted: 2698
[2025-03-08T14:00:50.389+0000] {crawl_data.py:128} INFO - Extracted page 10 - thoi-trang-nu, 40 items, total extracted: 2738
[2025-03-08T14:00:53.572+0000] {crawl_data.py:106} INFO - Crawling category thoi-trang-nam with 10 pages
[2025-03-08T14:00:54.082+0000] {crawl_data.py:128} INFO - Extracted page 1 - thoi-trang-nam, 40 items, total extracted: 2778
[2025-03-08T14:00:56.982+0000] {crawl_data.py:128} INFO - Extracted page 2 - thoi-trang-nam, 40 items, total extracted: 2818
[2025-03-08T14:01:01.993+0000] {crawl_data.py:128} INFO - Extracted page 3 - thoi-trang-nam, 40 items, total extracted: 2858
[2025-03-08T14:01:06.730+0000] {crawl_data.py:128} INFO - Extracted page 4 - thoi-trang-nam, 40 items, total extracted: 2898
[2025-03-08T14:01:11.231+0000] {crawl_data.py:128} INFO - Extracted page 5 - thoi-trang-nam, 40 items, total extracted: 2938
[2025-03-08T14:01:17.023+0000] {crawl_data.py:128} INFO - Extracted page 6 - thoi-trang-nam, 40 items, total extracted: 2978
[2025-03-08T14:01:20.268+0000] {crawl_data.py:128} INFO - Extracted page 7 - thoi-trang-nam, 40 items, total extracted: 3018
[2025-03-08T14:01:24.796+0000] {crawl_data.py:128} INFO - Extracted page 8 - thoi-trang-nam, 40 items, total extracted: 3058
[2025-03-08T14:01:29.469+0000] {crawl_data.py:128} INFO - Extracted page 9 - thoi-trang-nam, 40 items, total extracted: 3098
[2025-03-08T14:01:34.193+0000] {crawl_data.py:128} INFO - Extracted page 10 - thoi-trang-nam, 40 items, total extracted: 3138
[2025-03-08T14:01:38.521+0000] {crawl_data.py:106} INFO - Crawling category dong-ho-va-trang-suc with 10 pages
[2025-03-08T14:01:39.020+0000] {crawl_data.py:128} INFO - Extracted page 1 - dong-ho-va-trang-suc, 40 items, total extracted: 3178
[2025-03-08T14:01:42.201+0000] {crawl_data.py:128} INFO - Extracted page 2 - dong-ho-va-trang-suc, 40 items, total extracted: 3218
[2025-03-08T14:01:47.075+0000] {crawl_data.py:128} INFO - Extracted page 3 - dong-ho-va-trang-suc, 40 items, total extracted: 3258
[2025-03-08T14:01:51.752+0000] {crawl_data.py:128} INFO - Extracted page 4 - dong-ho-va-trang-suc, 40 items, total extracted: 3298
[2025-03-08T14:01:54.872+0000] {crawl_data.py:128} INFO - Extracted page 5 - dong-ho-va-trang-suc, 40 items, total extracted: 3338
[2025-03-08T14:01:59.651+0000] {crawl_data.py:128} INFO - Extracted page 6 - dong-ho-va-trang-suc, 40 items, total extracted: 3378
[2025-03-08T14:02:03.825+0000] {crawl_data.py:128} INFO - Extracted page 7 - dong-ho-va-trang-suc, 40 items, total extracted: 3418
[2025-03-08T14:02:08.385+0000] {crawl_data.py:128} INFO - Extracted page 8 - dong-ho-va-trang-suc, 40 items, total extracted: 3458
[2025-03-08T14:02:11.940+0000] {crawl_data.py:128} INFO - Extracted page 9 - dong-ho-va-trang-suc, 40 items, total extracted: 3498
[2025-03-08T14:02:15.610+0000] {crawl_data.py:128} INFO - Extracted page 10 - dong-ho-va-trang-suc, 40 items, total extracted: 3538
[2025-03-08T14:02:18.039+0000] {crawl_data.py:106} INFO - Crawling category dien-tu-dien-lanh with 10 pages
[2025-03-08T14:02:18.699+0000] {crawl_data.py:128} INFO - Extracted page 1 - dien-tu-dien-lanh, 40 items, total extracted: 3578
[2025-03-08T14:02:21.449+0000] {crawl_data.py:128} INFO - Extracted page 2 - dien-tu-dien-lanh, 40 items, total extracted: 3618
[2025-03-08T14:02:25.836+0000] {crawl_data.py:128} INFO - Extracted page 3 - dien-tu-dien-lanh, 40 items, total extracted: 3658
[2025-03-08T14:02:29.740+0000] {crawl_data.py:128} INFO - Extracted page 4 - dien-tu-dien-lanh, 40 items, total extracted: 3698
[2025-03-08T14:02:32.481+0000] {crawl_data.py:128} INFO - Extracted page 5 - dien-tu-dien-lanh, 40 items, total extracted: 3738
[2025-03-08T14:02:37.423+0000] {crawl_data.py:128} INFO - Extracted page 6 - dien-tu-dien-lanh, 40 items, total extracted: 3778
[2025-03-08T14:02:40.857+0000] {crawl_data.py:128} INFO - Extracted page 7 - dien-tu-dien-lanh, 40 items, total extracted: 3818
[2025-03-08T14:02:46.302+0000] {crawl_data.py:128} INFO - Extracted page 8 - dien-tu-dien-lanh, 40 items, total extracted: 3858
[2025-03-08T14:02:51.224+0000] {crawl_data.py:128} INFO - Extracted page 9 - dien-tu-dien-lanh, 40 items, total extracted: 3898
[2025-03-08T14:02:55.016+0000] {crawl_data.py:128} INFO - Extracted page 10 - dien-tu-dien-lanh, 40 items, total extracted: 3938
[2025-03-08T14:03:07.422+0000] {crawl_data.py:50} INFO - Updated crawled products at tiki-data/tiki_crawled/crawled_products.json
[2025-03-08T14:03:07.423+0000] {crawl_data.py:144} INFO - Uploaded raw data to tiki-data/tiki_raw_data/raw_20250308_140258.json, total items: 3938
[2025-03-08T14:03:07.491+0000] {tiki_extract_dag.py:25} INFO - Extracted data and saved to tiki_raw_data/raw_20250308_140258.json
[2025-03-08T14:03:07.493+0000] {python.py:240} INFO - Done. Returned value was: None
[2025-03-08T14:03:07.513+0000] {taskinstance.py:341} INFO - ::group::Post task execution logs
[2025-03-08T14:03:07.514+0000] {taskinstance.py:353} INFO - Marking task as SUCCESS. dag_id=tiki_extract_dag, task_id=extract_data, run_id=manual__2025-03-08T13:56:05.450258+00:00, execution_date=20250308T135605, start_date=20250308T135609, end_date=20250308T140307
[2025-03-08T14:03:07.564+0000] {logging_mixin.py:190} INFO - Task instance in success state
[2025-03-08T14:03:07.566+0000] {logging_mixin.py:190} INFO -  Previous state of the Task instance: running
[2025-03-08T14:03:07.567+0000] {logging_mixin.py:190} INFO - Dag name:tiki_extract_dag queued_at:2025-03-08 13:56:05.506014+00:00
[2025-03-08T14:03:07.567+0000] {logging_mixin.py:190} INFO - Task hostname:4dc18dee7126 operator:PythonOperator
[2025-03-08T14:03:07.631+0000] {local_task_job_runner.py:266} INFO - Task exited with return code 0
[2025-03-08T14:03:07.661+0000] {taskinstance.py:3901} INFO - 0 downstream tasks scheduled from follow-on schedule check
[2025-03-08T14:03:07.665+0000] {local_task_job_runner.py:245} INFO - ::endgroup::
