[2025-03-10T10:38:53.500+0000] {local_task_job_runner.py:123} INFO - ::group::Pre task execution logs
[2025-03-10T10:38:53.778+0000] {taskinstance.py:2614} INFO - Dependencies all met for dep_context=non-requeueable deps ti=<TaskInstance: tiki_extract_dag.crawl_dien-gia-dung manual__2025-03-10T10:33:29.927545+00:00 [queued]>
[2025-03-10T10:38:53.823+0000] {taskinstance.py:2614} INFO - Dependencies all met for dep_context=requeueable deps ti=<TaskInstance: tiki_extract_dag.crawl_dien-gia-dung manual__2025-03-10T10:33:29.927545+00:00 [queued]>
[2025-03-10T10:38:53.834+0000] {taskinstance.py:2867} INFO - Starting attempt 1 of 4
[2025-03-10T10:38:53.968+0000] {taskinstance.py:2890} INFO - Executing <Task(PythonOperator): crawl_dien-gia-dung> on 2025-03-10 10:33:29.927545+00:00
[2025-03-10T10:38:54.093+0000] {warnings.py:112} WARNING - /home/***/.local/lib/python3.12/site-packages/***/task/task_runner/standard_task_runner.py:70: DeprecationWarning: This process (pid=189) is multi-threaded, use of fork() may lead to deadlocks in the child.
  pid = os.fork()

[2025-03-10T10:38:54.131+0000] {standard_task_runner.py:72} INFO - Started process 215 to run task
[2025-03-10T10:38:54.143+0000] {standard_task_runner.py:104} INFO - Running: ['***', 'tasks', 'run', 'tiki_extract_dag', 'crawl_dien-gia-dung', 'manual__2025-03-10T10:33:29.927545+00:00', '--job-id', '464', '--raw', '--subdir', 'DAGS_FOLDER/tiki_extract_dag.py', '--cfg-path', '/tmp/tmprac9n647']
[2025-03-10T10:38:54.147+0000] {standard_task_runner.py:105} INFO - Job 464: Subtask crawl_dien-gia-dung
[2025-03-10T10:38:54.804+0000] {task_command.py:467} INFO - Running <TaskInstance: tiki_extract_dag.crawl_dien-gia-dung manual__2025-03-10T10:33:29.927545+00:00 [running]> on host 0c9fb3f19112
[2025-03-10T10:39:08.950+0000] {taskinstance.py:3134} INFO - Exporting env vars: AIRFLOW_CTX_DAG_OWNER='***' AIRFLOW_CTX_DAG_ID='tiki_extract_dag' AIRFLOW_CTX_TASK_ID='crawl_dien-gia-dung' AIRFLOW_CTX_EXECUTION_DATE='2025-03-10T10:33:29.927545+00:00' AIRFLOW_CTX_TRY_NUMBER='1' AIRFLOW_CTX_DAG_RUN_ID='manual__2025-03-10T10:33:29.927545+00:00'
[2025-03-10T10:39:08.952+0000] {logging_mixin.py:190} INFO - Task instance is in running state
[2025-03-10T10:39:08.952+0000] {logging_mixin.py:190} INFO -  Previous state of the Task instance: queued
[2025-03-10T10:39:08.953+0000] {logging_mixin.py:190} INFO - Current task name:crawl_dien-gia-dung state:running start_date:2025-03-10 10:38:53.779680+00:00
[2025-03-10T10:39:08.954+0000] {logging_mixin.py:190} INFO - Dag name:tiki_extract_dag and current dag run status:running
[2025-03-10T10:39:08.955+0000] {taskinstance.py:732} INFO - ::endgroup::
[2025-03-10T10:39:11.171+0000] {tiki_extract_dag.py:132} INFO - Starting crawl for category dien-gia-dung (ID: 1882)
[2025-03-10T10:39:11.173+0000] {tiki_extract_dag.py:134} INFO - Calling API: https://tiki.vn/api/v2/products with params: {'page': 1, 'limit': 40, 'category': '1882'}
[2025-03-10T10:39:12.275+0000] {tiki_extract_dag.py:143} INFO - Total pages for dien-gia-dung: 50 (limited to 50)
[2025-03-10T10:39:32.491+0000] {connectionpool.py:868} WARNING - Retrying (Retry(total=4, connect=5, read=4, redirect=None, status=None)) after connection broken by 'ReadTimeoutError("HTTPSConnectionPool(host='tiki.vn', port=443): Read timed out. (read timeout=15)")': /api/v2/products/275189129
[2025-03-10T10:39:36.626+0000] {job.py:229} INFO - Heartbeat recovered after 21.55 seconds
[2025-03-10T10:39:43.888+0000] {tiki_extract_dag.py:119} ERROR - Error fetching details for product 262733056: Expecting value: line 1 column 1 (char 0)
[2025-03-10T10:39:44.034+0000] {tiki_extract_dag.py:119} ERROR - Error fetching details for product 188042106: Expecting value: line 1 column 1 (char 0)
[2025-03-10T10:39:44.204+0000] {tiki_extract_dag.py:119} ERROR - Error fetching details for product 187938785: Expecting value: line 1 column 1 (char 0)
[2025-03-10T10:39:44.430+0000] {tiki_extract_dag.py:119} ERROR - Error fetching details for product 157950027: Expecting value: line 1 column 1 (char 0)
[2025-03-10T10:39:44.652+0000] {tiki_extract_dag.py:119} ERROR - Error fetching details for product 147903537: Expecting value: line 1 column 1 (char 0)
[2025-03-10T10:40:00.638+0000] {connectionpool.py:868} WARNING - Retrying (Retry(total=4, connect=5, read=4, redirect=None, status=None)) after connection broken by 'ReadTimeoutError("HTTPSConnectionPool(host='tiki.vn', port=443): Read timed out. (read timeout=15)")': /api/v2/products/147903536
[2025-03-10T10:40:04.375+0000] {job.py:229} INFO - Heartbeat recovered after 22.08 seconds
[2025-03-10T10:40:04.820+0000] {tiki_extract_dag.py:119} ERROR - Error fetching details for product 147903536: Expecting value: line 1 column 1 (char 0)
[2025-03-10T10:40:04.996+0000] {tiki_extract_dag.py:119} ERROR - Error fetching details for product 134333384: Expecting value: line 1 column 1 (char 0)
[2025-03-10T10:40:05.151+0000] {tiki_extract_dag.py:119} ERROR - Error fetching details for product 127046577: Expecting value: line 1 column 1 (char 0)
[2025-03-10T10:40:05.303+0000] {tiki_extract_dag.py:119} ERROR - Error fetching details for product 110255220: Expecting value: line 1 column 1 (char 0)
[2025-03-10T10:40:05.450+0000] {tiki_extract_dag.py:119} ERROR - Error fetching details for product 104908436: Expecting value: line 1 column 1 (char 0)
[2025-03-10T10:40:05.598+0000] {tiki_extract_dag.py:119} ERROR - Error fetching details for product 104850983: Expecting value: line 1 column 1 (char 0)
[2025-03-10T10:40:05.744+0000] {tiki_extract_dag.py:119} ERROR - Error fetching details for product 78488079: Expecting value: line 1 column 1 (char 0)
[2025-03-10T10:40:05.889+0000] {tiki_extract_dag.py:119} ERROR - Error fetching details for product 74890928: Expecting value: line 1 column 1 (char 0)
[2025-03-10T10:40:06.040+0000] {tiki_extract_dag.py:119} ERROR - Error fetching details for product 74173695: Expecting value: line 1 column 1 (char 0)
[2025-03-10T10:40:06.187+0000] {tiki_extract_dag.py:119} ERROR - Error fetching details for product 72825272: Expecting value: line 1 column 1 (char 0)
[2025-03-10T10:40:06.350+0000] {tiki_extract_dag.py:119} ERROR - Error fetching details for product 68771348: Expecting value: line 1 column 1 (char 0)
[2025-03-10T10:40:06.508+0000] {tiki_extract_dag.py:119} ERROR - Error fetching details for product 66512832: Expecting value: line 1 column 1 (char 0)
[2025-03-10T10:40:06.686+0000] {tiki_extract_dag.py:119} ERROR - Error fetching details for product 63564217: Expecting value: line 1 column 1 (char 0)
[2025-03-10T10:40:06.840+0000] {tiki_extract_dag.py:119} ERROR - Error fetching details for product 59479717: Expecting value: line 1 column 1 (char 0)
[2025-03-10T10:40:07.013+0000] {tiki_extract_dag.py:119} ERROR - Error fetching details for product 54716577: Expecting value: line 1 column 1 (char 0)
[2025-03-10T10:40:07.184+0000] {tiki_extract_dag.py:119} ERROR - Error fetching details for product 48962414: Expecting value: line 1 column 1 (char 0)
[2025-03-10T10:40:07.331+0000] {tiki_extract_dag.py:119} ERROR - Error fetching details for product 48025254: Expecting value: line 1 column 1 (char 0)
[2025-03-10T10:40:07.485+0000] {tiki_extract_dag.py:119} ERROR - Error fetching details for product 44996545: Expecting value: line 1 column 1 (char 0)
[2025-03-10T10:40:07.675+0000] {tiki_extract_dag.py:119} ERROR - Error fetching details for product 36626940: Expecting value: line 1 column 1 (char 0)
[2025-03-10T10:40:07.875+0000] {tiki_extract_dag.py:119} ERROR - Error fetching details for product 11755648: Expecting value: line 1 column 1 (char 0)
[2025-03-10T10:40:08.029+0000] {tiki_extract_dag.py:119} ERROR - Error fetching details for product 10597625: Expecting value: line 1 column 1 (char 0)
[2025-03-10T10:40:08.284+0000] {tiki_extract_dag.py:119} ERROR - Error fetching details for product 9483224: Expecting value: line 1 column 1 (char 0)
[2025-03-10T10:40:08.508+0000] {tiki_extract_dag.py:119} ERROR - Error fetching details for product 4701559: Expecting value: line 1 column 1 (char 0)
[2025-03-10T10:40:17.417+0000] {tiki_extract_dag.py:119} ERROR - Error fetching details for product 4534531: Expecting value: line 1 column 1 (char 0)
[2025-03-10T10:40:29.095+0000] {job.py:229} INFO - Heartbeat recovered after 24.73 seconds
[2025-03-10T10:40:32.844+0000] {tiki_extract_dag.py:156} INFO - Calling API: https://tiki.vn/api/v2/products with params: {'page': 2, 'limit': 40, 'category': '1882'}
[2025-03-10T10:40:36.221+0000] {tiki_extract_dag.py:119} ERROR - Error fetching details for product 275068673: Expecting value: line 1 column 1 (char 0)
[2025-03-10T10:40:36.390+0000] {tiki_extract_dag.py:119} ERROR - Error fetching details for product 273568833: Expecting value: line 1 column 1 (char 0)
[2025-03-10T10:40:36.539+0000] {tiki_extract_dag.py:119} ERROR - Error fetching details for product 273358116: Expecting value: line 1 column 1 (char 0)
[2025-03-10T10:40:36.686+0000] {tiki_extract_dag.py:119} ERROR - Error fetching details for product 271421398: Expecting value: line 1 column 1 (char 0)
[2025-03-10T10:40:36.837+0000] {tiki_extract_dag.py:119} ERROR - Error fetching details for product 270441219: Expecting value: line 1 column 1 (char 0)
[2025-03-10T10:40:36.984+0000] {tiki_extract_dag.py:119} ERROR - Error fetching details for product 269963837: Expecting value: line 1 column 1 (char 0)
[2025-03-10T10:40:37.134+0000] {tiki_extract_dag.py:119} ERROR - Error fetching details for product 221044081: Expecting value: line 1 column 1 (char 0)
[2025-03-10T10:40:37.280+0000] {tiki_extract_dag.py:119} ERROR - Error fetching details for product 198961119: Expecting value: line 1 column 1 (char 0)
[2025-03-10T10:40:37.433+0000] {tiki_extract_dag.py:119} ERROR - Error fetching details for product 185248203: Expecting value: line 1 column 1 (char 0)
[2025-03-10T10:40:37.601+0000] {tiki_extract_dag.py:119} ERROR - Error fetching details for product 178462936: Expecting value: line 1 column 1 (char 0)
[2025-03-10T10:40:37.753+0000] {tiki_extract_dag.py:119} ERROR - Error fetching details for product 176150377: Expecting value: line 1 column 1 (char 0)
[2025-03-10T10:40:37.898+0000] {tiki_extract_dag.py:119} ERROR - Error fetching details for product 163825477: Expecting value: line 1 column 1 (char 0)
[2025-03-10T10:40:38.046+0000] {tiki_extract_dag.py:119} ERROR - Error fetching details for product 162841495: Expecting value: line 1 column 1 (char 0)
[2025-03-10T10:40:38.211+0000] {tiki_extract_dag.py:119} ERROR - Error fetching details for product 161017652: Expecting value: line 1 column 1 (char 0)
[2025-03-10T10:40:38.369+0000] {tiki_extract_dag.py:119} ERROR - Error fetching details for product 134550148: Expecting value: line 1 column 1 (char 0)
[2025-03-10T10:40:38.518+0000] {tiki_extract_dag.py:119} ERROR - Error fetching details for product 109393205: Expecting value: line 1 column 1 (char 0)
[2025-03-10T10:40:38.687+0000] {tiki_extract_dag.py:119} ERROR - Error fetching details for product 109298151: Expecting value: line 1 column 1 (char 0)
[2025-03-10T10:40:38.837+0000] {tiki_extract_dag.py:119} ERROR - Error fetching details for product 103692716: Expecting value: line 1 column 1 (char 0)
[2025-03-10T10:40:38.986+0000] {tiki_extract_dag.py:119} ERROR - Error fetching details for product 81676555: Expecting value: line 1 column 1 (char 0)
[2025-03-10T10:40:39.132+0000] {tiki_extract_dag.py:119} ERROR - Error fetching details for product 72286199: Expecting value: line 1 column 1 (char 0)
[2025-03-10T10:40:39.281+0000] {tiki_extract_dag.py:119} ERROR - Error fetching details for product 67012257: Expecting value: line 1 column 1 (char 0)
[2025-03-10T10:40:39.429+0000] {tiki_extract_dag.py:119} ERROR - Error fetching details for product 57588479: Expecting value: line 1 column 1 (char 0)
[2025-03-10T10:40:39.576+0000] {tiki_extract_dag.py:119} ERROR - Error fetching details for product 48537880: Expecting value: line 1 column 1 (char 0)
[2025-03-10T10:40:39.724+0000] {tiki_extract_dag.py:119} ERROR - Error fetching details for product 37535371: Expecting value: line 1 column 1 (char 0)
[2025-03-10T10:40:39.889+0000] {tiki_extract_dag.py:119} ERROR - Error fetching details for product 36627517: Expecting value: line 1 column 1 (char 0)
[2025-03-10T10:40:40.058+0000] {tiki_extract_dag.py:119} ERROR - Error fetching details for product 31502012: Expecting value: line 1 column 1 (char 0)
[2025-03-10T10:40:40.205+0000] {tiki_extract_dag.py:119} ERROR - Error fetching details for product 14678375: Expecting value: line 1 column 1 (char 0)
[2025-03-10T10:40:40.355+0000] {tiki_extract_dag.py:119} ERROR - Error fetching details for product 8073003: Expecting value: line 1 column 1 (char 0)
[2025-03-10T10:40:40.499+0000] {tiki_extract_dag.py:119} ERROR - Error fetching details for product 3611017: Expecting value: line 1 column 1 (char 0)
[2025-03-10T10:40:40.648+0000] {tiki_extract_dag.py:119} ERROR - Error fetching details for product 3577985: Expecting value: line 1 column 1 (char 0)
[2025-03-10T10:40:40.797+0000] {tiki_extract_dag.py:119} ERROR - Error fetching details for product 2635459: Expecting value: line 1 column 1 (char 0)
[2025-03-10T10:40:40.944+0000] {tiki_extract_dag.py:119} ERROR - Error fetching details for product 2394877: Expecting value: line 1 column 1 (char 0)
[2025-03-10T10:40:41.111+0000] {tiki_extract_dag.py:119} ERROR - Error fetching details for product 1695753: Expecting value: line 1 column 1 (char 0)
[2025-03-10T10:40:41.259+0000] {tiki_extract_dag.py:119} ERROR - Error fetching details for product 795679: Expecting value: line 1 column 1 (char 0)
[2025-03-10T10:40:41.410+0000] {tiki_extract_dag.py:119} ERROR - Error fetching details for product 684651: Expecting value: line 1 column 1 (char 0)
[2025-03-10T10:40:41.561+0000] {tiki_extract_dag.py:119} ERROR - Error fetching details for product 630207: Expecting value: line 1 column 1 (char 0)
[2025-03-10T10:40:41.711+0000] {tiki_extract_dag.py:119} ERROR - Error fetching details for product 532619: Expecting value: line 1 column 1 (char 0)
[2025-03-10T10:40:41.860+0000] {tiki_extract_dag.py:119} ERROR - Error fetching details for product 445000: Expecting value: line 1 column 1 (char 0)
[2025-03-10T10:40:42.015+0000] {tiki_extract_dag.py:119} ERROR - Error fetching details for product 392067: Expecting value: line 1 column 1 (char 0)
[2025-03-10T10:40:42.016+0000] {tiki_extract_dag.py:175} INFO - Extracted page 2/50 for category dien-gia-dung, total items: 80
[2025-03-10T10:40:53.986+0000] {tiki_extract_dag.py:156} INFO - Calling API: https://tiki.vn/api/v2/products with params: {'page': 3, 'limit': 40, 'category': '1882'}
[2025-03-10T10:40:54.152+0000] {tiki_extract_dag.py:178} ERROR - API error at page 3 in category dien-gia-dung: Expecting value: line 1 column 1 (char 0)
[2025-03-10T10:40:58.208+0000] {tiki_extract_dag.py:50} INFO - Updated crawled products at tiki-pipeline/tiki_crawled/crawled_products.json
[2025-03-10T10:40:58.209+0000] {tiki_extract_dag.py:192} INFO - Uploaded raw data to tiki-pipeline/raw_data/dien-gia-dung_20250310_104054.json, total items: 80
[2025-03-10T10:40:58.789+0000] {tiki_extract_dag.py:204} INFO - Saved metadata to tiki-pipeline/metadata/dien-gia-dung_extract_run_metadata_20250310_104054.json
[2025-03-10T10:40:58.790+0000] {python.py:240} INFO - Done. Returned value was: None
[2025-03-10T10:40:58.816+0000] {taskinstance.py:341} INFO - ::group::Post task execution logs
[2025-03-10T10:40:58.817+0000] {taskinstance.py:353} INFO - Marking task as SUCCESS. dag_id=tiki_extract_dag, task_id=crawl_dien-gia-dung, run_id=manual__2025-03-10T10:33:29.927545+00:00, execution_date=20250310T103329, start_date=20250310T103853, end_date=20250310T104058
[2025-03-10T10:40:58.861+0000] {logging_mixin.py:190} INFO - Task instance in success state
[2025-03-10T10:40:58.862+0000] {logging_mixin.py:190} INFO -  Previous state of the Task instance: running
[2025-03-10T10:40:58.862+0000] {logging_mixin.py:190} INFO - Dag name:tiki_extract_dag queued_at:2025-03-10 10:33:30.016202+00:00
[2025-03-10T10:40:58.863+0000] {logging_mixin.py:190} INFO - Task hostname:0c9fb3f19112 operator:PythonOperator
[2025-03-10T10:40:58.914+0000] {local_task_job_runner.py:266} INFO - Task exited with return code 0
[2025-03-10T10:40:58.992+0000] {taskinstance.py:3901} INFO - 0 downstream tasks scheduled from follow-on schedule check
[2025-03-10T10:40:59.000+0000] {local_task_job_runner.py:245} INFO - ::endgroup::
