[2025-03-10T10:25:42.316+0000] {local_task_job_runner.py:123} INFO - ::group::Pre task execution logs
[2025-03-10T10:25:42.397+0000] {taskinstance.py:2614} INFO - Dependencies all met for dep_context=non-requeueable deps ti=<TaskInstance: tiki_extract_dag.crawl_sach manual__2025-03-10T10:25:23.953696+00:00 [queued]>
[2025-03-10T10:25:42.445+0000] {taskinstance.py:2614} INFO - Dependencies all met for dep_context=requeueable deps ti=<TaskInstance: tiki_extract_dag.crawl_sach manual__2025-03-10T10:25:23.953696+00:00 [queued]>
[2025-03-10T10:25:42.447+0000] {taskinstance.py:2867} INFO - Starting attempt 1 of 4
[2025-03-10T10:25:42.517+0000] {taskinstance.py:2890} INFO - Executing <Task(PythonOperator): crawl_sach> on 2025-03-10 10:25:23.953696+00:00
[2025-03-10T10:25:42.702+0000] {standard_task_runner.py:104} INFO - Running: ['***', 'tasks', 'run', 'tiki_extract_dag', 'crawl_sach', 'manual__2025-03-10T10:25:23.953696+00:00', '--job-id', '443', '--raw', '--subdir', 'DAGS_FOLDER/tiki_extract_dag.py', '--cfg-path', '/tmp/tmppqp_vufy']
[2025-03-10T10:25:42.717+0000] {standard_task_runner.py:105} INFO - Job 443: Subtask crawl_sach
[2025-03-10T10:25:42.710+0000] {warnings.py:112} WARNING - /home/***/.local/lib/python3.12/site-packages/***/task/task_runner/standard_task_runner.py:70: DeprecationWarning: This process (pid=173) is multi-threaded, use of fork() may lead to deadlocks in the child.
  pid = os.fork()

[2025-03-10T10:25:42.726+0000] {standard_task_runner.py:72} INFO - Started process 191 to run task
[2025-03-10T10:25:43.056+0000] {task_command.py:467} INFO - Running <TaskInstance: tiki_extract_dag.crawl_sach manual__2025-03-10T10:25:23.953696+00:00 [running]> on host c77555d100c4
[2025-03-10T10:25:48.702+0000] {taskinstance.py:3134} INFO - Exporting env vars: AIRFLOW_CTX_DAG_OWNER='***' AIRFLOW_CTX_DAG_ID='tiki_extract_dag' AIRFLOW_CTX_TASK_ID='crawl_sach' AIRFLOW_CTX_EXECUTION_DATE='2025-03-10T10:25:23.953696+00:00' AIRFLOW_CTX_TRY_NUMBER='1' AIRFLOW_CTX_DAG_RUN_ID='manual__2025-03-10T10:25:23.953696+00:00'
[2025-03-10T10:25:48.724+0000] {logging_mixin.py:190} INFO - Task instance is in running state
[2025-03-10T10:25:48.725+0000] {logging_mixin.py:190} INFO -  Previous state of the Task instance: queued
[2025-03-10T10:25:48.727+0000] {logging_mixin.py:190} INFO - Current task name:crawl_sach state:running start_date:2025-03-10 10:25:42.398484+00:00
[2025-03-10T10:25:48.728+0000] {logging_mixin.py:190} INFO - Dag name:tiki_extract_dag and current dag run status:running
[2025-03-10T10:25:48.732+0000] {taskinstance.py:732} INFO - ::endgroup::
[2025-03-10T10:25:51.034+0000] {tiki_extract_dag.py:132} INFO - Starting crawl for category sach (ID: 8322)
[2025-03-10T10:25:51.035+0000] {tiki_extract_dag.py:134} INFO - Calling API: https://tiki.vn/api/v2/products with params: {'page': 1, 'limit': 40, 'category': '8322'}
[2025-03-10T10:25:51.476+0000] {tiki_extract_dag.py:143} INFO - Total pages for sach: 50 (limited to 50)
[2025-03-10T10:25:51.478+0000] {tiki_extract_dag.py:156} INFO - Calling API: https://tiki.vn/api/v2/products with params: {'page': 2, 'limit': 40, 'category': '8322'}
[2025-03-10T10:25:51.757+0000] {tiki_extract_dag.py:175} INFO - Extracted page 2/50 for category sach, total items: 0
[2025-03-10T10:26:02.614+0000] {tiki_extract_dag.py:156} INFO - Calling API: https://tiki.vn/api/v2/products with params: {'page': 3, 'limit': 40, 'category': '8322'}
[2025-03-10T10:26:14.971+0000] {tiki_extract_dag.py:175} INFO - Extracted page 3/50 for category sach, total items: 40
[2025-03-10T10:26:25.964+0000] {tiki_extract_dag.py:156} INFO - Calling API: https://tiki.vn/api/v2/products with params: {'page': 4, 'limit': 40, 'category': '8322'}
[2025-03-10T10:26:38.810+0000] {tiki_extract_dag.py:175} INFO - Extracted page 4/50 for category sach, total items: 80
[2025-03-10T10:26:52.697+0000] {tiki_extract_dag.py:156} INFO - Calling API: https://tiki.vn/api/v2/products with params: {'page': 5, 'limit': 40, 'category': '8322'}
[2025-03-10T10:27:05.235+0000] {tiki_extract_dag.py:175} INFO - Extracted page 5/50 for category sach, total items: 120
[2025-03-10T10:27:17.889+0000] {tiki_extract_dag.py:156} INFO - Calling API: https://tiki.vn/api/v2/products with params: {'page': 6, 'limit': 40, 'category': '8322'}
[2025-03-10T10:27:31.217+0000] {tiki_extract_dag.py:175} INFO - Extracted page 6/50 for category sach, total items: 160
[2025-03-10T10:27:41.685+0000] {tiki_extract_dag.py:156} INFO - Calling API: https://tiki.vn/api/v2/products with params: {'page': 7, 'limit': 40, 'category': '8322'}
[2025-03-10T10:27:54.658+0000] {tiki_extract_dag.py:175} INFO - Extracted page 7/50 for category sach, total items: 200
[2025-03-10T10:28:04.811+0000] {tiki_extract_dag.py:156} INFO - Calling API: https://tiki.vn/api/v2/products with params: {'page': 8, 'limit': 40, 'category': '8322'}
[2025-03-10T10:28:16.421+0000] {tiki_extract_dag.py:175} INFO - Extracted page 8/50 for category sach, total items: 240
[2025-03-10T10:28:28.675+0000] {tiki_extract_dag.py:156} INFO - Calling API: https://tiki.vn/api/v2/products with params: {'page': 9, 'limit': 40, 'category': '8322'}
[2025-03-10T10:28:40.905+0000] {tiki_extract_dag.py:175} INFO - Extracted page 9/50 for category sach, total items: 280
