[2025-03-09T16:17:24.906+0000] {local_task_job_runner.py:123} INFO - ::group::Pre task execution logs
[2025-03-09T16:17:24.967+0000] {taskinstance.py:2614} INFO - Dependencies all met for dep_context=non-requeueable deps ti=<TaskInstance: tiki_etl_orchestration.trigger_transform manual__2025-03-09T16:16:18.118770+00:00 [queued]>
[2025-03-09T16:17:24.998+0000] {taskinstance.py:2614} INFO - Dependencies all met for dep_context=requeueable deps ti=<TaskInstance: tiki_etl_orchestration.trigger_transform manual__2025-03-09T16:16:18.118770+00:00 [queued]>
[2025-03-09T16:17:24.999+0000] {taskinstance.py:2867} INFO - Starting attempt 1 of 1
[2025-03-09T16:17:25.296+0000] {taskinstance.py:2890} INFO - Executing <Task(TriggerDagRunOperator): trigger_transform> on 2025-03-09 16:16:18.118770+00:00
[2025-03-09T16:17:25.312+0000] {warnings.py:112} WARNING - /home/***/.local/lib/python3.12/site-packages/***/task/task_runner/standard_task_runner.py:70: DeprecationWarning: This process (pid=111) is multi-threaded, use of fork() may lead to deadlocks in the child.
  pid = os.fork()

[2025-03-09T16:17:25.318+0000] {standard_task_runner.py:72} INFO - Started process 117 to run task
[2025-03-09T16:17:25.318+0000] {standard_task_runner.py:104} INFO - Running: ['***', 'tasks', 'run', 'tiki_etl_orchestration', 'trigger_transform', 'manual__2025-03-09T16:16:18.118770+00:00', '--job-id', '205', '--raw', '--subdir', 'DAGS_FOLDER/tiki_etl_orchestration.py', '--cfg-path', '/tmp/tmp3wn527fp']
[2025-03-09T16:17:25.320+0000] {standard_task_runner.py:105} INFO - Job 205: Subtask trigger_transform
[2025-03-09T16:17:25.548+0000] {task_command.py:467} INFO - Running <TaskInstance: tiki_etl_orchestration.trigger_transform manual__2025-03-09T16:16:18.118770+00:00 [running]> on host 41de56cfff50
[2025-03-09T16:17:25.737+0000] {taskinstance.py:3134} INFO - Exporting env vars: AIRFLOW_CTX_DAG_OWNER='***' AIRFLOW_CTX_DAG_ID='tiki_etl_orchestration' AIRFLOW_CTX_TASK_ID='trigger_transform' AIRFLOW_CTX_EXECUTION_DATE='2025-03-09T16:16:18.118770+00:00' AIRFLOW_CTX_TRY_NUMBER='1' AIRFLOW_CTX_DAG_RUN_ID='manual__2025-03-09T16:16:18.118770+00:00'
[2025-03-09T16:17:25.740+0000] {logging_mixin.py:190} INFO - Task instance is in running state
[2025-03-09T16:17:25.741+0000] {logging_mixin.py:190} INFO -  Previous state of the Task instance: queued
[2025-03-09T16:17:25.742+0000] {logging_mixin.py:190} INFO - Current task name:trigger_transform state:running start_date:2025-03-09 16:17:24.969309+00:00
[2025-03-09T16:17:25.742+0000] {logging_mixin.py:190} INFO - Dag name:tiki_etl_orchestration and current dag run status:running
[2025-03-09T16:17:25.743+0000] {taskinstance.py:732} INFO - ::endgroup::
[2025-03-09T16:17:25.911+0000] {trigger_dagrun.py:257} INFO - Waiting for tiki_transform_dag on 2025-03-09 16:17:25.744516+00:00 to become allowed state ['success'] ...
[2025-03-09T16:17:35.964+0000] {taskinstance.py:3313} ERROR - Task failed with exception
Traceback (most recent call last):
  File "/home/airflow/.local/lib/python3.12/site-packages/airflow/models/taskinstance.py", line 768, in _execute_task
    result = _execute_callable(context=context, **execute_callable_kwargs)
             ^^^^^^^^^^^^^^^^^^^^^^^^^^^^^^^^^^^^^^^^^^^^^^^^^^^^^^^^^^^^^
  File "/home/airflow/.local/lib/python3.12/site-packages/airflow/models/taskinstance.py", line 734, in _execute_callable
    return ExecutionCallableRunner(
           ^^^^^^^^^^^^^^^^^^^^^^^^
  File "/home/airflow/.local/lib/python3.12/site-packages/airflow/utils/operator_helpers.py", line 252, in run
    return self.func(*args, **kwargs)
           ^^^^^^^^^^^^^^^^^^^^^^^^^^
  File "/home/airflow/.local/lib/python3.12/site-packages/airflow/models/baseoperator.py", line 424, in wrapper
    return func(self, *args, **kwargs)
           ^^^^^^^^^^^^^^^^^^^^^^^^^^^
  File "/home/airflow/.local/lib/python3.12/site-packages/airflow/operators/trigger_dagrun.py", line 269, in execute
    raise AirflowException(f"{self.trigger_dag_id} failed with failed states {state}")
airflow.exceptions.AirflowException: tiki_transform_dag failed with failed states failed
[2025-03-09T16:17:35.985+0000] {logging_mixin.py:190} INFO - Task instance in failure state
[2025-03-09T16:17:35.987+0000] {logging_mixin.py:190} INFO - Task start:2025-03-09 16:17:24.969309+00:00 end:2025-03-09 16:17:35.984447+00:00 duration:11.015138
[2025-03-09T16:17:35.989+0000] {logging_mixin.py:190} INFO - Task:<Task(TriggerDagRunOperator): trigger_transform> dag:<DAG: tiki_etl_orchestration> dagrun:<DagRun tiki_etl_orchestration @ 2025-03-09 16:16:18.118770+00:00: manual__2025-03-09T16:16:18.118770+00:00, state:running, queued_at: 2025-03-09 16:16:19.631055+00:00. externally triggered: True>
[2025-03-09T16:17:35.993+0000] {logging_mixin.py:190} INFO - Failure caused by tiki_transform_dag failed with failed states failed
[2025-03-09T16:17:35.996+0000] {taskinstance.py:1226} INFO - Marking task as FAILED. dag_id=tiki_etl_orchestration, task_id=trigger_transform, run_id=manual__2025-03-09T16:16:18.118770+00:00, execution_date=20250309T161618, start_date=20250309T161724, end_date=20250309T161735
[2025-03-09T16:17:36.072+0000] {taskinstance.py:341} INFO - ::group::Post task execution logs
[2025-03-09T16:17:36.074+0000] {standard_task_runner.py:124} ERROR - Failed to execute job 205 for task trigger_transform (tiki_transform_dag failed with failed states failed; 117)
Traceback (most recent call last):
  File "/home/airflow/.local/lib/python3.12/site-packages/airflow/task/task_runner/standard_task_runner.py", line 117, in _start_by_fork
    ret = args.func(args, dag=self.dag)
          ^^^^^^^^^^^^^^^^^^^^^^^^^^^^^
  File "/home/airflow/.local/lib/python3.12/site-packages/airflow/cli/cli_config.py", line 49, in command
    return func(*args, **kwargs)
           ^^^^^^^^^^^^^^^^^^^^^
  File "/home/airflow/.local/lib/python3.12/site-packages/airflow/utils/cli.py", line 116, in wrapper
    return f(*args, **kwargs)
           ^^^^^^^^^^^^^^^^^^
  File "/home/airflow/.local/lib/python3.12/site-packages/airflow/cli/commands/task_command.py", line 483, in task_run
    task_return_code = _run_task_by_selected_method(args, _dag, ti)
                       ^^^^^^^^^^^^^^^^^^^^^^^^^^^^^^^^^^^^^^^^^^^^
  File "/home/airflow/.local/lib/python3.12/site-packages/airflow/cli/commands/task_command.py", line 256, in _run_task_by_selected_method
    return _run_raw_task(args, ti)
           ^^^^^^^^^^^^^^^^^^^^^^^
  File "/home/airflow/.local/lib/python3.12/site-packages/airflow/cli/commands/task_command.py", line 341, in _run_raw_task
    return ti._run_raw_task(
           ^^^^^^^^^^^^^^^^^
  File "/home/airflow/.local/lib/python3.12/site-packages/airflow/utils/session.py", line 97, in wrapper
    return func(*args, session=session, **kwargs)
           ^^^^^^^^^^^^^^^^^^^^^^^^^^^^^^^^^^^^^^
  File "/home/airflow/.local/lib/python3.12/site-packages/airflow/models/taskinstance.py", line 3006, in _run_raw_task
    return _run_raw_task(
           ^^^^^^^^^^^^^^
  File "/home/airflow/.local/lib/python3.12/site-packages/airflow/models/taskinstance.py", line 274, in _run_raw_task
    TaskInstance._execute_task_with_callbacks(
  File "/home/airflow/.local/lib/python3.12/site-packages/airflow/models/taskinstance.py", line 3161, in _execute_task_with_callbacks
    result = self._execute_task(context, task_orig)
             ^^^^^^^^^^^^^^^^^^^^^^^^^^^^^^^^^^^^^^
  File "/home/airflow/.local/lib/python3.12/site-packages/airflow/models/taskinstance.py", line 3185, in _execute_task
    return _execute_task(self, context, task_orig)
           ^^^^^^^^^^^^^^^^^^^^^^^^^^^^^^^^^^^^^^^
  File "/home/airflow/.local/lib/python3.12/site-packages/airflow/models/taskinstance.py", line 768, in _execute_task
    result = _execute_callable(context=context, **execute_callable_kwargs)
             ^^^^^^^^^^^^^^^^^^^^^^^^^^^^^^^^^^^^^^^^^^^^^^^^^^^^^^^^^^^^^
  File "/home/airflow/.local/lib/python3.12/site-packages/airflow/models/taskinstance.py", line 734, in _execute_callable
    return ExecutionCallableRunner(
           ^^^^^^^^^^^^^^^^^^^^^^^^
  File "/home/airflow/.local/lib/python3.12/site-packages/airflow/utils/operator_helpers.py", line 252, in run
    return self.func(*args, **kwargs)
           ^^^^^^^^^^^^^^^^^^^^^^^^^^
  File "/home/airflow/.local/lib/python3.12/site-packages/airflow/models/baseoperator.py", line 424, in wrapper
    return func(self, *args, **kwargs)
           ^^^^^^^^^^^^^^^^^^^^^^^^^^^
  File "/home/airflow/.local/lib/python3.12/site-packages/airflow/operators/trigger_dagrun.py", line 269, in execute
    raise AirflowException(f"{self.trigger_dag_id} failed with failed states {state}")
airflow.exceptions.AirflowException: tiki_transform_dag failed with failed states failed
[2025-03-09T16:17:36.121+0000] {local_task_job_runner.py:266} INFO - Task exited with return code 1
[2025-03-09T16:17:36.175+0000] {taskinstance.py:3901} INFO - 0 downstream tasks scheduled from follow-on schedule check
[2025-03-09T16:17:36.183+0000] {local_task_job_runner.py:245} INFO - ::endgroup::
