[2025-03-10T10:25:42.590+0000] {local_task_job_runner.py:123} INFO - ::group::Pre task execution logs
[2025-03-10T10:25:42.662+0000] {taskinstance.py:2614} INFO - Dependencies all met for dep_context=non-requeueable deps ti=<TaskInstance: tiki_extract_dag.crawl_laptop-may-vi-tinh-linh-kien manual__2025-03-10T10:25:23.953696+00:00 [queued]>
[2025-03-10T10:25:42.698+0000] {taskinstance.py:2614} INFO - Dependencies all met for dep_context=requeueable deps ti=<TaskInstance: tiki_extract_dag.crawl_laptop-may-vi-tinh-linh-kien manual__2025-03-10T10:25:23.953696+00:00 [queued]>
[2025-03-10T10:25:42.702+0000] {taskinstance.py:2867} INFO - Starting attempt 1 of 4
[2025-03-10T10:25:42.756+0000] {taskinstance.py:2890} INFO - Executing <Task(PythonOperator): crawl_laptop-may-vi-tinh-linh-kien> on 2025-03-10 10:25:23.953696+00:00
[2025-03-10T10:25:42.830+0000] {warnings.py:112} WARNING - /home/***/.local/lib/python3.12/site-packages/***/task/task_runner/standard_task_runner.py:70: DeprecationWarning: This process (pid=166) is multi-threaded, use of fork() may lead to deadlocks in the child.
  pid = os.fork()

[2025-03-10T10:25:42.836+0000] {standard_task_runner.py:72} INFO - Started process 201 to run task
[2025-03-10T10:25:42.847+0000] {standard_task_runner.py:104} INFO - Running: ['***', 'tasks', 'run', 'tiki_extract_dag', 'crawl_laptop-may-vi-tinh-linh-kien', 'manual__2025-03-10T10:25:23.953696+00:00', '--job-id', '449', '--raw', '--subdir', 'DAGS_FOLDER/tiki_extract_dag.py', '--cfg-path', '/tmp/tmppqrfi4y9']
[2025-03-10T10:25:42.852+0000] {standard_task_runner.py:105} INFO - Job 449: Subtask crawl_laptop-may-vi-tinh-linh-kien
[2025-03-10T10:25:43.314+0000] {task_command.py:467} INFO - Running <TaskInstance: tiki_extract_dag.crawl_laptop-may-vi-tinh-linh-kien manual__2025-03-10T10:25:23.953696+00:00 [running]> on host c77555d100c4
[2025-03-10T10:25:49.483+0000] {taskinstance.py:3134} INFO - Exporting env vars: AIRFLOW_CTX_DAG_OWNER='***' AIRFLOW_CTX_DAG_ID='tiki_extract_dag' AIRFLOW_CTX_TASK_ID='crawl_laptop-may-vi-tinh-linh-kien' AIRFLOW_CTX_EXECUTION_DATE='2025-03-10T10:25:23.953696+00:00' AIRFLOW_CTX_TRY_NUMBER='1' AIRFLOW_CTX_DAG_RUN_ID='manual__2025-03-10T10:25:23.953696+00:00'
[2025-03-10T10:25:49.514+0000] {logging_mixin.py:190} INFO - Task instance is in running state
[2025-03-10T10:25:49.520+0000] {logging_mixin.py:190} INFO -  Previous state of the Task instance: queued
[2025-03-10T10:25:49.525+0000] {logging_mixin.py:190} INFO - Current task name:crawl_laptop-may-vi-tinh-linh-kien state:running start_date:2025-03-10 10:25:42.663759+00:00
[2025-03-10T10:25:49.532+0000] {logging_mixin.py:190} INFO - Dag name:tiki_extract_dag and current dag run status:running
[2025-03-10T10:25:49.548+0000] {taskinstance.py:732} INFO - ::endgroup::
[2025-03-10T10:25:51.937+0000] {tiki_extract_dag.py:132} INFO - Starting crawl for category laptop-may-vi-tinh-linh-kien (ID: 1846)
[2025-03-10T10:25:51.938+0000] {tiki_extract_dag.py:134} INFO - Calling API: https://tiki.vn/api/v2/products with params: {'page': 1, 'limit': 40, 'category': '1846'}
[2025-03-10T10:25:54.376+0000] {tiki_extract_dag.py:143} INFO - Total pages for laptop-may-vi-tinh-linh-kien: 50 (limited to 50)
[2025-03-10T10:25:54.377+0000] {tiki_extract_dag.py:156} INFO - Calling API: https://tiki.vn/api/v2/products with params: {'page': 2, 'limit': 40, 'category': '1846'}
[2025-03-10T10:26:09.608+0000] {tiki_extract_dag.py:119} ERROR - Error fetching details for product 253721467: Expecting value: line 1 column 1 (char 0)
[2025-03-10T10:26:09.778+0000] {tiki_extract_dag.py:119} ERROR - Error fetching details for product 225288953: Expecting value: line 1 column 1 (char 0)
[2025-03-10T10:26:09.937+0000] {tiki_extract_dag.py:119} ERROR - Error fetching details for product 194134411: Expecting value: line 1 column 1 (char 0)
[2025-03-10T10:26:10.101+0000] {tiki_extract_dag.py:119} ERROR - Error fetching details for product 191918608: Expecting value: line 1 column 1 (char 0)
[2025-03-10T10:26:10.270+0000] {tiki_extract_dag.py:119} ERROR - Error fetching details for product 165588636: Expecting value: line 1 column 1 (char 0)
[2025-03-10T10:26:10.431+0000] {tiki_extract_dag.py:119} ERROR - Error fetching details for product 157504855: Expecting value: line 1 column 1 (char 0)
[2025-03-10T10:26:10.572+0000] {tiki_extract_dag.py:119} ERROR - Error fetching details for product 143714177: Expecting value: line 1 column 1 (char 0)
[2025-03-10T10:26:10.713+0000] {tiki_extract_dag.py:119} ERROR - Error fetching details for product 143105681: Expecting value: line 1 column 1 (char 0)
[2025-03-10T10:26:10.853+0000] {tiki_extract_dag.py:119} ERROR - Error fetching details for product 134840301: Expecting value: line 1 column 1 (char 0)
[2025-03-10T10:26:10.990+0000] {tiki_extract_dag.py:119} ERROR - Error fetching details for product 134641513: Expecting value: line 1 column 1 (char 0)
[2025-03-10T10:26:11.169+0000] {tiki_extract_dag.py:119} ERROR - Error fetching details for product 134559638: Expecting value: line 1 column 1 (char 0)
[2025-03-10T10:26:11.310+0000] {tiki_extract_dag.py:119} ERROR - Error fetching details for product 121064379: Expecting value: line 1 column 1 (char 0)
[2025-03-10T10:26:11.454+0000] {tiki_extract_dag.py:119} ERROR - Error fetching details for product 121063802: Expecting value: line 1 column 1 (char 0)
[2025-03-10T10:26:11.595+0000] {tiki_extract_dag.py:119} ERROR - Error fetching details for product 107058325: Expecting value: line 1 column 1 (char 0)
[2025-03-10T10:26:11.759+0000] {tiki_extract_dag.py:119} ERROR - Error fetching details for product 72680847: Expecting value: line 1 column 1 (char 0)
[2025-03-10T10:26:11.901+0000] {tiki_extract_dag.py:119} ERROR - Error fetching details for product 68308284: Expecting value: line 1 column 1 (char 0)
[2025-03-10T10:26:12.041+0000] {tiki_extract_dag.py:119} ERROR - Error fetching details for product 66792707: Expecting value: line 1 column 1 (char 0)
[2025-03-10T10:26:12.180+0000] {tiki_extract_dag.py:119} ERROR - Error fetching details for product 46757834: Expecting value: line 1 column 1 (char 0)
[2025-03-10T10:26:12.326+0000] {tiki_extract_dag.py:119} ERROR - Error fetching details for product 11407472: Expecting value: line 1 column 1 (char 0)
[2025-03-10T10:26:12.470+0000] {tiki_extract_dag.py:119} ERROR - Error fetching details for product 10001349: Expecting value: line 1 column 1 (char 0)
[2025-03-10T10:26:12.610+0000] {tiki_extract_dag.py:119} ERROR - Error fetching details for product 10001324: Expecting value: line 1 column 1 (char 0)
[2025-03-10T10:26:12.749+0000] {tiki_extract_dag.py:119} ERROR - Error fetching details for product 9966450: Expecting value: line 1 column 1 (char 0)
[2025-03-10T10:26:12.893+0000] {tiki_extract_dag.py:119} ERROR - Error fetching details for product 9845151: Expecting value: line 1 column 1 (char 0)
[2025-03-10T10:26:13.034+0000] {tiki_extract_dag.py:119} ERROR - Error fetching details for product 7130317: Expecting value: line 1 column 1 (char 0)
[2025-03-10T10:26:13.174+0000] {tiki_extract_dag.py:119} ERROR - Error fetching details for product 6964171: Expecting value: line 1 column 1 (char 0)
[2025-03-10T10:26:13.315+0000] {tiki_extract_dag.py:119} ERROR - Error fetching details for product 6909331: Expecting value: line 1 column 1 (char 0)
[2025-03-10T10:26:13.483+0000] {tiki_extract_dag.py:119} ERROR - Error fetching details for product 764198: Expecting value: line 1 column 1 (char 0)
[2025-03-10T10:26:13.621+0000] {tiki_extract_dag.py:119} ERROR - Error fetching details for product 708026: Expecting value: line 1 column 1 (char 0)
[2025-03-10T10:26:13.761+0000] {tiki_extract_dag.py:119} ERROR - Error fetching details for product 589301: Expecting value: line 1 column 1 (char 0)
[2025-03-10T10:26:13.905+0000] {tiki_extract_dag.py:119} ERROR - Error fetching details for product 561879: Expecting value: line 1 column 1 (char 0)
[2025-03-10T10:26:14.047+0000] {tiki_extract_dag.py:119} ERROR - Error fetching details for product 459739: Expecting value: line 1 column 1 (char 0)
[2025-03-10T10:26:14.211+0000] {tiki_extract_dag.py:119} ERROR - Error fetching details for product 416911: Expecting value: line 1 column 1 (char 0)
[2025-03-10T10:26:14.212+0000] {tiki_extract_dag.py:175} INFO - Extracted page 2/50 for category laptop-may-vi-tinh-linh-kien, total items: 40
[2025-03-10T10:26:27.880+0000] {tiki_extract_dag.py:156} INFO - Calling API: https://tiki.vn/api/v2/products with params: {'page': 3, 'limit': 40, 'category': '1846'}
[2025-03-10T10:26:28.017+0000] {tiki_extract_dag.py:178} ERROR - API error at page 3 in category laptop-may-vi-tinh-linh-kien: Expecting value: line 1 column 1 (char 0)
[2025-03-10T10:26:32.468+0000] {tiki_extract_dag.py:50} INFO - Updated crawled products at tiki-pipeline/tiki_crawled/crawled_products.json
[2025-03-10T10:26:32.469+0000] {tiki_extract_dag.py:192} INFO - Uploaded raw data to tiki-pipeline/raw_data/laptop-may-vi-tinh-linh-kien_20250310_102628.json, total items: 40
[2025-03-10T10:26:32.899+0000] {tiki_extract_dag.py:204} INFO - Saved metadata to tiki-pipeline/metadata/laptop-may-vi-tinh-linh-kien_extract_run_metadata_20250310_102628.json
[2025-03-10T10:26:32.901+0000] {python.py:240} INFO - Done. Returned value was: None
[2025-03-10T10:26:32.916+0000] {taskinstance.py:341} INFO - ::group::Post task execution logs
[2025-03-10T10:26:32.917+0000] {taskinstance.py:353} INFO - Marking task as SUCCESS. dag_id=tiki_extract_dag, task_id=crawl_laptop-may-vi-tinh-linh-kien, run_id=manual__2025-03-10T10:25:23.953696+00:00, execution_date=20250310T102523, start_date=20250310T102542, end_date=20250310T102632
[2025-03-10T10:26:32.955+0000] {logging_mixin.py:190} INFO - Task instance in success state
[2025-03-10T10:26:32.956+0000] {logging_mixin.py:190} INFO -  Previous state of the Task instance: running
[2025-03-10T10:26:32.956+0000] {logging_mixin.py:190} INFO - Dag name:tiki_extract_dag queued_at:2025-03-10 10:25:24.003599+00:00
[2025-03-10T10:26:32.957+0000] {logging_mixin.py:190} INFO - Task hostname:c77555d100c4 operator:PythonOperator
[2025-03-10T10:26:33.019+0000] {local_task_job_runner.py:266} INFO - Task exited with return code 0
[2025-03-10T10:26:33.043+0000] {taskinstance.py:3901} INFO - 0 downstream tasks scheduled from follow-on schedule check
[2025-03-10T10:26:33.049+0000] {local_task_job_runner.py:245} INFO - ::endgroup::
