[2025-03-09T04:57:04.291+0000] {local_task_job_runner.py:123} INFO - ::group::Pre task execution logs
[2025-03-09T04:57:04.346+0000] {taskinstance.py:2614} INFO - Dependencies all met for dep_context=non-requeueable deps ti=<TaskInstance: tiki_extract_dag.extract_data manual__2025-03-09T04:56:52.902142+00:00 [queued]>
[2025-03-09T04:57:04.382+0000] {taskinstance.py:2614} INFO - Dependencies all met for dep_context=requeueable deps ti=<TaskInstance: tiki_extract_dag.extract_data manual__2025-03-09T04:56:52.902142+00:00 [queued]>
[2025-03-09T04:57:04.384+0000] {taskinstance.py:2867} INFO - Starting attempt 1 of 1
[2025-03-09T04:57:04.423+0000] {taskinstance.py:2890} INFO - Executing <Task(PythonOperator): extract_data> on 2025-03-09 04:56:52.902142+00:00
[2025-03-09T04:57:04.444+0000] {warnings.py:112} WARNING - /home/***/.local/lib/python3.12/site-packages/***/task/task_runner/standard_task_runner.py:70: DeprecationWarning: This process (pid=1317) is multi-threaded, use of fork() may lead to deadlocks in the child.
  pid = os.fork()

[2025-03-09T04:57:04.448+0000] {standard_task_runner.py:72} INFO - Started process 1319 to run task
[2025-03-09T04:57:04.448+0000] {standard_task_runner.py:104} INFO - Running: ['***', 'tasks', 'run', 'tiki_extract_dag', 'extract_data', 'manual__2025-03-09T04:56:52.902142+00:00', '--job-id', '69', '--raw', '--subdir', 'DAGS_FOLDER/tiki_extract_dag.py', '--cfg-path', '/tmp/tmp59ylfsh5']
[2025-03-09T04:57:04.451+0000] {standard_task_runner.py:105} INFO - Job 69: Subtask extract_data
[2025-03-09T04:57:04.586+0000] {task_command.py:467} INFO - Running <TaskInstance: tiki_extract_dag.extract_data manual__2025-03-09T04:56:52.902142+00:00 [running]> on host 4dc18dee7126
[2025-03-09T04:57:05.518+0000] {taskinstance.py:3134} INFO - Exporting env vars: AIRFLOW_CTX_DAG_OWNER='***' AIRFLOW_CTX_DAG_ID='tiki_extract_dag' AIRFLOW_CTX_TASK_ID='extract_data' AIRFLOW_CTX_EXECUTION_DATE='2025-03-09T04:56:52.902142+00:00' AIRFLOW_CTX_TRY_NUMBER='1' AIRFLOW_CTX_DAG_RUN_ID='manual__2025-03-09T04:56:52.902142+00:00'
[2025-03-09T04:57:05.520+0000] {logging_mixin.py:190} INFO - Task instance is in running state
[2025-03-09T04:57:05.521+0000] {logging_mixin.py:190} INFO -  Previous state of the Task instance: queued
[2025-03-09T04:57:05.522+0000] {logging_mixin.py:190} INFO - Current task name:extract_data state:running start_date:2025-03-09 04:57:04.347900+00:00
[2025-03-09T04:57:05.523+0000] {logging_mixin.py:190} INFO - Dag name:tiki_extract_dag and current dag run status:running
[2025-03-09T04:57:05.524+0000] {taskinstance.py:732} INFO - ::endgroup::
[2025-03-09T04:57:05.569+0000] {crawl_data.py:106} INFO - Crawling category lam-dep-suc-khoe with 10 pages
[2025-03-09T04:57:06.473+0000] {crawl_data.py:128} INFO - Extracted page 1 - lam-dep-suc-khoe, 40 items, total extracted: 40
[2025-03-09T04:57:10.537+0000] {crawl_data.py:128} INFO - Extracted page 2 - lam-dep-suc-khoe, 40 items, total extracted: 80
[2025-03-09T04:57:14.396+0000] {crawl_data.py:128} INFO - Extracted page 3 - lam-dep-suc-khoe, 40 items, total extracted: 120
[2025-03-09T04:57:18.411+0000] {crawl_data.py:128} INFO - Extracted page 4 - lam-dep-suc-khoe, 40 items, total extracted: 160
[2025-03-09T04:57:21.036+0000] {crawl_data.py:128} INFO - Extracted page 5 - lam-dep-suc-khoe, 40 items, total extracted: 200
[2025-03-09T04:57:25.209+0000] {crawl_data.py:128} INFO - Extracted page 6 - lam-dep-suc-khoe, 40 items, total extracted: 240
[2025-03-09T04:57:29.924+0000] {crawl_data.py:128} INFO - Extracted page 7 - lam-dep-suc-khoe, 40 items, total extracted: 280
[2025-03-09T04:57:32.849+0000] {crawl_data.py:128} INFO - Extracted page 8 - lam-dep-suc-khoe, 40 items, total extracted: 320
[2025-03-09T04:57:35.819+0000] {crawl_data.py:128} INFO - Extracted page 9 - lam-dep-suc-khoe, 40 items, total extracted: 360
[2025-03-09T04:57:39.306+0000] {crawl_data.py:128} INFO - Extracted page 10 - lam-dep-suc-khoe, 40 items, total extracted: 400
[2025-03-09T04:57:42.093+0000] {crawl_data.py:106} INFO - Crawling category dien-thoai-may-tinh-bang with 10 pages
[2025-03-09T04:57:42.393+0000] {crawl_data.py:128} INFO - Extracted page 1 - dien-thoai-may-tinh-bang, 40 items, total extracted: 440
[2025-03-09T04:57:46.139+0000] {crawl_data.py:128} INFO - Extracted page 2 - dien-thoai-may-tinh-bang, 40 items, total extracted: 480
[2025-03-09T04:57:48.657+0000] {crawl_data.py:128} INFO - Extracted page 3 - dien-thoai-may-tinh-bang, 40 items, total extracted: 520
[2025-03-09T04:57:53.375+0000] {crawl_data.py:128} INFO - Extracted page 4 - dien-thoai-may-tinh-bang, 40 items, total extracted: 560
[2025-03-09T04:57:56.169+0000] {crawl_data.py:128} INFO - Extracted page 5 - dien-thoai-may-tinh-bang, 40 items, total extracted: 600
[2025-03-09T04:58:00.440+0000] {crawl_data.py:128} INFO - Extracted page 6 - dien-thoai-may-tinh-bang, 40 items, total extracted: 640
[2025-03-09T04:58:04.421+0000] {crawl_data.py:128} INFO - Extracted page 7 - dien-thoai-may-tinh-bang, 40 items, total extracted: 680
[2025-03-09T04:58:07.849+0000] {crawl_data.py:128} INFO - Extracted page 8 - dien-thoai-may-tinh-bang, 40 items, total extracted: 720
[2025-03-09T04:58:11.230+0000] {crawl_data.py:128} INFO - Extracted page 9 - dien-thoai-may-tinh-bang, 19 items, total extracted: 739
[2025-03-09T04:58:14.175+0000] {crawl_data.py:114} WARNING - No data found for page 10 - dien-thoai-may-tinh-bang
[2025-03-09T04:58:14.176+0000] {crawl_data.py:106} INFO - Crawling category laptop-may-vi-tinh-linh-kien with 10 pages
[2025-03-09T04:58:14.560+0000] {crawl_data.py:128} INFO - Extracted page 1 - laptop-may-vi-tinh-linh-kien, 40 items, total extracted: 779
[2025-03-09T04:58:19.252+0000] {crawl_data.py:128} INFO - Extracted page 2 - laptop-may-vi-tinh-linh-kien, 40 items, total extracted: 819
[2025-03-09T04:58:22.493+0000] {crawl_data.py:128} INFO - Extracted page 3 - laptop-may-vi-tinh-linh-kien, 40 items, total extracted: 859
[2025-03-09T04:58:26.615+0000] {crawl_data.py:128} INFO - Extracted page 4 - laptop-may-vi-tinh-linh-kien, 40 items, total extracted: 899
[2025-03-09T04:58:29.503+0000] {crawl_data.py:128} INFO - Extracted page 5 - laptop-may-vi-tinh-linh-kien, 40 items, total extracted: 939
[2025-03-09T04:58:34.088+0000] {crawl_data.py:128} INFO - Extracted page 6 - laptop-may-vi-tinh-linh-kien, 40 items, total extracted: 979
[2025-03-09T04:58:37.810+0000] {crawl_data.py:128} INFO - Extracted page 7 - laptop-may-vi-tinh-linh-kien, 40 items, total extracted: 1019
[2025-03-09T04:58:42.902+0000] {crawl_data.py:128} INFO - Extracted page 8 - laptop-may-vi-tinh-linh-kien, 40 items, total extracted: 1059
[2025-03-09T04:58:46.200+0000] {crawl_data.py:128} INFO - Extracted page 9 - laptop-may-vi-tinh-linh-kien, 40 items, total extracted: 1099
[2025-03-09T04:58:48.640+0000] {crawl_data.py:128} INFO - Extracted page 10 - laptop-may-vi-tinh-linh-kien, 40 items, total extracted: 1139
[2025-03-09T04:58:50.732+0000] {crawl_data.py:106} INFO - Crawling category dien-gia-dung with 10 pages
[2025-03-09T04:58:51.275+0000] {crawl_data.py:128} INFO - Extracted page 1 - dien-gia-dung, 40 items, total extracted: 1179
[2025-03-09T04:58:54.737+0000] {crawl_data.py:128} INFO - Extracted page 2 - dien-gia-dung, 40 items, total extracted: 1219
[2025-03-09T04:58:58.792+0000] {crawl_data.py:128} INFO - Extracted page 3 - dien-gia-dung, 40 items, total extracted: 1259
[2025-03-09T04:59:02.913+0000] {crawl_data.py:128} INFO - Extracted page 4 - dien-gia-dung, 40 items, total extracted: 1299
[2025-03-09T04:59:05.848+0000] {crawl_data.py:128} INFO - Extracted page 5 - dien-gia-dung, 40 items, total extracted: 1339
[2025-03-09T04:59:10.109+0000] {crawl_data.py:128} INFO - Extracted page 6 - dien-gia-dung, 40 items, total extracted: 1379
[2025-03-09T04:59:14.196+0000] {crawl_data.py:128} INFO - Extracted page 7 - dien-gia-dung, 40 items, total extracted: 1419
[2025-03-09T04:59:18.019+0000] {crawl_data.py:128} INFO - Extracted page 8 - dien-gia-dung, 40 items, total extracted: 1459
[2025-03-09T04:59:21.212+0000] {crawl_data.py:128} INFO - Extracted page 9 - dien-gia-dung, 40 items, total extracted: 1499
[2025-03-09T04:59:24.630+0000] {crawl_data.py:128} INFO - Extracted page 10 - dien-gia-dung, 40 items, total extracted: 1539
[2025-03-09T04:59:28.925+0000] {crawl_data.py:106} INFO - Crawling category sach with 10 pages
[2025-03-09T04:59:29.409+0000] {crawl_data.py:128} INFO - Extracted page 1 - sach, 40 items, total extracted: 1579
[2025-03-09T04:59:34.264+0000] {crawl_data.py:128} INFO - Extracted page 2 - sach, 40 items, total extracted: 1619
[2025-03-09T04:59:38.200+0000] {crawl_data.py:128} INFO - Extracted page 3 - sach, 40 items, total extracted: 1659
[2025-03-09T04:59:40.822+0000] {crawl_data.py:128} INFO - Extracted page 4 - sach, 40 items, total extracted: 1699
[2025-03-09T04:59:45.464+0000] {crawl_data.py:128} INFO - Extracted page 5 - sach, 40 items, total extracted: 1739
[2025-03-09T04:59:47.836+0000] {crawl_data.py:128} INFO - Extracted page 6 - sach, 40 items, total extracted: 1779
[2025-03-09T04:59:51.522+0000] {crawl_data.py:128} INFO - Extracted page 7 - sach, 40 items, total extracted: 1819
[2025-03-09T04:59:54.964+0000] {crawl_data.py:128} INFO - Extracted page 8 - sach, 40 items, total extracted: 1859
[2025-03-09T04:59:59.326+0000] {crawl_data.py:128} INFO - Extracted page 9 - sach, 40 items, total extracted: 1899
[2025-03-09T05:00:02.836+0000] {crawl_data.py:128} INFO - Extracted page 10 - sach, 40 items, total extracted: 1939
[2025-03-09T05:00:05.854+0000] {crawl_data.py:106} INFO - Crawling category thiet-bi-kts-phu-kien-so with 10 pages
[2025-03-09T05:00:06.409+0000] {crawl_data.py:128} INFO - Extracted page 1 - thiet-bi-kts-phu-kien-so, 40 items, total extracted: 1979
[2025-03-09T05:00:10.461+0000] {crawl_data.py:128} INFO - Extracted page 2 - thiet-bi-kts-phu-kien-so, 40 items, total extracted: 2019
[2025-03-09T05:00:13.768+0000] {crawl_data.py:128} INFO - Extracted page 3 - thiet-bi-kts-phu-kien-so, 40 items, total extracted: 2059
[2025-03-09T05:00:17.610+0000] {crawl_data.py:128} INFO - Extracted page 4 - thiet-bi-kts-phu-kien-so, 40 items, total extracted: 2099
[2025-03-09T05:00:22.575+0000] {crawl_data.py:128} INFO - Extracted page 5 - thiet-bi-kts-phu-kien-so, 40 items, total extracted: 2139
[2025-03-09T05:00:27.632+0000] {crawl_data.py:128} INFO - Extracted page 6 - thiet-bi-kts-phu-kien-so, 40 items, total extracted: 2179
[2025-03-09T05:00:32.684+0000] {crawl_data.py:128} INFO - Extracted page 7 - thiet-bi-kts-phu-kien-so, 40 items, total extracted: 2219
[2025-03-09T05:00:38.040+0000] {crawl_data.py:128} INFO - Extracted page 8 - thiet-bi-kts-phu-kien-so, 40 items, total extracted: 2259
[2025-03-09T05:00:42.810+0000] {crawl_data.py:128} INFO - Extracted page 9 - thiet-bi-kts-phu-kien-so, 40 items, total extracted: 2299
[2025-03-09T05:00:45.593+0000] {crawl_data.py:128} INFO - Extracted page 10 - thiet-bi-kts-phu-kien-so, 40 items, total extracted: 2339
[2025-03-09T05:00:49.124+0000] {crawl_data.py:106} INFO - Crawling category thoi-trang-nu with 10 pages
[2025-03-09T05:00:49.573+0000] {crawl_data.py:128} INFO - Extracted page 1 - thoi-trang-nu, 40 items, total extracted: 2379
[2025-03-09T05:00:54.866+0000] {crawl_data.py:128} INFO - Extracted page 2 - thoi-trang-nu, 40 items, total extracted: 2419
[2025-03-09T05:00:58.015+0000] {crawl_data.py:128} INFO - Extracted page 3 - thoi-trang-nu, 40 items, total extracted: 2459
[2025-03-09T05:01:01.288+0000] {crawl_data.py:128} INFO - Extracted page 4 - thoi-trang-nu, 40 items, total extracted: 2499
[2025-03-09T05:01:06.825+0000] {crawl_data.py:128} INFO - Extracted page 5 - thoi-trang-nu, 40 items, total extracted: 2539
[2025-03-09T05:01:10.776+0000] {crawl_data.py:128} INFO - Extracted page 6 - thoi-trang-nu, 40 items, total extracted: 2579
[2025-03-09T05:01:16.085+0000] {crawl_data.py:128} INFO - Extracted page 7 - thoi-trang-nu, 40 items, total extracted: 2619
[2025-03-09T05:01:19.599+0000] {crawl_data.py:128} INFO - Extracted page 8 - thoi-trang-nu, 40 items, total extracted: 2659
[2025-03-09T05:01:25.002+0000] {crawl_data.py:128} INFO - Extracted page 9 - thoi-trang-nu, 40 items, total extracted: 2699
[2025-03-09T05:01:29.091+0000] {crawl_data.py:128} INFO - Extracted page 10 - thoi-trang-nu, 40 items, total extracted: 2739
[2025-03-09T05:01:33.378+0000] {crawl_data.py:106} INFO - Crawling category thoi-trang-nam with 10 pages
[2025-03-09T05:01:33.937+0000] {crawl_data.py:128} INFO - Extracted page 1 - thoi-trang-nam, 40 items, total extracted: 2779
[2025-03-09T05:01:37.164+0000] {crawl_data.py:128} INFO - Extracted page 2 - thoi-trang-nam, 40 items, total extracted: 2819
[2025-03-09T05:01:41.996+0000] {crawl_data.py:128} INFO - Extracted page 3 - thoi-trang-nam, 40 items, total extracted: 2859
[2025-03-09T05:01:45.579+0000] {crawl_data.py:128} INFO - Extracted page 4 - thoi-trang-nam, 40 items, total extracted: 2899
[2025-03-09T05:01:50.855+0000] {crawl_data.py:128} INFO - Extracted page 5 - thoi-trang-nam, 40 items, total extracted: 2939
[2025-03-09T05:01:54.090+0000] {crawl_data.py:128} INFO - Extracted page 6 - thoi-trang-nam, 40 items, total extracted: 2979
[2025-03-09T05:01:56.703+0000] {crawl_data.py:128} INFO - Extracted page 7 - thoi-trang-nam, 40 items, total extracted: 3019
[2025-03-09T05:01:59.914+0000] {crawl_data.py:128} INFO - Extracted page 8 - thoi-trang-nam, 40 items, total extracted: 3059
[2025-03-09T05:02:03.906+0000] {crawl_data.py:128} INFO - Extracted page 9 - thoi-trang-nam, 40 items, total extracted: 3099
[2025-03-09T05:02:07.489+0000] {crawl_data.py:128} INFO - Extracted page 10 - thoi-trang-nam, 40 items, total extracted: 3139
[2025-03-09T05:02:11.614+0000] {crawl_data.py:106} INFO - Crawling category dong-ho-va-trang-suc with 10 pages
[2025-03-09T05:02:12.063+0000] {crawl_data.py:128} INFO - Extracted page 1 - dong-ho-va-trang-suc, 40 items, total extracted: 3179
[2025-03-09T05:02:16.244+0000] {crawl_data.py:128} INFO - Extracted page 2 - dong-ho-va-trang-suc, 40 items, total extracted: 3219
[2025-03-09T05:02:20.126+0000] {crawl_data.py:128} INFO - Extracted page 3 - dong-ho-va-trang-suc, 40 items, total extracted: 3259
[2025-03-09T05:02:25.442+0000] {crawl_data.py:128} INFO - Extracted page 4 - dong-ho-va-trang-suc, 40 items, total extracted: 3299
[2025-03-09T05:02:29.317+0000] {crawl_data.py:128} INFO - Extracted page 5 - dong-ho-va-trang-suc, 40 items, total extracted: 3339
[2025-03-09T05:02:33.060+0000] {crawl_data.py:128} INFO - Extracted page 6 - dong-ho-va-trang-suc, 40 items, total extracted: 3379
[2025-03-09T05:02:35.804+0000] {crawl_data.py:128} INFO - Extracted page 7 - dong-ho-va-trang-suc, 40 items, total extracted: 3419
[2025-03-09T05:02:38.556+0000] {crawl_data.py:128} INFO - Extracted page 8 - dong-ho-va-trang-suc, 40 items, total extracted: 3459
[2025-03-09T05:02:41.599+0000] {crawl_data.py:128} INFO - Extracted page 9 - dong-ho-va-trang-suc, 40 items, total extracted: 3499
[2025-03-09T05:02:45.035+0000] {crawl_data.py:128} INFO - Extracted page 10 - dong-ho-va-trang-suc, 40 items, total extracted: 3539
[2025-03-09T05:02:47.186+0000] {crawl_data.py:106} INFO - Crawling category dien-tu-dien-lanh with 10 pages
[2025-03-09T05:02:47.754+0000] {crawl_data.py:128} INFO - Extracted page 1 - dien-tu-dien-lanh, 40 items, total extracted: 3579
[2025-03-09T05:02:52.162+0000] {crawl_data.py:128} INFO - Extracted page 2 - dien-tu-dien-lanh, 40 items, total extracted: 3619
[2025-03-09T05:02:57.532+0000] {crawl_data.py:128} INFO - Extracted page 3 - dien-tu-dien-lanh, 40 items, total extracted: 3659
[2025-03-09T05:03:01.066+0000] {crawl_data.py:128} INFO - Extracted page 4 - dien-tu-dien-lanh, 40 items, total extracted: 3699
[2025-03-09T05:03:04.429+0000] {crawl_data.py:128} INFO - Extracted page 5 - dien-tu-dien-lanh, 40 items, total extracted: 3739
[2025-03-09T05:03:09.599+0000] {crawl_data.py:128} INFO - Extracted page 6 - dien-tu-dien-lanh, 40 items, total extracted: 3779
[2025-03-09T05:03:14.357+0000] {crawl_data.py:128} INFO - Extracted page 7 - dien-tu-dien-lanh, 40 items, total extracted: 3819
[2025-03-09T05:03:18.135+0000] {crawl_data.py:128} INFO - Extracted page 8 - dien-tu-dien-lanh, 40 items, total extracted: 3859
[2025-03-09T05:03:21.681+0000] {crawl_data.py:128} INFO - Extracted page 9 - dien-tu-dien-lanh, 40 items, total extracted: 3899
[2025-03-09T05:03:26.497+0000] {crawl_data.py:128} INFO - Extracted page 10 - dien-tu-dien-lanh, 40 items, total extracted: 3939
[2025-03-09T05:03:41.260+0000] {crawl_data.py:50} INFO - Updated crawled products at tiki-data/tiki_crawled/crawled_products.json
[2025-03-09T05:03:41.262+0000] {crawl_data.py:144} INFO - Uploaded raw data to tiki-data/tiki_raw_data/raw_20250309_050330.json, total items: 3939
[2025-03-09T05:03:41.345+0000] {tiki_extract_dag.py:25} INFO - Extracted data and saved to tiki_raw_data/raw_20250309_050330.json
[2025-03-09T05:03:41.346+0000] {python.py:240} INFO - Done. Returned value was: None
[2025-03-09T05:03:41.368+0000] {taskinstance.py:341} INFO - ::group::Post task execution logs
[2025-03-09T05:03:41.370+0000] {taskinstance.py:353} INFO - Marking task as SUCCESS. dag_id=tiki_extract_dag, task_id=extract_data, run_id=manual__2025-03-09T04:56:52.902142+00:00, execution_date=20250309T045652, start_date=20250309T045704, end_date=20250309T050341
[2025-03-09T05:03:41.436+0000] {logging_mixin.py:190} INFO - Task instance in success state
[2025-03-09T05:03:41.437+0000] {logging_mixin.py:190} INFO -  Previous state of the Task instance: running
[2025-03-09T05:03:41.438+0000] {logging_mixin.py:190} INFO - Dag name:tiki_extract_dag queued_at:2025-03-09 04:56:53.052792+00:00
[2025-03-09T05:03:41.439+0000] {logging_mixin.py:190} INFO - Task hostname:4dc18dee7126 operator:PythonOperator
[2025-03-09T05:03:41.498+0000] {local_task_job_runner.py:266} INFO - Task exited with return code 0
[2025-03-09T05:03:41.535+0000] {taskinstance.py:3901} INFO - 0 downstream tasks scheduled from follow-on schedule check
[2025-03-09T05:03:41.539+0000] {local_task_job_runner.py:245} INFO - ::endgroup::
