[2025-03-09T11:52:51.102+0000] {local_task_job_runner.py:123} INFO - ::group::Pre task execution logs
[2025-03-09T11:52:51.139+0000] {taskinstance.py:2614} INFO - Dependencies all met for dep_context=non-requeueable deps ti=<TaskInstance: tiki_etl_orchestration.trigger_extract manual__2025-03-09T11:52:37.968162+00:00 [queued]>
[2025-03-09T11:52:51.156+0000] {taskinstance.py:2614} INFO - Dependencies all met for dep_context=requeueable deps ti=<TaskInstance: tiki_etl_orchestration.trigger_extract manual__2025-03-09T11:52:37.968162+00:00 [queued]>
[2025-03-09T11:52:51.158+0000] {taskinstance.py:2867} INFO - Starting attempt 1 of 1
[2025-03-09T11:52:51.438+0000] {taskinstance.py:2890} INFO - Executing <Task(TriggerDagRunOperator): trigger_extract> on 2025-03-09 11:52:37.968162+00:00
[2025-03-09T11:52:51.453+0000] {warnings.py:112} WARNING - /home/***/.local/lib/python3.12/site-packages/***/task/task_runner/standard_task_runner.py:70: DeprecationWarning: This process (pid=91) is multi-threaded, use of fork() may lead to deadlocks in the child.
  pid = os.fork()

[2025-03-09T11:52:51.455+0000] {standard_task_runner.py:72} INFO - Started process 93 to run task
[2025-03-09T11:52:51.457+0000] {standard_task_runner.py:104} INFO - Running: ['***', 'tasks', 'run', 'tiki_etl_orchestration', 'trigger_extract', 'manual__2025-03-09T11:52:37.968162+00:00', '--job-id', '151', '--raw', '--subdir', 'DAGS_FOLDER/tiki_etl_orchestration.py', '--cfg-path', '/tmp/tmpmlaxpb5n']
[2025-03-09T11:52:51.459+0000] {standard_task_runner.py:105} INFO - Job 151: Subtask trigger_extract
[2025-03-09T11:52:51.543+0000] {task_command.py:467} INFO - Running <TaskInstance: tiki_etl_orchestration.trigger_extract manual__2025-03-09T11:52:37.968162+00:00 [running]> on host 117245270d1c
[2025-03-09T11:52:51.747+0000] {taskinstance.py:3134} INFO - Exporting env vars: AIRFLOW_CTX_DAG_OWNER='***' AIRFLOW_CTX_DAG_ID='tiki_etl_orchestration' AIRFLOW_CTX_TASK_ID='trigger_extract' AIRFLOW_CTX_EXECUTION_DATE='2025-03-09T11:52:37.968162+00:00' AIRFLOW_CTX_TRY_NUMBER='1' AIRFLOW_CTX_DAG_RUN_ID='manual__2025-03-09T11:52:37.968162+00:00'
[2025-03-09T11:52:51.750+0000] {taskinstance.py:3204} ERROR - Failed when executing execute callback
Traceback (most recent call last):
  File "/home/airflow/.local/lib/python3.12/site-packages/airflow/models/taskinstance.py", line 3202, in _run_execute_callback
    callback(context)
TypeError: push_execution_date() missing 1 required positional argument: 'dag_run_obj'
[2025-03-09T11:52:51.752+0000] {logging_mixin.py:190} INFO - Task instance is in running state
[2025-03-09T11:52:51.753+0000] {logging_mixin.py:190} INFO -  Previous state of the Task instance: queued
[2025-03-09T11:52:51.754+0000] {logging_mixin.py:190} INFO - Current task name:trigger_extract state:running start_date:2025-03-09 11:52:51.140549+00:00
[2025-03-09T11:52:51.755+0000] {logging_mixin.py:190} INFO - Dag name:tiki_etl_orchestration and current dag run status:running
[2025-03-09T11:52:51.756+0000] {taskinstance.py:732} INFO - ::endgroup::
[2025-03-09T11:52:51.947+0000] {trigger_dagrun.py:257} INFO - Waiting for tiki_extract_dag on 2025-03-09 11:52:51.757190+00:00 to become allowed state ['success'] ...
[2025-03-09T11:53:01.967+0000] {trigger_dagrun.py:257} INFO - Waiting for tiki_extract_dag on 2025-03-09 11:52:51.757190+00:00 to become allowed state ['success'] ...
[2025-03-09T11:53:11.977+0000] {trigger_dagrun.py:257} INFO - Waiting for tiki_extract_dag on 2025-03-09 11:52:51.757190+00:00 to become allowed state ['success'] ...
[2025-03-09T11:53:21.997+0000] {trigger_dagrun.py:257} INFO - Waiting for tiki_extract_dag on 2025-03-09 11:52:51.757190+00:00 to become allowed state ['success'] ...
[2025-03-09T11:53:32.008+0000] {trigger_dagrun.py:257} INFO - Waiting for tiki_extract_dag on 2025-03-09 11:52:51.757190+00:00 to become allowed state ['success'] ...
[2025-03-09T11:53:42.018+0000] {trigger_dagrun.py:257} INFO - Waiting for tiki_extract_dag on 2025-03-09 11:52:51.757190+00:00 to become allowed state ['success'] ...
[2025-03-09T11:53:52.032+0000] {trigger_dagrun.py:257} INFO - Waiting for tiki_extract_dag on 2025-03-09 11:52:51.757190+00:00 to become allowed state ['success'] ...
[2025-03-09T11:54:02.044+0000] {trigger_dagrun.py:257} INFO - Waiting for tiki_extract_dag on 2025-03-09 11:52:51.757190+00:00 to become allowed state ['success'] ...
[2025-03-09T11:54:12.054+0000] {trigger_dagrun.py:257} INFO - Waiting for tiki_extract_dag on 2025-03-09 11:52:51.757190+00:00 to become allowed state ['success'] ...
[2025-03-09T11:54:22.069+0000] {trigger_dagrun.py:257} INFO - Waiting for tiki_extract_dag on 2025-03-09 11:52:51.757190+00:00 to become allowed state ['success'] ...
[2025-03-09T11:54:32.080+0000] {trigger_dagrun.py:257} INFO - Waiting for tiki_extract_dag on 2025-03-09 11:52:51.757190+00:00 to become allowed state ['success'] ...
[2025-03-09T11:54:42.091+0000] {trigger_dagrun.py:257} INFO - Waiting for tiki_extract_dag on 2025-03-09 11:52:51.757190+00:00 to become allowed state ['success'] ...
[2025-03-09T11:54:52.103+0000] {trigger_dagrun.py:257} INFO - Waiting for tiki_extract_dag on 2025-03-09 11:52:51.757190+00:00 to become allowed state ['success'] ...
[2025-03-09T11:55:02.116+0000] {trigger_dagrun.py:257} INFO - Waiting for tiki_extract_dag on 2025-03-09 11:52:51.757190+00:00 to become allowed state ['success'] ...
[2025-03-09T11:55:12.125+0000] {trigger_dagrun.py:257} INFO - Waiting for tiki_extract_dag on 2025-03-09 11:52:51.757190+00:00 to become allowed state ['success'] ...
[2025-03-09T11:55:22.142+0000] {trigger_dagrun.py:257} INFO - Waiting for tiki_extract_dag on 2025-03-09 11:52:51.757190+00:00 to become allowed state ['success'] ...
[2025-03-09T11:55:32.156+0000] {trigger_dagrun.py:257} INFO - Waiting for tiki_extract_dag on 2025-03-09 11:52:51.757190+00:00 to become allowed state ['success'] ...
[2025-03-09T11:55:42.167+0000] {trigger_dagrun.py:257} INFO - Waiting for tiki_extract_dag on 2025-03-09 11:52:51.757190+00:00 to become allowed state ['success'] ...
[2025-03-09T11:55:52.180+0000] {trigger_dagrun.py:257} INFO - Waiting for tiki_extract_dag on 2025-03-09 11:52:51.757190+00:00 to become allowed state ['success'] ...
[2025-03-09T11:56:02.191+0000] {trigger_dagrun.py:257} INFO - Waiting for tiki_extract_dag on 2025-03-09 11:52:51.757190+00:00 to become allowed state ['success'] ...
[2025-03-09T11:56:12.200+0000] {trigger_dagrun.py:257} INFO - Waiting for tiki_extract_dag on 2025-03-09 11:52:51.757190+00:00 to become allowed state ['success'] ...
[2025-03-09T11:56:22.212+0000] {trigger_dagrun.py:257} INFO - Waiting for tiki_extract_dag on 2025-03-09 11:52:51.757190+00:00 to become allowed state ['success'] ...
[2025-03-09T11:56:32.225+0000] {trigger_dagrun.py:271} INFO - tiki_extract_dag finished with allowed state success
[2025-03-09T11:56:32.244+0000] {taskinstance.py:341} INFO - ::group::Post task execution logs
[2025-03-09T11:56:32.245+0000] {taskinstance.py:353} INFO - Marking task as SUCCESS. dag_id=tiki_etl_orchestration, task_id=trigger_extract, run_id=manual__2025-03-09T11:52:37.968162+00:00, execution_date=20250309T115237, start_date=20250309T115251, end_date=20250309T115632
[2025-03-09T11:56:32.285+0000] {logging_mixin.py:190} INFO - Task instance in success state
[2025-03-09T11:56:32.286+0000] {logging_mixin.py:190} INFO -  Previous state of the Task instance: running
[2025-03-09T11:56:32.287+0000] {logging_mixin.py:190} INFO - Dag name:tiki_etl_orchestration queued_at:2025-03-09 11:52:40.056385+00:00
[2025-03-09T11:56:32.288+0000] {logging_mixin.py:190} INFO - Task hostname:117245270d1c operator:TriggerDagRunOperator
[2025-03-09T11:56:32.333+0000] {local_task_job_runner.py:266} INFO - Task exited with return code 0
[2025-03-09T11:56:32.388+0000] {taskinstance.py:3901} INFO - 1 downstream tasks scheduled from follow-on schedule check
[2025-03-09T11:56:32.392+0000] {local_task_job_runner.py:245} INFO - ::endgroup::
