[2025-03-08T05:32:38.436+0000] {local_task_job_runner.py:123} INFO - ::group::Pre task execution logs
[2025-03-08T05:32:38.529+0000] {taskinstance.py:2614} INFO - Dependencies all met for dep_context=non-requeueable deps ti=<TaskInstance: tiki_etl_orchestration.trigger_extract scheduled__2025-03-07T00:00:00+00:00 [queued]>
[2025-03-08T05:32:38.587+0000] {taskinstance.py:2614} INFO - Dependencies all met for dep_context=requeueable deps ti=<TaskInstance: tiki_etl_orchestration.trigger_extract scheduled__2025-03-07T00:00:00+00:00 [queued]>
[2025-03-08T05:32:38.607+0000] {taskinstance.py:2867} INFO - Starting attempt 1 of 1
[2025-03-08T05:32:39.535+0000] {taskinstance.py:2890} INFO - Executing <Task(TriggerDagRunOperator): trigger_extract> on 2025-03-07 00:00:00+00:00
[2025-03-08T05:32:39.579+0000] {warnings.py:112} WARNING - /home/***/.local/lib/python3.12/site-packages/***/task/task_runner/standard_task_runner.py:70: DeprecationWarning: This process (pid=1251) is multi-threaded, use of fork() may lead to deadlocks in the child.
  pid = os.fork()

[2025-03-08T05:32:39.581+0000] {standard_task_runner.py:72} INFO - Started process 1253 to run task
[2025-03-08T05:32:39.576+0000] {standard_task_runner.py:104} INFO - Running: ['***', 'tasks', 'run', 'tiki_etl_orchestration', 'trigger_extract', 'scheduled__2025-03-07T00:00:00+00:00', '--job-id', '45', '--raw', '--subdir', 'DAGS_FOLDER/tiki_etl_orchestration.py', '--cfg-path', '/tmp/tmprt2zmgbl']
[2025-03-08T05:32:39.589+0000] {standard_task_runner.py:105} INFO - Job 45: Subtask trigger_extract
[2025-03-08T05:32:39.814+0000] {task_command.py:467} INFO - Running <TaskInstance: tiki_etl_orchestration.trigger_extract scheduled__2025-03-07T00:00:00+00:00 [running]> on host 9a2d81a2e852
[2025-03-08T05:32:40.178+0000] {taskinstance.py:3134} INFO - Exporting env vars: AIRFLOW_CTX_DAG_OWNER='***' AIRFLOW_CTX_DAG_ID='tiki_etl_orchestration' AIRFLOW_CTX_TASK_ID='trigger_extract' AIRFLOW_CTX_EXECUTION_DATE='2025-03-07T00:00:00+00:00' AIRFLOW_CTX_TRY_NUMBER='1' AIRFLOW_CTX_DAG_RUN_ID='scheduled__2025-03-07T00:00:00+00:00'
[2025-03-08T05:32:40.188+0000] {logging_mixin.py:190} INFO - Task instance is in running state
[2025-03-08T05:32:40.189+0000] {logging_mixin.py:190} INFO -  Previous state of the Task instance: queued
[2025-03-08T05:32:40.201+0000] {logging_mixin.py:190} INFO - Current task name:trigger_extract state:running start_date:2025-03-08 05:32:38.530224+00:00
[2025-03-08T05:32:40.202+0000] {logging_mixin.py:190} INFO - Dag name:tiki_etl_orchestration and current dag run status:running
[2025-03-08T05:32:40.203+0000] {taskinstance.py:732} INFO - ::endgroup::
[2025-03-08T05:32:40.468+0000] {trigger_dagrun.py:257} INFO - Waiting for tiki_extract_dag on 2025-03-08 05:32:40.204088+00:00 to become allowed state ['success'] ...
[2025-03-08T05:32:50.496+0000] {trigger_dagrun.py:257} INFO - Waiting for tiki_extract_dag on 2025-03-08 05:32:40.204088+00:00 to become allowed state ['success'] ...
[2025-03-08T05:33:00.511+0000] {trigger_dagrun.py:257} INFO - Waiting for tiki_extract_dag on 2025-03-08 05:32:40.204088+00:00 to become allowed state ['success'] ...
[2025-03-08T05:33:10.519+0000] {trigger_dagrun.py:257} INFO - Waiting for tiki_extract_dag on 2025-03-08 05:32:40.204088+00:00 to become allowed state ['success'] ...
[2025-03-08T05:33:20.529+0000] {trigger_dagrun.py:257} INFO - Waiting for tiki_extract_dag on 2025-03-08 05:32:40.204088+00:00 to become allowed state ['success'] ...
[2025-03-08T05:33:30.540+0000] {trigger_dagrun.py:257} INFO - Waiting for tiki_extract_dag on 2025-03-08 05:32:40.204088+00:00 to become allowed state ['success'] ...
[2025-03-08T05:33:40.548+0000] {trigger_dagrun.py:257} INFO - Waiting for tiki_extract_dag on 2025-03-08 05:32:40.204088+00:00 to become allowed state ['success'] ...
[2025-03-08T05:33:50.557+0000] {trigger_dagrun.py:257} INFO - Waiting for tiki_extract_dag on 2025-03-08 05:32:40.204088+00:00 to become allowed state ['success'] ...
[2025-03-08T05:34:00.581+0000] {trigger_dagrun.py:257} INFO - Waiting for tiki_extract_dag on 2025-03-08 05:32:40.204088+00:00 to become allowed state ['success'] ...
[2025-03-08T05:34:10.597+0000] {trigger_dagrun.py:257} INFO - Waiting for tiki_extract_dag on 2025-03-08 05:32:40.204088+00:00 to become allowed state ['success'] ...
[2025-03-08T05:34:20.612+0000] {trigger_dagrun.py:257} INFO - Waiting for tiki_extract_dag on 2025-03-08 05:32:40.204088+00:00 to become allowed state ['success'] ...
[2025-03-08T05:34:30.627+0000] {trigger_dagrun.py:257} INFO - Waiting for tiki_extract_dag on 2025-03-08 05:32:40.204088+00:00 to become allowed state ['success'] ...
[2025-03-08T05:34:40.639+0000] {trigger_dagrun.py:257} INFO - Waiting for tiki_extract_dag on 2025-03-08 05:32:40.204088+00:00 to become allowed state ['success'] ...
[2025-03-08T05:34:50.655+0000] {trigger_dagrun.py:257} INFO - Waiting for tiki_extract_dag on 2025-03-08 05:32:40.204088+00:00 to become allowed state ['success'] ...
[2025-03-08T05:35:00.675+0000] {trigger_dagrun.py:257} INFO - Waiting for tiki_extract_dag on 2025-03-08 05:32:40.204088+00:00 to become allowed state ['success'] ...
[2025-03-08T05:35:10.697+0000] {trigger_dagrun.py:257} INFO - Waiting for tiki_extract_dag on 2025-03-08 05:32:40.204088+00:00 to become allowed state ['success'] ...
[2025-03-08T05:35:20.713+0000] {trigger_dagrun.py:257} INFO - Waiting for tiki_extract_dag on 2025-03-08 05:32:40.204088+00:00 to become allowed state ['success'] ...
[2025-03-08T05:35:30.726+0000] {trigger_dagrun.py:257} INFO - Waiting for tiki_extract_dag on 2025-03-08 05:32:40.204088+00:00 to become allowed state ['success'] ...
[2025-03-08T05:35:40.737+0000] {trigger_dagrun.py:257} INFO - Waiting for tiki_extract_dag on 2025-03-08 05:32:40.204088+00:00 to become allowed state ['success'] ...
[2025-03-08T05:35:50.749+0000] {trigger_dagrun.py:257} INFO - Waiting for tiki_extract_dag on 2025-03-08 05:32:40.204088+00:00 to become allowed state ['success'] ...
[2025-03-08T05:36:00.762+0000] {trigger_dagrun.py:257} INFO - Waiting for tiki_extract_dag on 2025-03-08 05:32:40.204088+00:00 to become allowed state ['success'] ...
[2025-03-08T05:36:10.772+0000] {trigger_dagrun.py:257} INFO - Waiting for tiki_extract_dag on 2025-03-08 05:32:40.204088+00:00 to become allowed state ['success'] ...
[2025-03-08T05:36:20.803+0000] {trigger_dagrun.py:257} INFO - Waiting for tiki_extract_dag on 2025-03-08 05:32:40.204088+00:00 to become allowed state ['success'] ...
[2025-03-08T05:36:30.821+0000] {trigger_dagrun.py:257} INFO - Waiting for tiki_extract_dag on 2025-03-08 05:32:40.204088+00:00 to become allowed state ['success'] ...
[2025-03-08T05:36:40.832+0000] {trigger_dagrun.py:257} INFO - Waiting for tiki_extract_dag on 2025-03-08 05:32:40.204088+00:00 to become allowed state ['success'] ...
[2025-03-08T05:36:50.847+0000] {trigger_dagrun.py:257} INFO - Waiting for tiki_extract_dag on 2025-03-08 05:32:40.204088+00:00 to become allowed state ['success'] ...
[2025-03-08T05:37:00.892+0000] {trigger_dagrun.py:257} INFO - Waiting for tiki_extract_dag on 2025-03-08 05:32:40.204088+00:00 to become allowed state ['success'] ...
[2025-03-08T05:37:10.902+0000] {trigger_dagrun.py:257} INFO - Waiting for tiki_extract_dag on 2025-03-08 05:32:40.204088+00:00 to become allowed state ['success'] ...
[2025-03-08T05:37:20.915+0000] {trigger_dagrun.py:257} INFO - Waiting for tiki_extract_dag on 2025-03-08 05:32:40.204088+00:00 to become allowed state ['success'] ...
[2025-03-08T05:37:30.928+0000] {trigger_dagrun.py:257} INFO - Waiting for tiki_extract_dag on 2025-03-08 05:32:40.204088+00:00 to become allowed state ['success'] ...
[2025-03-08T05:37:40.940+0000] {trigger_dagrun.py:257} INFO - Waiting for tiki_extract_dag on 2025-03-08 05:32:40.204088+00:00 to become allowed state ['success'] ...
[2025-03-08T05:37:50.954+0000] {trigger_dagrun.py:257} INFO - Waiting for tiki_extract_dag on 2025-03-08 05:32:40.204088+00:00 to become allowed state ['success'] ...
[2025-03-08T05:38:00.965+0000] {trigger_dagrun.py:257} INFO - Waiting for tiki_extract_dag on 2025-03-08 05:32:40.204088+00:00 to become allowed state ['success'] ...
[2025-03-08T05:38:10.976+0000] {trigger_dagrun.py:257} INFO - Waiting for tiki_extract_dag on 2025-03-08 05:32:40.204088+00:00 to become allowed state ['success'] ...
[2025-03-08T05:38:20.988+0000] {trigger_dagrun.py:257} INFO - Waiting for tiki_extract_dag on 2025-03-08 05:32:40.204088+00:00 to become allowed state ['success'] ...
[2025-03-08T05:38:30.999+0000] {trigger_dagrun.py:257} INFO - Waiting for tiki_extract_dag on 2025-03-08 05:32:40.204088+00:00 to become allowed state ['success'] ...
[2025-03-08T05:38:41.009+0000] {trigger_dagrun.py:257} INFO - Waiting for tiki_extract_dag on 2025-03-08 05:32:40.204088+00:00 to become allowed state ['success'] ...
[2025-03-08T05:38:51.027+0000] {trigger_dagrun.py:257} INFO - Waiting for tiki_extract_dag on 2025-03-08 05:32:40.204088+00:00 to become allowed state ['success'] ...
[2025-03-08T05:39:01.039+0000] {trigger_dagrun.py:257} INFO - Waiting for tiki_extract_dag on 2025-03-08 05:32:40.204088+00:00 to become allowed state ['success'] ...
[2025-03-08T05:39:11.049+0000] {trigger_dagrun.py:257} INFO - Waiting for tiki_extract_dag on 2025-03-08 05:32:40.204088+00:00 to become allowed state ['success'] ...
[2025-03-08T05:39:21.060+0000] {trigger_dagrun.py:257} INFO - Waiting for tiki_extract_dag on 2025-03-08 05:32:40.204088+00:00 to become allowed state ['success'] ...
[2025-03-08T05:39:31.073+0000] {trigger_dagrun.py:257} INFO - Waiting for tiki_extract_dag on 2025-03-08 05:32:40.204088+00:00 to become allowed state ['success'] ...
[2025-03-08T05:39:41.083+0000] {trigger_dagrun.py:257} INFO - Waiting for tiki_extract_dag on 2025-03-08 05:32:40.204088+00:00 to become allowed state ['success'] ...
[2025-03-08T05:39:51.094+0000] {trigger_dagrun.py:257} INFO - Waiting for tiki_extract_dag on 2025-03-08 05:32:40.204088+00:00 to become allowed state ['success'] ...
[2025-03-08T05:40:01.106+0000] {trigger_dagrun.py:257} INFO - Waiting for tiki_extract_dag on 2025-03-08 05:32:40.204088+00:00 to become allowed state ['success'] ...
[2025-03-08T05:40:11.118+0000] {trigger_dagrun.py:257} INFO - Waiting for tiki_extract_dag on 2025-03-08 05:32:40.204088+00:00 to become allowed state ['success'] ...
[2025-03-08T05:40:21.131+0000] {trigger_dagrun.py:257} INFO - Waiting for tiki_extract_dag on 2025-03-08 05:32:40.204088+00:00 to become allowed state ['success'] ...
[2025-03-08T05:40:31.174+0000] {taskinstance.py:3313} ERROR - Task failed with exception
Traceback (most recent call last):
  File "/home/airflow/.local/lib/python3.12/site-packages/airflow/models/taskinstance.py", line 768, in _execute_task
    result = _execute_callable(context=context, **execute_callable_kwargs)
             ^^^^^^^^^^^^^^^^^^^^^^^^^^^^^^^^^^^^^^^^^^^^^^^^^^^^^^^^^^^^^
  File "/home/airflow/.local/lib/python3.12/site-packages/airflow/models/taskinstance.py", line 734, in _execute_callable
    return ExecutionCallableRunner(
           ^^^^^^^^^^^^^^^^^^^^^^^^
  File "/home/airflow/.local/lib/python3.12/site-packages/airflow/utils/operator_helpers.py", line 252, in run
    return self.func(*args, **kwargs)
           ^^^^^^^^^^^^^^^^^^^^^^^^^^
  File "/home/airflow/.local/lib/python3.12/site-packages/airflow/models/baseoperator.py", line 424, in wrapper
    return func(self, *args, **kwargs)
           ^^^^^^^^^^^^^^^^^^^^^^^^^^^
  File "/home/airflow/.local/lib/python3.12/site-packages/airflow/operators/trigger_dagrun.py", line 269, in execute
    raise AirflowException(f"{self.trigger_dag_id} failed with failed states {state}")
airflow.exceptions.AirflowException: tiki_extract_dag failed with failed states failed
[2025-03-08T05:40:31.193+0000] {logging_mixin.py:190} INFO - Task instance in failure state
[2025-03-08T05:40:31.195+0000] {logging_mixin.py:190} INFO - Task start:2025-03-08 05:32:38.530224+00:00 end:2025-03-08 05:40:31.189773+00:00 duration:472.659549
[2025-03-08T05:40:31.196+0000] {logging_mixin.py:190} INFO - Task:<Task(TriggerDagRunOperator): trigger_extract> dag:<DAG: tiki_etl_orchestration> dagrun:<DagRun tiki_etl_orchestration @ 2025-03-07 00:00:00+00:00: scheduled__2025-03-07T00:00:00+00:00, state:running, queued_at: 2025-03-08 04:56:20.729117+00:00. externally triggered: False>
[2025-03-08T05:40:31.197+0000] {logging_mixin.py:190} INFO - Failure caused by tiki_extract_dag failed with failed states failed
[2025-03-08T05:40:31.198+0000] {taskinstance.py:1226} INFO - Marking task as FAILED. dag_id=tiki_etl_orchestration, task_id=trigger_extract, run_id=scheduled__2025-03-07T00:00:00+00:00, execution_date=20250307T000000, start_date=20250308T053238, end_date=20250308T054031
[2025-03-08T05:40:31.253+0000] {taskinstance.py:341} INFO - ::group::Post task execution logs
[2025-03-08T05:40:31.255+0000] {standard_task_runner.py:124} ERROR - Failed to execute job 45 for task trigger_extract (tiki_extract_dag failed with failed states failed; 1253)
Traceback (most recent call last):
  File "/home/airflow/.local/lib/python3.12/site-packages/airflow/task/task_runner/standard_task_runner.py", line 117, in _start_by_fork
    ret = args.func(args, dag=self.dag)
          ^^^^^^^^^^^^^^^^^^^^^^^^^^^^^
  File "/home/airflow/.local/lib/python3.12/site-packages/airflow/cli/cli_config.py", line 49, in command
    return func(*args, **kwargs)
           ^^^^^^^^^^^^^^^^^^^^^
  File "/home/airflow/.local/lib/python3.12/site-packages/airflow/utils/cli.py", line 116, in wrapper
    return f(*args, **kwargs)
           ^^^^^^^^^^^^^^^^^^
  File "/home/airflow/.local/lib/python3.12/site-packages/airflow/cli/commands/task_command.py", line 483, in task_run
    task_return_code = _run_task_by_selected_method(args, _dag, ti)
                       ^^^^^^^^^^^^^^^^^^^^^^^^^^^^^^^^^^^^^^^^^^^^
  File "/home/airflow/.local/lib/python3.12/site-packages/airflow/cli/commands/task_command.py", line 256, in _run_task_by_selected_method
    return _run_raw_task(args, ti)
           ^^^^^^^^^^^^^^^^^^^^^^^
  File "/home/airflow/.local/lib/python3.12/site-packages/airflow/cli/commands/task_command.py", line 341, in _run_raw_task
    return ti._run_raw_task(
           ^^^^^^^^^^^^^^^^^
  File "/home/airflow/.local/lib/python3.12/site-packages/airflow/utils/session.py", line 97, in wrapper
    return func(*args, session=session, **kwargs)
           ^^^^^^^^^^^^^^^^^^^^^^^^^^^^^^^^^^^^^^
  File "/home/airflow/.local/lib/python3.12/site-packages/airflow/models/taskinstance.py", line 3006, in _run_raw_task
    return _run_raw_task(
           ^^^^^^^^^^^^^^
  File "/home/airflow/.local/lib/python3.12/site-packages/airflow/models/taskinstance.py", line 274, in _run_raw_task
    TaskInstance._execute_task_with_callbacks(
  File "/home/airflow/.local/lib/python3.12/site-packages/airflow/models/taskinstance.py", line 3161, in _execute_task_with_callbacks
    result = self._execute_task(context, task_orig)
             ^^^^^^^^^^^^^^^^^^^^^^^^^^^^^^^^^^^^^^
  File "/home/airflow/.local/lib/python3.12/site-packages/airflow/models/taskinstance.py", line 3185, in _execute_task
    return _execute_task(self, context, task_orig)
           ^^^^^^^^^^^^^^^^^^^^^^^^^^^^^^^^^^^^^^^
  File "/home/airflow/.local/lib/python3.12/site-packages/airflow/models/taskinstance.py", line 768, in _execute_task
    result = _execute_callable(context=context, **execute_callable_kwargs)
             ^^^^^^^^^^^^^^^^^^^^^^^^^^^^^^^^^^^^^^^^^^^^^^^^^^^^^^^^^^^^^
  File "/home/airflow/.local/lib/python3.12/site-packages/airflow/models/taskinstance.py", line 734, in _execute_callable
    return ExecutionCallableRunner(
           ^^^^^^^^^^^^^^^^^^^^^^^^
  File "/home/airflow/.local/lib/python3.12/site-packages/airflow/utils/operator_helpers.py", line 252, in run
    return self.func(*args, **kwargs)
           ^^^^^^^^^^^^^^^^^^^^^^^^^^
  File "/home/airflow/.local/lib/python3.12/site-packages/airflow/models/baseoperator.py", line 424, in wrapper
    return func(self, *args, **kwargs)
           ^^^^^^^^^^^^^^^^^^^^^^^^^^^
  File "/home/airflow/.local/lib/python3.12/site-packages/airflow/operators/trigger_dagrun.py", line 269, in execute
    raise AirflowException(f"{self.trigger_dag_id} failed with failed states {state}")
airflow.exceptions.AirflowException: tiki_extract_dag failed with failed states failed
[2025-03-08T05:40:31.310+0000] {local_task_job_runner.py:266} INFO - Task exited with return code 1
[2025-03-08T05:40:31.390+0000] {taskinstance.py:3901} INFO - 0 downstream tasks scheduled from follow-on schedule check
[2025-03-08T05:40:31.400+0000] {local_task_job_runner.py:245} INFO - ::endgroup::
