[2025-03-11T09:07:38.878+0000] {local_task_job_runner.py:123} INFO - ::group::Pre task execution logs
[2025-03-11T09:07:38.933+0000] {taskinstance.py:2614} INFO - Dependencies all met for dep_context=non-requeueable deps ti=<TaskInstance: tiki_extract_dag.crawl_dien-gia-dung manual__2025-03-11T08:53:49.647616+00:00 [queued]>
[2025-03-11T09:07:38.957+0000] {taskinstance.py:2614} INFO - Dependencies all met for dep_context=requeueable deps ti=<TaskInstance: tiki_extract_dag.crawl_dien-gia-dung manual__2025-03-11T08:53:49.647616+00:00 [queued]>
[2025-03-11T09:07:38.960+0000] {taskinstance.py:2867} INFO - Starting attempt 2 of 4
[2025-03-11T09:07:39.045+0000] {taskinstance.py:2890} INFO - Executing <Task(PythonOperator): crawl_dien-gia-dung> on 2025-03-11 08:53:49.647616+00:00
[2025-03-11T09:07:39.083+0000] {warnings.py:112} WARNING - /home/***/.local/lib/python3.12/site-packages/***/task/task_runner/standard_task_runner.py:70: DeprecationWarning: This process (pid=268) is multi-threaded, use of fork() may lead to deadlocks in the child.
  pid = os.fork()

[2025-03-11T09:07:39.090+0000] {standard_task_runner.py:72} INFO - Started process 284 to run task
[2025-03-11T09:07:39.097+0000] {standard_task_runner.py:104} INFO - Running: ['***', 'tasks', 'run', 'tiki_extract_dag', 'crawl_dien-gia-dung', 'manual__2025-03-11T08:53:49.647616+00:00', '--job-id', '541', '--raw', '--subdir', 'DAGS_FOLDER/tiki_extract_dag.py', '--cfg-path', '/tmp/tmp0mmqqc33']
[2025-03-11T09:07:39.102+0000] {standard_task_runner.py:105} INFO - Job 541: Subtask crawl_dien-gia-dung
[2025-03-11T09:07:39.312+0000] {task_command.py:467} INFO - Running <TaskInstance: tiki_extract_dag.crawl_dien-gia-dung manual__2025-03-11T08:53:49.647616+00:00 [running]> on host 5c8190d7da62
[2025-03-11T09:07:44.498+0000] {taskinstance.py:3134} INFO - Exporting env vars: AIRFLOW_CTX_DAG_OWNER='***' AIRFLOW_CTX_DAG_ID='tiki_extract_dag' AIRFLOW_CTX_TASK_ID='crawl_dien-gia-dung' AIRFLOW_CTX_EXECUTION_DATE='2025-03-11T08:53:49.647616+00:00' AIRFLOW_CTX_TRY_NUMBER='2' AIRFLOW_CTX_DAG_RUN_ID='manual__2025-03-11T08:53:49.647616+00:00'
[2025-03-11T09:07:44.514+0000] {logging_mixin.py:190} INFO - Task instance is in running state
[2025-03-11T09:07:44.516+0000] {logging_mixin.py:190} INFO -  Previous state of the Task instance: queued
[2025-03-11T09:07:44.518+0000] {logging_mixin.py:190} INFO - Current task name:crawl_dien-gia-dung state:running start_date:2025-03-11 09:07:38.934457+00:00
[2025-03-11T09:07:44.521+0000] {logging_mixin.py:190} INFO - Dag name:tiki_extract_dag and current dag run status:running
[2025-03-11T09:07:44.522+0000] {taskinstance.py:732} INFO - ::endgroup::
[2025-03-11T09:07:55.229+0000] {connectionpool.py:868} WARNING - Retrying (Retry(total=2, connect=None, read=None, redirect=None, status=None)) after connection broken by 'NameResolutionError("<urllib3.connection.HTTPSConnection object at 0x7f72a0606960>: Failed to resolve 'oauth2.googleapis.com' ([Errno -3] Temporary failure in name resolution)")': /token
[2025-03-11T09:08:09.418+0000] {connectionpool.py:868} WARNING - Retrying (Retry(total=1, connect=None, read=None, redirect=None, status=None)) after connection broken by 'NameResolutionError("<urllib3.connection.HTTPSConnection object at 0x7f72a009d490>: Failed to resolve 'oauth2.googleapis.com' ([Errno -3] Temporary failure in name resolution)")': /token
[2025-03-11T09:08:42.298+0000] {connectionpool.py:868} WARNING - Retrying (Retry(total=0, connect=None, read=None, redirect=None, status=None)) after connection broken by 'NameResolutionError("<urllib3.connection.HTTPSConnection object at 0x7f729bd5b8f0>: Failed to resolve 'oauth2.googleapis.com' ([Errno -3] Temporary failure in name resolution)")': /token
[2025-03-11T09:08:50.145+0000] {job.py:229} INFO - Heartbeat recovered after 71.55 seconds
[2025-03-11T09:08:52.770+0000] {tiki_extract_dag.py:139} INFO - Starting crawl for category dien-gia-dung (ID: 1882)
[2025-03-11T09:08:52.772+0000] {tiki_extract_dag.py:141} INFO - Calling API: https://tiki.vn/api/v2/products with params: {'page': 1, 'limit': 40, 'category': '1882'}
[2025-03-11T09:08:53.532+0000] {tiki_extract_dag.py:150} INFO - Total pages for dien-gia-dung: 50 (limited to 50)
[2025-03-11T09:08:53.597+0000] {tiki_extract_dag.py:163} INFO - Calling API: https://tiki.vn/api/v2/products with params: {'page': 2, 'limit': 40, 'category': '1882'}
