[2025-03-11T09:20:45.033+0000] {local_task_job_runner.py:123} INFO - ::group::Pre task execution logs
[2025-03-11T09:20:45.074+0000] {taskinstance.py:2614} INFO - Dependencies all met for dep_context=non-requeueable deps ti=<TaskInstance: tiki_extract_dag.crawl_dien-thoai-may-tinh-bang manual__2025-03-11T08:53:49.647616+00:00 [queued]>
[2025-03-11T09:20:45.099+0000] {taskinstance.py:2614} INFO - Dependencies all met for dep_context=requeueable deps ti=<TaskInstance: tiki_extract_dag.crawl_dien-thoai-may-tinh-bang manual__2025-03-11T08:53:49.647616+00:00 [queued]>
[2025-03-11T09:20:45.101+0000] {taskinstance.py:2867} INFO - Starting attempt 2 of 4
[2025-03-11T09:20:45.132+0000] {taskinstance.py:2890} INFO - Executing <Task(PythonOperator): crawl_dien-thoai-may-tinh-bang> on 2025-03-11 08:53:49.647616+00:00
[2025-03-11T09:20:45.149+0000] {warnings.py:112} WARNING - /home/***/.local/lib/python3.12/site-packages/***/task/task_runner/standard_task_runner.py:70: DeprecationWarning: This process (pid=407) is multi-threaded, use of fork() may lead to deadlocks in the child.
  pid = os.fork()

[2025-03-11T09:20:45.155+0000] {standard_task_runner.py:72} INFO - Started process 415 to run task
[2025-03-11T09:20:45.159+0000] {standard_task_runner.py:104} INFO - Running: ['***', 'tasks', 'run', 'tiki_extract_dag', 'crawl_dien-thoai-may-tinh-bang', 'manual__2025-03-11T08:53:49.647616+00:00', '--job-id', '559', '--raw', '--subdir', 'DAGS_FOLDER/tiki_extract_dag.py', '--cfg-path', '/tmp/tmp15900ole']
[2025-03-11T09:20:45.161+0000] {standard_task_runner.py:105} INFO - Job 559: Subtask crawl_dien-thoai-may-tinh-bang
[2025-03-11T09:20:45.304+0000] {task_command.py:467} INFO - Running <TaskInstance: tiki_extract_dag.crawl_dien-thoai-may-tinh-bang manual__2025-03-11T08:53:49.647616+00:00 [running]> on host 5c8190d7da62
[2025-03-11T09:20:45.549+0000] {taskinstance.py:3134} INFO - Exporting env vars: AIRFLOW_CTX_DAG_OWNER='***' AIRFLOW_CTX_DAG_ID='tiki_extract_dag' AIRFLOW_CTX_TASK_ID='crawl_dien-thoai-may-tinh-bang' AIRFLOW_CTX_EXECUTION_DATE='2025-03-11T08:53:49.647616+00:00' AIRFLOW_CTX_TRY_NUMBER='2' AIRFLOW_CTX_DAG_RUN_ID='manual__2025-03-11T08:53:49.647616+00:00'
[2025-03-11T09:20:45.552+0000] {logging_mixin.py:190} INFO - Task instance is in running state
[2025-03-11T09:20:45.554+0000] {logging_mixin.py:190} INFO -  Previous state of the Task instance: queued
[2025-03-11T09:20:45.555+0000] {logging_mixin.py:190} INFO - Current task name:crawl_dien-thoai-may-tinh-bang state:running start_date:2025-03-11 09:20:45.075958+00:00
[2025-03-11T09:20:45.556+0000] {logging_mixin.py:190} INFO - Dag name:tiki_extract_dag and current dag run status:running
[2025-03-11T09:20:45.557+0000] {taskinstance.py:732} INFO - ::endgroup::
[2025-03-11T09:20:47.346+0000] {tiki_extract_dag.py:139} INFO - Starting crawl for category dien-thoai-may-tinh-bang (ID: 1789)
[2025-03-11T09:20:47.347+0000] {tiki_extract_dag.py:141} INFO - Calling API: https://tiki.vn/api/v2/products with params: {'page': 1, 'limit': 40, 'category': '1789'}
[2025-03-11T09:20:47.784+0000] {tiki_extract_dag.py:150} INFO - Total pages for dien-thoai-may-tinh-bang: 10 (limited to 50)
[2025-03-11T09:20:50.055+0000] {local_task_job_runner.py:266} INFO - Task exited with return code -9. For more information, see https://***.apache.org/docs/apache-***/stable/troubleshooting.html#LocalTaskJob-killed
[2025-03-11T09:20:50.161+0000] {standard_task_runner.py:217} INFO - Process not found (most likely exited), stop collecting metrics
[2025-03-11T09:20:50.463+0000] {taskinstance.py:3901} INFO - 0 downstream tasks scheduled from follow-on schedule check
[2025-03-11T09:20:50.474+0000] {local_task_job_runner.py:245} INFO - ::endgroup::
