[2025-03-12T01:56:22.033+0000] {local_task_job_runner.py:123} INFO - ::group::Pre task execution logs
[2025-03-12T01:56:22.061+0000] {taskinstance.py:2614} INFO - Dependencies all met for dep_context=non-requeueable deps ti=<TaskInstance: tiki_transform_dag.transform_data manual__2025-03-12T01:56:18.740025+00:00 [queued]>
[2025-03-12T01:56:22.073+0000] {taskinstance.py:2614} INFO - Dependencies all met for dep_context=requeueable deps ti=<TaskInstance: tiki_transform_dag.transform_data manual__2025-03-12T01:56:18.740025+00:00 [queued]>
[2025-03-12T01:56:22.075+0000] {taskinstance.py:2867} INFO - Starting attempt 1 of 4
[2025-03-12T01:56:22.096+0000] {taskinstance.py:2890} INFO - Executing <Task(PythonOperator): transform_data> on 2025-03-12 01:56:18.740025+00:00
[2025-03-12T01:56:22.109+0000] {warnings.py:112} WARNING - /home/***/.local/lib/python3.12/site-packages/***/task/task_runner/standard_task_runner.py:70: DeprecationWarning: This process (pid=2597) is multi-threaded, use of fork() may lead to deadlocks in the child.
  pid = os.fork()

[2025-03-12T01:56:22.112+0000] {standard_task_runner.py:104} INFO - Running: ['***', 'tasks', 'run', 'tiki_transform_dag', 'transform_data', 'manual__2025-03-12T01:56:18.740025+00:00', '--job-id', '643', '--raw', '--subdir', 'DAGS_FOLDER/tiki_transform_dag.py', '--cfg-path', '/tmp/tmp_3tc_rr7']
[2025-03-12T01:56:22.114+0000] {standard_task_runner.py:72} INFO - Started process 2599 to run task
[2025-03-12T01:56:22.115+0000] {standard_task_runner.py:105} INFO - Job 643: Subtask transform_data
[2025-03-12T01:56:22.196+0000] {task_command.py:467} INFO - Running <TaskInstance: tiki_transform_dag.transform_data manual__2025-03-12T01:56:18.740025+00:00 [running]> on host 5c8190d7da62
[2025-03-12T01:56:22.701+0000] {taskinstance.py:3134} INFO - Exporting env vars: AIRFLOW_CTX_DAG_OWNER='***' AIRFLOW_CTX_DAG_ID='tiki_transform_dag' AIRFLOW_CTX_TASK_ID='transform_data' AIRFLOW_CTX_EXECUTION_DATE='2025-03-12T01:56:18.740025+00:00' AIRFLOW_CTX_TRY_NUMBER='1' AIRFLOW_CTX_DAG_RUN_ID='manual__2025-03-12T01:56:18.740025+00:00'
[2025-03-12T01:56:22.702+0000] {logging_mixin.py:190} INFO - Task instance is in running state
[2025-03-12T01:56:22.703+0000] {logging_mixin.py:190} INFO -  Previous state of the Task instance: queued
[2025-03-12T01:56:22.704+0000] {logging_mixin.py:190} INFO - Current task name:transform_data state:running start_date:2025-03-12 01:56:22.061901+00:00
[2025-03-12T01:56:22.704+0000] {logging_mixin.py:190} INFO - Dag name:tiki_transform_dag and current dag run status:running
[2025-03-12T01:56:22.705+0000] {taskinstance.py:732} INFO - ::endgroup::
[2025-03-12T01:56:24.264+0000] {tiki_transform_dag.py:81} INFO - Retrieved raw_blob_name from metadata: tiki_raw_data/raw_20250311_174959.json
[2025-03-12T01:56:32.170+0000] {tiki_transform_dag.py:91} INFO - Loaded raw data from tiki-pipeline/tiki_raw_data/raw_20250311_174959.json, 17845 rows
[2025-03-12T01:56:32.182+0000] {tiki_transform_dag.py:97} INFO - After deduplication: 17845 rows
[2025-03-12T01:56:32.809+0000] {tiki_transform_dag.py:62} INFO - Data cleaning completed
[2025-03-12T01:56:33.557+0000] {tiki_transform_dag.py:45} INFO - Data validation passed
[2025-03-12T01:56:33.748+0000] {tiki_transform_dag.py:177} INFO - Dim_Category contains 9083 unique categories
[2025-03-12T01:56:33.755+0000] {tiki_transform_dag.py:183} INFO - Dim_Brand contains 0 unique brands
[2025-03-12T01:56:33.759+0000] {tiki_transform_dag.py:185} WARNING - No valid brands found in data. Sample raw data: {'brand_id': {0: '', 1: '', 2: '', 3: '', 4: ''}, 'brand_name': {0: 'Unknown', 1: 'Unknown', 2: 'Unknown', 3: 'Unknown', 4: 'Unknown'}}
[2025-03-12T01:56:35.311+0000] {tiki_transform_dag.py:201} INFO - Saved fact_sales to tiki-pipeline/tiki_transformed_data/fact_sales_20250312_015633.csv, rows: 17845
[2025-03-12T01:56:39.139+0000] {tiki_transform_dag.py:201} INFO - Saved dim_product to tiki-pipeline/tiki_transformed_data/dim_product_20250312_015633.csv, rows: 17845
[2025-03-12T01:56:39.682+0000] {tiki_transform_dag.py:201} INFO - Saved dim_seller to tiki-pipeline/tiki_transformed_data/dim_seller_20250312_015633.csv, rows: 1659
[2025-03-12T01:56:41.422+0000] {tiki_transform_dag.py:201} INFO - Saved dim_category to tiki-pipeline/tiki_transformed_data/dim_category_20250312_015633.csv, rows: 9083
[2025-03-12T01:56:41.783+0000] {tiki_transform_dag.py:201} INFO - Saved dim_brand to tiki-pipeline/tiki_transformed_data/dim_brand_20250312_015633.csv, rows: 0
[2025-03-12T01:56:41.815+0000] {tiki_transform_dag.py:207} INFO - Pushed transformed_blob_names to XCom: {'fact_sales': 'tiki_transformed_data/fact_sales_20250312_015633.csv', 'dim_product': 'tiki_transformed_data/dim_product_20250312_015633.csv', 'dim_seller': 'tiki_transformed_data/dim_seller_20250312_015633.csv', 'dim_category': 'tiki_transformed_data/dim_category_20250312_015633.csv', 'dim_brand': 'tiki_transformed_data/dim_brand_20250312_015633.csv'}
[2025-03-12T01:56:41.985+0000] {python.py:240} INFO - Done. Returned value was: None
[2025-03-12T01:56:42.006+0000] {taskinstance.py:341} INFO - ::group::Post task execution logs
[2025-03-12T01:56:42.007+0000] {taskinstance.py:353} INFO - Marking task as SUCCESS. dag_id=tiki_transform_dag, task_id=transform_data, run_id=manual__2025-03-12T01:56:18.740025+00:00, execution_date=20250312T015618, start_date=20250312T015622, end_date=20250312T015642
[2025-03-12T01:56:42.050+0000] {logging_mixin.py:190} INFO - Task instance in success state
[2025-03-12T01:56:42.052+0000] {logging_mixin.py:190} INFO -  Previous state of the Task instance: running
[2025-03-12T01:56:42.054+0000] {logging_mixin.py:190} INFO - Dag name:tiki_transform_dag queued_at:2025-03-12 01:56:18.826679+00:00
[2025-03-12T01:56:42.054+0000] {logging_mixin.py:190} INFO - Task hostname:5c8190d7da62 operator:PythonOperator
[2025-03-12T01:56:42.113+0000] {local_task_job_runner.py:266} INFO - Task exited with return code 0
[2025-03-12T01:56:42.124+0000] {standard_task_runner.py:217} INFO - Process not found (most likely exited), stop collecting metrics
[2025-03-12T01:56:42.142+0000] {taskinstance.py:3901} INFO - 0 downstream tasks scheduled from follow-on schedule check
[2025-03-12T01:56:42.145+0000] {local_task_job_runner.py:245} INFO - ::endgroup::
