[2025-03-10T10:46:53.784+0000] {local_task_job_runner.py:123} INFO - ::group::Pre task execution logs
[2025-03-10T10:46:53.871+0000] {taskinstance.py:2614} INFO - Dependencies all met for dep_context=non-requeueable deps ti=<TaskInstance: tiki_extract_dag.crawl_dien-thoai-may-tinh-bang manual__2025-03-10T10:46:13.751493+00:00 [queued]>
[2025-03-10T10:46:53.916+0000] {taskinstance.py:2614} INFO - Dependencies all met for dep_context=requeueable deps ti=<TaskInstance: tiki_extract_dag.crawl_dien-thoai-may-tinh-bang manual__2025-03-10T10:46:13.751493+00:00 [queued]>
[2025-03-10T10:46:53.918+0000] {taskinstance.py:2867} INFO - Starting attempt 1 of 4
[2025-03-10T10:46:54.006+0000] {taskinstance.py:2890} INFO - Executing <Task(PythonOperator): crawl_dien-thoai-may-tinh-bang> on 2025-03-10 10:46:13.751493+00:00
[2025-03-10T10:46:54.056+0000] {warnings.py:112} WARNING - /home/***/.local/lib/python3.12/site-packages/***/task/task_runner/standard_task_runner.py:70: DeprecationWarning: This process (pid=336) is multi-threaded, use of fork() may lead to deadlocks in the child.
  pid = os.fork()

[2025-03-10T10:46:54.071+0000] {standard_task_runner.py:72} INFO - Started process 359 to run task
[2025-03-10T10:46:54.070+0000] {standard_task_runner.py:104} INFO - Running: ['***', 'tasks', 'run', 'tiki_extract_dag', 'crawl_dien-thoai-may-tinh-bang', 'manual__2025-03-10T10:46:13.751493+00:00', '--job-id', '481', '--raw', '--subdir', 'DAGS_FOLDER/tiki_extract_dag.py', '--cfg-path', '/tmp/tmp2e0aklgl']
[2025-03-10T10:46:54.076+0000] {standard_task_runner.py:105} INFO - Job 481: Subtask crawl_dien-thoai-may-tinh-bang
[2025-03-10T10:46:54.980+0000] {task_command.py:467} INFO - Running <TaskInstance: tiki_extract_dag.crawl_dien-thoai-may-tinh-bang manual__2025-03-10T10:46:13.751493+00:00 [running]> on host 0c9fb3f19112
[2025-03-10T10:47:00.665+0000] {taskinstance.py:3134} INFO - Exporting env vars: AIRFLOW_CTX_DAG_OWNER='***' AIRFLOW_CTX_DAG_ID='tiki_extract_dag' AIRFLOW_CTX_TASK_ID='crawl_dien-thoai-may-tinh-bang' AIRFLOW_CTX_EXECUTION_DATE='2025-03-10T10:46:13.751493+00:00' AIRFLOW_CTX_TRY_NUMBER='1' AIRFLOW_CTX_DAG_RUN_ID='manual__2025-03-10T10:46:13.751493+00:00'
[2025-03-10T10:47:00.690+0000] {logging_mixin.py:190} INFO - Task instance is in running state
[2025-03-10T10:47:00.693+0000] {logging_mixin.py:190} INFO -  Previous state of the Task instance: queued
[2025-03-10T10:47:00.695+0000] {logging_mixin.py:190} INFO - Current task name:crawl_dien-thoai-may-tinh-bang state:running start_date:2025-03-10 10:46:53.873817+00:00
[2025-03-10T10:47:00.697+0000] {logging_mixin.py:190} INFO - Dag name:tiki_extract_dag and current dag run status:running
[2025-03-10T10:47:00.703+0000] {taskinstance.py:732} INFO - ::endgroup::
[2025-03-10T10:47:14.333+0000] {job.py:229} INFO - Heartbeat recovered after 20.93 seconds
[2025-03-10T10:47:59.344+0000] {job.py:229} INFO - Heartbeat recovered after 45.03 seconds
[2025-03-10T10:47:59.597+0000] {tiki_extract_dag.py:137} INFO - Starting crawl for category dien-thoai-may-tinh-bang (ID: 1789)
[2025-03-10T10:47:59.598+0000] {tiki_extract_dag.py:139} INFO - Calling API: https://tiki.vn/api/v2/products with params: {'page': 1, 'limit': 40, 'category': '1789'}
[2025-03-10T10:47:59.880+0000] {tiki_extract_dag.py:148} INFO - Total pages for dien-thoai-may-tinh-bang: 9 (limited to 50)
[2025-03-10T10:48:13.215+0000] {job.py:229} INFO - Heartbeat recovered after 13.88 seconds
[2025-03-10T10:48:26.017+0000] {tiki_extract_dag.py:120} ERROR - Error fetching details for product 276099688 on attempt 1/3: Expecting value: line 1 column 1 (char 0)
[2025-03-10T10:48:32.316+0000] {tiki_extract_dag.py:120} ERROR - Error fetching details for product 276099688 on attempt 2/3: Expecting value: line 1 column 1 (char 0)
[2025-03-10T10:48:38.064+0000] {tiki_extract_dag.py:120} ERROR - Error fetching details for product 276099688 on attempt 3/3: Expecting value: line 1 column 1 (char 0)
[2025-03-10T10:48:38.207+0000] {tiki_extract_dag.py:120} ERROR - Error fetching details for product 275913708 on attempt 1/3: Expecting value: line 1 column 1 (char 0)
[2025-03-10T10:48:43.880+0000] {tiki_extract_dag.py:120} ERROR - Error fetching details for product 275913708 on attempt 2/3: Expecting value: line 1 column 1 (char 0)
[2025-03-10T10:48:50.949+0000] {tiki_extract_dag.py:120} ERROR - Error fetching details for product 275913708 on attempt 3/3: Expecting value: line 1 column 1 (char 0)
[2025-03-10T10:48:51.109+0000] {tiki_extract_dag.py:120} ERROR - Error fetching details for product 275510578 on attempt 1/3: Expecting value: line 1 column 1 (char 0)
[2025-03-10T10:49:19.470+0000] {tiki_extract_dag.py:120} ERROR - Error fetching details for product 183330021 on attempt 1/3: Expecting value: line 1 column 1 (char 0)
[2025-03-10T10:49:27.204+0000] {tiki_extract_dag.py:120} ERROR - Error fetching details for product 183330021 on attempt 2/3: Expecting value: line 1 column 1 (char 0)
[2025-03-10T10:49:32.829+0000] {tiki_extract_dag.py:120} ERROR - Error fetching details for product 183330021 on attempt 3/3: Expecting value: line 1 column 1 (char 0)
[2025-03-10T10:49:32.993+0000] {tiki_extract_dag.py:120} ERROR - Error fetching details for product 181977398 on attempt 1/3: Expecting value: line 1 column 1 (char 0)
[2025-03-10T10:49:39.779+0000] {tiki_extract_dag.py:120} ERROR - Error fetching details for product 181977398 on attempt 2/3: Expecting value: line 1 column 1 (char 0)
[2025-03-10T10:49:48.789+0000] {tiki_extract_dag.py:120} ERROR - Error fetching details for product 181977398 on attempt 3/3: Expecting value: line 1 column 1 (char 0)
[2025-03-10T10:49:48.929+0000] {tiki_extract_dag.py:120} ERROR - Error fetching details for product 181928619 on attempt 1/3: Expecting value: line 1 column 1 (char 0)
[2025-03-10T10:49:56.239+0000] {tiki_extract_dag.py:120} ERROR - Error fetching details for product 181928619 on attempt 2/3: Expecting value: line 1 column 1 (char 0)
[2025-03-10T10:50:10.453+0000] {tiki_extract_dag.py:161} INFO - Calling API: https://tiki.vn/api/v2/products with params: {'page': 2, 'limit': 40, 'category': '1789'}
[2025-03-10T10:50:16.459+0000] {tiki_extract_dag.py:120} ERROR - Error fetching details for product 276448920 on attempt 1/3: Expecting value: line 1 column 1 (char 0)
[2025-03-10T10:50:23.186+0000] {tiki_extract_dag.py:120} ERROR - Error fetching details for product 276448920 on attempt 2/3: Expecting value: line 1 column 1 (char 0)
[2025-03-10T10:50:30.578+0000] {tiki_extract_dag.py:120} ERROR - Error fetching details for product 276448920 on attempt 3/3: Expecting value: line 1 column 1 (char 0)
[2025-03-10T10:50:30.720+0000] {tiki_extract_dag.py:120} ERROR - Error fetching details for product 276448771 on attempt 1/3: Expecting value: line 1 column 1 (char 0)
[2025-03-10T10:50:38.164+0000] {tiki_extract_dag.py:120} ERROR - Error fetching details for product 276448771 on attempt 2/3: Expecting value: line 1 column 1 (char 0)
[2025-03-10T10:50:45.733+0000] {tiki_extract_dag.py:120} ERROR - Error fetching details for product 276448771 on attempt 3/3: Expecting value: line 1 column 1 (char 0)
[2025-03-10T10:50:45.870+0000] {tiki_extract_dag.py:120} ERROR - Error fetching details for product 276440892 on attempt 1/3: Expecting value: line 1 column 1 (char 0)
[2025-03-10T10:50:55.716+0000] {tiki_extract_dag.py:120} ERROR - Error fetching details for product 276440892 on attempt 2/3: Expecting value: line 1 column 1 (char 0)
[2025-03-10T10:51:20.567+0000] {tiki_extract_dag.py:120} ERROR - Error fetching details for product 275362333 on attempt 1/3: Expecting value: line 1 column 1 (char 0)
[2025-03-10T10:51:26.415+0000] {tiki_extract_dag.py:120} ERROR - Error fetching details for product 275362333 on attempt 2/3: Expecting value: line 1 column 1 (char 0)
[2025-03-10T10:51:33.961+0000] {tiki_extract_dag.py:120} ERROR - Error fetching details for product 275362333 on attempt 3/3: Expecting value: line 1 column 1 (char 0)
[2025-03-10T10:51:34.130+0000] {tiki_extract_dag.py:120} ERROR - Error fetching details for product 275295006 on attempt 1/3: Expecting value: line 1 column 1 (char 0)
[2025-03-10T10:51:40.242+0000] {tiki_extract_dag.py:120} ERROR - Error fetching details for product 275295006 on attempt 2/3: Expecting value: line 1 column 1 (char 0)
[2025-03-10T10:51:48.170+0000] {tiki_extract_dag.py:120} ERROR - Error fetching details for product 275295006 on attempt 3/3: Expecting value: line 1 column 1 (char 0)
[2025-03-10T10:51:48.315+0000] {tiki_extract_dag.py:120} ERROR - Error fetching details for product 274857095 on attempt 1/3: Expecting value: line 1 column 1 (char 0)
[2025-03-10T10:51:54.804+0000] {tiki_extract_dag.py:120} ERROR - Error fetching details for product 274857095 on attempt 2/3: Expecting value: line 1 column 1 (char 0)
[2025-03-10T10:52:24.991+0000] {tiki_extract_dag.py:120} ERROR - Error fetching details for product 11802138 on attempt 1/3: Expecting value: line 1 column 1 (char 0)
[2025-03-10T10:52:32.136+0000] {tiki_extract_dag.py:120} ERROR - Error fetching details for product 11802138 on attempt 2/3: Expecting value: line 1 column 1 (char 0)
[2025-03-10T10:52:41.876+0000] {tiki_extract_dag.py:120} ERROR - Error fetching details for product 11802138 on attempt 3/3: Expecting value: line 1 column 1 (char 0)
[2025-03-10T10:52:41.878+0000] {tiki_extract_dag.py:181} INFO - Extracted page 2/9 for category dien-thoai-may-tinh-bang, total items: 80
[2025-03-10T10:53:00.222+0000] {tiki_extract_dag.py:161} INFO - Calling API: https://tiki.vn/api/v2/products with params: {'page': 3, 'limit': 40, 'category': '1789'}
[2025-03-10T10:53:24.109+0000] {tiki_extract_dag.py:181} INFO - Extracted page 3/9 for category dien-thoai-may-tinh-bang, total items: 120
[2025-03-10T10:53:40.440+0000] {tiki_extract_dag.py:161} INFO - Calling API: https://tiki.vn/api/v2/products with params: {'page': 4, 'limit': 40, 'category': '1789'}
[2025-03-10T10:53:40.597+0000] {tiki_extract_dag.py:184} ERROR - API error at page 4 in category dien-thoai-may-tinh-bang on attempt 1/3: Expecting value: line 1 column 1 (char 0)
[2025-03-10T10:53:48.836+0000] {tiki_extract_dag.py:184} ERROR - API error at page 4 in category dien-thoai-may-tinh-bang on attempt 2/3: Expecting value: line 1 column 1 (char 0)
[2025-03-10T10:53:55.957+0000] {tiki_extract_dag.py:184} ERROR - API error at page 4 in category dien-thoai-may-tinh-bang on attempt 3/3: Expecting value: line 1 column 1 (char 0)
[2025-03-10T10:53:55.957+0000] {tiki_extract_dag.py:189} ERROR - Failed after 3 attempts for page 4 in category dien-thoai-may-tinh-bang
[2025-03-10T10:53:55.961+0000] {python.py:240} INFO - Done. Returned value was: None
[2025-03-10T10:53:56.041+0000] {taskinstance.py:341} INFO - ::group::Post task execution logs
[2025-03-10T10:53:56.044+0000] {taskinstance.py:353} INFO - Marking task as SUCCESS. dag_id=tiki_extract_dag, task_id=crawl_dien-thoai-may-tinh-bang, run_id=manual__2025-03-10T10:46:13.751493+00:00, execution_date=20250310T104613, start_date=20250310T104653, end_date=20250310T105356
[2025-03-10T10:53:56.108+0000] {logging_mixin.py:190} INFO - Task instance in success state
[2025-03-10T10:53:56.109+0000] {logging_mixin.py:190} INFO -  Previous state of the Task instance: running
[2025-03-10T10:53:56.109+0000] {logging_mixin.py:190} INFO - Dag name:tiki_extract_dag queued_at:2025-03-10 10:46:13.791991+00:00
[2025-03-10T10:53:56.110+0000] {logging_mixin.py:190} INFO - Task hostname:0c9fb3f19112 operator:PythonOperator
[2025-03-10T10:53:56.173+0000] {local_task_job_runner.py:266} INFO - Task exited with return code 0
[2025-03-10T10:53:56.246+0000] {taskinstance.py:3901} INFO - 0 downstream tasks scheduled from follow-on schedule check
[2025-03-10T10:53:56.250+0000] {local_task_job_runner.py:245} INFO - ::endgroup::
