[2025-03-10T10:25:42.407+0000] {local_task_job_runner.py:123} INFO - ::group::Pre task execution logs
[2025-03-10T10:25:42.482+0000] {taskinstance.py:2614} INFO - Dependencies all met for dep_context=non-requeueable deps ti=<TaskInstance: tiki_extract_dag.crawl_thoi-trang-nam manual__2025-03-10T10:25:23.953696+00:00 [queued]>
[2025-03-10T10:25:42.509+0000] {taskinstance.py:2614} INFO - Dependencies all met for dep_context=requeueable deps ti=<TaskInstance: tiki_extract_dag.crawl_thoi-trang-nam manual__2025-03-10T10:25:23.953696+00:00 [queued]>
[2025-03-10T10:25:42.512+0000] {taskinstance.py:2867} INFO - Starting attempt 1 of 4
[2025-03-10T10:25:42.564+0000] {taskinstance.py:2890} INFO - Executing <Task(PythonOperator): crawl_thoi-trang-nam> on 2025-03-10 10:25:23.953696+00:00
[2025-03-10T10:25:42.689+0000] {warnings.py:112} WARNING - /home/***/.local/lib/python3.12/site-packages/***/task/task_runner/standard_task_runner.py:70: DeprecationWarning: This process (pid=171) is multi-threaded, use of fork() may lead to deadlocks in the child.
  pid = os.fork()

[2025-03-10T10:25:42.698+0000] {standard_task_runner.py:72} INFO - Started process 193 to run task
[2025-03-10T10:25:42.703+0000] {standard_task_runner.py:104} INFO - Running: ['***', 'tasks', 'run', 'tiki_extract_dag', 'crawl_thoi-trang-nam', 'manual__2025-03-10T10:25:23.953696+00:00', '--job-id', '446', '--raw', '--subdir', 'DAGS_FOLDER/tiki_extract_dag.py', '--cfg-path', '/tmp/tmpowknxi9f']
[2025-03-10T10:25:42.714+0000] {standard_task_runner.py:105} INFO - Job 446: Subtask crawl_thoi-trang-nam
[2025-03-10T10:25:43.072+0000] {task_command.py:467} INFO - Running <TaskInstance: tiki_extract_dag.crawl_thoi-trang-nam manual__2025-03-10T10:25:23.953696+00:00 [running]> on host c77555d100c4
[2025-03-10T10:25:48.878+0000] {taskinstance.py:3134} INFO - Exporting env vars: AIRFLOW_CTX_DAG_OWNER='***' AIRFLOW_CTX_DAG_ID='tiki_extract_dag' AIRFLOW_CTX_TASK_ID='crawl_thoi-trang-nam' AIRFLOW_CTX_EXECUTION_DATE='2025-03-10T10:25:23.953696+00:00' AIRFLOW_CTX_TRY_NUMBER='1' AIRFLOW_CTX_DAG_RUN_ID='manual__2025-03-10T10:25:23.953696+00:00'
[2025-03-10T10:25:48.908+0000] {logging_mixin.py:190} INFO - Task instance is in running state
[2025-03-10T10:25:48.910+0000] {logging_mixin.py:190} INFO -  Previous state of the Task instance: queued
[2025-03-10T10:25:48.911+0000] {logging_mixin.py:190} INFO - Current task name:crawl_thoi-trang-nam state:running start_date:2025-03-10 10:25:42.484561+00:00
[2025-03-10T10:25:48.912+0000] {logging_mixin.py:190} INFO - Dag name:tiki_extract_dag and current dag run status:running
[2025-03-10T10:25:48.913+0000] {taskinstance.py:732} INFO - ::endgroup::
[2025-03-10T10:25:51.659+0000] {tiki_extract_dag.py:132} INFO - Starting crawl for category thoi-trang-nam (ID: 915)
[2025-03-10T10:25:51.660+0000] {tiki_extract_dag.py:134} INFO - Calling API: https://tiki.vn/api/v2/products with params: {'page': 1, 'limit': 40, 'category': '915'}
[2025-03-10T10:25:52.873+0000] {tiki_extract_dag.py:143} INFO - Total pages for thoi-trang-nam: 50 (limited to 50)
[2025-03-10T10:25:52.876+0000] {tiki_extract_dag.py:156} INFO - Calling API: https://tiki.vn/api/v2/products with params: {'page': 2, 'limit': 40, 'category': '915'}
[2025-03-10T10:25:55.351+0000] {tiki_extract_dag.py:175} INFO - Extracted page 2/50 for category thoi-trang-nam, total items: 0
[2025-03-10T10:26:10.076+0000] {tiki_extract_dag.py:156} INFO - Calling API: https://tiki.vn/api/v2/products with params: {'page': 3, 'limit': 40, 'category': '915'}
[2025-03-10T10:26:10.316+0000] {tiki_extract_dag.py:178} ERROR - API error at page 3 in category thoi-trang-nam: Expecting value: line 1 column 1 (char 0)
[2025-03-10T10:26:10.316+0000] {tiki_extract_dag.py:206} WARNING - No data extracted for category thoi-trang-nam
[2025-03-10T10:26:10.319+0000] {python.py:240} INFO - Done. Returned value was: None
[2025-03-10T10:26:10.333+0000] {taskinstance.py:341} INFO - ::group::Post task execution logs
[2025-03-10T10:26:10.334+0000] {taskinstance.py:353} INFO - Marking task as SUCCESS. dag_id=tiki_extract_dag, task_id=crawl_thoi-trang-nam, run_id=manual__2025-03-10T10:25:23.953696+00:00, execution_date=20250310T102523, start_date=20250310T102542, end_date=20250310T102610
[2025-03-10T10:26:10.369+0000] {logging_mixin.py:190} INFO - Task instance in success state
[2025-03-10T10:26:10.370+0000] {logging_mixin.py:190} INFO -  Previous state of the Task instance: running
[2025-03-10T10:26:10.371+0000] {logging_mixin.py:190} INFO - Dag name:tiki_extract_dag queued_at:2025-03-10 10:25:24.003599+00:00
[2025-03-10T10:26:10.372+0000] {logging_mixin.py:190} INFO - Task hostname:c77555d100c4 operator:PythonOperator
[2025-03-10T10:26:10.417+0000] {local_task_job_runner.py:266} INFO - Task exited with return code 0
[2025-03-10T10:26:10.442+0000] {taskinstance.py:3901} INFO - 0 downstream tasks scheduled from follow-on schedule check
[2025-03-10T10:26:10.448+0000] {local_task_job_runner.py:245} INFO - ::endgroup::
