[2025-03-10T10:23:16.680+0000] {local_task_job_runner.py:123} INFO - ::group::Pre task execution logs
[2025-03-10T10:23:16.754+0000] {taskinstance.py:2614} INFO - Dependencies all met for dep_context=non-requeueable deps ti=<TaskInstance: tiki_extract_dag.crawl_dong-ho-va-trang-suc manual__2025-03-10T10:23:09.493279+00:00 [queued]>
[2025-03-10T10:23:16.777+0000] {taskinstance.py:2614} INFO - Dependencies all met for dep_context=requeueable deps ti=<TaskInstance: tiki_extract_dag.crawl_dong-ho-va-trang-suc manual__2025-03-10T10:23:09.493279+00:00 [queued]>
[2025-03-10T10:23:16.781+0000] {taskinstance.py:2867} INFO - Starting attempt 1 of 4
[2025-03-10T10:23:16.829+0000] {taskinstance.py:2890} INFO - Executing <Task(PythonOperator): crawl_dong-ho-va-trang-suc> on 2025-03-10 10:23:09.493279+00:00
[2025-03-10T10:23:16.913+0000] {warnings.py:112} WARNING - /home/***/.local/lib/python3.12/site-packages/***/task/task_runner/standard_task_runner.py:70: DeprecationWarning: This process (pid=79) is multi-threaded, use of fork() may lead to deadlocks in the child.
  pid = os.fork()

[2025-03-10T10:23:16.921+0000] {standard_task_runner.py:104} INFO - Running: ['***', 'tasks', 'run', 'tiki_extract_dag', 'crawl_dong-ho-va-trang-suc', 'manual__2025-03-10T10:23:09.493279+00:00', '--job-id', '433', '--raw', '--subdir', 'DAGS_FOLDER/tiki_extract_dag.py', '--cfg-path', '/tmp/tmpni1x7gf0']
[2025-03-10T10:23:16.926+0000] {standard_task_runner.py:72} INFO - Started process 111 to run task
[2025-03-10T10:23:16.927+0000] {standard_task_runner.py:105} INFO - Job 433: Subtask crawl_dong-ho-va-trang-suc
[2025-03-10T10:23:17.192+0000] {task_command.py:467} INFO - Running <TaskInstance: tiki_extract_dag.crawl_dong-ho-va-trang-suc manual__2025-03-10T10:23:09.493279+00:00 [running]> on host c77555d100c4
[2025-03-10T10:23:30.530+0000] {taskinstance.py:3134} INFO - Exporting env vars: AIRFLOW_CTX_DAG_OWNER='***' AIRFLOW_CTX_DAG_ID='tiki_extract_dag' AIRFLOW_CTX_TASK_ID='crawl_dong-ho-va-trang-suc' AIRFLOW_CTX_EXECUTION_DATE='2025-03-10T10:23:09.493279+00:00' AIRFLOW_CTX_TRY_NUMBER='1' AIRFLOW_CTX_DAG_RUN_ID='manual__2025-03-10T10:23:09.493279+00:00'
[2025-03-10T10:23:30.552+0000] {logging_mixin.py:190} INFO - Task instance is in running state
[2025-03-10T10:23:30.556+0000] {logging_mixin.py:190} INFO -  Previous state of the Task instance: queued
[2025-03-10T10:23:30.557+0000] {logging_mixin.py:190} INFO - Current task name:crawl_dong-ho-va-trang-suc state:running start_date:2025-03-10 10:23:16.756148+00:00
[2025-03-10T10:23:30.558+0000] {logging_mixin.py:190} INFO - Dag name:tiki_extract_dag and current dag run status:running
[2025-03-10T10:23:30.559+0000] {taskinstance.py:732} INFO - ::endgroup::
[2025-03-10T10:23:32.136+0000] {tiki_extract_dag.py:132} INFO - Starting crawl for category dong-ho-va-trang-suc (ID: 8371)
[2025-03-10T10:23:32.138+0000] {tiki_extract_dag.py:134} INFO - Calling API: https://tiki.vn/api/v2/products with params: {'page': 1, 'limit': 40, 'category': '8371'}
[2025-03-10T10:23:34.002+0000] {tiki_extract_dag.py:143} INFO - Total pages for dong-ho-va-trang-suc: 50 (limited to 50)
[2025-03-10T10:24:00.851+0000] {tiki_extract_dag.py:119} ERROR - Error fetching details for product 113403111: Expecting value: line 1 column 1 (char 0)
[2025-03-10T10:24:00.993+0000] {tiki_extract_dag.py:119} ERROR - Error fetching details for product 106390176: Expecting value: line 1 column 1 (char 0)
[2025-03-10T10:24:01.134+0000] {tiki_extract_dag.py:119} ERROR - Error fetching details for product 105985711: Expecting value: line 1 column 1 (char 0)
[2025-03-10T10:24:01.276+0000] {tiki_extract_dag.py:119} ERROR - Error fetching details for product 97894870: Expecting value: line 1 column 1 (char 0)
[2025-03-10T10:24:01.431+0000] {tiki_extract_dag.py:119} ERROR - Error fetching details for product 93819008: Expecting value: line 1 column 1 (char 0)
[2025-03-10T10:24:01.573+0000] {tiki_extract_dag.py:119} ERROR - Error fetching details for product 92817188: Expecting value: line 1 column 1 (char 0)
[2025-03-10T10:24:01.735+0000] {tiki_extract_dag.py:119} ERROR - Error fetching details for product 74853731: Expecting value: line 1 column 1 (char 0)
[2025-03-10T10:24:01.879+0000] {tiki_extract_dag.py:119} ERROR - Error fetching details for product 70841244: Expecting value: line 1 column 1 (char 0)
[2025-03-10T10:24:02.018+0000] {tiki_extract_dag.py:119} ERROR - Error fetching details for product 68427641: Expecting value: line 1 column 1 (char 0)
[2025-03-10T10:24:02.178+0000] {tiki_extract_dag.py:119} ERROR - Error fetching details for product 59084567: Expecting value: line 1 column 1 (char 0)
[2025-03-10T10:24:02.315+0000] {tiki_extract_dag.py:119} ERROR - Error fetching details for product 54687717: Expecting value: line 1 column 1 (char 0)
[2025-03-10T10:24:02.457+0000] {tiki_extract_dag.py:119} ERROR - Error fetching details for product 52469205: Expecting value: line 1 column 1 (char 0)
[2025-03-10T10:24:02.604+0000] {tiki_extract_dag.py:119} ERROR - Error fetching details for product 51104756: Expecting value: line 1 column 1 (char 0)
[2025-03-10T10:24:02.741+0000] {tiki_extract_dag.py:119} ERROR - Error fetching details for product 48658720: Expecting value: line 1 column 1 (char 0)
[2025-03-10T10:24:02.900+0000] {tiki_extract_dag.py:119} ERROR - Error fetching details for product 42194457: Expecting value: line 1 column 1 (char 0)
[2025-03-10T10:24:03.068+0000] {tiki_extract_dag.py:119} ERROR - Error fetching details for product 37156749: Expecting value: line 1 column 1 (char 0)
[2025-03-10T10:24:03.205+0000] {tiki_extract_dag.py:119} ERROR - Error fetching details for product 35507445: Expecting value: line 1 column 1 (char 0)
[2025-03-10T10:24:03.346+0000] {tiki_extract_dag.py:119} ERROR - Error fetching details for product 33630695: Expecting value: line 1 column 1 (char 0)
[2025-03-10T10:24:03.488+0000] {tiki_extract_dag.py:119} ERROR - Error fetching details for product 27733854: Expecting value: line 1 column 1 (char 0)
[2025-03-10T10:24:03.626+0000] {tiki_extract_dag.py:119} ERROR - Error fetching details for product 21754311: Expecting value: line 1 column 1 (char 0)
[2025-03-10T10:24:03.795+0000] {tiki_extract_dag.py:119} ERROR - Error fetching details for product 13246837: Expecting value: line 1 column 1 (char 0)
[2025-03-10T10:24:03.942+0000] {tiki_extract_dag.py:119} ERROR - Error fetching details for product 7804969: Expecting value: line 1 column 1 (char 0)
[2025-03-10T10:24:04.107+0000] {tiki_extract_dag.py:119} ERROR - Error fetching details for product 7803174: Expecting value: line 1 column 1 (char 0)
[2025-03-10T10:24:04.250+0000] {tiki_extract_dag.py:119} ERROR - Error fetching details for product 7802880: Expecting value: line 1 column 1 (char 0)
[2025-03-10T10:24:04.390+0000] {tiki_extract_dag.py:119} ERROR - Error fetching details for product 7799222: Expecting value: line 1 column 1 (char 0)
[2025-03-10T10:24:04.531+0000] {tiki_extract_dag.py:119} ERROR - Error fetching details for product 7796951: Expecting value: line 1 column 1 (char 0)
[2025-03-10T10:24:04.532+0000] {tiki_extract_dag.py:156} INFO - Calling API: https://tiki.vn/api/v2/products with params: {'page': 2, 'limit': 40, 'category': '8371'}
[2025-03-10T10:24:04.675+0000] {tiki_extract_dag.py:178} ERROR - API error at page 2 in category dong-ho-va-trang-suc: Expecting value: line 1 column 1 (char 0)
[2025-03-10T10:24:07.475+0000] {tiki_extract_dag.py:50} INFO - Updated crawled products at tiki-pipeline/tiki_crawled/crawled_products.json
[2025-03-10T10:24:07.476+0000] {tiki_extract_dag.py:192} INFO - Uploaded raw data to tiki-pipeline/raw_data/dong-ho-va-trang-suc_20250310_102404.json, total items: 40
[2025-03-10T10:24:07.860+0000] {tiki_extract_dag.py:204} INFO - Saved metadata to tiki-pipeline/metadata/dong-ho-va-trang-suc_extract_run_metadata_20250310_102404.json
[2025-03-10T10:24:07.862+0000] {python.py:240} INFO - Done. Returned value was: None
[2025-03-10T10:24:07.880+0000] {taskinstance.py:341} INFO - ::group::Post task execution logs
[2025-03-10T10:24:07.881+0000] {taskinstance.py:353} INFO - Marking task as SUCCESS. dag_id=tiki_extract_dag, task_id=crawl_dong-ho-va-trang-suc, run_id=manual__2025-03-10T10:23:09.493279+00:00, execution_date=20250310T102309, start_date=20250310T102316, end_date=20250310T102407
[2025-03-10T10:24:07.920+0000] {logging_mixin.py:190} INFO - Task instance in success state
[2025-03-10T10:24:07.921+0000] {logging_mixin.py:190} INFO -  Previous state of the Task instance: running
[2025-03-10T10:24:07.922+0000] {logging_mixin.py:190} INFO - Dag name:tiki_extract_dag queued_at:2025-03-10 10:23:09.537669+00:00
[2025-03-10T10:24:07.922+0000] {logging_mixin.py:190} INFO - Task hostname:c77555d100c4 operator:PythonOperator
[2025-03-10T10:24:07.970+0000] {local_task_job_runner.py:266} INFO - Task exited with return code 0
[2025-03-10T10:24:08.058+0000] {taskinstance.py:3901} INFO - 0 downstream tasks scheduled from follow-on schedule check
[2025-03-10T10:24:08.062+0000] {local_task_job_runner.py:245} INFO - ::endgroup::
