[2025-03-12T07:55:11.194+0000] {local_task_job_runner.py:123} INFO - ::group::Pre task execution logs
[2025-03-12T07:55:11.219+0000] {taskinstance.py:2614} INFO - Dependencies all met for dep_context=non-requeueable deps ti=<TaskInstance: tiki_extract_dag.extract_laptop-may-vi-tinh-linh-kien manual__2025-03-12T07:40:49.551946+00:00 [queued]>
[2025-03-12T07:55:11.231+0000] {taskinstance.py:2614} INFO - Dependencies all met for dep_context=requeueable deps ti=<TaskInstance: tiki_extract_dag.extract_laptop-may-vi-tinh-linh-kien manual__2025-03-12T07:40:49.551946+00:00 [queued]>
[2025-03-12T07:55:11.233+0000] {taskinstance.py:2867} INFO - Starting attempt 2 of 4
[2025-03-12T07:55:11.255+0000] {taskinstance.py:2890} INFO - Executing <Task(PythonOperator): extract_laptop-may-vi-tinh-linh-kien> on 2025-03-12 07:40:49.551946+00:00
[2025-03-12T07:55:11.270+0000] {warnings.py:112} WARNING - /home/***/.local/lib/python3.12/site-packages/***/task/task_runner/standard_task_runner.py:70: DeprecationWarning: This process (pid=696) is multi-threaded, use of fork() may lead to deadlocks in the child.
  pid = os.fork()

[2025-03-12T07:55:11.272+0000] {standard_task_runner.py:104} INFO - Running: ['***', 'tasks', 'run', 'tiki_extract_dag', 'extract_laptop-may-vi-tinh-linh-kien', 'manual__2025-03-12T07:40:49.551946+00:00', '--job-id', '704', '--raw', '--subdir', 'DAGS_FOLDER/tiki_extract_dag.py', '--cfg-path', '/tmp/tmpec3b0kv1']
[2025-03-12T07:55:11.274+0000] {standard_task_runner.py:72} INFO - Started process 698 to run task
[2025-03-12T07:55:11.274+0000] {standard_task_runner.py:105} INFO - Job 704: Subtask extract_laptop-may-vi-tinh-linh-kien
[2025-03-12T07:55:11.346+0000] {task_command.py:467} INFO - Running <TaskInstance: tiki_extract_dag.extract_laptop-may-vi-tinh-linh-kien manual__2025-03-12T07:40:49.551946+00:00 [running]> on host 3905098656d4
[2025-03-12T07:55:12.466+0000] {taskinstance.py:3134} INFO - Exporting env vars: AIRFLOW_CTX_DAG_OWNER='***' AIRFLOW_CTX_DAG_ID='tiki_extract_dag' AIRFLOW_CTX_TASK_ID='extract_laptop-may-vi-tinh-linh-kien' AIRFLOW_CTX_EXECUTION_DATE='2025-03-12T07:40:49.551946+00:00' AIRFLOW_CTX_TRY_NUMBER='2' AIRFLOW_CTX_DAG_RUN_ID='manual__2025-03-12T07:40:49.551946+00:00'
[2025-03-12T07:55:12.468+0000] {logging_mixin.py:190} INFO - Task instance is in running state
[2025-03-12T07:55:12.469+0000] {logging_mixin.py:190} INFO -  Previous state of the Task instance: queued
[2025-03-12T07:55:12.469+0000] {logging_mixin.py:190} INFO - Current task name:extract_laptop-may-vi-tinh-linh-kien state:running start_date:2025-03-12 07:55:11.220203+00:00
[2025-03-12T07:55:12.470+0000] {logging_mixin.py:190} INFO - Dag name:tiki_extract_dag and current dag run status:running
[2025-03-12T07:55:12.471+0000] {taskinstance.py:732} INFO - ::endgroup::
[2025-03-12T07:55:14.989+0000] {tiki_extract_dag.py:122} INFO - Starting crawl for category laptop-may-vi-tinh-linh-kien
[2025-03-12T07:55:15.934+0000] {tiki_extract_dag.py:129} INFO - Total pages for laptop-may-vi-tinh-linh-kien: 50
[2025-03-12T07:55:16.366+0000] {tiki_extract_dag.py:155} INFO - Extracted page 2/50 - laptop-may-vi-tinh-linh-kien, total items: 80
[2025-03-12T07:55:26.324+0000] {tiki_extract_dag.py:155} INFO - Extracted page 3/50 - laptop-may-vi-tinh-linh-kien, total items: 120
[2025-03-12T07:55:35.405+0000] {tiki_extract_dag.py:155} INFO - Extracted page 4/50 - laptop-may-vi-tinh-linh-kien, total items: 160
[2025-03-12T07:55:44.163+0000] {tiki_extract_dag.py:155} INFO - Extracted page 5/50 - laptop-may-vi-tinh-linh-kien, total items: 200
[2025-03-12T07:55:53.898+0000] {tiki_extract_dag.py:155} INFO - Extracted page 6/50 - laptop-may-vi-tinh-linh-kien, total items: 240
[2025-03-12T07:56:00.833+0000] {tiki_extract_dag.py:155} INFO - Extracted page 7/50 - laptop-may-vi-tinh-linh-kien, total items: 280
[2025-03-12T07:56:07.141+0000] {tiki_extract_dag.py:155} INFO - Extracted page 8/50 - laptop-may-vi-tinh-linh-kien, total items: 320
[2025-03-12T07:56:17.563+0000] {tiki_extract_dag.py:155} INFO - Extracted page 9/50 - laptop-may-vi-tinh-linh-kien, total items: 360
[2025-03-12T07:56:26.881+0000] {tiki_extract_dag.py:155} INFO - Extracted page 10/50 - laptop-may-vi-tinh-linh-kien, total items: 400
[2025-03-12T07:56:36.652+0000] {tiki_extract_dag.py:155} INFO - Extracted page 11/50 - laptop-may-vi-tinh-linh-kien, total items: 440
[2025-03-12T07:56:46.191+0000] {tiki_extract_dag.py:155} INFO - Extracted page 12/50 - laptop-may-vi-tinh-linh-kien, total items: 480
[2025-03-12T07:56:53.794+0000] {tiki_extract_dag.py:155} INFO - Extracted page 13/50 - laptop-may-vi-tinh-linh-kien, total items: 520
[2025-03-12T07:57:03.185+0000] {tiki_extract_dag.py:155} INFO - Extracted page 14/50 - laptop-may-vi-tinh-linh-kien, total items: 560
[2025-03-12T07:57:10.995+0000] {tiki_extract_dag.py:155} INFO - Extracted page 15/50 - laptop-may-vi-tinh-linh-kien, total items: 600
[2025-03-12T07:57:19.865+0000] {tiki_extract_dag.py:155} INFO - Extracted page 16/50 - laptop-may-vi-tinh-linh-kien, total items: 640
[2025-03-12T07:57:29.416+0000] {tiki_extract_dag.py:155} INFO - Extracted page 17/50 - laptop-may-vi-tinh-linh-kien, total items: 680
[2025-03-12T07:57:38.843+0000] {tiki_extract_dag.py:155} INFO - Extracted page 18/50 - laptop-may-vi-tinh-linh-kien, total items: 720
[2025-03-12T07:57:49.242+0000] {tiki_extract_dag.py:155} INFO - Extracted page 19/50 - laptop-may-vi-tinh-linh-kien, total items: 760
[2025-03-12T07:57:59.712+0000] {tiki_extract_dag.py:155} INFO - Extracted page 20/50 - laptop-may-vi-tinh-linh-kien, total items: 800
[2025-03-12T07:58:05.858+0000] {tiki_extract_dag.py:155} INFO - Extracted page 21/50 - laptop-may-vi-tinh-linh-kien, total items: 840
[2025-03-12T07:58:14.700+0000] {tiki_extract_dag.py:155} INFO - Extracted page 22/50 - laptop-may-vi-tinh-linh-kien, total items: 880
[2025-03-12T07:58:20.993+0000] {tiki_extract_dag.py:155} INFO - Extracted page 23/50 - laptop-may-vi-tinh-linh-kien, total items: 920
[2025-03-12T07:58:28.394+0000] {tiki_extract_dag.py:155} INFO - Extracted page 24/50 - laptop-may-vi-tinh-linh-kien, total items: 960
[2025-03-12T07:58:35.648+0000] {tiki_extract_dag.py:155} INFO - Extracted page 25/50 - laptop-may-vi-tinh-linh-kien, total items: 1000
[2025-03-12T07:58:42.244+0000] {tiki_extract_dag.py:155} INFO - Extracted page 26/50 - laptop-may-vi-tinh-linh-kien, total items: 1040
[2025-03-12T07:58:50.779+0000] {tiki_extract_dag.py:155} INFO - Extracted page 27/50 - laptop-may-vi-tinh-linh-kien, total items: 1080
[2025-03-12T07:59:00.030+0000] {tiki_extract_dag.py:155} INFO - Extracted page 28/50 - laptop-may-vi-tinh-linh-kien, total items: 1120
[2025-03-12T07:59:06.992+0000] {tiki_extract_dag.py:155} INFO - Extracted page 29/50 - laptop-may-vi-tinh-linh-kien, total items: 1160
[2025-03-12T07:59:15.119+0000] {tiki_extract_dag.py:155} INFO - Extracted page 30/50 - laptop-may-vi-tinh-linh-kien, total items: 1200
[2025-03-12T07:59:22.708+0000] {tiki_extract_dag.py:155} INFO - Extracted page 31/50 - laptop-may-vi-tinh-linh-kien, total items: 1240
[2025-03-12T07:59:31.347+0000] {tiki_extract_dag.py:155} INFO - Extracted page 32/50 - laptop-may-vi-tinh-linh-kien, total items: 1280
[2025-03-12T07:59:38.956+0000] {tiki_extract_dag.py:155} INFO - Extracted page 33/50 - laptop-may-vi-tinh-linh-kien, total items: 1320
[2025-03-12T07:59:46.073+0000] {tiki_extract_dag.py:155} INFO - Extracted page 34/50 - laptop-may-vi-tinh-linh-kien, total items: 1360
[2025-03-12T07:59:54.843+0000] {tiki_extract_dag.py:155} INFO - Extracted page 35/50 - laptop-may-vi-tinh-linh-kien, total items: 1400
[2025-03-12T08:00:05.262+0000] {tiki_extract_dag.py:155} INFO - Extracted page 36/50 - laptop-may-vi-tinh-linh-kien, total items: 1440
[2025-03-12T08:00:13.366+0000] {tiki_extract_dag.py:155} INFO - Extracted page 37/50 - laptop-may-vi-tinh-linh-kien, total items: 1480
[2025-03-12T08:00:21.764+0000] {tiki_extract_dag.py:155} INFO - Extracted page 38/50 - laptop-may-vi-tinh-linh-kien, total items: 1520
[2025-03-12T08:00:29.841+0000] {tiki_extract_dag.py:155} INFO - Extracted page 39/50 - laptop-may-vi-tinh-linh-kien, total items: 1560
[2025-03-12T08:00:37.338+0000] {tiki_extract_dag.py:155} INFO - Extracted page 40/50 - laptop-may-vi-tinh-linh-kien, total items: 1600
[2025-03-12T08:00:44.742+0000] {tiki_extract_dag.py:155} INFO - Extracted page 41/50 - laptop-may-vi-tinh-linh-kien, total items: 1640
[2025-03-12T08:00:57.267+0000] {tiki_extract_dag.py:155} INFO - Extracted page 42/50 - laptop-may-vi-tinh-linh-kien, total items: 1680
[2025-03-12T08:01:07.205+0000] {tiki_extract_dag.py:155} INFO - Extracted page 43/50 - laptop-may-vi-tinh-linh-kien, total items: 1720
[2025-03-12T08:01:16.215+0000] {tiki_extract_dag.py:155} INFO - Extracted page 44/50 - laptop-may-vi-tinh-linh-kien, total items: 1760
[2025-03-12T08:01:23.241+0000] {tiki_extract_dag.py:155} INFO - Extracted page 45/50 - laptop-may-vi-tinh-linh-kien, total items: 1800
[2025-03-12T08:01:30.619+0000] {tiki_extract_dag.py:155} INFO - Extracted page 46/50 - laptop-may-vi-tinh-linh-kien, total items: 1840
[2025-03-12T08:01:37.357+0000] {tiki_extract_dag.py:155} INFO - Extracted page 47/50 - laptop-may-vi-tinh-linh-kien, total items: 1880
[2025-03-12T08:01:46.337+0000] {tiki_extract_dag.py:155} INFO - Extracted page 48/50 - laptop-may-vi-tinh-linh-kien, total items: 1920
[2025-03-12T08:01:51.906+0000] {tiki_extract_dag.py:155} INFO - Extracted page 49/50 - laptop-may-vi-tinh-linh-kien, total items: 1960
[2025-03-12T08:01:58.896+0000] {tiki_extract_dag.py:155} INFO - Extracted page 50/50 - laptop-may-vi-tinh-linh-kien, total items: 2000
[2025-03-12T08:02:24.678+0000] {tiki_extract_dag.py:56} INFO - Updated crawled products at tiki-pipeline/tiki_crawled/crawled_products.json
[2025-03-12T08:02:24.680+0000] {tiki_extract_dag.py:172} INFO - Uploaded raw data to tiki-pipeline/tiki_raw_data/raw_laptop-may-vi-tinh-linh-kien_20250312_080208.json, total items: 2000
[2025-03-12T08:02:25.319+0000] {tiki_extract_dag.py:183} INFO - Saved metadata to tiki-pipeline/metadata/extract_run_metadata_laptop-may-vi-tinh-linh-kien_20250312_080208.json
[2025-03-12T08:02:25.330+0000] {python.py:240} INFO - Done. Returned value was: None
[2025-03-12T08:02:25.377+0000] {taskinstance.py:341} INFO - ::group::Post task execution logs
[2025-03-12T08:02:25.379+0000] {taskinstance.py:353} INFO - Marking task as SUCCESS. dag_id=tiki_extract_dag, task_id=extract_laptop-may-vi-tinh-linh-kien, run_id=manual__2025-03-12T07:40:49.551946+00:00, execution_date=20250312T074049, start_date=20250312T075511, end_date=20250312T080225
[2025-03-12T08:02:25.430+0000] {logging_mixin.py:190} INFO - Task instance in success state
[2025-03-12T08:02:25.431+0000] {logging_mixin.py:190} INFO -  Previous state of the Task instance: running
[2025-03-12T08:02:25.431+0000] {logging_mixin.py:190} INFO - Dag name:tiki_extract_dag queued_at:2025-03-12 07:40:49.590021+00:00
[2025-03-12T08:02:25.432+0000] {logging_mixin.py:190} INFO - Task hostname:3905098656d4 operator:PythonOperator
[2025-03-12T08:02:25.504+0000] {local_task_job_runner.py:266} INFO - Task exited with return code 0
[2025-03-12T08:02:25.544+0000] {taskinstance.py:3901} INFO - 0 downstream tasks scheduled from follow-on schedule check
[2025-03-12T08:02:25.546+0000] {local_task_job_runner.py:245} INFO - ::endgroup::
