[2025-03-11T09:55:13.499+0000] {local_task_job_runner.py:123} INFO - ::group::Pre task execution logs
[2025-03-11T09:55:13.682+0000] {taskinstance.py:2614} INFO - Dependencies all met for dep_context=non-requeueable deps ti=<TaskInstance: tiki_extract_dag.crawl_thoi-trang-nu manual__2025-03-11T09:54:25.561686+00:00 [queued]>
[2025-03-11T09:55:13.800+0000] {taskinstance.py:2614} INFO - Dependencies all met for dep_context=requeueable deps ti=<TaskInstance: tiki_extract_dag.crawl_thoi-trang-nu manual__2025-03-11T09:54:25.561686+00:00 [queued]>
[2025-03-11T09:55:13.807+0000] {taskinstance.py:2867} INFO - Starting attempt 1 of 4
[2025-03-11T09:55:13.971+0000] {taskinstance.py:2890} INFO - Executing <Task(PythonOperator): crawl_thoi-trang-nu> on 2025-03-11 09:54:25.561686+00:00
[2025-03-11T09:55:14.126+0000] {warnings.py:112} WARNING - /home/***/.local/lib/python3.12/site-packages/***/task/task_runner/standard_task_runner.py:70: DeprecationWarning: This process (pid=761) is multi-threaded, use of fork() may lead to deadlocks in the child.
  pid = os.fork()

[2025-03-11T09:55:14.195+0000] {standard_task_runner.py:72} INFO - Started process 783 to run task
[2025-03-11T09:55:14.314+0000] {standard_task_runner.py:104} INFO - Running: ['***', 'tasks', 'run', 'tiki_extract_dag', 'crawl_thoi-trang-nu', 'manual__2025-03-11T09:54:25.561686+00:00', '--job-id', '580', '--raw', '--subdir', 'DAGS_FOLDER/tiki_extract_dag.py', '--cfg-path', '/tmp/tmp9q2xypwu']
[2025-03-11T09:55:14.324+0000] {standard_task_runner.py:105} INFO - Job 580: Subtask crawl_thoi-trang-nu
[2025-03-11T09:55:16.607+0000] {task_command.py:467} INFO - Running <TaskInstance: tiki_extract_dag.crawl_thoi-trang-nu manual__2025-03-11T09:54:25.561686+00:00 [running]> on host 5c8190d7da62
[2025-03-11T09:55:32.425+0000] {taskinstance.py:3134} INFO - Exporting env vars: AIRFLOW_CTX_DAG_OWNER='***' AIRFLOW_CTX_DAG_ID='tiki_extract_dag' AIRFLOW_CTX_TASK_ID='crawl_thoi-trang-nu' AIRFLOW_CTX_EXECUTION_DATE='2025-03-11T09:54:25.561686+00:00' AIRFLOW_CTX_TRY_NUMBER='1' AIRFLOW_CTX_DAG_RUN_ID='manual__2025-03-11T09:54:25.561686+00:00'
[2025-03-11T09:55:32.439+0000] {logging_mixin.py:190} INFO - Task instance is in running state
[2025-03-11T09:55:32.451+0000] {logging_mixin.py:190} INFO -  Previous state of the Task instance: queued
[2025-03-11T09:55:32.461+0000] {logging_mixin.py:190} INFO - Current task name:crawl_thoi-trang-nu state:running start_date:2025-03-11 09:55:13.692521+00:00
[2025-03-11T09:55:32.476+0000] {logging_mixin.py:190} INFO - Dag name:tiki_extract_dag and current dag run status:running
[2025-03-11T09:55:32.487+0000] {taskinstance.py:732} INFO - ::endgroup::
[2025-03-11T09:55:40.752+0000] {tiki_extract_dag.py:139} INFO - Starting crawl for category thoi-trang-nu (ID: 931)
[2025-03-11T09:55:40.754+0000] {tiki_extract_dag.py:141} INFO - Calling API: https://tiki.vn/api/v2/products with params: {'page': 1, 'limit': 40, 'category': '931'}
[2025-03-11T09:55:41.542+0000] {tiki_extract_dag.py:150} INFO - Total pages for thoi-trang-nu: 50 (limited to 50)
[2025-03-11T09:55:41.545+0000] {tiki_extract_dag.py:163} INFO - Calling API: https://tiki.vn/api/v2/products with params: {'page': 2, 'limit': 40, 'category': '931'}
[2025-03-11T09:55:42.440+0000] {tiki_extract_dag.py:183} INFO - Extracted page 2/50 for category thoi-trang-nu, total items: 0
[2025-03-11T09:55:51.438+0000] {job.py:229} INFO - Heartbeat recovered after 13.76 seconds
[2025-03-11T09:56:01.415+0000] {tiki_extract_dag.py:163} INFO - Calling API: https://tiki.vn/api/v2/products with params: {'page': 3, 'limit': 40, 'category': '931'}
[2025-03-11T09:56:21.318+0000] {tiki_extract_dag.py:120} ERROR - Error fetching details for product 146635392 on attempt 1/3: Expecting value: line 1 column 1 (char 0)
[2025-03-11T09:56:28.621+0000] {tiki_extract_dag.py:120} ERROR - Error fetching details for product 146635392 on attempt 2/3: Expecting value: line 1 column 1 (char 0)
[2025-03-11T09:56:34.800+0000] {tiki_extract_dag.py:120} ERROR - Error fetching details for product 146635392 on attempt 3/3: Expecting value: line 1 column 1 (char 0)
[2025-03-11T09:56:34.947+0000] {tiki_extract_dag.py:120} ERROR - Error fetching details for product 144191819 on attempt 1/3: Expecting value: line 1 column 1 (char 0)
[2025-03-11T09:56:44.141+0000] {tiki_extract_dag.py:120} ERROR - Error fetching details for product 144191819 on attempt 2/3: Expecting value: line 1 column 1 (char 0)
[2025-03-11T09:56:52.088+0000] {tiki_extract_dag.py:120} ERROR - Error fetching details for product 144191819 on attempt 3/3: Expecting value: line 1 column 1 (char 0)
[2025-03-11T09:56:52.250+0000] {tiki_extract_dag.py:120} ERROR - Error fetching details for product 124874229 on attempt 1/3: Expecting value: line 1 column 1 (char 0)
[2025-03-11T09:56:57.562+0000] {tiki_extract_dag.py:120} ERROR - Error fetching details for product 124874229 on attempt 2/3: Expecting value: line 1 column 1 (char 0)
[2025-03-11T09:57:21.479+0000] {tiki_extract_dag.py:120} ERROR - Error fetching details for product 97732361 on attempt 1/3: Expecting value: line 1 column 1 (char 0)
[2025-03-11T09:57:30.200+0000] {tiki_extract_dag.py:120} ERROR - Error fetching details for product 97732361 on attempt 2/3: Expecting value: line 1 column 1 (char 0)
[2025-03-11T09:57:36.904+0000] {tiki_extract_dag.py:120} ERROR - Error fetching details for product 97732361 on attempt 3/3: Expecting value: line 1 column 1 (char 0)
[2025-03-11T09:57:37.082+0000] {tiki_extract_dag.py:120} ERROR - Error fetching details for product 97719473 on attempt 1/3: Expecting value: line 1 column 1 (char 0)
[2025-03-11T09:57:45.123+0000] {tiki_extract_dag.py:120} ERROR - Error fetching details for product 97719473 on attempt 2/3: Expecting value: line 1 column 1 (char 0)
[2025-03-11T09:57:51.060+0000] {tiki_extract_dag.py:120} ERROR - Error fetching details for product 97719473 on attempt 3/3: Expecting value: line 1 column 1 (char 0)
[2025-03-11T09:57:51.791+0000] {tiki_extract_dag.py:120} ERROR - Error fetching details for product 84544893 on attempt 1/3: Expecting value: line 1 column 1 (char 0)
[2025-03-11T09:57:57.079+0000] {tiki_extract_dag.py:120} ERROR - Error fetching details for product 84544893 on attempt 2/3: Expecting value: line 1 column 1 (char 0)
[2025-03-11T09:58:22.260+0000] {tiki_extract_dag.py:183} INFO - Extracted page 3/50 for category thoi-trang-nu, total items: 40
[2025-03-11T09:58:41.445+0000] {tiki_extract_dag.py:163} INFO - Calling API: https://tiki.vn/api/v2/products with params: {'page': 4, 'limit': 40, 'category': '931'}
[2025-03-11T09:58:41.604+0000] {tiki_extract_dag.py:186} ERROR - API error at page 4 in category thoi-trang-nu on attempt 1/3: Expecting value: line 1 column 1 (char 0)
[2025-03-11T09:58:49.645+0000] {tiki_extract_dag.py:186} ERROR - API error at page 4 in category thoi-trang-nu on attempt 2/3: Expecting value: line 1 column 1 (char 0)
[2025-03-11T09:58:58.110+0000] {tiki_extract_dag.py:186} ERROR - API error at page 4 in category thoi-trang-nu on attempt 3/3: Expecting value: line 1 column 1 (char 0)
[2025-03-11T09:58:58.119+0000] {tiki_extract_dag.py:191} ERROR - Failed after 3 attempts for page 4 in category thoi-trang-nu
[2025-03-11T09:58:58.151+0000] {python.py:240} INFO - Done. Returned value was: None
[2025-03-11T09:58:59.208+0000] {taskinstance.py:341} INFO - ::group::Post task execution logs
[2025-03-11T09:58:59.224+0000] {taskinstance.py:353} INFO - Marking task as SUCCESS. dag_id=tiki_extract_dag, task_id=crawl_thoi-trang-nu, run_id=manual__2025-03-11T09:54:25.561686+00:00, execution_date=20250311T095425, start_date=20250311T095513, end_date=20250311T095859
[2025-03-11T09:59:00.156+0000] {logging_mixin.py:190} INFO - Task instance in success state
[2025-03-11T09:59:00.161+0000] {logging_mixin.py:190} INFO -  Previous state of the Task instance: running
[2025-03-11T09:59:00.164+0000] {logging_mixin.py:190} INFO - Dag name:tiki_extract_dag queued_at:2025-03-11 09:54:25.681807+00:00
[2025-03-11T09:59:00.167+0000] {logging_mixin.py:190} INFO - Task hostname:5c8190d7da62 operator:PythonOperator
[2025-03-11T09:59:00.477+0000] {local_task_job_runner.py:266} INFO - Task exited with return code 0
[2025-03-11T09:59:00.971+0000] {taskinstance.py:3901} INFO - 0 downstream tasks scheduled from follow-on schedule check
[2025-03-11T09:59:00.988+0000] {local_task_job_runner.py:245} INFO - ::endgroup::
