[2025-03-09T19:29:33.625+0000] {local_task_job_runner.py:123} INFO - ::group::Pre task execution logs
[2025-03-09T19:29:33.665+0000] {taskinstance.py:2614} INFO - Dependencies all met for dep_context=non-requeueable deps ti=<TaskInstance: tiki_etl_orchestration.trigger_load manual__2025-03-09T18:58:17.554629+00:00 [queued]>
[2025-03-09T19:29:33.686+0000] {taskinstance.py:2614} INFO - Dependencies all met for dep_context=requeueable deps ti=<TaskInstance: tiki_etl_orchestration.trigger_load manual__2025-03-09T18:58:17.554629+00:00 [queued]>
[2025-03-09T19:29:33.688+0000] {taskinstance.py:2867} INFO - Starting attempt 1 of 1
[2025-03-09T19:29:33.926+0000] {taskinstance.py:2890} INFO - Executing <Task(TriggerDagRunOperator): trigger_load> on 2025-03-09 18:58:17.554629+00:00
[2025-03-09T19:29:33.940+0000] {warnings.py:112} WARNING - /home/***/.local/lib/python3.12/site-packages/***/task/task_runner/standard_task_runner.py:70: DeprecationWarning: This process (pid=657) is multi-threaded, use of fork() may lead to deadlocks in the child.
  pid = os.fork()

[2025-03-09T19:29:33.943+0000] {standard_task_runner.py:72} INFO - Started process 659 to run task
[2025-03-09T19:29:33.943+0000] {standard_task_runner.py:104} INFO - Running: ['***', 'tasks', 'run', 'tiki_etl_orchestration', 'trigger_load', 'manual__2025-03-09T18:58:17.554629+00:00', '--job-id', '295', '--raw', '--subdir', 'DAGS_FOLDER/tiki_etl_orchestration.py', '--cfg-path', '/tmp/tmpjqie_d8p']
[2025-03-09T19:29:33.945+0000] {standard_task_runner.py:105} INFO - Job 295: Subtask trigger_load
[2025-03-09T19:29:34.028+0000] {task_command.py:467} INFO - Running <TaskInstance: tiki_etl_orchestration.trigger_load manual__2025-03-09T18:58:17.554629+00:00 [running]> on host 72a6d77a3cc5
[2025-03-09T19:29:34.177+0000] {taskinstance.py:3134} INFO - Exporting env vars: AIRFLOW_CTX_DAG_OWNER='***' AIRFLOW_CTX_DAG_ID='tiki_etl_orchestration' AIRFLOW_CTX_TASK_ID='trigger_load' AIRFLOW_CTX_EXECUTION_DATE='2025-03-09T18:58:17.554629+00:00' AIRFLOW_CTX_TRY_NUMBER='1' AIRFLOW_CTX_DAG_RUN_ID='manual__2025-03-09T18:58:17.554629+00:00'
[2025-03-09T19:29:34.179+0000] {logging_mixin.py:190} INFO - Task instance is in running state
[2025-03-09T19:29:34.180+0000] {logging_mixin.py:190} INFO -  Previous state of the Task instance: queued
[2025-03-09T19:29:34.180+0000] {logging_mixin.py:190} INFO - Current task name:trigger_load state:running start_date:2025-03-09 19:29:33.666927+00:00
[2025-03-09T19:29:34.181+0000] {logging_mixin.py:190} INFO - Dag name:tiki_etl_orchestration and current dag run status:running
[2025-03-09T19:29:34.182+0000] {taskinstance.py:732} INFO - ::endgroup::
[2025-03-09T19:29:34.299+0000] {trigger_dagrun.py:257} INFO - Waiting for tiki_load_dag on 2025-03-09 19:29:34.183404+00:00 to become allowed state ['success'] ...
[2025-03-09T19:29:44.314+0000] {trigger_dagrun.py:257} INFO - Waiting for tiki_load_dag on 2025-03-09 19:29:34.183404+00:00 to become allowed state ['success'] ...
[2025-03-09T19:29:54.328+0000] {trigger_dagrun.py:257} INFO - Waiting for tiki_load_dag on 2025-03-09 19:29:34.183404+00:00 to become allowed state ['success'] ...
[2025-03-09T19:30:04.343+0000] {trigger_dagrun.py:257} INFO - Waiting for tiki_load_dag on 2025-03-09 19:29:34.183404+00:00 to become allowed state ['success'] ...
[2025-03-09T19:30:14.373+0000] {taskinstance.py:3313} ERROR - Task failed with exception
Traceback (most recent call last):
  File "/home/airflow/.local/lib/python3.12/site-packages/airflow/models/taskinstance.py", line 768, in _execute_task
    result = _execute_callable(context=context, **execute_callable_kwargs)
             ^^^^^^^^^^^^^^^^^^^^^^^^^^^^^^^^^^^^^^^^^^^^^^^^^^^^^^^^^^^^^
  File "/home/airflow/.local/lib/python3.12/site-packages/airflow/models/taskinstance.py", line 734, in _execute_callable
    return ExecutionCallableRunner(
           ^^^^^^^^^^^^^^^^^^^^^^^^
  File "/home/airflow/.local/lib/python3.12/site-packages/airflow/utils/operator_helpers.py", line 252, in run
    return self.func(*args, **kwargs)
           ^^^^^^^^^^^^^^^^^^^^^^^^^^
  File "/home/airflow/.local/lib/python3.12/site-packages/airflow/models/baseoperator.py", line 424, in wrapper
    return func(self, *args, **kwargs)
           ^^^^^^^^^^^^^^^^^^^^^^^^^^^
  File "/home/airflow/.local/lib/python3.12/site-packages/airflow/operators/trigger_dagrun.py", line 269, in execute
    raise AirflowException(f"{self.trigger_dag_id} failed with failed states {state}")
airflow.exceptions.AirflowException: tiki_load_dag failed with failed states failed
[2025-03-09T19:30:14.384+0000] {logging_mixin.py:190} INFO - Task instance in failure state
[2025-03-09T19:30:14.386+0000] {logging_mixin.py:190} INFO - Task start:2025-03-09 19:29:33.666927+00:00 end:2025-03-09 19:30:14.383066+00:00 duration:40.716139
[2025-03-09T19:30:14.387+0000] {logging_mixin.py:190} INFO - Task:<Task(TriggerDagRunOperator): trigger_load> dag:<DAG: tiki_etl_orchestration> dagrun:<DagRun tiki_etl_orchestration @ 2025-03-09 18:58:17.554629+00:00: manual__2025-03-09T18:58:17.554629+00:00, state:running, queued_at: 2025-03-09 18:58:19.187376+00:00. externally triggered: True>
[2025-03-09T19:30:14.388+0000] {logging_mixin.py:190} INFO - Failure caused by tiki_load_dag failed with failed states failed
[2025-03-09T19:30:14.389+0000] {taskinstance.py:1226} INFO - Marking task as FAILED. dag_id=tiki_etl_orchestration, task_id=trigger_load, run_id=manual__2025-03-09T18:58:17.554629+00:00, execution_date=20250309T185817, start_date=20250309T192933, end_date=20250309T193014
[2025-03-09T19:30:14.445+0000] {taskinstance.py:341} INFO - ::group::Post task execution logs
[2025-03-09T19:30:14.446+0000] {standard_task_runner.py:124} ERROR - Failed to execute job 295 for task trigger_load (tiki_load_dag failed with failed states failed; 659)
Traceback (most recent call last):
  File "/home/airflow/.local/lib/python3.12/site-packages/airflow/task/task_runner/standard_task_runner.py", line 117, in _start_by_fork
    ret = args.func(args, dag=self.dag)
          ^^^^^^^^^^^^^^^^^^^^^^^^^^^^^
  File "/home/airflow/.local/lib/python3.12/site-packages/airflow/cli/cli_config.py", line 49, in command
    return func(*args, **kwargs)
           ^^^^^^^^^^^^^^^^^^^^^
  File "/home/airflow/.local/lib/python3.12/site-packages/airflow/utils/cli.py", line 116, in wrapper
    return f(*args, **kwargs)
           ^^^^^^^^^^^^^^^^^^
  File "/home/airflow/.local/lib/python3.12/site-packages/airflow/cli/commands/task_command.py", line 483, in task_run
    task_return_code = _run_task_by_selected_method(args, _dag, ti)
                       ^^^^^^^^^^^^^^^^^^^^^^^^^^^^^^^^^^^^^^^^^^^^
  File "/home/airflow/.local/lib/python3.12/site-packages/airflow/cli/commands/task_command.py", line 256, in _run_task_by_selected_method
    return _run_raw_task(args, ti)
           ^^^^^^^^^^^^^^^^^^^^^^^
  File "/home/airflow/.local/lib/python3.12/site-packages/airflow/cli/commands/task_command.py", line 341, in _run_raw_task
    return ti._run_raw_task(
           ^^^^^^^^^^^^^^^^^
  File "/home/airflow/.local/lib/python3.12/site-packages/airflow/utils/session.py", line 97, in wrapper
    return func(*args, session=session, **kwargs)
           ^^^^^^^^^^^^^^^^^^^^^^^^^^^^^^^^^^^^^^
  File "/home/airflow/.local/lib/python3.12/site-packages/airflow/models/taskinstance.py", line 3006, in _run_raw_task
    return _run_raw_task(
           ^^^^^^^^^^^^^^
  File "/home/airflow/.local/lib/python3.12/site-packages/airflow/models/taskinstance.py", line 274, in _run_raw_task
    TaskInstance._execute_task_with_callbacks(
  File "/home/airflow/.local/lib/python3.12/site-packages/airflow/models/taskinstance.py", line 3161, in _execute_task_with_callbacks
    result = self._execute_task(context, task_orig)
             ^^^^^^^^^^^^^^^^^^^^^^^^^^^^^^^^^^^^^^
  File "/home/airflow/.local/lib/python3.12/site-packages/airflow/models/taskinstance.py", line 3185, in _execute_task
    return _execute_task(self, context, task_orig)
           ^^^^^^^^^^^^^^^^^^^^^^^^^^^^^^^^^^^^^^^
  File "/home/airflow/.local/lib/python3.12/site-packages/airflow/models/taskinstance.py", line 768, in _execute_task
    result = _execute_callable(context=context, **execute_callable_kwargs)
             ^^^^^^^^^^^^^^^^^^^^^^^^^^^^^^^^^^^^^^^^^^^^^^^^^^^^^^^^^^^^^
  File "/home/airflow/.local/lib/python3.12/site-packages/airflow/models/taskinstance.py", line 734, in _execute_callable
    return ExecutionCallableRunner(
           ^^^^^^^^^^^^^^^^^^^^^^^^
  File "/home/airflow/.local/lib/python3.12/site-packages/airflow/utils/operator_helpers.py", line 252, in run
    return self.func(*args, **kwargs)
           ^^^^^^^^^^^^^^^^^^^^^^^^^^
  File "/home/airflow/.local/lib/python3.12/site-packages/airflow/models/baseoperator.py", line 424, in wrapper
    return func(self, *args, **kwargs)
           ^^^^^^^^^^^^^^^^^^^^^^^^^^^
  File "/home/airflow/.local/lib/python3.12/site-packages/airflow/operators/trigger_dagrun.py", line 269, in execute
    raise AirflowException(f"{self.trigger_dag_id} failed with failed states {state}")
airflow.exceptions.AirflowException: tiki_load_dag failed with failed states failed
[2025-03-09T19:30:14.498+0000] {local_task_job_runner.py:266} INFO - Task exited with return code 1
[2025-03-09T19:30:14.542+0000] {taskinstance.py:3901} INFO - 0 downstream tasks scheduled from follow-on schedule check
[2025-03-09T19:30:14.546+0000] {local_task_job_runner.py:245} INFO - ::endgroup::
