[2025-03-10T10:17:43.265+0000] {local_task_job_runner.py:123} INFO - ::group::Pre task execution logs
[2025-03-10T10:17:43.334+0000] {taskinstance.py:2614} INFO - Dependencies all met for dep_context=non-requeueable deps ti=<TaskInstance: tiki_extract_dag.crawl_lam-dep-suc-khoe manual__2025-03-10T10:16:46.076323+00:00 [queued]>
[2025-03-10T10:17:43.371+0000] {taskinstance.py:2614} INFO - Dependencies all met for dep_context=requeueable deps ti=<TaskInstance: tiki_extract_dag.crawl_lam-dep-suc-khoe manual__2025-03-10T10:16:46.076323+00:00 [queued]>
[2025-03-10T10:17:43.374+0000] {taskinstance.py:2867} INFO - Starting attempt 1 of 4
[2025-03-10T10:17:43.446+0000] {taskinstance.py:2890} INFO - Executing <Task(PythonOperator): crawl_lam-dep-suc-khoe> on 2025-03-10 10:16:46.076323+00:00
[2025-03-10T10:17:43.615+0000] {standard_task_runner.py:104} INFO - Running: ['***', 'tasks', 'run', 'tiki_extract_dag', 'crawl_lam-dep-suc-khoe', 'manual__2025-03-10T10:16:46.076323+00:00', '--job-id', '421', '--raw', '--subdir', 'DAGS_FOLDER/tiki_extract_dag.py', '--cfg-path', '/tmp/tmpc68ur2ou']
[2025-03-10T10:17:43.588+0000] {warnings.py:112} WARNING - /home/***/.local/lib/python3.12/site-packages/***/task/task_runner/standard_task_runner.py:70: DeprecationWarning: This process (pid=2548) is multi-threaded, use of fork() may lead to deadlocks in the child.
  pid = os.fork()

[2025-03-10T10:17:43.638+0000] {standard_task_runner.py:72} INFO - Started process 2588 to run task
[2025-03-10T10:17:43.635+0000] {standard_task_runner.py:105} INFO - Job 421: Subtask crawl_lam-dep-suc-khoe
[2025-03-10T10:17:44.135+0000] {task_command.py:467} INFO - Running <TaskInstance: tiki_extract_dag.crawl_lam-dep-suc-khoe manual__2025-03-10T10:16:46.076323+00:00 [running]> on host c77555d100c4
[2025-03-10T10:17:45.343+0000] {taskinstance.py:3134} INFO - Exporting env vars: AIRFLOW_CTX_DAG_OWNER='***' AIRFLOW_CTX_DAG_ID='tiki_extract_dag' AIRFLOW_CTX_TASK_ID='crawl_lam-dep-suc-khoe' AIRFLOW_CTX_EXECUTION_DATE='2025-03-10T10:16:46.076323+00:00' AIRFLOW_CTX_TRY_NUMBER='1' AIRFLOW_CTX_DAG_RUN_ID='manual__2025-03-10T10:16:46.076323+00:00'
[2025-03-10T10:17:45.348+0000] {logging_mixin.py:190} INFO - Task instance is in running state
[2025-03-10T10:17:45.360+0000] {logging_mixin.py:190} INFO -  Previous state of the Task instance: queued
[2025-03-10T10:17:45.384+0000] {logging_mixin.py:190} INFO - Current task name:crawl_lam-dep-suc-khoe state:running start_date:2025-03-10 10:17:43.335948+00:00
[2025-03-10T10:17:45.401+0000] {logging_mixin.py:190} INFO - Dag name:tiki_extract_dag and current dag run status:running
[2025-03-10T10:17:45.410+0000] {taskinstance.py:732} INFO - ::endgroup::
[2025-03-10T10:19:03.451+0000] {job.py:229} INFO - Heartbeat recovered after 80.59 seconds
[2025-03-10T10:19:57.237+0000] {connectionpool.py:868} WARNING - Retrying (Retry(total=2, connect=None, read=None, redirect=None, status=None)) after connection broken by 'NameResolutionError("<urllib3.connection.HTTPSConnection object at 0x7f5228be8c80>: Failed to resolve 'oauth2.googleapis.com' ([Errno -3] Temporary failure in name resolution)")': /token
[2025-03-10T10:19:57.262+0000] {job.py:239} ERROR - Job heartbeat failed with error
Traceback (most recent call last):
  File "/home/airflow/.local/lib/python3.12/site-packages/sqlalchemy/engine/base.py", line 3371, in _wrap_pool_connect
    return fn()
           ^^^^
  File "/home/airflow/.local/lib/python3.12/site-packages/sqlalchemy/pool/base.py", line 327, in connect
    return _ConnectionFairy._checkout(self)
           ^^^^^^^^^^^^^^^^^^^^^^^^^^^^^^^^
  File "/home/airflow/.local/lib/python3.12/site-packages/sqlalchemy/pool/base.py", line 894, in _checkout
    fairy = _ConnectionRecord.checkout(pool)
            ^^^^^^^^^^^^^^^^^^^^^^^^^^^^^^^^
  File "/home/airflow/.local/lib/python3.12/site-packages/sqlalchemy/pool/base.py", line 493, in checkout
    rec = pool._do_get()
          ^^^^^^^^^^^^^^
  File "/home/airflow/.local/lib/python3.12/site-packages/sqlalchemy/pool/impl.py", line 256, in _do_get
    return self._create_connection()
           ^^^^^^^^^^^^^^^^^^^^^^^^^
  File "/home/airflow/.local/lib/python3.12/site-packages/sqlalchemy/pool/base.py", line 273, in _create_connection
    return _ConnectionRecord(self)
           ^^^^^^^^^^^^^^^^^^^^^^^
  File "/home/airflow/.local/lib/python3.12/site-packages/sqlalchemy/pool/base.py", line 388, in __init__
    self.__connect()
  File "/home/airflow/.local/lib/python3.12/site-packages/sqlalchemy/pool/base.py", line 690, in __connect
    with util.safe_reraise():
         ^^^^^^^^^^^^^^^^^^^
  File "/home/airflow/.local/lib/python3.12/site-packages/sqlalchemy/util/langhelpers.py", line 70, in __exit__
    compat.raise_(
  File "/home/airflow/.local/lib/python3.12/site-packages/sqlalchemy/util/compat.py", line 211, in raise_
    raise exception
  File "/home/airflow/.local/lib/python3.12/site-packages/sqlalchemy/pool/base.py", line 686, in __connect
    self.dbapi_connection = connection = pool._invoke_creator(self)
                                         ^^^^^^^^^^^^^^^^^^^^^^^^^^
  File "/home/airflow/.local/lib/python3.12/site-packages/sqlalchemy/engine/create.py", line 574, in connect
    return dialect.connect(*cargs, **cparams)
           ^^^^^^^^^^^^^^^^^^^^^^^^^^^^^^^^^^
  File "/home/airflow/.local/lib/python3.12/site-packages/sqlalchemy/engine/default.py", line 598, in connect
    return self.dbapi.connect(*cargs, **cparams)
           ^^^^^^^^^^^^^^^^^^^^^^^^^^^^^^^^^^^^^
  File "/home/airflow/.local/lib/python3.12/site-packages/psycopg2/__init__.py", line 122, in connect
    conn = _connect(dsn, connection_factory=connection_factory, **kwasync)
           ^^^^^^^^^^^^^^^^^^^^^^^^^^^^^^^^^^^^^^^^^^^^^^^^^^^^^^^^^^^^^^^
psycopg2.OperationalError: could not translate host name "postgres" to address: Temporary failure in name resolution


The above exception was the direct cause of the following exception:

Traceback (most recent call last):
  File "/home/airflow/.local/lib/python3.12/site-packages/airflow/jobs/job.py", line 233, in heartbeat
    heartbeat_callback(session)
  File "/home/airflow/.local/lib/python3.12/site-packages/airflow/utils/session.py", line 94, in wrapper
    return func(*args, **kwargs)
           ^^^^^^^^^^^^^^^^^^^^^
  File "/home/airflow/.local/lib/python3.12/site-packages/airflow/jobs/local_task_job_runner.py", line 284, in heartbeat_callback
    self.task_instance.refresh_from_db()
  File "/home/airflow/.local/lib/python3.12/site-packages/airflow/utils/session.py", line 97, in wrapper
    return func(*args, session=session, **kwargs)
           ^^^^^^^^^^^^^^^^^^^^^^^^^^^^^^^^^^^^^^
  File "/home/airflow/.local/lib/python3.12/site-packages/airflow/models/taskinstance.py", line 2360, in refresh_from_db
    _refresh_from_db(task_instance=self, session=session, lock_for_update=lock_for_update)
  File "/home/airflow/.local/lib/python3.12/site-packages/airflow/models/taskinstance.py", line 873, in _refresh_from_db
    ti = TaskInstance.get_task_instance(
         ^^^^^^^^^^^^^^^^^^^^^^^^^^^^^^^
  File "/home/airflow/.local/lib/python3.12/site-packages/airflow/api_internal/internal_api_call.py", line 166, in wrapper
    return func(*args, **kwargs)
           ^^^^^^^^^^^^^^^^^^^^^
  File "/home/airflow/.local/lib/python3.12/site-packages/airflow/utils/session.py", line 94, in wrapper
    return func(*args, **kwargs)
           ^^^^^^^^^^^^^^^^^^^^^
  File "/home/airflow/.local/lib/python3.12/site-packages/airflow/models/taskinstance.py", line 2346, in get_task_instance
    return query.one_or_none()
           ^^^^^^^^^^^^^^^^^^^
  File "/home/airflow/.local/lib/python3.12/site-packages/sqlalchemy/orm/query.py", line 2850, in one_or_none
    return self._iter().one_or_none()
           ^^^^^^^^^^^^
  File "/home/airflow/.local/lib/python3.12/site-packages/sqlalchemy/orm/query.py", line 2916, in _iter
    result = self.session.execute(
             ^^^^^^^^^^^^^^^^^^^^^
  File "/home/airflow/.local/lib/python3.12/site-packages/sqlalchemy/orm/session.py", line 1716, in execute
    conn = self._connection_for_bind(bind)
           ^^^^^^^^^^^^^^^^^^^^^^^^^^^^^^^
  File "/home/airflow/.local/lib/python3.12/site-packages/sqlalchemy/orm/session.py", line 1555, in _connection_for_bind
    return self._transaction._connection_for_bind(
           ^^^^^^^^^^^^^^^^^^^^^^^^^^^^^^^^^^^^^^^
  File "/home/airflow/.local/lib/python3.12/site-packages/sqlalchemy/orm/session.py", line 750, in _connection_for_bind
    conn = bind.connect()
           ^^^^^^^^^^^^^^
  File "/home/airflow/.local/lib/python3.12/site-packages/sqlalchemy/future/engine.py", line 412, in connect
    return super(Engine, self).connect()
           ^^^^^^^^^^^^^^^^^^^^^^^^^^^^^
  File "/home/airflow/.local/lib/python3.12/site-packages/sqlalchemy/engine/base.py", line 3325, in connect
    return self._connection_cls(self, close_with_result=close_with_result)
           ^^^^^^^^^^^^^^^^^^^^^^^^^^^^^^^^^^^^^^^^^^^^^^^^^^^^^^^^^^^^^^^
  File "/home/airflow/.local/lib/python3.12/site-packages/sqlalchemy/engine/base.py", line 96, in __init__
    else engine.raw_connection()
         ^^^^^^^^^^^^^^^^^^^^^^^
  File "/home/airflow/.local/lib/python3.12/site-packages/sqlalchemy/engine/base.py", line 3404, in raw_connection
    return self._wrap_pool_connect(self.pool.connect, _connection)
           ^^^^^^^^^^^^^^^^^^^^^^^^^^^^^^^^^^^^^^^^^^^^^^^^^^^^^^^
  File "/home/airflow/.local/lib/python3.12/site-packages/sqlalchemy/engine/base.py", line 3374, in _wrap_pool_connect
    Connection._handle_dbapi_exception_noconnection(
  File "/home/airflow/.local/lib/python3.12/site-packages/sqlalchemy/engine/base.py", line 2208, in _handle_dbapi_exception_noconnection
    util.raise_(
  File "/home/airflow/.local/lib/python3.12/site-packages/sqlalchemy/util/compat.py", line 211, in raise_
    raise exception
  File "/home/airflow/.local/lib/python3.12/site-packages/sqlalchemy/engine/base.py", line 3371, in _wrap_pool_connect
    return fn()
           ^^^^
  File "/home/airflow/.local/lib/python3.12/site-packages/sqlalchemy/pool/base.py", line 327, in connect
    return _ConnectionFairy._checkout(self)
           ^^^^^^^^^^^^^^^^^^^^^^^^^^^^^^^^
  File "/home/airflow/.local/lib/python3.12/site-packages/sqlalchemy/pool/base.py", line 894, in _checkout
    fairy = _ConnectionRecord.checkout(pool)
            ^^^^^^^^^^^^^^^^^^^^^^^^^^^^^^^^
  File "/home/airflow/.local/lib/python3.12/site-packages/sqlalchemy/pool/base.py", line 493, in checkout
    rec = pool._do_get()
          ^^^^^^^^^^^^^^
  File "/home/airflow/.local/lib/python3.12/site-packages/sqlalchemy/pool/impl.py", line 256, in _do_get
    return self._create_connection()
           ^^^^^^^^^^^^^^^^^^^^^^^^^
  File "/home/airflow/.local/lib/python3.12/site-packages/sqlalchemy/pool/base.py", line 273, in _create_connection
    return _ConnectionRecord(self)
           ^^^^^^^^^^^^^^^^^^^^^^^
  File "/home/airflow/.local/lib/python3.12/site-packages/sqlalchemy/pool/base.py", line 388, in __init__
    self.__connect()
  File "/home/airflow/.local/lib/python3.12/site-packages/sqlalchemy/pool/base.py", line 690, in __connect
    with util.safe_reraise():
         ^^^^^^^^^^^^^^^^^^^
  File "/home/airflow/.local/lib/python3.12/site-packages/sqlalchemy/util/langhelpers.py", line 70, in __exit__
    compat.raise_(
  File "/home/airflow/.local/lib/python3.12/site-packages/sqlalchemy/util/compat.py", line 211, in raise_
    raise exception
  File "/home/airflow/.local/lib/python3.12/site-packages/sqlalchemy/pool/base.py", line 686, in __connect
    self.dbapi_connection = connection = pool._invoke_creator(self)
                                         ^^^^^^^^^^^^^^^^^^^^^^^^^^
  File "/home/airflow/.local/lib/python3.12/site-packages/sqlalchemy/engine/create.py", line 574, in connect
    return dialect.connect(*cargs, **cparams)
           ^^^^^^^^^^^^^^^^^^^^^^^^^^^^^^^^^^
  File "/home/airflow/.local/lib/python3.12/site-packages/sqlalchemy/engine/default.py", line 598, in connect
    return self.dbapi.connect(*cargs, **cparams)
           ^^^^^^^^^^^^^^^^^^^^^^^^^^^^^^^^^^^^^
  File "/home/airflow/.local/lib/python3.12/site-packages/psycopg2/__init__.py", line 122, in connect
    conn = _connect(dsn, connection_factory=connection_factory, **kwasync)
           ^^^^^^^^^^^^^^^^^^^^^^^^^^^^^^^^^^^^^^^^^^^^^^^^^^^^^^^^^^^^^^^
sqlalchemy.exc.OperationalError: (psycopg2.OperationalError) could not translate host name "postgres" to address: Temporary failure in name resolution

(Background on this error at: https://sqlalche.me/e/14/e3q8)
[2025-03-10T10:19:57.462+0000] {job.py:254} ERROR - Job heartbeat failed with error. Scheduler is in unhealthy state
[2025-03-10T10:20:07.136+0000] {job.py:229} INFO - Heartbeat recovered after 63.78 seconds
[2025-03-10T10:20:08.210+0000] {tiki_extract_dag.py:132} INFO - Starting crawl for category lam-dep-suc-khoe (ID: 1520)
[2025-03-10T10:20:08.212+0000] {tiki_extract_dag.py:134} INFO - Calling API: https://tiki.vn/api/v2/products with params: {'page': 1, 'limit': 40, 'category': '1520'}
[2025-03-10T10:20:09.817+0000] {tiki_extract_dag.py:143} INFO - Total pages for lam-dep-suc-khoe: 50 (limited to 50)
[2025-03-10T10:20:23.876+0000] {tiki_extract_dag.py:119} ERROR - Error fetching details for product 171564906: Expecting value: line 1 column 1 (char 0)
[2025-03-10T10:20:24.020+0000] {tiki_extract_dag.py:119} ERROR - Error fetching details for product 168562118: Expecting value: line 1 column 1 (char 0)
[2025-03-10T10:20:24.174+0000] {tiki_extract_dag.py:119} ERROR - Error fetching details for product 133245970: Expecting value: line 1 column 1 (char 0)
[2025-03-10T10:20:24.314+0000] {tiki_extract_dag.py:119} ERROR - Error fetching details for product 128912879: Expecting value: line 1 column 1 (char 0)
[2025-03-10T10:20:24.477+0000] {tiki_extract_dag.py:119} ERROR - Error fetching details for product 127026903: Expecting value: line 1 column 1 (char 0)
[2025-03-10T10:20:24.617+0000] {tiki_extract_dag.py:119} ERROR - Error fetching details for product 121485349: Expecting value: line 1 column 1 (char 0)
[2025-03-10T10:20:24.756+0000] {tiki_extract_dag.py:119} ERROR - Error fetching details for product 118708687: Expecting value: line 1 column 1 (char 0)
[2025-03-10T10:20:24.894+0000] {tiki_extract_dag.py:119} ERROR - Error fetching details for product 108535251: Expecting value: line 1 column 1 (char 0)
[2025-03-10T10:20:25.033+0000] {tiki_extract_dag.py:119} ERROR - Error fetching details for product 95253531: Expecting value: line 1 column 1 (char 0)
[2025-03-10T10:20:25.210+0000] {tiki_extract_dag.py:119} ERROR - Error fetching details for product 93078800: Expecting value: line 1 column 1 (char 0)
[2025-03-10T10:20:25.353+0000] {tiki_extract_dag.py:119} ERROR - Error fetching details for product 91565733: Expecting value: line 1 column 1 (char 0)
[2025-03-10T10:20:25.494+0000] {tiki_extract_dag.py:119} ERROR - Error fetching details for product 72644676: Expecting value: line 1 column 1 (char 0)
[2025-03-10T10:20:25.655+0000] {tiki_extract_dag.py:119} ERROR - Error fetching details for product 25108217: Expecting value: line 1 column 1 (char 0)
[2025-03-10T10:20:25.803+0000] {tiki_extract_dag.py:119} ERROR - Error fetching details for product 22254660: Expecting value: line 1 column 1 (char 0)
[2025-03-10T10:20:25.960+0000] {tiki_extract_dag.py:119} ERROR - Error fetching details for product 22052325: Expecting value: line 1 column 1 (char 0)
[2025-03-10T10:20:26.113+0000] {tiki_extract_dag.py:119} ERROR - Error fetching details for product 20541866: Expecting value: line 1 column 1 (char 0)
[2025-03-10T10:20:26.268+0000] {tiki_extract_dag.py:119} ERROR - Error fetching details for product 14115539: Expecting value: line 1 column 1 (char 0)
[2025-03-10T10:20:26.411+0000] {tiki_extract_dag.py:119} ERROR - Error fetching details for product 10298023: Expecting value: line 1 column 1 (char 0)
[2025-03-10T10:20:26.573+0000] {tiki_extract_dag.py:119} ERROR - Error fetching details for product 10071383: Expecting value: line 1 column 1 (char 0)
[2025-03-10T10:20:26.710+0000] {tiki_extract_dag.py:119} ERROR - Error fetching details for product 6874429: Expecting value: line 1 column 1 (char 0)
[2025-03-10T10:20:26.847+0000] {tiki_extract_dag.py:119} ERROR - Error fetching details for product 5902685: Expecting value: line 1 column 1 (char 0)
[2025-03-10T10:20:27.009+0000] {tiki_extract_dag.py:119} ERROR - Error fetching details for product 5560235: Expecting value: line 1 column 1 (char 0)
[2025-03-10T10:20:27.173+0000] {tiki_extract_dag.py:119} ERROR - Error fetching details for product 2042227: Expecting value: line 1 column 1 (char 0)
[2025-03-10T10:20:27.331+0000] {tiki_extract_dag.py:119} ERROR - Error fetching details for product 1672211: Expecting value: line 1 column 1 (char 0)
[2025-03-10T10:20:27.468+0000] {tiki_extract_dag.py:119} ERROR - Error fetching details for product 1672157: Expecting value: line 1 column 1 (char 0)
[2025-03-10T10:20:27.604+0000] {tiki_extract_dag.py:119} ERROR - Error fetching details for product 1672155: Expecting value: line 1 column 1 (char 0)
[2025-03-10T10:20:27.746+0000] {tiki_extract_dag.py:119} ERROR - Error fetching details for product 1672153: Expecting value: line 1 column 1 (char 0)
[2025-03-10T10:20:27.889+0000] {tiki_extract_dag.py:119} ERROR - Error fetching details for product 1634983: Expecting value: line 1 column 1 (char 0)
[2025-03-10T10:20:28.031+0000] {tiki_extract_dag.py:119} ERROR - Error fetching details for product 1634981: Expecting value: line 1 column 1 (char 0)
[2025-03-10T10:20:28.172+0000] {tiki_extract_dag.py:119} ERROR - Error fetching details for product 1537315: Expecting value: line 1 column 1 (char 0)
[2025-03-10T10:20:28.314+0000] {tiki_extract_dag.py:119} ERROR - Error fetching details for product 767101: Expecting value: line 1 column 1 (char 0)
[2025-03-10T10:20:28.457+0000] {tiki_extract_dag.py:119} ERROR - Error fetching details for product 632680: Expecting value: line 1 column 1 (char 0)
[2025-03-10T10:20:28.599+0000] {tiki_extract_dag.py:119} ERROR - Error fetching details for product 385654: Expecting value: line 1 column 1 (char 0)
[2025-03-10T10:20:28.741+0000] {tiki_extract_dag.py:119} ERROR - Error fetching details for product 385582: Expecting value: line 1 column 1 (char 0)
[2025-03-10T10:20:28.742+0000] {tiki_extract_dag.py:156} INFO - Calling API: https://tiki.vn/api/v2/products with params: {'page': 2, 'limit': 40, 'category': '1520'}
[2025-03-10T10:20:28.885+0000] {tiki_extract_dag.py:178} ERROR - API error at page 2 in category lam-dep-suc-khoe: Expecting value: line 1 column 1 (char 0)
[2025-03-10T10:20:32.485+0000] {tiki_extract_dag.py:50} INFO - Updated crawled products at tiki-pipeline/tiki_crawled/crawled_products.json
[2025-03-10T10:20:32.486+0000] {tiki_extract_dag.py:192} INFO - Uploaded raw data to tiki-pipeline/raw_data/lam-dep-suc-khoe_20250310_102029.json, total items: 40
[2025-03-10T10:20:32.825+0000] {tiki_extract_dag.py:204} INFO - Saved metadata to tiki-pipeline/metadata/lam-dep-suc-khoe_extract_run_metadata_20250310_102029.json
[2025-03-10T10:20:32.829+0000] {python.py:240} INFO - Done. Returned value was: None
[2025-03-10T10:20:32.912+0000] {taskinstance.py:341} INFO - ::group::Post task execution logs
[2025-03-10T10:20:32.914+0000] {taskinstance.py:353} INFO - Marking task as SUCCESS. dag_id=tiki_extract_dag, task_id=crawl_lam-dep-suc-khoe, run_id=manual__2025-03-10T10:16:46.076323+00:00, execution_date=20250310T101646, start_date=20250310T101743, end_date=20250310T102032
[2025-03-10T10:20:33.013+0000] {logging_mixin.py:190} INFO - Task instance in success state
[2025-03-10T10:20:33.014+0000] {logging_mixin.py:190} INFO -  Previous state of the Task instance: running
[2025-03-10T10:20:33.015+0000] {logging_mixin.py:190} INFO - Dag name:tiki_extract_dag queued_at:2025-03-10 10:16:46.133924+00:00
[2025-03-10T10:20:33.015+0000] {logging_mixin.py:190} INFO - Task hostname:c77555d100c4 operator:PythonOperator
[2025-03-10T10:20:33.074+0000] {local_task_job_runner.py:266} INFO - Task exited with return code 0
[2025-03-10T10:20:33.140+0000] {taskinstance.py:3901} INFO - 0 downstream tasks scheduled from follow-on schedule check
[2025-03-10T10:20:33.149+0000] {local_task_job_runner.py:245} INFO - ::endgroup::
