[2025-03-09T17:02:19.441+0000] {local_task_job_runner.py:123} INFO - ::group::Pre task execution logs
[2025-03-09T17:02:19.474+0000] {taskinstance.py:2614} INFO - Dependencies all met for dep_context=non-requeueable deps ti=<TaskInstance: tiki_etl_orchestration.trigger_extract manual__2025-03-09T17:02:13.520751+00:00 [queued]>
[2025-03-09T17:02:19.488+0000] {taskinstance.py:2614} INFO - Dependencies all met for dep_context=requeueable deps ti=<TaskInstance: tiki_etl_orchestration.trigger_extract manual__2025-03-09T17:02:13.520751+00:00 [queued]>
[2025-03-09T17:02:19.490+0000] {taskinstance.py:2867} INFO - Starting attempt 1 of 1
[2025-03-09T17:02:19.711+0000] {taskinstance.py:2890} INFO - Executing <Task(TriggerDagRunOperator): trigger_extract> on 2025-03-09 17:02:13.520751+00:00
[2025-03-09T17:02:19.737+0000] {warnings.py:112} WARNING - /home/***/.local/lib/python3.12/site-packages/***/task/task_runner/standard_task_runner.py:70: DeprecationWarning: This process (pid=79) is multi-threaded, use of fork() may lead to deadlocks in the child.
  pid = os.fork()

[2025-03-09T17:02:19.740+0000] {standard_task_runner.py:72} INFO - Started process 81 to run task
[2025-03-09T17:02:19.739+0000] {standard_task_runner.py:104} INFO - Running: ['***', 'tasks', 'run', 'tiki_etl_orchestration', 'trigger_extract', 'manual__2025-03-09T17:02:13.520751+00:00', '--job-id', '227', '--raw', '--subdir', 'DAGS_FOLDER/tiki_etl_orchestration.py', '--cfg-path', '/tmp/tmp9m0y7_uv']
[2025-03-09T17:02:19.741+0000] {standard_task_runner.py:105} INFO - Job 227: Subtask trigger_extract
[2025-03-09T17:02:19.837+0000] {task_command.py:467} INFO - Running <TaskInstance: tiki_etl_orchestration.trigger_extract manual__2025-03-09T17:02:13.520751+00:00 [running]> on host 72a6d77a3cc5
[2025-03-09T17:02:19.994+0000] {taskinstance.py:3134} INFO - Exporting env vars: AIRFLOW_CTX_DAG_OWNER='***' AIRFLOW_CTX_DAG_ID='tiki_etl_orchestration' AIRFLOW_CTX_TASK_ID='trigger_extract' AIRFLOW_CTX_EXECUTION_DATE='2025-03-09T17:02:13.520751+00:00' AIRFLOW_CTX_TRY_NUMBER='1' AIRFLOW_CTX_DAG_RUN_ID='manual__2025-03-09T17:02:13.520751+00:00'
[2025-03-09T17:02:19.997+0000] {logging_mixin.py:190} INFO - Task instance is in running state
[2025-03-09T17:02:19.998+0000] {logging_mixin.py:190} INFO -  Previous state of the Task instance: queued
[2025-03-09T17:02:19.999+0000] {logging_mixin.py:190} INFO - Current task name:trigger_extract state:running start_date:2025-03-09 17:02:19.476020+00:00
[2025-03-09T17:02:20.000+0000] {logging_mixin.py:190} INFO - Dag name:tiki_etl_orchestration and current dag run status:running
[2025-03-09T17:02:20.000+0000] {taskinstance.py:732} INFO - ::endgroup::
[2025-03-09T17:02:20.130+0000] {trigger_dagrun.py:257} INFO - Waiting for tiki_extract_dag on 2025-03-09 17:02:20.001834+00:00 to become allowed state ['success'] ...
[2025-03-09T17:02:30.146+0000] {trigger_dagrun.py:257} INFO - Waiting for tiki_extract_dag on 2025-03-09 17:02:20.001834+00:00 to become allowed state ['success'] ...
[2025-03-09T17:02:40.159+0000] {trigger_dagrun.py:257} INFO - Waiting for tiki_extract_dag on 2025-03-09 17:02:20.001834+00:00 to become allowed state ['success'] ...
[2025-03-09T17:02:50.171+0000] {trigger_dagrun.py:257} INFO - Waiting for tiki_extract_dag on 2025-03-09 17:02:20.001834+00:00 to become allowed state ['success'] ...
[2025-03-09T17:03:00.185+0000] {trigger_dagrun.py:257} INFO - Waiting for tiki_extract_dag on 2025-03-09 17:02:20.001834+00:00 to become allowed state ['success'] ...
[2025-03-09T17:03:10.201+0000] {trigger_dagrun.py:257} INFO - Waiting for tiki_extract_dag on 2025-03-09 17:02:20.001834+00:00 to become allowed state ['success'] ...
[2025-03-09T17:03:20.215+0000] {trigger_dagrun.py:271} INFO - tiki_extract_dag finished with allowed state success
[2025-03-09T17:03:20.236+0000] {taskinstance.py:341} INFO - ::group::Post task execution logs
[2025-03-09T17:03:20.238+0000] {taskinstance.py:353} INFO - Marking task as SUCCESS. dag_id=tiki_etl_orchestration, task_id=trigger_extract, run_id=manual__2025-03-09T17:02:13.520751+00:00, execution_date=20250309T170213, start_date=20250309T170219, end_date=20250309T170320
[2025-03-09T17:03:20.289+0000] {logging_mixin.py:190} INFO - Task instance in success state
[2025-03-09T17:03:20.290+0000] {logging_mixin.py:190} INFO -  Previous state of the Task instance: running
[2025-03-09T17:03:20.291+0000] {logging_mixin.py:190} INFO - Dag name:tiki_etl_orchestration queued_at:2025-03-09 17:02:14.249371+00:00
[2025-03-09T17:03:20.292+0000] {logging_mixin.py:190} INFO - Task hostname:72a6d77a3cc5 operator:TriggerDagRunOperator
[2025-03-09T17:03:20.352+0000] {local_task_job_runner.py:266} INFO - Task exited with return code 0
[2025-03-09T17:03:20.372+0000] {local_task_job_runner.py:245} INFO - ::endgroup::
