[2025-03-09T18:49:59.685+0000] {local_task_job_runner.py:123} INFO - ::group::Pre task execution logs
[2025-03-09T18:49:59.738+0000] {taskinstance.py:2614} INFO - Dependencies all met for dep_context=non-requeueable deps ti=<TaskInstance: tiki_transform_dag.transform_data manual__2025-03-09T18:49:55.695886+00:00 [queued]>
[2025-03-09T18:49:59.762+0000] {taskinstance.py:2614} INFO - Dependencies all met for dep_context=requeueable deps ti=<TaskInstance: tiki_transform_dag.transform_data manual__2025-03-09T18:49:55.695886+00:00 [queued]>
[2025-03-09T18:49:59.764+0000] {taskinstance.py:2867} INFO - Starting attempt 1 of 1
[2025-03-09T18:49:59.798+0000] {taskinstance.py:2890} INFO - Executing <Task(PythonOperator): transform_data> on 2025-03-09 18:49:55.695886+00:00
[2025-03-09T18:49:59.815+0000] {warnings.py:112} WARNING - /home/***/.local/lib/python3.12/site-packages/***/task/task_runner/standard_task_runner.py:70: DeprecationWarning: This process (pid=151) is multi-threaded, use of fork() may lead to deadlocks in the child.
  pid = os.fork()

[2025-03-09T18:49:59.818+0000] {standard_task_runner.py:72} INFO - Started process 153 to run task
[2025-03-09T18:49:59.819+0000] {standard_task_runner.py:104} INFO - Running: ['***', 'tasks', 'run', 'tiki_transform_dag', 'transform_data', 'manual__2025-03-09T18:49:55.695886+00:00', '--job-id', '285', '--raw', '--subdir', 'DAGS_FOLDER/tiki_transform_dag.py', '--cfg-path', '/tmp/tmptf5b_tou']
[2025-03-09T18:49:59.821+0000] {standard_task_runner.py:105} INFO - Job 285: Subtask transform_data
[2025-03-09T18:49:59.920+0000] {task_command.py:467} INFO - Running <TaskInstance: tiki_transform_dag.transform_data manual__2025-03-09T18:49:55.695886+00:00 [running]> on host 72a6d77a3cc5
[2025-03-09T18:50:00.071+0000] {taskinstance.py:3134} INFO - Exporting env vars: AIRFLOW_CTX_DAG_OWNER='***' AIRFLOW_CTX_DAG_ID='tiki_transform_dag' AIRFLOW_CTX_TASK_ID='transform_data' AIRFLOW_CTX_EXECUTION_DATE='2025-03-09T18:49:55.695886+00:00' AIRFLOW_CTX_TRY_NUMBER='1' AIRFLOW_CTX_DAG_RUN_ID='manual__2025-03-09T18:49:55.695886+00:00'
[2025-03-09T18:50:00.073+0000] {logging_mixin.py:190} INFO - Task instance is in running state
[2025-03-09T18:50:00.074+0000] {logging_mixin.py:190} INFO -  Previous state of the Task instance: queued
[2025-03-09T18:50:00.074+0000] {logging_mixin.py:190} INFO - Current task name:transform_data state:running start_date:2025-03-09 18:49:59.739719+00:00
[2025-03-09T18:50:00.075+0000] {logging_mixin.py:190} INFO - Dag name:tiki_transform_dag and current dag run status:running
[2025-03-09T18:50:00.076+0000] {taskinstance.py:732} INFO - ::endgroup::
[2025-03-09T18:50:01.241+0000] {tiki_transform_dag.py:65} INFO - Retrieved raw_blob_name from metadata: tiki_raw_data/raw_20250309_184547.json
[2025-03-09T18:50:01.639+0000] {tiki_transform_dag.py:76} INFO - Loaded raw data from tiki-data/tiki_raw_data/raw_20250309_184547.json, 400 rows
[2025-03-09T18:50:01.642+0000] {tiki_transform_dag.py:83} INFO - After deduplication: 400 rows
[2025-03-09T18:50:01.691+0000] {tiki_transform_dag.py:44} INFO - Data validation passed
[2025-03-09T18:50:01.749+0000] {tiki_transform_dag.py:166} INFO - Using transformed_data_path: tiki_transformed_data/
[2025-03-09T18:50:01.750+0000] {tiki_transform_dag.py:171} INFO - Using timestamp: 20250309_185001
[2025-03-09T18:50:01.751+0000] {tiki_transform_dag.py:183} INFO - Processing table: fact_sales
[2025-03-09T18:50:01.752+0000] {tiki_transform_dag.py:185} INFO - Generated blob name: tiki_transformed_data/fact_sales_20250309_185001.csv
[2025-03-09T18:50:02.024+0000] {tiki_transform_dag.py:190} INFO - Saved fact_sales to tiki-data/tiki_transformed_data/fact_sales_20250309_185001.csv
[2025-03-09T18:50:02.025+0000] {tiki_transform_dag.py:183} INFO - Processing table: dim_product
[2025-03-09T18:50:02.026+0000] {tiki_transform_dag.py:185} INFO - Generated blob name: tiki_transformed_data/dim_product_20250309_185001.csv
[2025-03-09T18:50:02.350+0000] {tiki_transform_dag.py:190} INFO - Saved dim_product to tiki-data/tiki_transformed_data/dim_product_20250309_185001.csv
[2025-03-09T18:50:02.351+0000] {tiki_transform_dag.py:183} INFO - Processing table: dim_seller
[2025-03-09T18:50:02.352+0000] {tiki_transform_dag.py:185} INFO - Generated blob name: tiki_transformed_data/dim_seller_20250309_185001.csv
[2025-03-09T18:50:02.535+0000] {tiki_transform_dag.py:190} INFO - Saved dim_seller to tiki-data/tiki_transformed_data/dim_seller_20250309_185001.csv
[2025-03-09T18:50:02.536+0000] {tiki_transform_dag.py:183} INFO - Processing table: dim_category
[2025-03-09T18:50:02.537+0000] {tiki_transform_dag.py:185} INFO - Generated blob name: tiki_transformed_data/dim_category_20250309_185001.csv
[2025-03-09T18:50:02.763+0000] {tiki_transform_dag.py:190} INFO - Saved dim_category to tiki-data/tiki_transformed_data/dim_category_20250309_185001.csv
[2025-03-09T18:50:02.764+0000] {tiki_transform_dag.py:183} INFO - Processing table: dim_brand
[2025-03-09T18:50:02.765+0000] {tiki_transform_dag.py:185} INFO - Generated blob name: tiki_transformed_data/dim_brand_20250309_185001.csv
[2025-03-09T18:50:02.948+0000] {tiki_transform_dag.py:190} INFO - Saved dim_brand to tiki-data/tiki_transformed_data/dim_brand_20250309_185001.csv
[2025-03-09T18:50:02.972+0000] {tiki_transform_dag.py:197} INFO - Pushed transformed_blob_names to XCom: {'fact_sales': 'tiki_transformed_data/fact_sales_20250309_185001.csv', 'dim_product': 'tiki_transformed_data/dim_product_20250309_185001.csv', 'dim_seller': 'tiki_transformed_data/dim_seller_20250309_185001.csv', 'dim_category': 'tiki_transformed_data/dim_category_20250309_185001.csv', 'dim_brand': 'tiki_transformed_data/dim_brand_20250309_185001.csv'}
[2025-03-09T18:50:02.975+0000] {python.py:240} INFO - Done. Returned value was: None
[2025-03-09T18:50:02.991+0000] {taskinstance.py:341} INFO - ::group::Post task execution logs
[2025-03-09T18:50:02.992+0000] {taskinstance.py:353} INFO - Marking task as SUCCESS. dag_id=tiki_transform_dag, task_id=transform_data, run_id=manual__2025-03-09T18:49:55.695886+00:00, execution_date=20250309T184955, start_date=20250309T184959, end_date=20250309T185002
[2025-03-09T18:50:03.032+0000] {logging_mixin.py:190} INFO - Task instance in success state
[2025-03-09T18:50:03.033+0000] {logging_mixin.py:190} INFO -  Previous state of the Task instance: running
[2025-03-09T18:50:03.033+0000] {logging_mixin.py:190} INFO - Dag name:tiki_transform_dag queued_at:2025-03-09 18:49:55.728043+00:00
[2025-03-09T18:50:03.034+0000] {logging_mixin.py:190} INFO - Task hostname:72a6d77a3cc5 operator:PythonOperator
[2025-03-09T18:50:03.091+0000] {local_task_job_runner.py:266} INFO - Task exited with return code 0
[2025-03-09T18:50:03.125+0000] {taskinstance.py:3901} INFO - 0 downstream tasks scheduled from follow-on schedule check
[2025-03-09T18:50:03.130+0000] {local_task_job_runner.py:245} INFO - ::endgroup::
