[2025-03-07T23:16:48.674+0000] {local_task_job_runner.py:123} INFO - ::group::Pre task execution logs
[2025-03-07T23:16:48.689+0000] {taskinstance.py:2614} INFO - Dependencies all met for dep_context=non-requeueable deps ti=<TaskInstance: tiki_extract_dag.extract_data manual__2025-03-07T23:16:45.328510+00:00 [queued]>
[2025-03-07T23:16:48.697+0000] {taskinstance.py:2614} INFO - Dependencies all met for dep_context=requeueable deps ti=<TaskInstance: tiki_extract_dag.extract_data manual__2025-03-07T23:16:45.328510+00:00 [queued]>
[2025-03-07T23:16:48.698+0000] {taskinstance.py:2867} INFO - Starting attempt 1 of 1
[2025-03-07T23:16:48.712+0000] {taskinstance.py:2890} INFO - Executing <Task(PythonOperator): extract_data> on 2025-03-07 23:16:45.328510+00:00
[2025-03-07T23:16:48.720+0000] {warnings.py:112} WARNING - /home/***/.local/lib/python3.12/site-packages/***/task/task_runner/standard_task_runner.py:70: DeprecationWarning: This process (pid=782) is multi-threaded, use of fork() may lead to deadlocks in the child.
  pid = os.fork()

[2025-03-07T23:16:48.721+0000] {standard_task_runner.py:72} INFO - Started process 784 to run task
[2025-03-07T23:16:48.722+0000] {standard_task_runner.py:104} INFO - Running: ['***', 'tasks', 'run', 'tiki_extract_dag', 'extract_data', 'manual__2025-03-07T23:16:45.328510+00:00', '--job-id', '41', '--raw', '--subdir', 'DAGS_FOLDER/tiki_extract_dag.py', '--cfg-path', '/tmp/tmpbdtbrso1']
[2025-03-07T23:16:48.723+0000] {standard_task_runner.py:105} INFO - Job 41: Subtask extract_data
[2025-03-07T23:16:48.769+0000] {task_command.py:467} INFO - Running <TaskInstance: tiki_extract_dag.extract_data manual__2025-03-07T23:16:45.328510+00:00 [running]> on host 9a2d81a2e852
[2025-03-07T23:16:49.084+0000] {taskinstance.py:3134} INFO - Exporting env vars: AIRFLOW_CTX_DAG_OWNER='***' AIRFLOW_CTX_DAG_ID='tiki_extract_dag' AIRFLOW_CTX_TASK_ID='extract_data' AIRFLOW_CTX_EXECUTION_DATE='2025-03-07T23:16:45.328510+00:00' AIRFLOW_CTX_TRY_NUMBER='1' AIRFLOW_CTX_DAG_RUN_ID='manual__2025-03-07T23:16:45.328510+00:00'
[2025-03-07T23:16:49.085+0000] {logging_mixin.py:190} INFO - Task instance is in running state
[2025-03-07T23:16:49.086+0000] {logging_mixin.py:190} INFO -  Previous state of the Task instance: queued
[2025-03-07T23:16:49.086+0000] {logging_mixin.py:190} INFO - Current task name:extract_data state:running start_date:2025-03-07 23:16:48.690619+00:00
[2025-03-07T23:16:49.086+0000] {logging_mixin.py:190} INFO - Dag name:tiki_extract_dag and current dag run status:running
[2025-03-07T23:16:49.087+0000] {taskinstance.py:732} INFO - ::endgroup::
[2025-03-07T23:16:51.071+0000] {crawl_data.py:101} INFO - Crawling category lam-dep-suc-khoe with 40 pages
[2025-03-07T23:16:51.383+0000] {crawl_data.py:118} INFO - Extracted page 1 - lam-dep-suc-khoe, 10 items, total extracted: 10
[2025-03-07T23:16:54.117+0000] {crawl_data.py:118} INFO - Extracted page 2 - lam-dep-suc-khoe, 10 items, total extracted: 20
[2025-03-07T23:16:57.598+0000] {crawl_data.py:118} INFO - Extracted page 3 - lam-dep-suc-khoe, 10 items, total extracted: 30
[2025-03-07T23:17:01.579+0000] {crawl_data.py:118} INFO - Extracted page 4 - lam-dep-suc-khoe, 10 items, total extracted: 40
[2025-03-07T23:17:04.508+0000] {crawl_data.py:118} INFO - Extracted page 5 - lam-dep-suc-khoe, 10 items, total extracted: 50
[2025-03-07T23:17:07.084+0000] {crawl_data.py:118} INFO - Extracted page 6 - lam-dep-suc-khoe, 10 items, total extracted: 60
[2025-03-07T23:17:09.545+0000] {crawl_data.py:118} INFO - Extracted page 7 - lam-dep-suc-khoe, 10 items, total extracted: 70
[2025-03-07T23:17:12.137+0000] {crawl_data.py:118} INFO - Extracted page 8 - lam-dep-suc-khoe, 10 items, total extracted: 80
[2025-03-07T23:17:16.758+0000] {crawl_data.py:118} INFO - Extracted page 9 - lam-dep-suc-khoe, 10 items, total extracted: 90
[2025-03-07T23:17:19.307+0000] {crawl_data.py:118} INFO - Extracted page 10 - lam-dep-suc-khoe, 10 items, total extracted: 100
[2025-03-07T23:17:24.444+0000] {crawl_data.py:118} INFO - Extracted page 11 - lam-dep-suc-khoe, 10 items, total extracted: 110
[2025-03-07T23:17:26.873+0000] {crawl_data.py:118} INFO - Extracted page 12 - lam-dep-suc-khoe, 10 items, total extracted: 120
[2025-03-07T23:17:30.542+0000] {crawl_data.py:118} INFO - Extracted page 13 - lam-dep-suc-khoe, 10 items, total extracted: 130
[2025-03-07T23:17:33.172+0000] {crawl_data.py:118} INFO - Extracted page 14 - lam-dep-suc-khoe, 10 items, total extracted: 140
[2025-03-07T23:17:37.865+0000] {crawl_data.py:118} INFO - Extracted page 15 - lam-dep-suc-khoe, 10 items, total extracted: 150
[2025-03-07T23:17:43.139+0000] {crawl_data.py:118} INFO - Extracted page 16 - lam-dep-suc-khoe, 10 items, total extracted: 160
[2025-03-07T23:17:45.458+0000] {crawl_data.py:118} INFO - Extracted page 17 - lam-dep-suc-khoe, 10 items, total extracted: 170
[2025-03-07T23:17:48.749+0000] {crawl_data.py:118} INFO - Extracted page 18 - lam-dep-suc-khoe, 10 items, total extracted: 180
[2025-03-07T23:17:52.025+0000] {crawl_data.py:118} INFO - Extracted page 19 - lam-dep-suc-khoe, 10 items, total extracted: 190
[2025-03-07T23:17:55.639+0000] {crawl_data.py:118} INFO - Extracted page 20 - lam-dep-suc-khoe, 10 items, total extracted: 200
[2025-03-07T23:17:58.180+0000] {crawl_data.py:118} INFO - Extracted page 21 - lam-dep-suc-khoe, 10 items, total extracted: 210
[2025-03-07T23:18:03.223+0000] {crawl_data.py:118} INFO - Extracted page 22 - lam-dep-suc-khoe, 10 items, total extracted: 220
[2025-03-07T23:18:05.905+0000] {crawl_data.py:118} INFO - Extracted page 23 - lam-dep-suc-khoe, 10 items, total extracted: 230
[2025-03-07T23:18:09.028+0000] {crawl_data.py:118} INFO - Extracted page 24 - lam-dep-suc-khoe, 10 items, total extracted: 240
[2025-03-07T23:18:11.546+0000] {crawl_data.py:118} INFO - Extracted page 25 - lam-dep-suc-khoe, 10 items, total extracted: 250
[2025-03-07T23:18:15.307+0000] {crawl_data.py:118} INFO - Extracted page 26 - lam-dep-suc-khoe, 10 items, total extracted: 260
[2025-03-07T23:18:18.133+0000] {crawl_data.py:118} INFO - Extracted page 27 - lam-dep-suc-khoe, 10 items, total extracted: 270
[2025-03-07T23:18:22.564+0000] {crawl_data.py:118} INFO - Extracted page 28 - lam-dep-suc-khoe, 10 items, total extracted: 280
[2025-03-07T23:18:26.154+0000] {crawl_data.py:118} INFO - Extracted page 29 - lam-dep-suc-khoe, 10 items, total extracted: 290
[2025-03-07T23:18:28.507+0000] {crawl_data.py:118} INFO - Extracted page 30 - lam-dep-suc-khoe, 10 items, total extracted: 300
[2025-03-07T23:18:31.763+0000] {crawl_data.py:118} INFO - Extracted page 31 - lam-dep-suc-khoe, 10 items, total extracted: 310
[2025-03-07T23:18:36.843+0000] {crawl_data.py:118} INFO - Extracted page 32 - lam-dep-suc-khoe, 10 items, total extracted: 320
[2025-03-07T23:18:41.190+0000] {crawl_data.py:118} INFO - Extracted page 33 - lam-dep-suc-khoe, 10 items, total extracted: 330
[2025-03-07T23:18:45.025+0000] {crawl_data.py:118} INFO - Extracted page 34 - lam-dep-suc-khoe, 10 items, total extracted: 340
[2025-03-07T23:18:49.538+0000] {crawl_data.py:118} INFO - Extracted page 35 - lam-dep-suc-khoe, 10 items, total extracted: 350
[2025-03-07T23:18:54.385+0000] {crawl_data.py:118} INFO - Extracted page 36 - lam-dep-suc-khoe, 10 items, total extracted: 360
[2025-03-07T23:18:57.954+0000] {crawl_data.py:118} INFO - Extracted page 37 - lam-dep-suc-khoe, 10 items, total extracted: 370
[2025-03-07T23:19:02.486+0000] {crawl_data.py:118} INFO - Extracted page 38 - lam-dep-suc-khoe, 10 items, total extracted: 380
[2025-03-07T23:19:07.843+0000] {crawl_data.py:118} INFO - Extracted page 39 - lam-dep-suc-khoe, 10 items, total extracted: 390
[2025-03-07T23:19:10.598+0000] {crawl_data.py:118} INFO - Extracted page 40 - lam-dep-suc-khoe, 10 items, total extracted: 400
[2025-03-07T23:19:13.713+0000] {crawl_data.py:101} INFO - Crawling category dien-thoai-may-tinh-bang with 40 pages
[2025-03-07T23:19:13.944+0000] {crawl_data.py:118} INFO - Extracted page 1 - dien-thoai-may-tinh-bang, 10 items, total extracted: 410
[2025-03-07T23:19:16.425+0000] {crawl_data.py:118} INFO - Extracted page 2 - dien-thoai-may-tinh-bang, 10 items, total extracted: 420
[2025-03-07T23:19:21.655+0000] {crawl_data.py:118} INFO - Extracted page 3 - dien-thoai-may-tinh-bang, 10 items, total extracted: 430
[2025-03-07T23:19:24.984+0000] {crawl_data.py:118} INFO - Extracted page 4 - dien-thoai-may-tinh-bang, 10 items, total extracted: 440
[2025-03-07T23:19:28.729+0000] {crawl_data.py:118} INFO - Extracted page 5 - dien-thoai-may-tinh-bang, 10 items, total extracted: 450
[2025-03-07T23:19:33.818+0000] {crawl_data.py:118} INFO - Extracted page 6 - dien-thoai-may-tinh-bang, 10 items, total extracted: 460
[2025-03-07T23:19:36.656+0000] {crawl_data.py:118} INFO - Extracted page 7 - dien-thoai-may-tinh-bang, 10 items, total extracted: 470
[2025-03-07T23:19:40.742+0000] {crawl_data.py:118} INFO - Extracted page 8 - dien-thoai-may-tinh-bang, 10 items, total extracted: 480
[2025-03-07T23:19:45.535+0000] {crawl_data.py:118} INFO - Extracted page 9 - dien-thoai-may-tinh-bang, 10 items, total extracted: 490
[2025-03-07T23:19:50.106+0000] {crawl_data.py:118} INFO - Extracted page 10 - dien-thoai-may-tinh-bang, 10 items, total extracted: 500
[2025-03-07T23:19:55.366+0000] {crawl_data.py:118} INFO - Extracted page 11 - dien-thoai-may-tinh-bang, 10 items, total extracted: 510
[2025-03-07T23:19:59.986+0000] {crawl_data.py:118} INFO - Extracted page 12 - dien-thoai-may-tinh-bang, 10 items, total extracted: 520
[2025-03-07T23:20:04.272+0000] {crawl_data.py:118} INFO - Extracted page 13 - dien-thoai-may-tinh-bang, 10 items, total extracted: 530
[2025-03-07T23:20:08.661+0000] {crawl_data.py:118} INFO - Extracted page 14 - dien-thoai-may-tinh-bang, 10 items, total extracted: 540
[2025-03-07T23:20:13.072+0000] {crawl_data.py:118} INFO - Extracted page 15 - dien-thoai-may-tinh-bang, 10 items, total extracted: 550
[2025-03-07T23:20:18.287+0000] {crawl_data.py:118} INFO - Extracted page 16 - dien-thoai-may-tinh-bang, 10 items, total extracted: 560
[2025-03-07T23:20:20.635+0000] {crawl_data.py:118} INFO - Extracted page 17 - dien-thoai-may-tinh-bang, 10 items, total extracted: 570
[2025-03-07T23:20:25.890+0000] {crawl_data.py:118} INFO - Extracted page 18 - dien-thoai-may-tinh-bang, 10 items, total extracted: 580
[2025-03-07T23:20:28.604+0000] {crawl_data.py:118} INFO - Extracted page 19 - dien-thoai-may-tinh-bang, 10 items, total extracted: 590
[2025-03-07T23:20:31.421+0000] {crawl_data.py:118} INFO - Extracted page 20 - dien-thoai-may-tinh-bang, 10 items, total extracted: 600
[2025-03-07T23:20:35.030+0000] {crawl_data.py:118} INFO - Extracted page 21 - dien-thoai-may-tinh-bang, 10 items, total extracted: 610
[2025-03-07T23:20:39.607+0000] {crawl_data.py:118} INFO - Extracted page 22 - dien-thoai-may-tinh-bang, 10 items, total extracted: 620
[2025-03-07T23:20:44.335+0000] {crawl_data.py:118} INFO - Extracted page 23 - dien-thoai-may-tinh-bang, 10 items, total extracted: 630
[2025-03-07T23:20:48.299+0000] {crawl_data.py:118} INFO - Extracted page 24 - dien-thoai-may-tinh-bang, 10 items, total extracted: 640
[2025-03-07T23:20:52.253+0000] {crawl_data.py:118} INFO - Extracted page 25 - dien-thoai-may-tinh-bang, 10 items, total extracted: 650
[2025-03-07T23:20:56.971+0000] {crawl_data.py:118} INFO - Extracted page 26 - dien-thoai-may-tinh-bang, 10 items, total extracted: 660
[2025-03-07T23:21:01.003+0000] {crawl_data.py:118} INFO - Extracted page 27 - dien-thoai-may-tinh-bang, 10 items, total extracted: 670
[2025-03-07T23:21:04.294+0000] {crawl_data.py:118} INFO - Extracted page 28 - dien-thoai-may-tinh-bang, 10 items, total extracted: 680
[2025-03-07T23:21:07.868+0000] {crawl_data.py:118} INFO - Extracted page 29 - dien-thoai-may-tinh-bang, 10 items, total extracted: 690
[2025-03-07T23:21:12.989+0000] {crawl_data.py:118} INFO - Extracted page 30 - dien-thoai-may-tinh-bang, 10 items, total extracted: 700
[2025-03-07T23:21:15.581+0000] {crawl_data.py:118} INFO - Extracted page 31 - dien-thoai-may-tinh-bang, 10 items, total extracted: 710
[2025-03-07T23:21:20.585+0000] {crawl_data.py:118} INFO - Extracted page 32 - dien-thoai-may-tinh-bang, 10 items, total extracted: 720
[2025-03-07T23:21:25.192+0000] {crawl_data.py:118} INFO - Extracted page 33 - dien-thoai-may-tinh-bang, 10 items, total extracted: 730
[2025-03-07T23:21:29.437+0000] {crawl_data.py:118} INFO - Extracted page 34 - dien-thoai-may-tinh-bang, 7 items, total extracted: 737
[2025-03-07T23:21:33.846+0000] {crawl_data.py:109} WARNING - No data found for page 35 - dien-thoai-may-tinh-bang
[2025-03-07T23:21:33.945+0000] {crawl_data.py:109} WARNING - No data found for page 36 - dien-thoai-may-tinh-bang
[2025-03-07T23:21:34.315+0000] {crawl_data.py:109} WARNING - No data found for page 37 - dien-thoai-may-tinh-bang
[2025-03-07T23:21:34.415+0000] {crawl_data.py:109} WARNING - No data found for page 38 - dien-thoai-may-tinh-bang
[2025-03-07T23:21:34.511+0000] {crawl_data.py:109} WARNING - No data found for page 39 - dien-thoai-may-tinh-bang
[2025-03-07T23:21:35.088+0000] {crawl_data.py:109} WARNING - No data found for page 40 - dien-thoai-may-tinh-bang
[2025-03-07T23:21:35.089+0000] {crawl_data.py:101} INFO - Crawling category laptop-may-vi-tinh-linh-kien with 40 pages
[2025-03-07T23:21:35.268+0000] {crawl_data.py:118} INFO - Extracted page 1 - laptop-may-vi-tinh-linh-kien, 10 items, total extracted: 747
[2025-03-07T23:21:39.841+0000] {crawl_data.py:118} INFO - Extracted page 2 - laptop-may-vi-tinh-linh-kien, 10 items, total extracted: 757
[2025-03-07T23:21:42.475+0000] {crawl_data.py:118} INFO - Extracted page 3 - laptop-may-vi-tinh-linh-kien, 10 items, total extracted: 767
[2025-03-07T23:21:46.967+0000] {crawl_data.py:118} INFO - Extracted page 4 - laptop-may-vi-tinh-linh-kien, 10 items, total extracted: 777
[2025-03-07T23:21:49.448+0000] {crawl_data.py:118} INFO - Extracted page 5 - laptop-may-vi-tinh-linh-kien, 10 items, total extracted: 787
[2025-03-07T23:21:54.666+0000] {crawl_data.py:118} INFO - Extracted page 6 - laptop-may-vi-tinh-linh-kien, 10 items, total extracted: 797
[2025-03-07T23:21:57.742+0000] {crawl_data.py:118} INFO - Extracted page 7 - laptop-may-vi-tinh-linh-kien, 10 items, total extracted: 807
[2025-03-07T23:22:01.210+0000] {crawl_data.py:118} INFO - Extracted page 8 - laptop-may-vi-tinh-linh-kien, 10 items, total extracted: 817
[2025-03-07T23:22:05.297+0000] {crawl_data.py:118} INFO - Extracted page 9 - laptop-may-vi-tinh-linh-kien, 10 items, total extracted: 827
[2025-03-07T23:22:07.848+0000] {crawl_data.py:118} INFO - Extracted page 10 - laptop-may-vi-tinh-linh-kien, 10 items, total extracted: 837
[2025-03-07T23:22:11.611+0000] {crawl_data.py:118} INFO - Extracted page 11 - laptop-may-vi-tinh-linh-kien, 10 items, total extracted: 847
[2025-03-07T23:22:15.950+0000] {crawl_data.py:118} INFO - Extracted page 12 - laptop-may-vi-tinh-linh-kien, 10 items, total extracted: 857
[2025-03-07T23:22:20.379+0000] {crawl_data.py:118} INFO - Extracted page 13 - laptop-may-vi-tinh-linh-kien, 10 items, total extracted: 867
[2025-03-07T23:22:23.717+0000] {crawl_data.py:118} INFO - Extracted page 14 - laptop-may-vi-tinh-linh-kien, 10 items, total extracted: 877
[2025-03-07T23:22:28.747+0000] {crawl_data.py:118} INFO - Extracted page 15 - laptop-may-vi-tinh-linh-kien, 10 items, total extracted: 887
[2025-03-07T23:22:33.665+0000] {crawl_data.py:118} INFO - Extracted page 16 - laptop-may-vi-tinh-linh-kien, 10 items, total extracted: 897
[2025-03-07T23:22:38.868+0000] {crawl_data.py:118} INFO - Extracted page 17 - laptop-may-vi-tinh-linh-kien, 10 items, total extracted: 907
[2025-03-07T23:22:42.477+0000] {crawl_data.py:118} INFO - Extracted page 18 - laptop-may-vi-tinh-linh-kien, 10 items, total extracted: 917
[2025-03-07T23:22:45.443+0000] {crawl_data.py:118} INFO - Extracted page 19 - laptop-may-vi-tinh-linh-kien, 10 items, total extracted: 927
[2025-03-07T23:22:49.202+0000] {crawl_data.py:118} INFO - Extracted page 20 - laptop-may-vi-tinh-linh-kien, 10 items, total extracted: 937
[2025-03-07T23:22:52.716+0000] {crawl_data.py:118} INFO - Extracted page 21 - laptop-may-vi-tinh-linh-kien, 10 items, total extracted: 947
[2025-03-07T23:22:55.970+0000] {crawl_data.py:118} INFO - Extracted page 22 - laptop-may-vi-tinh-linh-kien, 10 items, total extracted: 957
[2025-03-07T23:23:00.125+0000] {crawl_data.py:118} INFO - Extracted page 23 - laptop-may-vi-tinh-linh-kien, 10 items, total extracted: 967
[2025-03-07T23:23:02.957+0000] {crawl_data.py:118} INFO - Extracted page 24 - laptop-may-vi-tinh-linh-kien, 10 items, total extracted: 977
[2025-03-07T23:23:07.761+0000] {crawl_data.py:118} INFO - Extracted page 25 - laptop-may-vi-tinh-linh-kien, 10 items, total extracted: 987
[2025-03-07T23:23:11.184+0000] {crawl_data.py:118} INFO - Extracted page 26 - laptop-may-vi-tinh-linh-kien, 10 items, total extracted: 997
[2025-03-07T23:23:15.294+0000] {crawl_data.py:118} INFO - Extracted page 27 - laptop-may-vi-tinh-linh-kien, 10 items, total extracted: 1007
[2025-03-07T23:23:20.308+0000] {crawl_data.py:118} INFO - Extracted page 28 - laptop-may-vi-tinh-linh-kien, 10 items, total extracted: 1017
[2025-03-07T23:23:25.693+0000] {crawl_data.py:118} INFO - Extracted page 29 - laptop-may-vi-tinh-linh-kien, 10 items, total extracted: 1027
[2025-03-07T23:23:28.854+0000] {crawl_data.py:118} INFO - Extracted page 30 - laptop-may-vi-tinh-linh-kien, 10 items, total extracted: 1037
[2025-03-07T23:23:33.875+0000] {crawl_data.py:118} INFO - Extracted page 31 - laptop-may-vi-tinh-linh-kien, 10 items, total extracted: 1047
[2025-03-07T23:23:38.748+0000] {crawl_data.py:118} INFO - Extracted page 32 - laptop-may-vi-tinh-linh-kien, 10 items, total extracted: 1057
[2025-03-07T23:23:41.056+0000] {crawl_data.py:118} INFO - Extracted page 33 - laptop-may-vi-tinh-linh-kien, 10 items, total extracted: 1067
[2025-03-07T23:23:45.050+0000] {crawl_data.py:118} INFO - Extracted page 34 - laptop-may-vi-tinh-linh-kien, 10 items, total extracted: 1077
[2025-03-07T23:23:47.694+0000] {crawl_data.py:118} INFO - Extracted page 35 - laptop-may-vi-tinh-linh-kien, 10 items, total extracted: 1087
[2025-03-07T23:23:51.267+0000] {crawl_data.py:118} INFO - Extracted page 36 - laptop-may-vi-tinh-linh-kien, 10 items, total extracted: 1097
[2025-03-07T23:23:56.405+0000] {crawl_data.py:118} INFO - Extracted page 37 - laptop-may-vi-tinh-linh-kien, 10 items, total extracted: 1107
[2025-03-07T23:23:59.376+0000] {crawl_data.py:118} INFO - Extracted page 38 - laptop-may-vi-tinh-linh-kien, 10 items, total extracted: 1117
[2025-03-07T23:24:04.194+0000] {crawl_data.py:118} INFO - Extracted page 39 - laptop-may-vi-tinh-linh-kien, 10 items, total extracted: 1127
[2025-03-07T23:24:08.988+0000] {crawl_data.py:118} INFO - Extracted page 40 - laptop-may-vi-tinh-linh-kien, 10 items, total extracted: 1137
[2025-03-07T23:24:12.386+0000] {crawl_data.py:101} INFO - Crawling category dien-gia-dung with 40 pages
[2025-03-07T23:24:12.697+0000] {crawl_data.py:118} INFO - Extracted page 1 - dien-gia-dung, 10 items, total extracted: 1147
[2025-03-07T23:24:17.735+0000] {crawl_data.py:118} INFO - Extracted page 2 - dien-gia-dung, 10 items, total extracted: 1157
[2025-03-07T23:24:21.880+0000] {crawl_data.py:118} INFO - Extracted page 3 - dien-gia-dung, 10 items, total extracted: 1167
[2025-03-07T23:24:26.768+0000] {crawl_data.py:118} INFO - Extracted page 4 - dien-gia-dung, 10 items, total extracted: 1177
[2025-03-07T23:24:29.150+0000] {crawl_data.py:118} INFO - Extracted page 5 - dien-gia-dung, 10 items, total extracted: 1187
[2025-03-07T23:24:32.614+0000] {crawl_data.py:118} INFO - Extracted page 6 - dien-gia-dung, 10 items, total extracted: 1197
[2025-03-07T23:24:36.948+0000] {crawl_data.py:118} INFO - Extracted page 7 - dien-gia-dung, 10 items, total extracted: 1207
[2025-03-07T23:24:42.131+0000] {crawl_data.py:118} INFO - Extracted page 8 - dien-gia-dung, 10 items, total extracted: 1217
[2025-03-07T23:24:47.347+0000] {crawl_data.py:118} INFO - Extracted page 9 - dien-gia-dung, 10 items, total extracted: 1227
[2025-03-07T23:24:52.524+0000] {crawl_data.py:118} INFO - Extracted page 10 - dien-gia-dung, 10 items, total extracted: 1237
[2025-03-07T23:24:56.333+0000] {crawl_data.py:118} INFO - Extracted page 11 - dien-gia-dung, 10 items, total extracted: 1247
[2025-03-07T23:25:01.167+0000] {crawl_data.py:118} INFO - Extracted page 12 - dien-gia-dung, 10 items, total extracted: 1257
[2025-03-07T23:25:05.033+0000] {crawl_data.py:118} INFO - Extracted page 13 - dien-gia-dung, 10 items, total extracted: 1267
[2025-03-07T23:25:09.932+0000] {crawl_data.py:118} INFO - Extracted page 14 - dien-gia-dung, 10 items, total extracted: 1277
[2025-03-07T23:25:12.481+0000] {crawl_data.py:118} INFO - Extracted page 15 - dien-gia-dung, 10 items, total extracted: 1287
[2025-03-07T23:25:15.849+0000] {crawl_data.py:118} INFO - Extracted page 16 - dien-gia-dung, 10 items, total extracted: 1297
[2025-03-07T23:25:20.489+0000] {crawl_data.py:118} INFO - Extracted page 17 - dien-gia-dung, 10 items, total extracted: 1307
[2025-03-07T23:25:25.603+0000] {crawl_data.py:118} INFO - Extracted page 18 - dien-gia-dung, 10 items, total extracted: 1317
[2025-03-07T23:25:30.539+0000] {crawl_data.py:118} INFO - Extracted page 19 - dien-gia-dung, 10 items, total extracted: 1327
[2025-03-07T23:25:35.326+0000] {crawl_data.py:118} INFO - Extracted page 20 - dien-gia-dung, 10 items, total extracted: 1337
[2025-03-07T23:25:39.332+0000] {crawl_data.py:118} INFO - Extracted page 21 - dien-gia-dung, 10 items, total extracted: 1347
[2025-03-07T23:25:42.137+0000] {crawl_data.py:118} INFO - Extracted page 22 - dien-gia-dung, 10 items, total extracted: 1357
[2025-03-07T23:25:46.982+0000] {crawl_data.py:118} INFO - Extracted page 23 - dien-gia-dung, 10 items, total extracted: 1367
[2025-03-07T23:25:50.598+0000] {crawl_data.py:118} INFO - Extracted page 24 - dien-gia-dung, 10 items, total extracted: 1377
[2025-03-07T23:25:54.603+0000] {crawl_data.py:118} INFO - Extracted page 25 - dien-gia-dung, 10 items, total extracted: 1387
[2025-03-07T23:25:58.059+0000] {crawl_data.py:118} INFO - Extracted page 26 - dien-gia-dung, 10 items, total extracted: 1397
[2025-03-07T23:26:02.226+0000] {crawl_data.py:118} INFO - Extracted page 27 - dien-gia-dung, 10 items, total extracted: 1407
[2025-03-07T23:26:07.222+0000] {crawl_data.py:118} INFO - Extracted page 28 - dien-gia-dung, 10 items, total extracted: 1417
[2025-03-07T23:26:10.459+0000] {crawl_data.py:118} INFO - Extracted page 29 - dien-gia-dung, 10 items, total extracted: 1427
[2025-03-07T23:26:13.218+0000] {crawl_data.py:118} INFO - Extracted page 30 - dien-gia-dung, 10 items, total extracted: 1437
[2025-03-07T23:26:16.156+0000] {crawl_data.py:118} INFO - Extracted page 31 - dien-gia-dung, 10 items, total extracted: 1447
[2025-03-07T23:26:20.984+0000] {crawl_data.py:118} INFO - Extracted page 32 - dien-gia-dung, 10 items, total extracted: 1457
[2025-03-07T23:26:25.127+0000] {crawl_data.py:118} INFO - Extracted page 33 - dien-gia-dung, 10 items, total extracted: 1467
[2025-03-07T23:26:28.685+0000] {crawl_data.py:118} INFO - Extracted page 34 - dien-gia-dung, 10 items, total extracted: 1477
[2025-03-07T23:26:31.477+0000] {crawl_data.py:118} INFO - Extracted page 35 - dien-gia-dung, 10 items, total extracted: 1487
[2025-03-07T23:26:35.402+0000] {crawl_data.py:118} INFO - Extracted page 36 - dien-gia-dung, 10 items, total extracted: 1497
[2025-03-07T23:26:38.537+0000] {crawl_data.py:118} INFO - Extracted page 37 - dien-gia-dung, 10 items, total extracted: 1507
[2025-03-07T23:26:41.222+0000] {crawl_data.py:118} INFO - Extracted page 38 - dien-gia-dung, 10 items, total extracted: 1517
[2025-03-07T23:26:46.189+0000] {crawl_data.py:118} INFO - Extracted page 39 - dien-gia-dung, 10 items, total extracted: 1527
[2025-03-07T23:26:48.592+0000] {crawl_data.py:118} INFO - Extracted page 40 - dien-gia-dung, 10 items, total extracted: 1537
[2025-03-07T23:26:51.337+0000] {crawl_data.py:101} INFO - Crawling category sach with 40 pages
[2025-03-07T23:26:51.717+0000] {crawl_data.py:118} INFO - Extracted page 1 - sach, 10 items, total extracted: 1547
[2025-03-07T23:26:54.002+0000] {crawl_data.py:118} INFO - Extracted page 2 - sach, 10 items, total extracted: 1557
[2025-03-07T23:26:58.456+0000] {crawl_data.py:118} INFO - Extracted page 3 - sach, 10 items, total extracted: 1567
[2025-03-07T23:27:01.450+0000] {crawl_data.py:118} INFO - Extracted page 4 - sach, 10 items, total extracted: 1577
[2025-03-07T23:27:04.173+0000] {crawl_data.py:118} INFO - Extracted page 5 - sach, 10 items, total extracted: 1587
[2025-03-07T23:27:07.255+0000] {crawl_data.py:118} INFO - Extracted page 6 - sach, 10 items, total extracted: 1597
[2025-03-07T23:27:10.084+0000] {crawl_data.py:118} INFO - Extracted page 7 - sach, 10 items, total extracted: 1607
[2025-03-07T23:27:15.169+0000] {crawl_data.py:118} INFO - Extracted page 8 - sach, 10 items, total extracted: 1617
[2025-03-07T23:27:17.532+0000] {crawl_data.py:118} INFO - Extracted page 9 - sach, 10 items, total extracted: 1627
[2025-03-07T23:27:20.165+0000] {crawl_data.py:118} INFO - Extracted page 10 - sach, 10 items, total extracted: 1637
[2025-03-07T23:27:24.216+0000] {crawl_data.py:118} INFO - Extracted page 11 - sach, 10 items, total extracted: 1647
[2025-03-07T23:27:29.102+0000] {crawl_data.py:118} INFO - Extracted page 12 - sach, 10 items, total extracted: 1657
[2025-03-07T23:27:33.365+0000] {crawl_data.py:118} INFO - Extracted page 13 - sach, 10 items, total extracted: 1667
[2025-03-07T23:27:35.783+0000] {crawl_data.py:118} INFO - Extracted page 14 - sach, 10 items, total extracted: 1677
[2025-03-07T23:27:39.753+0000] {crawl_data.py:118} INFO - Extracted page 15 - sach, 10 items, total extracted: 1687
[2025-03-07T23:27:42.804+0000] {crawl_data.py:118} INFO - Extracted page 16 - sach, 10 items, total extracted: 1697
[2025-03-07T23:27:47.305+0000] {crawl_data.py:118} INFO - Extracted page 17 - sach, 10 items, total extracted: 1707
[2025-03-07T23:27:49.571+0000] {crawl_data.py:118} INFO - Extracted page 18 - sach, 10 items, total extracted: 1717
[2025-03-07T23:27:53.400+0000] {crawl_data.py:118} INFO - Extracted page 19 - sach, 10 items, total extracted: 1727
[2025-03-07T23:27:56.166+0000] {crawl_data.py:118} INFO - Extracted page 20 - sach, 10 items, total extracted: 1737
[2025-03-07T23:27:59.417+0000] {crawl_data.py:118} INFO - Extracted page 21 - sach, 10 items, total extracted: 1747
[2025-03-07T23:28:04.246+0000] {crawl_data.py:118} INFO - Extracted page 22 - sach, 10 items, total extracted: 1757
[2025-03-07T23:28:09.254+0000] {crawl_data.py:118} INFO - Extracted page 23 - sach, 10 items, total extracted: 1767
[2025-03-07T23:28:14.073+0000] {crawl_data.py:118} INFO - Extracted page 24 - sach, 10 items, total extracted: 1777
[2025-03-07T23:28:17.744+0000] {crawl_data.py:118} INFO - Extracted page 25 - sach, 10 items, total extracted: 1787
[2025-03-07T23:28:22.173+0000] {crawl_data.py:118} INFO - Extracted page 26 - sach, 10 items, total extracted: 1797
[2025-03-07T23:28:26.234+0000] {crawl_data.py:118} INFO - Extracted page 27 - sach, 10 items, total extracted: 1807
[2025-03-07T23:28:29.377+0000] {crawl_data.py:118} INFO - Extracted page 28 - sach, 10 items, total extracted: 1817
[2025-03-07T23:28:33.919+0000] {crawl_data.py:118} INFO - Extracted page 29 - sach, 10 items, total extracted: 1827
[2025-03-07T23:28:36.687+0000] {crawl_data.py:118} INFO - Extracted page 30 - sach, 10 items, total extracted: 1837
[2025-03-07T23:28:39.304+0000] {crawl_data.py:118} INFO - Extracted page 31 - sach, 10 items, total extracted: 1847
[2025-03-07T23:28:42.918+0000] {crawl_data.py:118} INFO - Extracted page 32 - sach, 10 items, total extracted: 1857
[2025-03-07T23:28:45.710+0000] {crawl_data.py:118} INFO - Extracted page 33 - sach, 10 items, total extracted: 1867
[2025-03-07T23:28:50.825+0000] {crawl_data.py:118} INFO - Extracted page 34 - sach, 10 items, total extracted: 1877
[2025-03-07T23:28:55.274+0000] {crawl_data.py:118} INFO - Extracted page 35 - sach, 10 items, total extracted: 1887
[2025-03-07T23:28:59.601+0000] {crawl_data.py:118} INFO - Extracted page 36 - sach, 10 items, total extracted: 1897
[2025-03-07T23:29:04.060+0000] {crawl_data.py:118} INFO - Extracted page 37 - sach, 10 items, total extracted: 1907
[2025-03-07T23:29:08.457+0000] {crawl_data.py:118} INFO - Extracted page 38 - sach, 10 items, total extracted: 1917
[2025-03-07T23:29:11.499+0000] {crawl_data.py:118} INFO - Extracted page 39 - sach, 10 items, total extracted: 1927
[2025-03-07T23:29:16.623+0000] {crawl_data.py:118} INFO - Extracted page 40 - sach, 10 items, total extracted: 1937
[2025-03-07T23:29:20.412+0000] {crawl_data.py:101} INFO - Crawling category thiet-bi-kts-phu-kien-so with 40 pages
[2025-03-07T23:29:20.687+0000] {crawl_data.py:118} INFO - Extracted page 1 - thiet-bi-kts-phu-kien-so, 10 items, total extracted: 1947
[2025-03-07T23:29:23.042+0000] {crawl_data.py:118} INFO - Extracted page 2 - thiet-bi-kts-phu-kien-so, 10 items, total extracted: 1957
[2025-03-07T23:29:28.053+0000] {crawl_data.py:118} INFO - Extracted page 3 - thiet-bi-kts-phu-kien-so, 10 items, total extracted: 1967
[2025-03-07T23:29:30.878+0000] {crawl_data.py:118} INFO - Extracted page 4 - thiet-bi-kts-phu-kien-so, 10 items, total extracted: 1977
[2025-03-07T23:29:35.171+0000] {crawl_data.py:118} INFO - Extracted page 5 - thiet-bi-kts-phu-kien-so, 10 items, total extracted: 1987
[2025-03-07T23:29:39.365+0000] {crawl_data.py:118} INFO - Extracted page 6 - thiet-bi-kts-phu-kien-so, 10 items, total extracted: 1997
[2025-03-07T23:29:43.628+0000] {crawl_data.py:118} INFO - Extracted page 7 - thiet-bi-kts-phu-kien-so, 10 items, total extracted: 2007
[2025-03-07T23:29:47.954+0000] {crawl_data.py:118} INFO - Extracted page 8 - thiet-bi-kts-phu-kien-so, 10 items, total extracted: 2017
[2025-03-07T23:29:51.111+0000] {crawl_data.py:118} INFO - Extracted page 9 - thiet-bi-kts-phu-kien-so, 10 items, total extracted: 2027
[2025-03-07T23:29:55.762+0000] {crawl_data.py:118} INFO - Extracted page 10 - thiet-bi-kts-phu-kien-so, 10 items, total extracted: 2037
[2025-03-07T23:29:59.917+0000] {crawl_data.py:118} INFO - Extracted page 11 - thiet-bi-kts-phu-kien-so, 10 items, total extracted: 2047
[2025-03-07T23:30:03.577+0000] {crawl_data.py:118} INFO - Extracted page 12 - thiet-bi-kts-phu-kien-so, 10 items, total extracted: 2057
[2025-03-07T23:30:08.135+0000] {crawl_data.py:118} INFO - Extracted page 13 - thiet-bi-kts-phu-kien-so, 10 items, total extracted: 2067
[2025-03-07T23:30:12.747+0000] {crawl_data.py:118} INFO - Extracted page 14 - thiet-bi-kts-phu-kien-so, 10 items, total extracted: 2077
[2025-03-07T23:30:16.630+0000] {crawl_data.py:118} INFO - Extracted page 15 - thiet-bi-kts-phu-kien-so, 10 items, total extracted: 2087
[2025-03-07T23:30:19.469+0000] {crawl_data.py:118} INFO - Extracted page 16 - thiet-bi-kts-phu-kien-so, 10 items, total extracted: 2097
[2025-03-07T23:30:24.540+0000] {crawl_data.py:118} INFO - Extracted page 17 - thiet-bi-kts-phu-kien-so, 10 items, total extracted: 2107
[2025-03-07T23:30:27.180+0000] {crawl_data.py:118} INFO - Extracted page 18 - thiet-bi-kts-phu-kien-so, 10 items, total extracted: 2117
[2025-03-07T23:30:30.123+0000] {crawl_data.py:118} INFO - Extracted page 19 - thiet-bi-kts-phu-kien-so, 10 items, total extracted: 2127
[2025-03-07T23:30:34.954+0000] {crawl_data.py:118} INFO - Extracted page 20 - thiet-bi-kts-phu-kien-so, 10 items, total extracted: 2137
[2025-03-07T23:30:39.251+0000] {crawl_data.py:118} INFO - Extracted page 21 - thiet-bi-kts-phu-kien-so, 10 items, total extracted: 2147
[2025-03-07T23:30:44.409+0000] {crawl_data.py:118} INFO - Extracted page 22 - thiet-bi-kts-phu-kien-so, 10 items, total extracted: 2157
[2025-03-07T23:30:47.388+0000] {crawl_data.py:118} INFO - Extracted page 23 - thiet-bi-kts-phu-kien-so, 10 items, total extracted: 2167
[2025-03-07T23:30:52.372+0000] {crawl_data.py:118} INFO - Extracted page 24 - thiet-bi-kts-phu-kien-so, 10 items, total extracted: 2177
[2025-03-07T23:30:57.171+0000] {crawl_data.py:118} INFO - Extracted page 25 - thiet-bi-kts-phu-kien-so, 10 items, total extracted: 2187
[2025-03-07T23:31:01.691+0000] {crawl_data.py:118} INFO - Extracted page 26 - thiet-bi-kts-phu-kien-so, 10 items, total extracted: 2197
[2025-03-07T23:31:04.938+0000] {crawl_data.py:118} INFO - Extracted page 27 - thiet-bi-kts-phu-kien-so, 10 items, total extracted: 2207
[2025-03-07T23:31:08.531+0000] {crawl_data.py:118} INFO - Extracted page 28 - thiet-bi-kts-phu-kien-so, 10 items, total extracted: 2217
[2025-03-07T23:31:13.566+0000] {crawl_data.py:118} INFO - Extracted page 29 - thiet-bi-kts-phu-kien-so, 10 items, total extracted: 2227
[2025-03-07T23:31:18.346+0000] {crawl_data.py:118} INFO - Extracted page 30 - thiet-bi-kts-phu-kien-so, 10 items, total extracted: 2237
[2025-03-07T23:31:22.494+0000] {crawl_data.py:118} INFO - Extracted page 31 - thiet-bi-kts-phu-kien-so, 10 items, total extracted: 2247
[2025-03-07T23:31:26.468+0000] {crawl_data.py:118} INFO - Extracted page 32 - thiet-bi-kts-phu-kien-so, 10 items, total extracted: 2257
[2025-03-07T23:31:29.523+0000] {crawl_data.py:118} INFO - Extracted page 33 - thiet-bi-kts-phu-kien-so, 10 items, total extracted: 2267
[2025-03-07T23:31:32.811+0000] {crawl_data.py:118} INFO - Extracted page 34 - thiet-bi-kts-phu-kien-so, 10 items, total extracted: 2277
[2025-03-07T23:31:35.604+0000] {crawl_data.py:118} INFO - Extracted page 35 - thiet-bi-kts-phu-kien-so, 10 items, total extracted: 2287
[2025-03-07T23:31:38.620+0000] {crawl_data.py:118} INFO - Extracted page 36 - thiet-bi-kts-phu-kien-so, 10 items, total extracted: 2297
[2025-03-07T23:31:42.852+0000] {crawl_data.py:118} INFO - Extracted page 37 - thiet-bi-kts-phu-kien-so, 10 items, total extracted: 2307
[2025-03-07T23:31:47.209+0000] {crawl_data.py:118} INFO - Extracted page 38 - thiet-bi-kts-phu-kien-so, 10 items, total extracted: 2317
[2025-03-07T23:31:49.805+0000] {crawl_data.py:118} INFO - Extracted page 39 - thiet-bi-kts-phu-kien-so, 10 items, total extracted: 2327
[2025-03-07T23:31:54.986+0000] {crawl_data.py:118} INFO - Extracted page 40 - thiet-bi-kts-phu-kien-so, 10 items, total extracted: 2337
[2025-03-07T23:31:57.151+0000] {crawl_data.py:101} INFO - Crawling category thoi-trang-nu with 40 pages
[2025-03-07T23:31:57.547+0000] {crawl_data.py:118} INFO - Extracted page 1 - thoi-trang-nu, 10 items, total extracted: 2347
[2025-03-07T23:32:01.749+0000] {crawl_data.py:118} INFO - Extracted page 2 - thoi-trang-nu, 10 items, total extracted: 2357
[2025-03-07T23:32:04.046+0000] {crawl_data.py:118} INFO - Extracted page 3 - thoi-trang-nu, 10 items, total extracted: 2367
[2025-03-07T23:32:06.726+0000] {crawl_data.py:118} INFO - Extracted page 4 - thoi-trang-nu, 10 items, total extracted: 2377
[2025-03-07T23:32:09.670+0000] {crawl_data.py:118} INFO - Extracted page 5 - thoi-trang-nu, 10 items, total extracted: 2387
[2025-03-07T23:32:14.063+0000] {crawl_data.py:118} INFO - Extracted page 6 - thoi-trang-nu, 10 items, total extracted: 2397
[2025-03-07T23:32:18.469+0000] {crawl_data.py:118} INFO - Extracted page 7 - thoi-trang-nu, 10 items, total extracted: 2407
[2025-03-07T23:32:23.393+0000] {crawl_data.py:118} INFO - Extracted page 8 - thoi-trang-nu, 10 items, total extracted: 2417
[2025-03-07T23:32:26.897+0000] {crawl_data.py:118} INFO - Extracted page 9 - thoi-trang-nu, 10 items, total extracted: 2427
[2025-03-07T23:32:31.730+0000] {crawl_data.py:118} INFO - Extracted page 10 - thoi-trang-nu, 10 items, total extracted: 2437
[2025-03-07T23:32:36.703+0000] {crawl_data.py:118} INFO - Extracted page 11 - thoi-trang-nu, 10 items, total extracted: 2447
[2025-03-07T23:32:42.063+0000] {crawl_data.py:118} INFO - Extracted page 12 - thoi-trang-nu, 10 items, total extracted: 2457
[2025-03-07T23:32:46.450+0000] {crawl_data.py:118} INFO - Extracted page 13 - thoi-trang-nu, 10 items, total extracted: 2467
[2025-03-07T23:32:51.483+0000] {crawl_data.py:118} INFO - Extracted page 14 - thoi-trang-nu, 10 items, total extracted: 2477
[2025-03-07T23:32:56.072+0000] {crawl_data.py:118} INFO - Extracted page 15 - thoi-trang-nu, 10 items, total extracted: 2487
[2025-03-07T23:33:00.676+0000] {crawl_data.py:118} INFO - Extracted page 16 - thoi-trang-nu, 10 items, total extracted: 2497
[2025-03-07T23:33:06.082+0000] {crawl_data.py:118} INFO - Extracted page 17 - thoi-trang-nu, 10 items, total extracted: 2507
[2025-03-07T23:33:11.335+0000] {crawl_data.py:118} INFO - Extracted page 18 - thoi-trang-nu, 10 items, total extracted: 2517
[2025-03-07T23:33:17.360+0000] {crawl_data.py:118} INFO - Extracted page 19 - thoi-trang-nu, 10 items, total extracted: 2527
[2025-03-07T23:33:19.918+0000] {crawl_data.py:118} INFO - Extracted page 20 - thoi-trang-nu, 10 items, total extracted: 2537
[2025-03-07T23:33:22.236+0000] {crawl_data.py:118} INFO - Extracted page 21 - thoi-trang-nu, 10 items, total extracted: 2547
[2025-03-07T23:33:27.065+0000] {crawl_data.py:118} INFO - Extracted page 22 - thoi-trang-nu, 10 items, total extracted: 2557
[2025-03-07T23:33:30.217+0000] {crawl_data.py:118} INFO - Extracted page 23 - thoi-trang-nu, 10 items, total extracted: 2567
[2025-03-07T23:33:34.476+0000] {crawl_data.py:118} INFO - Extracted page 24 - thoi-trang-nu, 10 items, total extracted: 2577
[2025-03-07T23:33:38.865+0000] {crawl_data.py:118} INFO - Extracted page 25 - thoi-trang-nu, 10 items, total extracted: 2587
[2025-03-07T23:33:41.701+0000] {crawl_data.py:118} INFO - Extracted page 26 - thoi-trang-nu, 10 items, total extracted: 2597
[2025-03-07T23:33:44.823+0000] {crawl_data.py:118} INFO - Extracted page 27 - thoi-trang-nu, 10 items, total extracted: 2607
[2025-03-07T23:33:47.798+0000] {crawl_data.py:118} INFO - Extracted page 28 - thoi-trang-nu, 10 items, total extracted: 2617
[2025-03-07T23:33:50.345+0000] {crawl_data.py:118} INFO - Extracted page 29 - thoi-trang-nu, 10 items, total extracted: 2627
[2025-03-07T23:33:53.070+0000] {crawl_data.py:118} INFO - Extracted page 30 - thoi-trang-nu, 10 items, total extracted: 2637
[2025-03-07T23:33:58.009+0000] {crawl_data.py:118} INFO - Extracted page 31 - thoi-trang-nu, 10 items, total extracted: 2647
[2025-03-07T23:34:01.386+0000] {crawl_data.py:118} INFO - Extracted page 32 - thoi-trang-nu, 10 items, total extracted: 2657
[2025-03-07T23:34:04.463+0000] {crawl_data.py:118} INFO - Extracted page 33 - thoi-trang-nu, 10 items, total extracted: 2667
[2025-03-07T23:34:08.422+0000] {crawl_data.py:118} INFO - Extracted page 34 - thoi-trang-nu, 10 items, total extracted: 2677
[2025-03-07T23:34:13.384+0000] {crawl_data.py:118} INFO - Extracted page 35 - thoi-trang-nu, 10 items, total extracted: 2687
[2025-03-07T23:34:15.697+0000] {crawl_data.py:118} INFO - Extracted page 36 - thoi-trang-nu, 10 items, total extracted: 2697
[2025-03-07T23:34:20.543+0000] {crawl_data.py:118} INFO - Extracted page 37 - thoi-trang-nu, 10 items, total extracted: 2707
[2025-03-07T23:34:25.126+0000] {crawl_data.py:118} INFO - Extracted page 38 - thoi-trang-nu, 10 items, total extracted: 2717
[2025-03-07T23:34:28.332+0000] {crawl_data.py:118} INFO - Extracted page 39 - thoi-trang-nu, 10 items, total extracted: 2727
[2025-03-07T23:34:30.911+0000] {crawl_data.py:118} INFO - Extracted page 40 - thoi-trang-nu, 10 items, total extracted: 2737
[2025-03-07T23:34:34.847+0000] {crawl_data.py:101} INFO - Crawling category thoi-trang-nam with 40 pages
[2025-03-07T23:34:35.199+0000] {crawl_data.py:118} INFO - Extracted page 1 - thoi-trang-nam, 10 items, total extracted: 2747
[2025-03-07T23:34:37.783+0000] {crawl_data.py:118} INFO - Extracted page 2 - thoi-trang-nam, 10 items, total extracted: 2757
[2025-03-07T23:34:41.460+0000] {crawl_data.py:118} INFO - Extracted page 3 - thoi-trang-nam, 10 items, total extracted: 2767
[2025-03-07T23:34:45.118+0000] {crawl_data.py:118} INFO - Extracted page 4 - thoi-trang-nam, 10 items, total extracted: 2777
[2025-03-07T23:34:48.088+0000] {crawl_data.py:118} INFO - Extracted page 5 - thoi-trang-nam, 10 items, total extracted: 2787
[2025-03-07T23:34:52.696+0000] {crawl_data.py:118} INFO - Extracted page 6 - thoi-trang-nam, 10 items, total extracted: 2797
[2025-03-07T23:34:57.260+0000] {crawl_data.py:118} INFO - Extracted page 7 - thoi-trang-nam, 10 items, total extracted: 2807
[2025-03-07T23:35:00.471+0000] {crawl_data.py:118} INFO - Extracted page 8 - thoi-trang-nam, 10 items, total extracted: 2817
[2025-03-07T23:35:04.828+0000] {crawl_data.py:118} INFO - Extracted page 9 - thoi-trang-nam, 10 items, total extracted: 2827
[2025-03-07T23:35:09.189+0000] {crawl_data.py:118} INFO - Extracted page 10 - thoi-trang-nam, 10 items, total extracted: 2837
[2025-03-07T23:35:14.270+0000] {crawl_data.py:118} INFO - Extracted page 11 - thoi-trang-nam, 10 items, total extracted: 2847
[2025-03-07T23:35:16.757+0000] {crawl_data.py:118} INFO - Extracted page 12 - thoi-trang-nam, 10 items, total extracted: 2857
[2025-03-07T23:35:19.881+0000] {crawl_data.py:118} INFO - Extracted page 13 - thoi-trang-nam, 10 items, total extracted: 2867
[2025-03-07T23:35:22.523+0000] {crawl_data.py:118} INFO - Extracted page 14 - thoi-trang-nam, 10 items, total extracted: 2877
[2025-03-07T23:35:26.998+0000] {crawl_data.py:118} INFO - Extracted page 15 - thoi-trang-nam, 10 items, total extracted: 2887
[2025-03-07T23:35:29.873+0000] {crawl_data.py:118} INFO - Extracted page 16 - thoi-trang-nam, 10 items, total extracted: 2897
[2025-03-07T23:35:34.191+0000] {crawl_data.py:118} INFO - Extracted page 17 - thoi-trang-nam, 10 items, total extracted: 2907
[2025-03-07T23:35:37.971+0000] {crawl_data.py:118} INFO - Extracted page 18 - thoi-trang-nam, 10 items, total extracted: 2917
[2025-03-07T23:35:41.137+0000] {crawl_data.py:118} INFO - Extracted page 19 - thoi-trang-nam, 10 items, total extracted: 2927
[2025-03-07T23:35:45.216+0000] {crawl_data.py:118} INFO - Extracted page 20 - thoi-trang-nam, 10 items, total extracted: 2937
[2025-03-07T23:35:49.511+0000] {crawl_data.py:118} INFO - Extracted page 21 - thoi-trang-nam, 10 items, total extracted: 2947
[2025-03-07T23:35:51.847+0000] {crawl_data.py:118} INFO - Extracted page 22 - thoi-trang-nam, 10 items, total extracted: 2957
[2025-03-07T23:35:55.135+0000] {crawl_data.py:118} INFO - Extracted page 23 - thoi-trang-nam, 10 items, total extracted: 2967
[2025-03-07T23:35:58.781+0000] {crawl_data.py:118} INFO - Extracted page 24 - thoi-trang-nam, 10 items, total extracted: 2977
[2025-03-07T23:36:02.224+0000] {crawl_data.py:118} INFO - Extracted page 25 - thoi-trang-nam, 10 items, total extracted: 2987
[2025-03-07T23:36:06.233+0000] {crawl_data.py:118} INFO - Extracted page 26 - thoi-trang-nam, 10 items, total extracted: 2997
[2025-03-07T23:36:10.887+0000] {crawl_data.py:118} INFO - Extracted page 27 - thoi-trang-nam, 10 items, total extracted: 3007
[2025-03-07T23:36:14.014+0000] {crawl_data.py:118} INFO - Extracted page 28 - thoi-trang-nam, 10 items, total extracted: 3017
[2025-03-07T23:36:16.831+0000] {crawl_data.py:118} INFO - Extracted page 29 - thoi-trang-nam, 10 items, total extracted: 3027
[2025-03-07T23:36:21.316+0000] {crawl_data.py:118} INFO - Extracted page 30 - thoi-trang-nam, 10 items, total extracted: 3037
[2025-03-07T23:36:23.905+0000] {crawl_data.py:118} INFO - Extracted page 31 - thoi-trang-nam, 10 items, total extracted: 3047
[2025-03-07T23:36:27.694+0000] {crawl_data.py:118} INFO - Extracted page 32 - thoi-trang-nam, 10 items, total extracted: 3057
[2025-03-07T23:36:30.406+0000] {crawl_data.py:118} INFO - Extracted page 33 - thoi-trang-nam, 10 items, total extracted: 3067
[2025-03-07T23:36:32.791+0000] {crawl_data.py:118} INFO - Extracted page 34 - thoi-trang-nam, 10 items, total extracted: 3077
[2025-03-07T23:36:37.202+0000] {crawl_data.py:118} INFO - Extracted page 35 - thoi-trang-nam, 10 items, total extracted: 3087
[2025-03-07T23:36:41.356+0000] {crawl_data.py:118} INFO - Extracted page 36 - thoi-trang-nam, 10 items, total extracted: 3097
[2025-03-07T23:36:45.018+0000] {crawl_data.py:118} INFO - Extracted page 37 - thoi-trang-nam, 10 items, total extracted: 3107
[2025-03-07T23:36:49.810+0000] {crawl_data.py:118} INFO - Extracted page 38 - thoi-trang-nam, 10 items, total extracted: 3117
[2025-03-07T23:36:52.471+0000] {crawl_data.py:118} INFO - Extracted page 39 - thoi-trang-nam, 10 items, total extracted: 3127
[2025-03-07T23:36:57.473+0000] {crawl_data.py:118} INFO - Extracted page 40 - thoi-trang-nam, 10 items, total extracted: 3137
[2025-03-07T23:37:00.568+0000] {crawl_data.py:101} INFO - Crawling category dong-ho-va-trang-suc with 40 pages
[2025-03-07T23:37:00.844+0000] {crawl_data.py:118} INFO - Extracted page 1 - dong-ho-va-trang-suc, 10 items, total extracted: 3147
[2025-03-07T23:37:04.525+0000] {crawl_data.py:118} INFO - Extracted page 2 - dong-ho-va-trang-suc, 10 items, total extracted: 3157
[2025-03-07T23:37:06.924+0000] {crawl_data.py:118} INFO - Extracted page 3 - dong-ho-va-trang-suc, 10 items, total extracted: 3167
[2025-03-07T23:37:11.634+0000] {crawl_data.py:118} INFO - Extracted page 4 - dong-ho-va-trang-suc, 10 items, total extracted: 3177
[2025-03-07T23:37:14.263+0000] {crawl_data.py:118} INFO - Extracted page 5 - dong-ho-va-trang-suc, 10 items, total extracted: 3187
[2025-03-07T23:37:18.410+0000] {crawl_data.py:118} INFO - Extracted page 6 - dong-ho-va-trang-suc, 10 items, total extracted: 3197
[2025-03-07T23:37:21.974+0000] {crawl_data.py:118} INFO - Extracted page 7 - dong-ho-va-trang-suc, 10 items, total extracted: 3207
[2025-03-07T23:37:24.798+0000] {crawl_data.py:118} INFO - Extracted page 8 - dong-ho-va-trang-suc, 10 items, total extracted: 3217
[2025-03-07T23:37:28.710+0000] {crawl_data.py:118} INFO - Extracted page 9 - dong-ho-va-trang-suc, 10 items, total extracted: 3227
[2025-03-07T23:37:33.805+0000] {crawl_data.py:118} INFO - Extracted page 10 - dong-ho-va-trang-suc, 10 items, total extracted: 3237
[2025-03-07T23:37:36.696+0000] {crawl_data.py:118} INFO - Extracted page 11 - dong-ho-va-trang-suc, 10 items, total extracted: 3247
[2025-03-07T23:37:41.197+0000] {crawl_data.py:118} INFO - Extracted page 12 - dong-ho-va-trang-suc, 10 items, total extracted: 3257
[2025-03-07T23:37:44.341+0000] {crawl_data.py:118} INFO - Extracted page 13 - dong-ho-va-trang-suc, 10 items, total extracted: 3267
[2025-03-07T23:37:49.009+0000] {crawl_data.py:118} INFO - Extracted page 14 - dong-ho-va-trang-suc, 10 items, total extracted: 3277
[2025-03-07T23:37:53.182+0000] {crawl_data.py:118} INFO - Extracted page 15 - dong-ho-va-trang-suc, 10 items, total extracted: 3287
[2025-03-07T23:37:56.006+0000] {crawl_data.py:118} INFO - Extracted page 16 - dong-ho-va-trang-suc, 10 items, total extracted: 3297
[2025-03-07T23:38:01.213+0000] {crawl_data.py:118} INFO - Extracted page 17 - dong-ho-va-trang-suc, 10 items, total extracted: 3307
[2025-03-07T23:38:04.460+0000] {crawl_data.py:118} INFO - Extracted page 18 - dong-ho-va-trang-suc, 10 items, total extracted: 3317
[2025-03-07T23:38:07.791+0000] {crawl_data.py:118} INFO - Extracted page 19 - dong-ho-va-trang-suc, 10 items, total extracted: 3327
[2025-03-07T23:38:10.969+0000] {crawl_data.py:118} INFO - Extracted page 20 - dong-ho-va-trang-suc, 10 items, total extracted: 3337
[2025-03-07T23:38:13.679+0000] {crawl_data.py:118} INFO - Extracted page 21 - dong-ho-va-trang-suc, 10 items, total extracted: 3347
[2025-03-07T23:38:16.243+0000] {crawl_data.py:118} INFO - Extracted page 22 - dong-ho-va-trang-suc, 10 items, total extracted: 3357
[2025-03-07T23:38:19.116+0000] {crawl_data.py:118} INFO - Extracted page 23 - dong-ho-va-trang-suc, 10 items, total extracted: 3367
[2025-03-07T23:38:22.251+0000] {crawl_data.py:118} INFO - Extracted page 24 - dong-ho-va-trang-suc, 10 items, total extracted: 3377
[2025-03-07T23:38:26.287+0000] {crawl_data.py:118} INFO - Extracted page 25 - dong-ho-va-trang-suc, 10 items, total extracted: 3387
[2025-03-07T23:38:30.263+0000] {crawl_data.py:118} INFO - Extracted page 26 - dong-ho-va-trang-suc, 10 items, total extracted: 3397
[2025-03-07T23:38:35.150+0000] {crawl_data.py:118} INFO - Extracted page 27 - dong-ho-va-trang-suc, 10 items, total extracted: 3407
[2025-03-07T23:38:38.234+0000] {crawl_data.py:118} INFO - Extracted page 28 - dong-ho-va-trang-suc, 10 items, total extracted: 3417
[2025-03-07T23:38:42.020+0000] {crawl_data.py:118} INFO - Extracted page 29 - dong-ho-va-trang-suc, 10 items, total extracted: 3427
[2025-03-07T23:38:45.124+0000] {crawl_data.py:118} INFO - Extracted page 30 - dong-ho-va-trang-suc, 10 items, total extracted: 3437
[2025-03-07T23:38:50.170+0000] {crawl_data.py:118} INFO - Extracted page 31 - dong-ho-va-trang-suc, 10 items, total extracted: 3447
[2025-03-07T23:38:54.317+0000] {crawl_data.py:118} INFO - Extracted page 32 - dong-ho-va-trang-suc, 10 items, total extracted: 3457
[2025-03-07T23:38:58.482+0000] {crawl_data.py:118} INFO - Extracted page 33 - dong-ho-va-trang-suc, 10 items, total extracted: 3467
[2025-03-07T23:39:02.852+0000] {crawl_data.py:118} INFO - Extracted page 34 - dong-ho-va-trang-suc, 10 items, total extracted: 3477
[2025-03-07T23:39:08.021+0000] {crawl_data.py:118} INFO - Extracted page 35 - dong-ho-va-trang-suc, 10 items, total extracted: 3487
[2025-03-07T23:39:11.653+0000] {crawl_data.py:118} INFO - Extracted page 36 - dong-ho-va-trang-suc, 10 items, total extracted: 3497
[2025-03-07T23:39:16.141+0000] {crawl_data.py:118} INFO - Extracted page 37 - dong-ho-va-trang-suc, 10 items, total extracted: 3507
[2025-03-07T23:39:18.771+0000] {crawl_data.py:118} INFO - Extracted page 38 - dong-ho-va-trang-suc, 10 items, total extracted: 3517
[2025-03-07T23:39:23.228+0000] {crawl_data.py:118} INFO - Extracted page 39 - dong-ho-va-trang-suc, 10 items, total extracted: 3527
[2025-03-07T23:39:27.864+0000] {crawl_data.py:118} INFO - Extracted page 40 - dong-ho-va-trang-suc, 10 items, total extracted: 3537
[2025-03-07T23:39:32.156+0000] {crawl_data.py:101} INFO - Crawling category dien-tu-dien-lanh with 40 pages
[2025-03-07T23:39:32.594+0000] {crawl_data.py:118} INFO - Extracted page 1 - dien-tu-dien-lanh, 10 items, total extracted: 3547
[2025-03-07T23:39:37.267+0000] {crawl_data.py:118} INFO - Extracted page 2 - dien-tu-dien-lanh, 10 items, total extracted: 3557
[2025-03-07T23:39:41.570+0000] {crawl_data.py:118} INFO - Extracted page 3 - dien-tu-dien-lanh, 10 items, total extracted: 3567
[2025-03-07T23:39:45.355+0000] {crawl_data.py:118} INFO - Extracted page 4 - dien-tu-dien-lanh, 10 items, total extracted: 3577
[2025-03-07T23:39:47.814+0000] {crawl_data.py:118} INFO - Extracted page 5 - dien-tu-dien-lanh, 10 items, total extracted: 3587
[2025-03-07T23:39:52.692+0000] {crawl_data.py:118} INFO - Extracted page 6 - dien-tu-dien-lanh, 10 items, total extracted: 3597
[2025-03-07T23:39:55.738+0000] {crawl_data.py:118} INFO - Extracted page 7 - dien-tu-dien-lanh, 10 items, total extracted: 3607
[2025-03-07T23:39:58.083+0000] {crawl_data.py:118} INFO - Extracted page 8 - dien-tu-dien-lanh, 10 items, total extracted: 3617
[2025-03-07T23:40:01.521+0000] {crawl_data.py:118} INFO - Extracted page 9 - dien-tu-dien-lanh, 10 items, total extracted: 3627
[2025-03-07T23:40:06.479+0000] {crawl_data.py:118} INFO - Extracted page 10 - dien-tu-dien-lanh, 10 items, total extracted: 3637
[2025-03-07T23:40:11.438+0000] {crawl_data.py:118} INFO - Extracted page 11 - dien-tu-dien-lanh, 10 items, total extracted: 3647
[2025-03-07T23:40:16.483+0000] {crawl_data.py:118} INFO - Extracted page 12 - dien-tu-dien-lanh, 10 items, total extracted: 3657
[2025-03-07T23:40:21.531+0000] {crawl_data.py:118} INFO - Extracted page 13 - dien-tu-dien-lanh, 10 items, total extracted: 3667
[2025-03-07T23:40:25.501+0000] {crawl_data.py:118} INFO - Extracted page 14 - dien-tu-dien-lanh, 10 items, total extracted: 3677
[2025-03-07T23:40:29.990+0000] {crawl_data.py:118} INFO - Extracted page 15 - dien-tu-dien-lanh, 10 items, total extracted: 3687
[2025-03-07T23:40:33.866+0000] {crawl_data.py:118} INFO - Extracted page 16 - dien-tu-dien-lanh, 10 items, total extracted: 3697
[2025-03-07T23:40:37.074+0000] {crawl_data.py:118} INFO - Extracted page 17 - dien-tu-dien-lanh, 10 items, total extracted: 3707
[2025-03-07T23:40:41.930+0000] {crawl_data.py:118} INFO - Extracted page 18 - dien-tu-dien-lanh, 10 items, total extracted: 3717
[2025-03-07T23:40:44.342+0000] {crawl_data.py:118} INFO - Extracted page 19 - dien-tu-dien-lanh, 10 items, total extracted: 3727
[2025-03-07T23:40:48.248+0000] {crawl_data.py:118} INFO - Extracted page 20 - dien-tu-dien-lanh, 10 items, total extracted: 3737
[2025-03-07T23:40:51.601+0000] {crawl_data.py:118} INFO - Extracted page 21 - dien-tu-dien-lanh, 10 items, total extracted: 3747
[2025-03-07T23:40:55.245+0000] {crawl_data.py:118} INFO - Extracted page 22 - dien-tu-dien-lanh, 10 items, total extracted: 3757
[2025-03-07T23:40:57.753+0000] {crawl_data.py:118} INFO - Extracted page 23 - dien-tu-dien-lanh, 10 items, total extracted: 3767
[2025-03-07T23:41:02.409+0000] {crawl_data.py:118} INFO - Extracted page 24 - dien-tu-dien-lanh, 10 items, total extracted: 3777
[2025-03-07T23:41:07.229+0000] {crawl_data.py:118} INFO - Extracted page 25 - dien-tu-dien-lanh, 10 items, total extracted: 3787
[2025-03-07T23:41:11.231+0000] {crawl_data.py:118} INFO - Extracted page 26 - dien-tu-dien-lanh, 10 items, total extracted: 3797
[2025-03-07T23:41:14.627+0000] {crawl_data.py:118} INFO - Extracted page 27 - dien-tu-dien-lanh, 10 items, total extracted: 3807
[2025-03-07T23:41:17.007+0000] {crawl_data.py:118} INFO - Extracted page 28 - dien-tu-dien-lanh, 10 items, total extracted: 3817
[2025-03-07T23:41:20.494+0000] {crawl_data.py:118} INFO - Extracted page 29 - dien-tu-dien-lanh, 10 items, total extracted: 3827
[2025-03-07T23:41:23.458+0000] {crawl_data.py:118} INFO - Extracted page 30 - dien-tu-dien-lanh, 10 items, total extracted: 3837
[2025-03-07T23:41:27.403+0000] {crawl_data.py:118} INFO - Extracted page 31 - dien-tu-dien-lanh, 10 items, total extracted: 3847
[2025-03-07T23:41:31.519+0000] {crawl_data.py:118} INFO - Extracted page 32 - dien-tu-dien-lanh, 10 items, total extracted: 3857
[2025-03-07T23:41:33.992+0000] {crawl_data.py:118} INFO - Extracted page 33 - dien-tu-dien-lanh, 10 items, total extracted: 3867
[2025-03-07T23:41:37.581+0000] {crawl_data.py:118} INFO - Extracted page 34 - dien-tu-dien-lanh, 10 items, total extracted: 3877
[2025-03-07T23:41:42.249+0000] {crawl_data.py:118} INFO - Extracted page 35 - dien-tu-dien-lanh, 10 items, total extracted: 3887
[2025-03-07T23:41:46.095+0000] {crawl_data.py:118} INFO - Extracted page 36 - dien-tu-dien-lanh, 10 items, total extracted: 3897
[2025-03-07T23:41:50.797+0000] {crawl_data.py:118} INFO - Extracted page 37 - dien-tu-dien-lanh, 10 items, total extracted: 3907
[2025-03-07T23:41:53.205+0000] {crawl_data.py:118} INFO - Extracted page 38 - dien-tu-dien-lanh, 10 items, total extracted: 3917
[2025-03-07T23:41:57.091+0000] {crawl_data.py:118} INFO - Extracted page 39 - dien-tu-dien-lanh, 10 items, total extracted: 3927
[2025-03-07T23:42:00.486+0000] {crawl_data.py:118} INFO - Extracted page 40 - dien-tu-dien-lanh, 10 items, total extracted: 3937
[2025-03-07T23:42:06.482+0000] {crawl_data.py:135} INFO - Uploaded raw data to tiki-data/tiki_raw_data/raw_20250307_234204.json, total items: 3937
[2025-03-07T23:42:06.660+0000] {python.py:240} INFO - Done. Returned value was: tiki_raw_data/raw_20250307_234204.json
[2025-03-07T23:42:06.740+0000] {taskinstance.py:341} INFO - ::group::Post task execution logs
[2025-03-07T23:42:06.744+0000] {taskinstance.py:353} INFO - Marking task as SUCCESS. dag_id=tiki_extract_dag, task_id=extract_data, run_id=manual__2025-03-07T23:16:45.328510+00:00, execution_date=20250307T231645, start_date=20250307T231648, end_date=20250307T234206
[2025-03-07T23:42:06.836+0000] {logging_mixin.py:190} INFO - Task instance in success state
[2025-03-07T23:42:06.837+0000] {logging_mixin.py:190} INFO -  Previous state of the Task instance: running
[2025-03-07T23:42:06.839+0000] {logging_mixin.py:190} INFO - Dag name:tiki_extract_dag queued_at:2025-03-07 23:16:45.360678+00:00
[2025-03-07T23:42:06.840+0000] {logging_mixin.py:190} INFO - Task hostname:9a2d81a2e852 operator:PythonOperator
[2025-03-07T23:42:06.962+0000] {local_task_job_runner.py:266} INFO - Task exited with return code 0
[2025-03-07T23:42:07.098+0000] {taskinstance.py:3901} INFO - 0 downstream tasks scheduled from follow-on schedule check
[2025-03-07T23:42:07.103+0000] {local_task_job_runner.py:245} INFO - ::endgroup::
