[2025-03-10T10:23:16.778+0000] {local_task_job_runner.py:123} INFO - ::group::Pre task execution logs
[2025-03-10T10:23:16.852+0000] {taskinstance.py:2614} INFO - Dependencies all met for dep_context=non-requeueable deps ti=<TaskInstance: tiki_extract_dag.crawl_the-thao-da-ngoai manual__2025-03-10T10:23:09.493279+00:00 [queued]>
[2025-03-10T10:23:16.892+0000] {taskinstance.py:2614} INFO - Dependencies all met for dep_context=requeueable deps ti=<TaskInstance: tiki_extract_dag.crawl_the-thao-da-ngoai manual__2025-03-10T10:23:09.493279+00:00 [queued]>
[2025-03-10T10:23:16.896+0000] {taskinstance.py:2867} INFO - Starting attempt 1 of 4
[2025-03-10T10:23:16.951+0000] {taskinstance.py:2890} INFO - Executing <Task(PythonOperator): crawl_the-thao-da-ngoai> on 2025-03-10 10:23:09.493279+00:00
[2025-03-10T10:23:17.004+0000] {warnings.py:112} WARNING - /home/***/.local/lib/python3.12/site-packages/***/task/task_runner/standard_task_runner.py:70: DeprecationWarning: This process (pid=85) is multi-threaded, use of fork() may lead to deadlocks in the child.
  pid = os.fork()

[2025-03-10T10:23:17.014+0000] {standard_task_runner.py:72} INFO - Started process 116 to run task
[2025-03-10T10:23:17.012+0000] {standard_task_runner.py:104} INFO - Running: ['***', 'tasks', 'run', 'tiki_extract_dag', 'crawl_the-thao-da-ngoai', 'manual__2025-03-10T10:23:09.493279+00:00', '--job-id', '435', '--raw', '--subdir', 'DAGS_FOLDER/tiki_extract_dag.py', '--cfg-path', '/tmp/tmppdnxl3z7']
[2025-03-10T10:23:17.030+0000] {standard_task_runner.py:105} INFO - Job 435: Subtask crawl_the-thao-da-ngoai
[2025-03-10T10:23:17.445+0000] {task_command.py:467} INFO - Running <TaskInstance: tiki_extract_dag.crawl_the-thao-da-ngoai manual__2025-03-10T10:23:09.493279+00:00 [running]> on host c77555d100c4
[2025-03-10T10:23:30.513+0000] {taskinstance.py:3134} INFO - Exporting env vars: AIRFLOW_CTX_DAG_OWNER='***' AIRFLOW_CTX_DAG_ID='tiki_extract_dag' AIRFLOW_CTX_TASK_ID='crawl_the-thao-da-ngoai' AIRFLOW_CTX_EXECUTION_DATE='2025-03-10T10:23:09.493279+00:00' AIRFLOW_CTX_TRY_NUMBER='1' AIRFLOW_CTX_DAG_RUN_ID='manual__2025-03-10T10:23:09.493279+00:00'
[2025-03-10T10:23:30.519+0000] {logging_mixin.py:190} INFO - Task instance is in running state
[2025-03-10T10:23:30.520+0000] {logging_mixin.py:190} INFO -  Previous state of the Task instance: queued
[2025-03-10T10:23:30.521+0000] {logging_mixin.py:190} INFO - Current task name:crawl_the-thao-da-ngoai state:running start_date:2025-03-10 10:23:16.858298+00:00
[2025-03-10T10:23:30.522+0000] {logging_mixin.py:190} INFO - Dag name:tiki_extract_dag and current dag run status:running
[2025-03-10T10:23:30.523+0000] {taskinstance.py:732} INFO - ::endgroup::
[2025-03-10T10:23:32.293+0000] {tiki_extract_dag.py:132} INFO - Starting crawl for category the-thao-da-ngoai (ID: 1975)
[2025-03-10T10:23:32.295+0000] {tiki_extract_dag.py:134} INFO - Calling API: https://tiki.vn/api/v2/products with params: {'page': 1, 'limit': 40, 'category': '1975'}
[2025-03-10T10:23:33.761+0000] {tiki_extract_dag.py:143} INFO - Total pages for the-thao-da-ngoai: 50 (limited to 50)
[2025-03-10T10:23:59.975+0000] {tiki_extract_dag.py:119} ERROR - Error fetching details for product 95194738: Expecting value: line 1 column 1 (char 0)
[2025-03-10T10:24:00.145+0000] {tiki_extract_dag.py:119} ERROR - Error fetching details for product 77578726: Expecting value: line 1 column 1 (char 0)
[2025-03-10T10:24:00.290+0000] {tiki_extract_dag.py:119} ERROR - Error fetching details for product 73861344: Expecting value: line 1 column 1 (char 0)
[2025-03-10T10:24:00.431+0000] {tiki_extract_dag.py:119} ERROR - Error fetching details for product 68837035: Expecting value: line 1 column 1 (char 0)
[2025-03-10T10:24:00.572+0000] {tiki_extract_dag.py:119} ERROR - Error fetching details for product 68399004: Expecting value: line 1 column 1 (char 0)
[2025-03-10T10:24:00.716+0000] {tiki_extract_dag.py:119} ERROR - Error fetching details for product 67271402: Expecting value: line 1 column 1 (char 0)
[2025-03-10T10:24:00.856+0000] {tiki_extract_dag.py:119} ERROR - Error fetching details for product 67039784: Expecting value: line 1 column 1 (char 0)
[2025-03-10T10:24:00.998+0000] {tiki_extract_dag.py:119} ERROR - Error fetching details for product 66620428: Expecting value: line 1 column 1 (char 0)
[2025-03-10T10:24:01.143+0000] {tiki_extract_dag.py:119} ERROR - Error fetching details for product 60716616: Expecting value: line 1 column 1 (char 0)
[2025-03-10T10:24:01.285+0000] {tiki_extract_dag.py:119} ERROR - Error fetching details for product 59200785: Expecting value: line 1 column 1 (char 0)
[2025-03-10T10:24:01.428+0000] {tiki_extract_dag.py:119} ERROR - Error fetching details for product 57839415: Expecting value: line 1 column 1 (char 0)
[2025-03-10T10:24:01.593+0000] {tiki_extract_dag.py:119} ERROR - Error fetching details for product 57693595: Expecting value: line 1 column 1 (char 0)
[2025-03-10T10:24:01.734+0000] {tiki_extract_dag.py:119} ERROR - Error fetching details for product 55205646: Expecting value: line 1 column 1 (char 0)
[2025-03-10T10:24:01.877+0000] {tiki_extract_dag.py:119} ERROR - Error fetching details for product 55053644: Expecting value: line 1 column 1 (char 0)
[2025-03-10T10:24:02.020+0000] {tiki_extract_dag.py:119} ERROR - Error fetching details for product 54896822: Expecting value: line 1 column 1 (char 0)
[2025-03-10T10:24:02.163+0000] {tiki_extract_dag.py:119} ERROR - Error fetching details for product 50707951: Expecting value: line 1 column 1 (char 0)
[2025-03-10T10:24:02.307+0000] {tiki_extract_dag.py:119} ERROR - Error fetching details for product 50702715: Expecting value: line 1 column 1 (char 0)
[2025-03-10T10:24:02.452+0000] {tiki_extract_dag.py:119} ERROR - Error fetching details for product 36694065: Expecting value: line 1 column 1 (char 0)
[2025-03-10T10:24:02.604+0000] {tiki_extract_dag.py:119} ERROR - Error fetching details for product 33395818: Expecting value: line 1 column 1 (char 0)
[2025-03-10T10:24:02.744+0000] {tiki_extract_dag.py:119} ERROR - Error fetching details for product 32440826: Expecting value: line 1 column 1 (char 0)
[2025-03-10T10:24:02.881+0000] {tiki_extract_dag.py:119} ERROR - Error fetching details for product 31575097: Expecting value: line 1 column 1 (char 0)
[2025-03-10T10:24:03.021+0000] {tiki_extract_dag.py:119} ERROR - Error fetching details for product 22197859: Expecting value: line 1 column 1 (char 0)
[2025-03-10T10:24:03.161+0000] {tiki_extract_dag.py:119} ERROR - Error fetching details for product 21947276: Expecting value: line 1 column 1 (char 0)
[2025-03-10T10:24:03.301+0000] {tiki_extract_dag.py:119} ERROR - Error fetching details for product 16974932: Expecting value: line 1 column 1 (char 0)
[2025-03-10T10:24:03.448+0000] {tiki_extract_dag.py:119} ERROR - Error fetching details for product 8073271: Expecting value: line 1 column 1 (char 0)
[2025-03-10T10:24:03.588+0000] {tiki_extract_dag.py:119} ERROR - Error fetching details for product 3941727: Expecting value: line 1 column 1 (char 0)
[2025-03-10T10:24:03.759+0000] {tiki_extract_dag.py:119} ERROR - Error fetching details for product 2282607: Expecting value: line 1 column 1 (char 0)
[2025-03-10T10:24:03.899+0000] {tiki_extract_dag.py:119} ERROR - Error fetching details for product 1374137: Expecting value: line 1 column 1 (char 0)
[2025-03-10T10:24:03.899+0000] {tiki_extract_dag.py:156} INFO - Calling API: https://tiki.vn/api/v2/products with params: {'page': 2, 'limit': 40, 'category': '1975'}
[2025-03-10T10:24:04.040+0000] {tiki_extract_dag.py:178} ERROR - API error at page 2 in category the-thao-da-ngoai: Expecting value: line 1 column 1 (char 0)
[2025-03-10T10:24:06.865+0000] {tiki_extract_dag.py:50} INFO - Updated crawled products at tiki-pipeline/tiki_crawled/crawled_products.json
[2025-03-10T10:24:06.866+0000] {tiki_extract_dag.py:192} INFO - Uploaded raw data to tiki-pipeline/raw_data/the-thao-da-ngoai_20250310_102404.json, total items: 40
[2025-03-10T10:24:07.224+0000] {tiki_extract_dag.py:204} INFO - Saved metadata to tiki-pipeline/metadata/the-thao-da-ngoai_extract_run_metadata_20250310_102404.json
[2025-03-10T10:24:07.227+0000] {python.py:240} INFO - Done. Returned value was: None
[2025-03-10T10:24:07.257+0000] {taskinstance.py:341} INFO - ::group::Post task execution logs
[2025-03-10T10:24:07.259+0000] {taskinstance.py:353} INFO - Marking task as SUCCESS. dag_id=tiki_extract_dag, task_id=crawl_the-thao-da-ngoai, run_id=manual__2025-03-10T10:23:09.493279+00:00, execution_date=20250310T102309, start_date=20250310T102316, end_date=20250310T102407
[2025-03-10T10:24:07.311+0000] {logging_mixin.py:190} INFO - Task instance in success state
[2025-03-10T10:24:07.313+0000] {logging_mixin.py:190} INFO -  Previous state of the Task instance: running
[2025-03-10T10:24:07.314+0000] {logging_mixin.py:190} INFO - Dag name:tiki_extract_dag queued_at:2025-03-10 10:23:09.537669+00:00
[2025-03-10T10:24:07.314+0000] {logging_mixin.py:190} INFO - Task hostname:c77555d100c4 operator:PythonOperator
[2025-03-10T10:24:07.365+0000] {local_task_job_runner.py:266} INFO - Task exited with return code 0
[2025-03-10T10:24:07.449+0000] {taskinstance.py:3901} INFO - 0 downstream tasks scheduled from follow-on schedule check
[2025-03-10T10:24:07.454+0000] {local_task_job_runner.py:245} INFO - ::endgroup::
