[2025-03-12T04:22:02.192+0000] {local_task_job_runner.py:123} INFO - ::group::Pre task execution logs
[2025-03-12T04:22:02.307+0000] {taskinstance.py:2614} INFO - Dependencies all met for dep_context=non-requeueable deps ti=<TaskInstance: tiki_extract_dag.extract_laptop-may-vi-tinh-linh-kien manual__2025-03-12T04:21:28.506204+00:00 [queued]>
[2025-03-12T04:22:02.345+0000] {taskinstance.py:2614} INFO - Dependencies all met for dep_context=requeueable deps ti=<TaskInstance: tiki_extract_dag.extract_laptop-may-vi-tinh-linh-kien manual__2025-03-12T04:21:28.506204+00:00 [queued]>
[2025-03-12T04:22:02.346+0000] {taskinstance.py:2867} INFO - Starting attempt 1 of 4
[2025-03-12T04:22:02.427+0000] {taskinstance.py:2890} INFO - Executing <Task(PythonOperator): extract_laptop-may-vi-tinh-linh-kien> on 2025-03-12 04:21:28.506204+00:00
[2025-03-12T04:22:02.475+0000] {warnings.py:112} WARNING - /home/***/.local/lib/python3.12/site-packages/***/task/task_runner/standard_task_runner.py:70: DeprecationWarning: This process (pid=3855) is multi-threaded, use of fork() may lead to deadlocks in the child.
  pid = os.fork()

[2025-03-12T04:22:02.499+0000] {standard_task_runner.py:72} INFO - Started process 3890 to run task
[2025-03-12T04:22:02.499+0000] {standard_task_runner.py:104} INFO - Running: ['***', 'tasks', 'run', 'tiki_extract_dag', 'extract_laptop-may-vi-tinh-linh-kien', 'manual__2025-03-12T04:21:28.506204+00:00', '--job-id', '654', '--raw', '--subdir', 'DAGS_FOLDER/tiki_extract_dag.py', '--cfg-path', '/tmp/tmpl5_d1wa1']
[2025-03-12T04:22:02.507+0000] {standard_task_runner.py:105} INFO - Job 654: Subtask extract_laptop-may-vi-tinh-linh-kien
[2025-03-12T04:22:02.873+0000] {task_command.py:467} INFO - Running <TaskInstance: tiki_extract_dag.extract_laptop-may-vi-tinh-linh-kien manual__2025-03-12T04:21:28.506204+00:00 [running]> on host 5c8190d7da62
[2025-03-12T04:22:06.079+0000] {taskinstance.py:3134} INFO - Exporting env vars: AIRFLOW_CTX_DAG_OWNER='***' AIRFLOW_CTX_DAG_ID='tiki_extract_dag' AIRFLOW_CTX_TASK_ID='extract_laptop-may-vi-tinh-linh-kien' AIRFLOW_CTX_EXECUTION_DATE='2025-03-12T04:21:28.506204+00:00' AIRFLOW_CTX_TRY_NUMBER='1' AIRFLOW_CTX_DAG_RUN_ID='manual__2025-03-12T04:21:28.506204+00:00'
[2025-03-12T04:22:06.081+0000] {logging_mixin.py:190} INFO - Task instance is in running state
[2025-03-12T04:22:06.082+0000] {logging_mixin.py:190} INFO -  Previous state of the Task instance: queued
[2025-03-12T04:22:06.082+0000] {logging_mixin.py:190} INFO - Current task name:extract_laptop-may-vi-tinh-linh-kien state:running start_date:2025-03-12 04:22:02.309781+00:00
[2025-03-12T04:22:06.083+0000] {logging_mixin.py:190} INFO - Dag name:tiki_extract_dag and current dag run status:running
[2025-03-12T04:22:06.083+0000] {taskinstance.py:732} INFO - ::endgroup::
[2025-03-12T04:22:07.232+0000] {tiki_extract_dag.py:120} INFO - Starting crawl for category laptop-may-vi-tinh-linh-kien
[2025-03-12T04:22:08.182+0000] {tiki_extract_dag.py:127} INFO - Total pages for laptop-may-vi-tinh-linh-kien: 50
[2025-03-12T04:22:08.662+0000] {tiki_extract_dag.py:155} INFO - Extracted page 2/50 - laptop-may-vi-tinh-linh-kien, total items: 80
[2025-03-12T04:22:14.796+0000] {tiki_extract_dag.py:155} INFO - Extracted page 3/50 - laptop-may-vi-tinh-linh-kien, total items: 120
[2025-03-12T04:22:22.675+0000] {tiki_extract_dag.py:155} INFO - Extracted page 4/50 - laptop-may-vi-tinh-linh-kien, total items: 160
[2025-03-12T04:22:28.516+0000] {tiki_extract_dag.py:155} INFO - Extracted page 5/50 - laptop-may-vi-tinh-linh-kien, total items: 200
[2025-03-12T04:22:34.041+0000] {tiki_extract_dag.py:155} INFO - Extracted page 6/50 - laptop-may-vi-tinh-linh-kien, total items: 240
[2025-03-12T04:22:43.285+0000] {tiki_extract_dag.py:155} INFO - Extracted page 7/50 - laptop-may-vi-tinh-linh-kien, total items: 280
[2025-03-12T04:22:49.746+0000] {tiki_extract_dag.py:155} INFO - Extracted page 8/50 - laptop-may-vi-tinh-linh-kien, total items: 320
[2025-03-12T04:22:57.726+0000] {tiki_extract_dag.py:155} INFO - Extracted page 9/50 - laptop-may-vi-tinh-linh-kien, total items: 360
[2025-03-12T04:23:03.708+0000] {tiki_extract_dag.py:155} INFO - Extracted page 10/50 - laptop-may-vi-tinh-linh-kien, total items: 400
[2025-03-12T04:23:13.861+0000] {tiki_extract_dag.py:155} INFO - Extracted page 11/50 - laptop-may-vi-tinh-linh-kien, total items: 440
[2025-03-12T04:23:24.365+0000] {tiki_extract_dag.py:155} INFO - Extracted page 12/50 - laptop-may-vi-tinh-linh-kien, total items: 480
[2025-03-12T04:23:32.269+0000] {tiki_extract_dag.py:155} INFO - Extracted page 13/50 - laptop-may-vi-tinh-linh-kien, total items: 520
[2025-03-12T04:23:38.829+0000] {tiki_extract_dag.py:155} INFO - Extracted page 14/50 - laptop-may-vi-tinh-linh-kien, total items: 560
[2025-03-12T04:23:48.144+0000] {tiki_extract_dag.py:155} INFO - Extracted page 15/50 - laptop-may-vi-tinh-linh-kien, total items: 600
[2025-03-12T04:23:58.488+0000] {tiki_extract_dag.py:155} INFO - Extracted page 16/50 - laptop-may-vi-tinh-linh-kien, total items: 640
[2025-03-12T04:24:07.741+0000] {tiki_extract_dag.py:155} INFO - Extracted page 17/50 - laptop-may-vi-tinh-linh-kien, total items: 680
[2025-03-12T04:24:15.581+0000] {tiki_extract_dag.py:155} INFO - Extracted page 18/50 - laptop-may-vi-tinh-linh-kien, total items: 720
[2025-03-12T04:24:23.373+0000] {tiki_extract_dag.py:155} INFO - Extracted page 19/50 - laptop-may-vi-tinh-linh-kien, total items: 760
[2025-03-12T04:24:30.071+0000] {tiki_extract_dag.py:155} INFO - Extracted page 20/50 - laptop-may-vi-tinh-linh-kien, total items: 800
[2025-03-12T04:24:37.977+0000] {tiki_extract_dag.py:155} INFO - Extracted page 21/50 - laptop-may-vi-tinh-linh-kien, total items: 840
[2025-03-12T04:24:46.953+0000] {tiki_extract_dag.py:155} INFO - Extracted page 22/50 - laptop-may-vi-tinh-linh-kien, total items: 880
[2025-03-12T04:24:54.311+0000] {tiki_extract_dag.py:155} INFO - Extracted page 23/50 - laptop-may-vi-tinh-linh-kien, total items: 920
[2025-03-12T04:25:04.363+0000] {tiki_extract_dag.py:155} INFO - Extracted page 24/50 - laptop-may-vi-tinh-linh-kien, total items: 960
[2025-03-12T04:25:14.825+0000] {tiki_extract_dag.py:155} INFO - Extracted page 25/50 - laptop-may-vi-tinh-linh-kien, total items: 1000
[2025-03-12T04:25:21.319+0000] {tiki_extract_dag.py:155} INFO - Extracted page 26/50 - laptop-may-vi-tinh-linh-kien, total items: 1040
[2025-03-12T04:25:29.074+0000] {tiki_extract_dag.py:155} INFO - Extracted page 27/50 - laptop-may-vi-tinh-linh-kien, total items: 1080
[2025-03-12T04:25:39.166+0000] {tiki_extract_dag.py:155} INFO - Extracted page 28/50 - laptop-may-vi-tinh-linh-kien, total items: 1120
[2025-03-12T04:25:48.331+0000] {tiki_extract_dag.py:155} INFO - Extracted page 29/50 - laptop-may-vi-tinh-linh-kien, total items: 1160
[2025-03-12T04:25:56.234+0000] {tiki_extract_dag.py:155} INFO - Extracted page 30/50 - laptop-may-vi-tinh-linh-kien, total items: 1200
[2025-03-12T04:26:04.906+0000] {tiki_extract_dag.py:155} INFO - Extracted page 31/50 - laptop-may-vi-tinh-linh-kien, total items: 1240
[2025-03-12T04:26:10.656+0000] {tiki_extract_dag.py:155} INFO - Extracted page 32/50 - laptop-may-vi-tinh-linh-kien, total items: 1280
[2025-03-12T04:26:22.212+0000] {tiki_extract_dag.py:155} INFO - Extracted page 33/50 - laptop-may-vi-tinh-linh-kien, total items: 1320
[2025-03-12T04:26:31.673+0000] {tiki_extract_dag.py:155} INFO - Extracted page 34/50 - laptop-may-vi-tinh-linh-kien, total items: 1360
[2025-03-12T04:26:40.812+0000] {tiki_extract_dag.py:155} INFO - Extracted page 35/50 - laptop-may-vi-tinh-linh-kien, total items: 1400
[2025-03-12T04:26:48.601+0000] {tiki_extract_dag.py:155} INFO - Extracted page 36/50 - laptop-may-vi-tinh-linh-kien, total items: 1440
[2025-03-12T04:26:55.580+0000] {tiki_extract_dag.py:155} INFO - Extracted page 37/50 - laptop-may-vi-tinh-linh-kien, total items: 1480
[2025-03-12T04:27:01.663+0000] {tiki_extract_dag.py:155} INFO - Extracted page 38/50 - laptop-may-vi-tinh-linh-kien, total items: 1520
[2025-03-12T04:27:08.344+0000] {tiki_extract_dag.py:155} INFO - Extracted page 39/50 - laptop-may-vi-tinh-linh-kien, total items: 1560
[2025-03-12T04:27:16.248+0000] {tiki_extract_dag.py:155} INFO - Extracted page 40/50 - laptop-may-vi-tinh-linh-kien, total items: 1600
[2025-03-12T04:27:25.940+0000] {tiki_extract_dag.py:155} INFO - Extracted page 41/50 - laptop-may-vi-tinh-linh-kien, total items: 1640
[2025-03-12T04:27:31.746+0000] {tiki_extract_dag.py:155} INFO - Extracted page 42/50 - laptop-may-vi-tinh-linh-kien, total items: 1680
[2025-03-12T04:27:42.960+0000] {tiki_extract_dag.py:155} INFO - Extracted page 43/50 - laptop-may-vi-tinh-linh-kien, total items: 1720
[2025-03-12T04:27:49.124+0000] {tiki_extract_dag.py:155} INFO - Extracted page 44/50 - laptop-may-vi-tinh-linh-kien, total items: 1760
[2025-03-12T04:27:58.626+0000] {tiki_extract_dag.py:155} INFO - Extracted page 45/50 - laptop-may-vi-tinh-linh-kien, total items: 1800
[2025-03-12T04:28:07.259+0000] {tiki_extract_dag.py:155} INFO - Extracted page 46/50 - laptop-may-vi-tinh-linh-kien, total items: 1840
[2025-03-12T04:28:14.297+0000] {tiki_extract_dag.py:155} INFO - Extracted page 47/50 - laptop-may-vi-tinh-linh-kien, total items: 1880
[2025-03-12T04:28:22.984+0000] {tiki_extract_dag.py:155} INFO - Extracted page 48/50 - laptop-may-vi-tinh-linh-kien, total items: 1920
[2025-03-12T04:28:28.665+0000] {tiki_extract_dag.py:155} INFO - Extracted page 49/50 - laptop-may-vi-tinh-linh-kien, total items: 1960
[2025-03-12T04:28:35.816+0000] {tiki_extract_dag.py:155} INFO - Extracted page 50/50 - laptop-may-vi-tinh-linh-kien, total items: 2000
[2025-03-12T04:28:48.193+0000] {tiki_extract_dag.py:56} INFO - Updated crawled products at tiki-pipeline/tiki_crawled/crawled_products.json
[2025-03-12T04:28:48.196+0000] {tiki_extract_dag.py:172} INFO - Uploaded raw data to tiki-pipeline/tiki_raw_data/raw_laptop-may-vi-tinh-linh-kien_20250312_042841.json, total items: 2000
[2025-03-12T04:28:48.530+0000] {tiki_extract_dag.py:183} INFO - Saved metadata to tiki-pipeline/metadata/extract_run_metadata_laptop-may-vi-tinh-linh-kien_20250312_042841.json
[2025-03-12T04:28:48.572+0000] {python.py:240} INFO - Done. Returned value was: None
[2025-03-12T04:28:48.733+0000] {taskinstance.py:341} INFO - ::group::Post task execution logs
[2025-03-12T04:28:48.738+0000] {taskinstance.py:353} INFO - Marking task as SUCCESS. dag_id=tiki_extract_dag, task_id=extract_laptop-may-vi-tinh-linh-kien, run_id=manual__2025-03-12T04:21:28.506204+00:00, execution_date=20250312T042128, start_date=20250312T042202, end_date=20250312T042848
[2025-03-12T04:28:48.851+0000] {logging_mixin.py:190} INFO - Task instance in success state
[2025-03-12T04:28:48.852+0000] {logging_mixin.py:190} INFO -  Previous state of the Task instance: running
[2025-03-12T04:28:48.853+0000] {logging_mixin.py:190} INFO - Dag name:tiki_extract_dag queued_at:2025-03-12 04:21:28.548433+00:00
[2025-03-12T04:28:48.854+0000] {logging_mixin.py:190} INFO - Task hostname:5c8190d7da62 operator:PythonOperator
[2025-03-12T04:28:48.947+0000] {local_task_job_runner.py:266} INFO - Task exited with return code 0
[2025-03-12T04:28:49.085+0000] {taskinstance.py:3901} INFO - 0 downstream tasks scheduled from follow-on schedule check
[2025-03-12T04:28:49.090+0000] {local_task_job_runner.py:245} INFO - ::endgroup::
