[2025-03-09T10:05:59.848+0000] {local_task_job_runner.py:123} INFO - ::group::Pre task execution logs
[2025-03-09T10:05:59.886+0000] {taskinstance.py:2614} INFO - Dependencies all met for dep_context=non-requeueable deps ti=<TaskInstance: tiki_transform_dag.wait_for_extract manual__2025-03-09T10:05:52.335959+00:00 [queued]>
[2025-03-09T10:05:59.905+0000] {taskinstance.py:2614} INFO - Dependencies all met for dep_context=requeueable deps ti=<TaskInstance: tiki_transform_dag.wait_for_extract manual__2025-03-09T10:05:52.335959+00:00 [queued]>
[2025-03-09T10:05:59.907+0000] {taskinstance.py:2867} INFO - Starting attempt 1 of 1
[2025-03-09T10:05:59.939+0000] {taskinstance.py:2890} INFO - Executing <Task(ExternalTaskSensor): wait_for_extract> on 2025-03-09 10:05:52.335959+00:00
[2025-03-09T10:05:59.954+0000] {warnings.py:112} WARNING - /home/***/.local/lib/python3.12/site-packages/***/task/task_runner/standard_task_runner.py:70: DeprecationWarning: This process (pid=184) is multi-threaded, use of fork() may lead to deadlocks in the child.
  pid = os.fork()

[2025-03-09T10:05:59.957+0000] {standard_task_runner.py:72} INFO - Started process 186 to run task
[2025-03-09T10:05:59.957+0000] {standard_task_runner.py:104} INFO - Running: ['***', 'tasks', 'run', 'tiki_transform_dag', 'wait_for_extract', 'manual__2025-03-09T10:05:52.335959+00:00', '--job-id', '101', '--raw', '--subdir', 'DAGS_FOLDER/tiki_transform_dag.py', '--cfg-path', '/tmp/tmpct9ho0oi']
[2025-03-09T10:05:59.960+0000] {standard_task_runner.py:105} INFO - Job 101: Subtask wait_for_extract
[2025-03-09T10:06:00.054+0000] {task_command.py:467} INFO - Running <TaskInstance: tiki_transform_dag.wait_for_extract manual__2025-03-09T10:05:52.335959+00:00 [running]> on host 4dc18dee7126
[2025-03-09T10:06:00.223+0000] {taskinstance.py:3134} INFO - Exporting env vars: AIRFLOW_CTX_DAG_OWNER='***' AIRFLOW_CTX_DAG_ID='tiki_transform_dag' AIRFLOW_CTX_TASK_ID='wait_for_extract' AIRFLOW_CTX_EXECUTION_DATE='2025-03-09T10:05:52.335959+00:00' AIRFLOW_CTX_TRY_NUMBER='1' AIRFLOW_CTX_DAG_RUN_ID='manual__2025-03-09T10:05:52.335959+00:00'
[2025-03-09T10:06:00.225+0000] {logging_mixin.py:190} INFO - Task instance is in running state
[2025-03-09T10:06:00.226+0000] {logging_mixin.py:190} INFO -  Previous state of the Task instance: queued
[2025-03-09T10:06:00.227+0000] {logging_mixin.py:190} INFO - Current task name:wait_for_extract state:running start_date:2025-03-09 10:05:59.888265+00:00
[2025-03-09T10:06:00.228+0000] {logging_mixin.py:190} INFO - Dag name:tiki_transform_dag and current dag run status:running
[2025-03-09T10:06:00.229+0000] {taskinstance.py:732} INFO - ::endgroup::
[2025-03-09T10:06:00.231+0000] {baseoperator.py:423} WARNING - ExternalTaskSensor.execute cannot be called outside TaskInstance!
[2025-03-09T10:06:00.248+0000] {external_task.py:258} INFO - Poking for tasks ['extract_data'] in dag tiki_extract_dag on 2025-03-09T10:05:52.335959+00:00 ... 
[2025-03-09T10:06:00.250+0000] {warnings.py:112} WARNING - /home/***/.local/lib/python3.12/site-packages/***/utils/session.py:97: DeprecationWarning: This method is deprecated and will be removed in future.
  return func(*args, session=session, **kwargs)

[2025-03-09T10:06:00.691+0000] {taskinstance.py:310} INFO - Rescheduling task, marking task as UP_FOR_RESCHEDULE
[2025-03-09T10:06:00.692+0000] {taskinstance.py:341} INFO - ::group::Post task execution logs
[2025-03-09T10:06:00.739+0000] {local_task_job_runner.py:266} INFO - Task exited with return code 0
[2025-03-09T10:06:00.807+0000] {taskinstance.py:3901} INFO - 0 downstream tasks scheduled from follow-on schedule check
[2025-03-09T10:06:00.811+0000] {local_task_job_runner.py:245} INFO - ::endgroup::
[2025-03-09T10:06:35.234+0000] {local_task_job_runner.py:123} INFO - ::group::Pre task execution logs
[2025-03-09T10:06:35.282+0000] {taskinstance.py:2614} INFO - Dependencies all met for dep_context=non-requeueable deps ti=<TaskInstance: tiki_transform_dag.wait_for_extract manual__2025-03-09T10:05:52.335959+00:00 [queued]>
[2025-03-09T10:06:35.308+0000] {taskinstance.py:2614} INFO - Dependencies all met for dep_context=requeueable deps ti=<TaskInstance: tiki_transform_dag.wait_for_extract manual__2025-03-09T10:05:52.335959+00:00 [queued]>
[2025-03-09T10:06:35.310+0000] {taskinstance.py:2867} INFO - Starting attempt 1 of 1
[2025-03-09T10:06:35.348+0000] {taskinstance.py:2890} INFO - Executing <Task(ExternalTaskSensor): wait_for_extract> on 2025-03-09 10:05:52.335959+00:00
[2025-03-09T10:06:35.366+0000] {warnings.py:112} WARNING - /home/***/.local/lib/python3.12/site-packages/***/task/task_runner/standard_task_runner.py:70: DeprecationWarning: This process (pid=195) is multi-threaded, use of fork() may lead to deadlocks in the child.
  pid = os.fork()

[2025-03-09T10:06:35.371+0000] {standard_task_runner.py:72} INFO - Started process 197 to run task
[2025-03-09T10:06:35.370+0000] {standard_task_runner.py:104} INFO - Running: ['***', 'tasks', 'run', 'tiki_transform_dag', 'wait_for_extract', 'manual__2025-03-09T10:05:52.335959+00:00', '--job-id', '102', '--raw', '--subdir', 'DAGS_FOLDER/tiki_transform_dag.py', '--cfg-path', '/tmp/tmp13e8xgz4']
[2025-03-09T10:06:35.373+0000] {standard_task_runner.py:105} INFO - Job 102: Subtask wait_for_extract
[2025-03-09T10:06:35.502+0000] {task_command.py:467} INFO - Running <TaskInstance: tiki_transform_dag.wait_for_extract manual__2025-03-09T10:05:52.335959+00:00 [running]> on host 4dc18dee7126
[2025-03-09T10:06:35.720+0000] {taskinstance.py:3134} INFO - Exporting env vars: AIRFLOW_CTX_DAG_OWNER='***' AIRFLOW_CTX_DAG_ID='tiki_transform_dag' AIRFLOW_CTX_TASK_ID='wait_for_extract' AIRFLOW_CTX_EXECUTION_DATE='2025-03-09T10:05:52.335959+00:00' AIRFLOW_CTX_TRY_NUMBER='1' AIRFLOW_CTX_DAG_RUN_ID='manual__2025-03-09T10:05:52.335959+00:00'
[2025-03-09T10:06:35.723+0000] {logging_mixin.py:190} INFO - Task instance is in running state
[2025-03-09T10:06:35.724+0000] {logging_mixin.py:190} INFO -  Previous state of the Task instance: queued
[2025-03-09T10:06:35.725+0000] {logging_mixin.py:190} INFO - Current task name:wait_for_extract state:running start_date:2025-03-09 10:06:35.284252+00:00
[2025-03-09T10:06:35.726+0000] {logging_mixin.py:190} INFO - Dag name:tiki_transform_dag and current dag run status:running
[2025-03-09T10:06:35.727+0000] {taskinstance.py:732} INFO - ::endgroup::
[2025-03-09T10:06:35.728+0000] {baseoperator.py:423} WARNING - ExternalTaskSensor.execute cannot be called outside TaskInstance!
[2025-03-09T10:06:35.747+0000] {external_task.py:258} INFO - Poking for tasks ['extract_data'] in dag tiki_extract_dag on 2025-03-09T10:05:52.335959+00:00 ... 
[2025-03-09T10:06:35.749+0000] {warnings.py:112} WARNING - /home/***/.local/lib/python3.12/site-packages/***/utils/session.py:97: DeprecationWarning: This method is deprecated and will be removed in future.
  return func(*args, session=session, **kwargs)

[2025-03-09T10:06:35.837+0000] {taskinstance.py:310} INFO - Rescheduling task, marking task as UP_FOR_RESCHEDULE
[2025-03-09T10:06:35.838+0000] {taskinstance.py:341} INFO - ::group::Post task execution logs
[2025-03-09T10:06:35.874+0000] {local_task_job_runner.py:266} INFO - Task exited with return code 0
[2025-03-09T10:06:35.949+0000] {taskinstance.py:3901} INFO - 0 downstream tasks scheduled from follow-on schedule check
[2025-03-09T10:06:35.958+0000] {local_task_job_runner.py:245} INFO - ::endgroup::
[2025-03-09T10:07:09.806+0000] {local_task_job_runner.py:123} INFO - ::group::Pre task execution logs
[2025-03-09T10:07:09.856+0000] {taskinstance.py:2614} INFO - Dependencies all met for dep_context=non-requeueable deps ti=<TaskInstance: tiki_transform_dag.wait_for_extract manual__2025-03-09T10:05:52.335959+00:00 [queued]>
[2025-03-09T10:07:09.911+0000] {taskinstance.py:2614} INFO - Dependencies all met for dep_context=requeueable deps ti=<TaskInstance: tiki_transform_dag.wait_for_extract manual__2025-03-09T10:05:52.335959+00:00 [queued]>
[2025-03-09T10:07:09.913+0000] {taskinstance.py:2867} INFO - Starting attempt 1 of 1
[2025-03-09T10:07:09.948+0000] {taskinstance.py:2890} INFO - Executing <Task(ExternalTaskSensor): wait_for_extract> on 2025-03-09 10:05:52.335959+00:00
[2025-03-09T10:07:09.966+0000] {warnings.py:112} WARNING - /home/***/.local/lib/python3.12/site-packages/***/task/task_runner/standard_task_runner.py:70: DeprecationWarning: This process (pid=199) is multi-threaded, use of fork() may lead to deadlocks in the child.
  pid = os.fork()

[2025-03-09T10:07:09.970+0000] {standard_task_runner.py:72} INFO - Started process 208 to run task
[2025-03-09T10:07:09.971+0000] {standard_task_runner.py:104} INFO - Running: ['***', 'tasks', 'run', 'tiki_transform_dag', 'wait_for_extract', 'manual__2025-03-09T10:05:52.335959+00:00', '--job-id', '103', '--raw', '--subdir', 'DAGS_FOLDER/tiki_transform_dag.py', '--cfg-path', '/tmp/tmp2hku02l4']
[2025-03-09T10:07:09.974+0000] {standard_task_runner.py:105} INFO - Job 103: Subtask wait_for_extract
[2025-03-09T10:07:10.090+0000] {task_command.py:467} INFO - Running <TaskInstance: tiki_transform_dag.wait_for_extract manual__2025-03-09T10:05:52.335959+00:00 [running]> on host 4dc18dee7126
[2025-03-09T10:07:10.319+0000] {taskinstance.py:3134} INFO - Exporting env vars: AIRFLOW_CTX_DAG_OWNER='***' AIRFLOW_CTX_DAG_ID='tiki_transform_dag' AIRFLOW_CTX_TASK_ID='wait_for_extract' AIRFLOW_CTX_EXECUTION_DATE='2025-03-09T10:05:52.335959+00:00' AIRFLOW_CTX_TRY_NUMBER='1' AIRFLOW_CTX_DAG_RUN_ID='manual__2025-03-09T10:05:52.335959+00:00'
[2025-03-09T10:07:10.323+0000] {logging_mixin.py:190} INFO - Task instance is in running state
[2025-03-09T10:07:10.324+0000] {logging_mixin.py:190} INFO -  Previous state of the Task instance: queued
[2025-03-09T10:07:10.325+0000] {logging_mixin.py:190} INFO - Current task name:wait_for_extract state:running start_date:2025-03-09 10:07:09.870840+00:00
[2025-03-09T10:07:10.327+0000] {logging_mixin.py:190} INFO - Dag name:tiki_transform_dag and current dag run status:running
[2025-03-09T10:07:10.328+0000] {taskinstance.py:732} INFO - ::endgroup::
[2025-03-09T10:07:10.329+0000] {baseoperator.py:423} WARNING - ExternalTaskSensor.execute cannot be called outside TaskInstance!
[2025-03-09T10:07:10.353+0000] {external_task.py:258} INFO - Poking for tasks ['extract_data'] in dag tiki_extract_dag on 2025-03-09T10:05:52.335959+00:00 ... 
[2025-03-09T10:07:10.355+0000] {warnings.py:112} WARNING - /home/***/.local/lib/python3.12/site-packages/***/utils/session.py:97: DeprecationWarning: This method is deprecated and will be removed in future.
  return func(*args, session=session, **kwargs)

[2025-03-09T10:07:10.442+0000] {taskinstance.py:310} INFO - Rescheduling task, marking task as UP_FOR_RESCHEDULE
[2025-03-09T10:07:10.444+0000] {taskinstance.py:341} INFO - ::group::Post task execution logs
[2025-03-09T10:07:10.475+0000] {local_task_job_runner.py:266} INFO - Task exited with return code 0
[2025-03-09T10:07:10.538+0000] {taskinstance.py:3901} INFO - 0 downstream tasks scheduled from follow-on schedule check
[2025-03-09T10:07:10.542+0000] {local_task_job_runner.py:245} INFO - ::endgroup::
[2025-03-09T10:07:45.100+0000] {local_task_job_runner.py:123} INFO - ::group::Pre task execution logs
[2025-03-09T10:07:45.137+0000] {taskinstance.py:2614} INFO - Dependencies all met for dep_context=non-requeueable deps ti=<TaskInstance: tiki_transform_dag.wait_for_extract manual__2025-03-09T10:05:52.335959+00:00 [queued]>
[2025-03-09T10:07:45.158+0000] {taskinstance.py:2614} INFO - Dependencies all met for dep_context=requeueable deps ti=<TaskInstance: tiki_transform_dag.wait_for_extract manual__2025-03-09T10:05:52.335959+00:00 [queued]>
[2025-03-09T10:07:45.159+0000] {taskinstance.py:2867} INFO - Starting attempt 1 of 1
[2025-03-09T10:07:45.187+0000] {taskinstance.py:2890} INFO - Executing <Task(ExternalTaskSensor): wait_for_extract> on 2025-03-09 10:05:52.335959+00:00
[2025-03-09T10:07:45.203+0000] {warnings.py:112} WARNING - /home/***/.local/lib/python3.12/site-packages/***/task/task_runner/standard_task_runner.py:70: DeprecationWarning: This process (pid=210) is multi-threaded, use of fork() may lead to deadlocks in the child.
  pid = os.fork()

[2025-03-09T10:07:45.206+0000] {standard_task_runner.py:72} INFO - Started process 219 to run task
[2025-03-09T10:07:45.206+0000] {standard_task_runner.py:104} INFO - Running: ['***', 'tasks', 'run', 'tiki_transform_dag', 'wait_for_extract', 'manual__2025-03-09T10:05:52.335959+00:00', '--job-id', '104', '--raw', '--subdir', 'DAGS_FOLDER/tiki_transform_dag.py', '--cfg-path', '/tmp/tmp6eih85vg']
[2025-03-09T10:07:45.208+0000] {standard_task_runner.py:105} INFO - Job 104: Subtask wait_for_extract
[2025-03-09T10:07:45.304+0000] {task_command.py:467} INFO - Running <TaskInstance: tiki_transform_dag.wait_for_extract manual__2025-03-09T10:05:52.335959+00:00 [running]> on host 4dc18dee7126
[2025-03-09T10:07:45.475+0000] {taskinstance.py:3134} INFO - Exporting env vars: AIRFLOW_CTX_DAG_OWNER='***' AIRFLOW_CTX_DAG_ID='tiki_transform_dag' AIRFLOW_CTX_TASK_ID='wait_for_extract' AIRFLOW_CTX_EXECUTION_DATE='2025-03-09T10:05:52.335959+00:00' AIRFLOW_CTX_TRY_NUMBER='1' AIRFLOW_CTX_DAG_RUN_ID='manual__2025-03-09T10:05:52.335959+00:00'
[2025-03-09T10:07:45.477+0000] {logging_mixin.py:190} INFO - Task instance is in running state
[2025-03-09T10:07:45.478+0000] {logging_mixin.py:190} INFO -  Previous state of the Task instance: queued
[2025-03-09T10:07:45.479+0000] {logging_mixin.py:190} INFO - Current task name:wait_for_extract state:running start_date:2025-03-09 10:07:45.138851+00:00
[2025-03-09T10:07:45.480+0000] {logging_mixin.py:190} INFO - Dag name:tiki_transform_dag and current dag run status:running
[2025-03-09T10:07:45.480+0000] {taskinstance.py:732} INFO - ::endgroup::
[2025-03-09T10:07:45.482+0000] {baseoperator.py:423} WARNING - ExternalTaskSensor.execute cannot be called outside TaskInstance!
[2025-03-09T10:07:45.500+0000] {external_task.py:258} INFO - Poking for tasks ['extract_data'] in dag tiki_extract_dag on 2025-03-09T10:05:52.335959+00:00 ... 
[2025-03-09T10:07:45.502+0000] {warnings.py:112} WARNING - /home/***/.local/lib/python3.12/site-packages/***/utils/session.py:97: DeprecationWarning: This method is deprecated and will be removed in future.
  return func(*args, session=session, **kwargs)

[2025-03-09T10:07:45.571+0000] {taskinstance.py:310} INFO - Rescheduling task, marking task as UP_FOR_RESCHEDULE
[2025-03-09T10:07:45.573+0000] {taskinstance.py:341} INFO - ::group::Post task execution logs
[2025-03-09T10:07:45.626+0000] {local_task_job_runner.py:266} INFO - Task exited with return code 0
[2025-03-09T10:07:45.694+0000] {taskinstance.py:3901} INFO - 0 downstream tasks scheduled from follow-on schedule check
[2025-03-09T10:07:45.698+0000] {local_task_job_runner.py:245} INFO - ::endgroup::
[2025-03-09T10:08:20.155+0000] {local_task_job_runner.py:123} INFO - ::group::Pre task execution logs
[2025-03-09T10:08:20.202+0000] {taskinstance.py:2614} INFO - Dependencies all met for dep_context=non-requeueable deps ti=<TaskInstance: tiki_transform_dag.wait_for_extract manual__2025-03-09T10:05:52.335959+00:00 [queued]>
[2025-03-09T10:08:20.222+0000] {taskinstance.py:2614} INFO - Dependencies all met for dep_context=requeueable deps ti=<TaskInstance: tiki_transform_dag.wait_for_extract manual__2025-03-09T10:05:52.335959+00:00 [queued]>
[2025-03-09T10:08:20.224+0000] {taskinstance.py:2867} INFO - Starting attempt 1 of 1
[2025-03-09T10:08:20.266+0000] {taskinstance.py:2890} INFO - Executing <Task(ExternalTaskSensor): wait_for_extract> on 2025-03-09 10:05:52.335959+00:00
[2025-03-09T10:08:20.281+0000] {warnings.py:112} WARNING - /home/***/.local/lib/python3.12/site-packages/***/task/task_runner/standard_task_runner.py:70: DeprecationWarning: This process (pid=221) is multi-threaded, use of fork() may lead to deadlocks in the child.
  pid = os.fork()

[2025-03-09T10:08:20.284+0000] {standard_task_runner.py:72} INFO - Started process 223 to run task
[2025-03-09T10:08:20.285+0000] {standard_task_runner.py:104} INFO - Running: ['***', 'tasks', 'run', 'tiki_transform_dag', 'wait_for_extract', 'manual__2025-03-09T10:05:52.335959+00:00', '--job-id', '105', '--raw', '--subdir', 'DAGS_FOLDER/tiki_transform_dag.py', '--cfg-path', '/tmp/tmpzs3dlhpw']
[2025-03-09T10:08:20.287+0000] {standard_task_runner.py:105} INFO - Job 105: Subtask wait_for_extract
[2025-03-09T10:08:20.392+0000] {task_command.py:467} INFO - Running <TaskInstance: tiki_transform_dag.wait_for_extract manual__2025-03-09T10:05:52.335959+00:00 [running]> on host 4dc18dee7126
[2025-03-09T10:08:20.565+0000] {taskinstance.py:3134} INFO - Exporting env vars: AIRFLOW_CTX_DAG_OWNER='***' AIRFLOW_CTX_DAG_ID='tiki_transform_dag' AIRFLOW_CTX_TASK_ID='wait_for_extract' AIRFLOW_CTX_EXECUTION_DATE='2025-03-09T10:05:52.335959+00:00' AIRFLOW_CTX_TRY_NUMBER='1' AIRFLOW_CTX_DAG_RUN_ID='manual__2025-03-09T10:05:52.335959+00:00'
[2025-03-09T10:08:20.568+0000] {logging_mixin.py:190} INFO - Task instance is in running state
[2025-03-09T10:08:20.569+0000] {logging_mixin.py:190} INFO -  Previous state of the Task instance: queued
[2025-03-09T10:08:20.570+0000] {logging_mixin.py:190} INFO - Current task name:wait_for_extract state:running start_date:2025-03-09 10:08:20.203096+00:00
[2025-03-09T10:08:20.571+0000] {logging_mixin.py:190} INFO - Dag name:tiki_transform_dag and current dag run status:running
[2025-03-09T10:08:20.572+0000] {taskinstance.py:732} INFO - ::endgroup::
[2025-03-09T10:08:20.574+0000] {baseoperator.py:423} WARNING - ExternalTaskSensor.execute cannot be called outside TaskInstance!
[2025-03-09T10:08:20.592+0000] {external_task.py:258} INFO - Poking for tasks ['extract_data'] in dag tiki_extract_dag on 2025-03-09T10:05:52.335959+00:00 ... 
[2025-03-09T10:08:20.593+0000] {warnings.py:112} WARNING - /home/***/.local/lib/python3.12/site-packages/***/utils/session.py:97: DeprecationWarning: This method is deprecated and will be removed in future.
  return func(*args, session=session, **kwargs)

[2025-03-09T10:08:20.665+0000] {taskinstance.py:310} INFO - Rescheduling task, marking task as UP_FOR_RESCHEDULE
[2025-03-09T10:08:20.666+0000] {taskinstance.py:341} INFO - ::group::Post task execution logs
[2025-03-09T10:08:20.704+0000] {local_task_job_runner.py:266} INFO - Task exited with return code 0
[2025-03-09T10:08:20.762+0000] {taskinstance.py:3901} INFO - 0 downstream tasks scheduled from follow-on schedule check
[2025-03-09T10:08:20.766+0000] {local_task_job_runner.py:245} INFO - ::endgroup::
[2025-03-09T10:08:54.879+0000] {local_task_job_runner.py:123} INFO - ::group::Pre task execution logs
[2025-03-09T10:08:54.923+0000] {taskinstance.py:2614} INFO - Dependencies all met for dep_context=non-requeueable deps ti=<TaskInstance: tiki_transform_dag.wait_for_extract manual__2025-03-09T10:05:52.335959+00:00 [queued]>
[2025-03-09T10:08:54.944+0000] {taskinstance.py:2614} INFO - Dependencies all met for dep_context=requeueable deps ti=<TaskInstance: tiki_transform_dag.wait_for_extract manual__2025-03-09T10:05:52.335959+00:00 [queued]>
[2025-03-09T10:08:54.945+0000] {taskinstance.py:2867} INFO - Starting attempt 1 of 1
[2025-03-09T10:08:54.977+0000] {taskinstance.py:2890} INFO - Executing <Task(ExternalTaskSensor): wait_for_extract> on 2025-03-09 10:05:52.335959+00:00
[2025-03-09T10:08:54.991+0000] {warnings.py:112} WARNING - /home/***/.local/lib/python3.12/site-packages/***/task/task_runner/standard_task_runner.py:70: DeprecationWarning: This process (pid=232) is multi-threaded, use of fork() may lead to deadlocks in the child.
  pid = os.fork()

[2025-03-09T10:08:54.994+0000] {standard_task_runner.py:72} INFO - Started process 234 to run task
[2025-03-09T10:08:54.996+0000] {standard_task_runner.py:104} INFO - Running: ['***', 'tasks', 'run', 'tiki_transform_dag', 'wait_for_extract', 'manual__2025-03-09T10:05:52.335959+00:00', '--job-id', '106', '--raw', '--subdir', 'DAGS_FOLDER/tiki_transform_dag.py', '--cfg-path', '/tmp/tmptrxsvlvf']
[2025-03-09T10:08:54.999+0000] {standard_task_runner.py:105} INFO - Job 106: Subtask wait_for_extract
[2025-03-09T10:08:55.093+0000] {task_command.py:467} INFO - Running <TaskInstance: tiki_transform_dag.wait_for_extract manual__2025-03-09T10:05:52.335959+00:00 [running]> on host 4dc18dee7126
[2025-03-09T10:08:55.266+0000] {taskinstance.py:3134} INFO - Exporting env vars: AIRFLOW_CTX_DAG_OWNER='***' AIRFLOW_CTX_DAG_ID='tiki_transform_dag' AIRFLOW_CTX_TASK_ID='wait_for_extract' AIRFLOW_CTX_EXECUTION_DATE='2025-03-09T10:05:52.335959+00:00' AIRFLOW_CTX_TRY_NUMBER='1' AIRFLOW_CTX_DAG_RUN_ID='manual__2025-03-09T10:05:52.335959+00:00'
[2025-03-09T10:08:55.269+0000] {logging_mixin.py:190} INFO - Task instance is in running state
[2025-03-09T10:08:55.270+0000] {logging_mixin.py:190} INFO -  Previous state of the Task instance: queued
[2025-03-09T10:08:55.271+0000] {logging_mixin.py:190} INFO - Current task name:wait_for_extract state:running start_date:2025-03-09 10:08:54.925234+00:00
[2025-03-09T10:08:55.272+0000] {logging_mixin.py:190} INFO - Dag name:tiki_transform_dag and current dag run status:running
[2025-03-09T10:08:55.273+0000] {taskinstance.py:732} INFO - ::endgroup::
[2025-03-09T10:08:55.274+0000] {baseoperator.py:423} WARNING - ExternalTaskSensor.execute cannot be called outside TaskInstance!
[2025-03-09T10:08:55.291+0000] {external_task.py:258} INFO - Poking for tasks ['extract_data'] in dag tiki_extract_dag on 2025-03-09T10:05:52.335959+00:00 ... 
[2025-03-09T10:08:55.293+0000] {warnings.py:112} WARNING - /home/***/.local/lib/python3.12/site-packages/***/utils/session.py:97: DeprecationWarning: This method is deprecated and will be removed in future.
  return func(*args, session=session, **kwargs)

[2025-03-09T10:08:55.363+0000] {taskinstance.py:310} INFO - Rescheduling task, marking task as UP_FOR_RESCHEDULE
[2025-03-09T10:08:55.365+0000] {taskinstance.py:341} INFO - ::group::Post task execution logs
[2025-03-09T10:08:55.413+0000] {local_task_job_runner.py:266} INFO - Task exited with return code 0
[2025-03-09T10:08:55.471+0000] {taskinstance.py:3901} INFO - 0 downstream tasks scheduled from follow-on schedule check
[2025-03-09T10:08:55.475+0000] {local_task_job_runner.py:245} INFO - ::endgroup::
[2025-03-09T10:09:29.708+0000] {local_task_job_runner.py:123} INFO - ::group::Pre task execution logs
[2025-03-09T10:09:29.748+0000] {taskinstance.py:2614} INFO - Dependencies all met for dep_context=non-requeueable deps ti=<TaskInstance: tiki_transform_dag.wait_for_extract manual__2025-03-09T10:05:52.335959+00:00 [queued]>
[2025-03-09T10:09:29.770+0000] {taskinstance.py:2614} INFO - Dependencies all met for dep_context=requeueable deps ti=<TaskInstance: tiki_transform_dag.wait_for_extract manual__2025-03-09T10:05:52.335959+00:00 [queued]>
[2025-03-09T10:09:29.772+0000] {taskinstance.py:2867} INFO - Starting attempt 1 of 1
[2025-03-09T10:09:29.807+0000] {taskinstance.py:2890} INFO - Executing <Task(ExternalTaskSensor): wait_for_extract> on 2025-03-09 10:05:52.335959+00:00
[2025-03-09T10:09:29.822+0000] {warnings.py:112} WARNING - /home/***/.local/lib/python3.12/site-packages/***/task/task_runner/standard_task_runner.py:70: DeprecationWarning: This process (pid=243) is multi-threaded, use of fork() may lead to deadlocks in the child.
  pid = os.fork()

[2025-03-09T10:09:29.826+0000] {standard_task_runner.py:72} INFO - Started process 245 to run task
[2025-03-09T10:09:29.827+0000] {standard_task_runner.py:104} INFO - Running: ['***', 'tasks', 'run', 'tiki_transform_dag', 'wait_for_extract', 'manual__2025-03-09T10:05:52.335959+00:00', '--job-id', '107', '--raw', '--subdir', 'DAGS_FOLDER/tiki_transform_dag.py', '--cfg-path', '/tmp/tmp0jk3f25p']
[2025-03-09T10:09:29.830+0000] {standard_task_runner.py:105} INFO - Job 107: Subtask wait_for_extract
[2025-03-09T10:09:29.937+0000] {task_command.py:467} INFO - Running <TaskInstance: tiki_transform_dag.wait_for_extract manual__2025-03-09T10:05:52.335959+00:00 [running]> on host 4dc18dee7126
[2025-03-09T10:09:30.121+0000] {taskinstance.py:3134} INFO - Exporting env vars: AIRFLOW_CTX_DAG_OWNER='***' AIRFLOW_CTX_DAG_ID='tiki_transform_dag' AIRFLOW_CTX_TASK_ID='wait_for_extract' AIRFLOW_CTX_EXECUTION_DATE='2025-03-09T10:05:52.335959+00:00' AIRFLOW_CTX_TRY_NUMBER='1' AIRFLOW_CTX_DAG_RUN_ID='manual__2025-03-09T10:05:52.335959+00:00'
[2025-03-09T10:09:30.125+0000] {logging_mixin.py:190} INFO - Task instance is in running state
[2025-03-09T10:09:30.126+0000] {logging_mixin.py:190} INFO -  Previous state of the Task instance: queued
[2025-03-09T10:09:30.127+0000] {logging_mixin.py:190} INFO - Current task name:wait_for_extract state:running start_date:2025-03-09 10:09:29.749717+00:00
[2025-03-09T10:09:30.128+0000] {logging_mixin.py:190} INFO - Dag name:tiki_transform_dag and current dag run status:running
[2025-03-09T10:09:30.129+0000] {taskinstance.py:732} INFO - ::endgroup::
[2025-03-09T10:09:30.130+0000] {baseoperator.py:423} WARNING - ExternalTaskSensor.execute cannot be called outside TaskInstance!
[2025-03-09T10:09:30.151+0000] {external_task.py:258} INFO - Poking for tasks ['extract_data'] in dag tiki_extract_dag on 2025-03-09T10:05:52.335959+00:00 ... 
[2025-03-09T10:09:30.153+0000] {warnings.py:112} WARNING - /home/***/.local/lib/python3.12/site-packages/***/utils/session.py:97: DeprecationWarning: This method is deprecated and will be removed in future.
  return func(*args, session=session, **kwargs)

[2025-03-09T10:09:30.228+0000] {taskinstance.py:310} INFO - Rescheduling task, marking task as UP_FOR_RESCHEDULE
[2025-03-09T10:09:30.230+0000] {taskinstance.py:341} INFO - ::group::Post task execution logs
[2025-03-09T10:09:30.286+0000] {local_task_job_runner.py:266} INFO - Task exited with return code 0
[2025-03-09T10:09:30.349+0000] {taskinstance.py:3901} INFO - 0 downstream tasks scheduled from follow-on schedule check
[2025-03-09T10:09:30.356+0000] {local_task_job_runner.py:245} INFO - ::endgroup::
[2025-03-09T10:10:03.946+0000] {local_task_job_runner.py:123} INFO - ::group::Pre task execution logs
[2025-03-09T10:10:03.980+0000] {taskinstance.py:2614} INFO - Dependencies all met for dep_context=non-requeueable deps ti=<TaskInstance: tiki_transform_dag.wait_for_extract manual__2025-03-09T10:05:52.335959+00:00 [queued]>
[2025-03-09T10:10:03.997+0000] {taskinstance.py:2614} INFO - Dependencies all met for dep_context=requeueable deps ti=<TaskInstance: tiki_transform_dag.wait_for_extract manual__2025-03-09T10:05:52.335959+00:00 [queued]>
[2025-03-09T10:10:03.998+0000] {taskinstance.py:2867} INFO - Starting attempt 1 of 1
[2025-03-09T10:10:04.027+0000] {taskinstance.py:2890} INFO - Executing <Task(ExternalTaskSensor): wait_for_extract> on 2025-03-09 10:05:52.335959+00:00
[2025-03-09T10:10:04.042+0000] {warnings.py:112} WARNING - /home/***/.local/lib/python3.12/site-packages/***/task/task_runner/standard_task_runner.py:70: DeprecationWarning: This process (pid=254) is multi-threaded, use of fork() may lead to deadlocks in the child.
  pid = os.fork()

[2025-03-09T10:10:04.046+0000] {standard_task_runner.py:72} INFO - Started process 256 to run task
[2025-03-09T10:10:04.046+0000] {standard_task_runner.py:104} INFO - Running: ['***', 'tasks', 'run', 'tiki_transform_dag', 'wait_for_extract', 'manual__2025-03-09T10:05:52.335959+00:00', '--job-id', '108', '--raw', '--subdir', 'DAGS_FOLDER/tiki_transform_dag.py', '--cfg-path', '/tmp/tmpmrs9q4m6']
[2025-03-09T10:10:04.049+0000] {standard_task_runner.py:105} INFO - Job 108: Subtask wait_for_extract
[2025-03-09T10:10:04.136+0000] {task_command.py:467} INFO - Running <TaskInstance: tiki_transform_dag.wait_for_extract manual__2025-03-09T10:05:52.335959+00:00 [running]> on host 4dc18dee7126
[2025-03-09T10:10:04.283+0000] {taskinstance.py:3134} INFO - Exporting env vars: AIRFLOW_CTX_DAG_OWNER='***' AIRFLOW_CTX_DAG_ID='tiki_transform_dag' AIRFLOW_CTX_TASK_ID='wait_for_extract' AIRFLOW_CTX_EXECUTION_DATE='2025-03-09T10:05:52.335959+00:00' AIRFLOW_CTX_TRY_NUMBER='1' AIRFLOW_CTX_DAG_RUN_ID='manual__2025-03-09T10:05:52.335959+00:00'
[2025-03-09T10:10:04.286+0000] {logging_mixin.py:190} INFO - Task instance is in running state
[2025-03-09T10:10:04.286+0000] {logging_mixin.py:190} INFO -  Previous state of the Task instance: queued
[2025-03-09T10:10:04.288+0000] {logging_mixin.py:190} INFO - Current task name:wait_for_extract state:running start_date:2025-03-09 10:10:03.981381+00:00
[2025-03-09T10:10:04.289+0000] {logging_mixin.py:190} INFO - Dag name:tiki_transform_dag and current dag run status:running
[2025-03-09T10:10:04.289+0000] {taskinstance.py:732} INFO - ::endgroup::
[2025-03-09T10:10:04.291+0000] {baseoperator.py:423} WARNING - ExternalTaskSensor.execute cannot be called outside TaskInstance!
[2025-03-09T10:10:04.310+0000] {external_task.py:258} INFO - Poking for tasks ['extract_data'] in dag tiki_extract_dag on 2025-03-09T10:05:52.335959+00:00 ... 
[2025-03-09T10:10:04.311+0000] {warnings.py:112} WARNING - /home/***/.local/lib/python3.12/site-packages/***/utils/session.py:97: DeprecationWarning: This method is deprecated and will be removed in future.
  return func(*args, session=session, **kwargs)

[2025-03-09T10:10:04.374+0000] {taskinstance.py:310} INFO - Rescheduling task, marking task as UP_FOR_RESCHEDULE
[2025-03-09T10:10:04.376+0000] {taskinstance.py:341} INFO - ::group::Post task execution logs
[2025-03-09T10:10:04.425+0000] {local_task_job_runner.py:266} INFO - Task exited with return code 0
[2025-03-09T10:10:04.472+0000] {taskinstance.py:3901} INFO - 0 downstream tasks scheduled from follow-on schedule check
[2025-03-09T10:10:04.476+0000] {local_task_job_runner.py:245} INFO - ::endgroup::
[2025-03-09T10:10:39.094+0000] {local_task_job_runner.py:123} INFO - ::group::Pre task execution logs
[2025-03-09T10:10:39.198+0000] {taskinstance.py:2614} INFO - Dependencies all met for dep_context=non-requeueable deps ti=<TaskInstance: tiki_transform_dag.wait_for_extract manual__2025-03-09T10:05:52.335959+00:00 [queued]>
[2025-03-09T10:10:39.263+0000] {taskinstance.py:2614} INFO - Dependencies all met for dep_context=requeueable deps ti=<TaskInstance: tiki_transform_dag.wait_for_extract manual__2025-03-09T10:05:52.335959+00:00 [queued]>
[2025-03-09T10:10:39.264+0000] {taskinstance.py:2867} INFO - Starting attempt 1 of 1
[2025-03-09T10:10:39.320+0000] {taskinstance.py:2890} INFO - Executing <Task(ExternalTaskSensor): wait_for_extract> on 2025-03-09 10:05:52.335959+00:00
[2025-03-09T10:10:39.344+0000] {warnings.py:112} WARNING - /home/***/.local/lib/python3.12/site-packages/***/task/task_runner/standard_task_runner.py:70: DeprecationWarning: This process (pid=265) is multi-threaded, use of fork() may lead to deadlocks in the child.
  pid = os.fork()

[2025-03-09T10:10:39.349+0000] {standard_task_runner.py:72} INFO - Started process 267 to run task
[2025-03-09T10:10:39.349+0000] {standard_task_runner.py:104} INFO - Running: ['***', 'tasks', 'run', 'tiki_transform_dag', 'wait_for_extract', 'manual__2025-03-09T10:05:52.335959+00:00', '--job-id', '109', '--raw', '--subdir', 'DAGS_FOLDER/tiki_transform_dag.py', '--cfg-path', '/tmp/tmp3vip6grc']
[2025-03-09T10:10:39.353+0000] {standard_task_runner.py:105} INFO - Job 109: Subtask wait_for_extract
[2025-03-09T10:10:39.571+0000] {task_command.py:467} INFO - Running <TaskInstance: tiki_transform_dag.wait_for_extract manual__2025-03-09T10:05:52.335959+00:00 [running]> on host 4dc18dee7126
[2025-03-09T10:10:39.788+0000] {taskinstance.py:3134} INFO - Exporting env vars: AIRFLOW_CTX_DAG_OWNER='***' AIRFLOW_CTX_DAG_ID='tiki_transform_dag' AIRFLOW_CTX_TASK_ID='wait_for_extract' AIRFLOW_CTX_EXECUTION_DATE='2025-03-09T10:05:52.335959+00:00' AIRFLOW_CTX_TRY_NUMBER='1' AIRFLOW_CTX_DAG_RUN_ID='manual__2025-03-09T10:05:52.335959+00:00'
[2025-03-09T10:10:39.791+0000] {logging_mixin.py:190} INFO - Task instance is in running state
[2025-03-09T10:10:39.792+0000] {logging_mixin.py:190} INFO -  Previous state of the Task instance: queued
[2025-03-09T10:10:39.792+0000] {logging_mixin.py:190} INFO - Current task name:wait_for_extract state:running start_date:2025-03-09 10:10:39.207142+00:00
[2025-03-09T10:10:39.793+0000] {logging_mixin.py:190} INFO - Dag name:tiki_transform_dag and current dag run status:running
[2025-03-09T10:10:39.794+0000] {taskinstance.py:732} INFO - ::endgroup::
[2025-03-09T10:10:39.795+0000] {baseoperator.py:423} WARNING - ExternalTaskSensor.execute cannot be called outside TaskInstance!
[2025-03-09T10:10:39.814+0000] {external_task.py:258} INFO - Poking for tasks ['extract_data'] in dag tiki_extract_dag on 2025-03-09T10:05:52.335959+00:00 ... 
[2025-03-09T10:10:39.816+0000] {warnings.py:112} WARNING - /home/***/.local/lib/python3.12/site-packages/***/utils/session.py:97: DeprecationWarning: This method is deprecated and will be removed in future.
  return func(*args, session=session, **kwargs)

[2025-03-09T10:10:39.882+0000] {taskinstance.py:310} INFO - Rescheduling task, marking task as UP_FOR_RESCHEDULE
[2025-03-09T10:10:39.883+0000] {taskinstance.py:341} INFO - ::group::Post task execution logs
[2025-03-09T10:10:39.931+0000] {local_task_job_runner.py:266} INFO - Task exited with return code 0
[2025-03-09T10:10:39.984+0000] {taskinstance.py:3901} INFO - 0 downstream tasks scheduled from follow-on schedule check
[2025-03-09T10:10:39.988+0000] {local_task_job_runner.py:245} INFO - ::endgroup::
[2025-03-09T10:11:14.190+0000] {local_task_job_runner.py:123} INFO - ::group::Pre task execution logs
[2025-03-09T10:11:14.230+0000] {taskinstance.py:2614} INFO - Dependencies all met for dep_context=non-requeueable deps ti=<TaskInstance: tiki_transform_dag.wait_for_extract manual__2025-03-09T10:05:52.335959+00:00 [queued]>
[2025-03-09T10:11:14.259+0000] {taskinstance.py:2614} INFO - Dependencies all met for dep_context=requeueable deps ti=<TaskInstance: tiki_transform_dag.wait_for_extract manual__2025-03-09T10:05:52.335959+00:00 [queued]>
[2025-03-09T10:11:14.261+0000] {taskinstance.py:2867} INFO - Starting attempt 1 of 1
[2025-03-09T10:11:14.288+0000] {taskinstance.py:2890} INFO - Executing <Task(ExternalTaskSensor): wait_for_extract> on 2025-03-09 10:05:52.335959+00:00
[2025-03-09T10:11:14.304+0000] {warnings.py:112} WARNING - /home/***/.local/lib/python3.12/site-packages/***/task/task_runner/standard_task_runner.py:70: DeprecationWarning: This process (pid=276) is multi-threaded, use of fork() may lead to deadlocks in the child.
  pid = os.fork()

[2025-03-09T10:11:14.308+0000] {standard_task_runner.py:72} INFO - Started process 278 to run task
[2025-03-09T10:11:14.308+0000] {standard_task_runner.py:104} INFO - Running: ['***', 'tasks', 'run', 'tiki_transform_dag', 'wait_for_extract', 'manual__2025-03-09T10:05:52.335959+00:00', '--job-id', '110', '--raw', '--subdir', 'DAGS_FOLDER/tiki_transform_dag.py', '--cfg-path', '/tmp/tmpj3vs0vdf']
[2025-03-09T10:11:14.311+0000] {standard_task_runner.py:105} INFO - Job 110: Subtask wait_for_extract
[2025-03-09T10:11:14.417+0000] {task_command.py:467} INFO - Running <TaskInstance: tiki_transform_dag.wait_for_extract manual__2025-03-09T10:05:52.335959+00:00 [running]> on host 4dc18dee7126
[2025-03-09T10:11:14.622+0000] {taskinstance.py:3134} INFO - Exporting env vars: AIRFLOW_CTX_DAG_OWNER='***' AIRFLOW_CTX_DAG_ID='tiki_transform_dag' AIRFLOW_CTX_TASK_ID='wait_for_extract' AIRFLOW_CTX_EXECUTION_DATE='2025-03-09T10:05:52.335959+00:00' AIRFLOW_CTX_TRY_NUMBER='1' AIRFLOW_CTX_DAG_RUN_ID='manual__2025-03-09T10:05:52.335959+00:00'
[2025-03-09T10:11:14.625+0000] {logging_mixin.py:190} INFO - Task instance is in running state
[2025-03-09T10:11:14.626+0000] {logging_mixin.py:190} INFO -  Previous state of the Task instance: queued
[2025-03-09T10:11:14.627+0000] {logging_mixin.py:190} INFO - Current task name:wait_for_extract state:running start_date:2025-03-09 10:11:14.231218+00:00
[2025-03-09T10:11:14.629+0000] {logging_mixin.py:190} INFO - Dag name:tiki_transform_dag and current dag run status:running
[2025-03-09T10:11:14.630+0000] {taskinstance.py:732} INFO - ::endgroup::
[2025-03-09T10:11:14.631+0000] {baseoperator.py:423} WARNING - ExternalTaskSensor.execute cannot be called outside TaskInstance!
[2025-03-09T10:11:14.655+0000] {external_task.py:258} INFO - Poking for tasks ['extract_data'] in dag tiki_extract_dag on 2025-03-09T10:05:52.335959+00:00 ... 
[2025-03-09T10:11:14.657+0000] {warnings.py:112} WARNING - /home/***/.local/lib/python3.12/site-packages/***/utils/session.py:97: DeprecationWarning: This method is deprecated and will be removed in future.
  return func(*args, session=session, **kwargs)

[2025-03-09T10:11:15.139+0000] {taskinstance.py:310} INFO - Rescheduling task, marking task as UP_FOR_RESCHEDULE
[2025-03-09T10:11:15.140+0000] {taskinstance.py:341} INFO - ::group::Post task execution logs
[2025-03-09T10:11:15.210+0000] {local_task_job_runner.py:266} INFO - Task exited with return code 0
[2025-03-09T10:11:15.259+0000] {taskinstance.py:3901} INFO - 0 downstream tasks scheduled from follow-on schedule check
[2025-03-09T10:11:15.264+0000] {local_task_job_runner.py:245} INFO - ::endgroup::
[2025-03-09T10:11:49.524+0000] {local_task_job_runner.py:123} INFO - ::group::Pre task execution logs
[2025-03-09T10:11:49.563+0000] {taskinstance.py:2614} INFO - Dependencies all met for dep_context=non-requeueable deps ti=<TaskInstance: tiki_transform_dag.wait_for_extract manual__2025-03-09T10:05:52.335959+00:00 [queued]>
[2025-03-09T10:11:49.581+0000] {taskinstance.py:2614} INFO - Dependencies all met for dep_context=requeueable deps ti=<TaskInstance: tiki_transform_dag.wait_for_extract manual__2025-03-09T10:05:52.335959+00:00 [queued]>
[2025-03-09T10:11:49.582+0000] {taskinstance.py:2867} INFO - Starting attempt 1 of 1
[2025-03-09T10:11:49.607+0000] {taskinstance.py:2890} INFO - Executing <Task(ExternalTaskSensor): wait_for_extract> on 2025-03-09 10:05:52.335959+00:00
[2025-03-09T10:11:49.621+0000] {warnings.py:112} WARNING - /home/***/.local/lib/python3.12/site-packages/***/task/task_runner/standard_task_runner.py:70: DeprecationWarning: This process (pid=287) is multi-threaded, use of fork() may lead to deadlocks in the child.
  pid = os.fork()

[2025-03-09T10:11:49.625+0000] {standard_task_runner.py:72} INFO - Started process 289 to run task
[2025-03-09T10:11:49.626+0000] {standard_task_runner.py:104} INFO - Running: ['***', 'tasks', 'run', 'tiki_transform_dag', 'wait_for_extract', 'manual__2025-03-09T10:05:52.335959+00:00', '--job-id', '111', '--raw', '--subdir', 'DAGS_FOLDER/tiki_transform_dag.py', '--cfg-path', '/tmp/tmpiul_zmrj']
[2025-03-09T10:11:49.629+0000] {standard_task_runner.py:105} INFO - Job 111: Subtask wait_for_extract
[2025-03-09T10:11:49.718+0000] {task_command.py:467} INFO - Running <TaskInstance: tiki_transform_dag.wait_for_extract manual__2025-03-09T10:05:52.335959+00:00 [running]> on host 4dc18dee7126
[2025-03-09T10:11:49.875+0000] {taskinstance.py:3134} INFO - Exporting env vars: AIRFLOW_CTX_DAG_OWNER='***' AIRFLOW_CTX_DAG_ID='tiki_transform_dag' AIRFLOW_CTX_TASK_ID='wait_for_extract' AIRFLOW_CTX_EXECUTION_DATE='2025-03-09T10:05:52.335959+00:00' AIRFLOW_CTX_TRY_NUMBER='1' AIRFLOW_CTX_DAG_RUN_ID='manual__2025-03-09T10:05:52.335959+00:00'
[2025-03-09T10:11:49.877+0000] {logging_mixin.py:190} INFO - Task instance is in running state
[2025-03-09T10:11:49.878+0000] {logging_mixin.py:190} INFO -  Previous state of the Task instance: queued
[2025-03-09T10:11:49.879+0000] {logging_mixin.py:190} INFO - Current task name:wait_for_extract state:running start_date:2025-03-09 10:11:49.564260+00:00
[2025-03-09T10:11:49.881+0000] {logging_mixin.py:190} INFO - Dag name:tiki_transform_dag and current dag run status:running
[2025-03-09T10:11:49.881+0000] {taskinstance.py:732} INFO - ::endgroup::
[2025-03-09T10:11:49.883+0000] {baseoperator.py:423} WARNING - ExternalTaskSensor.execute cannot be called outside TaskInstance!
[2025-03-09T10:11:49.903+0000] {external_task.py:258} INFO - Poking for tasks ['extract_data'] in dag tiki_extract_dag on 2025-03-09T10:05:52.335959+00:00 ... 
[2025-03-09T10:11:49.905+0000] {warnings.py:112} WARNING - /home/***/.local/lib/python3.12/site-packages/***/utils/session.py:97: DeprecationWarning: This method is deprecated and will be removed in future.
  return func(*args, session=session, **kwargs)

[2025-03-09T10:11:49.967+0000] {taskinstance.py:310} INFO - Rescheduling task, marking task as UP_FOR_RESCHEDULE
[2025-03-09T10:11:49.968+0000] {taskinstance.py:341} INFO - ::group::Post task execution logs
[2025-03-09T10:11:50.005+0000] {local_task_job_runner.py:266} INFO - Task exited with return code 0
[2025-03-09T10:11:50.055+0000] {taskinstance.py:3901} INFO - 0 downstream tasks scheduled from follow-on schedule check
[2025-03-09T10:11:50.059+0000] {local_task_job_runner.py:245} INFO - ::endgroup::
[2025-03-09T10:12:24.168+0000] {local_task_job_runner.py:123} INFO - ::group::Pre task execution logs
[2025-03-09T10:12:24.209+0000] {taskinstance.py:2614} INFO - Dependencies all met for dep_context=non-requeueable deps ti=<TaskInstance: tiki_transform_dag.wait_for_extract manual__2025-03-09T10:05:52.335959+00:00 [queued]>
[2025-03-09T10:12:24.234+0000] {taskinstance.py:2614} INFO - Dependencies all met for dep_context=requeueable deps ti=<TaskInstance: tiki_transform_dag.wait_for_extract manual__2025-03-09T10:05:52.335959+00:00 [queued]>
[2025-03-09T10:12:24.235+0000] {taskinstance.py:2867} INFO - Starting attempt 1 of 1
[2025-03-09T10:12:24.267+0000] {taskinstance.py:2890} INFO - Executing <Task(ExternalTaskSensor): wait_for_extract> on 2025-03-09 10:05:52.335959+00:00
[2025-03-09T10:12:24.283+0000] {warnings.py:112} WARNING - /home/***/.local/lib/python3.12/site-packages/***/task/task_runner/standard_task_runner.py:70: DeprecationWarning: This process (pid=298) is multi-threaded, use of fork() may lead to deadlocks in the child.
  pid = os.fork()

[2025-03-09T10:12:24.287+0000] {standard_task_runner.py:72} INFO - Started process 300 to run task
[2025-03-09T10:12:24.287+0000] {standard_task_runner.py:104} INFO - Running: ['***', 'tasks', 'run', 'tiki_transform_dag', 'wait_for_extract', 'manual__2025-03-09T10:05:52.335959+00:00', '--job-id', '112', '--raw', '--subdir', 'DAGS_FOLDER/tiki_transform_dag.py', '--cfg-path', '/tmp/tmprqy40xnb']
[2025-03-09T10:12:24.289+0000] {standard_task_runner.py:105} INFO - Job 112: Subtask wait_for_extract
[2025-03-09T10:12:24.403+0000] {task_command.py:467} INFO - Running <TaskInstance: tiki_transform_dag.wait_for_extract manual__2025-03-09T10:05:52.335959+00:00 [running]> on host 4dc18dee7126
[2025-03-09T10:12:24.583+0000] {taskinstance.py:3134} INFO - Exporting env vars: AIRFLOW_CTX_DAG_OWNER='***' AIRFLOW_CTX_DAG_ID='tiki_transform_dag' AIRFLOW_CTX_TASK_ID='wait_for_extract' AIRFLOW_CTX_EXECUTION_DATE='2025-03-09T10:05:52.335959+00:00' AIRFLOW_CTX_TRY_NUMBER='1' AIRFLOW_CTX_DAG_RUN_ID='manual__2025-03-09T10:05:52.335959+00:00'
[2025-03-09T10:12:24.586+0000] {logging_mixin.py:190} INFO - Task instance is in running state
[2025-03-09T10:12:24.587+0000] {logging_mixin.py:190} INFO -  Previous state of the Task instance: queued
[2025-03-09T10:12:24.589+0000] {logging_mixin.py:190} INFO - Current task name:wait_for_extract state:running start_date:2025-03-09 10:12:24.210944+00:00
[2025-03-09T10:12:24.590+0000] {logging_mixin.py:190} INFO - Dag name:tiki_transform_dag and current dag run status:running
[2025-03-09T10:12:24.590+0000] {taskinstance.py:732} INFO - ::endgroup::
[2025-03-09T10:12:24.592+0000] {baseoperator.py:423} WARNING - ExternalTaskSensor.execute cannot be called outside TaskInstance!
[2025-03-09T10:12:24.611+0000] {external_task.py:258} INFO - Poking for tasks ['extract_data'] in dag tiki_extract_dag on 2025-03-09T10:05:52.335959+00:00 ... 
[2025-03-09T10:12:24.613+0000] {warnings.py:112} WARNING - /home/***/.local/lib/python3.12/site-packages/***/utils/session.py:97: DeprecationWarning: This method is deprecated and will be removed in future.
  return func(*args, session=session, **kwargs)

[2025-03-09T10:12:24.685+0000] {taskinstance.py:310} INFO - Rescheduling task, marking task as UP_FOR_RESCHEDULE
[2025-03-09T10:12:24.687+0000] {taskinstance.py:341} INFO - ::group::Post task execution logs
[2025-03-09T10:12:24.708+0000] {local_task_job_runner.py:266} INFO - Task exited with return code 0
[2025-03-09T10:12:24.760+0000] {taskinstance.py:3901} INFO - 0 downstream tasks scheduled from follow-on schedule check
[2025-03-09T10:12:24.765+0000] {local_task_job_runner.py:245} INFO - ::endgroup::
