[2025-03-10T10:38:57.683+0000] {local_task_job_runner.py:123} INFO - ::group::Pre task execution logs
[2025-03-10T10:38:57.896+0000] {taskinstance.py:2614} INFO - Dependencies all met for dep_context=non-requeueable deps ti=<TaskInstance: tiki_extract_dag.crawl_thoi-trang-nam manual__2025-03-10T10:33:29.927545+00:00 [queued]>
[2025-03-10T10:39:02.845+0000] {taskinstance.py:2614} INFO - Dependencies all met for dep_context=requeueable deps ti=<TaskInstance: tiki_extract_dag.crawl_thoi-trang-nam manual__2025-03-10T10:33:29.927545+00:00 [queued]>
[2025-03-10T10:39:02.998+0000] {taskinstance.py:2867} INFO - Starting attempt 1 of 4
[2025-03-10T10:39:03.321+0000] {taskinstance.py:2890} INFO - Executing <Task(PythonOperator): crawl_thoi-trang-nam> on 2025-03-10 10:33:29.927545+00:00
[2025-03-10T10:39:03.440+0000] {warnings.py:112} WARNING - /home/***/.local/lib/python3.12/site-packages/***/task/task_runner/standard_task_runner.py:70: DeprecationWarning: This process (pid=188) is multi-threaded, use of fork() may lead to deadlocks in the child.
  pid = os.fork()

[2025-03-10T10:39:03.455+0000] {standard_task_runner.py:72} INFO - Started process 233 to run task
[2025-03-10T10:39:03.550+0000] {standard_task_runner.py:104} INFO - Running: ['***', 'tasks', 'run', 'tiki_extract_dag', 'crawl_thoi-trang-nam', 'manual__2025-03-10T10:33:29.927545+00:00', '--job-id', '469', '--raw', '--subdir', 'DAGS_FOLDER/tiki_extract_dag.py', '--cfg-path', '/tmp/tmpeqwozzdr']
[2025-03-10T10:39:03.559+0000] {standard_task_runner.py:105} INFO - Job 469: Subtask crawl_thoi-trang-nam
[2025-03-10T10:39:04.279+0000] {task_command.py:467} INFO - Running <TaskInstance: tiki_extract_dag.crawl_thoi-trang-nam manual__2025-03-10T10:33:29.927545+00:00 [running]> on host 0c9fb3f19112
[2025-03-10T10:39:09.178+0000] {job.py:229} INFO - Heartbeat recovered after 13.45 seconds
[2025-03-10T10:39:09.642+0000] {taskinstance.py:3134} INFO - Exporting env vars: AIRFLOW_CTX_DAG_OWNER='***' AIRFLOW_CTX_DAG_ID='tiki_extract_dag' AIRFLOW_CTX_TASK_ID='crawl_thoi-trang-nam' AIRFLOW_CTX_EXECUTION_DATE='2025-03-10T10:33:29.927545+00:00' AIRFLOW_CTX_TRY_NUMBER='1' AIRFLOW_CTX_DAG_RUN_ID='manual__2025-03-10T10:33:29.927545+00:00'
[2025-03-10T10:39:09.644+0000] {logging_mixin.py:190} INFO - Task instance is in running state
[2025-03-10T10:39:09.653+0000] {logging_mixin.py:190} INFO -  Previous state of the Task instance: queued
[2025-03-10T10:39:09.655+0000] {logging_mixin.py:190} INFO - Current task name:crawl_thoi-trang-nam state:running start_date:2025-03-10 10:38:57.903929+00:00
[2025-03-10T10:39:09.656+0000] {logging_mixin.py:190} INFO - Dag name:tiki_extract_dag and current dag run status:running
[2025-03-10T10:39:09.657+0000] {taskinstance.py:732} INFO - ::endgroup::
[2025-03-10T10:39:11.473+0000] {tiki_extract_dag.py:132} INFO - Starting crawl for category thoi-trang-nam (ID: 915)
[2025-03-10T10:39:11.493+0000] {tiki_extract_dag.py:134} INFO - Calling API: https://tiki.vn/api/v2/products with params: {'page': 1, 'limit': 40, 'category': '915'}
[2025-03-10T10:39:12.192+0000] {tiki_extract_dag.py:143} INFO - Total pages for thoi-trang-nam: 50 (limited to 50)
[2025-03-10T10:39:35.597+0000] {connectionpool.py:868} WARNING - Retrying (Retry(total=3, connect=5, read=4, redirect=None, status=None)) after connection broken by 'ReadTimeoutError("HTTPSConnectionPool(host='tiki.vn', port=443): Read timed out. (read timeout=15)")': /api/v2/products/193504415
[2025-03-10T10:39:36.803+0000] {job.py:229} INFO - Heartbeat recovered after 21.72 seconds
[2025-03-10T10:39:43.346+0000] {tiki_extract_dag.py:119} ERROR - Error fetching details for product 172210350: Expecting value: line 1 column 1 (char 0)
[2025-03-10T10:39:43.495+0000] {tiki_extract_dag.py:119} ERROR - Error fetching details for product 163149118: Expecting value: line 1 column 1 (char 0)
[2025-03-10T10:39:43.643+0000] {tiki_extract_dag.py:119} ERROR - Error fetching details for product 162033134: Expecting value: line 1 column 1 (char 0)
[2025-03-10T10:39:43.795+0000] {tiki_extract_dag.py:119} ERROR - Error fetching details for product 154298071: Expecting value: line 1 column 1 (char 0)
[2025-03-10T10:39:43.965+0000] {tiki_extract_dag.py:119} ERROR - Error fetching details for product 145680551: Expecting value: line 1 column 1 (char 0)
[2025-03-10T10:39:44.114+0000] {tiki_extract_dag.py:119} ERROR - Error fetching details for product 133821238: Expecting value: line 1 column 1 (char 0)
[2025-03-10T10:39:44.260+0000] {tiki_extract_dag.py:119} ERROR - Error fetching details for product 126700166: Expecting value: line 1 column 1 (char 0)
[2025-03-10T10:39:44.411+0000] {tiki_extract_dag.py:119} ERROR - Error fetching details for product 126146318: Expecting value: line 1 column 1 (char 0)
[2025-03-10T10:39:44.567+0000] {tiki_extract_dag.py:119} ERROR - Error fetching details for product 124635780: Expecting value: line 1 column 1 (char 0)
[2025-03-10T10:40:01.514+0000] {connectionpool.py:868} WARNING - Retrying (Retry(total=4, connect=5, read=4, redirect=None, status=None)) after connection broken by 'ReadTimeoutError("HTTPSConnectionPool(host='maintenance.tiki.vn', port=443): Read timed out. (read timeout=15)")': /
[2025-03-10T10:40:04.188+0000] {job.py:229} INFO - Heartbeat recovered after 21.88 seconds
[2025-03-10T10:40:04.750+0000] {tiki_extract_dag.py:119} ERROR - Error fetching details for product 111972654: Expecting value: line 1 column 1 (char 0)
[2025-03-10T10:40:04.912+0000] {tiki_extract_dag.py:119} ERROR - Error fetching details for product 109403033: Expecting value: line 1 column 1 (char 0)
[2025-03-10T10:40:05.079+0000] {tiki_extract_dag.py:119} ERROR - Error fetching details for product 107186342: Expecting value: line 1 column 1 (char 0)
[2025-03-10T10:40:05.239+0000] {tiki_extract_dag.py:119} ERROR - Error fetching details for product 104312787: Expecting value: line 1 column 1 (char 0)
[2025-03-10T10:40:05.396+0000] {tiki_extract_dag.py:119} ERROR - Error fetching details for product 104080625: Expecting value: line 1 column 1 (char 0)
[2025-03-10T10:40:05.557+0000] {tiki_extract_dag.py:119} ERROR - Error fetching details for product 103076103: Expecting value: line 1 column 1 (char 0)
[2025-03-10T10:40:05.732+0000] {tiki_extract_dag.py:119} ERROR - Error fetching details for product 99968881: Expecting value: line 1 column 1 (char 0)
[2025-03-10T10:40:05.873+0000] {tiki_extract_dag.py:119} ERROR - Error fetching details for product 99958075: Expecting value: line 1 column 1 (char 0)
[2025-03-10T10:40:06.020+0000] {tiki_extract_dag.py:119} ERROR - Error fetching details for product 95052893: Expecting value: line 1 column 1 (char 0)
[2025-03-10T10:40:06.164+0000] {tiki_extract_dag.py:119} ERROR - Error fetching details for product 88011606: Expecting value: line 1 column 1 (char 0)
[2025-03-10T10:40:06.313+0000] {tiki_extract_dag.py:119} ERROR - Error fetching details for product 87981660: Expecting value: line 1 column 1 (char 0)
[2025-03-10T10:40:06.472+0000] {tiki_extract_dag.py:119} ERROR - Error fetching details for product 79435123: Expecting value: line 1 column 1 (char 0)
[2025-03-10T10:40:06.646+0000] {tiki_extract_dag.py:119} ERROR - Error fetching details for product 76537581: Expecting value: line 1 column 1 (char 0)
[2025-03-10T10:40:06.799+0000] {tiki_extract_dag.py:119} ERROR - Error fetching details for product 75329276: Expecting value: line 1 column 1 (char 0)
[2025-03-10T10:40:06.950+0000] {tiki_extract_dag.py:119} ERROR - Error fetching details for product 68573034: Expecting value: line 1 column 1 (char 0)
[2025-03-10T10:40:07.091+0000] {tiki_extract_dag.py:119} ERROR - Error fetching details for product 56614642: Expecting value: line 1 column 1 (char 0)
[2025-03-10T10:40:07.240+0000] {tiki_extract_dag.py:119} ERROR - Error fetching details for product 52189164: Expecting value: line 1 column 1 (char 0)
[2025-03-10T10:40:07.396+0000] {tiki_extract_dag.py:119} ERROR - Error fetching details for product 52184516: Expecting value: line 1 column 1 (char 0)
[2025-03-10T10:40:07.581+0000] {tiki_extract_dag.py:119} ERROR - Error fetching details for product 35087712: Expecting value: line 1 column 1 (char 0)
[2025-03-10T10:40:07.750+0000] {tiki_extract_dag.py:119} ERROR - Error fetching details for product 31638135: Expecting value: line 1 column 1 (char 0)
[2025-03-10T10:40:07.900+0000] {tiki_extract_dag.py:119} ERROR - Error fetching details for product 31637590: Expecting value: line 1 column 1 (char 0)
[2025-03-10T10:40:08.110+0000] {tiki_extract_dag.py:119} ERROR - Error fetching details for product 16712370: Expecting value: line 1 column 1 (char 0)
[2025-03-10T10:40:08.391+0000] {tiki_extract_dag.py:119} ERROR - Error fetching details for product 14694284: Expecting value: line 1 column 1 (char 0)
[2025-03-10T10:40:17.332+0000] {tiki_extract_dag.py:119} ERROR - Error fetching details for product 9730171: Expecting value: line 1 column 1 (char 0)
[2025-03-10T10:40:23.721+0000] {tiki_extract_dag.py:156} INFO - Calling API: https://tiki.vn/api/v2/products with params: {'page': 2, 'limit': 40, 'category': '915'}
[2025-03-10T10:40:29.030+0000] {job.py:229} INFO - Heartbeat recovered after 24.86 seconds
[2025-03-10T10:40:34.734+0000] {tiki_extract_dag.py:119} ERROR - Error fetching details for product 169120359: Expecting value: line 1 column 1 (char 0)
[2025-03-10T10:40:34.902+0000] {tiki_extract_dag.py:119} ERROR - Error fetching details for product 167432515: Expecting value: line 1 column 1 (char 0)
[2025-03-10T10:40:35.048+0000] {tiki_extract_dag.py:119} ERROR - Error fetching details for product 138748423: Expecting value: line 1 column 1 (char 0)
[2025-03-10T10:40:35.203+0000] {tiki_extract_dag.py:119} ERROR - Error fetching details for product 132130326: Expecting value: line 1 column 1 (char 0)
[2025-03-10T10:40:35.358+0000] {tiki_extract_dag.py:119} ERROR - Error fetching details for product 132129034: Expecting value: line 1 column 1 (char 0)
[2025-03-10T10:40:35.511+0000] {tiki_extract_dag.py:119} ERROR - Error fetching details for product 126701222: Expecting value: line 1 column 1 (char 0)
[2025-03-10T10:40:35.670+0000] {tiki_extract_dag.py:119} ERROR - Error fetching details for product 126209464: Expecting value: line 1 column 1 (char 0)
[2025-03-10T10:40:35.827+0000] {tiki_extract_dag.py:119} ERROR - Error fetching details for product 121252846: Expecting value: line 1 column 1 (char 0)
[2025-03-10T10:40:36.002+0000] {tiki_extract_dag.py:119} ERROR - Error fetching details for product 118019766: Expecting value: line 1 column 1 (char 0)
[2025-03-10T10:40:36.158+0000] {tiki_extract_dag.py:119} ERROR - Error fetching details for product 117059903: Expecting value: line 1 column 1 (char 0)
[2025-03-10T10:40:36.307+0000] {tiki_extract_dag.py:119} ERROR - Error fetching details for product 117031543: Expecting value: line 1 column 1 (char 0)
[2025-03-10T10:40:36.454+0000] {tiki_extract_dag.py:119} ERROR - Error fetching details for product 114446808: Expecting value: line 1 column 1 (char 0)
[2025-03-10T10:40:36.602+0000] {tiki_extract_dag.py:119} ERROR - Error fetching details for product 111560211: Expecting value: line 1 column 1 (char 0)
[2025-03-10T10:40:36.749+0000] {tiki_extract_dag.py:119} ERROR - Error fetching details for product 110938120: Expecting value: line 1 column 1 (char 0)
[2025-03-10T10:40:36.908+0000] {tiki_extract_dag.py:119} ERROR - Error fetching details for product 104904605: Expecting value: line 1 column 1 (char 0)
[2025-03-10T10:40:37.053+0000] {tiki_extract_dag.py:119} ERROR - Error fetching details for product 104188520: Expecting value: line 1 column 1 (char 0)
[2025-03-10T10:40:37.203+0000] {tiki_extract_dag.py:119} ERROR - Error fetching details for product 96809572: Expecting value: line 1 column 1 (char 0)
[2025-03-10T10:40:37.377+0000] {tiki_extract_dag.py:119} ERROR - Error fetching details for product 90979601: Expecting value: line 1 column 1 (char 0)
[2025-03-10T10:40:37.554+0000] {tiki_extract_dag.py:119} ERROR - Error fetching details for product 87940800: Expecting value: line 1 column 1 (char 0)
[2025-03-10T10:40:37.699+0000] {tiki_extract_dag.py:119} ERROR - Error fetching details for product 86988226: Expecting value: line 1 column 1 (char 0)
[2025-03-10T10:40:37.842+0000] {tiki_extract_dag.py:119} ERROR - Error fetching details for product 81209773: Expecting value: line 1 column 1 (char 0)
[2025-03-10T10:40:37.986+0000] {tiki_extract_dag.py:119} ERROR - Error fetching details for product 76271955: Expecting value: line 1 column 1 (char 0)
[2025-03-10T10:40:38.135+0000] {tiki_extract_dag.py:119} ERROR - Error fetching details for product 73748479: Expecting value: line 1 column 1 (char 0)
[2025-03-10T10:40:38.315+0000] {tiki_extract_dag.py:119} ERROR - Error fetching details for product 73742258: Expecting value: line 1 column 1 (char 0)
[2025-03-10T10:40:38.459+0000] {tiki_extract_dag.py:119} ERROR - Error fetching details for product 71909603: Expecting value: line 1 column 1 (char 0)
[2025-03-10T10:40:38.628+0000] {tiki_extract_dag.py:119} ERROR - Error fetching details for product 68202834: Expecting value: line 1 column 1 (char 0)
[2025-03-10T10:40:38.783+0000] {tiki_extract_dag.py:119} ERROR - Error fetching details for product 58962353: Expecting value: line 1 column 1 (char 0)
[2025-03-10T10:40:38.942+0000] {tiki_extract_dag.py:119} ERROR - Error fetching details for product 55411656: Expecting value: line 1 column 1 (char 0)
[2025-03-10T10:40:39.086+0000] {tiki_extract_dag.py:119} ERROR - Error fetching details for product 54761601: Expecting value: line 1 column 1 (char 0)
[2025-03-10T10:40:39.235+0000] {tiki_extract_dag.py:119} ERROR - Error fetching details for product 54711023: Expecting value: line 1 column 1 (char 0)
[2025-03-10T10:40:39.381+0000] {tiki_extract_dag.py:119} ERROR - Error fetching details for product 43333663: Expecting value: line 1 column 1 (char 0)
[2025-03-10T10:40:39.529+0000] {tiki_extract_dag.py:119} ERROR - Error fetching details for product 34148419: Expecting value: line 1 column 1 (char 0)
[2025-03-10T10:40:39.676+0000] {tiki_extract_dag.py:119} ERROR - Error fetching details for product 20733222: Expecting value: line 1 column 1 (char 0)
[2025-03-10T10:40:39.846+0000] {tiki_extract_dag.py:119} ERROR - Error fetching details for product 15993454: Expecting value: line 1 column 1 (char 0)
[2025-03-10T10:40:40.001+0000] {tiki_extract_dag.py:119} ERROR - Error fetching details for product 11203758: Expecting value: line 1 column 1 (char 0)
[2025-03-10T10:40:40.002+0000] {tiki_extract_dag.py:175} INFO - Extracted page 2/50 for category thoi-trang-nam, total items: 80
[2025-03-10T10:40:53.204+0000] {tiki_extract_dag.py:156} INFO - Calling API: https://tiki.vn/api/v2/products with params: {'page': 3, 'limit': 40, 'category': '915'}
[2025-03-10T10:40:53.342+0000] {tiki_extract_dag.py:178} ERROR - API error at page 3 in category thoi-trang-nam: Expecting value: line 1 column 1 (char 0)
[2025-03-10T10:40:57.243+0000] {tiki_extract_dag.py:50} INFO - Updated crawled products at tiki-pipeline/tiki_crawled/crawled_products.json
[2025-03-10T10:40:57.244+0000] {tiki_extract_dag.py:192} INFO - Uploaded raw data to tiki-pipeline/raw_data/thoi-trang-nam_20250310_104053.json, total items: 80
[2025-03-10T10:40:57.814+0000] {tiki_extract_dag.py:204} INFO - Saved metadata to tiki-pipeline/metadata/thoi-trang-nam_extract_run_metadata_20250310_104053.json
[2025-03-10T10:40:57.815+0000] {python.py:240} INFO - Done. Returned value was: None
[2025-03-10T10:40:57.837+0000] {taskinstance.py:341} INFO - ::group::Post task execution logs
[2025-03-10T10:40:57.838+0000] {taskinstance.py:353} INFO - Marking task as SUCCESS. dag_id=tiki_extract_dag, task_id=crawl_thoi-trang-nam, run_id=manual__2025-03-10T10:33:29.927545+00:00, execution_date=20250310T103329, start_date=20250310T103857, end_date=20250310T104057
[2025-03-10T10:40:57.874+0000] {logging_mixin.py:190} INFO - Task instance in success state
[2025-03-10T10:40:57.874+0000] {logging_mixin.py:190} INFO -  Previous state of the Task instance: running
[2025-03-10T10:40:57.875+0000] {logging_mixin.py:190} INFO - Dag name:tiki_extract_dag queued_at:2025-03-10 10:33:30.016202+00:00
[2025-03-10T10:40:57.875+0000] {logging_mixin.py:190} INFO - Task hostname:0c9fb3f19112 operator:PythonOperator
[2025-03-10T10:40:57.934+0000] {local_task_job_runner.py:266} INFO - Task exited with return code 0
[2025-03-10T10:40:57.974+0000] {taskinstance.py:3901} INFO - 0 downstream tasks scheduled from follow-on schedule check
[2025-03-10T10:40:57.978+0000] {local_task_job_runner.py:245} INFO - ::endgroup::
