[2025-03-11T09:16:36.377+0000] {local_task_job_runner.py:123} INFO - ::group::Pre task execution logs
[2025-03-11T09:16:36.440+0000] {taskinstance.py:2614} INFO - Dependencies all met for dep_context=non-requeueable deps ti=<TaskInstance: tiki_extract_dag.crawl_thiet-bi-kts-phu-kien-so manual__2025-03-11T08:53:49.647616+00:00 [queued]>
[2025-03-11T09:16:36.462+0000] {taskinstance.py:2614} INFO - Dependencies all met for dep_context=requeueable deps ti=<TaskInstance: tiki_extract_dag.crawl_thiet-bi-kts-phu-kien-so manual__2025-03-11T08:53:49.647616+00:00 [queued]>
[2025-03-11T09:16:36.464+0000] {taskinstance.py:2867} INFO - Starting attempt 3 of 4
[2025-03-11T09:16:36.526+0000] {taskinstance.py:2890} INFO - Executing <Task(PythonOperator): crawl_thiet-bi-kts-phu-kien-so> on 2025-03-11 08:53:49.647616+00:00
[2025-03-11T09:16:36.550+0000] {warnings.py:112} WARNING - /home/***/.local/lib/python3.12/site-packages/***/task/task_runner/standard_task_runner.py:70: DeprecationWarning: This process (pid=365) is multi-threaded, use of fork() may lead to deadlocks in the child.
  pid = os.fork()

[2025-03-11T09:16:36.560+0000] {standard_task_runner.py:104} INFO - Running: ['***', 'tasks', 'run', 'tiki_extract_dag', 'crawl_thiet-bi-kts-phu-kien-so', 'manual__2025-03-11T08:53:49.647616+00:00', '--job-id', '553', '--raw', '--subdir', 'DAGS_FOLDER/tiki_extract_dag.py', '--cfg-path', '/tmp/tmpaqbes5gf']
[2025-03-11T09:16:36.560+0000] {standard_task_runner.py:72} INFO - Started process 381 to run task
[2025-03-11T09:16:36.564+0000] {standard_task_runner.py:105} INFO - Job 553: Subtask crawl_thiet-bi-kts-phu-kien-so
[2025-03-11T09:16:36.820+0000] {task_command.py:467} INFO - Running <TaskInstance: tiki_extract_dag.crawl_thiet-bi-kts-phu-kien-so manual__2025-03-11T08:53:49.647616+00:00 [running]> on host 5c8190d7da62
[2025-03-11T09:16:37.383+0000] {taskinstance.py:3134} INFO - Exporting env vars: AIRFLOW_CTX_DAG_OWNER='***' AIRFLOW_CTX_DAG_ID='tiki_extract_dag' AIRFLOW_CTX_TASK_ID='crawl_thiet-bi-kts-phu-kien-so' AIRFLOW_CTX_EXECUTION_DATE='2025-03-11T08:53:49.647616+00:00' AIRFLOW_CTX_TRY_NUMBER='3' AIRFLOW_CTX_DAG_RUN_ID='manual__2025-03-11T08:53:49.647616+00:00'
[2025-03-11T09:16:37.397+0000] {logging_mixin.py:190} INFO - Task instance is in running state
[2025-03-11T09:16:37.411+0000] {logging_mixin.py:190} INFO -  Previous state of the Task instance: queued
[2025-03-11T09:16:37.414+0000] {logging_mixin.py:190} INFO - Current task name:crawl_thiet-bi-kts-phu-kien-so state:running start_date:2025-03-11 09:16:36.441998+00:00
[2025-03-11T09:16:37.418+0000] {logging_mixin.py:190} INFO - Dag name:tiki_extract_dag and current dag run status:running
[2025-03-11T09:16:37.420+0000] {taskinstance.py:732} INFO - ::endgroup::
[2025-03-11T09:16:40.207+0000] {tiki_extract_dag.py:139} INFO - Starting crawl for category thiet-bi-kts-phu-kien-so (ID: 1815)
[2025-03-11T09:16:40.219+0000] {tiki_extract_dag.py:141} INFO - Calling API: https://tiki.vn/api/v2/products with params: {'page': 1, 'limit': 40, 'category': '1815'}
[2025-03-11T09:16:40.761+0000] {tiki_extract_dag.py:150} INFO - Total pages for thiet-bi-kts-phu-kien-so: 50 (limited to 50)
[2025-03-11T09:16:40.780+0000] {tiki_extract_dag.py:163} INFO - Calling API: https://tiki.vn/api/v2/products with params: {'page': 2, 'limit': 40, 'category': '1815'}
[2025-03-11T09:16:41.651+0000] {tiki_extract_dag.py:183} INFO - Extracted page 2/50 for category thiet-bi-kts-phu-kien-so, total items: 1
[2025-03-11T09:17:05.993+0000] {job.py:229} INFO - Heartbeat recovered after 19.02 seconds
[2025-03-11T09:17:06.027+0000] {local_task_job_runner.py:266} INFO - Task exited with return code -9. For more information, see https://***.apache.org/docs/apache-***/stable/troubleshooting.html#LocalTaskJob-killed
[2025-03-11T09:17:06.126+0000] {taskinstance.py:3901} INFO - 0 downstream tasks scheduled from follow-on schedule check
[2025-03-11T09:17:06.160+0000] {local_task_job_runner.py:245} INFO - ::endgroup::
