[2025-03-09T14:08:34.120+0000] {local_task_job_runner.py:123} INFO - ::group::Pre task execution logs
[2025-03-09T14:08:34.159+0000] {taskinstance.py:2614} INFO - Dependencies all met for dep_context=non-requeueable deps ti=<TaskInstance: tiki_extract_dag.extract_data manual__2025-03-09T14:08:29.061374+00:00 [queued]>
[2025-03-09T14:08:34.176+0000] {taskinstance.py:2614} INFO - Dependencies all met for dep_context=requeueable deps ti=<TaskInstance: tiki_extract_dag.extract_data manual__2025-03-09T14:08:29.061374+00:00 [queued]>
[2025-03-09T14:08:34.178+0000] {taskinstance.py:2867} INFO - Starting attempt 1 of 1
[2025-03-09T14:08:34.216+0000] {taskinstance.py:2890} INFO - Executing <Task(PythonOperator): extract_data> on 2025-03-09 14:08:29.061374+00:00
[2025-03-09T14:08:34.236+0000] {warnings.py:112} WARNING - /home/***/.local/lib/python3.12/site-packages/***/task/task_runner/standard_task_runner.py:70: DeprecationWarning: This process (pid=96) is multi-threaded, use of fork() may lead to deadlocks in the child.
  pid = os.fork()

[2025-03-09T14:08:34.239+0000] {standard_task_runner.py:104} INFO - Running: ['***', 'tasks', 'run', 'tiki_extract_dag', 'extract_data', 'manual__2025-03-09T14:08:29.061374+00:00', '--job-id', '174', '--raw', '--subdir', 'DAGS_FOLDER/tiki_extract_dag.py', '--cfg-path', '/tmp/tmp94_ow44i']
[2025-03-09T14:08:34.241+0000] {standard_task_runner.py:72} INFO - Started process 98 to run task
[2025-03-09T14:08:34.242+0000] {standard_task_runner.py:105} INFO - Job 174: Subtask extract_data
[2025-03-09T14:08:34.356+0000] {task_command.py:467} INFO - Running <TaskInstance: tiki_extract_dag.extract_data manual__2025-03-09T14:08:29.061374+00:00 [running]> on host 10038f9c1f89
[2025-03-09T14:08:34.975+0000] {taskinstance.py:3134} INFO - Exporting env vars: AIRFLOW_CTX_DAG_OWNER='***' AIRFLOW_CTX_DAG_ID='tiki_extract_dag' AIRFLOW_CTX_TASK_ID='extract_data' AIRFLOW_CTX_EXECUTION_DATE='2025-03-09T14:08:29.061374+00:00' AIRFLOW_CTX_TRY_NUMBER='1' AIRFLOW_CTX_DAG_RUN_ID='manual__2025-03-09T14:08:29.061374+00:00'
[2025-03-09T14:08:34.977+0000] {logging_mixin.py:190} INFO - Task instance is in running state
[2025-03-09T14:08:34.978+0000] {logging_mixin.py:190} INFO -  Previous state of the Task instance: queued
[2025-03-09T14:08:34.979+0000] {logging_mixin.py:190} INFO - Current task name:extract_data state:running start_date:2025-03-09 14:08:34.160186+00:00
[2025-03-09T14:08:34.980+0000] {logging_mixin.py:190} INFO - Dag name:tiki_extract_dag and current dag run status:running
[2025-03-09T14:08:34.981+0000] {taskinstance.py:732} INFO - ::endgroup::
[2025-03-09T14:08:35.029+0000] {tiki_extract_dag.py:28} INFO - Loaded categories: ['lam-dep-suc-khoe', 'dien-thoai-may-tinh-bang', 'laptop-may-vi-tinh-linh-kien', 'dien-gia-dung', 'sach', 'thiet-bi-kts-phu-kien-so', 'thoi-trang-nu', 'thoi-trang-nam', 'dong-ho-va-trang-suc', 'dien-tu-dien-lanh']
[2025-03-09T14:08:35.031+0000] {tiki_extract_dag.py:29} INFO - Execution date: 2025-03-09 14:08:29.061374+00:00
[2025-03-09T14:08:35.968+0000] {crawl_data.py:106} INFO - Crawling category lam-dep-suc-khoe with 1 pages
[2025-03-09T14:08:36.592+0000] {crawl_data.py:131} INFO - Extracted page 1 - lam-dep-suc-khoe, 40 items, total extracted: 40
[2025-03-09T14:08:40.357+0000] {crawl_data.py:106} INFO - Crawling category dien-thoai-may-tinh-bang with 1 pages
[2025-03-09T14:08:40.721+0000] {crawl_data.py:131} INFO - Extracted page 1 - dien-thoai-may-tinh-bang, 40 items, total extracted: 80
[2025-03-09T14:08:44.228+0000] {crawl_data.py:106} INFO - Crawling category laptop-may-vi-tinh-linh-kien with 1 pages
[2025-03-09T14:08:44.595+0000] {crawl_data.py:131} INFO - Extracted page 1 - laptop-may-vi-tinh-linh-kien, 40 items, total extracted: 120
[2025-03-09T14:08:48.094+0000] {crawl_data.py:106} INFO - Crawling category dien-gia-dung with 1 pages
[2025-03-09T14:08:48.518+0000] {crawl_data.py:131} INFO - Extracted page 1 - dien-gia-dung, 40 items, total extracted: 160
[2025-03-09T14:08:51.782+0000] {crawl_data.py:106} INFO - Crawling category sach with 1 pages
[2025-03-09T14:08:52.135+0000] {crawl_data.py:131} INFO - Extracted page 1 - sach, 40 items, total extracted: 200
[2025-03-09T14:08:56.553+0000] {crawl_data.py:106} INFO - Crawling category thiet-bi-kts-phu-kien-so with 1 pages
[2025-03-09T14:08:57.017+0000] {crawl_data.py:131} INFO - Extracted page 1 - thiet-bi-kts-phu-kien-so, 40 items, total extracted: 240
[2025-03-09T14:09:01.028+0000] {crawl_data.py:106} INFO - Crawling category thoi-trang-nu with 1 pages
[2025-03-09T14:09:01.685+0000] {crawl_data.py:131} INFO - Extracted page 1 - thoi-trang-nu, 40 items, total extracted: 280
[2025-03-09T14:09:06.063+0000] {crawl_data.py:106} INFO - Crawling category thoi-trang-nam with 1 pages
[2025-03-09T14:09:06.856+0000] {crawl_data.py:131} INFO - Extracted page 1 - thoi-trang-nam, 40 items, total extracted: 320
[2025-03-09T14:09:09.154+0000] {crawl_data.py:106} INFO - Crawling category dong-ho-va-trang-suc with 1 pages
[2025-03-09T14:09:09.772+0000] {crawl_data.py:131} INFO - Extracted page 1 - dong-ho-va-trang-suc, 40 items, total extracted: 360
[2025-03-09T14:09:13.620+0000] {crawl_data.py:106} INFO - Crawling category dien-tu-dien-lanh with 1 pages
[2025-03-09T14:09:14.216+0000] {crawl_data.py:131} INFO - Extracted page 1 - dien-tu-dien-lanh, 40 items, total extracted: 400
[2025-03-09T14:09:20.450+0000] {crawl_data.py:49} INFO - Updated crawled products at tiki-data/tiki_crawled/crawled_products.json
[2025-03-09T14:09:20.451+0000] {crawl_data.py:147} INFO - Uploaded raw data to tiki-data/tiki_raw_data/raw_20250309_140918.json, total items: 400
[2025-03-09T14:09:20.489+0000] {tiki_extract_dag.py:35} INFO - Extracted data and saved to tiki_raw_data/raw_20250309_140918.json
[2025-03-09T14:09:20.490+0000] {python.py:240} INFO - Done. Returned value was: tiki_raw_data/raw_20250309_140918.json
[2025-03-09T14:09:20.547+0000] {taskinstance.py:341} INFO - ::group::Post task execution logs
[2025-03-09T14:09:20.549+0000] {taskinstance.py:353} INFO - Marking task as SUCCESS. dag_id=tiki_extract_dag, task_id=extract_data, run_id=manual__2025-03-09T14:08:29.061374+00:00, execution_date=20250309T140829, start_date=20250309T140834, end_date=20250309T140920
[2025-03-09T14:09:20.617+0000] {logging_mixin.py:190} INFO - Task instance in success state
[2025-03-09T14:09:20.618+0000] {logging_mixin.py:190} INFO -  Previous state of the Task instance: running
[2025-03-09T14:09:20.619+0000] {logging_mixin.py:190} INFO - Dag name:tiki_extract_dag queued_at:2025-03-09 14:08:29.142297+00:00
[2025-03-09T14:09:20.620+0000] {logging_mixin.py:190} INFO - Task hostname:10038f9c1f89 operator:PythonOperator
[2025-03-09T14:09:20.704+0000] {local_task_job_runner.py:266} INFO - Task exited with return code 0
[2025-03-09T14:09:20.740+0000] {taskinstance.py:3901} INFO - 0 downstream tasks scheduled from follow-on schedule check
[2025-03-09T14:09:20.744+0000] {local_task_job_runner.py:245} INFO - ::endgroup::
