[2025-03-12T04:21:49.605+0000] {local_task_job_runner.py:123} INFO - ::group::Pre task execution logs
[2025-03-12T04:21:49.690+0000] {taskinstance.py:2614} INFO - Dependencies all met for dep_context=non-requeueable deps ti=<TaskInstance: tiki_extract_dag.extract_thoi-trang-nu manual__2025-03-12T04:21:28.506204+00:00 [queued]>
[2025-03-12T04:21:49.774+0000] {taskinstance.py:2614} INFO - Dependencies all met for dep_context=requeueable deps ti=<TaskInstance: tiki_extract_dag.extract_thoi-trang-nu manual__2025-03-12T04:21:28.506204+00:00 [queued]>
[2025-03-12T04:21:49.783+0000] {taskinstance.py:2867} INFO - Starting attempt 1 of 4
[2025-03-12T04:21:49.901+0000] {taskinstance.py:2890} INFO - Executing <Task(PythonOperator): extract_thoi-trang-nu> on 2025-03-12 04:21:28.506204+00:00
[2025-03-12T04:21:50.160+0000] {warnings.py:112} WARNING - /home/***/.local/lib/python3.12/site-packages/***/task/task_runner/standard_task_runner.py:70: DeprecationWarning: This process (pid=3850) is multi-threaded, use of fork() may lead to deadlocks in the child.
  pid = os.fork()

[2025-03-12T04:21:50.203+0000] {standard_task_runner.py:72} INFO - Started process 3877 to run task
[2025-03-12T04:21:50.186+0000] {standard_task_runner.py:104} INFO - Running: ['***', 'tasks', 'run', 'tiki_extract_dag', 'extract_thoi-trang-nu', 'manual__2025-03-12T04:21:28.506204+00:00', '--job-id', '648', '--raw', '--subdir', 'DAGS_FOLDER/tiki_extract_dag.py', '--cfg-path', '/tmp/tmpchteo3jm']
[2025-03-12T04:21:50.216+0000] {standard_task_runner.py:105} INFO - Job 648: Subtask extract_thoi-trang-nu
[2025-03-12T04:21:50.807+0000] {task_command.py:467} INFO - Running <TaskInstance: tiki_extract_dag.extract_thoi-trang-nu manual__2025-03-12T04:21:28.506204+00:00 [running]> on host 5c8190d7da62
[2025-03-12T04:22:01.543+0000] {taskinstance.py:3134} INFO - Exporting env vars: AIRFLOW_CTX_DAG_OWNER='***' AIRFLOW_CTX_DAG_ID='tiki_extract_dag' AIRFLOW_CTX_TASK_ID='extract_thoi-trang-nu' AIRFLOW_CTX_EXECUTION_DATE='2025-03-12T04:21:28.506204+00:00' AIRFLOW_CTX_TRY_NUMBER='1' AIRFLOW_CTX_DAG_RUN_ID='manual__2025-03-12T04:21:28.506204+00:00'
[2025-03-12T04:22:01.553+0000] {logging_mixin.py:190} INFO - Task instance is in running state
[2025-03-12T04:22:01.555+0000] {logging_mixin.py:190} INFO -  Previous state of the Task instance: queued
[2025-03-12T04:22:01.561+0000] {logging_mixin.py:190} INFO - Current task name:extract_thoi-trang-nu state:running start_date:2025-03-12 04:21:49.691776+00:00
[2025-03-12T04:22:01.572+0000] {logging_mixin.py:190} INFO - Dag name:tiki_extract_dag and current dag run status:running
[2025-03-12T04:22:01.580+0000] {taskinstance.py:732} INFO - ::endgroup::
[2025-03-12T04:22:01.673+0000] {job.py:229} INFO - Heartbeat recovered after 12.36 seconds
[2025-03-12T04:22:03.667+0000] {tiki_extract_dag.py:120} INFO - Starting crawl for category thoi-trang-nu
[2025-03-12T04:22:05.930+0000] {tiki_extract_dag.py:127} INFO - Total pages for thoi-trang-nu: 50
[2025-03-12T04:22:06.415+0000] {tiki_extract_dag.py:155} INFO - Extracted page 2/50 - thoi-trang-nu, total items: 80
[2025-03-12T04:22:12.086+0000] {tiki_extract_dag.py:155} INFO - Extracted page 3/50 - thoi-trang-nu, total items: 120
[2025-03-12T04:22:18.784+0000] {tiki_extract_dag.py:155} INFO - Extracted page 4/50 - thoi-trang-nu, total items: 160
[2025-03-12T04:22:27.059+0000] {tiki_extract_dag.py:155} INFO - Extracted page 5/50 - thoi-trang-nu, total items: 200
[2025-03-12T04:22:36.004+0000] {tiki_extract_dag.py:155} INFO - Extracted page 6/50 - thoi-trang-nu, total items: 240
[2025-03-12T04:22:45.078+0000] {tiki_extract_dag.py:155} INFO - Extracted page 7/50 - thoi-trang-nu, total items: 280
[2025-03-12T04:22:53.910+0000] {tiki_extract_dag.py:155} INFO - Extracted page 8/50 - thoi-trang-nu, total items: 320
[2025-03-12T04:22:59.994+0000] {tiki_extract_dag.py:155} INFO - Extracted page 9/50 - thoi-trang-nu, total items: 360
[2025-03-12T04:23:06.974+0000] {tiki_extract_dag.py:155} INFO - Extracted page 10/50 - thoi-trang-nu, total items: 400
[2025-03-12T04:23:16.382+0000] {tiki_extract_dag.py:155} INFO - Extracted page 11/50 - thoi-trang-nu, total items: 440
[2025-03-12T04:23:26.929+0000] {tiki_extract_dag.py:155} INFO - Extracted page 12/50 - thoi-trang-nu, total items: 480
[2025-03-12T04:23:32.962+0000] {tiki_extract_dag.py:155} INFO - Extracted page 13/50 - thoi-trang-nu, total items: 520
[2025-03-12T04:23:42.777+0000] {tiki_extract_dag.py:155} INFO - Extracted page 14/50 - thoi-trang-nu, total items: 560
[2025-03-12T04:23:50.809+0000] {tiki_extract_dag.py:155} INFO - Extracted page 15/50 - thoi-trang-nu, total items: 600
[2025-03-12T04:23:58.185+0000] {tiki_extract_dag.py:155} INFO - Extracted page 16/50 - thoi-trang-nu, total items: 640
[2025-03-12T04:24:04.776+0000] {tiki_extract_dag.py:155} INFO - Extracted page 17/50 - thoi-trang-nu, total items: 680
[2025-03-12T04:24:11.963+0000] {tiki_extract_dag.py:155} INFO - Extracted page 18/50 - thoi-trang-nu, total items: 720
[2025-03-12T04:24:17.949+0000] {tiki_extract_dag.py:155} INFO - Extracted page 19/50 - thoi-trang-nu, total items: 760
[2025-03-12T04:24:24.525+0000] {tiki_extract_dag.py:155} INFO - Extracted page 20/50 - thoi-trang-nu, total items: 800
[2025-03-12T04:24:34.275+0000] {tiki_extract_dag.py:155} INFO - Extracted page 21/50 - thoi-trang-nu, total items: 840
[2025-03-12T04:24:40.245+0000] {tiki_extract_dag.py:155} INFO - Extracted page 22/50 - thoi-trang-nu, total items: 880
[2025-03-12T04:24:48.029+0000] {tiki_extract_dag.py:155} INFO - Extracted page 23/50 - thoi-trang-nu, total items: 920
[2025-03-12T04:24:55.520+0000] {tiki_extract_dag.py:155} INFO - Extracted page 24/50 - thoi-trang-nu, total items: 960
[2025-03-12T04:25:02.850+0000] {tiki_extract_dag.py:155} INFO - Extracted page 25/50 - thoi-trang-nu, total items: 1000
[2025-03-12T04:25:10.672+0000] {tiki_extract_dag.py:155} INFO - Extracted page 26/50 - thoi-trang-nu, total items: 1040
[2025-03-12T04:25:16.918+0000] {tiki_extract_dag.py:155} INFO - Extracted page 27/50 - thoi-trang-nu, total items: 1080
[2025-03-12T04:25:23.990+0000] {tiki_extract_dag.py:155} INFO - Extracted page 28/50 - thoi-trang-nu, total items: 1120
[2025-03-12T04:25:32.243+0000] {tiki_extract_dag.py:155} INFO - Extracted page 29/50 - thoi-trang-nu, total items: 1160
[2025-03-12T04:25:39.474+0000] {tiki_extract_dag.py:155} INFO - Extracted page 30/50 - thoi-trang-nu, total items: 1200
[2025-03-12T04:25:47.883+0000] {tiki_extract_dag.py:155} INFO - Extracted page 31/50 - thoi-trang-nu, total items: 1240
[2025-03-12T04:25:57.968+0000] {tiki_extract_dag.py:155} INFO - Extracted page 32/50 - thoi-trang-nu, total items: 1280
[2025-03-12T04:26:04.914+0000] {tiki_extract_dag.py:155} INFO - Extracted page 33/50 - thoi-trang-nu, total items: 1320
[2025-03-12T04:26:10.890+0000] {tiki_extract_dag.py:155} INFO - Extracted page 34/50 - thoi-trang-nu, total items: 1360
[2025-03-12T04:26:19.904+0000] {tiki_extract_dag.py:155} INFO - Extracted page 35/50 - thoi-trang-nu, total items: 1400
[2025-03-12T04:26:27.133+0000] {tiki_extract_dag.py:155} INFO - Extracted page 36/50 - thoi-trang-nu, total items: 1440
[2025-03-12T04:26:37.316+0000] {tiki_extract_dag.py:155} INFO - Extracted page 37/50 - thoi-trang-nu, total items: 1480
[2025-03-12T04:26:46.449+0000] {tiki_extract_dag.py:155} INFO - Extracted page 38/50 - thoi-trang-nu, total items: 1520
[2025-03-12T04:26:53.541+0000] {tiki_extract_dag.py:155} INFO - Extracted page 39/50 - thoi-trang-nu, total items: 1560
[2025-03-12T04:27:04.326+0000] {tiki_extract_dag.py:155} INFO - Extracted page 40/50 - thoi-trang-nu, total items: 1600
[2025-03-12T04:27:10.804+0000] {tiki_extract_dag.py:155} INFO - Extracted page 41/50 - thoi-trang-nu, total items: 1640
[2025-03-12T04:27:17.459+0000] {tiki_extract_dag.py:155} INFO - Extracted page 42/50 - thoi-trang-nu, total items: 1680
[2025-03-12T04:27:25.373+0000] {tiki_extract_dag.py:155} INFO - Extracted page 43/50 - thoi-trang-nu, total items: 1720
[2025-03-12T04:27:33.444+0000] {tiki_extract_dag.py:155} INFO - Extracted page 44/50 - thoi-trang-nu, total items: 1760
[2025-03-12T04:27:43.557+0000] {tiki_extract_dag.py:155} INFO - Extracted page 45/50 - thoi-trang-nu, total items: 1800
[2025-03-12T04:27:49.670+0000] {tiki_extract_dag.py:155} INFO - Extracted page 46/50 - thoi-trang-nu, total items: 1840
[2025-03-12T04:27:59.028+0000] {tiki_extract_dag.py:155} INFO - Extracted page 47/50 - thoi-trang-nu, total items: 1880
[2025-03-12T04:28:09.238+0000] {tiki_extract_dag.py:155} INFO - Extracted page 48/50 - thoi-trang-nu, total items: 1920
[2025-03-12T04:28:18.984+0000] {tiki_extract_dag.py:155} INFO - Extracted page 49/50 - thoi-trang-nu, total items: 1960
[2025-03-12T04:28:28.270+0000] {tiki_extract_dag.py:155} INFO - Extracted page 50/50 - thoi-trang-nu, total items: 2000
[2025-03-12T04:28:42.268+0000] {tiki_extract_dag.py:56} INFO - Updated crawled products at tiki-pipeline/tiki_crawled/crawled_products.json
[2025-03-12T04:28:42.271+0000] {tiki_extract_dag.py:172} INFO - Uploaded raw data to tiki-pipeline/tiki_raw_data/raw_thoi-trang-nu_20250312_042835.json, total items: 2000
[2025-03-12T04:28:42.625+0000] {tiki_extract_dag.py:183} INFO - Saved metadata to tiki-pipeline/metadata/extract_run_metadata_thoi-trang-nu_20250312_042835.json
[2025-03-12T04:28:42.717+0000] {python.py:240} INFO - Done. Returned value was: None
[2025-03-12T04:28:42.935+0000] {taskinstance.py:341} INFO - ::group::Post task execution logs
[2025-03-12T04:28:42.944+0000] {taskinstance.py:353} INFO - Marking task as SUCCESS. dag_id=tiki_extract_dag, task_id=extract_thoi-trang-nu, run_id=manual__2025-03-12T04:21:28.506204+00:00, execution_date=20250312T042128, start_date=20250312T042149, end_date=20250312T042842
[2025-03-12T04:28:43.076+0000] {logging_mixin.py:190} INFO - Task instance in success state
[2025-03-12T04:28:43.077+0000] {logging_mixin.py:190} INFO -  Previous state of the Task instance: running
[2025-03-12T04:28:43.078+0000] {logging_mixin.py:190} INFO - Dag name:tiki_extract_dag queued_at:2025-03-12 04:21:28.548433+00:00
[2025-03-12T04:28:43.078+0000] {logging_mixin.py:190} INFO - Task hostname:5c8190d7da62 operator:PythonOperator
[2025-03-12T04:28:43.188+0000] {local_task_job_runner.py:266} INFO - Task exited with return code 0
[2025-03-12T04:28:43.481+0000] {taskinstance.py:3901} INFO - 0 downstream tasks scheduled from follow-on schedule check
[2025-03-12T04:28:43.488+0000] {local_task_job_runner.py:245} INFO - ::endgroup::
