[2025-03-10T09:17:13.840+0000] {local_task_job_runner.py:123} INFO - ::group::Pre task execution logs
[2025-03-10T09:17:13.856+0000] {taskinstance.py:2614} INFO - Dependencies all met for dep_context=non-requeueable deps ti=<TaskInstance: tiki_extract_dag.extract_data manual__2025-03-10T09:17:11.640176+00:00 [queued]>
[2025-03-10T09:17:13.863+0000] {taskinstance.py:2614} INFO - Dependencies all met for dep_context=requeueable deps ti=<TaskInstance: tiki_extract_dag.extract_data manual__2025-03-10T09:17:11.640176+00:00 [queued]>
[2025-03-10T09:17:13.863+0000] {taskinstance.py:2867} INFO - Starting attempt 1 of 4
[2025-03-10T09:17:13.876+0000] {taskinstance.py:2890} INFO - Executing <Task(PythonOperator): extract_data> on 2025-03-10 09:17:11.640176+00:00
[2025-03-10T09:17:13.885+0000] {warnings.py:112} WARNING - /home/***/.local/lib/python3.12/site-packages/***/task/task_runner/standard_task_runner.py:70: DeprecationWarning: This process (pid=1667) is multi-threaded, use of fork() may lead to deadlocks in the child.
  pid = os.fork()

[2025-03-10T09:17:13.887+0000] {standard_task_runner.py:72} INFO - Started process 1669 to run task
[2025-03-10T09:17:13.887+0000] {standard_task_runner.py:104} INFO - Running: ['***', 'tasks', 'run', 'tiki_extract_dag', 'extract_data', 'manual__2025-03-10T09:17:11.640176+00:00', '--job-id', '378', '--raw', '--subdir', 'DAGS_FOLDER/tiki_extract_dag.py', '--cfg-path', '/tmp/tmpx3v7r7fr']
[2025-03-10T09:17:13.888+0000] {standard_task_runner.py:105} INFO - Job 378: Subtask extract_data
[2025-03-10T09:17:13.930+0000] {task_command.py:467} INFO - Running <TaskInstance: tiki_extract_dag.extract_data manual__2025-03-10T09:17:11.640176+00:00 [running]> on host c77555d100c4
[2025-03-10T09:17:14.297+0000] {taskinstance.py:3134} INFO - Exporting env vars: AIRFLOW_CTX_DAG_OWNER='***' AIRFLOW_CTX_DAG_ID='tiki_extract_dag' AIRFLOW_CTX_TASK_ID='extract_data' AIRFLOW_CTX_EXECUTION_DATE='2025-03-10T09:17:11.640176+00:00' AIRFLOW_CTX_TRY_NUMBER='1' AIRFLOW_CTX_DAG_RUN_ID='manual__2025-03-10T09:17:11.640176+00:00'
[2025-03-10T09:17:14.298+0000] {logging_mixin.py:190} INFO - Task instance is in running state
[2025-03-10T09:17:14.298+0000] {logging_mixin.py:190} INFO -  Previous state of the Task instance: queued
[2025-03-10T09:17:14.299+0000] {logging_mixin.py:190} INFO - Current task name:extract_data state:running start_date:2025-03-10 09:17:13.856777+00:00
[2025-03-10T09:17:14.299+0000] {logging_mixin.py:190} INFO - Dag name:tiki_extract_dag and current dag run status:running
[2025-03-10T09:17:14.299+0000] {taskinstance.py:732} INFO - ::endgroup::
[2025-03-10T09:17:14.877+0000] {tiki_extract_dag.py:144} INFO - Starting crawl for category lam-dep-suc-khoe (ID: 1520)
[2025-03-10T09:17:14.878+0000] {tiki_extract_dag.py:147} INFO - Calling API: https://tiki.vn/api/v2/products with params: {'page': 1, 'limit': 50, 'category': '1520'}
[2025-03-10T09:17:15.548+0000] {tiki_extract_dag.py:156} INFO - Total pages for lam-dep-suc-khoe: 50 (limited to 50)
[2025-03-10T09:17:28.246+0000] {tiki_extract_dag.py:169} INFO - Calling API: https://tiki.vn/api/v2/products with params: {'page': 2, 'limit': 50, 'category': '1520'}
[2025-03-10T09:17:39.689+0000] {tiki_extract_dag.py:188} INFO - Extracted page 2/50 for category lam-dep-suc-khoe, total items: 80
[2025-03-10T09:17:51.043+0000] {tiki_extract_dag.py:169} INFO - Calling API: https://tiki.vn/api/v2/products with params: {'page': 3, 'limit': 50, 'category': '1520'}
[2025-03-10T09:18:03.307+0000] {tiki_extract_dag.py:188} INFO - Extracted page 3/50 for category lam-dep-suc-khoe, total items: 120
[2025-03-10T09:18:15.962+0000] {tiki_extract_dag.py:169} INFO - Calling API: https://tiki.vn/api/v2/products with params: {'page': 4, 'limit': 50, 'category': '1520'}
[2025-03-10T09:18:29.175+0000] {tiki_extract_dag.py:188} INFO - Extracted page 4/50 for category lam-dep-suc-khoe, total items: 160
[2025-03-10T09:18:40.640+0000] {tiki_extract_dag.py:169} INFO - Calling API: https://tiki.vn/api/v2/products with params: {'page': 5, 'limit': 50, 'category': '1520'}
[2025-03-10T09:18:52.595+0000] {tiki_extract_dag.py:188} INFO - Extracted page 5/50 for category lam-dep-suc-khoe, total items: 200
[2025-03-10T09:19:05.463+0000] {tiki_extract_dag.py:169} INFO - Calling API: https://tiki.vn/api/v2/products with params: {'page': 6, 'limit': 50, 'category': '1520'}
[2025-03-10T09:19:19.466+0000] {tiki_extract_dag.py:188} INFO - Extracted page 6/50 for category lam-dep-suc-khoe, total items: 240
[2025-03-10T09:19:31.669+0000] {tiki_extract_dag.py:169} INFO - Calling API: https://tiki.vn/api/v2/products with params: {'page': 7, 'limit': 50, 'category': '1520'}
[2025-03-10T09:19:45.296+0000] {tiki_extract_dag.py:188} INFO - Extracted page 7/50 for category lam-dep-suc-khoe, total items: 280
[2025-03-10T09:19:55.738+0000] {tiki_extract_dag.py:169} INFO - Calling API: https://tiki.vn/api/v2/products with params: {'page': 8, 'limit': 50, 'category': '1520'}
[2025-03-10T09:20:09.120+0000] {tiki_extract_dag.py:188} INFO - Extracted page 8/50 for category lam-dep-suc-khoe, total items: 320
[2025-03-10T09:20:22.846+0000] {tiki_extract_dag.py:169} INFO - Calling API: https://tiki.vn/api/v2/products with params: {'page': 9, 'limit': 50, 'category': '1520'}
[2025-03-10T09:20:36.597+0000] {tiki_extract_dag.py:188} INFO - Extracted page 9/50 for category lam-dep-suc-khoe, total items: 360
[2025-03-10T09:20:50.462+0000] {tiki_extract_dag.py:169} INFO - Calling API: https://tiki.vn/api/v2/products with params: {'page': 10, 'limit': 50, 'category': '1520'}
[2025-03-10T09:21:02.927+0000] {tiki_extract_dag.py:188} INFO - Extracted page 10/50 for category lam-dep-suc-khoe, total items: 400
[2025-03-10T09:21:14.389+0000] {tiki_extract_dag.py:169} INFO - Calling API: https://tiki.vn/api/v2/products with params: {'page': 11, 'limit': 50, 'category': '1520'}
[2025-03-10T09:21:27.427+0000] {tiki_extract_dag.py:188} INFO - Extracted page 11/50 for category lam-dep-suc-khoe, total items: 440
[2025-03-10T09:21:38.425+0000] {tiki_extract_dag.py:169} INFO - Calling API: https://tiki.vn/api/v2/products with params: {'page': 12, 'limit': 50, 'category': '1520'}
[2025-03-10T09:21:50.366+0000] {tiki_extract_dag.py:188} INFO - Extracted page 12/50 for category lam-dep-suc-khoe, total items: 480
[2025-03-10T09:22:03.337+0000] {tiki_extract_dag.py:169} INFO - Calling API: https://tiki.vn/api/v2/products with params: {'page': 13, 'limit': 50, 'category': '1520'}
[2025-03-10T09:22:15.363+0000] {tiki_extract_dag.py:188} INFO - Extracted page 13/50 for category lam-dep-suc-khoe, total items: 520
[2025-03-10T09:22:26.388+0000] {tiki_extract_dag.py:169} INFO - Calling API: https://tiki.vn/api/v2/products with params: {'page': 14, 'limit': 50, 'category': '1520'}
[2025-03-10T09:22:40.456+0000] {tiki_extract_dag.py:188} INFO - Extracted page 14/50 for category lam-dep-suc-khoe, total items: 560
[2025-03-10T09:22:53.005+0000] {tiki_extract_dag.py:169} INFO - Calling API: https://tiki.vn/api/v2/products with params: {'page': 15, 'limit': 50, 'category': '1520'}
[2025-03-10T09:23:04.677+0000] {tiki_extract_dag.py:188} INFO - Extracted page 15/50 for category lam-dep-suc-khoe, total items: 600
[2025-03-10T09:23:18.986+0000] {tiki_extract_dag.py:169} INFO - Calling API: https://tiki.vn/api/v2/products with params: {'page': 16, 'limit': 50, 'category': '1520'}
[2025-03-10T09:23:30.961+0000] {tiki_extract_dag.py:188} INFO - Extracted page 16/50 for category lam-dep-suc-khoe, total items: 640
[2025-03-10T09:23:41.792+0000] {tiki_extract_dag.py:169} INFO - Calling API: https://tiki.vn/api/v2/products with params: {'page': 17, 'limit': 50, 'category': '1520'}
[2025-03-10T09:23:54.143+0000] {tiki_extract_dag.py:188} INFO - Extracted page 17/50 for category lam-dep-suc-khoe, total items: 680
[2025-03-10T09:24:07.426+0000] {tiki_extract_dag.py:169} INFO - Calling API: https://tiki.vn/api/v2/products with params: {'page': 18, 'limit': 50, 'category': '1520'}
[2025-03-10T09:24:19.712+0000] {tiki_extract_dag.py:188} INFO - Extracted page 18/50 for category lam-dep-suc-khoe, total items: 720
[2025-03-10T09:24:30.154+0000] {tiki_extract_dag.py:169} INFO - Calling API: https://tiki.vn/api/v2/products with params: {'page': 19, 'limit': 50, 'category': '1520'}
[2025-03-10T09:24:42.969+0000] {tiki_extract_dag.py:188} INFO - Extracted page 19/50 for category lam-dep-suc-khoe, total items: 760
[2025-03-10T09:24:53.527+0000] {tiki_extract_dag.py:169} INFO - Calling API: https://tiki.vn/api/v2/products with params: {'page': 20, 'limit': 50, 'category': '1520'}
[2025-03-10T09:25:04.396+0000] {tiki_extract_dag.py:188} INFO - Extracted page 20/50 for category lam-dep-suc-khoe, total items: 800
[2025-03-10T09:25:14.439+0000] {tiki_extract_dag.py:169} INFO - Calling API: https://tiki.vn/api/v2/products with params: {'page': 21, 'limit': 50, 'category': '1520'}
[2025-03-10T09:25:27.010+0000] {tiki_extract_dag.py:188} INFO - Extracted page 21/50 for category lam-dep-suc-khoe, total items: 840
[2025-03-10T09:25:38.041+0000] {tiki_extract_dag.py:169} INFO - Calling API: https://tiki.vn/api/v2/products with params: {'page': 22, 'limit': 50, 'category': '1520'}
[2025-03-10T09:25:50.624+0000] {tiki_extract_dag.py:188} INFO - Extracted page 22/50 for category lam-dep-suc-khoe, total items: 880
[2025-03-10T09:26:03.006+0000] {tiki_extract_dag.py:169} INFO - Calling API: https://tiki.vn/api/v2/products with params: {'page': 23, 'limit': 50, 'category': '1520'}
[2025-03-10T09:26:15.337+0000] {tiki_extract_dag.py:188} INFO - Extracted page 23/50 for category lam-dep-suc-khoe, total items: 920
[2025-03-10T09:26:26.152+0000] {tiki_extract_dag.py:169} INFO - Calling API: https://tiki.vn/api/v2/products with params: {'page': 24, 'limit': 50, 'category': '1520'}
[2025-03-10T09:26:38.695+0000] {tiki_extract_dag.py:188} INFO - Extracted page 24/50 for category lam-dep-suc-khoe, total items: 960
[2025-03-10T09:26:52.590+0000] {tiki_extract_dag.py:169} INFO - Calling API: https://tiki.vn/api/v2/products with params: {'page': 25, 'limit': 50, 'category': '1520'}
[2025-03-10T09:27:04.438+0000] {tiki_extract_dag.py:188} INFO - Extracted page 25/50 for category lam-dep-suc-khoe, total items: 1000
[2025-03-10T09:27:17.577+0000] {tiki_extract_dag.py:169} INFO - Calling API: https://tiki.vn/api/v2/products with params: {'page': 26, 'limit': 50, 'category': '1520'}
[2025-03-10T09:27:33.222+0000] {tiki_extract_dag.py:188} INFO - Extracted page 26/50 for category lam-dep-suc-khoe, total items: 1040
[2025-03-10T09:27:43.512+0000] {tiki_extract_dag.py:169} INFO - Calling API: https://tiki.vn/api/v2/products with params: {'page': 27, 'limit': 50, 'category': '1520'}
[2025-03-10T09:27:55.236+0000] {tiki_extract_dag.py:188} INFO - Extracted page 27/50 for category lam-dep-suc-khoe, total items: 1080
[2025-03-10T09:28:07.891+0000] {tiki_extract_dag.py:169} INFO - Calling API: https://tiki.vn/api/v2/products with params: {'page': 28, 'limit': 50, 'category': '1520'}
[2025-03-10T09:28:20.170+0000] {tiki_extract_dag.py:188} INFO - Extracted page 28/50 for category lam-dep-suc-khoe, total items: 1120
[2025-03-10T09:28:34.662+0000] {tiki_extract_dag.py:169} INFO - Calling API: https://tiki.vn/api/v2/products with params: {'page': 29, 'limit': 50, 'category': '1520'}
[2025-03-10T09:28:48.737+0000] {tiki_extract_dag.py:188} INFO - Extracted page 29/50 for category lam-dep-suc-khoe, total items: 1160
[2025-03-10T09:29:03.475+0000] {tiki_extract_dag.py:169} INFO - Calling API: https://tiki.vn/api/v2/products with params: {'page': 30, 'limit': 50, 'category': '1520'}
[2025-03-10T09:29:14.919+0000] {tiki_extract_dag.py:188} INFO - Extracted page 30/50 for category lam-dep-suc-khoe, total items: 1200
[2025-03-10T09:29:29.310+0000] {tiki_extract_dag.py:169} INFO - Calling API: https://tiki.vn/api/v2/products with params: {'page': 31, 'limit': 50, 'category': '1520'}
[2025-03-10T09:29:41.221+0000] {tiki_extract_dag.py:188} INFO - Extracted page 31/50 for category lam-dep-suc-khoe, total items: 1240
[2025-03-10T09:29:51.466+0000] {tiki_extract_dag.py:169} INFO - Calling API: https://tiki.vn/api/v2/products with params: {'page': 32, 'limit': 50, 'category': '1520'}
[2025-03-10T09:30:03.650+0000] {tiki_extract_dag.py:188} INFO - Extracted page 32/50 for category lam-dep-suc-khoe, total items: 1280
[2025-03-10T09:30:13.769+0000] {tiki_extract_dag.py:169} INFO - Calling API: https://tiki.vn/api/v2/products with params: {'page': 33, 'limit': 50, 'category': '1520'}
[2025-03-10T09:30:27.078+0000] {tiki_extract_dag.py:188} INFO - Extracted page 33/50 for category lam-dep-suc-khoe, total items: 1320
[2025-03-10T09:30:38.129+0000] {tiki_extract_dag.py:169} INFO - Calling API: https://tiki.vn/api/v2/products with params: {'page': 34, 'limit': 50, 'category': '1520'}
[2025-03-10T09:30:49.890+0000] {tiki_extract_dag.py:188} INFO - Extracted page 34/50 for category lam-dep-suc-khoe, total items: 1360
[2025-03-10T09:31:04.648+0000] {tiki_extract_dag.py:169} INFO - Calling API: https://tiki.vn/api/v2/products with params: {'page': 35, 'limit': 50, 'category': '1520'}
[2025-03-10T09:31:16.263+0000] {tiki_extract_dag.py:188} INFO - Extracted page 35/50 for category lam-dep-suc-khoe, total items: 1400
[2025-03-10T09:31:28.177+0000] {tiki_extract_dag.py:169} INFO - Calling API: https://tiki.vn/api/v2/products with params: {'page': 36, 'limit': 50, 'category': '1520'}
[2025-03-10T09:31:40.206+0000] {tiki_extract_dag.py:188} INFO - Extracted page 36/50 for category lam-dep-suc-khoe, total items: 1440
[2025-03-10T09:31:53.533+0000] {tiki_extract_dag.py:169} INFO - Calling API: https://tiki.vn/api/v2/products with params: {'page': 37, 'limit': 50, 'category': '1520'}
[2025-03-10T09:32:06.360+0000] {tiki_extract_dag.py:188} INFO - Extracted page 37/50 for category lam-dep-suc-khoe, total items: 1480
[2025-03-10T09:32:20.973+0000] {tiki_extract_dag.py:169} INFO - Calling API: https://tiki.vn/api/v2/products with params: {'page': 38, 'limit': 50, 'category': '1520'}
[2025-03-10T09:32:32.424+0000] {tiki_extract_dag.py:188} INFO - Extracted page 38/50 for category lam-dep-suc-khoe, total items: 1520
[2025-03-10T09:32:45.383+0000] {tiki_extract_dag.py:169} INFO - Calling API: https://tiki.vn/api/v2/products with params: {'page': 39, 'limit': 50, 'category': '1520'}
[2025-03-10T09:32:58.565+0000] {tiki_extract_dag.py:188} INFO - Extracted page 39/50 for category lam-dep-suc-khoe, total items: 1560
[2025-03-10T09:33:09.695+0000] {tiki_extract_dag.py:169} INFO - Calling API: https://tiki.vn/api/v2/products with params: {'page': 40, 'limit': 50, 'category': '1520'}
[2025-03-10T09:33:20.629+0000] {tiki_extract_dag.py:188} INFO - Extracted page 40/50 for category lam-dep-suc-khoe, total items: 1600
[2025-03-10T09:33:31.946+0000] {tiki_extract_dag.py:169} INFO - Calling API: https://tiki.vn/api/v2/products with params: {'page': 41, 'limit': 50, 'category': '1520'}
[2025-03-10T09:33:42.253+0000] {tiki_extract_dag.py:119} ERROR - Error fetching details for product 16364383: Expecting value: line 1 column 1 (char 0)
[2025-03-10T09:33:42.401+0000] {tiki_extract_dag.py:119} ERROR - Error fetching details for product 14352946: Expecting value: line 1 column 1 (char 0)
[2025-03-10T09:33:42.577+0000] {tiki_extract_dag.py:119} ERROR - Error fetching details for product 6738207: Expecting value: line 1 column 1 (char 0)
[2025-03-10T09:33:42.578+0000] {tiki_extract_dag.py:188} INFO - Extracted page 41/50 for category lam-dep-suc-khoe, total items: 1640
[2025-03-10T09:33:55.496+0000] {tiki_extract_dag.py:169} INFO - Calling API: https://tiki.vn/api/v2/products with params: {'page': 42, 'limit': 50, 'category': '1520'}
[2025-03-10T09:34:07.668+0000] {tiki_extract_dag.py:188} INFO - Extracted page 42/50 for category lam-dep-suc-khoe, total items: 1680
[2025-03-10T09:34:17.675+0000] {tiki_extract_dag.py:169} INFO - Calling API: https://tiki.vn/api/v2/products with params: {'page': 43, 'limit': 50, 'category': '1520'}
[2025-03-10T09:34:30.325+0000] {tiki_extract_dag.py:188} INFO - Extracted page 43/50 for category lam-dep-suc-khoe, total items: 1720
[2025-03-10T09:34:43.448+0000] {tiki_extract_dag.py:169} INFO - Calling API: https://tiki.vn/api/v2/products with params: {'page': 44, 'limit': 50, 'category': '1520'}
[2025-03-10T09:34:56.095+0000] {tiki_extract_dag.py:188} INFO - Extracted page 44/50 for category lam-dep-suc-khoe, total items: 1760
[2025-03-10T09:35:06.323+0000] {tiki_extract_dag.py:169} INFO - Calling API: https://tiki.vn/api/v2/products with params: {'page': 45, 'limit': 50, 'category': '1520'}
[2025-03-10T09:35:19.304+0000] {tiki_extract_dag.py:188} INFO - Extracted page 45/50 for category lam-dep-suc-khoe, total items: 1800
[2025-03-10T09:35:31.449+0000] {tiki_extract_dag.py:169} INFO - Calling API: https://tiki.vn/api/v2/products with params: {'page': 46, 'limit': 50, 'category': '1520'}
[2025-03-10T09:35:42.767+0000] {tiki_extract_dag.py:188} INFO - Extracted page 46/50 for category lam-dep-suc-khoe, total items: 1840
[2025-03-10T09:35:54.757+0000] {tiki_extract_dag.py:169} INFO - Calling API: https://tiki.vn/api/v2/products with params: {'page': 47, 'limit': 50, 'category': '1520'}
[2025-03-10T09:36:07.250+0000] {tiki_extract_dag.py:188} INFO - Extracted page 47/50 for category lam-dep-suc-khoe, total items: 1880
[2025-03-10T09:36:20.822+0000] {tiki_extract_dag.py:169} INFO - Calling API: https://tiki.vn/api/v2/products with params: {'page': 48, 'limit': 50, 'category': '1520'}
[2025-03-10T09:36:33.928+0000] {tiki_extract_dag.py:188} INFO - Extracted page 48/50 for category lam-dep-suc-khoe, total items: 1920
[2025-03-10T09:36:44.091+0000] {tiki_extract_dag.py:169} INFO - Calling API: https://tiki.vn/api/v2/products with params: {'page': 49, 'limit': 50, 'category': '1520'}
[2025-03-10T09:36:57.234+0000] {tiki_extract_dag.py:188} INFO - Extracted page 49/50 for category lam-dep-suc-khoe, total items: 1960
[2025-03-10T09:37:10.826+0000] {tiki_extract_dag.py:169} INFO - Calling API: https://tiki.vn/api/v2/products with params: {'page': 50, 'limit': 50, 'category': '1520'}
[2025-03-10T09:37:23.738+0000] {tiki_extract_dag.py:188} INFO - Extracted page 50/50 for category lam-dep-suc-khoe, total items: 2000
[2025-03-10T09:37:35.189+0000] {tiki_extract_dag.py:144} INFO - Starting crawl for category dien-thoai-may-tinh-bang (ID: 1789)
[2025-03-10T09:37:35.191+0000] {tiki_extract_dag.py:147} INFO - Calling API: https://tiki.vn/api/v2/products with params: {'page': 1, 'limit': 50, 'category': '1789'}
[2025-03-10T09:37:35.594+0000] {tiki_extract_dag.py:156} INFO - Total pages for dien-thoai-may-tinh-bang: 9 (limited to 50)
[2025-03-10T09:37:47.482+0000] {tiki_extract_dag.py:169} INFO - Calling API: https://tiki.vn/api/v2/products with params: {'page': 2, 'limit': 50, 'category': '1789'}
[2025-03-10T09:37:59.895+0000] {tiki_extract_dag.py:188} INFO - Extracted page 2/9 for category dien-thoai-may-tinh-bang, total items: 2080
[2025-03-10T09:38:10.116+0000] {tiki_extract_dag.py:169} INFO - Calling API: https://tiki.vn/api/v2/products with params: {'page': 3, 'limit': 50, 'category': '1789'}
[2025-03-10T09:38:22.478+0000] {tiki_extract_dag.py:188} INFO - Extracted page 3/9 for category dien-thoai-may-tinh-bang, total items: 2120
[2025-03-10T09:38:33.286+0000] {tiki_extract_dag.py:169} INFO - Calling API: https://tiki.vn/api/v2/products with params: {'page': 4, 'limit': 50, 'category': '1789'}
[2025-03-10T09:38:42.228+0000] {tiki_extract_dag.py:119} ERROR - Error fetching details for product 271467653: Expecting value: line 1 column 1 (char 0)
[2025-03-10T09:38:42.371+0000] {tiki_extract_dag.py:119} ERROR - Error fetching details for product 251448280: Expecting value: line 1 column 1 (char 0)
[2025-03-10T09:38:42.515+0000] {tiki_extract_dag.py:119} ERROR - Error fetching details for product 251407092: Expecting value: line 1 column 1 (char 0)
[2025-03-10T09:38:42.654+0000] {tiki_extract_dag.py:119} ERROR - Error fetching details for product 250113073: Expecting value: line 1 column 1 (char 0)
[2025-03-10T09:38:42.817+0000] {tiki_extract_dag.py:119} ERROR - Error fetching details for product 249890023: Expecting value: line 1 column 1 (char 0)
[2025-03-10T09:38:42.986+0000] {tiki_extract_dag.py:119} ERROR - Error fetching details for product 249143473: Expecting value: line 1 column 1 (char 0)
[2025-03-10T09:38:43.127+0000] {tiki_extract_dag.py:119} ERROR - Error fetching details for product 248005118: Expecting value: line 1 column 1 (char 0)
[2025-03-10T09:38:43.289+0000] {tiki_extract_dag.py:119} ERROR - Error fetching details for product 196197701: Expecting value: line 1 column 1 (char 0)
[2025-03-10T09:38:43.430+0000] {tiki_extract_dag.py:119} ERROR - Error fetching details for product 118486668: Expecting value: line 1 column 1 (char 0)
[2025-03-10T09:38:43.570+0000] {tiki_extract_dag.py:119} ERROR - Error fetching details for product 118100164: Expecting value: line 1 column 1 (char 0)
[2025-03-10T09:38:43.739+0000] {tiki_extract_dag.py:119} ERROR - Error fetching details for product 91281318: Expecting value: line 1 column 1 (char 0)
[2025-03-10T09:38:43.904+0000] {tiki_extract_dag.py:119} ERROR - Error fetching details for product 53380152: Expecting value: line 1 column 1 (char 0)
[2025-03-10T09:38:44.043+0000] {tiki_extract_dag.py:119} ERROR - Error fetching details for product 4048043: Expecting value: line 1 column 1 (char 0)
[2025-03-10T09:38:44.044+0000] {tiki_extract_dag.py:188} INFO - Extracted page 4/9 for category dien-thoai-may-tinh-bang, total items: 2160
[2025-03-10T09:38:55.809+0000] {tiki_extract_dag.py:169} INFO - Calling API: https://tiki.vn/api/v2/products with params: {'page': 5, 'limit': 50, 'category': '1789'}
[2025-03-10T09:39:09.168+0000] {tiki_extract_dag.py:188} INFO - Extracted page 5/9 for category dien-thoai-may-tinh-bang, total items: 2200
[2025-03-10T09:39:21.656+0000] {tiki_extract_dag.py:169} INFO - Calling API: https://tiki.vn/api/v2/products with params: {'page': 6, 'limit': 50, 'category': '1789'}
[2025-03-10T09:39:33.759+0000] {tiki_extract_dag.py:188} INFO - Extracted page 6/9 for category dien-thoai-may-tinh-bang, total items: 2240
[2025-03-10T09:39:45.885+0000] {tiki_extract_dag.py:169} INFO - Calling API: https://tiki.vn/api/v2/products with params: {'page': 7, 'limit': 50, 'category': '1789'}
[2025-03-10T09:39:57.436+0000] {tiki_extract_dag.py:188} INFO - Extracted page 7/9 for category dien-thoai-may-tinh-bang, total items: 2280
[2025-03-10T09:40:08.142+0000] {tiki_extract_dag.py:169} INFO - Calling API: https://tiki.vn/api/v2/products with params: {'page': 8, 'limit': 50, 'category': '1789'}
[2025-03-10T09:40:18.161+0000] {taskinstance.py:3313} ERROR - Task failed with exception
Traceback (most recent call last):
  File "/home/airflow/.local/lib/python3.12/site-packages/airflow/models/taskinstance.py", line 768, in _execute_task
    result = _execute_callable(context=context, **execute_callable_kwargs)
             ^^^^^^^^^^^^^^^^^^^^^^^^^^^^^^^^^^^^^^^^^^^^^^^^^^^^^^^^^^^^^
  File "/home/airflow/.local/lib/python3.12/site-packages/airflow/models/taskinstance.py", line 734, in _execute_callable
    return ExecutionCallableRunner(
           ^^^^^^^^^^^^^^^^^^^^^^^^
  File "/home/airflow/.local/lib/python3.12/site-packages/airflow/utils/operator_helpers.py", line 252, in run
    return self.func(*args, **kwargs)
           ^^^^^^^^^^^^^^^^^^^^^^^^^^
  File "/home/airflow/.local/lib/python3.12/site-packages/airflow/models/baseoperator.py", line 424, in wrapper
    return func(self, *args, **kwargs)
           ^^^^^^^^^^^^^^^^^^^^^^^^^^^
  File "/home/airflow/.local/lib/python3.12/site-packages/airflow/operators/python.py", line 238, in execute
    return_value = self.execute_callable()
                   ^^^^^^^^^^^^^^^^^^^^^^^
  File "/home/airflow/.local/lib/python3.12/site-packages/airflow/operators/python.py", line 256, in execute_callable
    return runner.run(*self.op_args, **self.op_kwargs)
           ^^^^^^^^^^^^^^^^^^^^^^^^^^^^^^^^^^^^^^^^^^^
  File "/home/airflow/.local/lib/python3.12/site-packages/airflow/utils/operator_helpers.py", line 252, in run
    return self.func(*args, **kwargs)
           ^^^^^^^^^^^^^^^^^^^^^^^^^^
  File "/opt/airflow/dags/tiki_extract_dag.py", line 184, in extract_data
    parsed_item = parse_product(item, detailed_item)
                  ^^^^^^^^^^^^^^^^^^^^^^^^^^^^^^^^^^
  File "/opt/airflow/dags/tiki_extract_dag.py", line 90, in parse_product
    'seller_product_id': str(detailed_item.get('current_seller', {}).get('product_id', '')),
                             ^^^^^^^^^^^^^^^^^^^^^^^^^^^^^^^^^^^^^^^^^^^
AttributeError: 'NoneType' object has no attribute 'get'
[2025-03-10T09:40:18.344+0000] {logging_mixin.py:190} INFO - Task instance in failure state
[2025-03-10T09:40:18.345+0000] {logging_mixin.py:190} INFO - Task start:2025-03-10 09:17:13.856777+00:00 end:2025-03-10 09:40:18.334354+00:00 duration:1384.477577
[2025-03-10T09:40:18.347+0000] {logging_mixin.py:190} INFO - Task:<Task(PythonOperator): extract_data> dag:<DAG: tiki_extract_dag> dagrun:<DagRun tiki_extract_dag @ 2025-03-10 09:17:11.640176+00:00: manual__2025-03-10T09:17:11.640176+00:00, state:running, queued_at: 2025-03-10 09:17:11.667672+00:00. externally triggered: True>
[2025-03-10T09:40:18.348+0000] {logging_mixin.py:190} INFO - Failure caused by 'NoneType' object has no attribute 'get'
[2025-03-10T09:40:18.349+0000] {taskinstance.py:1226} INFO - Marking task as UP_FOR_RETRY. dag_id=tiki_extract_dag, task_id=extract_data, run_id=manual__2025-03-10T09:17:11.640176+00:00, execution_date=20250310T091711, start_date=20250310T091713, end_date=20250310T094018
[2025-03-10T09:40:18.461+0000] {taskinstance.py:341} INFO - ::group::Post task execution logs
[2025-03-10T09:40:18.465+0000] {standard_task_runner.py:124} ERROR - Failed to execute job 378 for task extract_data ('NoneType' object has no attribute 'get'; 1669)
Traceback (most recent call last):
  File "/home/airflow/.local/lib/python3.12/site-packages/airflow/task/task_runner/standard_task_runner.py", line 117, in _start_by_fork
    ret = args.func(args, dag=self.dag)
          ^^^^^^^^^^^^^^^^^^^^^^^^^^^^^
  File "/home/airflow/.local/lib/python3.12/site-packages/airflow/cli/cli_config.py", line 49, in command
    return func(*args, **kwargs)
           ^^^^^^^^^^^^^^^^^^^^^
  File "/home/airflow/.local/lib/python3.12/site-packages/airflow/utils/cli.py", line 116, in wrapper
    return f(*args, **kwargs)
           ^^^^^^^^^^^^^^^^^^
  File "/home/airflow/.local/lib/python3.12/site-packages/airflow/cli/commands/task_command.py", line 483, in task_run
    task_return_code = _run_task_by_selected_method(args, _dag, ti)
                       ^^^^^^^^^^^^^^^^^^^^^^^^^^^^^^^^^^^^^^^^^^^^
  File "/home/airflow/.local/lib/python3.12/site-packages/airflow/cli/commands/task_command.py", line 256, in _run_task_by_selected_method
    return _run_raw_task(args, ti)
           ^^^^^^^^^^^^^^^^^^^^^^^
  File "/home/airflow/.local/lib/python3.12/site-packages/airflow/cli/commands/task_command.py", line 341, in _run_raw_task
    return ti._run_raw_task(
           ^^^^^^^^^^^^^^^^^
  File "/home/airflow/.local/lib/python3.12/site-packages/airflow/utils/session.py", line 97, in wrapper
    return func(*args, session=session, **kwargs)
           ^^^^^^^^^^^^^^^^^^^^^^^^^^^^^^^^^^^^^^
  File "/home/airflow/.local/lib/python3.12/site-packages/airflow/models/taskinstance.py", line 3006, in _run_raw_task
    return _run_raw_task(
           ^^^^^^^^^^^^^^
  File "/home/airflow/.local/lib/python3.12/site-packages/airflow/models/taskinstance.py", line 274, in _run_raw_task
    TaskInstance._execute_task_with_callbacks(
  File "/home/airflow/.local/lib/python3.12/site-packages/airflow/models/taskinstance.py", line 3161, in _execute_task_with_callbacks
    result = self._execute_task(context, task_orig)
             ^^^^^^^^^^^^^^^^^^^^^^^^^^^^^^^^^^^^^^
  File "/home/airflow/.local/lib/python3.12/site-packages/airflow/models/taskinstance.py", line 3185, in _execute_task
    return _execute_task(self, context, task_orig)
           ^^^^^^^^^^^^^^^^^^^^^^^^^^^^^^^^^^^^^^^
  File "/home/airflow/.local/lib/python3.12/site-packages/airflow/models/taskinstance.py", line 768, in _execute_task
    result = _execute_callable(context=context, **execute_callable_kwargs)
             ^^^^^^^^^^^^^^^^^^^^^^^^^^^^^^^^^^^^^^^^^^^^^^^^^^^^^^^^^^^^^
  File "/home/airflow/.local/lib/python3.12/site-packages/airflow/models/taskinstance.py", line 734, in _execute_callable
    return ExecutionCallableRunner(
           ^^^^^^^^^^^^^^^^^^^^^^^^
  File "/home/airflow/.local/lib/python3.12/site-packages/airflow/utils/operator_helpers.py", line 252, in run
    return self.func(*args, **kwargs)
           ^^^^^^^^^^^^^^^^^^^^^^^^^^
  File "/home/airflow/.local/lib/python3.12/site-packages/airflow/models/baseoperator.py", line 424, in wrapper
    return func(self, *args, **kwargs)
           ^^^^^^^^^^^^^^^^^^^^^^^^^^^
  File "/home/airflow/.local/lib/python3.12/site-packages/airflow/operators/python.py", line 238, in execute
    return_value = self.execute_callable()
                   ^^^^^^^^^^^^^^^^^^^^^^^
  File "/home/airflow/.local/lib/python3.12/site-packages/airflow/operators/python.py", line 256, in execute_callable
    return runner.run(*self.op_args, **self.op_kwargs)
           ^^^^^^^^^^^^^^^^^^^^^^^^^^^^^^^^^^^^^^^^^^^
  File "/home/airflow/.local/lib/python3.12/site-packages/airflow/utils/operator_helpers.py", line 252, in run
    return self.func(*args, **kwargs)
           ^^^^^^^^^^^^^^^^^^^^^^^^^^
  File "/opt/airflow/dags/tiki_extract_dag.py", line 184, in extract_data
    parsed_item = parse_product(item, detailed_item)
                  ^^^^^^^^^^^^^^^^^^^^^^^^^^^^^^^^^^
  File "/opt/airflow/dags/tiki_extract_dag.py", line 90, in parse_product
    'seller_product_id': str(detailed_item.get('current_seller', {}).get('product_id', '')),
                             ^^^^^^^^^^^^^^^^^^^^^^^^^^^^^^^^^^^^^^^^^^^
AttributeError: 'NoneType' object has no attribute 'get'
[2025-03-10T09:40:18.577+0000] {local_task_job_runner.py:266} INFO - Task exited with return code 1
[2025-03-10T09:40:18.694+0000] {taskinstance.py:3901} INFO - 0 downstream tasks scheduled from follow-on schedule check
[2025-03-10T09:40:18.702+0000] {local_task_job_runner.py:245} INFO - ::endgroup::
