[2025-03-09T10:18:39.795+0000] {local_task_job_runner.py:123} INFO - ::group::Pre task execution logs
[2025-03-09T10:18:39.854+0000] {taskinstance.py:2614} INFO - Dependencies all met for dep_context=non-requeueable deps ti=<TaskInstance: tiki_etl_orchestration.trigger_extract manual__2025-03-09T10:18:32.232485+00:00 [queued]>
[2025-03-09T10:18:39.879+0000] {taskinstance.py:2614} INFO - Dependencies all met for dep_context=requeueable deps ti=<TaskInstance: tiki_etl_orchestration.trigger_extract manual__2025-03-09T10:18:32.232485+00:00 [queued]>
[2025-03-09T10:18:39.880+0000] {taskinstance.py:2867} INFO - Starting attempt 1 of 1
[2025-03-09T10:18:40.294+0000] {taskinstance.py:2890} INFO - Executing <Task(TriggerDagRunOperator): trigger_extract> on 2025-03-09 10:18:32.232485+00:00
[2025-03-09T10:18:40.312+0000] {warnings.py:112} WARNING - /home/***/.local/lib/python3.12/site-packages/***/task/task_runner/standard_task_runner.py:70: DeprecationWarning: This process (pid=87) is multi-threaded, use of fork() may lead to deadlocks in the child.
  pid = os.fork()

[2025-03-09T10:18:40.318+0000] {standard_task_runner.py:72} INFO - Started process 89 to run task
[2025-03-09T10:18:40.318+0000] {standard_task_runner.py:104} INFO - Running: ['***', 'tasks', 'run', 'tiki_etl_orchestration', 'trigger_extract', 'manual__2025-03-09T10:18:32.232485+00:00', '--job-id', '116', '--raw', '--subdir', 'DAGS_FOLDER/tiki_etl_orchestration.py', '--cfg-path', '/tmp/tmpyhlafltj']
[2025-03-09T10:18:40.321+0000] {standard_task_runner.py:105} INFO - Job 116: Subtask trigger_extract
[2025-03-09T10:18:40.447+0000] {task_command.py:467} INFO - Running <TaskInstance: tiki_etl_orchestration.trigger_extract manual__2025-03-09T10:18:32.232485+00:00 [running]> on host 4dc18dee7126
[2025-03-09T10:18:40.651+0000] {taskinstance.py:3134} INFO - Exporting env vars: AIRFLOW_CTX_DAG_OWNER='***' AIRFLOW_CTX_DAG_ID='tiki_etl_orchestration' AIRFLOW_CTX_TASK_ID='trigger_extract' AIRFLOW_CTX_EXECUTION_DATE='2025-03-09T10:18:32.232485+00:00' AIRFLOW_CTX_TRY_NUMBER='1' AIRFLOW_CTX_DAG_RUN_ID='manual__2025-03-09T10:18:32.232485+00:00'
[2025-03-09T10:18:40.654+0000] {logging_mixin.py:190} INFO - Task instance is in running state
[2025-03-09T10:18:40.655+0000] {logging_mixin.py:190} INFO -  Previous state of the Task instance: queued
[2025-03-09T10:18:40.656+0000] {logging_mixin.py:190} INFO - Current task name:trigger_extract state:running start_date:2025-03-09 10:18:39.855456+00:00
[2025-03-09T10:18:40.657+0000] {logging_mixin.py:190} INFO - Dag name:tiki_etl_orchestration and current dag run status:running
[2025-03-09T10:18:40.658+0000] {taskinstance.py:732} INFO - ::endgroup::
[2025-03-09T10:18:40.819+0000] {trigger_dagrun.py:257} INFO - Waiting for tiki_extract_dag on 2025-03-09 10:18:40.659649+00:00 to become allowed state ['success'] ...
[2025-03-09T10:18:50.838+0000] {trigger_dagrun.py:257} INFO - Waiting for tiki_extract_dag on 2025-03-09 10:18:40.659649+00:00 to become allowed state ['success'] ...
[2025-03-09T10:19:00.858+0000] {trigger_dagrun.py:257} INFO - Waiting for tiki_extract_dag on 2025-03-09 10:18:40.659649+00:00 to become allowed state ['success'] ...
[2025-03-09T10:19:10.870+0000] {trigger_dagrun.py:257} INFO - Waiting for tiki_extract_dag on 2025-03-09 10:18:40.659649+00:00 to become allowed state ['success'] ...
[2025-03-09T10:19:20.884+0000] {trigger_dagrun.py:257} INFO - Waiting for tiki_extract_dag on 2025-03-09 10:18:40.659649+00:00 to become allowed state ['success'] ...
[2025-03-09T10:19:30.901+0000] {trigger_dagrun.py:257} INFO - Waiting for tiki_extract_dag on 2025-03-09 10:18:40.659649+00:00 to become allowed state ['success'] ...
[2025-03-09T10:19:40.916+0000] {trigger_dagrun.py:257} INFO - Waiting for tiki_extract_dag on 2025-03-09 10:18:40.659649+00:00 to become allowed state ['success'] ...
[2025-03-09T10:19:50.932+0000] {trigger_dagrun.py:257} INFO - Waiting for tiki_extract_dag on 2025-03-09 10:18:40.659649+00:00 to become allowed state ['success'] ...
[2025-03-09T10:20:00.950+0000] {trigger_dagrun.py:257} INFO - Waiting for tiki_extract_dag on 2025-03-09 10:18:40.659649+00:00 to become allowed state ['success'] ...
[2025-03-09T10:20:10.964+0000] {trigger_dagrun.py:257} INFO - Waiting for tiki_extract_dag on 2025-03-09 10:18:40.659649+00:00 to become allowed state ['success'] ...
[2025-03-09T10:20:20.978+0000] {trigger_dagrun.py:257} INFO - Waiting for tiki_extract_dag on 2025-03-09 10:18:40.659649+00:00 to become allowed state ['success'] ...
[2025-03-09T10:20:30.995+0000] {trigger_dagrun.py:257} INFO - Waiting for tiki_extract_dag on 2025-03-09 10:18:40.659649+00:00 to become allowed state ['success'] ...
[2025-03-09T10:20:41.010+0000] {trigger_dagrun.py:257} INFO - Waiting for tiki_extract_dag on 2025-03-09 10:18:40.659649+00:00 to become allowed state ['success'] ...
[2025-03-09T10:20:51.026+0000] {trigger_dagrun.py:257} INFO - Waiting for tiki_extract_dag on 2025-03-09 10:18:40.659649+00:00 to become allowed state ['success'] ...
[2025-03-09T10:21:01.042+0000] {trigger_dagrun.py:257} INFO - Waiting for tiki_extract_dag on 2025-03-09 10:18:40.659649+00:00 to become allowed state ['success'] ...
[2025-03-09T10:21:11.058+0000] {trigger_dagrun.py:257} INFO - Waiting for tiki_extract_dag on 2025-03-09 10:18:40.659649+00:00 to become allowed state ['success'] ...
[2025-03-09T10:21:21.075+0000] {trigger_dagrun.py:257} INFO - Waiting for tiki_extract_dag on 2025-03-09 10:18:40.659649+00:00 to become allowed state ['success'] ...
[2025-03-09T10:21:31.090+0000] {trigger_dagrun.py:257} INFO - Waiting for tiki_extract_dag on 2025-03-09 10:18:40.659649+00:00 to become allowed state ['success'] ...
[2025-03-09T10:21:41.103+0000] {trigger_dagrun.py:257} INFO - Waiting for tiki_extract_dag on 2025-03-09 10:18:40.659649+00:00 to become allowed state ['success'] ...
[2025-03-09T10:21:51.117+0000] {trigger_dagrun.py:257} INFO - Waiting for tiki_extract_dag on 2025-03-09 10:18:40.659649+00:00 to become allowed state ['success'] ...
[2025-03-09T10:22:01.134+0000] {trigger_dagrun.py:257} INFO - Waiting for tiki_extract_dag on 2025-03-09 10:18:40.659649+00:00 to become allowed state ['success'] ...
[2025-03-09T10:22:11.147+0000] {trigger_dagrun.py:257} INFO - Waiting for tiki_extract_dag on 2025-03-09 10:18:40.659649+00:00 to become allowed state ['success'] ...
[2025-03-09T10:22:21.163+0000] {trigger_dagrun.py:257} INFO - Waiting for tiki_extract_dag on 2025-03-09 10:18:40.659649+00:00 to become allowed state ['success'] ...
[2025-03-09T10:22:31.178+0000] {trigger_dagrun.py:257} INFO - Waiting for tiki_extract_dag on 2025-03-09 10:18:40.659649+00:00 to become allowed state ['success'] ...
[2025-03-09T10:22:41.193+0000] {trigger_dagrun.py:257} INFO - Waiting for tiki_extract_dag on 2025-03-09 10:18:40.659649+00:00 to become allowed state ['success'] ...
[2025-03-09T10:22:51.207+0000] {trigger_dagrun.py:257} INFO - Waiting for tiki_extract_dag on 2025-03-09 10:18:40.659649+00:00 to become allowed state ['success'] ...
[2025-03-09T10:23:01.222+0000] {trigger_dagrun.py:257} INFO - Waiting for tiki_extract_dag on 2025-03-09 10:18:40.659649+00:00 to become allowed state ['success'] ...
[2025-03-09T10:23:11.233+0000] {trigger_dagrun.py:257} INFO - Waiting for tiki_extract_dag on 2025-03-09 10:18:40.659649+00:00 to become allowed state ['success'] ...
[2025-03-09T10:23:21.249+0000] {trigger_dagrun.py:257} INFO - Waiting for tiki_extract_dag on 2025-03-09 10:18:40.659649+00:00 to become allowed state ['success'] ...
[2025-03-09T10:23:31.263+0000] {trigger_dagrun.py:257} INFO - Waiting for tiki_extract_dag on 2025-03-09 10:18:40.659649+00:00 to become allowed state ['success'] ...
[2025-03-09T10:23:41.278+0000] {trigger_dagrun.py:257} INFO - Waiting for tiki_extract_dag on 2025-03-09 10:18:40.659649+00:00 to become allowed state ['success'] ...
[2025-03-09T10:23:51.294+0000] {trigger_dagrun.py:257} INFO - Waiting for tiki_extract_dag on 2025-03-09 10:18:40.659649+00:00 to become allowed state ['success'] ...
[2025-03-09T10:24:01.309+0000] {trigger_dagrun.py:257} INFO - Waiting for tiki_extract_dag on 2025-03-09 10:18:40.659649+00:00 to become allowed state ['success'] ...
[2025-03-09T10:24:11.325+0000] {trigger_dagrun.py:257} INFO - Waiting for tiki_extract_dag on 2025-03-09 10:18:40.659649+00:00 to become allowed state ['success'] ...
[2025-03-09T10:24:21.340+0000] {trigger_dagrun.py:257} INFO - Waiting for tiki_extract_dag on 2025-03-09 10:18:40.659649+00:00 to become allowed state ['success'] ...
[2025-03-09T10:24:31.354+0000] {trigger_dagrun.py:257} INFO - Waiting for tiki_extract_dag on 2025-03-09 10:18:40.659649+00:00 to become allowed state ['success'] ...
[2025-03-09T10:24:41.365+0000] {trigger_dagrun.py:257} INFO - Waiting for tiki_extract_dag on 2025-03-09 10:18:40.659649+00:00 to become allowed state ['success'] ...
[2025-03-09T10:24:51.381+0000] {trigger_dagrun.py:257} INFO - Waiting for tiki_extract_dag on 2025-03-09 10:18:40.659649+00:00 to become allowed state ['success'] ...
[2025-03-09T10:25:01.397+0000] {trigger_dagrun.py:257} INFO - Waiting for tiki_extract_dag on 2025-03-09 10:18:40.659649+00:00 to become allowed state ['success'] ...
[2025-03-09T10:25:11.410+0000] {trigger_dagrun.py:257} INFO - Waiting for tiki_extract_dag on 2025-03-09 10:18:40.659649+00:00 to become allowed state ['success'] ...
[2025-03-09T10:25:21.425+0000] {trigger_dagrun.py:257} INFO - Waiting for tiki_extract_dag on 2025-03-09 10:18:40.659649+00:00 to become allowed state ['success'] ...
[2025-03-09T10:25:31.439+0000] {trigger_dagrun.py:257} INFO - Waiting for tiki_extract_dag on 2025-03-09 10:18:40.659649+00:00 to become allowed state ['success'] ...
[2025-03-09T10:25:41.450+0000] {trigger_dagrun.py:257} INFO - Waiting for tiki_extract_dag on 2025-03-09 10:18:40.659649+00:00 to become allowed state ['success'] ...
[2025-03-09T10:25:51.465+0000] {trigger_dagrun.py:257} INFO - Waiting for tiki_extract_dag on 2025-03-09 10:18:40.659649+00:00 to become allowed state ['success'] ...
[2025-03-09T10:26:01.480+0000] {trigger_dagrun.py:271} INFO - tiki_extract_dag finished with allowed state success
[2025-03-09T10:26:01.503+0000] {taskinstance.py:341} INFO - ::group::Post task execution logs
[2025-03-09T10:26:01.505+0000] {taskinstance.py:353} INFO - Marking task as SUCCESS. dag_id=tiki_etl_orchestration, task_id=trigger_extract, run_id=manual__2025-03-09T10:18:32.232485+00:00, execution_date=20250309T101832, start_date=20250309T101839, end_date=20250309T102601
[2025-03-09T10:26:01.506+0000] {taskinstance.py:1564} INFO - Executing callback at index 0: set_execution_date
[2025-03-09T10:26:01.508+0000] {taskinstance.py:1568} ERROR - Error in callback at index 0: set_execution_date
Traceback (most recent call last):
  File "/home/airflow/.local/lib/python3.12/site-packages/airflow/models/taskinstance.py", line 1566, in _run_finished_callback
    callback(context)
TypeError: set_execution_date() missing 1 required positional argument: 'dag_run_obj'
[2025-03-09T10:26:01.572+0000] {logging_mixin.py:190} INFO - Task instance in success state
[2025-03-09T10:26:01.574+0000] {logging_mixin.py:190} INFO -  Previous state of the Task instance: running
[2025-03-09T10:26:01.574+0000] {logging_mixin.py:190} INFO - Dag name:tiki_etl_orchestration queued_at:2025-03-09 10:18:33.062158+00:00
[2025-03-09T10:26:01.575+0000] {logging_mixin.py:190} INFO - Task hostname:4dc18dee7126 operator:TriggerDagRunOperator
[2025-03-09T10:26:01.636+0000] {local_task_job_runner.py:266} INFO - Task exited with return code 0
[2025-03-09T10:26:01.702+0000] {taskinstance.py:3901} INFO - 1 downstream tasks scheduled from follow-on schedule check
[2025-03-09T10:26:01.709+0000] {local_task_job_runner.py:245} INFO - ::endgroup::
