[2025-03-11T17:49:05.471+0000] {local_task_job_runner.py:123} INFO - ::group::Pre task execution logs
[2025-03-11T17:49:05.513+0000] {taskinstance.py:2614} INFO - Dependencies all met for dep_context=non-requeueable deps ti=<TaskInstance: tiki_etl_orchestration.transform_data manual__2025-03-11T17:16:49.952427+00:00 [queued]>
[2025-03-11T17:49:05.770+0000] {taskinstance.py:2614} INFO - Dependencies all met for dep_context=requeueable deps ti=<TaskInstance: tiki_etl_orchestration.transform_data manual__2025-03-11T17:16:49.952427+00:00 [queued]>
[2025-03-11T17:49:05.772+0000] {taskinstance.py:2867} INFO - Starting attempt 2 of 4
[2025-03-11T17:49:05.806+0000] {taskinstance.py:2890} INFO - Executing <Task(TriggerDagRunOperator): transform_data> on 2025-03-11 17:16:49.952427+00:00
[2025-03-11T17:49:05.822+0000] {warnings.py:112} WARNING - /home/***/.local/lib/python3.12/site-packages/***/task/task_runner/standard_task_runner.py:70: DeprecationWarning: This process (pid=1043) is multi-threaded, use of fork() may lead to deadlocks in the child.
  pid = os.fork()

[2025-03-11T17:49:05.825+0000] {standard_task_runner.py:72} INFO - Started process 1045 to run task
[2025-03-11T17:49:05.825+0000] {standard_task_runner.py:104} INFO - Running: ['***', 'tasks', 'run', 'tiki_etl_orchestration', 'transform_data', 'manual__2025-03-11T17:16:49.952427+00:00', '--job-id', '618', '--raw', '--subdir', 'DAGS_FOLDER/tiki_etl_orchestration.py', '--cfg-path', '/tmp/tmps7m318ds']
[2025-03-11T17:49:05.827+0000] {standard_task_runner.py:105} INFO - Job 618: Subtask transform_data
[2025-03-11T17:49:05.924+0000] {task_command.py:467} INFO - Running <TaskInstance: tiki_etl_orchestration.transform_data manual__2025-03-11T17:16:49.952427+00:00 [running]> on host 5c8190d7da62
[2025-03-11T17:49:06.123+0000] {taskinstance.py:3134} INFO - Exporting env vars: AIRFLOW_CTX_DAG_OWNER='***' AIRFLOW_CTX_DAG_ID='tiki_etl_orchestration' AIRFLOW_CTX_TASK_ID='transform_data' AIRFLOW_CTX_EXECUTION_DATE='2025-03-11T17:16:49.952427+00:00' AIRFLOW_CTX_TRY_NUMBER='2' AIRFLOW_CTX_DAG_RUN_ID='manual__2025-03-11T17:16:49.952427+00:00'
[2025-03-11T17:49:06.126+0000] {logging_mixin.py:190} INFO - Task instance is in running state
[2025-03-11T17:49:06.127+0000] {logging_mixin.py:190} INFO -  Previous state of the Task instance: queued
[2025-03-11T17:49:06.128+0000] {logging_mixin.py:190} INFO - Current task name:transform_data state:running start_date:2025-03-11 17:49:05.514475+00:00
[2025-03-11T17:49:06.129+0000] {logging_mixin.py:190} INFO - Dag name:tiki_etl_orchestration and current dag run status:running
[2025-03-11T17:49:06.130+0000] {taskinstance.py:732} INFO - ::endgroup::
[2025-03-11T17:49:06.285+0000] {trigger_dagrun.py:257} INFO - Waiting for tiki_transform_dag on 2025-03-11 17:49:06.131627+00:00 to become allowed state ['success'] ...
[2025-03-11T17:50:06.297+0000] {trigger_dagrun.py:257} INFO - Waiting for tiki_transform_dag on 2025-03-11 17:49:06.131627+00:00 to become allowed state ['success'] ...
[2025-03-11T17:51:06.302+0000] {trigger_dagrun.py:257} INFO - Waiting for tiki_transform_dag on 2025-03-11 17:49:06.131627+00:00 to become allowed state ['success'] ...
[2025-03-11T17:52:06.308+0000] {trigger_dagrun.py:257} INFO - Waiting for tiki_transform_dag on 2025-03-11 17:49:06.131627+00:00 to become allowed state ['success'] ...
[2025-03-11T17:53:06.314+0000] {trigger_dagrun.py:257} INFO - Waiting for tiki_transform_dag on 2025-03-11 17:49:06.131627+00:00 to become allowed state ['success'] ...
[2025-03-11T17:54:06.320+0000] {trigger_dagrun.py:257} INFO - Waiting for tiki_transform_dag on 2025-03-11 17:49:06.131627+00:00 to become allowed state ['success'] ...
[2025-03-11T17:55:06.333+0000] {trigger_dagrun.py:271} INFO - tiki_transform_dag finished with allowed state success
[2025-03-11T17:55:06.360+0000] {taskinstance.py:341} INFO - ::group::Post task execution logs
[2025-03-11T17:55:06.362+0000] {taskinstance.py:353} INFO - Marking task as SUCCESS. dag_id=tiki_etl_orchestration, task_id=transform_data, run_id=manual__2025-03-11T17:16:49.952427+00:00, execution_date=20250311T171649, start_date=20250311T174905, end_date=20250311T175506
[2025-03-11T17:55:06.401+0000] {logging_mixin.py:190} INFO - Task instance in success state
[2025-03-11T17:55:06.403+0000] {logging_mixin.py:190} INFO -  Previous state of the Task instance: running
[2025-03-11T17:55:06.405+0000] {logging_mixin.py:190} INFO - Dag name:tiki_etl_orchestration queued_at:2025-03-11 17:16:51.079914+00:00
[2025-03-11T17:55:06.406+0000] {logging_mixin.py:190} INFO - Task hostname:5c8190d7da62 operator:TriggerDagRunOperator
[2025-03-11T17:55:06.445+0000] {local_task_job_runner.py:266} INFO - Task exited with return code 0
[2025-03-11T17:55:06.480+0000] {taskinstance.py:3901} INFO - 1 downstream tasks scheduled from follow-on schedule check
[2025-03-11T17:55:06.483+0000] {local_task_job_runner.py:245} INFO - ::endgroup::
