[2025-03-10T10:10:03.494+0000] {local_task_job_runner.py:123} INFO - ::group::Pre task execution logs
[2025-03-10T10:10:03.562+0000] {taskinstance.py:2614} INFO - Dependencies all met for dep_context=non-requeueable deps ti=<TaskInstance: tiki_extract_dag.crawl_lam-dep-suc-khoe manual__2025-03-10T09:17:11.640176+00:00 [queued]>
[2025-03-10T10:10:03.596+0000] {taskinstance.py:2614} INFO - Dependencies all met for dep_context=requeueable deps ti=<TaskInstance: tiki_extract_dag.crawl_lam-dep-suc-khoe manual__2025-03-10T09:17:11.640176+00:00 [queued]>
[2025-03-10T10:10:03.598+0000] {taskinstance.py:2867} INFO - Starting attempt 1 of 4
[2025-03-10T10:10:03.642+0000] {taskinstance.py:2890} INFO - Executing <Task(PythonOperator): crawl_lam-dep-suc-khoe> on 2025-03-10 09:17:11.640176+00:00
[2025-03-10T10:10:03.710+0000] {warnings.py:112} WARNING - /home/***/.local/lib/python3.12/site-packages/***/task/task_runner/standard_task_runner.py:70: DeprecationWarning: This process (pid=2409) is multi-threaded, use of fork() may lead to deadlocks in the child.
  pid = os.fork()

[2025-03-10T10:10:03.715+0000] {standard_task_runner.py:72} INFO - Started process 2437 to run task
[2025-03-10T10:10:03.715+0000] {standard_task_runner.py:104} INFO - Running: ['***', 'tasks', 'run', 'tiki_extract_dag', 'crawl_lam-dep-suc-khoe', 'manual__2025-03-10T09:17:11.640176+00:00', '--job-id', '401', '--raw', '--subdir', 'DAGS_FOLDER/tiki_extract_dag.py', '--cfg-path', '/tmp/tmpefwpmilk']
[2025-03-10T10:10:03.720+0000] {standard_task_runner.py:105} INFO - Job 401: Subtask crawl_lam-dep-suc-khoe
[2025-03-10T10:10:03.998+0000] {task_command.py:467} INFO - Running <TaskInstance: tiki_extract_dag.crawl_lam-dep-suc-khoe manual__2025-03-10T09:17:11.640176+00:00 [running]> on host c77555d100c4
[2025-03-10T10:10:07.523+0000] {taskinstance.py:3134} INFO - Exporting env vars: AIRFLOW_CTX_DAG_OWNER='***' AIRFLOW_CTX_DAG_ID='tiki_extract_dag' AIRFLOW_CTX_TASK_ID='crawl_lam-dep-suc-khoe' AIRFLOW_CTX_EXECUTION_DATE='2025-03-10T09:17:11.640176+00:00' AIRFLOW_CTX_TRY_NUMBER='1' AIRFLOW_CTX_DAG_RUN_ID='manual__2025-03-10T09:17:11.640176+00:00'
[2025-03-10T10:10:07.526+0000] {logging_mixin.py:190} INFO - Task instance is in running state
[2025-03-10T10:10:07.527+0000] {logging_mixin.py:190} INFO -  Previous state of the Task instance: queued
[2025-03-10T10:10:07.528+0000] {logging_mixin.py:190} INFO - Current task name:crawl_lam-dep-suc-khoe state:running start_date:2025-03-10 10:10:03.564814+00:00
[2025-03-10T10:10:07.529+0000] {logging_mixin.py:190} INFO - Dag name:tiki_extract_dag and current dag run status:running
[2025-03-10T10:10:07.530+0000] {taskinstance.py:732} INFO - ::endgroup::
[2025-03-10T10:10:12.201+0000] {tiki_extract_dag.py:132} INFO - Starting crawl for category lam-dep-suc-khoe (ID: 1520)
[2025-03-10T10:10:12.202+0000] {tiki_extract_dag.py:134} INFO - Calling API: https://tiki.vn/api/v2/products with params: {'page': 1, 'limit': 50, 'category': '1520'}
[2025-03-10T10:10:12.598+0000] {tiki_extract_dag.py:143} INFO - Total pages for lam-dep-suc-khoe: 50 (limited to 50)
[2025-03-10T10:10:38.227+0000] {connectionpool.py:868} WARNING - Retrying (Retry(total=4, connect=5, read=4, redirect=None, status=None)) after connection broken by 'ReadTimeoutError("HTTPSConnectionPool(host='tiki.vn', port=443): Read timed out. (read timeout=15)")': /api/v2/products/191680827
[2025-03-10T10:10:43.045+0000] {job.py:229} INFO - Heartbeat recovered after 27.02 seconds
[2025-03-10T10:11:12.231+0000] {connectionpool.py:868} WARNING - Retrying (Retry(total=4, connect=5, read=4, redirect=None, status=None)) after connection broken by 'ReadTimeoutError("HTTPSConnectionPool(host='tiki.vn', port=443): Read timed out. (read timeout=15)")': /api/v2/products/127026903
[2025-03-10T10:11:17.064+0000] {job.py:229} INFO - Heartbeat recovered after 20.71 seconds
[2025-03-10T10:11:21.816+0000] {tiki_extract_dag.py:119} ERROR - Error fetching details for product 108535251: Expecting value: line 1 column 1 (char 0)
[2025-03-10T10:11:21.959+0000] {tiki_extract_dag.py:119} ERROR - Error fetching details for product 95253531: Expecting value: line 1 column 1 (char 0)
[2025-03-10T10:11:22.110+0000] {tiki_extract_dag.py:119} ERROR - Error fetching details for product 93078800: Expecting value: line 1 column 1 (char 0)
[2025-03-10T10:11:22.258+0000] {tiki_extract_dag.py:119} ERROR - Error fetching details for product 91565733: Expecting value: line 1 column 1 (char 0)
[2025-03-10T10:11:40.582+0000] {tiki_extract_dag.py:119} ERROR - Error fetching details for product 5560235: Expecting value: line 1 column 1 (char 0)
[2025-03-10T10:11:40.754+0000] {tiki_extract_dag.py:119} ERROR - Error fetching details for product 2042227: Expecting value: line 1 column 1 (char 0)
[2025-03-10T10:11:40.917+0000] {tiki_extract_dag.py:119} ERROR - Error fetching details for product 1672211: Expecting value: line 1 column 1 (char 0)
[2025-03-10T10:11:41.081+0000] {tiki_extract_dag.py:119} ERROR - Error fetching details for product 1672157: Expecting value: line 1 column 1 (char 0)
[2025-03-10T10:11:41.218+0000] {tiki_extract_dag.py:119} ERROR - Error fetching details for product 1672155: Expecting value: line 1 column 1 (char 0)
[2025-03-10T10:11:41.359+0000] {tiki_extract_dag.py:119} ERROR - Error fetching details for product 1672153: Expecting value: line 1 column 1 (char 0)
[2025-03-10T10:11:41.500+0000] {tiki_extract_dag.py:119} ERROR - Error fetching details for product 1634983: Expecting value: line 1 column 1 (char 0)
[2025-03-10T10:11:41.646+0000] {tiki_extract_dag.py:119} ERROR - Error fetching details for product 1634981: Expecting value: line 1 column 1 (char 0)
[2025-03-10T10:11:41.788+0000] {tiki_extract_dag.py:119} ERROR - Error fetching details for product 1537315: Expecting value: line 1 column 1 (char 0)
[2025-03-10T10:11:41.927+0000] {tiki_extract_dag.py:119} ERROR - Error fetching details for product 767101: Expecting value: line 1 column 1 (char 0)
[2025-03-10T10:11:42.067+0000] {tiki_extract_dag.py:119} ERROR - Error fetching details for product 632680: Expecting value: line 1 column 1 (char 0)
[2025-03-10T10:11:42.229+0000] {tiki_extract_dag.py:119} ERROR - Error fetching details for product 385654: Expecting value: line 1 column 1 (char 0)
[2025-03-10T10:11:42.400+0000] {tiki_extract_dag.py:119} ERROR - Error fetching details for product 385582: Expecting value: line 1 column 1 (char 0)
[2025-03-10T10:11:42.403+0000] {tiki_extract_dag.py:156} INFO - Calling API: https://tiki.vn/api/v2/products with params: {'page': 2, 'limit': 50, 'category': '1520'}
[2025-03-10T10:11:42.560+0000] {tiki_extract_dag.py:178} ERROR - API error at page 2 in category lam-dep-suc-khoe: Expecting value: line 1 column 1 (char 0)
[2025-03-10T10:11:46.944+0000] {tiki_extract_dag.py:50} INFO - Updated crawled products at tiki-pipeline/tiki_crawled/crawled_products.json
[2025-03-10T10:11:46.946+0000] {tiki_extract_dag.py:192} INFO - Uploaded raw data to tiki-pipeline/raw_data/lam-dep-suc-khoe_20250310_101142.json, total items: 40
[2025-03-10T10:11:47.291+0000] {tiki_extract_dag.py:204} INFO - Saved metadata to tiki-pipeline/metadata/lam-dep-suc-khoe_extract_run_metadata_20250310_101142.json
[2025-03-10T10:11:47.298+0000] {python.py:240} INFO - Done. Returned value was: None
[2025-03-10T10:11:47.465+0000] {taskinstance.py:341} INFO - ::group::Post task execution logs
[2025-03-10T10:11:47.472+0000] {taskinstance.py:353} INFO - Marking task as SUCCESS. dag_id=tiki_extract_dag, task_id=crawl_lam-dep-suc-khoe, run_id=manual__2025-03-10T09:17:11.640176+00:00, execution_date=20250310T091711, start_date=20250310T101003, end_date=20250310T101147
[2025-03-10T10:11:47.696+0000] {logging_mixin.py:190} INFO - Task instance in success state
[2025-03-10T10:11:47.698+0000] {logging_mixin.py:190} INFO -  Previous state of the Task instance: running
[2025-03-10T10:11:47.699+0000] {logging_mixin.py:190} INFO - Dag name:tiki_extract_dag queued_at:2025-03-10 09:17:11.667672+00:00
[2025-03-10T10:11:47.700+0000] {logging_mixin.py:190} INFO - Task hostname:c77555d100c4 operator:PythonOperator
[2025-03-10T10:11:47.875+0000] {local_task_job_runner.py:266} INFO - Task exited with return code 0
[2025-03-10T10:11:47.899+0000] {standard_task_runner.py:217} INFO - Process not found (most likely exited), stop collecting metrics
[2025-03-10T10:11:48.106+0000] {taskinstance.py:3901} INFO - 0 downstream tasks scheduled from follow-on schedule check
[2025-03-10T10:11:48.114+0000] {local_task_job_runner.py:245} INFO - ::endgroup::
