[2025-03-10T10:38:53.460+0000] {local_task_job_runner.py:123} INFO - ::group::Pre task execution logs
[2025-03-10T10:38:53.572+0000] {taskinstance.py:2614} INFO - Dependencies all met for dep_context=non-requeueable deps ti=<TaskInstance: tiki_extract_dag.crawl_sach manual__2025-03-10T10:33:29.927545+00:00 [queued]>
[2025-03-10T10:38:53.635+0000] {taskinstance.py:2614} INFO - Dependencies all met for dep_context=requeueable deps ti=<TaskInstance: tiki_extract_dag.crawl_sach manual__2025-03-10T10:33:29.927545+00:00 [queued]>
[2025-03-10T10:38:53.637+0000] {taskinstance.py:2867} INFO - Starting attempt 1 of 4
[2025-03-10T10:38:53.839+0000] {taskinstance.py:2890} INFO - Executing <Task(PythonOperator): crawl_sach> on 2025-03-10 10:33:29.927545+00:00
[2025-03-10T10:38:54.114+0000] {warnings.py:112} WARNING - /home/***/.local/lib/python3.12/site-packages/***/task/task_runner/standard_task_runner.py:70: DeprecationWarning: This process (pid=191) is multi-threaded, use of fork() may lead to deadlocks in the child.
  pid = os.fork()

[2025-03-10T10:38:54.149+0000] {standard_task_runner.py:72} INFO - Started process 217 to run task
[2025-03-10T10:38:54.178+0000] {standard_task_runner.py:104} INFO - Running: ['***', 'tasks', 'run', 'tiki_extract_dag', 'crawl_sach', 'manual__2025-03-10T10:33:29.927545+00:00', '--job-id', '459', '--raw', '--subdir', 'DAGS_FOLDER/tiki_extract_dag.py', '--cfg-path', '/tmp/tmpuwqjc0nf']
[2025-03-10T10:38:54.203+0000] {standard_task_runner.py:105} INFO - Job 459: Subtask crawl_sach
[2025-03-10T10:38:54.718+0000] {task_command.py:467} INFO - Running <TaskInstance: tiki_extract_dag.crawl_sach manual__2025-03-10T10:33:29.927545+00:00 [running]> on host 0c9fb3f19112
[2025-03-10T10:39:03.828+0000] {taskinstance.py:3134} INFO - Exporting env vars: AIRFLOW_CTX_DAG_OWNER='***' AIRFLOW_CTX_DAG_ID='tiki_extract_dag' AIRFLOW_CTX_TASK_ID='crawl_sach' AIRFLOW_CTX_EXECUTION_DATE='2025-03-10T10:33:29.927545+00:00' AIRFLOW_CTX_TRY_NUMBER='1' AIRFLOW_CTX_DAG_RUN_ID='manual__2025-03-10T10:33:29.927545+00:00'
[2025-03-10T10:39:03.855+0000] {logging_mixin.py:190} INFO - Task instance is in running state
[2025-03-10T10:39:03.878+0000] {logging_mixin.py:190} INFO -  Previous state of the Task instance: queued
[2025-03-10T10:39:03.879+0000] {logging_mixin.py:190} INFO - Current task name:crawl_sach state:running start_date:2025-03-10 10:38:53.579112+00:00
[2025-03-10T10:39:03.895+0000] {logging_mixin.py:190} INFO - Dag name:tiki_extract_dag and current dag run status:running
[2025-03-10T10:39:03.897+0000] {taskinstance.py:732} INFO - ::endgroup::
[2025-03-10T10:39:10.762+0000] {tiki_extract_dag.py:132} INFO - Starting crawl for category sach (ID: 8322)
[2025-03-10T10:39:10.766+0000] {tiki_extract_dag.py:134} INFO - Calling API: https://tiki.vn/api/v2/products with params: {'page': 1, 'limit': 40, 'category': '8322'}
[2025-03-10T10:39:12.743+0000] {tiki_extract_dag.py:143} INFO - Total pages for sach: 50 (limited to 50)
[2025-03-10T10:39:35.596+0000] {connectionpool.py:868} WARNING - Retrying (Retry(total=3, connect=5, read=4, redirect=None, status=None)) after connection broken by 'ReadTimeoutError("HTTPSConnectionPool(host='tiki.vn', port=443): Read timed out. (read timeout=15)")': /api/v2/products/275702538
[2025-03-10T10:39:36.788+0000] {job.py:229} INFO - Heartbeat recovered after 20.47 seconds
[2025-03-10T10:39:55.729+0000] {connectionpool.py:868} WARNING - Retrying (Retry(total=4, connect=4, read=5, redirect=None, status=None)) after connection broken by 'NameResolutionError("<urllib3.connection.HTTPSConnection object at 0x7f8e6723aea0>: Failed to resolve 'maintenance.tiki.vn' ([Errno -3] Temporary failure in name resolution)")': /
[2025-03-10T10:40:04.192+0000] {job.py:229} INFO - Heartbeat recovered after 21.89 seconds
[2025-03-10T10:40:04.751+0000] {tiki_extract_dag.py:119} ERROR - Error fetching details for product 263070154: Expecting value: line 1 column 1 (char 0)
[2025-03-10T10:40:04.908+0000] {tiki_extract_dag.py:119} ERROR - Error fetching details for product 225269677: Expecting value: line 1 column 1 (char 0)
[2025-03-10T10:40:05.084+0000] {tiki_extract_dag.py:119} ERROR - Error fetching details for product 209389165: Expecting value: line 1 column 1 (char 0)
[2025-03-10T10:40:05.258+0000] {tiki_extract_dag.py:119} ERROR - Error fetching details for product 196932307: Expecting value: line 1 column 1 (char 0)
[2025-03-10T10:40:05.402+0000] {tiki_extract_dag.py:119} ERROR - Error fetching details for product 195801686: Expecting value: line 1 column 1 (char 0)
[2025-03-10T10:40:05.568+0000] {tiki_extract_dag.py:119} ERROR - Error fetching details for product 194960721: Expecting value: line 1 column 1 (char 0)
[2025-03-10T10:40:05.737+0000] {tiki_extract_dag.py:119} ERROR - Error fetching details for product 194959173: Expecting value: line 1 column 1 (char 0)
[2025-03-10T10:40:05.879+0000] {tiki_extract_dag.py:119} ERROR - Error fetching details for product 193614514: Expecting value: line 1 column 1 (char 0)
[2025-03-10T10:40:06.043+0000] {tiki_extract_dag.py:119} ERROR - Error fetching details for product 193151000: Expecting value: line 1 column 1 (char 0)
[2025-03-10T10:40:06.191+0000] {tiki_extract_dag.py:119} ERROR - Error fetching details for product 190861557: Expecting value: line 1 column 1 (char 0)
[2025-03-10T10:40:06.340+0000] {tiki_extract_dag.py:119} ERROR - Error fetching details for product 189643105: Expecting value: line 1 column 1 (char 0)
[2025-03-10T10:40:06.493+0000] {tiki_extract_dag.py:119} ERROR - Error fetching details for product 188940817: Expecting value: line 1 column 1 (char 0)
[2025-03-10T10:40:06.662+0000] {tiki_extract_dag.py:119} ERROR - Error fetching details for product 184466860: Expecting value: line 1 column 1 (char 0)
[2025-03-10T10:40:06.838+0000] {tiki_extract_dag.py:119} ERROR - Error fetching details for product 171556602: Expecting value: line 1 column 1 (char 0)
[2025-03-10T10:40:06.983+0000] {tiki_extract_dag.py:119} ERROR - Error fetching details for product 170708233: Expecting value: line 1 column 1 (char 0)
[2025-03-10T10:40:07.129+0000] {tiki_extract_dag.py:119} ERROR - Error fetching details for product 168283405: Expecting value: line 1 column 1 (char 0)
[2025-03-10T10:40:07.277+0000] {tiki_extract_dag.py:119} ERROR - Error fetching details for product 161310103: Expecting value: line 1 column 1 (char 0)
[2025-03-10T10:40:07.422+0000] {tiki_extract_dag.py:119} ERROR - Error fetching details for product 161008715: Expecting value: line 1 column 1 (char 0)
[2025-03-10T10:40:07.596+0000] {tiki_extract_dag.py:119} ERROR - Error fetching details for product 157432544: Expecting value: line 1 column 1 (char 0)
[2025-03-10T10:40:07.763+0000] {tiki_extract_dag.py:119} ERROR - Error fetching details for product 145288029: Expecting value: line 1 column 1 (char 0)
[2025-03-10T10:40:07.928+0000] {tiki_extract_dag.py:119} ERROR - Error fetching details for product 138107485: Expecting value: line 1 column 1 (char 0)
[2025-03-10T10:40:08.113+0000] {tiki_extract_dag.py:119} ERROR - Error fetching details for product 114937969: Expecting value: line 1 column 1 (char 0)
[2025-03-10T10:40:08.389+0000] {tiki_extract_dag.py:119} ERROR - Error fetching details for product 113530805: Expecting value: line 1 column 1 (char 0)
[2025-03-10T10:40:17.328+0000] {tiki_extract_dag.py:119} ERROR - Error fetching details for product 106185389: Expecting value: line 1 column 1 (char 0)
[2025-03-10T10:40:29.029+0000] {job.py:229} INFO - Heartbeat recovered after 24.86 seconds
[2025-03-10T10:40:34.951+0000] {tiki_extract_dag.py:119} ERROR - Error fetching details for product 52788072: Expecting value: line 1 column 1 (char 0)
[2025-03-10T10:40:35.098+0000] {tiki_extract_dag.py:119} ERROR - Error fetching details for product 8885995: Expecting value: line 1 column 1 (char 0)
[2025-03-10T10:40:35.100+0000] {tiki_extract_dag.py:156} INFO - Calling API: https://tiki.vn/api/v2/products with params: {'page': 2, 'limit': 40, 'category': '8322'}
[2025-03-10T10:40:35.244+0000] {tiki_extract_dag.py:178} ERROR - API error at page 2 in category sach: Expecting value: line 1 column 1 (char 0)
[2025-03-10T10:40:38.817+0000] {tiki_extract_dag.py:50} INFO - Updated crawled products at tiki-pipeline/tiki_crawled/crawled_products.json
[2025-03-10T10:40:38.819+0000] {tiki_extract_dag.py:192} INFO - Uploaded raw data to tiki-pipeline/raw_data/sach_20250310_104035.json, total items: 40
[2025-03-10T10:40:39.400+0000] {tiki_extract_dag.py:204} INFO - Saved metadata to tiki-pipeline/metadata/sach_extract_run_metadata_20250310_104035.json
[2025-03-10T10:40:39.404+0000] {python.py:240} INFO - Done. Returned value was: None
[2025-03-10T10:40:39.521+0000] {taskinstance.py:341} INFO - ::group::Post task execution logs
[2025-03-10T10:40:39.523+0000] {taskinstance.py:353} INFO - Marking task as SUCCESS. dag_id=tiki_extract_dag, task_id=crawl_sach, run_id=manual__2025-03-10T10:33:29.927545+00:00, execution_date=20250310T103329, start_date=20250310T103853, end_date=20250310T104039
[2025-03-10T10:40:39.640+0000] {logging_mixin.py:190} INFO - Task instance in success state
[2025-03-10T10:40:39.642+0000] {logging_mixin.py:190} INFO -  Previous state of the Task instance: running
[2025-03-10T10:40:39.643+0000] {logging_mixin.py:190} INFO - Dag name:tiki_extract_dag queued_at:2025-03-10 10:33:30.016202+00:00
[2025-03-10T10:40:39.644+0000] {logging_mixin.py:190} INFO - Task hostname:0c9fb3f19112 operator:PythonOperator
[2025-03-10T10:40:39.725+0000] {local_task_job_runner.py:266} INFO - Task exited with return code 0
[2025-03-10T10:40:39.945+0000] {taskinstance.py:3901} INFO - 0 downstream tasks scheduled from follow-on schedule check
[2025-03-10T10:40:39.952+0000] {local_task_job_runner.py:245} INFO - ::endgroup::
