[2025-03-12T04:21:49.693+0000] {local_task_job_runner.py:123} INFO - ::group::Pre task execution logs
[2025-03-12T04:21:49.796+0000] {taskinstance.py:2614} INFO - Dependencies all met for dep_context=non-requeueable deps ti=<TaskInstance: tiki_extract_dag.extract_dien-gia-dung manual__2025-03-12T04:21:28.506204+00:00 [queued]>
[2025-03-12T04:21:49.867+0000] {taskinstance.py:2614} INFO - Dependencies all met for dep_context=requeueable deps ti=<TaskInstance: tiki_extract_dag.extract_dien-gia-dung manual__2025-03-12T04:21:28.506204+00:00 [queued]>
[2025-03-12T04:21:49.872+0000] {taskinstance.py:2867} INFO - Starting attempt 1 of 4
[2025-03-12T04:21:49.978+0000] {taskinstance.py:2890} INFO - Executing <Task(PythonOperator): extract_dien-gia-dung> on 2025-03-12 04:21:28.506204+00:00
[2025-03-12T04:21:50.173+0000] {standard_task_runner.py:104} INFO - Running: ['***', 'tasks', 'run', 'tiki_extract_dag', 'extract_dien-gia-dung', 'manual__2025-03-12T04:21:28.506204+00:00', '--job-id', '647', '--raw', '--subdir', 'DAGS_FOLDER/tiki_extract_dag.py', '--cfg-path', '/tmp/tmp7gqy1mh3']
[2025-03-12T04:21:50.182+0000] {standard_task_runner.py:105} INFO - Job 647: Subtask extract_dien-gia-dung
[2025-03-12T04:21:50.147+0000] {warnings.py:112} WARNING - /home/***/.local/lib/python3.12/site-packages/***/task/task_runner/standard_task_runner.py:70: DeprecationWarning: This process (pid=3849) is multi-threaded, use of fork() may lead to deadlocks in the child.
  pid = os.fork()

[2025-03-12T04:21:50.194+0000] {standard_task_runner.py:72} INFO - Started process 3878 to run task
[2025-03-12T04:21:50.716+0000] {task_command.py:467} INFO - Running <TaskInstance: tiki_extract_dag.extract_dien-gia-dung manual__2025-03-12T04:21:28.506204+00:00 [running]> on host 5c8190d7da62
[2025-03-12T04:22:01.543+0000] {taskinstance.py:3134} INFO - Exporting env vars: AIRFLOW_CTX_DAG_OWNER='***' AIRFLOW_CTX_DAG_ID='tiki_extract_dag' AIRFLOW_CTX_TASK_ID='extract_dien-gia-dung' AIRFLOW_CTX_EXECUTION_DATE='2025-03-12T04:21:28.506204+00:00' AIRFLOW_CTX_TRY_NUMBER='1' AIRFLOW_CTX_DAG_RUN_ID='manual__2025-03-12T04:21:28.506204+00:00'
[2025-03-12T04:22:01.548+0000] {logging_mixin.py:190} INFO - Task instance is in running state
[2025-03-12T04:22:01.550+0000] {logging_mixin.py:190} INFO -  Previous state of the Task instance: queued
[2025-03-12T04:22:01.551+0000] {logging_mixin.py:190} INFO - Current task name:extract_dien-gia-dung state:running start_date:2025-03-12 04:21:49.800490+00:00
[2025-03-12T04:22:01.553+0000] {logging_mixin.py:190} INFO - Dag name:tiki_extract_dag and current dag run status:running
[2025-03-12T04:22:01.582+0000] {taskinstance.py:732} INFO - ::endgroup::
[2025-03-12T04:22:01.577+0000] {job.py:229} INFO - Heartbeat recovered after 12.28 seconds
[2025-03-12T04:22:03.666+0000] {tiki_extract_dag.py:120} INFO - Starting crawl for category dien-gia-dung
[2025-03-12T04:22:04.315+0000] {tiki_extract_dag.py:127} INFO - Total pages for dien-gia-dung: 50
[2025-03-12T04:22:05.937+0000] {tiki_extract_dag.py:155} INFO - Extracted page 2/50 - dien-gia-dung, total items: 80
[2025-03-12T04:22:13.778+0000] {tiki_extract_dag.py:155} INFO - Extracted page 3/50 - dien-gia-dung, total items: 120
[2025-03-12T04:22:21.802+0000] {tiki_extract_dag.py:155} INFO - Extracted page 4/50 - dien-gia-dung, total items: 160
[2025-03-12T04:22:29.810+0000] {tiki_extract_dag.py:155} INFO - Extracted page 5/50 - dien-gia-dung, total items: 200
[2025-03-12T04:22:36.712+0000] {tiki_extract_dag.py:155} INFO - Extracted page 6/50 - dien-gia-dung, total items: 240
[2025-03-12T04:22:45.458+0000] {tiki_extract_dag.py:155} INFO - Extracted page 7/50 - dien-gia-dung, total items: 280
[2025-03-12T04:22:56.056+0000] {tiki_extract_dag.py:155} INFO - Extracted page 8/50 - dien-gia-dung, total items: 320
[2025-03-12T04:23:04.547+0000] {tiki_extract_dag.py:155} INFO - Extracted page 9/50 - dien-gia-dung, total items: 360
[2025-03-12T04:23:10.844+0000] {tiki_extract_dag.py:155} INFO - Extracted page 10/50 - dien-gia-dung, total items: 400
[2025-03-12T04:23:18.371+0000] {tiki_extract_dag.py:155} INFO - Extracted page 11/50 - dien-gia-dung, total items: 440
[2025-03-12T04:23:28.613+0000] {tiki_extract_dag.py:155} INFO - Extracted page 12/50 - dien-gia-dung, total items: 480
[2025-03-12T04:23:38.098+0000] {tiki_extract_dag.py:155} INFO - Extracted page 13/50 - dien-gia-dung, total items: 520
[2025-03-12T04:23:45.377+0000] {tiki_extract_dag.py:155} INFO - Extracted page 14/50 - dien-gia-dung, total items: 560
[2025-03-12T04:23:51.458+0000] {tiki_extract_dag.py:155} INFO - Extracted page 15/50 - dien-gia-dung, total items: 600
[2025-03-12T04:24:00.236+0000] {tiki_extract_dag.py:155} INFO - Extracted page 16/50 - dien-gia-dung, total items: 640
[2025-03-12T04:24:07.364+0000] {tiki_extract_dag.py:155} INFO - Extracted page 17/50 - dien-gia-dung, total items: 680
[2025-03-12T04:24:16.602+0000] {tiki_extract_dag.py:155} INFO - Extracted page 18/50 - dien-gia-dung, total items: 720
[2025-03-12T04:24:26.148+0000] {tiki_extract_dag.py:155} INFO - Extracted page 19/50 - dien-gia-dung, total items: 760
[2025-03-12T04:24:32.085+0000] {tiki_extract_dag.py:155} INFO - Extracted page 20/50 - dien-gia-dung, total items: 800
[2025-03-12T04:24:41.266+0000] {tiki_extract_dag.py:155} INFO - Extracted page 21/50 - dien-gia-dung, total items: 840
[2025-03-12T04:24:48.180+0000] {tiki_extract_dag.py:155} INFO - Extracted page 22/50 - dien-gia-dung, total items: 880
[2025-03-12T04:24:56.712+0000] {tiki_extract_dag.py:155} INFO - Extracted page 23/50 - dien-gia-dung, total items: 920
[2025-03-12T04:25:07.388+0000] {tiki_extract_dag.py:155} INFO - Extracted page 24/50 - dien-gia-dung, total items: 960
[2025-03-12T04:25:17.779+0000] {tiki_extract_dag.py:155} INFO - Extracted page 25/50 - dien-gia-dung, total items: 1000
[2025-03-12T04:25:26.629+0000] {tiki_extract_dag.py:155} INFO - Extracted page 26/50 - dien-gia-dung, total items: 1040
[2025-03-12T04:25:32.610+0000] {tiki_extract_dag.py:155} INFO - Extracted page 27/50 - dien-gia-dung, total items: 1080
[2025-03-12T04:25:38.713+0000] {tiki_extract_dag.py:155} INFO - Extracted page 28/50 - dien-gia-dung, total items: 1120
[2025-03-12T04:25:48.746+0000] {tiki_extract_dag.py:155} INFO - Extracted page 29/50 - dien-gia-dung, total items: 1160
[2025-03-12T04:25:57.619+0000] {tiki_extract_dag.py:155} INFO - Extracted page 30/50 - dien-gia-dung, total items: 1200
[2025-03-12T04:26:05.425+0000] {tiki_extract_dag.py:155} INFO - Extracted page 31/50 - dien-gia-dung, total items: 1240
[2025-03-12T04:26:12.046+0000] {tiki_extract_dag.py:155} INFO - Extracted page 32/50 - dien-gia-dung, total items: 1280
[2025-03-12T04:26:18.164+0000] {tiki_extract_dag.py:155} INFO - Extracted page 33/50 - dien-gia-dung, total items: 1320
[2025-03-12T04:26:25.893+0000] {tiki_extract_dag.py:155} INFO - Extracted page 34/50 - dien-gia-dung, total items: 1360
[2025-03-12T04:26:32.118+0000] {tiki_extract_dag.py:155} INFO - Extracted page 35/50 - dien-gia-dung, total items: 1400
[2025-03-12T04:26:38.089+0000] {tiki_extract_dag.py:155} INFO - Extracted page 36/50 - dien-gia-dung, total items: 1440
[2025-03-12T04:26:44.365+0000] {tiki_extract_dag.py:155} INFO - Extracted page 37/50 - dien-gia-dung, total items: 1480
[2025-03-12T04:26:51.427+0000] {tiki_extract_dag.py:155} INFO - Extracted page 38/50 - dien-gia-dung, total items: 1520
[2025-03-12T04:26:58.407+0000] {tiki_extract_dag.py:155} INFO - Extracted page 39/50 - dien-gia-dung, total items: 1560
[2025-03-12T04:27:05.409+0000] {tiki_extract_dag.py:155} INFO - Extracted page 40/50 - dien-gia-dung, total items: 1600
[2025-03-12T04:27:11.679+0000] {tiki_extract_dag.py:155} INFO - Extracted page 41/50 - dien-gia-dung, total items: 1640
[2025-03-12T04:27:17.465+0000] {tiki_extract_dag.py:155} INFO - Extracted page 42/50 - dien-gia-dung, total items: 1680
[2025-03-12T04:27:23.928+0000] {tiki_extract_dag.py:155} INFO - Extracted page 43/50 - dien-gia-dung, total items: 1720
[2025-03-12T04:27:33.886+0000] {tiki_extract_dag.py:155} INFO - Extracted page 44/50 - dien-gia-dung, total items: 1760
[2025-03-12T04:27:42.160+0000] {tiki_extract_dag.py:155} INFO - Extracted page 45/50 - dien-gia-dung, total items: 1800
[2025-03-12T04:27:49.126+0000] {tiki_extract_dag.py:155} INFO - Extracted page 46/50 - dien-gia-dung, total items: 1840
[2025-03-12T04:27:56.681+0000] {tiki_extract_dag.py:155} INFO - Extracted page 47/50 - dien-gia-dung, total items: 1880
[2025-03-12T04:28:07.036+0000] {tiki_extract_dag.py:155} INFO - Extracted page 48/50 - dien-gia-dung, total items: 1920
[2025-03-12T04:28:14.992+0000] {tiki_extract_dag.py:155} INFO - Extracted page 49/50 - dien-gia-dung, total items: 1960
[2025-03-12T04:28:22.976+0000] {tiki_extract_dag.py:155} INFO - Extracted page 50/50 - dien-gia-dung, total items: 2000
[2025-03-12T04:28:34.102+0000] {tiki_extract_dag.py:56} INFO - Updated crawled products at tiki-pipeline/tiki_crawled/crawled_products.json
[2025-03-12T04:28:34.104+0000] {tiki_extract_dag.py:172} INFO - Uploaded raw data to tiki-pipeline/tiki_raw_data/raw_dien-gia-dung_20250312_042828.json, total items: 2000
[2025-03-12T04:28:34.446+0000] {tiki_extract_dag.py:183} INFO - Saved metadata to tiki-pipeline/metadata/extract_run_metadata_dien-gia-dung_20250312_042828.json
[2025-03-12T04:28:34.502+0000] {python.py:240} INFO - Done. Returned value was: None
[2025-03-12T04:28:34.791+0000] {taskinstance.py:341} INFO - ::group::Post task execution logs
[2025-03-12T04:28:34.800+0000] {taskinstance.py:353} INFO - Marking task as SUCCESS. dag_id=tiki_extract_dag, task_id=extract_dien-gia-dung, run_id=manual__2025-03-12T04:21:28.506204+00:00, execution_date=20250312T042128, start_date=20250312T042149, end_date=20250312T042834
[2025-03-12T04:28:35.019+0000] {logging_mixin.py:190} INFO - Task instance in success state
[2025-03-12T04:28:35.021+0000] {logging_mixin.py:190} INFO -  Previous state of the Task instance: running
[2025-03-12T04:28:35.021+0000] {logging_mixin.py:190} INFO - Dag name:tiki_extract_dag queued_at:2025-03-12 04:21:28.548433+00:00
[2025-03-12T04:28:35.022+0000] {logging_mixin.py:190} INFO - Task hostname:5c8190d7da62 operator:PythonOperator
[2025-03-12T04:28:35.170+0000] {local_task_job_runner.py:266} INFO - Task exited with return code 0
[2025-03-12T04:28:35.377+0000] {taskinstance.py:3901} INFO - 0 downstream tasks scheduled from follow-on schedule check
[2025-03-12T04:28:35.383+0000] {local_task_job_runner.py:245} INFO - ::endgroup::
