[2025-03-10T10:46:53.860+0000] {local_task_job_runner.py:123} INFO - ::group::Pre task execution logs
[2025-03-10T10:46:53.998+0000] {taskinstance.py:2614} INFO - Dependencies all met for dep_context=non-requeueable deps ti=<TaskInstance: tiki_extract_dag.crawl_sach manual__2025-03-10T10:46:13.751493+00:00 [queued]>
[2025-03-10T10:46:54.025+0000] {taskinstance.py:2614} INFO - Dependencies all met for dep_context=requeueable deps ti=<TaskInstance: tiki_extract_dag.crawl_sach manual__2025-03-10T10:46:13.751493+00:00 [queued]>
[2025-03-10T10:46:54.027+0000] {taskinstance.py:2867} INFO - Starting attempt 1 of 4
[2025-03-10T10:46:54.094+0000] {taskinstance.py:2890} INFO - Executing <Task(PythonOperator): crawl_sach> on 2025-03-10 10:46:13.751493+00:00
[2025-03-10T10:46:54.177+0000] {warnings.py:112} WARNING - /home/***/.local/lib/python3.12/site-packages/***/task/task_runner/standard_task_runner.py:70: DeprecationWarning: This process (pid=334) is multi-threaded, use of fork() may lead to deadlocks in the child.
  pid = os.fork()

[2025-03-10T10:46:54.186+0000] {standard_task_runner.py:72} INFO - Started process 363 to run task
[2025-03-10T10:46:54.216+0000] {standard_task_runner.py:104} INFO - Running: ['***', 'tasks', 'run', 'tiki_extract_dag', 'crawl_sach', 'manual__2025-03-10T10:46:13.751493+00:00', '--job-id', '480', '--raw', '--subdir', 'DAGS_FOLDER/tiki_extract_dag.py', '--cfg-path', '/tmp/tmp9u9qgqlr']
[2025-03-10T10:46:54.224+0000] {standard_task_runner.py:105} INFO - Job 480: Subtask crawl_sach
[2025-03-10T10:46:55.002+0000] {task_command.py:467} INFO - Running <TaskInstance: tiki_extract_dag.crawl_sach manual__2025-03-10T10:46:13.751493+00:00 [running]> on host 0c9fb3f19112
[2025-03-10T10:47:13.105+0000] {taskinstance.py:3134} INFO - Exporting env vars: AIRFLOW_CTX_DAG_OWNER='***' AIRFLOW_CTX_DAG_ID='tiki_extract_dag' AIRFLOW_CTX_TASK_ID='crawl_sach' AIRFLOW_CTX_EXECUTION_DATE='2025-03-10T10:46:13.751493+00:00' AIRFLOW_CTX_TRY_NUMBER='1' AIRFLOW_CTX_DAG_RUN_ID='manual__2025-03-10T10:46:13.751493+00:00'
[2025-03-10T10:47:13.123+0000] {logging_mixin.py:190} INFO - Task instance is in running state
[2025-03-10T10:47:13.144+0000] {logging_mixin.py:190} INFO -  Previous state of the Task instance: queued
[2025-03-10T10:47:13.154+0000] {logging_mixin.py:190} INFO - Current task name:crawl_sach state:running start_date:2025-03-10 10:46:54.000115+00:00
[2025-03-10T10:47:13.156+0000] {logging_mixin.py:190} INFO - Dag name:tiki_extract_dag and current dag run status:running
[2025-03-10T10:47:13.157+0000] {taskinstance.py:732} INFO - ::endgroup::
[2025-03-10T10:47:14.384+0000] {job.py:229} INFO - Heartbeat recovered after 21.09 seconds
[2025-03-10T10:47:59.198+0000] {job.py:229} INFO - Heartbeat recovered after 44.85 seconds
[2025-03-10T10:47:59.592+0000] {tiki_extract_dag.py:137} INFO - Starting crawl for category sach (ID: 8322)
[2025-03-10T10:47:59.596+0000] {tiki_extract_dag.py:139} INFO - Calling API: https://tiki.vn/api/v2/products with params: {'page': 1, 'limit': 40, 'category': '8322'}
[2025-03-10T10:48:00.343+0000] {tiki_extract_dag.py:148} INFO - Total pages for sach: 50 (limited to 50)
[2025-03-10T10:48:13.223+0000] {job.py:229} INFO - Heartbeat recovered after 14.03 seconds
[2025-03-10T10:48:25.526+0000] {tiki_extract_dag.py:120} ERROR - Error fetching details for product 171556602 on attempt 1/3: Expecting value: line 1 column 1 (char 0)
[2025-03-10T10:48:33.065+0000] {tiki_extract_dag.py:120} ERROR - Error fetching details for product 171556602 on attempt 2/3: Expecting value: line 1 column 1 (char 0)
[2025-03-10T10:48:39.435+0000] {tiki_extract_dag.py:120} ERROR - Error fetching details for product 171556602 on attempt 3/3: Expecting value: line 1 column 1 (char 0)
[2025-03-10T10:48:39.573+0000] {tiki_extract_dag.py:120} ERROR - Error fetching details for product 170708233 on attempt 1/3: Expecting value: line 1 column 1 (char 0)
[2025-03-10T10:48:49.037+0000] {tiki_extract_dag.py:120} ERROR - Error fetching details for product 170708233 on attempt 2/3: Expecting value: line 1 column 1 (char 0)
[2025-03-10T10:48:58.054+0000] {tiki_extract_dag.py:120} ERROR - Error fetching details for product 170708233 on attempt 3/3: Expecting value: line 1 column 1 (char 0)
[2025-03-10T10:48:58.221+0000] {tiki_extract_dag.py:120} ERROR - Error fetching details for product 168283405 on attempt 1/3: Expecting value: line 1 column 1 (char 0)
[2025-03-10T10:49:19.827+0000] {tiki_extract_dag.py:120} ERROR - Error fetching details for product 113530805 on attempt 1/3: Expecting value: line 1 column 1 (char 0)
[2025-03-10T10:49:29.664+0000] {tiki_extract_dag.py:120} ERROR - Error fetching details for product 113530805 on attempt 2/3: Expecting value: line 1 column 1 (char 0)
[2025-03-10T10:49:35.147+0000] {tiki_extract_dag.py:120} ERROR - Error fetching details for product 113530805 on attempt 3/3: Expecting value: line 1 column 1 (char 0)
[2025-03-10T10:49:35.290+0000] {tiki_extract_dag.py:120} ERROR - Error fetching details for product 106185389 on attempt 1/3: Expecting value: line 1 column 1 (char 0)
[2025-03-10T10:49:42.052+0000] {tiki_extract_dag.py:120} ERROR - Error fetching details for product 106185389 on attempt 2/3: Expecting value: line 1 column 1 (char 0)
[2025-03-10T10:49:49.144+0000] {tiki_extract_dag.py:120} ERROR - Error fetching details for product 106185389 on attempt 3/3: Expecting value: line 1 column 1 (char 0)
[2025-03-10T10:49:49.310+0000] {tiki_extract_dag.py:120} ERROR - Error fetching details for product 104769768 on attempt 1/3: Expecting value: line 1 column 1 (char 0)
[2025-03-10T10:49:54.872+0000] {tiki_extract_dag.py:120} ERROR - Error fetching details for product 104769768 on attempt 2/3: Expecting value: line 1 column 1 (char 0)
[2025-03-10T10:50:16.920+0000] {tiki_extract_dag.py:120} ERROR - Error fetching details for product 8885995 on attempt 1/3: Expecting value: line 1 column 1 (char 0)
[2025-03-10T10:50:24.699+0000] {tiki_extract_dag.py:120} ERROR - Error fetching details for product 8885995 on attempt 2/3: Expecting value: line 1 column 1 (char 0)
[2025-03-10T10:50:33.016+0000] {tiki_extract_dag.py:120} ERROR - Error fetching details for product 8885995 on attempt 3/3: Expecting value: line 1 column 1 (char 0)
[2025-03-10T10:50:33.017+0000] {tiki_extract_dag.py:161} INFO - Calling API: https://tiki.vn/api/v2/products with params: {'page': 2, 'limit': 40, 'category': '8322'}
[2025-03-10T10:50:33.168+0000] {tiki_extract_dag.py:184} ERROR - API error at page 2 in category sach on attempt 1/3: Expecting value: line 1 column 1 (char 0)
[2025-03-10T10:50:41.941+0000] {tiki_extract_dag.py:184} ERROR - API error at page 2 in category sach on attempt 2/3: Expecting value: line 1 column 1 (char 0)
[2025-03-10T10:50:47.376+0000] {tiki_extract_dag.py:184} ERROR - API error at page 2 in category sach on attempt 3/3: Expecting value: line 1 column 1 (char 0)
[2025-03-10T10:50:47.377+0000] {tiki_extract_dag.py:189} ERROR - Failed after 3 attempts for page 2 in category sach
[2025-03-10T10:50:47.381+0000] {python.py:240} INFO - Done. Returned value was: None
[2025-03-10T10:50:47.470+0000] {taskinstance.py:341} INFO - ::group::Post task execution logs
[2025-03-10T10:50:47.474+0000] {taskinstance.py:353} INFO - Marking task as SUCCESS. dag_id=tiki_extract_dag, task_id=crawl_sach, run_id=manual__2025-03-10T10:46:13.751493+00:00, execution_date=20250310T104613, start_date=20250310T104654, end_date=20250310T105047
[2025-03-10T10:50:47.544+0000] {logging_mixin.py:190} INFO - Task instance in success state
[2025-03-10T10:50:47.544+0000] {logging_mixin.py:190} INFO -  Previous state of the Task instance: running
[2025-03-10T10:50:47.545+0000] {logging_mixin.py:190} INFO - Dag name:tiki_extract_dag queued_at:2025-03-10 10:46:13.791991+00:00
[2025-03-10T10:50:47.545+0000] {logging_mixin.py:190} INFO - Task hostname:0c9fb3f19112 operator:PythonOperator
[2025-03-10T10:50:47.605+0000] {local_task_job_runner.py:266} INFO - Task exited with return code 0
[2025-03-10T10:50:47.664+0000] {taskinstance.py:3901} INFO - 0 downstream tasks scheduled from follow-on schedule check
[2025-03-10T10:50:47.670+0000] {local_task_job_runner.py:245} INFO - ::endgroup::
