[2025-03-09T14:08:28.398+0000] {local_task_job_runner.py:123} INFO - ::group::Pre task execution logs
[2025-03-09T14:08:28.437+0000] {taskinstance.py:2614} INFO - Dependencies all met for dep_context=non-requeueable deps ti=<TaskInstance: tiki_etl_orchestration.trigger_extract manual__2025-03-09T14:08:16.616085+00:00 [queued]>
[2025-03-09T14:08:28.452+0000] {taskinstance.py:2614} INFO - Dependencies all met for dep_context=requeueable deps ti=<TaskInstance: tiki_etl_orchestration.trigger_extract manual__2025-03-09T14:08:16.616085+00:00 [queued]>
[2025-03-09T14:08:28.453+0000] {taskinstance.py:2867} INFO - Starting attempt 1 of 1
[2025-03-09T14:08:28.728+0000] {taskinstance.py:2890} INFO - Executing <Task(TriggerDagRunOperator): trigger_extract> on 2025-03-09 14:08:16.616085+00:00
[2025-03-09T14:08:28.743+0000] {warnings.py:112} WARNING - /home/***/.local/lib/python3.12/site-packages/***/task/task_runner/standard_task_runner.py:70: DeprecationWarning: This process (pid=85) is multi-threaded, use of fork() may lead to deadlocks in the child.
  pid = os.fork()

[2025-03-09T14:08:28.748+0000] {standard_task_runner.py:72} INFO - Started process 94 to run task
[2025-03-09T14:08:28.748+0000] {standard_task_runner.py:104} INFO - Running: ['***', 'tasks', 'run', 'tiki_etl_orchestration', 'trigger_extract', 'manual__2025-03-09T14:08:16.616085+00:00', '--job-id', '173', '--raw', '--subdir', 'DAGS_FOLDER/tiki_etl_orchestration.py', '--cfg-path', '/tmp/tmpxh8fhzl1']
[2025-03-09T14:08:28.750+0000] {standard_task_runner.py:105} INFO - Job 173: Subtask trigger_extract
[2025-03-09T14:08:28.865+0000] {task_command.py:467} INFO - Running <TaskInstance: tiki_etl_orchestration.trigger_extract manual__2025-03-09T14:08:16.616085+00:00 [running]> on host 10038f9c1f89
[2025-03-09T14:08:29.050+0000] {taskinstance.py:3134} INFO - Exporting env vars: AIRFLOW_CTX_DAG_OWNER='***' AIRFLOW_CTX_DAG_ID='tiki_etl_orchestration' AIRFLOW_CTX_TASK_ID='trigger_extract' AIRFLOW_CTX_EXECUTION_DATE='2025-03-09T14:08:16.616085+00:00' AIRFLOW_CTX_TRY_NUMBER='1' AIRFLOW_CTX_DAG_RUN_ID='manual__2025-03-09T14:08:16.616085+00:00'
[2025-03-09T14:08:29.053+0000] {taskinstance.py:3204} ERROR - Failed when executing execute callback
Traceback (most recent call last):
  File "/home/airflow/.local/lib/python3.12/site-packages/airflow/models/taskinstance.py", line 3202, in _run_execute_callback
    callback(context)
TypeError: push_execution_date() missing 1 required positional argument: 'dag_run_obj'
[2025-03-09T14:08:29.056+0000] {logging_mixin.py:190} INFO - Task instance is in running state
[2025-03-09T14:08:29.057+0000] {logging_mixin.py:190} INFO -  Previous state of the Task instance: queued
[2025-03-09T14:08:29.058+0000] {logging_mixin.py:190} INFO - Current task name:trigger_extract state:running start_date:2025-03-09 14:08:28.438620+00:00
[2025-03-09T14:08:29.059+0000] {logging_mixin.py:190} INFO - Dag name:tiki_etl_orchestration and current dag run status:running
[2025-03-09T14:08:29.060+0000] {taskinstance.py:732} INFO - ::endgroup::
[2025-03-09T14:08:29.242+0000] {trigger_dagrun.py:257} INFO - Waiting for tiki_extract_dag on 2025-03-09 14:08:29.061374+00:00 to become allowed state ['success'] ...
[2025-03-09T14:08:39.261+0000] {trigger_dagrun.py:257} INFO - Waiting for tiki_extract_dag on 2025-03-09 14:08:29.061374+00:00 to become allowed state ['success'] ...
[2025-03-09T14:08:49.279+0000] {trigger_dagrun.py:257} INFO - Waiting for tiki_extract_dag on 2025-03-09 14:08:29.061374+00:00 to become allowed state ['success'] ...
[2025-03-09T14:08:59.295+0000] {trigger_dagrun.py:257} INFO - Waiting for tiki_extract_dag on 2025-03-09 14:08:29.061374+00:00 to become allowed state ['success'] ...
[2025-03-09T14:09:09.313+0000] {trigger_dagrun.py:257} INFO - Waiting for tiki_extract_dag on 2025-03-09 14:08:29.061374+00:00 to become allowed state ['success'] ...
[2025-03-09T14:09:19.330+0000] {trigger_dagrun.py:257} INFO - Waiting for tiki_extract_dag on 2025-03-09 14:08:29.061374+00:00 to become allowed state ['success'] ...
[2025-03-09T14:09:29.344+0000] {trigger_dagrun.py:271} INFO - tiki_extract_dag finished with allowed state success
[2025-03-09T14:09:29.370+0000] {taskinstance.py:341} INFO - ::group::Post task execution logs
[2025-03-09T14:09:29.372+0000] {taskinstance.py:353} INFO - Marking task as SUCCESS. dag_id=tiki_etl_orchestration, task_id=trigger_extract, run_id=manual__2025-03-09T14:08:16.616085+00:00, execution_date=20250309T140816, start_date=20250309T140828, end_date=20250309T140929
[2025-03-09T14:09:29.429+0000] {logging_mixin.py:190} INFO - Task instance in success state
[2025-03-09T14:09:29.430+0000] {logging_mixin.py:190} INFO -  Previous state of the Task instance: running
[2025-03-09T14:09:29.432+0000] {logging_mixin.py:190} INFO - Dag name:tiki_etl_orchestration queued_at:2025-03-09 14:08:18.529947+00:00
[2025-03-09T14:09:29.433+0000] {logging_mixin.py:190} INFO - Task hostname:10038f9c1f89 operator:TriggerDagRunOperator
[2025-03-09T14:09:29.459+0000] {local_task_job_runner.py:266} INFO - Task exited with return code 0
[2025-03-09T14:09:29.529+0000] {taskinstance.py:3901} INFO - 1 downstream tasks scheduled from follow-on schedule check
[2025-03-09T14:09:29.534+0000] {local_task_job_runner.py:245} INFO - ::endgroup::
