[2025-03-09T16:29:05.164+0000] {local_task_job_runner.py:123} INFO - ::group::Pre task execution logs
[2025-03-09T16:29:05.206+0000] {taskinstance.py:2614} INFO - Dependencies all met for dep_context=non-requeueable deps ti=<TaskInstance: tiki_etl_orchestration.trigger_extract manual__2025-03-09T16:29:00.184468+00:00 [queued]>
[2025-03-09T16:29:05.221+0000] {taskinstance.py:2614} INFO - Dependencies all met for dep_context=requeueable deps ti=<TaskInstance: tiki_etl_orchestration.trigger_extract manual__2025-03-09T16:29:00.184468+00:00 [queued]>
[2025-03-09T16:29:05.222+0000] {taskinstance.py:2867} INFO - Starting attempt 1 of 1
[2025-03-09T16:29:05.456+0000] {taskinstance.py:2890} INFO - Executing <Task(TriggerDagRunOperator): trigger_extract> on 2025-03-09 16:29:00.184468+00:00
[2025-03-09T16:29:05.469+0000] {warnings.py:112} WARNING - /home/***/.local/lib/python3.12/site-packages/***/task/task_runner/standard_task_runner.py:70: DeprecationWarning: This process (pid=116) is multi-threaded, use of fork() may lead to deadlocks in the child.
  pid = os.fork()

[2025-03-09T16:29:05.472+0000] {standard_task_runner.py:72} INFO - Started process 118 to run task
[2025-03-09T16:29:05.472+0000] {standard_task_runner.py:104} INFO - Running: ['***', 'tasks', 'run', 'tiki_etl_orchestration', 'trigger_extract', 'manual__2025-03-09T16:29:00.184468+00:00', '--job-id', '218', '--raw', '--subdir', 'DAGS_FOLDER/tiki_etl_orchestration.py', '--cfg-path', '/tmp/tmpfjl964ha']
[2025-03-09T16:29:05.474+0000] {standard_task_runner.py:105} INFO - Job 218: Subtask trigger_extract
[2025-03-09T16:29:05.551+0000] {task_command.py:467} INFO - Running <TaskInstance: tiki_etl_orchestration.trigger_extract manual__2025-03-09T16:29:00.184468+00:00 [running]> on host 72a6d77a3cc5
[2025-03-09T16:29:05.694+0000] {taskinstance.py:3134} INFO - Exporting env vars: AIRFLOW_CTX_DAG_OWNER='***' AIRFLOW_CTX_DAG_ID='tiki_etl_orchestration' AIRFLOW_CTX_TASK_ID='trigger_extract' AIRFLOW_CTX_EXECUTION_DATE='2025-03-09T16:29:00.184468+00:00' AIRFLOW_CTX_TRY_NUMBER='1' AIRFLOW_CTX_DAG_RUN_ID='manual__2025-03-09T16:29:00.184468+00:00'
[2025-03-09T16:29:05.696+0000] {logging_mixin.py:190} INFO - Task instance is in running state
[2025-03-09T16:29:05.697+0000] {logging_mixin.py:190} INFO -  Previous state of the Task instance: queued
[2025-03-09T16:29:05.698+0000] {logging_mixin.py:190} INFO - Current task name:trigger_extract state:running start_date:2025-03-09 16:29:05.207097+00:00
[2025-03-09T16:29:05.698+0000] {logging_mixin.py:190} INFO - Dag name:tiki_etl_orchestration and current dag run status:running
[2025-03-09T16:29:05.699+0000] {taskinstance.py:732} INFO - ::endgroup::
[2025-03-09T16:29:05.813+0000] {trigger_dagrun.py:257} INFO - Waiting for tiki_extract_dag on 2025-03-09 16:29:05.700297+00:00 to become allowed state ['success'] ...
[2025-03-09T16:29:15.825+0000] {trigger_dagrun.py:257} INFO - Waiting for tiki_extract_dag on 2025-03-09 16:29:05.700297+00:00 to become allowed state ['success'] ...
[2025-03-09T16:29:25.837+0000] {trigger_dagrun.py:257} INFO - Waiting for tiki_extract_dag on 2025-03-09 16:29:05.700297+00:00 to become allowed state ['success'] ...
[2025-03-09T16:29:35.849+0000] {trigger_dagrun.py:257} INFO - Waiting for tiki_extract_dag on 2025-03-09 16:29:05.700297+00:00 to become allowed state ['success'] ...
[2025-03-09T16:29:45.859+0000] {trigger_dagrun.py:257} INFO - Waiting for tiki_extract_dag on 2025-03-09 16:29:05.700297+00:00 to become allowed state ['success'] ...
[2025-03-09T16:29:55.871+0000] {trigger_dagrun.py:271} INFO - tiki_extract_dag finished with allowed state success
[2025-03-09T16:29:55.890+0000] {taskinstance.py:341} INFO - ::group::Post task execution logs
[2025-03-09T16:29:55.891+0000] {taskinstance.py:353} INFO - Marking task as SUCCESS. dag_id=tiki_etl_orchestration, task_id=trigger_extract, run_id=manual__2025-03-09T16:29:00.184468+00:00, execution_date=20250309T162900, start_date=20250309T162905, end_date=20250309T162955
[2025-03-09T16:29:55.933+0000] {logging_mixin.py:190} INFO - Task instance in success state
[2025-03-09T16:29:55.934+0000] {logging_mixin.py:190} INFO -  Previous state of the Task instance: running
[2025-03-09T16:29:55.935+0000] {logging_mixin.py:190} INFO - Dag name:tiki_etl_orchestration queued_at:2025-03-09 16:29:00.955319+00:00
[2025-03-09T16:29:55.935+0000] {logging_mixin.py:190} INFO - Task hostname:72a6d77a3cc5 operator:TriggerDagRunOperator
[2025-03-09T16:29:55.978+0000] {local_task_job_runner.py:266} INFO - Task exited with return code 0
[2025-03-09T16:29:56.031+0000] {taskinstance.py:3901} INFO - 1 downstream tasks scheduled from follow-on schedule check
[2025-03-09T16:29:56.034+0000] {local_task_job_runner.py:245} INFO - ::endgroup::
