[2025-03-12T04:21:49.729+0000] {local_task_job_runner.py:123} INFO - ::group::Pre task execution logs
[2025-03-12T04:21:49.876+0000] {taskinstance.py:2614} INFO - Dependencies all met for dep_context=non-requeueable deps ti=<TaskInstance: tiki_extract_dag.extract_dien-tu-dien-lanh manual__2025-03-12T04:21:28.506204+00:00 [queued]>
[2025-03-12T04:21:49.960+0000] {taskinstance.py:2614} INFO - Dependencies all met for dep_context=requeueable deps ti=<TaskInstance: tiki_extract_dag.extract_dien-tu-dien-lanh manual__2025-03-12T04:21:28.506204+00:00 [queued]>
[2025-03-12T04:21:49.966+0000] {taskinstance.py:2867} INFO - Starting attempt 1 of 4
[2025-03-12T04:21:50.082+0000] {taskinstance.py:2890} INFO - Executing <Task(PythonOperator): extract_dien-tu-dien-lanh> on 2025-03-12 04:21:28.506204+00:00
[2025-03-12T04:21:50.208+0000] {warnings.py:112} WARNING - /home/***/.local/lib/python3.12/site-packages/***/task/task_runner/standard_task_runner.py:70: DeprecationWarning: This process (pid=3852) is multi-threaded, use of fork() may lead to deadlocks in the child.
  pid = os.fork()

[2025-03-12T04:21:50.245+0000] {standard_task_runner.py:72} INFO - Started process 3879 to run task
[2025-03-12T04:21:50.248+0000] {standard_task_runner.py:104} INFO - Running: ['***', 'tasks', 'run', 'tiki_extract_dag', 'extract_dien-tu-dien-lanh', 'manual__2025-03-12T04:21:28.506204+00:00', '--job-id', '650', '--raw', '--subdir', 'DAGS_FOLDER/tiki_extract_dag.py', '--cfg-path', '/tmp/tmpybdxlj2f']
[2025-03-12T04:21:50.282+0000] {standard_task_runner.py:105} INFO - Job 650: Subtask extract_dien-tu-dien-lanh
[2025-03-12T04:21:50.853+0000] {task_command.py:467} INFO - Running <TaskInstance: tiki_extract_dag.extract_dien-tu-dien-lanh manual__2025-03-12T04:21:28.506204+00:00 [running]> on host 5c8190d7da62
[2025-03-12T04:22:01.581+0000] {taskinstance.py:3134} INFO - Exporting env vars: AIRFLOW_CTX_DAG_OWNER='***' AIRFLOW_CTX_DAG_ID='tiki_extract_dag' AIRFLOW_CTX_TASK_ID='extract_dien-tu-dien-lanh' AIRFLOW_CTX_EXECUTION_DATE='2025-03-12T04:21:28.506204+00:00' AIRFLOW_CTX_TRY_NUMBER='1' AIRFLOW_CTX_DAG_RUN_ID='manual__2025-03-12T04:21:28.506204+00:00'
[2025-03-12T04:22:01.583+0000] {logging_mixin.py:190} INFO - Task instance is in running state
[2025-03-12T04:22:01.585+0000] {logging_mixin.py:190} INFO -  Previous state of the Task instance: queued
[2025-03-12T04:22:01.592+0000] {logging_mixin.py:190} INFO - Current task name:extract_dien-tu-dien-lanh state:running start_date:2025-03-12 04:21:49.890079+00:00
[2025-03-12T04:22:01.593+0000] {logging_mixin.py:190} INFO - Dag name:tiki_extract_dag and current dag run status:running
[2025-03-12T04:22:01.594+0000] {taskinstance.py:732} INFO - ::endgroup::
[2025-03-12T04:22:01.625+0000] {job.py:229} INFO - Heartbeat recovered after 12.33 seconds
[2025-03-12T04:22:03.667+0000] {tiki_extract_dag.py:120} INFO - Starting crawl for category dien-tu-dien-lanh
[2025-03-12T04:22:04.390+0000] {tiki_extract_dag.py:127} INFO - Total pages for dien-tu-dien-lanh: 50
[2025-03-12T04:22:05.917+0000] {tiki_extract_dag.py:155} INFO - Extracted page 2/50 - dien-tu-dien-lanh, total items: 80
[2025-03-12T04:22:13.610+0000] {tiki_extract_dag.py:155} INFO - Extracted page 3/50 - dien-tu-dien-lanh, total items: 120
[2025-03-12T04:22:21.791+0000] {tiki_extract_dag.py:155} INFO - Extracted page 4/50 - dien-tu-dien-lanh, total items: 160
[2025-03-12T04:22:28.052+0000] {tiki_extract_dag.py:155} INFO - Extracted page 5/50 - dien-tu-dien-lanh, total items: 200
[2025-03-12T04:22:35.599+0000] {tiki_extract_dag.py:155} INFO - Extracted page 6/50 - dien-tu-dien-lanh, total items: 240
[2025-03-12T04:22:45.675+0000] {tiki_extract_dag.py:155} INFO - Extracted page 7/50 - dien-tu-dien-lanh, total items: 280
[2025-03-12T04:22:54.407+0000] {tiki_extract_dag.py:155} INFO - Extracted page 8/50 - dien-tu-dien-lanh, total items: 320
[2025-03-12T04:23:00.508+0000] {tiki_extract_dag.py:155} INFO - Extracted page 9/50 - dien-tu-dien-lanh, total items: 360
[2025-03-12T04:23:09.858+0000] {tiki_extract_dag.py:155} INFO - Extracted page 10/50 - dien-tu-dien-lanh, total items: 400
[2025-03-12T04:23:16.759+0000] {tiki_extract_dag.py:155} INFO - Extracted page 11/50 - dien-tu-dien-lanh, total items: 440
[2025-03-12T04:23:24.048+0000] {tiki_extract_dag.py:155} INFO - Extracted page 12/50 - dien-tu-dien-lanh, total items: 480
[2025-03-12T04:23:29.619+0000] {tiki_extract_dag.py:155} INFO - Extracted page 13/50 - dien-tu-dien-lanh, total items: 520
[2025-03-12T04:23:37.200+0000] {tiki_extract_dag.py:155} INFO - Extracted page 14/50 - dien-tu-dien-lanh, total items: 560
[2025-03-12T04:23:44.323+0000] {tiki_extract_dag.py:155} INFO - Extracted page 15/50 - dien-tu-dien-lanh, total items: 600
[2025-03-12T04:23:51.932+0000] {tiki_extract_dag.py:155} INFO - Extracted page 16/50 - dien-tu-dien-lanh, total items: 640
[2025-03-12T04:23:59.681+0000] {tiki_extract_dag.py:155} INFO - Extracted page 17/50 - dien-tu-dien-lanh, total items: 680
[2025-03-12T04:24:05.350+0000] {tiki_extract_dag.py:155} INFO - Extracted page 18/50 - dien-tu-dien-lanh, total items: 720
[2025-03-12T04:24:14.988+0000] {tiki_extract_dag.py:155} INFO - Extracted page 19/50 - dien-tu-dien-lanh, total items: 760
[2025-03-12T04:24:25.505+0000] {tiki_extract_dag.py:155} INFO - Extracted page 20/50 - dien-tu-dien-lanh, total items: 800
[2025-03-12T04:24:31.685+0000] {tiki_extract_dag.py:155} INFO - Extracted page 21/50 - dien-tu-dien-lanh, total items: 840
[2025-03-12T04:24:40.780+0000] {tiki_extract_dag.py:155} INFO - Extracted page 22/50 - dien-tu-dien-lanh, total items: 880
[2025-03-12T04:24:49.610+0000] {tiki_extract_dag.py:155} INFO - Extracted page 23/50 - dien-tu-dien-lanh, total items: 920
[2025-03-12T04:24:56.154+0000] {tiki_extract_dag.py:155} INFO - Extracted page 24/50 - dien-tu-dien-lanh, total items: 960
[2025-03-12T04:25:01.805+0000] {tiki_extract_dag.py:155} INFO - Extracted page 25/50 - dien-tu-dien-lanh, total items: 1000
[2025-03-12T04:25:12.125+0000] {tiki_extract_dag.py:155} INFO - Extracted page 26/50 - dien-tu-dien-lanh, total items: 1040
[2025-03-12T04:25:18.464+0000] {tiki_extract_dag.py:155} INFO - Extracted page 27/50 - dien-tu-dien-lanh, total items: 1080
[2025-03-12T04:25:24.468+0000] {tiki_extract_dag.py:155} INFO - Extracted page 28/50 - dien-tu-dien-lanh, total items: 1120
[2025-03-12T04:25:35.062+0000] {tiki_extract_dag.py:155} INFO - Extracted page 29/50 - dien-tu-dien-lanh, total items: 1160
[2025-03-12T04:25:44.516+0000] {tiki_extract_dag.py:155} INFO - Extracted page 30/50 - dien-tu-dien-lanh, total items: 1200
[2025-03-12T04:25:50.160+0000] {tiki_extract_dag.py:155} INFO - Extracted page 31/50 - dien-tu-dien-lanh, total items: 1240
[2025-03-12T04:25:57.894+0000] {tiki_extract_dag.py:155} INFO - Extracted page 32/50 - dien-tu-dien-lanh, total items: 1280
[2025-03-12T04:26:06.530+0000] {tiki_extract_dag.py:155} INFO - Extracted page 33/50 - dien-tu-dien-lanh, total items: 1320
[2025-03-12T04:26:16.357+0000] {tiki_extract_dag.py:155} INFO - Extracted page 34/50 - dien-tu-dien-lanh, total items: 1360
[2025-03-12T04:26:24.948+0000] {tiki_extract_dag.py:155} INFO - Extracted page 35/50 - dien-tu-dien-lanh, total items: 1400
[2025-03-12T04:26:33.948+0000] {tiki_extract_dag.py:155} INFO - Extracted page 36/50 - dien-tu-dien-lanh, total items: 1440
[2025-03-12T04:26:39.834+0000] {tiki_extract_dag.py:155} INFO - Extracted page 37/50 - dien-tu-dien-lanh, total items: 1480
[2025-03-12T04:26:46.281+0000] {tiki_extract_dag.py:155} INFO - Extracted page 38/50 - dien-tu-dien-lanh, total items: 1520
[2025-03-12T04:26:56.609+0000] {tiki_extract_dag.py:155} INFO - Extracted page 39/50 - dien-tu-dien-lanh, total items: 1560
[2025-03-12T04:27:04.155+0000] {tiki_extract_dag.py:155} INFO - Extracted page 40/50 - dien-tu-dien-lanh, total items: 1600
[2025-03-12T04:27:10.288+0000] {tiki_extract_dag.py:155} INFO - Extracted page 41/50 - dien-tu-dien-lanh, total items: 1640
[2025-03-12T04:27:20.189+0000] {tiki_extract_dag.py:155} INFO - Extracted page 42/50 - dien-tu-dien-lanh, total items: 1680
[2025-03-12T04:27:29.175+0000] {tiki_extract_dag.py:155} INFO - Extracted page 43/50 - dien-tu-dien-lanh, total items: 1720
[2025-03-12T04:27:36.321+0000] {tiki_extract_dag.py:155} INFO - Extracted page 44/50 - dien-tu-dien-lanh, total items: 1760
[2025-03-12T04:27:44.203+0000] {tiki_extract_dag.py:155} INFO - Extracted page 45/50 - dien-tu-dien-lanh, total items: 1800
[2025-03-12T04:27:52.691+0000] {tiki_extract_dag.py:155} INFO - Extracted page 46/50 - dien-tu-dien-lanh, total items: 1840
[2025-03-12T04:27:59.058+0000] {tiki_extract_dag.py:155} INFO - Extracted page 47/50 - dien-tu-dien-lanh, total items: 1880
[2025-03-12T04:28:05.404+0000] {tiki_extract_dag.py:155} INFO - Extracted page 48/50 - dien-tu-dien-lanh, total items: 1920
[2025-03-12T04:28:13.580+0000] {tiki_extract_dag.py:155} INFO - Extracted page 49/50 - dien-tu-dien-lanh, total items: 1960
[2025-03-12T04:28:23.441+0000] {tiki_extract_dag.py:155} INFO - Extracted page 50/50 - dien-tu-dien-lanh, total items: 2000
[2025-03-12T04:28:36.047+0000] {tiki_extract_dag.py:56} INFO - Updated crawled products at tiki-pipeline/tiki_crawled/crawled_products.json
[2025-03-12T04:28:36.048+0000] {tiki_extract_dag.py:172} INFO - Uploaded raw data to tiki-pipeline/tiki_raw_data/raw_dien-tu-dien-lanh_20250312_042829.json, total items: 2000
[2025-03-12T04:28:36.386+0000] {tiki_extract_dag.py:183} INFO - Saved metadata to tiki-pipeline/metadata/extract_run_metadata_dien-tu-dien-lanh_20250312_042829.json
[2025-03-12T04:28:36.425+0000] {python.py:240} INFO - Done. Returned value was: None
[2025-03-12T04:28:36.619+0000] {taskinstance.py:341} INFO - ::group::Post task execution logs
[2025-03-12T04:28:36.624+0000] {taskinstance.py:353} INFO - Marking task as SUCCESS. dag_id=tiki_extract_dag, task_id=extract_dien-tu-dien-lanh, run_id=manual__2025-03-12T04:21:28.506204+00:00, execution_date=20250312T042128, start_date=20250312T042149, end_date=20250312T042836
[2025-03-12T04:28:36.799+0000] {logging_mixin.py:190} INFO - Task instance in success state
[2025-03-12T04:28:36.801+0000] {logging_mixin.py:190} INFO -  Previous state of the Task instance: running
[2025-03-12T04:28:36.802+0000] {logging_mixin.py:190} INFO - Dag name:tiki_extract_dag queued_at:2025-03-12 04:21:28.548433+00:00
[2025-03-12T04:28:36.803+0000] {logging_mixin.py:190} INFO - Task hostname:5c8190d7da62 operator:PythonOperator
[2025-03-12T04:28:36.921+0000] {local_task_job_runner.py:266} INFO - Task exited with return code 0
[2025-03-12T04:28:37.155+0000] {taskinstance.py:3901} INFO - 0 downstream tasks scheduled from follow-on schedule check
[2025-03-12T04:28:37.160+0000] {local_task_job_runner.py:245} INFO - ::endgroup::
