[2025-03-09T16:17:22.132+0000] {local_task_job_runner.py:123} INFO - ::group::Pre task execution logs
[2025-03-09T16:17:22.167+0000] {taskinstance.py:2614} INFO - Dependencies all met for dep_context=non-requeueable deps ti=<TaskInstance: tiki_etl_orchestration.trigger_extract manual__2025-03-09T16:17:17.533147+00:00 [queued]>
[2025-03-09T16:17:22.191+0000] {taskinstance.py:2614} INFO - Dependencies all met for dep_context=requeueable deps ti=<TaskInstance: tiki_etl_orchestration.trigger_extract manual__2025-03-09T16:17:17.533147+00:00 [queued]>
[2025-03-09T16:17:22.192+0000] {taskinstance.py:2867} INFO - Starting attempt 1 of 1
[2025-03-09T16:17:22.222+0000] {taskinstance.py:2890} INFO - Executing <Task(TriggerDagRunOperator): trigger_extract> on 2025-03-09 16:17:17.533147+00:00
[2025-03-09T16:17:22.237+0000] {warnings.py:112} WARNING - /home/***/.local/lib/python3.12/site-packages/***/task/task_runner/standard_task_runner.py:70: DeprecationWarning: This process (pid=102) is multi-threaded, use of fork() may lead to deadlocks in the child.
  pid = os.fork()

[2025-03-09T16:17:22.240+0000] {standard_task_runner.py:72} INFO - Started process 113 to run task
[2025-03-09T16:17:22.241+0000] {standard_task_runner.py:104} INFO - Running: ['***', 'tasks', 'run', 'tiki_etl_orchestration', 'trigger_extract', 'manual__2025-03-09T16:17:17.533147+00:00', '--job-id', '204', '--raw', '--subdir', 'DAGS_FOLDER/tiki_etl_orchestration.py', '--cfg-path', '/tmp/tmpy7wm3y0s']
[2025-03-09T16:17:22.243+0000] {standard_task_runner.py:105} INFO - Job 204: Subtask trigger_extract
[2025-03-09T16:17:22.335+0000] {task_command.py:467} INFO - Running <TaskInstance: tiki_etl_orchestration.trigger_extract manual__2025-03-09T16:17:17.533147+00:00 [running]> on host 41de56cfff50
[2025-03-09T16:17:22.793+0000] {taskinstance.py:3134} INFO - Exporting env vars: AIRFLOW_CTX_DAG_OWNER='***' AIRFLOW_CTX_DAG_ID='tiki_etl_orchestration' AIRFLOW_CTX_TASK_ID='trigger_extract' AIRFLOW_CTX_EXECUTION_DATE='2025-03-09T16:17:17.533147+00:00' AIRFLOW_CTX_TRY_NUMBER='1' AIRFLOW_CTX_DAG_RUN_ID='manual__2025-03-09T16:17:17.533147+00:00'
[2025-03-09T16:17:22.794+0000] {logging_mixin.py:190} INFO - Task instance is in running state
[2025-03-09T16:17:22.795+0000] {logging_mixin.py:190} INFO -  Previous state of the Task instance: queued
[2025-03-09T16:17:22.796+0000] {logging_mixin.py:190} INFO - Current task name:trigger_extract state:running start_date:2025-03-09 16:17:22.168232+00:00
[2025-03-09T16:17:22.797+0000] {logging_mixin.py:190} INFO - Dag name:tiki_etl_orchestration and current dag run status:running
[2025-03-09T16:17:22.798+0000] {taskinstance.py:732} INFO - ::endgroup::
[2025-03-09T16:17:22.919+0000] {trigger_dagrun.py:257} INFO - Waiting for tiki_extract_dag on 2025-03-09 16:17:22.799180+00:00 to become allowed state ['success'] ...
[2025-03-09T16:17:32.961+0000] {trigger_dagrun.py:257} INFO - Waiting for tiki_extract_dag on 2025-03-09 16:17:22.799180+00:00 to become allowed state ['success'] ...
[2025-03-09T16:17:42.969+0000] {trigger_dagrun.py:257} INFO - Waiting for tiki_extract_dag on 2025-03-09 16:17:22.799180+00:00 to become allowed state ['success'] ...
[2025-03-09T16:17:52.982+0000] {trigger_dagrun.py:257} INFO - Waiting for tiki_extract_dag on 2025-03-09 16:17:22.799180+00:00 to become allowed state ['success'] ...
[2025-03-09T16:18:02.994+0000] {trigger_dagrun.py:257} INFO - Waiting for tiki_extract_dag on 2025-03-09 16:17:22.799180+00:00 to become allowed state ['success'] ...
[2025-03-09T16:18:13.006+0000] {trigger_dagrun.py:257} INFO - Waiting for tiki_extract_dag on 2025-03-09 16:17:22.799180+00:00 to become allowed state ['success'] ...
[2025-03-09T16:18:23.018+0000] {trigger_dagrun.py:271} INFO - tiki_extract_dag finished with allowed state success
[2025-03-09T16:18:23.034+0000] {taskinstance.py:341} INFO - ::group::Post task execution logs
[2025-03-09T16:18:23.035+0000] {taskinstance.py:353} INFO - Marking task as SUCCESS. dag_id=tiki_etl_orchestration, task_id=trigger_extract, run_id=manual__2025-03-09T16:17:17.533147+00:00, execution_date=20250309T161717, start_date=20250309T161722, end_date=20250309T161823
[2025-03-09T16:18:23.071+0000] {logging_mixin.py:190} INFO - Task instance in success state
[2025-03-09T16:18:23.072+0000] {logging_mixin.py:190} INFO -  Previous state of the Task instance: running
[2025-03-09T16:18:23.072+0000] {logging_mixin.py:190} INFO - Dag name:tiki_etl_orchestration queued_at:2025-03-09 16:17:17.559284+00:00
[2025-03-09T16:18:23.073+0000] {logging_mixin.py:190} INFO - Task hostname:41de56cfff50 operator:TriggerDagRunOperator
[2025-03-09T16:18:23.113+0000] {local_task_job_runner.py:266} INFO - Task exited with return code 0
[2025-03-09T16:18:23.410+0000] {taskinstance.py:3901} INFO - 1 downstream tasks scheduled from follow-on schedule check
[2025-03-09T16:18:23.413+0000] {local_task_job_runner.py:245} INFO - ::endgroup::
