[2025-03-11T17:56:11.722+0000] {local_task_job_runner.py:123} INFO - ::group::Pre task execution logs
[2025-03-11T17:56:11.751+0000] {taskinstance.py:2614} INFO - Dependencies all met for dep_context=non-requeueable deps ti=<TaskInstance: tiki_etl_orchestration.load_data manual__2025-03-11T17:16:49.952427+00:00 [queued]>
[2025-03-11T17:56:11.929+0000] {taskinstance.py:2614} INFO - Dependencies all met for dep_context=requeueable deps ti=<TaskInstance: tiki_etl_orchestration.load_data manual__2025-03-11T17:16:49.952427+00:00 [queued]>
[2025-03-11T17:56:11.930+0000] {taskinstance.py:2867} INFO - Starting attempt 1 of 4
[2025-03-11T17:56:11.945+0000] {taskinstance.py:2890} INFO - Executing <Task(TriggerDagRunOperator): load_data> on 2025-03-11 17:16:49.952427+00:00
[2025-03-11T17:56:11.956+0000] {warnings.py:112} WARNING - /home/***/.local/lib/python3.12/site-packages/***/task/task_runner/standard_task_runner.py:70: DeprecationWarning: This process (pid=1154) is multi-threaded, use of fork() may lead to deadlocks in the child.
  pid = os.fork()

[2025-03-11T17:56:11.958+0000] {standard_task_runner.py:72} INFO - Started process 1156 to run task
[2025-03-11T17:56:11.958+0000] {standard_task_runner.py:104} INFO - Running: ['***', 'tasks', 'run', 'tiki_etl_orchestration', 'load_data', 'manual__2025-03-11T17:16:49.952427+00:00', '--job-id', '623', '--raw', '--subdir', 'DAGS_FOLDER/tiki_etl_orchestration.py', '--cfg-path', '/tmp/tmpyp_rhat0']
[2025-03-11T17:56:11.959+0000] {standard_task_runner.py:105} INFO - Job 623: Subtask load_data
[2025-03-11T17:56:12.009+0000] {task_command.py:467} INFO - Running <TaskInstance: tiki_etl_orchestration.load_data manual__2025-03-11T17:16:49.952427+00:00 [running]> on host 5c8190d7da62
[2025-03-11T17:56:12.110+0000] {taskinstance.py:3134} INFO - Exporting env vars: AIRFLOW_CTX_DAG_OWNER='***' AIRFLOW_CTX_DAG_ID='tiki_etl_orchestration' AIRFLOW_CTX_TASK_ID='load_data' AIRFLOW_CTX_EXECUTION_DATE='2025-03-11T17:16:49.952427+00:00' AIRFLOW_CTX_TRY_NUMBER='1' AIRFLOW_CTX_DAG_RUN_ID='manual__2025-03-11T17:16:49.952427+00:00'
[2025-03-11T17:56:12.111+0000] {logging_mixin.py:190} INFO - Task instance is in running state
[2025-03-11T17:56:12.112+0000] {logging_mixin.py:190} INFO -  Previous state of the Task instance: queued
[2025-03-11T17:56:12.112+0000] {logging_mixin.py:190} INFO - Current task name:load_data state:running start_date:2025-03-11 17:56:11.752690+00:00
[2025-03-11T17:56:12.112+0000] {logging_mixin.py:190} INFO - Dag name:tiki_etl_orchestration and current dag run status:running
[2025-03-11T17:56:12.113+0000] {taskinstance.py:732} INFO - ::endgroup::
[2025-03-11T17:56:12.190+0000] {trigger_dagrun.py:257} INFO - Waiting for tiki_load_dag on 2025-03-11 17:56:12.114063+00:00 to become allowed state ['success'] ...
[2025-03-11T17:57:12.199+0000] {trigger_dagrun.py:271} INFO - tiki_load_dag finished with allowed state success
[2025-03-11T17:57:12.210+0000] {taskinstance.py:341} INFO - ::group::Post task execution logs
[2025-03-11T17:57:12.211+0000] {taskinstance.py:353} INFO - Marking task as SUCCESS. dag_id=tiki_etl_orchestration, task_id=load_data, run_id=manual__2025-03-11T17:16:49.952427+00:00, execution_date=20250311T171649, start_date=20250311T175611, end_date=20250311T175712
[2025-03-11T17:57:12.233+0000] {logging_mixin.py:190} INFO - Task instance in success state
[2025-03-11T17:57:12.234+0000] {logging_mixin.py:190} INFO -  Previous state of the Task instance: running
[2025-03-11T17:57:12.234+0000] {logging_mixin.py:190} INFO - Dag name:tiki_etl_orchestration queued_at:2025-03-11 17:16:51.079914+00:00
[2025-03-11T17:57:12.235+0000] {logging_mixin.py:190} INFO - Task hostname:5c8190d7da62 operator:TriggerDagRunOperator
[2025-03-11T17:57:12.274+0000] {local_task_job_runner.py:266} INFO - Task exited with return code 0
[2025-03-11T17:57:12.291+0000] {taskinstance.py:3901} INFO - 0 downstream tasks scheduled from follow-on schedule check
[2025-03-11T17:57:12.294+0000] {local_task_job_runner.py:245} INFO - ::endgroup::
