[2025-03-09T16:03:11.110+0000] {local_task_job_runner.py:123} INFO - ::group::Pre task execution logs
[2025-03-09T16:03:11.140+0000] {taskinstance.py:2614} INFO - Dependencies all met for dep_context=non-requeueable deps ti=<TaskInstance: tiki_etl_orchestration.trigger_extract manual__2025-03-09T16:03:07.310981+00:00 [queued]>
[2025-03-09T16:03:11.155+0000] {taskinstance.py:2614} INFO - Dependencies all met for dep_context=requeueable deps ti=<TaskInstance: tiki_etl_orchestration.trigger_extract manual__2025-03-09T16:03:07.310981+00:00 [queued]>
[2025-03-09T16:03:11.157+0000] {taskinstance.py:2867} INFO - Starting attempt 1 of 1
[2025-03-09T16:03:11.388+0000] {taskinstance.py:2890} INFO - Executing <Task(TriggerDagRunOperator): trigger_extract> on 2025-03-09 16:03:07.310981+00:00
[2025-03-09T16:03:11.401+0000] {warnings.py:112} WARNING - /home/***/.local/lib/python3.12/site-packages/***/task/task_runner/standard_task_runner.py:70: DeprecationWarning: This process (pid=133) is multi-threaded, use of fork() may lead to deadlocks in the child.
  pid = os.fork()

[2025-03-09T16:03:11.404+0000] {standard_task_runner.py:72} INFO - Started process 135 to run task
[2025-03-09T16:03:11.404+0000] {standard_task_runner.py:104} INFO - Running: ['***', 'tasks', 'run', 'tiki_etl_orchestration', 'trigger_extract', 'manual__2025-03-09T16:03:07.310981+00:00', '--job-id', '195', '--raw', '--subdir', 'DAGS_FOLDER/tiki_etl_orchestration.py', '--cfg-path', '/tmp/tmpr70dk861']
[2025-03-09T16:03:11.406+0000] {standard_task_runner.py:105} INFO - Job 195: Subtask trigger_extract
[2025-03-09T16:03:11.482+0000] {task_command.py:467} INFO - Running <TaskInstance: tiki_etl_orchestration.trigger_extract manual__2025-03-09T16:03:07.310981+00:00 [running]> on host b9298747792f
[2025-03-09T16:03:11.625+0000] {taskinstance.py:3134} INFO - Exporting env vars: AIRFLOW_CTX_DAG_OWNER='***' AIRFLOW_CTX_DAG_ID='tiki_etl_orchestration' AIRFLOW_CTX_TASK_ID='trigger_extract' AIRFLOW_CTX_EXECUTION_DATE='2025-03-09T16:03:07.310981+00:00' AIRFLOW_CTX_TRY_NUMBER='1' AIRFLOW_CTX_DAG_RUN_ID='manual__2025-03-09T16:03:07.310981+00:00'
[2025-03-09T16:03:11.627+0000] {logging_mixin.py:190} INFO - Task instance is in running state
[2025-03-09T16:03:11.628+0000] {logging_mixin.py:190} INFO -  Previous state of the Task instance: queued
[2025-03-09T16:03:11.628+0000] {logging_mixin.py:190} INFO - Current task name:trigger_extract state:running start_date:2025-03-09 16:03:11.142192+00:00
[2025-03-09T16:03:11.629+0000] {logging_mixin.py:190} INFO - Dag name:tiki_etl_orchestration and current dag run status:running
[2025-03-09T16:03:11.630+0000] {taskinstance.py:732} INFO - ::endgroup::
[2025-03-09T16:03:11.747+0000] {trigger_dagrun.py:257} INFO - Waiting for tiki_extract_dag on 2025-03-09 16:03:11.630839+00:00 to become allowed state ['success'] ...
[2025-03-09T16:03:21.760+0000] {trigger_dagrun.py:257} INFO - Waiting for tiki_extract_dag on 2025-03-09 16:03:11.630839+00:00 to become allowed state ['success'] ...
[2025-03-09T16:03:31.773+0000] {trigger_dagrun.py:257} INFO - Waiting for tiki_extract_dag on 2025-03-09 16:03:11.630839+00:00 to become allowed state ['success'] ...
[2025-03-09T16:03:41.788+0000] {trigger_dagrun.py:257} INFO - Waiting for tiki_extract_dag on 2025-03-09 16:03:11.630839+00:00 to become allowed state ['success'] ...
[2025-03-09T16:03:51.798+0000] {trigger_dagrun.py:257} INFO - Waiting for tiki_extract_dag on 2025-03-09 16:03:11.630839+00:00 to become allowed state ['success'] ...
[2025-03-09T16:04:01.810+0000] {trigger_dagrun.py:271} INFO - tiki_extract_dag finished with allowed state success
[2025-03-09T16:04:01.826+0000] {taskinstance.py:341} INFO - ::group::Post task execution logs
[2025-03-09T16:04:01.828+0000] {taskinstance.py:353} INFO - Marking task as SUCCESS. dag_id=tiki_etl_orchestration, task_id=trigger_extract, run_id=manual__2025-03-09T16:03:07.310981+00:00, execution_date=20250309T160307, start_date=20250309T160311, end_date=20250309T160401
[2025-03-09T16:04:01.866+0000] {logging_mixin.py:190} INFO - Task instance in success state
[2025-03-09T16:04:01.867+0000] {logging_mixin.py:190} INFO -  Previous state of the Task instance: running
[2025-03-09T16:04:01.867+0000] {logging_mixin.py:190} INFO - Dag name:tiki_etl_orchestration queued_at:2025-03-09 16:03:07.739492+00:00
[2025-03-09T16:04:01.868+0000] {logging_mixin.py:190} INFO - Task hostname:b9298747792f operator:TriggerDagRunOperator
[2025-03-09T16:04:01.891+0000] {local_task_job_runner.py:266} INFO - Task exited with return code 0
[2025-03-09T16:04:01.946+0000] {taskinstance.py:3901} INFO - 1 downstream tasks scheduled from follow-on schedule check
[2025-03-09T16:04:01.950+0000] {local_task_job_runner.py:245} INFO - ::endgroup::
