[2025-03-09T15:39:11.813+0000] {local_task_job_runner.py:123} INFO - ::group::Pre task execution logs
[2025-03-09T15:39:11.843+0000] {taskinstance.py:2614} INFO - Dependencies all met for dep_context=non-requeueable deps ti=<TaskInstance: tiki_extract_dag.extract_data manual__2025-03-09T15:39:08.274787+00:00 [queued]>
[2025-03-09T15:39:11.856+0000] {taskinstance.py:2614} INFO - Dependencies all met for dep_context=requeueable deps ti=<TaskInstance: tiki_extract_dag.extract_data manual__2025-03-09T15:39:08.274787+00:00 [queued]>
[2025-03-09T15:39:11.857+0000] {taskinstance.py:2867} INFO - Starting attempt 1 of 1
[2025-03-09T15:39:11.880+0000] {taskinstance.py:2890} INFO - Executing <Task(PythonOperator): extract_data> on 2025-03-09 15:39:08.274787+00:00
[2025-03-09T15:39:11.893+0000] {warnings.py:112} WARNING - /home/***/.local/lib/python3.12/site-packages/***/task/task_runner/standard_task_runner.py:70: DeprecationWarning: This process (pid=84) is multi-threaded, use of fork() may lead to deadlocks in the child.
  pid = os.fork()

[2025-03-09T15:39:11.896+0000] {standard_task_runner.py:104} INFO - Running: ['***', 'tasks', 'run', 'tiki_extract_dag', 'extract_data', 'manual__2025-03-09T15:39:08.274787+00:00', '--job-id', '186', '--raw', '--subdir', 'DAGS_FOLDER/tiki_extract_dag.py', '--cfg-path', '/tmp/tmpmzit4_22']
[2025-03-09T15:39:11.897+0000] {standard_task_runner.py:72} INFO - Started process 86 to run task
[2025-03-09T15:39:11.898+0000] {standard_task_runner.py:105} INFO - Job 186: Subtask extract_data
[2025-03-09T15:39:11.981+0000] {task_command.py:467} INFO - Running <TaskInstance: tiki_extract_dag.extract_data manual__2025-03-09T15:39:08.274787+00:00 [running]> on host 10038f9c1f89
[2025-03-09T15:39:12.505+0000] {taskinstance.py:3134} INFO - Exporting env vars: AIRFLOW_CTX_DAG_OWNER='***' AIRFLOW_CTX_DAG_ID='tiki_extract_dag' AIRFLOW_CTX_TASK_ID='extract_data' AIRFLOW_CTX_EXECUTION_DATE='2025-03-09T15:39:08.274787+00:00' AIRFLOW_CTX_TRY_NUMBER='1' AIRFLOW_CTX_DAG_RUN_ID='manual__2025-03-09T15:39:08.274787+00:00'
[2025-03-09T15:39:12.507+0000] {logging_mixin.py:190} INFO - Task instance is in running state
[2025-03-09T15:39:12.507+0000] {logging_mixin.py:190} INFO -  Previous state of the Task instance: queued
[2025-03-09T15:39:12.508+0000] {logging_mixin.py:190} INFO - Current task name:extract_data state:running start_date:2025-03-09 15:39:11.844021+00:00
[2025-03-09T15:39:12.509+0000] {logging_mixin.py:190} INFO - Dag name:tiki_extract_dag and current dag run status:running
[2025-03-09T15:39:12.510+0000] {taskinstance.py:732} INFO - ::endgroup::
[2025-03-09T15:39:12.535+0000] {tiki_extract_dag.py:20} INFO - Loaded categories: ['lam-dep-suc-khoe', 'dien-thoai-may-tinh-bang', 'laptop-may-vi-tinh-linh-kien', 'dien-gia-dung', 'sach', 'thiet-bi-kts-phu-kien-so', 'thoi-trang-nu', 'thoi-trang-nam', 'dong-ho-va-trang-suc', 'dien-tu-dien-lanh']
[2025-03-09T15:39:13.284+0000] {crawl_data.py:106} INFO - Crawling category lam-dep-suc-khoe with 1 pages
[2025-03-09T15:39:13.972+0000] {crawl_data.py:131} INFO - Extracted page 1 - lam-dep-suc-khoe, 40 items, total extracted: 40
[2025-03-09T15:39:18.802+0000] {crawl_data.py:106} INFO - Crawling category dien-thoai-may-tinh-bang with 1 pages
[2025-03-09T15:39:19.214+0000] {crawl_data.py:131} INFO - Extracted page 1 - dien-thoai-may-tinh-bang, 40 items, total extracted: 80
[2025-03-09T15:39:22.467+0000] {crawl_data.py:106} INFO - Crawling category laptop-may-vi-tinh-linh-kien with 1 pages
[2025-03-09T15:39:23.078+0000] {crawl_data.py:131} INFO - Extracted page 1 - laptop-may-vi-tinh-linh-kien, 40 items, total extracted: 120
[2025-03-09T15:39:26.897+0000] {crawl_data.py:106} INFO - Crawling category dien-gia-dung with 1 pages
[2025-03-09T15:39:27.366+0000] {crawl_data.py:131} INFO - Extracted page 1 - dien-gia-dung, 40 items, total extracted: 160
[2025-03-09T15:39:30.348+0000] {crawl_data.py:106} INFO - Crawling category sach with 1 pages
[2025-03-09T15:39:31.060+0000] {crawl_data.py:131} INFO - Extracted page 1 - sach, 40 items, total extracted: 200
[2025-03-09T15:39:34.135+0000] {crawl_data.py:106} INFO - Crawling category thiet-bi-kts-phu-kien-so with 1 pages
[2025-03-09T15:39:34.546+0000] {crawl_data.py:131} INFO - Extracted page 1 - thiet-bi-kts-phu-kien-so, 40 items, total extracted: 240
[2025-03-09T15:39:37.911+0000] {crawl_data.py:106} INFO - Crawling category thoi-trang-nu with 1 pages
[2025-03-09T15:39:38.665+0000] {crawl_data.py:131} INFO - Extracted page 1 - thoi-trang-nu, 40 items, total extracted: 280
[2025-03-09T15:39:41.428+0000] {crawl_data.py:106} INFO - Crawling category thoi-trang-nam with 1 pages
[2025-03-09T15:39:42.021+0000] {crawl_data.py:131} INFO - Extracted page 1 - thoi-trang-nam, 40 items, total extracted: 320
[2025-03-09T15:39:44.834+0000] {crawl_data.py:106} INFO - Crawling category dong-ho-va-trang-suc with 1 pages
[2025-03-09T15:39:45.256+0000] {crawl_data.py:131} INFO - Extracted page 1 - dong-ho-va-trang-suc, 40 items, total extracted: 360
[2025-03-09T15:39:47.978+0000] {crawl_data.py:106} INFO - Crawling category dien-tu-dien-lanh with 1 pages
[2025-03-09T15:39:48.532+0000] {crawl_data.py:131} INFO - Extracted page 1 - dien-tu-dien-lanh, 40 items, total extracted: 400
[2025-03-09T15:39:53.885+0000] {crawl_data.py:49} INFO - Updated crawled products at tiki-data/tiki_crawled/crawled_products.json
[2025-03-09T15:39:53.886+0000] {crawl_data.py:147} INFO - Uploaded raw data to tiki-data/tiki_raw_data/raw_20250309_153952.json, total items: 400
[2025-03-09T15:39:53.911+0000] {tiki_extract_dag.py:25} INFO - Extracted data and saved to tiki_raw_data/raw_20250309_153952.json
[2025-03-09T15:39:53.912+0000] {python.py:240} INFO - Done. Returned value was: None
[2025-03-09T15:39:53.929+0000] {taskinstance.py:341} INFO - ::group::Post task execution logs
[2025-03-09T15:39:53.931+0000] {taskinstance.py:353} INFO - Marking task as SUCCESS. dag_id=tiki_extract_dag, task_id=extract_data, run_id=manual__2025-03-09T15:39:08.274787+00:00, execution_date=20250309T153908, start_date=20250309T153911, end_date=20250309T153953
[2025-03-09T15:39:53.985+0000] {logging_mixin.py:190} INFO - Task instance in success state
[2025-03-09T15:39:53.986+0000] {logging_mixin.py:190} INFO -  Previous state of the Task instance: running
[2025-03-09T15:39:53.987+0000] {logging_mixin.py:190} INFO - Dag name:tiki_extract_dag queued_at:2025-03-09 15:39:08.336947+00:00
[2025-03-09T15:39:53.987+0000] {logging_mixin.py:190} INFO - Task hostname:10038f9c1f89 operator:PythonOperator
[2025-03-09T15:39:54.043+0000] {local_task_job_runner.py:266} INFO - Task exited with return code 0
[2025-03-09T15:39:54.070+0000] {taskinstance.py:3901} INFO - 0 downstream tasks scheduled from follow-on schedule check
[2025-03-09T15:39:54.074+0000] {local_task_job_runner.py:245} INFO - ::endgroup::
