[2025-03-09T18:45:02.900+0000] {local_task_job_runner.py:123} INFO - ::group::Pre task execution logs
[2025-03-09T18:45:02.930+0000] {taskinstance.py:2614} INFO - Dependencies all met for dep_context=non-requeueable deps ti=<TaskInstance: tiki_extract_dag.extract_data manual__2025-03-09T18:44:59.175454+00:00 [queued]>
[2025-03-09T18:45:02.944+0000] {taskinstance.py:2614} INFO - Dependencies all met for dep_context=requeueable deps ti=<TaskInstance: tiki_extract_dag.extract_data manual__2025-03-09T18:44:59.175454+00:00 [queued]>
[2025-03-09T18:45:02.945+0000] {taskinstance.py:2867} INFO - Starting attempt 1 of 1
[2025-03-09T18:45:02.968+0000] {taskinstance.py:2890} INFO - Executing <Task(PythonOperator): extract_data> on 2025-03-09 18:44:59.175454+00:00
[2025-03-09T18:45:02.986+0000] {warnings.py:112} WARNING - /home/***/.local/lib/python3.12/site-packages/***/task/task_runner/standard_task_runner.py:70: DeprecationWarning: This process (pid=83) is multi-threaded, use of fork() may lead to deadlocks in the child.
  pid = os.fork()

[2025-03-09T18:45:02.990+0000] {standard_task_runner.py:72} INFO - Started process 85 to run task
[2025-03-09T18:45:02.990+0000] {standard_task_runner.py:104} INFO - Running: ['***', 'tasks', 'run', 'tiki_extract_dag', 'extract_data', 'manual__2025-03-09T18:44:59.175454+00:00', '--job-id', '282', '--raw', '--subdir', 'DAGS_FOLDER/tiki_extract_dag.py', '--cfg-path', '/tmp/tmpevw9gvdz']
[2025-03-09T18:45:02.992+0000] {standard_task_runner.py:105} INFO - Job 282: Subtask extract_data
[2025-03-09T18:45:03.083+0000] {task_command.py:467} INFO - Running <TaskInstance: tiki_extract_dag.extract_data manual__2025-03-09T18:44:59.175454+00:00 [running]> on host 72a6d77a3cc5
[2025-03-09T18:45:03.616+0000] {taskinstance.py:3134} INFO - Exporting env vars: AIRFLOW_CTX_DAG_OWNER='***' AIRFLOW_CTX_DAG_ID='tiki_extract_dag' AIRFLOW_CTX_TASK_ID='extract_data' AIRFLOW_CTX_EXECUTION_DATE='2025-03-09T18:44:59.175454+00:00' AIRFLOW_CTX_TRY_NUMBER='1' AIRFLOW_CTX_DAG_RUN_ID='manual__2025-03-09T18:44:59.175454+00:00'
[2025-03-09T18:45:03.617+0000] {logging_mixin.py:190} INFO - Task instance is in running state
[2025-03-09T18:45:03.618+0000] {logging_mixin.py:190} INFO -  Previous state of the Task instance: queued
[2025-03-09T18:45:03.619+0000] {logging_mixin.py:190} INFO - Current task name:extract_data state:running start_date:2025-03-09 18:45:02.931390+00:00
[2025-03-09T18:45:03.619+0000] {logging_mixin.py:190} INFO - Dag name:tiki_extract_dag and current dag run status:running
[2025-03-09T18:45:03.620+0000] {taskinstance.py:732} INFO - ::endgroup::
[2025-03-09T18:45:04.333+0000] {tiki_extract_dag.py:129} INFO - Crawling category lam-dep-suc-khoe with 1 pages
[2025-03-09T18:45:05.084+0000] {tiki_extract_dag.py:154} INFO - Extracted page 1 - lam-dep-suc-khoe, 40 items, total extracted: 40
[2025-03-09T18:45:08.021+0000] {tiki_extract_dag.py:129} INFO - Crawling category dien-thoai-may-tinh-bang with 1 pages
[2025-03-09T18:45:08.301+0000] {tiki_extract_dag.py:154} INFO - Extracted page 1 - dien-thoai-may-tinh-bang, 40 items, total extracted: 80
[2025-03-09T18:45:11.969+0000] {tiki_extract_dag.py:129} INFO - Crawling category laptop-may-vi-tinh-linh-kien with 1 pages
[2025-03-09T18:45:12.279+0000] {tiki_extract_dag.py:154} INFO - Extracted page 1 - laptop-may-vi-tinh-linh-kien, 40 items, total extracted: 120
[2025-03-09T18:45:15.452+0000] {tiki_extract_dag.py:129} INFO - Crawling category dien-gia-dung with 1 pages
[2025-03-09T18:45:15.760+0000] {tiki_extract_dag.py:154} INFO - Extracted page 1 - dien-gia-dung, 40 items, total extracted: 160
[2025-03-09T18:45:20.349+0000] {tiki_extract_dag.py:129} INFO - Crawling category sach with 1 pages
[2025-03-09T18:45:20.623+0000] {tiki_extract_dag.py:154} INFO - Extracted page 1 - sach, 40 items, total extracted: 200
[2025-03-09T18:45:23.614+0000] {tiki_extract_dag.py:129} INFO - Crawling category thiet-bi-kts-phu-kien-so with 1 pages
[2025-03-09T18:45:24.076+0000] {tiki_extract_dag.py:154} INFO - Extracted page 1 - thiet-bi-kts-phu-kien-so, 40 items, total extracted: 240
[2025-03-09T18:45:28.389+0000] {tiki_extract_dag.py:129} INFO - Crawling category thoi-trang-nu with 1 pages
[2025-03-09T18:45:28.890+0000] {tiki_extract_dag.py:154} INFO - Extracted page 1 - thoi-trang-nu, 40 items, total extracted: 280
[2025-03-09T18:45:33.785+0000] {tiki_extract_dag.py:129} INFO - Crawling category thoi-trang-nam with 1 pages
[2025-03-09T18:45:34.035+0000] {tiki_extract_dag.py:154} INFO - Extracted page 1 - thoi-trang-nam, 40 items, total extracted: 320
[2025-03-09T18:45:38.747+0000] {tiki_extract_dag.py:129} INFO - Crawling category dong-ho-va-trang-suc with 1 pages
[2025-03-09T18:45:39.188+0000] {tiki_extract_dag.py:154} INFO - Extracted page 1 - dong-ho-va-trang-suc, 40 items, total extracted: 360
[2025-03-09T18:45:43.800+0000] {tiki_extract_dag.py:129} INFO - Crawling category dien-tu-dien-lanh with 1 pages
[2025-03-09T18:45:44.155+0000] {tiki_extract_dag.py:154} INFO - Extracted page 1 - dien-tu-dien-lanh, 40 items, total extracted: 400
[2025-03-09T18:45:48.063+0000] {tiki_extract_dag.py:172} INFO - Saved raw data to tiki-data/tiki_raw_data/raw_20250309_184547.json, total items: 400
[2025-03-09T18:45:48.904+0000] {tiki_extract_dag.py:59} INFO - Updated crawled products at tiki-data/tiki_crawled/crawled_products.json
[2025-03-09T18:45:49.096+0000] {tiki_extract_dag.py:186} INFO - Saved metadata to tiki-data/metadata/extract_run_metadata_20250309_184548.json
[2025-03-09T18:45:49.097+0000] {python.py:240} INFO - Done. Returned value was: None
[2025-03-09T18:45:49.117+0000] {taskinstance.py:341} INFO - ::group::Post task execution logs
[2025-03-09T18:45:49.118+0000] {taskinstance.py:353} INFO - Marking task as SUCCESS. dag_id=tiki_extract_dag, task_id=extract_data, run_id=manual__2025-03-09T18:44:59.175454+00:00, execution_date=20250309T184459, start_date=20250309T184502, end_date=20250309T184549
[2025-03-09T18:45:49.167+0000] {logging_mixin.py:190} INFO - Task instance in success state
[2025-03-09T18:45:49.169+0000] {logging_mixin.py:190} INFO -  Previous state of the Task instance: running
[2025-03-09T18:45:49.170+0000] {logging_mixin.py:190} INFO - Dag name:tiki_extract_dag queued_at:2025-03-09 18:44:59.224845+00:00
[2025-03-09T18:45:49.171+0000] {logging_mixin.py:190} INFO - Task hostname:72a6d77a3cc5 operator:PythonOperator
[2025-03-09T18:45:49.225+0000] {local_task_job_runner.py:266} INFO - Task exited with return code 0
[2025-03-09T18:45:49.258+0000] {taskinstance.py:3901} INFO - 0 downstream tasks scheduled from follow-on schedule check
[2025-03-09T18:45:49.261+0000] {local_task_job_runner.py:245} INFO - ::endgroup::
