[2025-03-10T07:16:24.394+0000] {local_task_job_runner.py:123} INFO - ::group::Pre task execution logs
[2025-03-10T07:16:24.425+0000] {taskinstance.py:2614} INFO - Dependencies all met for dep_context=non-requeueable deps ti=<TaskInstance: tiki_orchestration_dag.trigger_extract manual__2025-03-10T07:16:17.278383+00:00 [queued]>
[2025-03-10T07:16:24.441+0000] {taskinstance.py:2614} INFO - Dependencies all met for dep_context=requeueable deps ti=<TaskInstance: tiki_orchestration_dag.trigger_extract manual__2025-03-10T07:16:17.278383+00:00 [queued]>
[2025-03-10T07:16:24.442+0000] {taskinstance.py:2867} INFO - Starting attempt 1 of 2
[2025-03-10T07:16:24.680+0000] {taskinstance.py:2890} INFO - Executing <Task(TriggerDagRunOperator): trigger_extract> on 2025-03-10 07:16:17.278383+00:00
[2025-03-10T07:16:24.696+0000] {warnings.py:112} WARNING - /home/***/.local/lib/python3.12/site-packages/***/task/task_runner/standard_task_runner.py:70: DeprecationWarning: This process (pid=4167) is multi-threaded, use of fork() may lead to deadlocks in the child.
  pid = os.fork()

[2025-03-10T07:16:24.699+0000] {standard_task_runner.py:72} INFO - Started process 4169 to run task
[2025-03-10T07:16:24.698+0000] {standard_task_runner.py:104} INFO - Running: ['***', 'tasks', 'run', 'tiki_orchestration_dag', 'trigger_extract', 'manual__2025-03-10T07:16:17.278383+00:00', '--job-id', '309', '--raw', '--subdir', 'DAGS_FOLDER/tiki_etl_orchestration.py', '--cfg-path', '/tmp/tmp6z1and8b']
[2025-03-10T07:16:24.700+0000] {standard_task_runner.py:105} INFO - Job 309: Subtask trigger_extract
[2025-03-10T07:16:24.796+0000] {task_command.py:467} INFO - Running <TaskInstance: tiki_orchestration_dag.trigger_extract manual__2025-03-10T07:16:17.278383+00:00 [running]> on host 72a6d77a3cc5
[2025-03-10T07:16:24.911+0000] {taskinstance.py:3134} INFO - Exporting env vars: AIRFLOW_CTX_DAG_OWNER='***' AIRFLOW_CTX_DAG_ID='tiki_orchestration_dag' AIRFLOW_CTX_TASK_ID='trigger_extract' AIRFLOW_CTX_EXECUTION_DATE='2025-03-10T07:16:17.278383+00:00' AIRFLOW_CTX_TRY_NUMBER='1' AIRFLOW_CTX_DAG_RUN_ID='manual__2025-03-10T07:16:17.278383+00:00'
[2025-03-10T07:16:24.913+0000] {logging_mixin.py:190} INFO - Task instance is in running state
[2025-03-10T07:16:24.914+0000] {logging_mixin.py:190} INFO -  Previous state of the Task instance: queued
[2025-03-10T07:16:24.914+0000] {logging_mixin.py:190} INFO - Current task name:trigger_extract state:running start_date:2025-03-10 07:16:24.426243+00:00
[2025-03-10T07:16:24.914+0000] {logging_mixin.py:190} INFO - Dag name:tiki_orchestration_dag and current dag run status:running
[2025-03-10T07:16:24.915+0000] {taskinstance.py:732} INFO - ::endgroup::
[2025-03-10T07:16:25.005+0000] {trigger_dagrun.py:257} INFO - Waiting for tiki_extract_dag on 2025-03-10 07:16:24.915909+00:00 to become allowed state ['success'] ...
[2025-03-10T07:17:25.072+0000] {trigger_dagrun.py:257} INFO - Waiting for tiki_extract_dag on 2025-03-10 07:16:24.915909+00:00 to become allowed state ['success'] ...
[2025-03-10T07:18:25.093+0000] {trigger_dagrun.py:257} INFO - Waiting for tiki_extract_dag on 2025-03-10 07:16:24.915909+00:00 to become allowed state ['success'] ...
