[2025-03-10T10:39:13.657+0000] {local_task_job_runner.py:123} INFO - ::group::Pre task execution logs
[2025-03-10T10:39:13.740+0000] {taskinstance.py:2614} INFO - Dependencies all met for dep_context=non-requeueable deps ti=<TaskInstance: tiki_extract_dag.crawl_lam-dep-suc-khoe manual__2025-03-10T10:33:29.927545+00:00 [queued]>
[2025-03-10T10:39:13.782+0000] {taskinstance.py:2614} INFO - Dependencies all met for dep_context=requeueable deps ti=<TaskInstance: tiki_extract_dag.crawl_lam-dep-suc-khoe manual__2025-03-10T10:33:29.927545+00:00 [queued]>
[2025-03-10T10:39:13.783+0000] {taskinstance.py:2867} INFO - Starting attempt 1 of 4
[2025-03-10T10:39:13.919+0000] {taskinstance.py:2890} INFO - Executing <Task(PythonOperator): crawl_lam-dep-suc-khoe> on 2025-03-10 10:33:29.927545+00:00
[2025-03-10T10:39:14.042+0000] {warnings.py:112} WARNING - /home/***/.local/lib/python3.12/site-packages/***/task/task_runner/standard_task_runner.py:70: DeprecationWarning: This process (pid=187) is multi-threaded, use of fork() may lead to deadlocks in the child.
  pid = os.fork()

[2025-03-10T10:39:14.047+0000] {standard_task_runner.py:104} INFO - Running: ['***', 'tasks', 'run', 'tiki_extract_dag', 'crawl_lam-dep-suc-khoe', 'manual__2025-03-10T10:33:29.927545+00:00', '--job-id', '470', '--raw', '--subdir', 'DAGS_FOLDER/tiki_extract_dag.py', '--cfg-path', '/tmp/tmpnu87dld0']
[2025-03-10T10:39:14.049+0000] {standard_task_runner.py:72} INFO - Started process 237 to run task
[2025-03-10T10:39:14.050+0000] {standard_task_runner.py:105} INFO - Job 470: Subtask crawl_lam-dep-suc-khoe
[2025-03-10T10:39:16.545+0000] {task_command.py:467} INFO - Running <TaskInstance: tiki_extract_dag.crawl_lam-dep-suc-khoe manual__2025-03-10T10:33:29.927545+00:00 [running]> on host 0c9fb3f19112
[2025-03-10T10:39:17.061+0000] {taskinstance.py:3134} INFO - Exporting env vars: AIRFLOW_CTX_DAG_OWNER='***' AIRFLOW_CTX_DAG_ID='tiki_extract_dag' AIRFLOW_CTX_TASK_ID='crawl_lam-dep-suc-khoe' AIRFLOW_CTX_EXECUTION_DATE='2025-03-10T10:33:29.927545+00:00' AIRFLOW_CTX_TRY_NUMBER='1' AIRFLOW_CTX_DAG_RUN_ID='manual__2025-03-10T10:33:29.927545+00:00'
[2025-03-10T10:39:17.218+0000] {logging_mixin.py:190} INFO - Task instance is in running state
[2025-03-10T10:39:17.240+0000] {logging_mixin.py:190} INFO -  Previous state of the Task instance: queued
[2025-03-10T10:39:17.241+0000] {logging_mixin.py:190} INFO - Current task name:crawl_lam-dep-suc-khoe state:running start_date:2025-03-10 10:39:13.741441+00:00
[2025-03-10T10:39:17.242+0000] {logging_mixin.py:190} INFO - Dag name:tiki_extract_dag and current dag run status:running
[2025-03-10T10:39:17.244+0000] {taskinstance.py:732} INFO - ::endgroup::
[2025-03-10T10:39:36.837+0000] {job.py:229} INFO - Heartbeat recovered after 23.43 seconds
[2025-03-10T10:39:39.498+0000] {tiki_extract_dag.py:132} INFO - Starting crawl for category lam-dep-suc-khoe (ID: 1520)
[2025-03-10T10:39:39.505+0000] {tiki_extract_dag.py:134} INFO - Calling API: https://tiki.vn/api/v2/products with params: {'page': 1, 'limit': 40, 'category': '1520'}
[2025-03-10T10:39:41.392+0000] {tiki_extract_dag.py:143} INFO - Total pages for lam-dep-suc-khoe: 50 (limited to 50)
[2025-03-10T10:39:58.586+0000] {connectionpool.py:868} WARNING - Retrying (Retry(total=4, connect=4, read=5, redirect=None, status=None)) after connection broken by 'NameResolutionError("<urllib3.connection.HTTPSConnection object at 0x7f8e71961430>: Failed to resolve 'maintenance.tiki.vn' ([Errno -3] Temporary failure in name resolution)")': /
[2025-03-10T10:40:04.193+0000] {job.py:229} INFO - Heartbeat recovered after 21.90 seconds
[2025-03-10T10:40:04.749+0000] {tiki_extract_dag.py:119} ERROR - Error fetching details for product 275970393: Expecting value: line 1 column 1 (char 0)
[2025-03-10T10:40:04.913+0000] {tiki_extract_dag.py:119} ERROR - Error fetching details for product 273598230: Expecting value: line 1 column 1 (char 0)
[2025-03-10T10:40:05.098+0000] {tiki_extract_dag.py:119} ERROR - Error fetching details for product 191680827: Expecting value: line 1 column 1 (char 0)
[2025-03-10T10:40:05.240+0000] {tiki_extract_dag.py:119} ERROR - Error fetching details for product 186434710: Expecting value: line 1 column 1 (char 0)
[2025-03-10T10:40:05.387+0000] {tiki_extract_dag.py:119} ERROR - Error fetching details for product 179988643: Expecting value: line 1 column 1 (char 0)
[2025-03-10T10:40:05.533+0000] {tiki_extract_dag.py:119} ERROR - Error fetching details for product 171564906: Expecting value: line 1 column 1 (char 0)
[2025-03-10T10:40:05.697+0000] {tiki_extract_dag.py:119} ERROR - Error fetching details for product 168562118: Expecting value: line 1 column 1 (char 0)
[2025-03-10T10:40:05.839+0000] {tiki_extract_dag.py:119} ERROR - Error fetching details for product 133245970: Expecting value: line 1 column 1 (char 0)
[2025-03-10T10:40:05.984+0000] {tiki_extract_dag.py:119} ERROR - Error fetching details for product 128912879: Expecting value: line 1 column 1 (char 0)
[2025-03-10T10:40:06.126+0000] {tiki_extract_dag.py:119} ERROR - Error fetching details for product 127026903: Expecting value: line 1 column 1 (char 0)
[2025-03-10T10:40:06.276+0000] {tiki_extract_dag.py:119} ERROR - Error fetching details for product 121485349: Expecting value: line 1 column 1 (char 0)
[2025-03-10T10:40:06.431+0000] {tiki_extract_dag.py:119} ERROR - Error fetching details for product 118708687: Expecting value: line 1 column 1 (char 0)
[2025-03-10T10:40:06.584+0000] {tiki_extract_dag.py:119} ERROR - Error fetching details for product 108535251: Expecting value: line 1 column 1 (char 0)
[2025-03-10T10:40:06.763+0000] {tiki_extract_dag.py:119} ERROR - Error fetching details for product 95253531: Expecting value: line 1 column 1 (char 0)
[2025-03-10T10:40:06.915+0000] {tiki_extract_dag.py:119} ERROR - Error fetching details for product 93078800: Expecting value: line 1 column 1 (char 0)
[2025-03-10T10:40:07.062+0000] {tiki_extract_dag.py:119} ERROR - Error fetching details for product 91565733: Expecting value: line 1 column 1 (char 0)
[2025-03-10T10:40:07.210+0000] {tiki_extract_dag.py:119} ERROR - Error fetching details for product 72644676: Expecting value: line 1 column 1 (char 0)
[2025-03-10T10:40:07.355+0000] {tiki_extract_dag.py:119} ERROR - Error fetching details for product 25108217: Expecting value: line 1 column 1 (char 0)
[2025-03-10T10:40:07.580+0000] {tiki_extract_dag.py:119} ERROR - Error fetching details for product 22254660: Expecting value: line 1 column 1 (char 0)
[2025-03-10T10:40:07.753+0000] {tiki_extract_dag.py:119} ERROR - Error fetching details for product 22052325: Expecting value: line 1 column 1 (char 0)
[2025-03-10T10:40:07.944+0000] {tiki_extract_dag.py:119} ERROR - Error fetching details for product 20541866: Expecting value: line 1 column 1 (char 0)
[2025-03-10T10:40:08.126+0000] {tiki_extract_dag.py:119} ERROR - Error fetching details for product 14115539: Expecting value: line 1 column 1 (char 0)
[2025-03-10T10:40:08.397+0000] {tiki_extract_dag.py:119} ERROR - Error fetching details for product 10298023: Expecting value: line 1 column 1 (char 0)
[2025-03-10T10:40:17.330+0000] {tiki_extract_dag.py:119} ERROR - Error fetching details for product 10071383: Expecting value: line 1 column 1 (char 0)
[2025-03-10T10:40:29.028+0000] {job.py:229} INFO - Heartbeat recovered after 24.84 seconds
[2025-03-10T10:40:34.510+0000] {tiki_extract_dag.py:119} ERROR - Error fetching details for product 1634983: Expecting value: line 1 column 1 (char 0)
[2025-03-10T10:40:34.650+0000] {tiki_extract_dag.py:119} ERROR - Error fetching details for product 1634981: Expecting value: line 1 column 1 (char 0)
[2025-03-10T10:40:34.793+0000] {tiki_extract_dag.py:119} ERROR - Error fetching details for product 1537315: Expecting value: line 1 column 1 (char 0)
[2025-03-10T10:40:34.956+0000] {tiki_extract_dag.py:119} ERROR - Error fetching details for product 767101: Expecting value: line 1 column 1 (char 0)
[2025-03-10T10:40:35.099+0000] {tiki_extract_dag.py:119} ERROR - Error fetching details for product 632680: Expecting value: line 1 column 1 (char 0)
[2025-03-10T10:40:35.244+0000] {tiki_extract_dag.py:119} ERROR - Error fetching details for product 385654: Expecting value: line 1 column 1 (char 0)
[2025-03-10T10:40:35.399+0000] {tiki_extract_dag.py:119} ERROR - Error fetching details for product 385582: Expecting value: line 1 column 1 (char 0)
[2025-03-10T10:40:35.400+0000] {tiki_extract_dag.py:156} INFO - Calling API: https://tiki.vn/api/v2/products with params: {'page': 2, 'limit': 40, 'category': '1520'}
[2025-03-10T10:40:35.547+0000] {tiki_extract_dag.py:178} ERROR - API error at page 2 in category lam-dep-suc-khoe: Expecting value: line 1 column 1 (char 0)
[2025-03-10T10:40:39.259+0000] {tiki_extract_dag.py:50} INFO - Updated crawled products at tiki-pipeline/tiki_crawled/crawled_products.json
[2025-03-10T10:40:39.260+0000] {tiki_extract_dag.py:192} INFO - Uploaded raw data to tiki-pipeline/raw_data/lam-dep-suc-khoe_20250310_104035.json, total items: 40
[2025-03-10T10:40:39.840+0000] {tiki_extract_dag.py:204} INFO - Saved metadata to tiki-pipeline/metadata/lam-dep-suc-khoe_extract_run_metadata_20250310_104035.json
[2025-03-10T10:40:39.841+0000] {python.py:240} INFO - Done. Returned value was: None
[2025-03-10T10:40:39.882+0000] {taskinstance.py:341} INFO - ::group::Post task execution logs
[2025-03-10T10:40:39.884+0000] {taskinstance.py:353} INFO - Marking task as SUCCESS. dag_id=tiki_extract_dag, task_id=crawl_lam-dep-suc-khoe, run_id=manual__2025-03-10T10:33:29.927545+00:00, execution_date=20250310T103329, start_date=20250310T103913, end_date=20250310T104039
[2025-03-10T10:40:39.980+0000] {logging_mixin.py:190} INFO - Task instance in success state
[2025-03-10T10:40:39.982+0000] {logging_mixin.py:190} INFO -  Previous state of the Task instance: running
[2025-03-10T10:40:39.983+0000] {logging_mixin.py:190} INFO - Dag name:tiki_extract_dag queued_at:2025-03-10 10:33:30.016202+00:00
[2025-03-10T10:40:39.984+0000] {logging_mixin.py:190} INFO - Task hostname:0c9fb3f19112 operator:PythonOperator
[2025-03-10T10:40:40.059+0000] {local_task_job_runner.py:266} INFO - Task exited with return code 0
[2025-03-10T10:40:40.128+0000] {taskinstance.py:3901} INFO - 0 downstream tasks scheduled from follow-on schedule check
[2025-03-10T10:40:40.135+0000] {local_task_job_runner.py:245} INFO - ::endgroup::
