[2025-03-09T18:58:28.214+0000] {local_task_job_runner.py:123} INFO - ::group::Pre task execution logs
[2025-03-09T18:58:28.242+0000] {taskinstance.py:2614} INFO - Dependencies all met for dep_context=non-requeueable deps ti=<TaskInstance: tiki_extract_dag.extract_data manual__2025-03-09T18:58:23.595247+00:00 [queued]>
[2025-03-09T18:58:28.255+0000] {taskinstance.py:2614} INFO - Dependencies all met for dep_context=requeueable deps ti=<TaskInstance: tiki_extract_dag.extract_data manual__2025-03-09T18:58:23.595247+00:00 [queued]>
[2025-03-09T18:58:28.256+0000] {taskinstance.py:2867} INFO - Starting attempt 1 of 1
[2025-03-09T18:58:28.281+0000] {taskinstance.py:2890} INFO - Executing <Task(PythonOperator): extract_data> on 2025-03-09 18:58:23.595247+00:00
[2025-03-09T18:58:28.293+0000] {warnings.py:112} WARNING - /home/***/.local/lib/python3.12/site-packages/***/task/task_runner/standard_task_runner.py:70: DeprecationWarning: This process (pid=278) is multi-threaded, use of fork() may lead to deadlocks in the child.
  pid = os.fork()

[2025-03-09T18:58:28.296+0000] {standard_task_runner.py:72} INFO - Started process 280 to run task
[2025-03-09T18:58:28.296+0000] {standard_task_runner.py:104} INFO - Running: ['***', 'tasks', 'run', 'tiki_extract_dag', 'extract_data', 'manual__2025-03-09T18:58:23.595247+00:00', '--job-id', '290', '--raw', '--subdir', 'DAGS_FOLDER/tiki_extract_dag.py', '--cfg-path', '/tmp/tmpr0hvytlb']
[2025-03-09T18:58:28.298+0000] {standard_task_runner.py:105} INFO - Job 290: Subtask extract_data
[2025-03-09T18:58:28.383+0000] {task_command.py:467} INFO - Running <TaskInstance: tiki_extract_dag.extract_data manual__2025-03-09T18:58:23.595247+00:00 [running]> on host 72a6d77a3cc5
[2025-03-09T18:58:28.974+0000] {taskinstance.py:3134} INFO - Exporting env vars: AIRFLOW_CTX_DAG_OWNER='***' AIRFLOW_CTX_DAG_ID='tiki_extract_dag' AIRFLOW_CTX_TASK_ID='extract_data' AIRFLOW_CTX_EXECUTION_DATE='2025-03-09T18:58:23.595247+00:00' AIRFLOW_CTX_TRY_NUMBER='1' AIRFLOW_CTX_DAG_RUN_ID='manual__2025-03-09T18:58:23.595247+00:00'
[2025-03-09T18:58:28.976+0000] {logging_mixin.py:190} INFO - Task instance is in running state
[2025-03-09T18:58:28.977+0000] {logging_mixin.py:190} INFO -  Previous state of the Task instance: queued
[2025-03-09T18:58:28.977+0000] {logging_mixin.py:190} INFO - Current task name:extract_data state:running start_date:2025-03-09 18:58:28.243466+00:00
[2025-03-09T18:58:28.978+0000] {logging_mixin.py:190} INFO - Dag name:tiki_extract_dag and current dag run status:running
[2025-03-09T18:58:28.978+0000] {taskinstance.py:732} INFO - ::endgroup::
[2025-03-09T18:58:29.698+0000] {tiki_extract_dag.py:129} INFO - Crawling category lam-dep-suc-khoe with 50 pages
[2025-03-09T18:58:30.272+0000] {tiki_extract_dag.py:154} INFO - Extracted page 1 - lam-dep-suc-khoe, 40 items, total extracted: 40
[2025-03-09T18:58:34.177+0000] {tiki_extract_dag.py:154} INFO - Extracted page 2 - lam-dep-suc-khoe, 40 items, total extracted: 80
[2025-03-09T18:58:39.083+0000] {tiki_extract_dag.py:154} INFO - Extracted page 3 - lam-dep-suc-khoe, 40 items, total extracted: 120
[2025-03-09T18:58:41.602+0000] {tiki_extract_dag.py:154} INFO - Extracted page 4 - lam-dep-suc-khoe, 40 items, total extracted: 160
[2025-03-09T18:58:46.382+0000] {tiki_extract_dag.py:154} INFO - Extracted page 5 - lam-dep-suc-khoe, 40 items, total extracted: 200
[2025-03-09T18:58:49.888+0000] {tiki_extract_dag.py:154} INFO - Extracted page 6 - lam-dep-suc-khoe, 40 items, total extracted: 240
[2025-03-09T18:58:53.124+0000] {tiki_extract_dag.py:154} INFO - Extracted page 7 - lam-dep-suc-khoe, 40 items, total extracted: 280
[2025-03-09T18:58:57.259+0000] {tiki_extract_dag.py:154} INFO - Extracted page 8 - lam-dep-suc-khoe, 40 items, total extracted: 320
[2025-03-09T18:59:02.066+0000] {tiki_extract_dag.py:154} INFO - Extracted page 9 - lam-dep-suc-khoe, 40 items, total extracted: 360
[2025-03-09T18:59:04.635+0000] {tiki_extract_dag.py:154} INFO - Extracted page 10 - lam-dep-suc-khoe, 40 items, total extracted: 400
[2025-03-09T18:59:09.592+0000] {tiki_extract_dag.py:154} INFO - Extracted page 11 - lam-dep-suc-khoe, 40 items, total extracted: 440
[2025-03-09T18:59:13.253+0000] {tiki_extract_dag.py:154} INFO - Extracted page 12 - lam-dep-suc-khoe, 40 items, total extracted: 480
[2025-03-09T18:59:18.197+0000] {tiki_extract_dag.py:154} INFO - Extracted page 13 - lam-dep-suc-khoe, 40 items, total extracted: 520
[2025-03-09T18:59:23.571+0000] {tiki_extract_dag.py:154} INFO - Extracted page 14 - lam-dep-suc-khoe, 40 items, total extracted: 560
[2025-03-09T18:59:26.417+0000] {tiki_extract_dag.py:154} INFO - Extracted page 15 - lam-dep-suc-khoe, 40 items, total extracted: 600
[2025-03-09T18:59:29.732+0000] {tiki_extract_dag.py:154} INFO - Extracted page 16 - lam-dep-suc-khoe, 40 items, total extracted: 640
[2025-03-09T18:59:34.092+0000] {tiki_extract_dag.py:154} INFO - Extracted page 17 - lam-dep-suc-khoe, 40 items, total extracted: 680
[2025-03-09T18:59:38.893+0000] {tiki_extract_dag.py:154} INFO - Extracted page 18 - lam-dep-suc-khoe, 40 items, total extracted: 720
[2025-03-09T18:59:41.557+0000] {tiki_extract_dag.py:154} INFO - Extracted page 19 - lam-dep-suc-khoe, 40 items, total extracted: 760
[2025-03-09T18:59:44.389+0000] {tiki_extract_dag.py:154} INFO - Extracted page 20 - lam-dep-suc-khoe, 40 items, total extracted: 800
[2025-03-09T18:59:49.787+0000] {tiki_extract_dag.py:154} INFO - Extracted page 21 - lam-dep-suc-khoe, 40 items, total extracted: 840
[2025-03-09T18:59:52.717+0000] {tiki_extract_dag.py:154} INFO - Extracted page 22 - lam-dep-suc-khoe, 40 items, total extracted: 880
[2025-03-09T18:59:56.114+0000] {tiki_extract_dag.py:154} INFO - Extracted page 23 - lam-dep-suc-khoe, 40 items, total extracted: 920
[2025-03-09T18:59:59.250+0000] {tiki_extract_dag.py:154} INFO - Extracted page 24 - lam-dep-suc-khoe, 40 items, total extracted: 960
[2025-03-09T19:00:02.549+0000] {tiki_extract_dag.py:154} INFO - Extracted page 25 - lam-dep-suc-khoe, 40 items, total extracted: 1000
[2025-03-09T19:00:08.293+0000] {tiki_extract_dag.py:154} INFO - Extracted page 26 - lam-dep-suc-khoe, 40 items, total extracted: 1040
[2025-03-09T19:00:12.651+0000] {tiki_extract_dag.py:154} INFO - Extracted page 27 - lam-dep-suc-khoe, 40 items, total extracted: 1080
[2025-03-09T19:00:16.894+0000] {tiki_extract_dag.py:154} INFO - Extracted page 28 - lam-dep-suc-khoe, 40 items, total extracted: 1120
[2025-03-09T19:00:20.849+0000] {tiki_extract_dag.py:154} INFO - Extracted page 29 - lam-dep-suc-khoe, 40 items, total extracted: 1160
[2025-03-09T19:00:24.671+0000] {tiki_extract_dag.py:154} INFO - Extracted page 30 - lam-dep-suc-khoe, 40 items, total extracted: 1200
[2025-03-09T19:00:28.641+0000] {tiki_extract_dag.py:154} INFO - Extracted page 31 - lam-dep-suc-khoe, 40 items, total extracted: 1240
[2025-03-09T19:00:33.039+0000] {tiki_extract_dag.py:154} INFO - Extracted page 32 - lam-dep-suc-khoe, 40 items, total extracted: 1280
[2025-03-09T19:00:36.605+0000] {tiki_extract_dag.py:154} INFO - Extracted page 33 - lam-dep-suc-khoe, 40 items, total extracted: 1320
[2025-03-09T19:00:40.261+0000] {tiki_extract_dag.py:154} INFO - Extracted page 34 - lam-dep-suc-khoe, 40 items, total extracted: 1360
[2025-03-09T19:00:45.445+0000] {tiki_extract_dag.py:154} INFO - Extracted page 35 - lam-dep-suc-khoe, 40 items, total extracted: 1400
[2025-03-09T19:00:49.439+0000] {tiki_extract_dag.py:154} INFO - Extracted page 36 - lam-dep-suc-khoe, 40 items, total extracted: 1440
[2025-03-09T19:00:53.829+0000] {tiki_extract_dag.py:154} INFO - Extracted page 37 - lam-dep-suc-khoe, 40 items, total extracted: 1480
[2025-03-09T19:00:58.735+0000] {tiki_extract_dag.py:154} INFO - Extracted page 38 - lam-dep-suc-khoe, 40 items, total extracted: 1520
[2025-03-09T19:01:01.416+0000] {tiki_extract_dag.py:154} INFO - Extracted page 39 - lam-dep-suc-khoe, 40 items, total extracted: 1560
[2025-03-09T19:01:04.828+0000] {tiki_extract_dag.py:154} INFO - Extracted page 40 - lam-dep-suc-khoe, 40 items, total extracted: 1600
[2025-03-09T19:01:08.240+0000] {tiki_extract_dag.py:154} INFO - Extracted page 41 - lam-dep-suc-khoe, 40 items, total extracted: 1640
[2025-03-09T19:01:11.641+0000] {tiki_extract_dag.py:154} INFO - Extracted page 42 - lam-dep-suc-khoe, 40 items, total extracted: 1680
[2025-03-09T19:01:16.386+0000] {tiki_extract_dag.py:154} INFO - Extracted page 43 - lam-dep-suc-khoe, 40 items, total extracted: 1720
[2025-03-09T19:01:20.294+0000] {tiki_extract_dag.py:154} INFO - Extracted page 44 - lam-dep-suc-khoe, 40 items, total extracted: 1760
[2025-03-09T19:01:23.223+0000] {tiki_extract_dag.py:154} INFO - Extracted page 45 - lam-dep-suc-khoe, 40 items, total extracted: 1800
[2025-03-09T19:01:28.464+0000] {tiki_extract_dag.py:154} INFO - Extracted page 46 - lam-dep-suc-khoe, 40 items, total extracted: 1840
[2025-03-09T19:01:30.919+0000] {tiki_extract_dag.py:154} INFO - Extracted page 47 - lam-dep-suc-khoe, 40 items, total extracted: 1880
[2025-03-09T19:01:33.671+0000] {tiki_extract_dag.py:154} INFO - Extracted page 48 - lam-dep-suc-khoe, 40 items, total extracted: 1920
[2025-03-09T19:01:37.613+0000] {tiki_extract_dag.py:154} INFO - Extracted page 49 - lam-dep-suc-khoe, 40 items, total extracted: 1960
[2025-03-09T19:01:41.429+0000] {tiki_extract_dag.py:154} INFO - Extracted page 50 - lam-dep-suc-khoe, 40 items, total extracted: 2000
[2025-03-09T19:01:46.077+0000] {tiki_extract_dag.py:129} INFO - Crawling category dien-thoai-may-tinh-bang with 50 pages
[2025-03-09T19:01:46.436+0000] {tiki_extract_dag.py:154} INFO - Extracted page 1 - dien-thoai-may-tinh-bang, 40 items, total extracted: 2040
[2025-03-09T19:01:51.658+0000] {tiki_extract_dag.py:154} INFO - Extracted page 2 - dien-thoai-may-tinh-bang, 40 items, total extracted: 2080
[2025-03-09T19:01:57.009+0000] {tiki_extract_dag.py:154} INFO - Extracted page 3 - dien-thoai-may-tinh-bang, 40 items, total extracted: 2120
[2025-03-09T19:02:00.859+0000] {tiki_extract_dag.py:154} INFO - Extracted page 4 - dien-thoai-may-tinh-bang, 40 items, total extracted: 2160
[2025-03-09T19:02:05.450+0000] {tiki_extract_dag.py:154} INFO - Extracted page 5 - dien-thoai-may-tinh-bang, 40 items, total extracted: 2200
[2025-03-09T19:02:08.370+0000] {tiki_extract_dag.py:154} INFO - Extracted page 6 - dien-thoai-may-tinh-bang, 40 items, total extracted: 2240
[2025-03-09T19:02:13.683+0000] {tiki_extract_dag.py:154} INFO - Extracted page 7 - dien-thoai-may-tinh-bang, 40 items, total extracted: 2280
[2025-03-09T19:02:18.910+0000] {tiki_extract_dag.py:154} INFO - Extracted page 8 - dien-thoai-may-tinh-bang, 40 items, total extracted: 2320
[2025-03-09T19:02:21.351+0000] {tiki_extract_dag.py:154} INFO - Extracted page 9 - dien-thoai-may-tinh-bang, 19 items, total extracted: 2339
[2025-03-09T19:02:24.334+0000] {tiki_extract_dag.py:137} WARNING - No data found for page 10 - dien-thoai-may-tinh-bang
[2025-03-09T19:02:24.443+0000] {tiki_extract_dag.py:137} WARNING - No data found for page 11 - dien-thoai-may-tinh-bang
[2025-03-09T19:02:24.551+0000] {tiki_extract_dag.py:137} WARNING - No data found for page 12 - dien-thoai-may-tinh-bang
[2025-03-09T19:02:24.832+0000] {tiki_extract_dag.py:137} WARNING - No data found for page 13 - dien-thoai-may-tinh-bang
[2025-03-09T19:02:24.946+0000] {tiki_extract_dag.py:137} WARNING - No data found for page 14 - dien-thoai-may-tinh-bang
[2025-03-09T19:02:25.446+0000] {tiki_extract_dag.py:137} WARNING - No data found for page 15 - dien-thoai-may-tinh-bang
[2025-03-09T19:02:25.560+0000] {tiki_extract_dag.py:137} WARNING - No data found for page 16 - dien-thoai-may-tinh-bang
[2025-03-09T19:02:26.056+0000] {tiki_extract_dag.py:137} WARNING - No data found for page 17 - dien-thoai-may-tinh-bang
[2025-03-09T19:02:26.168+0000] {tiki_extract_dag.py:137} WARNING - No data found for page 18 - dien-thoai-may-tinh-bang
[2025-03-09T19:02:26.698+0000] {tiki_extract_dag.py:137} WARNING - No data found for page 19 - dien-thoai-may-tinh-bang
[2025-03-09T19:02:27.199+0000] {tiki_extract_dag.py:137} WARNING - No data found for page 20 - dien-thoai-may-tinh-bang
[2025-03-09T19:02:27.671+0000] {tiki_extract_dag.py:137} WARNING - No data found for page 21 - dien-thoai-may-tinh-bang
[2025-03-09T19:02:28.196+0000] {tiki_extract_dag.py:137} WARNING - No data found for page 22 - dien-thoai-may-tinh-bang
[2025-03-09T19:02:28.669+0000] {tiki_extract_dag.py:137} WARNING - No data found for page 23 - dien-thoai-may-tinh-bang
[2025-03-09T19:02:28.808+0000] {tiki_extract_dag.py:137} WARNING - No data found for page 24 - dien-thoai-may-tinh-bang
[2025-03-09T19:02:28.922+0000] {tiki_extract_dag.py:137} WARNING - No data found for page 25 - dien-thoai-may-tinh-bang
[2025-03-09T19:02:29.321+0000] {tiki_extract_dag.py:137} WARNING - No data found for page 26 - dien-thoai-may-tinh-bang
[2025-03-09T19:02:29.426+0000] {tiki_extract_dag.py:137} WARNING - No data found for page 27 - dien-thoai-may-tinh-bang
[2025-03-09T19:02:29.971+0000] {tiki_extract_dag.py:137} WARNING - No data found for page 28 - dien-thoai-may-tinh-bang
[2025-03-09T19:02:30.436+0000] {tiki_extract_dag.py:137} WARNING - No data found for page 29 - dien-thoai-may-tinh-bang
[2025-03-09T19:02:30.931+0000] {tiki_extract_dag.py:137} WARNING - No data found for page 30 - dien-thoai-may-tinh-bang
[2025-03-09T19:02:31.072+0000] {tiki_extract_dag.py:137} WARNING - No data found for page 31 - dien-thoai-may-tinh-bang
[2025-03-09T19:02:31.494+0000] {tiki_extract_dag.py:137} WARNING - No data found for page 32 - dien-thoai-may-tinh-bang
[2025-03-09T19:02:31.630+0000] {tiki_extract_dag.py:137} WARNING - No data found for page 33 - dien-thoai-may-tinh-bang
[2025-03-09T19:02:31.739+0000] {tiki_extract_dag.py:137} WARNING - No data found for page 34 - dien-thoai-may-tinh-bang
[2025-03-09T19:02:31.930+0000] {tiki_extract_dag.py:137} WARNING - No data found for page 35 - dien-thoai-may-tinh-bang
[2025-03-09T19:02:32.428+0000] {tiki_extract_dag.py:137} WARNING - No data found for page 36 - dien-thoai-may-tinh-bang
[2025-03-09T19:02:32.957+0000] {tiki_extract_dag.py:137} WARNING - No data found for page 37 - dien-thoai-may-tinh-bang
[2025-03-09T19:02:33.063+0000] {tiki_extract_dag.py:137} WARNING - No data found for page 38 - dien-thoai-may-tinh-bang
[2025-03-09T19:02:33.172+0000] {tiki_extract_dag.py:137} WARNING - No data found for page 39 - dien-thoai-may-tinh-bang
[2025-03-09T19:02:33.565+0000] {tiki_extract_dag.py:137} WARNING - No data found for page 40 - dien-thoai-may-tinh-bang
[2025-03-09T19:02:33.677+0000] {tiki_extract_dag.py:137} WARNING - No data found for page 41 - dien-thoai-may-tinh-bang
[2025-03-09T19:02:34.069+0000] {tiki_extract_dag.py:137} WARNING - No data found for page 42 - dien-thoai-may-tinh-bang
[2025-03-09T19:02:34.180+0000] {tiki_extract_dag.py:137} WARNING - No data found for page 43 - dien-thoai-may-tinh-bang
[2025-03-09T19:02:34.567+0000] {tiki_extract_dag.py:137} WARNING - No data found for page 44 - dien-thoai-may-tinh-bang
[2025-03-09T19:02:34.796+0000] {tiki_extract_dag.py:137} WARNING - No data found for page 45 - dien-thoai-may-tinh-bang
[2025-03-09T19:02:35.069+0000] {tiki_extract_dag.py:137} WARNING - No data found for page 46 - dien-thoai-may-tinh-bang
[2025-03-09T19:02:35.181+0000] {tiki_extract_dag.py:137} WARNING - No data found for page 47 - dien-thoai-may-tinh-bang
[2025-03-09T19:02:35.682+0000] {tiki_extract_dag.py:137} WARNING - No data found for page 48 - dien-thoai-may-tinh-bang
[2025-03-09T19:02:35.799+0000] {tiki_extract_dag.py:137} WARNING - No data found for page 49 - dien-thoai-may-tinh-bang
[2025-03-09T19:02:36.297+0000] {tiki_extract_dag.py:137} WARNING - No data found for page 50 - dien-thoai-may-tinh-bang
[2025-03-09T19:02:36.298+0000] {tiki_extract_dag.py:129} INFO - Crawling category laptop-may-vi-tinh-linh-kien with 50 pages
[2025-03-09T19:02:37.098+0000] {tiki_extract_dag.py:154} INFO - Extracted page 1 - laptop-may-vi-tinh-linh-kien, 40 items, total extracted: 2379
[2025-03-09T19:02:41.947+0000] {tiki_extract_dag.py:154} INFO - Extracted page 2 - laptop-may-vi-tinh-linh-kien, 40 items, total extracted: 2419
[2025-03-09T19:02:44.433+0000] {tiki_extract_dag.py:154} INFO - Extracted page 3 - laptop-may-vi-tinh-linh-kien, 40 items, total extracted: 2459
[2025-03-09T19:02:48.142+0000] {tiki_extract_dag.py:154} INFO - Extracted page 4 - laptop-may-vi-tinh-linh-kien, 40 items, total extracted: 2499
[2025-03-09T19:02:50.650+0000] {tiki_extract_dag.py:154} INFO - Extracted page 5 - laptop-may-vi-tinh-linh-kien, 40 items, total extracted: 2539
[2025-03-09T19:02:55.634+0000] {tiki_extract_dag.py:154} INFO - Extracted page 6 - laptop-may-vi-tinh-linh-kien, 40 items, total extracted: 2579
[2025-03-09T19:02:59.616+0000] {tiki_extract_dag.py:154} INFO - Extracted page 7 - laptop-may-vi-tinh-linh-kien, 40 items, total extracted: 2619
[2025-03-09T19:03:03.169+0000] {tiki_extract_dag.py:154} INFO - Extracted page 8 - laptop-may-vi-tinh-linh-kien, 40 items, total extracted: 2659
[2025-03-09T19:03:06.564+0000] {tiki_extract_dag.py:154} INFO - Extracted page 9 - laptop-may-vi-tinh-linh-kien, 40 items, total extracted: 2699
[2025-03-09T19:03:10.057+0000] {tiki_extract_dag.py:154} INFO - Extracted page 10 - laptop-may-vi-tinh-linh-kien, 40 items, total extracted: 2739
[2025-03-09T19:03:13.586+0000] {tiki_extract_dag.py:154} INFO - Extracted page 11 - laptop-may-vi-tinh-linh-kien, 40 items, total extracted: 2779
[2025-03-09T19:03:16.502+0000] {tiki_extract_dag.py:154} INFO - Extracted page 12 - laptop-may-vi-tinh-linh-kien, 40 items, total extracted: 2819
[2025-03-09T19:03:21.521+0000] {tiki_extract_dag.py:154} INFO - Extracted page 13 - laptop-may-vi-tinh-linh-kien, 40 items, total extracted: 2859
[2025-03-09T19:03:25.161+0000] {tiki_extract_dag.py:154} INFO - Extracted page 14 - laptop-may-vi-tinh-linh-kien, 40 items, total extracted: 2899
[2025-03-09T19:03:28.786+0000] {tiki_extract_dag.py:154} INFO - Extracted page 15 - laptop-may-vi-tinh-linh-kien, 40 items, total extracted: 2939
[2025-03-09T19:03:32.276+0000] {tiki_extract_dag.py:154} INFO - Extracted page 16 - laptop-may-vi-tinh-linh-kien, 40 items, total extracted: 2979
[2025-03-09T19:03:36.343+0000] {tiki_extract_dag.py:154} INFO - Extracted page 17 - laptop-may-vi-tinh-linh-kien, 40 items, total extracted: 3019
[2025-03-09T19:03:39.440+0000] {tiki_extract_dag.py:154} INFO - Extracted page 18 - laptop-may-vi-tinh-linh-kien, 40 items, total extracted: 3059
[2025-03-09T19:03:44.151+0000] {tiki_extract_dag.py:154} INFO - Extracted page 19 - laptop-may-vi-tinh-linh-kien, 40 items, total extracted: 3099
[2025-03-09T19:03:48.430+0000] {tiki_extract_dag.py:154} INFO - Extracted page 20 - laptop-may-vi-tinh-linh-kien, 40 items, total extracted: 3139
[2025-03-09T19:03:53.877+0000] {tiki_extract_dag.py:154} INFO - Extracted page 21 - laptop-may-vi-tinh-linh-kien, 40 items, total extracted: 3179
[2025-03-09T19:03:58.095+0000] {tiki_extract_dag.py:154} INFO - Extracted page 22 - laptop-may-vi-tinh-linh-kien, 40 items, total extracted: 3219
[2025-03-09T19:04:00.644+0000] {tiki_extract_dag.py:154} INFO - Extracted page 23 - laptop-may-vi-tinh-linh-kien, 40 items, total extracted: 3259
[2025-03-09T19:04:03.897+0000] {tiki_extract_dag.py:154} INFO - Extracted page 24 - laptop-may-vi-tinh-linh-kien, 40 items, total extracted: 3299
[2025-03-09T19:04:07.978+0000] {tiki_extract_dag.py:154} INFO - Extracted page 25 - laptop-may-vi-tinh-linh-kien, 40 items, total extracted: 3339
[2025-03-09T19:04:10.804+0000] {tiki_extract_dag.py:154} INFO - Extracted page 26 - laptop-may-vi-tinh-linh-kien, 40 items, total extracted: 3379
[2025-03-09T19:04:13.677+0000] {tiki_extract_dag.py:154} INFO - Extracted page 27 - laptop-may-vi-tinh-linh-kien, 40 items, total extracted: 3419
[2025-03-09T19:04:17.341+0000] {tiki_extract_dag.py:154} INFO - Extracted page 28 - laptop-may-vi-tinh-linh-kien, 40 items, total extracted: 3459
[2025-03-09T19:04:21.541+0000] {tiki_extract_dag.py:154} INFO - Extracted page 29 - laptop-may-vi-tinh-linh-kien, 40 items, total extracted: 3499
[2025-03-09T19:04:24.608+0000] {tiki_extract_dag.py:154} INFO - Extracted page 30 - laptop-may-vi-tinh-linh-kien, 40 items, total extracted: 3539
[2025-03-09T19:04:28.662+0000] {tiki_extract_dag.py:154} INFO - Extracted page 31 - laptop-may-vi-tinh-linh-kien, 40 items, total extracted: 3579
[2025-03-09T19:04:32.137+0000] {tiki_extract_dag.py:154} INFO - Extracted page 32 - laptop-may-vi-tinh-linh-kien, 40 items, total extracted: 3619
[2025-03-09T19:04:35.568+0000] {tiki_extract_dag.py:154} INFO - Extracted page 33 - laptop-may-vi-tinh-linh-kien, 40 items, total extracted: 3659
[2025-03-09T19:04:40.080+0000] {tiki_extract_dag.py:154} INFO - Extracted page 34 - laptop-may-vi-tinh-linh-kien, 40 items, total extracted: 3699
[2025-03-09T19:04:45.360+0000] {tiki_extract_dag.py:154} INFO - Extracted page 35 - laptop-may-vi-tinh-linh-kien, 40 items, total extracted: 3739
[2025-03-09T19:04:47.974+0000] {tiki_extract_dag.py:154} INFO - Extracted page 36 - laptop-may-vi-tinh-linh-kien, 40 items, total extracted: 3779
[2025-03-09T19:04:51.520+0000] {tiki_extract_dag.py:154} INFO - Extracted page 37 - laptop-may-vi-tinh-linh-kien, 40 items, total extracted: 3819
[2025-03-09T19:04:55.809+0000] {tiki_extract_dag.py:154} INFO - Extracted page 38 - laptop-may-vi-tinh-linh-kien, 40 items, total extracted: 3859
[2025-03-09T19:04:58.395+0000] {tiki_extract_dag.py:154} INFO - Extracted page 39 - laptop-may-vi-tinh-linh-kien, 40 items, total extracted: 3899
[2025-03-09T19:05:02.482+0000] {tiki_extract_dag.py:154} INFO - Extracted page 40 - laptop-may-vi-tinh-linh-kien, 40 items, total extracted: 3939
[2025-03-09T19:05:06.387+0000] {tiki_extract_dag.py:154} INFO - Extracted page 41 - laptop-may-vi-tinh-linh-kien, 40 items, total extracted: 3979
[2025-03-09T19:05:10.996+0000] {tiki_extract_dag.py:154} INFO - Extracted page 42 - laptop-may-vi-tinh-linh-kien, 40 items, total extracted: 4019
[2025-03-09T19:05:15.913+0000] {tiki_extract_dag.py:154} INFO - Extracted page 43 - laptop-may-vi-tinh-linh-kien, 40 items, total extracted: 4059
[2025-03-09T19:05:19.708+0000] {tiki_extract_dag.py:154} INFO - Extracted page 44 - laptop-may-vi-tinh-linh-kien, 40 items, total extracted: 4099
[2025-03-09T19:05:23.868+0000] {tiki_extract_dag.py:154} INFO - Extracted page 45 - laptop-may-vi-tinh-linh-kien, 40 items, total extracted: 4139
[2025-03-09T19:05:26.965+0000] {tiki_extract_dag.py:154} INFO - Extracted page 46 - laptop-may-vi-tinh-linh-kien, 40 items, total extracted: 4179
[2025-03-09T19:05:32.414+0000] {tiki_extract_dag.py:154} INFO - Extracted page 47 - laptop-may-vi-tinh-linh-kien, 40 items, total extracted: 4219
[2025-03-09T19:05:36.693+0000] {tiki_extract_dag.py:154} INFO - Extracted page 48 - laptop-may-vi-tinh-linh-kien, 40 items, total extracted: 4259
[2025-03-09T19:05:41.157+0000] {tiki_extract_dag.py:154} INFO - Extracted page 49 - laptop-may-vi-tinh-linh-kien, 40 items, total extracted: 4299
[2025-03-09T19:05:45.240+0000] {tiki_extract_dag.py:154} INFO - Extracted page 50 - laptop-may-vi-tinh-linh-kien, 40 items, total extracted: 4339
[2025-03-09T19:05:50.009+0000] {tiki_extract_dag.py:129} INFO - Crawling category dien-gia-dung with 50 pages
[2025-03-09T19:05:50.458+0000] {tiki_extract_dag.py:154} INFO - Extracted page 1 - dien-gia-dung, 40 items, total extracted: 4379
[2025-03-09T19:05:55.292+0000] {tiki_extract_dag.py:154} INFO - Extracted page 2 - dien-gia-dung, 40 items, total extracted: 4419
[2025-03-09T19:05:59.002+0000] {tiki_extract_dag.py:154} INFO - Extracted page 3 - dien-gia-dung, 40 items, total extracted: 4459
[2025-03-09T19:06:02.759+0000] {tiki_extract_dag.py:154} INFO - Extracted page 4 - dien-gia-dung, 40 items, total extracted: 4499
[2025-03-09T19:06:07.313+0000] {tiki_extract_dag.py:154} INFO - Extracted page 5 - dien-gia-dung, 40 items, total extracted: 4539
[2025-03-09T19:06:10.888+0000] {tiki_extract_dag.py:154} INFO - Extracted page 6 - dien-gia-dung, 40 items, total extracted: 4579
[2025-03-09T19:06:14.608+0000] {tiki_extract_dag.py:154} INFO - Extracted page 7 - dien-gia-dung, 40 items, total extracted: 4619
[2025-03-09T19:06:19.277+0000] {tiki_extract_dag.py:154} INFO - Extracted page 8 - dien-gia-dung, 40 items, total extracted: 4659
[2025-03-09T19:06:24.703+0000] {tiki_extract_dag.py:154} INFO - Extracted page 9 - dien-gia-dung, 40 items, total extracted: 4699
[2025-03-09T19:06:29.408+0000] {tiki_extract_dag.py:154} INFO - Extracted page 10 - dien-gia-dung, 40 items, total extracted: 4739
[2025-03-09T19:06:32.652+0000] {tiki_extract_dag.py:154} INFO - Extracted page 11 - dien-gia-dung, 40 items, total extracted: 4779
[2025-03-09T19:06:35.457+0000] {tiki_extract_dag.py:154} INFO - Extracted page 12 - dien-gia-dung, 40 items, total extracted: 4819
[2025-03-09T19:06:39.143+0000] {tiki_extract_dag.py:154} INFO - Extracted page 13 - dien-gia-dung, 40 items, total extracted: 4859
[2025-03-09T19:06:44.512+0000] {tiki_extract_dag.py:154} INFO - Extracted page 14 - dien-gia-dung, 40 items, total extracted: 4899
[2025-03-09T19:06:48.859+0000] {tiki_extract_dag.py:154} INFO - Extracted page 15 - dien-gia-dung, 40 items, total extracted: 4939
[2025-03-09T19:06:53.376+0000] {tiki_extract_dag.py:154} INFO - Extracted page 16 - dien-gia-dung, 40 items, total extracted: 4979
[2025-03-09T19:06:58.673+0000] {tiki_extract_dag.py:154} INFO - Extracted page 17 - dien-gia-dung, 40 items, total extracted: 5019
[2025-03-09T19:07:02.128+0000] {tiki_extract_dag.py:154} INFO - Extracted page 18 - dien-gia-dung, 40 items, total extracted: 5059
[2025-03-09T19:07:07.652+0000] {tiki_extract_dag.py:154} INFO - Extracted page 19 - dien-gia-dung, 40 items, total extracted: 5099
[2025-03-09T19:07:10.324+0000] {tiki_extract_dag.py:154} INFO - Extracted page 20 - dien-gia-dung, 40 items, total extracted: 5139
[2025-03-09T19:07:13.204+0000] {tiki_extract_dag.py:154} INFO - Extracted page 21 - dien-gia-dung, 40 items, total extracted: 5179
[2025-03-09T19:07:16.113+0000] {tiki_extract_dag.py:154} INFO - Extracted page 22 - dien-gia-dung, 40 items, total extracted: 5219
[2025-03-09T19:07:21.359+0000] {tiki_extract_dag.py:154} INFO - Extracted page 23 - dien-gia-dung, 40 items, total extracted: 5259
[2025-03-09T19:07:25.450+0000] {tiki_extract_dag.py:154} INFO - Extracted page 24 - dien-gia-dung, 40 items, total extracted: 5299
[2025-03-09T19:07:30.364+0000] {tiki_extract_dag.py:154} INFO - Extracted page 25 - dien-gia-dung, 40 items, total extracted: 5339
[2025-03-09T19:07:34.403+0000] {tiki_extract_dag.py:154} INFO - Extracted page 26 - dien-gia-dung, 40 items, total extracted: 5379
[2025-03-09T19:07:37.411+0000] {tiki_extract_dag.py:154} INFO - Extracted page 27 - dien-gia-dung, 40 items, total extracted: 5419
[2025-03-09T19:07:39.936+0000] {tiki_extract_dag.py:154} INFO - Extracted page 28 - dien-gia-dung, 40 items, total extracted: 5459
[2025-03-09T19:07:43.010+0000] {tiki_extract_dag.py:154} INFO - Extracted page 29 - dien-gia-dung, 40 items, total extracted: 5499
[2025-03-09T19:07:46.207+0000] {tiki_extract_dag.py:154} INFO - Extracted page 30 - dien-gia-dung, 40 items, total extracted: 5539
[2025-03-09T19:07:50.984+0000] {tiki_extract_dag.py:154} INFO - Extracted page 31 - dien-gia-dung, 40 items, total extracted: 5579
[2025-03-09T19:07:53.720+0000] {tiki_extract_dag.py:154} INFO - Extracted page 32 - dien-gia-dung, 40 items, total extracted: 5619
[2025-03-09T19:07:57.918+0000] {tiki_extract_dag.py:154} INFO - Extracted page 33 - dien-gia-dung, 40 items, total extracted: 5659
[2025-03-09T19:08:01.899+0000] {tiki_extract_dag.py:154} INFO - Extracted page 34 - dien-gia-dung, 40 items, total extracted: 5699
[2025-03-09T19:08:05.122+0000] {tiki_extract_dag.py:154} INFO - Extracted page 35 - dien-gia-dung, 40 items, total extracted: 5739
[2025-03-09T19:08:08.222+0000] {tiki_extract_dag.py:154} INFO - Extracted page 36 - dien-gia-dung, 40 items, total extracted: 5779
[2025-03-09T19:08:11.561+0000] {tiki_extract_dag.py:154} INFO - Extracted page 37 - dien-gia-dung, 40 items, total extracted: 5819
[2025-03-09T19:08:14.336+0000] {tiki_extract_dag.py:154} INFO - Extracted page 38 - dien-gia-dung, 40 items, total extracted: 5859
[2025-03-09T19:08:18.260+0000] {tiki_extract_dag.py:154} INFO - Extracted page 39 - dien-gia-dung, 40 items, total extracted: 5899
[2025-03-09T19:08:20.870+0000] {tiki_extract_dag.py:154} INFO - Extracted page 40 - dien-gia-dung, 40 items, total extracted: 5939
[2025-03-09T19:08:23.513+0000] {tiki_extract_dag.py:154} INFO - Extracted page 41 - dien-gia-dung, 40 items, total extracted: 5979
[2025-03-09T19:08:29.032+0000] {tiki_extract_dag.py:154} INFO - Extracted page 42 - dien-gia-dung, 40 items, total extracted: 6019
[2025-03-09T19:08:33.426+0000] {tiki_extract_dag.py:154} INFO - Extracted page 43 - dien-gia-dung, 40 items, total extracted: 6059
[2025-03-09T19:08:37.408+0000] {tiki_extract_dag.py:154} INFO - Extracted page 44 - dien-gia-dung, 40 items, total extracted: 6099
[2025-03-09T19:08:41.031+0000] {tiki_extract_dag.py:154} INFO - Extracted page 45 - dien-gia-dung, 40 items, total extracted: 6139
[2025-03-09T19:08:43.858+0000] {tiki_extract_dag.py:154} INFO - Extracted page 46 - dien-gia-dung, 40 items, total extracted: 6179
[2025-03-09T19:08:48.217+0000] {tiki_extract_dag.py:154} INFO - Extracted page 47 - dien-gia-dung, 40 items, total extracted: 6219
[2025-03-09T19:08:52.523+0000] {tiki_extract_dag.py:154} INFO - Extracted page 48 - dien-gia-dung, 40 items, total extracted: 6259
[2025-03-09T19:08:57.143+0000] {tiki_extract_dag.py:154} INFO - Extracted page 49 - dien-gia-dung, 40 items, total extracted: 6299
[2025-03-09T19:09:01.378+0000] {tiki_extract_dag.py:154} INFO - Extracted page 50 - dien-gia-dung, 40 items, total extracted: 6339
[2025-03-09T19:09:04.495+0000] {tiki_extract_dag.py:129} INFO - Crawling category sach with 50 pages
[2025-03-09T19:09:04.835+0000] {tiki_extract_dag.py:154} INFO - Extracted page 1 - sach, 40 items, total extracted: 6379
[2025-03-09T19:09:09.372+0000] {tiki_extract_dag.py:154} INFO - Extracted page 2 - sach, 40 items, total extracted: 6419
[2025-03-09T19:09:13.679+0000] {tiki_extract_dag.py:154} INFO - Extracted page 3 - sach, 40 items, total extracted: 6459
[2025-03-09T19:09:18.591+0000] {tiki_extract_dag.py:154} INFO - Extracted page 4 - sach, 40 items, total extracted: 6499
[2025-03-09T19:09:22.615+0000] {tiki_extract_dag.py:154} INFO - Extracted page 5 - sach, 40 items, total extracted: 6539
[2025-03-09T19:09:27.754+0000] {tiki_extract_dag.py:154} INFO - Extracted page 6 - sach, 40 items, total extracted: 6579
[2025-03-09T19:09:32.935+0000] {tiki_extract_dag.py:154} INFO - Extracted page 7 - sach, 40 items, total extracted: 6619
[2025-03-09T19:09:36.311+0000] {tiki_extract_dag.py:154} INFO - Extracted page 8 - sach, 40 items, total extracted: 6659
[2025-03-09T19:09:41.673+0000] {tiki_extract_dag.py:154} INFO - Extracted page 9 - sach, 40 items, total extracted: 6699
[2025-03-09T19:09:45.269+0000] {tiki_extract_dag.py:154} INFO - Extracted page 10 - sach, 40 items, total extracted: 6739
[2025-03-09T19:09:50.412+0000] {tiki_extract_dag.py:154} INFO - Extracted page 11 - sach, 40 items, total extracted: 6779
[2025-03-09T19:09:54.962+0000] {tiki_extract_dag.py:154} INFO - Extracted page 12 - sach, 40 items, total extracted: 6819
[2025-03-09T19:09:58.032+0000] {tiki_extract_dag.py:154} INFO - Extracted page 13 - sach, 40 items, total extracted: 6859
[2025-03-09T19:10:02.876+0000] {tiki_extract_dag.py:154} INFO - Extracted page 14 - sach, 40 items, total extracted: 6899
[2025-03-09T19:10:05.460+0000] {tiki_extract_dag.py:154} INFO - Extracted page 15 - sach, 40 items, total extracted: 6939
[2025-03-09T19:10:08.929+0000] {tiki_extract_dag.py:154} INFO - Extracted page 16 - sach, 40 items, total extracted: 6979
[2025-03-09T19:10:11.866+0000] {tiki_extract_dag.py:154} INFO - Extracted page 17 - sach, 40 items, total extracted: 7019
[2025-03-09T19:10:14.690+0000] {tiki_extract_dag.py:154} INFO - Extracted page 18 - sach, 40 items, total extracted: 7059
[2025-03-09T19:10:17.741+0000] {tiki_extract_dag.py:154} INFO - Extracted page 19 - sach, 40 items, total extracted: 7099
[2025-03-09T19:10:20.929+0000] {tiki_extract_dag.py:154} INFO - Extracted page 20 - sach, 40 items, total extracted: 7139
[2025-03-09T19:10:25.633+0000] {tiki_extract_dag.py:154} INFO - Extracted page 21 - sach, 40 items, total extracted: 7179
[2025-03-09T19:10:28.710+0000] {tiki_extract_dag.py:154} INFO - Extracted page 22 - sach, 40 items, total extracted: 7219
[2025-03-09T19:10:31.249+0000] {tiki_extract_dag.py:154} INFO - Extracted page 23 - sach, 40 items, total extracted: 7259
[2025-03-09T19:10:33.758+0000] {tiki_extract_dag.py:154} INFO - Extracted page 24 - sach, 40 items, total extracted: 7299
[2025-03-09T19:10:38.726+0000] {tiki_extract_dag.py:154} INFO - Extracted page 25 - sach, 40 items, total extracted: 7339
[2025-03-09T19:10:43.654+0000] {tiki_extract_dag.py:154} INFO - Extracted page 26 - sach, 40 items, total extracted: 7379
[2025-03-09T19:10:46.242+0000] {tiki_extract_dag.py:154} INFO - Extracted page 27 - sach, 40 items, total extracted: 7419
[2025-03-09T19:10:50.711+0000] {tiki_extract_dag.py:154} INFO - Extracted page 28 - sach, 40 items, total extracted: 7459
[2025-03-09T19:10:53.924+0000] {tiki_extract_dag.py:154} INFO - Extracted page 29 - sach, 40 items, total extracted: 7499
[2025-03-09T19:10:59.280+0000] {tiki_extract_dag.py:154} INFO - Extracted page 30 - sach, 40 items, total extracted: 7539
[2025-03-09T19:11:03.209+0000] {tiki_extract_dag.py:154} INFO - Extracted page 31 - sach, 40 items, total extracted: 7579
[2025-03-09T19:11:07.412+0000] {tiki_extract_dag.py:154} INFO - Extracted page 32 - sach, 40 items, total extracted: 7619
[2025-03-09T19:11:12.132+0000] {tiki_extract_dag.py:154} INFO - Extracted page 33 - sach, 40 items, total extracted: 7659
[2025-03-09T19:11:14.666+0000] {tiki_extract_dag.py:154} INFO - Extracted page 34 - sach, 40 items, total extracted: 7699
[2025-03-09T19:11:18.300+0000] {tiki_extract_dag.py:154} INFO - Extracted page 35 - sach, 40 items, total extracted: 7739
[2025-03-09T19:11:23.522+0000] {tiki_extract_dag.py:154} INFO - Extracted page 36 - sach, 40 items, total extracted: 7779
[2025-03-09T19:11:27.360+0000] {tiki_extract_dag.py:154} INFO - Extracted page 37 - sach, 40 items, total extracted: 7819
[2025-03-09T19:11:31.788+0000] {tiki_extract_dag.py:154} INFO - Extracted page 38 - sach, 40 items, total extracted: 7859
[2025-03-09T19:11:35.374+0000] {tiki_extract_dag.py:154} INFO - Extracted page 39 - sach, 40 items, total extracted: 7899
[2025-03-09T19:11:40.893+0000] {tiki_extract_dag.py:154} INFO - Extracted page 40 - sach, 40 items, total extracted: 7939
[2025-03-09T19:11:45.736+0000] {tiki_extract_dag.py:154} INFO - Extracted page 41 - sach, 40 items, total extracted: 7979
[2025-03-09T19:11:49.848+0000] {tiki_extract_dag.py:154} INFO - Extracted page 42 - sach, 40 items, total extracted: 8019
[2025-03-09T19:11:53.270+0000] {tiki_extract_dag.py:154} INFO - Extracted page 43 - sach, 40 items, total extracted: 8059
[2025-03-09T19:11:57.116+0000] {tiki_extract_dag.py:154} INFO - Extracted page 44 - sach, 40 items, total extracted: 8099
[2025-03-09T19:12:02.174+0000] {tiki_extract_dag.py:154} INFO - Extracted page 45 - sach, 40 items, total extracted: 8139
[2025-03-09T19:12:06.173+0000] {tiki_extract_dag.py:154} INFO - Extracted page 46 - sach, 40 items, total extracted: 8179
[2025-03-09T19:12:09.816+0000] {tiki_extract_dag.py:154} INFO - Extracted page 47 - sach, 40 items, total extracted: 8219
[2025-03-09T19:12:13.058+0000] {tiki_extract_dag.py:154} INFO - Extracted page 48 - sach, 40 items, total extracted: 8259
[2025-03-09T19:12:16.296+0000] {tiki_extract_dag.py:154} INFO - Extracted page 49 - sach, 40 items, total extracted: 8299
[2025-03-09T19:12:20.768+0000] {tiki_extract_dag.py:154} INFO - Extracted page 50 - sach, 40 items, total extracted: 8339
[2025-03-09T19:12:22.831+0000] {tiki_extract_dag.py:129} INFO - Crawling category thiet-bi-kts-phu-kien-so with 50 pages
[2025-03-09T19:12:23.417+0000] {tiki_extract_dag.py:154} INFO - Extracted page 1 - thiet-bi-kts-phu-kien-so, 40 items, total extracted: 8379
[2025-03-09T19:12:26.352+0000] {tiki_extract_dag.py:154} INFO - Extracted page 2 - thiet-bi-kts-phu-kien-so, 40 items, total extracted: 8419
[2025-03-09T19:12:29.922+0000] {tiki_extract_dag.py:154} INFO - Extracted page 3 - thiet-bi-kts-phu-kien-so, 40 items, total extracted: 8459
[2025-03-09T19:12:32.975+0000] {tiki_extract_dag.py:154} INFO - Extracted page 4 - thiet-bi-kts-phu-kien-so, 40 items, total extracted: 8499
[2025-03-09T19:12:36.116+0000] {tiki_extract_dag.py:154} INFO - Extracted page 5 - thiet-bi-kts-phu-kien-so, 40 items, total extracted: 8539
[2025-03-09T19:12:38.840+0000] {tiki_extract_dag.py:154} INFO - Extracted page 6 - thiet-bi-kts-phu-kien-so, 40 items, total extracted: 8579
[2025-03-09T19:12:42.910+0000] {tiki_extract_dag.py:154} INFO - Extracted page 7 - thiet-bi-kts-phu-kien-so, 40 items, total extracted: 8619
[2025-03-09T19:12:48.294+0000] {tiki_extract_dag.py:154} INFO - Extracted page 8 - thiet-bi-kts-phu-kien-so, 40 items, total extracted: 8659
[2025-03-09T19:12:53.217+0000] {tiki_extract_dag.py:154} INFO - Extracted page 9 - thiet-bi-kts-phu-kien-so, 40 items, total extracted: 8699
[2025-03-09T19:12:57.469+0000] {tiki_extract_dag.py:154} INFO - Extracted page 10 - thiet-bi-kts-phu-kien-so, 40 items, total extracted: 8739
[2025-03-09T19:13:01.867+0000] {tiki_extract_dag.py:154} INFO - Extracted page 11 - thiet-bi-kts-phu-kien-so, 40 items, total extracted: 8779
[2025-03-09T19:13:05.491+0000] {tiki_extract_dag.py:154} INFO - Extracted page 12 - thiet-bi-kts-phu-kien-so, 40 items, total extracted: 8819
[2025-03-09T19:13:09.468+0000] {tiki_extract_dag.py:154} INFO - Extracted page 13 - thiet-bi-kts-phu-kien-so, 40 items, total extracted: 8859
[2025-03-09T19:13:12.947+0000] {tiki_extract_dag.py:154} INFO - Extracted page 14 - thiet-bi-kts-phu-kien-so, 40 items, total extracted: 8899
[2025-03-09T19:13:15.740+0000] {tiki_extract_dag.py:154} INFO - Extracted page 15 - thiet-bi-kts-phu-kien-so, 40 items, total extracted: 8939
[2025-03-09T19:13:19.665+0000] {tiki_extract_dag.py:154} INFO - Extracted page 16 - thiet-bi-kts-phu-kien-so, 40 items, total extracted: 8979
[2025-03-09T19:13:24.735+0000] {tiki_extract_dag.py:154} INFO - Extracted page 17 - thiet-bi-kts-phu-kien-so, 40 items, total extracted: 9019
[2025-03-09T19:13:27.387+0000] {tiki_extract_dag.py:154} INFO - Extracted page 18 - thiet-bi-kts-phu-kien-so, 40 items, total extracted: 9059
[2025-03-09T19:13:32.534+0000] {tiki_extract_dag.py:154} INFO - Extracted page 19 - thiet-bi-kts-phu-kien-so, 40 items, total extracted: 9099
[2025-03-09T19:13:36.407+0000] {tiki_extract_dag.py:154} INFO - Extracted page 20 - thiet-bi-kts-phu-kien-so, 40 items, total extracted: 9139
[2025-03-09T19:13:40.453+0000] {tiki_extract_dag.py:154} INFO - Extracted page 21 - thiet-bi-kts-phu-kien-so, 40 items, total extracted: 9179
[2025-03-09T19:13:44.567+0000] {tiki_extract_dag.py:154} INFO - Extracted page 22 - thiet-bi-kts-phu-kien-so, 40 items, total extracted: 9219
[2025-03-09T19:13:49.030+0000] {tiki_extract_dag.py:154} INFO - Extracted page 23 - thiet-bi-kts-phu-kien-so, 40 items, total extracted: 9259
[2025-03-09T19:13:54.514+0000] {tiki_extract_dag.py:154} INFO - Extracted page 24 - thiet-bi-kts-phu-kien-so, 40 items, total extracted: 9299
[2025-03-09T19:13:58.027+0000] {tiki_extract_dag.py:154} INFO - Extracted page 25 - thiet-bi-kts-phu-kien-so, 40 items, total extracted: 9339
[2025-03-09T19:14:01.245+0000] {tiki_extract_dag.py:154} INFO - Extracted page 26 - thiet-bi-kts-phu-kien-so, 40 items, total extracted: 9379
[2025-03-09T19:14:04.532+0000] {tiki_extract_dag.py:154} INFO - Extracted page 27 - thiet-bi-kts-phu-kien-so, 40 items, total extracted: 9419
[2025-03-09T19:14:09.724+0000] {tiki_extract_dag.py:154} INFO - Extracted page 28 - thiet-bi-kts-phu-kien-so, 40 items, total extracted: 9459
[2025-03-09T19:14:12.552+0000] {tiki_extract_dag.py:154} INFO - Extracted page 29 - thiet-bi-kts-phu-kien-so, 40 items, total extracted: 9499
[2025-03-09T19:14:16.083+0000] {tiki_extract_dag.py:154} INFO - Extracted page 30 - thiet-bi-kts-phu-kien-so, 40 items, total extracted: 9539
[2025-03-09T19:14:19.010+0000] {tiki_extract_dag.py:154} INFO - Extracted page 31 - thiet-bi-kts-phu-kien-so, 40 items, total extracted: 9579
[2025-03-09T19:14:21.730+0000] {tiki_extract_dag.py:154} INFO - Extracted page 32 - thiet-bi-kts-phu-kien-so, 40 items, total extracted: 9619
[2025-03-09T19:14:25.409+0000] {tiki_extract_dag.py:154} INFO - Extracted page 33 - thiet-bi-kts-phu-kien-so, 40 items, total extracted: 9659
[2025-03-09T19:14:27.902+0000] {tiki_extract_dag.py:154} INFO - Extracted page 34 - thiet-bi-kts-phu-kien-so, 40 items, total extracted: 9699
[2025-03-09T19:14:32.730+0000] {tiki_extract_dag.py:154} INFO - Extracted page 35 - thiet-bi-kts-phu-kien-so, 40 items, total extracted: 9739
[2025-03-09T19:14:36.356+0000] {tiki_extract_dag.py:154} INFO - Extracted page 36 - thiet-bi-kts-phu-kien-so, 40 items, total extracted: 9779
[2025-03-09T19:14:41.251+0000] {tiki_extract_dag.py:154} INFO - Extracted page 37 - thiet-bi-kts-phu-kien-so, 40 items, total extracted: 9819
[2025-03-09T19:14:46.227+0000] {tiki_extract_dag.py:154} INFO - Extracted page 38 - thiet-bi-kts-phu-kien-so, 40 items, total extracted: 9859
[2025-03-09T19:14:49.981+0000] {tiki_extract_dag.py:154} INFO - Extracted page 39 - thiet-bi-kts-phu-kien-so, 40 items, total extracted: 9899
[2025-03-09T19:14:54.214+0000] {tiki_extract_dag.py:154} INFO - Extracted page 40 - thiet-bi-kts-phu-kien-so, 40 items, total extracted: 9939
[2025-03-09T19:14:57.461+0000] {tiki_extract_dag.py:154} INFO - Extracted page 41 - thiet-bi-kts-phu-kien-so, 40 items, total extracted: 9979
[2025-03-09T19:15:00.070+0000] {tiki_extract_dag.py:154} INFO - Extracted page 42 - thiet-bi-kts-phu-kien-so, 40 items, total extracted: 10019
[2025-03-09T19:15:04.318+0000] {tiki_extract_dag.py:154} INFO - Extracted page 43 - thiet-bi-kts-phu-kien-so, 40 items, total extracted: 10059
[2025-03-09T19:15:09.486+0000] {tiki_extract_dag.py:154} INFO - Extracted page 44 - thiet-bi-kts-phu-kien-so, 40 items, total extracted: 10099
[2025-03-09T19:15:14.181+0000] {tiki_extract_dag.py:154} INFO - Extracted page 45 - thiet-bi-kts-phu-kien-so, 40 items, total extracted: 10139
[2025-03-09T19:15:17.810+0000] {tiki_extract_dag.py:154} INFO - Extracted page 46 - thiet-bi-kts-phu-kien-so, 40 items, total extracted: 10179
[2025-03-09T19:15:21.806+0000] {tiki_extract_dag.py:154} INFO - Extracted page 47 - thiet-bi-kts-phu-kien-so, 40 items, total extracted: 10219
[2025-03-09T19:15:26.264+0000] {tiki_extract_dag.py:154} INFO - Extracted page 48 - thiet-bi-kts-phu-kien-so, 40 items, total extracted: 10259
[2025-03-09T19:15:30.339+0000] {tiki_extract_dag.py:154} INFO - Extracted page 49 - thiet-bi-kts-phu-kien-so, 40 items, total extracted: 10299
[2025-03-09T19:15:35.027+0000] {tiki_extract_dag.py:154} INFO - Extracted page 50 - thiet-bi-kts-phu-kien-so, 40 items, total extracted: 10339
[2025-03-09T19:15:38.986+0000] {tiki_extract_dag.py:129} INFO - Crawling category thoi-trang-nu with 50 pages
[2025-03-09T19:15:39.613+0000] {tiki_extract_dag.py:154} INFO - Extracted page 1 - thoi-trang-nu, 40 items, total extracted: 10379
[2025-03-09T19:15:44.860+0000] {tiki_extract_dag.py:154} INFO - Extracted page 2 - thoi-trang-nu, 40 items, total extracted: 10419
[2025-03-09T19:15:50.234+0000] {tiki_extract_dag.py:154} INFO - Extracted page 3 - thoi-trang-nu, 40 items, total extracted: 10459
[2025-03-09T19:15:52.764+0000] {tiki_extract_dag.py:154} INFO - Extracted page 4 - thoi-trang-nu, 40 items, total extracted: 10499
[2025-03-09T19:15:57.818+0000] {tiki_extract_dag.py:154} INFO - Extracted page 5 - thoi-trang-nu, 40 items, total extracted: 10539
[2025-03-09T19:16:00.399+0000] {tiki_extract_dag.py:154} INFO - Extracted page 6 - thoi-trang-nu, 40 items, total extracted: 10579
[2025-03-09T19:16:03.468+0000] {tiki_extract_dag.py:154} INFO - Extracted page 7 - thoi-trang-nu, 40 items, total extracted: 10619
[2025-03-09T19:16:07.504+0000] {tiki_extract_dag.py:154} INFO - Extracted page 8 - thoi-trang-nu, 40 items, total extracted: 10659
[2025-03-09T19:16:11.156+0000] {tiki_extract_dag.py:154} INFO - Extracted page 9 - thoi-trang-nu, 40 items, total extracted: 10699
[2025-03-09T19:16:14.645+0000] {tiki_extract_dag.py:154} INFO - Extracted page 10 - thoi-trang-nu, 40 items, total extracted: 10739
[2025-03-09T19:16:17.152+0000] {tiki_extract_dag.py:154} INFO - Extracted page 11 - thoi-trang-nu, 40 items, total extracted: 10779
[2025-03-09T19:16:21.184+0000] {tiki_extract_dag.py:154} INFO - Extracted page 12 - thoi-trang-nu, 40 items, total extracted: 10819
[2025-03-09T19:16:25.893+0000] {tiki_extract_dag.py:154} INFO - Extracted page 13 - thoi-trang-nu, 40 items, total extracted: 10859
[2025-03-09T19:16:31.165+0000] {tiki_extract_dag.py:154} INFO - Extracted page 14 - thoi-trang-nu, 40 items, total extracted: 10899
[2025-03-09T19:16:34.486+0000] {tiki_extract_dag.py:154} INFO - Extracted page 15 - thoi-trang-nu, 40 items, total extracted: 10939
[2025-03-09T19:16:38.863+0000] {tiki_extract_dag.py:154} INFO - Extracted page 16 - thoi-trang-nu, 40 items, total extracted: 10979
[2025-03-09T19:16:44.094+0000] {tiki_extract_dag.py:154} INFO - Extracted page 17 - thoi-trang-nu, 40 items, total extracted: 11019
[2025-03-09T19:16:47.448+0000] {tiki_extract_dag.py:154} INFO - Extracted page 18 - thoi-trang-nu, 40 items, total extracted: 11059
[2025-03-09T19:16:51.324+0000] {tiki_extract_dag.py:154} INFO - Extracted page 19 - thoi-trang-nu, 40 items, total extracted: 11099
[2025-03-09T19:16:54.018+0000] {tiki_extract_dag.py:154} INFO - Extracted page 20 - thoi-trang-nu, 40 items, total extracted: 11139
[2025-03-09T19:16:57.472+0000] {tiki_extract_dag.py:154} INFO - Extracted page 21 - thoi-trang-nu, 40 items, total extracted: 11179
[2025-03-09T19:17:00.898+0000] {tiki_extract_dag.py:154} INFO - Extracted page 22 - thoi-trang-nu, 40 items, total extracted: 11219
[2025-03-09T19:17:06.260+0000] {tiki_extract_dag.py:154} INFO - Extracted page 23 - thoi-trang-nu, 40 items, total extracted: 11259
[2025-03-09T19:17:09.078+0000] {tiki_extract_dag.py:154} INFO - Extracted page 24 - thoi-trang-nu, 40 items, total extracted: 11299
[2025-03-09T19:17:13.875+0000] {tiki_extract_dag.py:154} INFO - Extracted page 25 - thoi-trang-nu, 40 items, total extracted: 11339
[2025-03-09T19:17:17.392+0000] {tiki_extract_dag.py:154} INFO - Extracted page 26 - thoi-trang-nu, 40 items, total extracted: 11379
[2025-03-09T19:17:21.543+0000] {tiki_extract_dag.py:154} INFO - Extracted page 27 - thoi-trang-nu, 40 items, total extracted: 11419
[2025-03-09T19:17:25.508+0000] {tiki_extract_dag.py:154} INFO - Extracted page 28 - thoi-trang-nu, 40 items, total extracted: 11459
[2025-03-09T19:17:30.759+0000] {tiki_extract_dag.py:154} INFO - Extracted page 29 - thoi-trang-nu, 40 items, total extracted: 11499
[2025-03-09T19:17:34.849+0000] {tiki_extract_dag.py:154} INFO - Extracted page 30 - thoi-trang-nu, 40 items, total extracted: 11539
[2025-03-09T19:17:39.691+0000] {tiki_extract_dag.py:154} INFO - Extracted page 31 - thoi-trang-nu, 40 items, total extracted: 11579
[2025-03-09T19:17:44.314+0000] {tiki_extract_dag.py:154} INFO - Extracted page 32 - thoi-trang-nu, 40 items, total extracted: 11619
[2025-03-09T19:17:49.187+0000] {tiki_extract_dag.py:154} INFO - Extracted page 33 - thoi-trang-nu, 40 items, total extracted: 11659
[2025-03-09T19:17:52.833+0000] {tiki_extract_dag.py:154} INFO - Extracted page 34 - thoi-trang-nu, 40 items, total extracted: 11699
[2025-03-09T19:17:56.175+0000] {tiki_extract_dag.py:154} INFO - Extracted page 35 - thoi-trang-nu, 40 items, total extracted: 11739
[2025-03-09T19:17:59.691+0000] {tiki_extract_dag.py:154} INFO - Extracted page 36 - thoi-trang-nu, 40 items, total extracted: 11779
[2025-03-09T19:18:03.650+0000] {tiki_extract_dag.py:154} INFO - Extracted page 37 - thoi-trang-nu, 40 items, total extracted: 11819
[2025-03-09T19:18:08.930+0000] {tiki_extract_dag.py:154} INFO - Extracted page 38 - thoi-trang-nu, 40 items, total extracted: 11859
[2025-03-09T19:18:13.483+0000] {tiki_extract_dag.py:154} INFO - Extracted page 39 - thoi-trang-nu, 40 items, total extracted: 11899
[2025-03-09T19:18:16.102+0000] {tiki_extract_dag.py:154} INFO - Extracted page 40 - thoi-trang-nu, 40 items, total extracted: 11939
[2025-03-09T19:18:21.227+0000] {tiki_extract_dag.py:154} INFO - Extracted page 41 - thoi-trang-nu, 40 items, total extracted: 11979
[2025-03-09T19:18:25.160+0000] {tiki_extract_dag.py:154} INFO - Extracted page 42 - thoi-trang-nu, 40 items, total extracted: 12019
[2025-03-09T19:18:29.190+0000] {tiki_extract_dag.py:154} INFO - Extracted page 43 - thoi-trang-nu, 40 items, total extracted: 12059
[2025-03-09T19:18:33.998+0000] {tiki_extract_dag.py:154} INFO - Extracted page 44 - thoi-trang-nu, 40 items, total extracted: 12099
[2025-03-09T19:18:39.349+0000] {tiki_extract_dag.py:154} INFO - Extracted page 45 - thoi-trang-nu, 40 items, total extracted: 12139
[2025-03-09T19:18:44.577+0000] {tiki_extract_dag.py:154} INFO - Extracted page 46 - thoi-trang-nu, 40 items, total extracted: 12179
[2025-03-09T19:18:48.077+0000] {tiki_extract_dag.py:154} INFO - Extracted page 47 - thoi-trang-nu, 40 items, total extracted: 12219
[2025-03-09T19:18:52.597+0000] {tiki_extract_dag.py:154} INFO - Extracted page 48 - thoi-trang-nu, 40 items, total extracted: 12259
[2025-03-09T19:18:55.913+0000] {tiki_extract_dag.py:154} INFO - Extracted page 49 - thoi-trang-nu, 40 items, total extracted: 12299
[2025-03-09T19:19:00.128+0000] {tiki_extract_dag.py:154} INFO - Extracted page 50 - thoi-trang-nu, 40 items, total extracted: 12339
[2025-03-09T19:19:03.581+0000] {tiki_extract_dag.py:129} INFO - Crawling category thoi-trang-nam with 50 pages
[2025-03-09T19:19:04.057+0000] {tiki_extract_dag.py:154} INFO - Extracted page 1 - thoi-trang-nam, 40 items, total extracted: 12379
[2025-03-09T19:19:06.987+0000] {tiki_extract_dag.py:154} INFO - Extracted page 2 - thoi-trang-nam, 40 items, total extracted: 12419
[2025-03-09T19:19:09.789+0000] {tiki_extract_dag.py:154} INFO - Extracted page 3 - thoi-trang-nam, 40 items, total extracted: 12459
[2025-03-09T19:19:12.391+0000] {tiki_extract_dag.py:154} INFO - Extracted page 4 - thoi-trang-nam, 40 items, total extracted: 12499
[2025-03-09T19:19:17.280+0000] {tiki_extract_dag.py:154} INFO - Extracted page 5 - thoi-trang-nam, 40 items, total extracted: 12539
[2025-03-09T19:19:20.891+0000] {tiki_extract_dag.py:154} INFO - Extracted page 6 - thoi-trang-nam, 40 items, total extracted: 12579
[2025-03-09T19:19:25.406+0000] {tiki_extract_dag.py:154} INFO - Extracted page 7 - thoi-trang-nam, 40 items, total extracted: 12619
[2025-03-09T19:19:28.260+0000] {tiki_extract_dag.py:154} INFO - Extracted page 8 - thoi-trang-nam, 40 items, total extracted: 12659
[2025-03-09T19:19:31.790+0000] {tiki_extract_dag.py:154} INFO - Extracted page 9 - thoi-trang-nam, 40 items, total extracted: 12699
[2025-03-09T19:19:35.139+0000] {tiki_extract_dag.py:154} INFO - Extracted page 10 - thoi-trang-nam, 40 items, total extracted: 12739
[2025-03-09T19:19:38.745+0000] {tiki_extract_dag.py:154} INFO - Extracted page 11 - thoi-trang-nam, 40 items, total extracted: 12779
[2025-03-09T19:19:43.391+0000] {tiki_extract_dag.py:154} INFO - Extracted page 12 - thoi-trang-nam, 40 items, total extracted: 12819
[2025-03-09T19:19:45.986+0000] {tiki_extract_dag.py:154} INFO - Extracted page 13 - thoi-trang-nam, 40 items, total extracted: 12859
[2025-03-09T19:19:50.392+0000] {tiki_extract_dag.py:154} INFO - Extracted page 14 - thoi-trang-nam, 40 items, total extracted: 12899
[2025-03-09T19:19:55.958+0000] {tiki_extract_dag.py:154} INFO - Extracted page 15 - thoi-trang-nam, 40 items, total extracted: 12939
[2025-03-09T19:20:00.300+0000] {tiki_extract_dag.py:154} INFO - Extracted page 16 - thoi-trang-nam, 40 items, total extracted: 12979
[2025-03-09T19:20:05.567+0000] {tiki_extract_dag.py:154} INFO - Extracted page 17 - thoi-trang-nam, 40 items, total extracted: 13019
[2025-03-09T19:20:09.312+0000] {tiki_extract_dag.py:154} INFO - Extracted page 18 - thoi-trang-nam, 40 items, total extracted: 13059
[2025-03-09T19:20:14.211+0000] {tiki_extract_dag.py:154} INFO - Extracted page 19 - thoi-trang-nam, 40 items, total extracted: 13099
[2025-03-09T19:20:19.267+0000] {tiki_extract_dag.py:154} INFO - Extracted page 20 - thoi-trang-nam, 40 items, total extracted: 13139
[2025-03-09T19:20:23.895+0000] {tiki_extract_dag.py:154} INFO - Extracted page 21 - thoi-trang-nam, 40 items, total extracted: 13179
[2025-03-09T19:20:27.499+0000] {tiki_extract_dag.py:154} INFO - Extracted page 22 - thoi-trang-nam, 40 items, total extracted: 13219
[2025-03-09T19:20:30.839+0000] {tiki_extract_dag.py:154} INFO - Extracted page 23 - thoi-trang-nam, 40 items, total extracted: 13259
[2025-03-09T19:20:33.430+0000] {tiki_extract_dag.py:154} INFO - Extracted page 24 - thoi-trang-nam, 40 items, total extracted: 13299
[2025-03-09T19:20:37.621+0000] {tiki_extract_dag.py:154} INFO - Extracted page 25 - thoi-trang-nam, 40 items, total extracted: 13339
[2025-03-09T19:20:42.709+0000] {tiki_extract_dag.py:154} INFO - Extracted page 26 - thoi-trang-nam, 40 items, total extracted: 13379
[2025-03-09T19:20:47.740+0000] {tiki_extract_dag.py:154} INFO - Extracted page 27 - thoi-trang-nam, 40 items, total extracted: 13419
[2025-03-09T19:20:51.305+0000] {tiki_extract_dag.py:154} INFO - Extracted page 28 - thoi-trang-nam, 40 items, total extracted: 13459
[2025-03-09T19:20:55.591+0000] {tiki_extract_dag.py:154} INFO - Extracted page 29 - thoi-trang-nam, 40 items, total extracted: 13499
[2025-03-09T19:20:58.303+0000] {tiki_extract_dag.py:154} INFO - Extracted page 30 - thoi-trang-nam, 40 items, total extracted: 13539
[2025-03-09T19:21:01.601+0000] {tiki_extract_dag.py:154} INFO - Extracted page 31 - thoi-trang-nam, 40 items, total extracted: 13579
[2025-03-09T19:21:05.392+0000] {tiki_extract_dag.py:154} INFO - Extracted page 32 - thoi-trang-nam, 40 items, total extracted: 13619
[2025-03-09T19:21:08.917+0000] {tiki_extract_dag.py:154} INFO - Extracted page 33 - thoi-trang-nam, 40 items, total extracted: 13659
[2025-03-09T19:21:13.007+0000] {tiki_extract_dag.py:154} INFO - Extracted page 34 - thoi-trang-nam, 40 items, total extracted: 13699
[2025-03-09T19:21:15.904+0000] {tiki_extract_dag.py:154} INFO - Extracted page 35 - thoi-trang-nam, 40 items, total extracted: 13739
[2025-03-09T19:21:19.513+0000] {tiki_extract_dag.py:154} INFO - Extracted page 36 - thoi-trang-nam, 40 items, total extracted: 13779
[2025-03-09T19:21:23.584+0000] {tiki_extract_dag.py:154} INFO - Extracted page 37 - thoi-trang-nam, 40 items, total extracted: 13819
[2025-03-09T19:21:28.366+0000] {tiki_extract_dag.py:154} INFO - Extracted page 38 - thoi-trang-nam, 40 items, total extracted: 13859
[2025-03-09T19:21:32.057+0000] {tiki_extract_dag.py:154} INFO - Extracted page 39 - thoi-trang-nam, 40 items, total extracted: 13899
[2025-03-09T19:21:35.859+0000] {tiki_extract_dag.py:154} INFO - Extracted page 40 - thoi-trang-nam, 40 items, total extracted: 13939
[2025-03-09T19:21:41.059+0000] {tiki_extract_dag.py:154} INFO - Extracted page 41 - thoi-trang-nam, 40 items, total extracted: 13979
[2025-03-09T19:21:44.467+0000] {tiki_extract_dag.py:154} INFO - Extracted page 42 - thoi-trang-nam, 40 items, total extracted: 14019
[2025-03-09T19:21:49.522+0000] {tiki_extract_dag.py:154} INFO - Extracted page 43 - thoi-trang-nam, 40 items, total extracted: 14059
[2025-03-09T19:21:53.125+0000] {tiki_extract_dag.py:154} INFO - Extracted page 44 - thoi-trang-nam, 40 items, total extracted: 14099
[2025-03-09T19:21:58.226+0000] {tiki_extract_dag.py:154} INFO - Extracted page 45 - thoi-trang-nam, 40 items, total extracted: 14139
[2025-03-09T19:22:01.318+0000] {tiki_extract_dag.py:154} INFO - Extracted page 46 - thoi-trang-nam, 40 items, total extracted: 14179
[2025-03-09T19:22:03.962+0000] {tiki_extract_dag.py:154} INFO - Extracted page 47 - thoi-trang-nam, 40 items, total extracted: 14219
[2025-03-09T19:22:09.053+0000] {tiki_extract_dag.py:154} INFO - Extracted page 48 - thoi-trang-nam, 40 items, total extracted: 14259
[2025-03-09T19:22:13.727+0000] {tiki_extract_dag.py:154} INFO - Extracted page 49 - thoi-trang-nam, 40 items, total extracted: 14299
[2025-03-09T19:22:19.102+0000] {tiki_extract_dag.py:154} INFO - Extracted page 50 - thoi-trang-nam, 40 items, total extracted: 14339
[2025-03-09T19:22:23.576+0000] {tiki_extract_dag.py:129} INFO - Crawling category dong-ho-va-trang-suc with 50 pages
[2025-03-09T19:22:24.092+0000] {tiki_extract_dag.py:154} INFO - Extracted page 1 - dong-ho-va-trang-suc, 40 items, total extracted: 14379
[2025-03-09T19:22:26.740+0000] {tiki_extract_dag.py:154} INFO - Extracted page 2 - dong-ho-va-trang-suc, 40 items, total extracted: 14419
[2025-03-09T19:22:29.705+0000] {tiki_extract_dag.py:154} INFO - Extracted page 3 - dong-ho-va-trang-suc, 40 items, total extracted: 14459
[2025-03-09T19:22:33.254+0000] {tiki_extract_dag.py:154} INFO - Extracted page 4 - dong-ho-va-trang-suc, 40 items, total extracted: 14499
[2025-03-09T19:22:36.660+0000] {tiki_extract_dag.py:154} INFO - Extracted page 5 - dong-ho-va-trang-suc, 40 items, total extracted: 14539
[2025-03-09T19:22:39.877+0000] {tiki_extract_dag.py:154} INFO - Extracted page 6 - dong-ho-va-trang-suc, 40 items, total extracted: 14579
[2025-03-09T19:22:44.040+0000] {tiki_extract_dag.py:154} INFO - Extracted page 7 - dong-ho-va-trang-suc, 40 items, total extracted: 14619
[2025-03-09T19:22:48.464+0000] {tiki_extract_dag.py:154} INFO - Extracted page 8 - dong-ho-va-trang-suc, 40 items, total extracted: 14659
[2025-03-09T19:22:53.327+0000] {tiki_extract_dag.py:154} INFO - Extracted page 9 - dong-ho-va-trang-suc, 40 items, total extracted: 14699
[2025-03-09T19:22:55.839+0000] {tiki_extract_dag.py:154} INFO - Extracted page 10 - dong-ho-va-trang-suc, 40 items, total extracted: 14739
[2025-03-09T19:23:00.888+0000] {tiki_extract_dag.py:154} INFO - Extracted page 11 - dong-ho-va-trang-suc, 40 items, total extracted: 14779
[2025-03-09T19:23:04.857+0000] {tiki_extract_dag.py:154} INFO - Extracted page 12 - dong-ho-va-trang-suc, 40 items, total extracted: 14819
[2025-03-09T19:23:08.344+0000] {tiki_extract_dag.py:154} INFO - Extracted page 13 - dong-ho-va-trang-suc, 40 items, total extracted: 14859
[2025-03-09T19:23:12.836+0000] {tiki_extract_dag.py:154} INFO - Extracted page 14 - dong-ho-va-trang-suc, 40 items, total extracted: 14899
[2025-03-09T19:23:16.662+0000] {tiki_extract_dag.py:154} INFO - Extracted page 15 - dong-ho-va-trang-suc, 40 items, total extracted: 14939
[2025-03-09T19:23:20.949+0000] {tiki_extract_dag.py:154} INFO - Extracted page 16 - dong-ho-va-trang-suc, 40 items, total extracted: 14979
[2025-03-09T19:23:25.130+0000] {tiki_extract_dag.py:154} INFO - Extracted page 17 - dong-ho-va-trang-suc, 40 items, total extracted: 15019
[2025-03-09T19:23:27.969+0000] {tiki_extract_dag.py:154} INFO - Extracted page 18 - dong-ho-va-trang-suc, 40 items, total extracted: 15059
[2025-03-09T19:23:32.361+0000] {tiki_extract_dag.py:154} INFO - Extracted page 19 - dong-ho-va-trang-suc, 40 items, total extracted: 15099
[2025-03-09T19:23:37.157+0000] {tiki_extract_dag.py:154} INFO - Extracted page 20 - dong-ho-va-trang-suc, 40 items, total extracted: 15139
[2025-03-09T19:23:41.240+0000] {tiki_extract_dag.py:154} INFO - Extracted page 21 - dong-ho-va-trang-suc, 40 items, total extracted: 15179
[2025-03-09T19:23:44.285+0000] {tiki_extract_dag.py:154} INFO - Extracted page 22 - dong-ho-va-trang-suc, 40 items, total extracted: 15219
[2025-03-09T19:23:48.816+0000] {tiki_extract_dag.py:154} INFO - Extracted page 23 - dong-ho-va-trang-suc, 40 items, total extracted: 15259
[2025-03-09T19:23:52.267+0000] {tiki_extract_dag.py:154} INFO - Extracted page 24 - dong-ho-va-trang-suc, 40 items, total extracted: 15299
[2025-03-09T19:23:55.029+0000] {tiki_extract_dag.py:154} INFO - Extracted page 25 - dong-ho-va-trang-suc, 40 items, total extracted: 15339
[2025-03-09T19:23:58.040+0000] {tiki_extract_dag.py:154} INFO - Extracted page 26 - dong-ho-va-trang-suc, 40 items, total extracted: 15379
[2025-03-09T19:24:00.748+0000] {tiki_extract_dag.py:154} INFO - Extracted page 27 - dong-ho-va-trang-suc, 40 items, total extracted: 15419
[2025-03-09T19:24:05.765+0000] {tiki_extract_dag.py:154} INFO - Extracted page 28 - dong-ho-va-trang-suc, 40 items, total extracted: 15459
[2025-03-09T19:24:09.735+0000] {tiki_extract_dag.py:154} INFO - Extracted page 29 - dong-ho-va-trang-suc, 40 items, total extracted: 15499
[2025-03-09T19:24:14.503+0000] {tiki_extract_dag.py:154} INFO - Extracted page 30 - dong-ho-va-trang-suc, 40 items, total extracted: 15539
[2025-03-09T19:24:19.258+0000] {tiki_extract_dag.py:154} INFO - Extracted page 31 - dong-ho-va-trang-suc, 40 items, total extracted: 15579
[2025-03-09T19:24:22.627+0000] {tiki_extract_dag.py:154} INFO - Extracted page 32 - dong-ho-va-trang-suc, 40 items, total extracted: 15619
[2025-03-09T19:24:28.074+0000] {tiki_extract_dag.py:154} INFO - Extracted page 33 - dong-ho-va-trang-suc, 40 items, total extracted: 15659
[2025-03-09T19:24:31.004+0000] {tiki_extract_dag.py:154} INFO - Extracted page 34 - dong-ho-va-trang-suc, 40 items, total extracted: 15699
[2025-03-09T19:24:33.953+0000] {tiki_extract_dag.py:154} INFO - Extracted page 35 - dong-ho-va-trang-suc, 40 items, total extracted: 15739
[2025-03-09T19:24:37.352+0000] {tiki_extract_dag.py:154} INFO - Extracted page 36 - dong-ho-va-trang-suc, 40 items, total extracted: 15779
[2025-03-09T19:24:40.253+0000] {tiki_extract_dag.py:154} INFO - Extracted page 37 - dong-ho-va-trang-suc, 40 items, total extracted: 15819
[2025-03-09T19:24:45.640+0000] {tiki_extract_dag.py:154} INFO - Extracted page 38 - dong-ho-va-trang-suc, 40 items, total extracted: 15859
[2025-03-09T19:24:49.930+0000] {tiki_extract_dag.py:154} INFO - Extracted page 39 - dong-ho-va-trang-suc, 40 items, total extracted: 15899
[2025-03-09T19:24:52.845+0000] {tiki_extract_dag.py:154} INFO - Extracted page 40 - dong-ho-va-trang-suc, 40 items, total extracted: 15939
[2025-03-09T19:24:57.647+0000] {tiki_extract_dag.py:154} INFO - Extracted page 41 - dong-ho-va-trang-suc, 40 items, total extracted: 15979
[2025-03-09T19:25:00.247+0000] {tiki_extract_dag.py:154} INFO - Extracted page 42 - dong-ho-va-trang-suc, 40 items, total extracted: 16019
[2025-03-09T19:25:03.418+0000] {tiki_extract_dag.py:154} INFO - Extracted page 43 - dong-ho-va-trang-suc, 40 items, total extracted: 16059
[2025-03-09T19:25:08.807+0000] {tiki_extract_dag.py:154} INFO - Extracted page 44 - dong-ho-va-trang-suc, 40 items, total extracted: 16099
[2025-03-09T19:25:11.494+0000] {tiki_extract_dag.py:154} INFO - Extracted page 45 - dong-ho-va-trang-suc, 40 items, total extracted: 16139
[2025-03-09T19:25:15.325+0000] {tiki_extract_dag.py:154} INFO - Extracted page 46 - dong-ho-va-trang-suc, 40 items, total extracted: 16179
[2025-03-09T19:25:18.384+0000] {tiki_extract_dag.py:154} INFO - Extracted page 47 - dong-ho-va-trang-suc, 40 items, total extracted: 16219
[2025-03-09T19:25:21.456+0000] {tiki_extract_dag.py:154} INFO - Extracted page 48 - dong-ho-va-trang-suc, 40 items, total extracted: 16259
[2025-03-09T19:25:25.183+0000] {tiki_extract_dag.py:154} INFO - Extracted page 49 - dong-ho-va-trang-suc, 40 items, total extracted: 16299
[2025-03-09T19:25:29.475+0000] {tiki_extract_dag.py:154} INFO - Extracted page 50 - dong-ho-va-trang-suc, 40 items, total extracted: 16339
[2025-03-09T19:25:32.697+0000] {tiki_extract_dag.py:129} INFO - Crawling category dien-tu-dien-lanh with 50 pages
[2025-03-09T19:25:33.182+0000] {tiki_extract_dag.py:154} INFO - Extracted page 1 - dien-tu-dien-lanh, 40 items, total extracted: 16379
[2025-03-09T19:25:38.083+0000] {tiki_extract_dag.py:154} INFO - Extracted page 2 - dien-tu-dien-lanh, 40 items, total extracted: 16419
[2025-03-09T19:25:41.636+0000] {tiki_extract_dag.py:154} INFO - Extracted page 3 - dien-tu-dien-lanh, 40 items, total extracted: 16459
[2025-03-09T19:25:45.267+0000] {tiki_extract_dag.py:154} INFO - Extracted page 4 - dien-tu-dien-lanh, 40 items, total extracted: 16499
[2025-03-09T19:25:49.836+0000] {tiki_extract_dag.py:154} INFO - Extracted page 5 - dien-tu-dien-lanh, 40 items, total extracted: 16539
[2025-03-09T19:25:53.223+0000] {tiki_extract_dag.py:154} INFO - Extracted page 6 - dien-tu-dien-lanh, 40 items, total extracted: 16579
[2025-03-09T19:25:57.751+0000] {tiki_extract_dag.py:154} INFO - Extracted page 7 - dien-tu-dien-lanh, 40 items, total extracted: 16619
[2025-03-09T19:26:01.841+0000] {tiki_extract_dag.py:154} INFO - Extracted page 8 - dien-tu-dien-lanh, 40 items, total extracted: 16659
[2025-03-09T19:26:07.107+0000] {tiki_extract_dag.py:154} INFO - Extracted page 9 - dien-tu-dien-lanh, 40 items, total extracted: 16699
[2025-03-09T19:26:10.305+0000] {tiki_extract_dag.py:154} INFO - Extracted page 10 - dien-tu-dien-lanh, 40 items, total extracted: 16739
[2025-03-09T19:26:13.764+0000] {tiki_extract_dag.py:154} INFO - Extracted page 11 - dien-tu-dien-lanh, 40 items, total extracted: 16779
[2025-03-09T19:26:17.449+0000] {tiki_extract_dag.py:154} INFO - Extracted page 12 - dien-tu-dien-lanh, 40 items, total extracted: 16819
[2025-03-09T19:26:21.871+0000] {tiki_extract_dag.py:154} INFO - Extracted page 13 - dien-tu-dien-lanh, 40 items, total extracted: 16859
[2025-03-09T19:26:24.457+0000] {tiki_extract_dag.py:154} INFO - Extracted page 14 - dien-tu-dien-lanh, 40 items, total extracted: 16899
[2025-03-09T19:26:28.148+0000] {tiki_extract_dag.py:154} INFO - Extracted page 15 - dien-tu-dien-lanh, 40 items, total extracted: 16939
[2025-03-09T19:26:32.490+0000] {tiki_extract_dag.py:154} INFO - Extracted page 16 - dien-tu-dien-lanh, 40 items, total extracted: 16979
[2025-03-09T19:26:34.926+0000] {tiki_extract_dag.py:154} INFO - Extracted page 17 - dien-tu-dien-lanh, 40 items, total extracted: 17019
[2025-03-09T19:26:37.472+0000] {tiki_extract_dag.py:154} INFO - Extracted page 18 - dien-tu-dien-lanh, 40 items, total extracted: 17059
[2025-03-09T19:26:40.685+0000] {tiki_extract_dag.py:154} INFO - Extracted page 19 - dien-tu-dien-lanh, 40 items, total extracted: 17099
[2025-03-09T19:26:44.614+0000] {tiki_extract_dag.py:154} INFO - Extracted page 20 - dien-tu-dien-lanh, 40 items, total extracted: 17139
[2025-03-09T19:26:47.167+0000] {tiki_extract_dag.py:154} INFO - Extracted page 21 - dien-tu-dien-lanh, 40 items, total extracted: 17179
[2025-03-09T19:26:50.548+0000] {tiki_extract_dag.py:154} INFO - Extracted page 22 - dien-tu-dien-lanh, 40 items, total extracted: 17219
[2025-03-09T19:26:53.219+0000] {tiki_extract_dag.py:154} INFO - Extracted page 23 - dien-tu-dien-lanh, 40 items, total extracted: 17259
[2025-03-09T19:26:57.926+0000] {tiki_extract_dag.py:154} INFO - Extracted page 24 - dien-tu-dien-lanh, 40 items, total extracted: 17299
[2025-03-09T19:27:01.453+0000] {tiki_extract_dag.py:154} INFO - Extracted page 25 - dien-tu-dien-lanh, 40 items, total extracted: 17339
[2025-03-09T19:27:04.383+0000] {tiki_extract_dag.py:154} INFO - Extracted page 26 - dien-tu-dien-lanh, 40 items, total extracted: 17379
[2025-03-09T19:27:08.210+0000] {tiki_extract_dag.py:154} INFO - Extracted page 27 - dien-tu-dien-lanh, 40 items, total extracted: 17419
[2025-03-09T19:27:12.364+0000] {tiki_extract_dag.py:154} INFO - Extracted page 28 - dien-tu-dien-lanh, 40 items, total extracted: 17459
[2025-03-09T19:27:18.052+0000] {tiki_extract_dag.py:154} INFO - Extracted page 29 - dien-tu-dien-lanh, 40 items, total extracted: 17499
[2025-03-09T19:27:21.763+0000] {tiki_extract_dag.py:154} INFO - Extracted page 30 - dien-tu-dien-lanh, 40 items, total extracted: 17539
[2025-03-09T19:27:26.149+0000] {tiki_extract_dag.py:154} INFO - Extracted page 31 - dien-tu-dien-lanh, 40 items, total extracted: 17579
[2025-03-09T19:27:28.985+0000] {tiki_extract_dag.py:154} INFO - Extracted page 32 - dien-tu-dien-lanh, 40 items, total extracted: 17619
[2025-03-09T19:27:32.968+0000] {tiki_extract_dag.py:154} INFO - Extracted page 33 - dien-tu-dien-lanh, 40 items, total extracted: 17659
[2025-03-09T19:27:36.139+0000] {tiki_extract_dag.py:154} INFO - Extracted page 34 - dien-tu-dien-lanh, 40 items, total extracted: 17699
[2025-03-09T19:27:39.950+0000] {tiki_extract_dag.py:154} INFO - Extracted page 35 - dien-tu-dien-lanh, 40 items, total extracted: 17739
[2025-03-09T19:27:43.343+0000] {tiki_extract_dag.py:154} INFO - Extracted page 36 - dien-tu-dien-lanh, 40 items, total extracted: 17779
[2025-03-09T19:27:47.843+0000] {tiki_extract_dag.py:154} INFO - Extracted page 37 - dien-tu-dien-lanh, 40 items, total extracted: 17819
[2025-03-09T19:27:50.459+0000] {tiki_extract_dag.py:154} INFO - Extracted page 38 - dien-tu-dien-lanh, 40 items, total extracted: 17859
[2025-03-09T19:27:53.580+0000] {tiki_extract_dag.py:154} INFO - Extracted page 39 - dien-tu-dien-lanh, 40 items, total extracted: 17899
[2025-03-09T19:27:56.586+0000] {tiki_extract_dag.py:154} INFO - Extracted page 40 - dien-tu-dien-lanh, 40 items, total extracted: 17939
[2025-03-09T19:28:01.972+0000] {tiki_extract_dag.py:154} INFO - Extracted page 41 - dien-tu-dien-lanh, 40 items, total extracted: 17979
[2025-03-09T19:28:04.651+0000] {tiki_extract_dag.py:154} INFO - Extracted page 42 - dien-tu-dien-lanh, 40 items, total extracted: 18019
[2025-03-09T19:28:08.462+0000] {tiki_extract_dag.py:154} INFO - Extracted page 43 - dien-tu-dien-lanh, 40 items, total extracted: 18059
[2025-03-09T19:28:11.805+0000] {tiki_extract_dag.py:154} INFO - Extracted page 44 - dien-tu-dien-lanh, 40 items, total extracted: 18099
[2025-03-09T19:28:16.092+0000] {tiki_extract_dag.py:154} INFO - Extracted page 45 - dien-tu-dien-lanh, 40 items, total extracted: 18139
[2025-03-09T19:28:20.245+0000] {tiki_extract_dag.py:154} INFO - Extracted page 46 - dien-tu-dien-lanh, 40 items, total extracted: 18179
[2025-03-09T19:28:23.830+0000] {tiki_extract_dag.py:154} INFO - Extracted page 47 - dien-tu-dien-lanh, 40 items, total extracted: 18219
[2025-03-09T19:28:28.212+0000] {tiki_extract_dag.py:154} INFO - Extracted page 48 - dien-tu-dien-lanh, 40 items, total extracted: 18259
[2025-03-09T19:28:30.782+0000] {tiki_extract_dag.py:154} INFO - Extracted page 49 - dien-tu-dien-lanh, 40 items, total extracted: 18299
[2025-03-09T19:28:34.832+0000] {tiki_extract_dag.py:154} INFO - Extracted page 50 - dien-tu-dien-lanh, 40 items, total extracted: 18339
[2025-03-09T19:28:43.340+0000] {tiki_extract_dag.py:172} INFO - Saved raw data to tiki-data/tiki_raw_data/raw_20250309_192838.json, total items: 18339
[2025-03-09T19:28:44.228+0000] {tiki_extract_dag.py:59} INFO - Updated crawled products at tiki-data/tiki_crawled/crawled_products.json
[2025-03-09T19:28:44.417+0000] {tiki_extract_dag.py:186} INFO - Saved metadata to tiki-data/metadata/extract_run_metadata_20250309_192844.json
[2025-03-09T19:28:44.439+0000] {python.py:240} INFO - Done. Returned value was: None
[2025-03-09T19:28:45.137+0000] {taskinstance.py:341} INFO - ::group::Post task execution logs
[2025-03-09T19:28:45.144+0000] {taskinstance.py:353} INFO - Marking task as SUCCESS. dag_id=tiki_extract_dag, task_id=extract_data, run_id=manual__2025-03-09T18:58:23.595247+00:00, execution_date=20250309T185823, start_date=20250309T185828, end_date=20250309T192845
[2025-03-09T19:28:45.302+0000] {logging_mixin.py:190} INFO - Task instance in success state
[2025-03-09T19:28:45.304+0000] {logging_mixin.py:190} INFO -  Previous state of the Task instance: running
[2025-03-09T19:28:45.305+0000] {logging_mixin.py:190} INFO - Dag name:tiki_extract_dag queued_at:2025-03-09 18:58:23.639876+00:00
[2025-03-09T19:28:45.306+0000] {logging_mixin.py:190} INFO - Task hostname:72a6d77a3cc5 operator:PythonOperator
[2025-03-09T19:28:45.539+0000] {local_task_job_runner.py:266} INFO - Task exited with return code 0
[2025-03-09T19:28:45.697+0000] {taskinstance.py:3901} INFO - 0 downstream tasks scheduled from follow-on schedule check
[2025-03-09T19:28:45.702+0000] {local_task_job_runner.py:245} INFO - ::endgroup::
