[2025-03-09T12:09:55.453+0000] {local_task_job_runner.py:123} INFO - ::group::Pre task execution logs
[2025-03-09T12:09:55.484+0000] {taskinstance.py:2614} INFO - Dependencies all met for dep_context=non-requeueable deps ti=<TaskInstance: tiki_etl_orchestration.trigger_extract manual__2025-03-09T12:09:50.660988+00:00 [queued]>
[2025-03-09T12:09:55.498+0000] {taskinstance.py:2614} INFO - Dependencies all met for dep_context=requeueable deps ti=<TaskInstance: tiki_etl_orchestration.trigger_extract manual__2025-03-09T12:09:50.660988+00:00 [queued]>
[2025-03-09T12:09:55.499+0000] {taskinstance.py:2867} INFO - Starting attempt 1 of 1
[2025-03-09T12:09:55.721+0000] {taskinstance.py:2890} INFO - Executing <Task(TriggerDagRunOperator): trigger_extract> on 2025-03-09 12:09:50.660988+00:00
[2025-03-09T12:09:55.735+0000] {warnings.py:112} WARNING - /home/***/.local/lib/python3.12/site-packages/***/task/task_runner/standard_task_runner.py:70: DeprecationWarning: This process (pid=100) is multi-threaded, use of fork() may lead to deadlocks in the child.
  pid = os.fork()

[2025-03-09T12:09:55.738+0000] {standard_task_runner.py:72} INFO - Started process 102 to run task
[2025-03-09T12:09:55.737+0000] {standard_task_runner.py:104} INFO - Running: ['***', 'tasks', 'run', 'tiki_etl_orchestration', 'trigger_extract', 'manual__2025-03-09T12:09:50.660988+00:00', '--job-id', '157', '--raw', '--subdir', 'DAGS_FOLDER/tiki_etl_orchestration.py', '--cfg-path', '/tmp/tmplnqdohn9']
[2025-03-09T12:09:55.739+0000] {standard_task_runner.py:105} INFO - Job 157: Subtask trigger_extract
[2025-03-09T12:09:55.820+0000] {task_command.py:467} INFO - Running <TaskInstance: tiki_etl_orchestration.trigger_extract manual__2025-03-09T12:09:50.660988+00:00 [running]> on host 117245270d1c
[2025-03-09T12:09:55.970+0000] {taskinstance.py:3134} INFO - Exporting env vars: AIRFLOW_CTX_DAG_OWNER='***' AIRFLOW_CTX_DAG_ID='tiki_etl_orchestration' AIRFLOW_CTX_TASK_ID='trigger_extract' AIRFLOW_CTX_EXECUTION_DATE='2025-03-09T12:09:50.660988+00:00' AIRFLOW_CTX_TRY_NUMBER='1' AIRFLOW_CTX_DAG_RUN_ID='manual__2025-03-09T12:09:50.660988+00:00'
[2025-03-09T12:09:55.973+0000] {taskinstance.py:3204} ERROR - Failed when executing execute callback
Traceback (most recent call last):
  File "/home/airflow/.local/lib/python3.12/site-packages/airflow/models/taskinstance.py", line 3202, in _run_execute_callback
    callback(context)
TypeError: push_execution_date() missing 1 required positional argument: 'dag_run_obj'
[2025-03-09T12:09:55.975+0000] {logging_mixin.py:190} INFO - Task instance is in running state
[2025-03-09T12:09:55.976+0000] {logging_mixin.py:190} INFO -  Previous state of the Task instance: queued
[2025-03-09T12:09:55.976+0000] {logging_mixin.py:190} INFO - Current task name:trigger_extract state:running start_date:2025-03-09 12:09:55.485400+00:00
[2025-03-09T12:09:55.977+0000] {logging_mixin.py:190} INFO - Dag name:tiki_etl_orchestration and current dag run status:running
[2025-03-09T12:09:55.978+0000] {taskinstance.py:732} INFO - ::endgroup::
[2025-03-09T12:09:56.112+0000] {trigger_dagrun.py:257} INFO - Waiting for tiki_extract_dag on 2025-03-09 12:09:55.978883+00:00 to become allowed state ['success'] ...
[2025-03-09T12:10:06.128+0000] {trigger_dagrun.py:257} INFO - Waiting for tiki_extract_dag on 2025-03-09 12:09:55.978883+00:00 to become allowed state ['success'] ...
[2025-03-09T12:10:16.140+0000] {trigger_dagrun.py:257} INFO - Waiting for tiki_extract_dag on 2025-03-09 12:09:55.978883+00:00 to become allowed state ['success'] ...
[2025-03-09T12:10:26.151+0000] {trigger_dagrun.py:257} INFO - Waiting for tiki_extract_dag on 2025-03-09 12:09:55.978883+00:00 to become allowed state ['success'] ...
[2025-03-09T12:10:36.163+0000] {trigger_dagrun.py:257} INFO - Waiting for tiki_extract_dag on 2025-03-09 12:09:55.978883+00:00 to become allowed state ['success'] ...
[2025-03-09T12:10:46.173+0000] {trigger_dagrun.py:257} INFO - Waiting for tiki_extract_dag on 2025-03-09 12:09:55.978883+00:00 to become allowed state ['success'] ...
[2025-03-09T12:10:56.185+0000] {trigger_dagrun.py:257} INFO - Waiting for tiki_extract_dag on 2025-03-09 12:09:55.978883+00:00 to become allowed state ['success'] ...
[2025-03-09T12:11:06.199+0000] {trigger_dagrun.py:257} INFO - Waiting for tiki_extract_dag on 2025-03-09 12:09:55.978883+00:00 to become allowed state ['success'] ...
[2025-03-09T12:11:16.209+0000] {trigger_dagrun.py:257} INFO - Waiting for tiki_extract_dag on 2025-03-09 12:09:55.978883+00:00 to become allowed state ['success'] ...
[2025-03-09T12:11:26.223+0000] {trigger_dagrun.py:257} INFO - Waiting for tiki_extract_dag on 2025-03-09 12:09:55.978883+00:00 to become allowed state ['success'] ...
[2025-03-09T12:11:36.234+0000] {trigger_dagrun.py:257} INFO - Waiting for tiki_extract_dag on 2025-03-09 12:09:55.978883+00:00 to become allowed state ['success'] ...
[2025-03-09T12:11:46.247+0000] {trigger_dagrun.py:257} INFO - Waiting for tiki_extract_dag on 2025-03-09 12:09:55.978883+00:00 to become allowed state ['success'] ...
[2025-03-09T12:11:56.259+0000] {trigger_dagrun.py:257} INFO - Waiting for tiki_extract_dag on 2025-03-09 12:09:55.978883+00:00 to become allowed state ['success'] ...
[2025-03-09T12:12:06.270+0000] {trigger_dagrun.py:257} INFO - Waiting for tiki_extract_dag on 2025-03-09 12:09:55.978883+00:00 to become allowed state ['success'] ...
[2025-03-09T12:12:16.281+0000] {trigger_dagrun.py:257} INFO - Waiting for tiki_extract_dag on 2025-03-09 12:09:55.978883+00:00 to become allowed state ['success'] ...
[2025-03-09T12:12:26.293+0000] {trigger_dagrun.py:257} INFO - Waiting for tiki_extract_dag on 2025-03-09 12:09:55.978883+00:00 to become allowed state ['success'] ...
[2025-03-09T12:12:36.305+0000] {trigger_dagrun.py:257} INFO - Waiting for tiki_extract_dag on 2025-03-09 12:09:55.978883+00:00 to become allowed state ['success'] ...
[2025-03-09T12:12:46.315+0000] {trigger_dagrun.py:257} INFO - Waiting for tiki_extract_dag on 2025-03-09 12:09:55.978883+00:00 to become allowed state ['success'] ...
[2025-03-09T12:12:56.327+0000] {trigger_dagrun.py:257} INFO - Waiting for tiki_extract_dag on 2025-03-09 12:09:55.978883+00:00 to become allowed state ['success'] ...
[2025-03-09T12:13:06.338+0000] {trigger_dagrun.py:257} INFO - Waiting for tiki_extract_dag on 2025-03-09 12:09:55.978883+00:00 to become allowed state ['success'] ...
[2025-03-09T12:13:16.350+0000] {trigger_dagrun.py:257} INFO - Waiting for tiki_extract_dag on 2025-03-09 12:09:55.978883+00:00 to become allowed state ['success'] ...
[2025-03-09T12:13:26.362+0000] {trigger_dagrun.py:257} INFO - Waiting for tiki_extract_dag on 2025-03-09 12:09:55.978883+00:00 to become allowed state ['success'] ...
[2025-03-09T12:13:36.377+0000] {trigger_dagrun.py:271} INFO - tiki_extract_dag finished with allowed state success
[2025-03-09T12:13:36.400+0000] {taskinstance.py:341} INFO - ::group::Post task execution logs
[2025-03-09T12:13:36.402+0000] {taskinstance.py:353} INFO - Marking task as SUCCESS. dag_id=tiki_etl_orchestration, task_id=trigger_extract, run_id=manual__2025-03-09T12:09:50.660988+00:00, execution_date=20250309T120950, start_date=20250309T120955, end_date=20250309T121336
[2025-03-09T12:13:36.460+0000] {logging_mixin.py:190} INFO - Task instance in success state
[2025-03-09T12:13:36.461+0000] {logging_mixin.py:190} INFO -  Previous state of the Task instance: running
[2025-03-09T12:13:36.462+0000] {logging_mixin.py:190} INFO - Dag name:tiki_etl_orchestration queued_at:2025-03-09 12:09:51.243915+00:00
[2025-03-09T12:13:36.463+0000] {logging_mixin.py:190} INFO - Task hostname:117245270d1c operator:TriggerDagRunOperator
[2025-03-09T12:13:36.491+0000] {local_task_job_runner.py:266} INFO - Task exited with return code 0
[2025-03-09T12:13:36.556+0000] {taskinstance.py:3901} INFO - 1 downstream tasks scheduled from follow-on schedule check
[2025-03-09T12:13:36.560+0000] {local_task_job_runner.py:245} INFO - ::endgroup::
