[2025-03-12T04:22:16.970+0000] {local_task_job_runner.py:123} INFO - ::group::Pre task execution logs
[2025-03-12T04:22:17.067+0000] {taskinstance.py:2614} INFO - Dependencies all met for dep_context=non-requeueable deps ti=<TaskInstance: tiki_extract_dag.extract_sach manual__2025-03-12T04:21:28.506204+00:00 [queued]>
[2025-03-12T04:22:17.130+0000] {taskinstance.py:2614} INFO - Dependencies all met for dep_context=requeueable deps ti=<TaskInstance: tiki_extract_dag.extract_sach manual__2025-03-12T04:21:28.506204+00:00 [queued]>
[2025-03-12T04:22:17.131+0000] {taskinstance.py:2867} INFO - Starting attempt 1 of 4
[2025-03-12T04:22:17.310+0000] {taskinstance.py:2890} INFO - Executing <Task(PythonOperator): extract_sach> on 2025-03-12 04:21:28.506204+00:00
[2025-03-12T04:22:17.361+0000] {warnings.py:112} WARNING - /home/***/.local/lib/python3.12/site-packages/***/task/task_runner/standard_task_runner.py:70: DeprecationWarning: This process (pid=3867) is multi-threaded, use of fork() may lead to deadlocks in the child.
  pid = os.fork()

[2025-03-12T04:22:17.378+0000] {standard_task_runner.py:72} INFO - Started process 3903 to run task
[2025-03-12T04:22:17.383+0000] {standard_task_runner.py:104} INFO - Running: ['***', 'tasks', 'run', 'tiki_extract_dag', 'extract_sach', 'manual__2025-03-12T04:21:28.506204+00:00', '--job-id', '657', '--raw', '--subdir', 'DAGS_FOLDER/tiki_extract_dag.py', '--cfg-path', '/tmp/tmptyyg3s0_']
[2025-03-12T04:22:17.400+0000] {standard_task_runner.py:105} INFO - Job 657: Subtask extract_sach
[2025-03-12T04:22:17.622+0000] {task_command.py:467} INFO - Running <TaskInstance: tiki_extract_dag.extract_sach manual__2025-03-12T04:21:28.506204+00:00 [running]> on host 5c8190d7da62
[2025-03-12T04:22:21.616+0000] {taskinstance.py:3134} INFO - Exporting env vars: AIRFLOW_CTX_DAG_OWNER='***' AIRFLOW_CTX_DAG_ID='tiki_extract_dag' AIRFLOW_CTX_TASK_ID='extract_sach' AIRFLOW_CTX_EXECUTION_DATE='2025-03-12T04:21:28.506204+00:00' AIRFLOW_CTX_TRY_NUMBER='1' AIRFLOW_CTX_DAG_RUN_ID='manual__2025-03-12T04:21:28.506204+00:00'
[2025-03-12T04:22:21.627+0000] {logging_mixin.py:190} INFO - Task instance is in running state
[2025-03-12T04:22:21.637+0000] {logging_mixin.py:190} INFO -  Previous state of the Task instance: queued
[2025-03-12T04:22:21.639+0000] {logging_mixin.py:190} INFO - Current task name:extract_sach state:running start_date:2025-03-12 04:22:17.072719+00:00
[2025-03-12T04:22:21.641+0000] {logging_mixin.py:190} INFO - Dag name:tiki_extract_dag and current dag run status:running
[2025-03-12T04:22:21.642+0000] {taskinstance.py:732} INFO - ::endgroup::
[2025-03-12T04:22:23.039+0000] {tiki_extract_dag.py:120} INFO - Starting crawl for category sach
[2025-03-12T04:22:23.816+0000] {tiki_extract_dag.py:127} INFO - Total pages for sach: 50
[2025-03-12T04:22:24.196+0000] {tiki_extract_dag.py:155} INFO - Extracted page 2/50 - sach, total items: 80
[2025-03-12T04:22:33.411+0000] {tiki_extract_dag.py:155} INFO - Extracted page 3/50 - sach, total items: 120
[2025-03-12T04:22:38.847+0000] {tiki_extract_dag.py:155} INFO - Extracted page 4/50 - sach, total items: 160
[2025-03-12T04:22:49.002+0000] {tiki_extract_dag.py:155} INFO - Extracted page 5/50 - sach, total items: 200
[2025-03-12T04:22:57.749+0000] {tiki_extract_dag.py:155} INFO - Extracted page 6/50 - sach, total items: 240
[2025-03-12T04:23:05.198+0000] {tiki_extract_dag.py:155} INFO - Extracted page 7/50 - sach, total items: 280
[2025-03-12T04:23:15.281+0000] {tiki_extract_dag.py:155} INFO - Extracted page 8/50 - sach, total items: 320
[2025-03-12T04:23:22.480+0000] {tiki_extract_dag.py:155} INFO - Extracted page 9/50 - sach, total items: 360
[2025-03-12T04:23:30.024+0000] {tiki_extract_dag.py:155} INFO - Extracted page 10/50 - sach, total items: 400
[2025-03-12T04:23:36.455+0000] {tiki_extract_dag.py:155} INFO - Extracted page 11/50 - sach, total items: 440
[2025-03-12T04:23:46.591+0000] {tiki_extract_dag.py:155} INFO - Extracted page 12/50 - sach, total items: 480
[2025-03-12T04:23:54.925+0000] {tiki_extract_dag.py:155} INFO - Extracted page 13/50 - sach, total items: 520
[2025-03-12T04:24:01.254+0000] {tiki_extract_dag.py:155} INFO - Extracted page 14/50 - sach, total items: 560
[2025-03-12T04:24:07.538+0000] {tiki_extract_dag.py:155} INFO - Extracted page 15/50 - sach, total items: 600
[2025-03-12T04:24:14.884+0000] {tiki_extract_dag.py:155} INFO - Extracted page 16/50 - sach, total items: 640
[2025-03-12T04:24:23.823+0000] {tiki_extract_dag.py:155} INFO - Extracted page 17/50 - sach, total items: 680
[2025-03-12T04:24:30.681+0000] {tiki_extract_dag.py:155} INFO - Extracted page 18/50 - sach, total items: 720
[2025-03-12T04:24:39.859+0000] {tiki_extract_dag.py:155} INFO - Extracted page 19/50 - sach, total items: 760
[2025-03-12T04:24:46.619+0000] {tiki_extract_dag.py:155} INFO - Extracted page 20/50 - sach, total items: 800
[2025-03-12T04:24:52.185+0000] {tiki_extract_dag.py:155} INFO - Extracted page 21/50 - sach, total items: 840
[2025-03-12T04:25:01.347+0000] {tiki_extract_dag.py:155} INFO - Extracted page 22/50 - sach, total items: 880
[2025-03-12T04:25:07.349+0000] {tiki_extract_dag.py:155} INFO - Extracted page 23/50 - sach, total items: 920
[2025-03-12T04:25:16.040+0000] {tiki_extract_dag.py:155} INFO - Extracted page 24/50 - sach, total items: 960
[2025-03-12T04:25:22.992+0000] {tiki_extract_dag.py:155} INFO - Extracted page 25/50 - sach, total items: 1000
[2025-03-12T04:25:29.249+0000] {tiki_extract_dag.py:155} INFO - Extracted page 26/50 - sach, total items: 1040
[2025-03-12T04:25:36.446+0000] {tiki_extract_dag.py:155} INFO - Extracted page 27/50 - sach, total items: 1080
[2025-03-12T04:25:46.184+0000] {tiki_extract_dag.py:155} INFO - Extracted page 28/50 - sach, total items: 1120
[2025-03-12T04:25:56.020+0000] {tiki_extract_dag.py:155} INFO - Extracted page 29/50 - sach, total items: 1160
[2025-03-12T04:26:05.952+0000] {tiki_extract_dag.py:155} INFO - Extracted page 30/50 - sach, total items: 1200
[2025-03-12T04:26:15.152+0000] {tiki_extract_dag.py:155} INFO - Extracted page 31/50 - sach, total items: 1240
[2025-03-12T04:26:25.250+0000] {tiki_extract_dag.py:155} INFO - Extracted page 32/50 - sach, total items: 1280
[2025-03-12T04:26:35.378+0000] {tiki_extract_dag.py:155} INFO - Extracted page 33/50 - sach, total items: 1320
[2025-03-12T04:26:44.949+0000] {tiki_extract_dag.py:155} INFO - Extracted page 34/50 - sach, total items: 1360
[2025-03-12T04:26:53.890+0000] {tiki_extract_dag.py:155} INFO - Extracted page 35/50 - sach, total items: 1400
[2025-03-12T04:27:02.672+0000] {tiki_extract_dag.py:155} INFO - Extracted page 36/50 - sach, total items: 1440
[2025-03-12T04:27:12.124+0000] {tiki_extract_dag.py:155} INFO - Extracted page 37/50 - sach, total items: 1480
[2025-03-12T04:27:18.617+0000] {tiki_extract_dag.py:155} INFO - Extracted page 38/50 - sach, total items: 1520
[2025-03-12T04:27:24.397+0000] {tiki_extract_dag.py:155} INFO - Extracted page 39/50 - sach, total items: 1560
[2025-03-12T04:27:34.512+0000] {tiki_extract_dag.py:155} INFO - Extracted page 40/50 - sach, total items: 1600
[2025-03-12T04:27:44.768+0000] {tiki_extract_dag.py:155} INFO - Extracted page 41/50 - sach, total items: 1640
[2025-03-12T04:27:50.332+0000] {tiki_extract_dag.py:155} INFO - Extracted page 42/50 - sach, total items: 1680
[2025-03-12T04:27:56.298+0000] {tiki_extract_dag.py:155} INFO - Extracted page 43/50 - sach, total items: 1720
[2025-03-12T04:28:06.475+0000] {tiki_extract_dag.py:155} INFO - Extracted page 44/50 - sach, total items: 1760
[2025-03-12T04:28:12.405+0000] {tiki_extract_dag.py:155} INFO - Extracted page 45/50 - sach, total items: 1800
[2025-03-12T04:28:20.310+0000] {tiki_extract_dag.py:155} INFO - Extracted page 46/50 - sach, total items: 1840
[2025-03-12T04:28:29.436+0000] {tiki_extract_dag.py:155} INFO - Extracted page 47/50 - sach, total items: 1880
[2025-03-12T04:28:38.205+0000] {tiki_extract_dag.py:155} INFO - Extracted page 48/50 - sach, total items: 1920
[2025-03-12T04:28:44.143+0000] {tiki_extract_dag.py:155} INFO - Extracted page 49/50 - sach, total items: 1960
[2025-03-12T04:28:50.121+0000] {tiki_extract_dag.py:155} INFO - Extracted page 50/50 - sach, total items: 2000
[2025-03-12T04:29:03.310+0000] {tiki_extract_dag.py:56} INFO - Updated crawled products at tiki-pipeline/tiki_crawled/crawled_products.json
[2025-03-12T04:29:03.313+0000] {tiki_extract_dag.py:172} INFO - Uploaded raw data to tiki-pipeline/tiki_raw_data/raw_sach_20250312_042856.json, total items: 2000
[2025-03-12T04:29:03.632+0000] {tiki_extract_dag.py:183} INFO - Saved metadata to tiki-pipeline/metadata/extract_run_metadata_sach_20250312_042856.json
[2025-03-12T04:29:03.670+0000] {python.py:240} INFO - Done. Returned value was: None
[2025-03-12T04:29:03.826+0000] {taskinstance.py:341} INFO - ::group::Post task execution logs
[2025-03-12T04:29:03.829+0000] {taskinstance.py:353} INFO - Marking task as SUCCESS. dag_id=tiki_extract_dag, task_id=extract_sach, run_id=manual__2025-03-12T04:21:28.506204+00:00, execution_date=20250312T042128, start_date=20250312T042217, end_date=20250312T042903
[2025-03-12T04:29:03.948+0000] {logging_mixin.py:190} INFO - Task instance in success state
[2025-03-12T04:29:03.949+0000] {logging_mixin.py:190} INFO -  Previous state of the Task instance: running
[2025-03-12T04:29:03.949+0000] {logging_mixin.py:190} INFO - Dag name:tiki_extract_dag queued_at:2025-03-12 04:21:28.548433+00:00
[2025-03-12T04:29:03.950+0000] {logging_mixin.py:190} INFO - Task hostname:5c8190d7da62 operator:PythonOperator
[2025-03-12T04:29:04.028+0000] {local_task_job_runner.py:266} INFO - Task exited with return code 0
[2025-03-12T04:29:04.130+0000] {taskinstance.py:3901} INFO - 0 downstream tasks scheduled from follow-on schedule check
[2025-03-12T04:29:04.135+0000] {local_task_job_runner.py:245} INFO - ::endgroup::
