[2025-03-10T10:38:53.604+0000] {local_task_job_runner.py:123} INFO - ::group::Pre task execution logs
[2025-03-10T10:38:53.852+0000] {taskinstance.py:2614} INFO - Dependencies all met for dep_context=non-requeueable deps ti=<TaskInstance: tiki_extract_dag.crawl_dien-tu-dien-lanh manual__2025-03-10T10:33:29.927545+00:00 [queued]>
[2025-03-10T10:38:53.908+0000] {taskinstance.py:2614} INFO - Dependencies all met for dep_context=requeueable deps ti=<TaskInstance: tiki_extract_dag.crawl_dien-tu-dien-lanh manual__2025-03-10T10:33:29.927545+00:00 [queued]>
[2025-03-10T10:38:53.910+0000] {taskinstance.py:2867} INFO - Starting attempt 1 of 4
[2025-03-10T10:38:54.067+0000] {taskinstance.py:2890} INFO - Executing <Task(PythonOperator): crawl_dien-tu-dien-lanh> on 2025-03-10 10:33:29.927545+00:00
[2025-03-10T10:38:54.374+0000] {warnings.py:112} WARNING - /home/***/.local/lib/python3.12/site-packages/***/task/task_runner/standard_task_runner.py:70: DeprecationWarning: This process (pid=185) is multi-threaded, use of fork() may lead to deadlocks in the child.
  pid = os.fork()

[2025-03-10T10:38:54.400+0000] {standard_task_runner.py:72} INFO - Started process 227 to run task
[2025-03-10T10:38:54.403+0000] {standard_task_runner.py:104} INFO - Running: ['***', 'tasks', 'run', 'tiki_extract_dag', 'crawl_dien-tu-dien-lanh', 'manual__2025-03-10T10:33:29.927545+00:00', '--job-id', '466', '--raw', '--subdir', 'DAGS_FOLDER/tiki_extract_dag.py', '--cfg-path', '/tmp/tmp4u7kmo59']
[2025-03-10T10:38:54.418+0000] {standard_task_runner.py:105} INFO - Job 466: Subtask crawl_dien-tu-dien-lanh
[2025-03-10T10:38:55.355+0000] {task_command.py:467} INFO - Running <TaskInstance: tiki_extract_dag.crawl_dien-tu-dien-lanh manual__2025-03-10T10:33:29.927545+00:00 [running]> on host 0c9fb3f19112
[2025-03-10T10:39:08.950+0000] {taskinstance.py:3134} INFO - Exporting env vars: AIRFLOW_CTX_DAG_OWNER='***' AIRFLOW_CTX_DAG_ID='tiki_extract_dag' AIRFLOW_CTX_TASK_ID='crawl_dien-tu-dien-lanh' AIRFLOW_CTX_EXECUTION_DATE='2025-03-10T10:33:29.927545+00:00' AIRFLOW_CTX_TRY_NUMBER='1' AIRFLOW_CTX_DAG_RUN_ID='manual__2025-03-10T10:33:29.927545+00:00'
[2025-03-10T10:39:08.952+0000] {logging_mixin.py:190} INFO - Task instance is in running state
[2025-03-10T10:39:08.953+0000] {logging_mixin.py:190} INFO -  Previous state of the Task instance: queued
[2025-03-10T10:39:08.953+0000] {logging_mixin.py:190} INFO - Current task name:crawl_dien-tu-dien-lanh state:running start_date:2025-03-10 10:38:53.854617+00:00
[2025-03-10T10:39:08.954+0000] {logging_mixin.py:190} INFO - Dag name:tiki_extract_dag and current dag run status:running
[2025-03-10T10:39:08.955+0000] {taskinstance.py:732} INFO - ::endgroup::
[2025-03-10T10:39:11.254+0000] {tiki_extract_dag.py:132} INFO - Starting crawl for category dien-tu-dien-lanh (ID: 4221)
[2025-03-10T10:39:11.256+0000] {tiki_extract_dag.py:134} INFO - Calling API: https://tiki.vn/api/v2/products with params: {'page': 1, 'limit': 40, 'category': '4221'}
[2025-03-10T10:39:12.902+0000] {tiki_extract_dag.py:143} INFO - Total pages for dien-tu-dien-lanh: 50 (limited to 50)
[2025-03-10T10:39:32.491+0000] {connectionpool.py:868} WARNING - Retrying (Retry(total=4, connect=5, read=4, redirect=None, status=None)) after connection broken by 'ReadTimeoutError("HTTPSConnectionPool(host='tiki.vn', port=443): Read timed out. (read timeout=15)")': /api/v2/products/276178085
[2025-03-10T10:39:36.817+0000] {job.py:229} INFO - Heartbeat recovered after 21.74 seconds
[2025-03-10T10:39:43.346+0000] {tiki_extract_dag.py:119} ERROR - Error fetching details for product 275905233: Expecting value: line 1 column 1 (char 0)
[2025-03-10T10:39:43.498+0000] {tiki_extract_dag.py:119} ERROR - Error fetching details for product 275614367: Expecting value: line 1 column 1 (char 0)
[2025-03-10T10:39:43.657+0000] {tiki_extract_dag.py:119} ERROR - Error fetching details for product 275576583: Expecting value: line 1 column 1 (char 0)
[2025-03-10T10:39:43.845+0000] {tiki_extract_dag.py:119} ERROR - Error fetching details for product 275127044: Expecting value: line 1 column 1 (char 0)
[2025-03-10T10:39:44.013+0000] {tiki_extract_dag.py:119} ERROR - Error fetching details for product 274614718: Expecting value: line 1 column 1 (char 0)
[2025-03-10T10:39:44.163+0000] {tiki_extract_dag.py:119} ERROR - Error fetching details for product 273328811: Expecting value: line 1 column 1 (char 0)
[2025-03-10T10:39:44.319+0000] {tiki_extract_dag.py:119} ERROR - Error fetching details for product 273168499: Expecting value: line 1 column 1 (char 0)
[2025-03-10T10:39:44.546+0000] {tiki_extract_dag.py:119} ERROR - Error fetching details for product 270272893: Expecting value: line 1 column 1 (char 0)
[2025-03-10T10:40:01.189+0000] {connectionpool.py:868} WARNING - Retrying (Retry(total=4, connect=5, read=4, redirect=None, status=None)) after connection broken by 'ReadTimeoutError("HTTPSConnectionPool(host='maintenance.tiki.vn', port=443): Read timed out. (read timeout=15)")': /
[2025-03-10T10:40:04.218+0000] {job.py:229} INFO - Heartbeat recovered after 21.92 seconds
[2025-03-10T10:40:04.757+0000] {tiki_extract_dag.py:119} ERROR - Error fetching details for product 257780669: Expecting value: line 1 column 1 (char 0)
[2025-03-10T10:40:04.916+0000] {tiki_extract_dag.py:119} ERROR - Error fetching details for product 255421912: Expecting value: line 1 column 1 (char 0)
[2025-03-10T10:40:05.098+0000] {tiki_extract_dag.py:119} ERROR - Error fetching details for product 195971791: Expecting value: line 1 column 1 (char 0)
[2025-03-10T10:40:05.248+0000] {tiki_extract_dag.py:119} ERROR - Error fetching details for product 195959600: Expecting value: line 1 column 1 (char 0)
[2025-03-10T10:40:05.408+0000] {tiki_extract_dag.py:119} ERROR - Error fetching details for product 167558939: Expecting value: line 1 column 1 (char 0)
[2025-03-10T10:40:05.558+0000] {tiki_extract_dag.py:119} ERROR - Error fetching details for product 155113398: Expecting value: line 1 column 1 (char 0)
[2025-03-10T10:40:05.709+0000] {tiki_extract_dag.py:119} ERROR - Error fetching details for product 132285708: Expecting value: line 1 column 1 (char 0)
[2025-03-10T10:40:05.858+0000] {tiki_extract_dag.py:119} ERROR - Error fetching details for product 123548222: Expecting value: line 1 column 1 (char 0)
[2025-03-10T10:40:06.004+0000] {tiki_extract_dag.py:119} ERROR - Error fetching details for product 123548101: Expecting value: line 1 column 1 (char 0)
[2025-03-10T10:40:06.162+0000] {tiki_extract_dag.py:119} ERROR - Error fetching details for product 123547597: Expecting value: line 1 column 1 (char 0)
[2025-03-10T10:40:06.315+0000] {tiki_extract_dag.py:119} ERROR - Error fetching details for product 114924880: Expecting value: line 1 column 1 (char 0)
[2025-03-10T10:40:06.469+0000] {tiki_extract_dag.py:119} ERROR - Error fetching details for product 110791834: Expecting value: line 1 column 1 (char 0)
[2025-03-10T10:40:06.626+0000] {tiki_extract_dag.py:119} ERROR - Error fetching details for product 109190689: Expecting value: line 1 column 1 (char 0)
[2025-03-10T10:40:06.774+0000] {tiki_extract_dag.py:119} ERROR - Error fetching details for product 102683224: Expecting value: line 1 column 1 (char 0)
[2025-03-10T10:40:06.920+0000] {tiki_extract_dag.py:119} ERROR - Error fetching details for product 91272439: Expecting value: line 1 column 1 (char 0)
[2025-03-10T10:40:07.074+0000] {tiki_extract_dag.py:119} ERROR - Error fetching details for product 87180717: Expecting value: line 1 column 1 (char 0)
[2025-03-10T10:40:07.227+0000] {tiki_extract_dag.py:119} ERROR - Error fetching details for product 54620003: Expecting value: line 1 column 1 (char 0)
[2025-03-10T10:40:07.395+0000] {tiki_extract_dag.py:119} ERROR - Error fetching details for product 21180803: Expecting value: line 1 column 1 (char 0)
[2025-03-10T10:40:07.600+0000] {tiki_extract_dag.py:119} ERROR - Error fetching details for product 19401965: Expecting value: line 1 column 1 (char 0)
[2025-03-10T10:40:07.765+0000] {tiki_extract_dag.py:119} ERROR - Error fetching details for product 17908150: Expecting value: line 1 column 1 (char 0)
[2025-03-10T10:40:07.973+0000] {tiki_extract_dag.py:119} ERROR - Error fetching details for product 16033028: Expecting value: line 1 column 1 (char 0)
[2025-03-10T10:40:08.178+0000] {tiki_extract_dag.py:119} ERROR - Error fetching details for product 15817458: Expecting value: line 1 column 1 (char 0)
[2025-03-10T10:40:08.508+0000] {tiki_extract_dag.py:119} ERROR - Error fetching details for product 14620479: Expecting value: line 1 column 1 (char 0)
[2025-03-10T10:40:17.408+0000] {tiki_extract_dag.py:119} ERROR - Error fetching details for product 7633108: Expecting value: line 1 column 1 (char 0)
[2025-03-10T10:40:24.658+0000] {tiki_extract_dag.py:156} INFO - Calling API: https://tiki.vn/api/v2/products with params: {'page': 2, 'limit': 40, 'category': '4221'}
[2025-03-10T10:40:29.035+0000] {job.py:229} INFO - Heartbeat recovered after 24.84 seconds
[2025-03-10T10:40:35.102+0000] {tiki_extract_dag.py:119} ERROR - Error fetching details for product 275465010: Expecting value: line 1 column 1 (char 0)
[2025-03-10T10:40:35.251+0000] {tiki_extract_dag.py:119} ERROR - Error fetching details for product 275378680: Expecting value: line 1 column 1 (char 0)
[2025-03-10T10:40:35.398+0000] {tiki_extract_dag.py:119} ERROR - Error fetching details for product 275377930: Expecting value: line 1 column 1 (char 0)
[2025-03-10T10:40:35.569+0000] {tiki_extract_dag.py:119} ERROR - Error fetching details for product 275194363: Expecting value: line 1 column 1 (char 0)
[2025-03-10T10:40:35.716+0000] {tiki_extract_dag.py:119} ERROR - Error fetching details for product 274844513: Expecting value: line 1 column 1 (char 0)
[2025-03-10T10:40:35.881+0000] {tiki_extract_dag.py:119} ERROR - Error fetching details for product 274843235: Expecting value: line 1 column 1 (char 0)
[2025-03-10T10:40:36.032+0000] {tiki_extract_dag.py:119} ERROR - Error fetching details for product 274780857: Expecting value: line 1 column 1 (char 0)
[2025-03-10T10:40:36.185+0000] {tiki_extract_dag.py:119} ERROR - Error fetching details for product 274615423: Expecting value: line 1 column 1 (char 0)
[2025-03-10T10:40:36.345+0000] {tiki_extract_dag.py:119} ERROR - Error fetching details for product 274179481: Expecting value: line 1 column 1 (char 0)
[2025-03-10T10:40:36.490+0000] {tiki_extract_dag.py:119} ERROR - Error fetching details for product 273905380: Expecting value: line 1 column 1 (char 0)
[2025-03-10T10:40:36.644+0000] {tiki_extract_dag.py:119} ERROR - Error fetching details for product 273445958: Expecting value: line 1 column 1 (char 0)
[2025-03-10T10:40:36.788+0000] {tiki_extract_dag.py:119} ERROR - Error fetching details for product 273439417: Expecting value: line 1 column 1 (char 0)
[2025-03-10T10:40:36.942+0000] {tiki_extract_dag.py:119} ERROR - Error fetching details for product 273380096: Expecting value: line 1 column 1 (char 0)
[2025-03-10T10:40:37.086+0000] {tiki_extract_dag.py:119} ERROR - Error fetching details for product 262860015: Expecting value: line 1 column 1 (char 0)
[2025-03-10T10:40:37.235+0000] {tiki_extract_dag.py:119} ERROR - Error fetching details for product 252295492: Expecting value: line 1 column 1 (char 0)
[2025-03-10T10:40:37.400+0000] {tiki_extract_dag.py:119} ERROR - Error fetching details for product 199248041: Expecting value: line 1 column 1 (char 0)
[2025-03-10T10:40:37.549+0000] {tiki_extract_dag.py:119} ERROR - Error fetching details for product 199177871: Expecting value: line 1 column 1 (char 0)
[2025-03-10T10:40:37.694+0000] {tiki_extract_dag.py:119} ERROR - Error fetching details for product 190631354: Expecting value: line 1 column 1 (char 0)
[2025-03-10T10:40:37.840+0000] {tiki_extract_dag.py:119} ERROR - Error fetching details for product 185655713: Expecting value: line 1 column 1 (char 0)
[2025-03-10T10:40:37.985+0000] {tiki_extract_dag.py:119} ERROR - Error fetching details for product 174309159: Expecting value: line 1 column 1 (char 0)
[2025-03-10T10:40:38.157+0000] {tiki_extract_dag.py:119} ERROR - Error fetching details for product 162152249: Expecting value: line 1 column 1 (char 0)
[2025-03-10T10:40:38.306+0000] {tiki_extract_dag.py:119} ERROR - Error fetching details for product 153982448: Expecting value: line 1 column 1 (char 0)
[2025-03-10T10:40:38.449+0000] {tiki_extract_dag.py:119} ERROR - Error fetching details for product 131390794: Expecting value: line 1 column 1 (char 0)
[2025-03-10T10:40:38.618+0000] {tiki_extract_dag.py:119} ERROR - Error fetching details for product 114078635: Expecting value: line 1 column 1 (char 0)
[2025-03-10T10:40:38.788+0000] {tiki_extract_dag.py:119} ERROR - Error fetching details for product 94998010: Expecting value: line 1 column 1 (char 0)
[2025-03-10T10:40:38.967+0000] {tiki_extract_dag.py:119} ERROR - Error fetching details for product 91272462: Expecting value: line 1 column 1 (char 0)
[2025-03-10T10:40:39.108+0000] {tiki_extract_dag.py:119} ERROR - Error fetching details for product 91272453: Expecting value: line 1 column 1 (char 0)
[2025-03-10T10:40:39.268+0000] {tiki_extract_dag.py:119} ERROR - Error fetching details for product 85376469: Expecting value: line 1 column 1 (char 0)
[2025-03-10T10:40:39.418+0000] {tiki_extract_dag.py:119} ERROR - Error fetching details for product 68697181: Expecting value: line 1 column 1 (char 0)
[2025-03-10T10:40:39.569+0000] {tiki_extract_dag.py:119} ERROR - Error fetching details for product 54414920: Expecting value: line 1 column 1 (char 0)
[2025-03-10T10:40:39.741+0000] {tiki_extract_dag.py:119} ERROR - Error fetching details for product 52780228: Expecting value: line 1 column 1 (char 0)
[2025-03-10T10:40:39.903+0000] {tiki_extract_dag.py:119} ERROR - Error fetching details for product 49291897: Expecting value: line 1 column 1 (char 0)
[2025-03-10T10:40:40.081+0000] {tiki_extract_dag.py:119} ERROR - Error fetching details for product 24229382: Expecting value: line 1 column 1 (char 0)
[2025-03-10T10:40:40.240+0000] {tiki_extract_dag.py:119} ERROR - Error fetching details for product 17589148: Expecting value: line 1 column 1 (char 0)
[2025-03-10T10:40:40.402+0000] {tiki_extract_dag.py:119} ERROR - Error fetching details for product 16878549: Expecting value: line 1 column 1 (char 0)
[2025-03-10T10:40:40.581+0000] {tiki_extract_dag.py:119} ERROR - Error fetching details for product 4794557: Expecting value: line 1 column 1 (char 0)
[2025-03-10T10:40:40.582+0000] {tiki_extract_dag.py:175} INFO - Extracted page 2/50 for category dien-tu-dien-lanh, total items: 80
[2025-03-10T10:40:53.721+0000] {tiki_extract_dag.py:156} INFO - Calling API: https://tiki.vn/api/v2/products with params: {'page': 3, 'limit': 40, 'category': '4221'}
[2025-03-10T10:40:53.879+0000] {tiki_extract_dag.py:178} ERROR - API error at page 3 in category dien-tu-dien-lanh: Expecting value: line 1 column 1 (char 0)
[2025-03-10T10:40:57.963+0000] {tiki_extract_dag.py:50} INFO - Updated crawled products at tiki-pipeline/tiki_crawled/crawled_products.json
[2025-03-10T10:40:57.964+0000] {tiki_extract_dag.py:192} INFO - Uploaded raw data to tiki-pipeline/raw_data/dien-tu-dien-lanh_20250310_104053.json, total items: 80
[2025-03-10T10:40:58.542+0000] {tiki_extract_dag.py:204} INFO - Saved metadata to tiki-pipeline/metadata/dien-tu-dien-lanh_extract_run_metadata_20250310_104053.json
[2025-03-10T10:40:58.543+0000] {python.py:240} INFO - Done. Returned value was: None
[2025-03-10T10:40:58.566+0000] {taskinstance.py:341} INFO - ::group::Post task execution logs
[2025-03-10T10:40:58.567+0000] {taskinstance.py:353} INFO - Marking task as SUCCESS. dag_id=tiki_extract_dag, task_id=crawl_dien-tu-dien-lanh, run_id=manual__2025-03-10T10:33:29.927545+00:00, execution_date=20250310T103329, start_date=20250310T103853, end_date=20250310T104058
[2025-03-10T10:40:58.607+0000] {logging_mixin.py:190} INFO - Task instance in success state
[2025-03-10T10:40:58.608+0000] {logging_mixin.py:190} INFO -  Previous state of the Task instance: running
[2025-03-10T10:40:58.608+0000] {logging_mixin.py:190} INFO - Dag name:tiki_extract_dag queued_at:2025-03-10 10:33:30.016202+00:00
[2025-03-10T10:40:58.609+0000] {logging_mixin.py:190} INFO - Task hostname:0c9fb3f19112 operator:PythonOperator
[2025-03-10T10:40:58.666+0000] {local_task_job_runner.py:266} INFO - Task exited with return code 0
[2025-03-10T10:40:58.729+0000] {taskinstance.py:3901} INFO - 0 downstream tasks scheduled from follow-on schedule check
[2025-03-10T10:40:58.735+0000] {local_task_job_runner.py:245} INFO - ::endgroup::
