[2025-03-11T09:55:21.242+0000] {local_task_job_runner.py:123} INFO - ::group::Pre task execution logs
[2025-03-11T09:55:21.547+0000] {taskinstance.py:2614} INFO - Dependencies all met for dep_context=non-requeueable deps ti=<TaskInstance: tiki_extract_dag.crawl_dien-gia-dung manual__2025-03-11T09:54:25.561686+00:00 [queued]>
[2025-03-11T09:55:21.623+0000] {taskinstance.py:2614} INFO - Dependencies all met for dep_context=requeueable deps ti=<TaskInstance: tiki_extract_dag.crawl_dien-gia-dung manual__2025-03-11T09:54:25.561686+00:00 [queued]>
[2025-03-11T09:55:21.625+0000] {taskinstance.py:2867} INFO - Starting attempt 1 of 4
[2025-03-11T09:55:21.865+0000] {taskinstance.py:2890} INFO - Executing <Task(PythonOperator): crawl_dien-gia-dung> on 2025-03-11 09:54:25.561686+00:00
[2025-03-11T09:55:22.035+0000] {warnings.py:112} WARNING - /home/***/.local/lib/python3.12/site-packages/***/task/task_runner/standard_task_runner.py:70: DeprecationWarning: This process (pid=756) is multi-threaded, use of fork() may lead to deadlocks in the child.
  pid = os.fork()

[2025-03-11T09:55:22.119+0000] {standard_task_runner.py:72} INFO - Started process 800 to run task
[2025-03-11T09:55:22.144+0000] {standard_task_runner.py:104} INFO - Running: ['***', 'tasks', 'run', 'tiki_extract_dag', 'crawl_dien-gia-dung', 'manual__2025-03-11T09:54:25.561686+00:00', '--job-id', '588', '--raw', '--subdir', 'DAGS_FOLDER/tiki_extract_dag.py', '--cfg-path', '/tmp/tmp1yw6n92w']
[2025-03-11T09:55:22.181+0000] {standard_task_runner.py:105} INFO - Job 588: Subtask crawl_dien-gia-dung
[2025-03-11T09:55:23.530+0000] {task_command.py:467} INFO - Running <TaskInstance: tiki_extract_dag.crawl_dien-gia-dung manual__2025-03-11T09:54:25.561686+00:00 [running]> on host 5c8190d7da62
[2025-03-11T09:55:38.278+0000] {job.py:229} INFO - Heartbeat recovered after 10.82 seconds
[2025-03-11T09:55:39.466+0000] {taskinstance.py:3134} INFO - Exporting env vars: AIRFLOW_CTX_DAG_OWNER='***' AIRFLOW_CTX_DAG_ID='tiki_extract_dag' AIRFLOW_CTX_TASK_ID='crawl_dien-gia-dung' AIRFLOW_CTX_EXECUTION_DATE='2025-03-11T09:54:25.561686+00:00' AIRFLOW_CTX_TRY_NUMBER='1' AIRFLOW_CTX_DAG_RUN_ID='manual__2025-03-11T09:54:25.561686+00:00'
[2025-03-11T09:55:39.488+0000] {logging_mixin.py:190} INFO - Task instance is in running state
[2025-03-11T09:55:39.490+0000] {logging_mixin.py:190} INFO -  Previous state of the Task instance: queued
[2025-03-11T09:55:39.493+0000] {logging_mixin.py:190} INFO - Current task name:crawl_dien-gia-dung state:running start_date:2025-03-11 09:55:21.548502+00:00
[2025-03-11T09:55:39.495+0000] {logging_mixin.py:190} INFO - Dag name:tiki_extract_dag and current dag run status:running
[2025-03-11T09:55:39.497+0000] {taskinstance.py:732} INFO - ::endgroup::
[2025-03-11T09:55:42.540+0000] {tiki_extract_dag.py:139} INFO - Starting crawl for category dien-gia-dung (ID: 1882)
[2025-03-11T09:55:42.541+0000] {tiki_extract_dag.py:141} INFO - Calling API: https://tiki.vn/api/v2/products with params: {'page': 1, 'limit': 40, 'category': '1882'}
[2025-03-11T09:55:43.377+0000] {tiki_extract_dag.py:150} INFO - Total pages for dien-gia-dung: 50 (limited to 50)
[2025-03-11T09:55:43.379+0000] {tiki_extract_dag.py:163} INFO - Calling API: https://tiki.vn/api/v2/products with params: {'page': 2, 'limit': 40, 'category': '1882'}
[2025-03-11T09:55:51.516+0000] {job.py:229} INFO - Heartbeat recovered after 18.75 seconds
[2025-03-11T09:55:53.624+0000] {tiki_extract_dag.py:183} INFO - Extracted page 2/50 for category dien-gia-dung, total items: 4
[2025-03-11T09:56:11.723+0000] {tiki_extract_dag.py:163} INFO - Calling API: https://tiki.vn/api/v2/products with params: {'page': 3, 'limit': 40, 'category': '1882'}
[2025-03-11T09:56:20.037+0000] {tiki_extract_dag.py:120} ERROR - Error fetching details for product 275123782 on attempt 1/3: Expecting value: line 1 column 1 (char 0)
[2025-03-11T09:56:26.365+0000] {tiki_extract_dag.py:120} ERROR - Error fetching details for product 275123782 on attempt 2/3: Expecting value: line 1 column 1 (char 0)
[2025-03-11T09:56:35.227+0000] {tiki_extract_dag.py:120} ERROR - Error fetching details for product 275123782 on attempt 3/3: Expecting value: line 1 column 1 (char 0)
[2025-03-11T09:56:35.390+0000] {tiki_extract_dag.py:120} ERROR - Error fetching details for product 274371719 on attempt 1/3: Expecting value: line 1 column 1 (char 0)
[2025-03-11T09:56:40.739+0000] {tiki_extract_dag.py:120} ERROR - Error fetching details for product 274371719 on attempt 2/3: Expecting value: line 1 column 1 (char 0)
[2025-03-11T09:56:50.838+0000] {tiki_extract_dag.py:120} ERROR - Error fetching details for product 274371719 on attempt 3/3: Expecting value: line 1 column 1 (char 0)
[2025-03-11T09:56:50.997+0000] {tiki_extract_dag.py:120} ERROR - Error fetching details for product 273634419 on attempt 1/3: Expecting value: line 1 column 1 (char 0)
[2025-03-11T09:56:56.979+0000] {tiki_extract_dag.py:120} ERROR - Error fetching details for product 273634419 on attempt 2/3: Expecting value: line 1 column 1 (char 0)
[2025-03-11T09:57:20.521+0000] {tiki_extract_dag.py:120} ERROR - Error fetching details for product 125087214 on attempt 1/3: Expecting value: line 1 column 1 (char 0)
[2025-03-11T09:57:27.876+0000] {tiki_extract_dag.py:120} ERROR - Error fetching details for product 125087214 on attempt 2/3: Expecting value: line 1 column 1 (char 0)
[2025-03-11T09:57:36.921+0000] {tiki_extract_dag.py:120} ERROR - Error fetching details for product 125087214 on attempt 3/3: Expecting value: line 1 column 1 (char 0)
[2025-03-11T09:57:37.080+0000] {tiki_extract_dag.py:120} ERROR - Error fetching details for product 114773096 on attempt 1/3: Expecting value: line 1 column 1 (char 0)
[2025-03-11T09:57:45.397+0000] {tiki_extract_dag.py:120} ERROR - Error fetching details for product 114773096 on attempt 2/3: Expecting value: line 1 column 1 (char 0)
[2025-03-11T09:57:52.556+0000] {tiki_extract_dag.py:120} ERROR - Error fetching details for product 114773096 on attempt 3/3: Expecting value: line 1 column 1 (char 0)
[2025-03-11T09:57:52.976+0000] {tiki_extract_dag.py:120} ERROR - Error fetching details for product 107087960 on attempt 1/3: Expecting value: line 1 column 1 (char 0)
[2025-03-11T09:58:16.718+0000] {tiki_extract_dag.py:183} INFO - Extracted page 3/50 for category dien-gia-dung, total items: 40
[2025-03-11T09:58:33.880+0000] {tiki_extract_dag.py:163} INFO - Calling API: https://tiki.vn/api/v2/products with params: {'page': 4, 'limit': 40, 'category': '1882'}
[2025-03-11T09:58:34.055+0000] {tiki_extract_dag.py:186} ERROR - API error at page 4 in category dien-gia-dung on attempt 1/3: Expecting value: line 1 column 1 (char 0)
[2025-03-11T09:58:39.911+0000] {tiki_extract_dag.py:186} ERROR - API error at page 4 in category dien-gia-dung on attempt 2/3: Expecting value: line 1 column 1 (char 0)
[2025-03-11T09:58:46.664+0000] {tiki_extract_dag.py:186} ERROR - API error at page 4 in category dien-gia-dung on attempt 3/3: Expecting value: line 1 column 1 (char 0)
[2025-03-11T09:58:46.668+0000] {tiki_extract_dag.py:191} ERROR - Failed after 3 attempts for page 4 in category dien-gia-dung
[2025-03-11T09:58:46.713+0000] {python.py:240} INFO - Done. Returned value was: None
[2025-03-11T09:58:47.677+0000] {taskinstance.py:341} INFO - ::group::Post task execution logs
[2025-03-11T09:58:47.695+0000] {taskinstance.py:353} INFO - Marking task as SUCCESS. dag_id=tiki_extract_dag, task_id=crawl_dien-gia-dung, run_id=manual__2025-03-11T09:54:25.561686+00:00, execution_date=20250311T095425, start_date=20250311T095521, end_date=20250311T095847
[2025-03-11T09:58:48.128+0000] {logging_mixin.py:190} INFO - Task instance in success state
[2025-03-11T09:58:48.130+0000] {logging_mixin.py:190} INFO -  Previous state of the Task instance: running
[2025-03-11T09:58:48.131+0000] {logging_mixin.py:190} INFO - Dag name:tiki_extract_dag queued_at:2025-03-11 09:54:25.681807+00:00
[2025-03-11T09:58:48.132+0000] {logging_mixin.py:190} INFO - Task hostname:5c8190d7da62 operator:PythonOperator
[2025-03-11T09:58:48.543+0000] {local_task_job_runner.py:266} INFO - Task exited with return code 0
[2025-03-11T09:58:48.980+0000] {taskinstance.py:3901} INFO - 0 downstream tasks scheduled from follow-on schedule check
[2025-03-11T09:58:48.990+0000] {local_task_job_runner.py:245} INFO - ::endgroup::
