[2025-03-12T07:41:00.195+0000] {local_task_job_runner.py:123} INFO - ::group::Pre task execution logs
[2025-03-12T07:41:00.244+0000] {taskinstance.py:2614} INFO - Dependencies all met for dep_context=non-requeueable deps ti=<TaskInstance: tiki_extract_dag.extract_the-thao-da-ngoai manual__2025-03-12T07:40:49.551946+00:00 [queued]>
[2025-03-12T07:41:00.271+0000] {taskinstance.py:2614} INFO - Dependencies all met for dep_context=requeueable deps ti=<TaskInstance: tiki_extract_dag.extract_the-thao-da-ngoai manual__2025-03-12T07:40:49.551946+00:00 [queued]>
[2025-03-12T07:41:00.274+0000] {taskinstance.py:2867} INFO - Starting attempt 1 of 4
[2025-03-12T07:41:00.321+0000] {taskinstance.py:2890} INFO - Executing <Task(PythonOperator): extract_the-thao-da-ngoai> on 2025-03-12 07:40:49.551946+00:00
[2025-03-12T07:41:00.364+0000] {warnings.py:112} WARNING - /home/***/.local/lib/python3.12/site-packages/***/task/task_runner/standard_task_runner.py:70: DeprecationWarning: This process (pid=460) is multi-threaded, use of fork() may lead to deadlocks in the child.
  pid = os.fork()

[2025-03-12T07:41:00.371+0000] {standard_task_runner.py:72} INFO - Started process 486 to run task
[2025-03-12T07:41:00.373+0000] {standard_task_runner.py:104} INFO - Running: ['***', 'tasks', 'run', 'tiki_extract_dag', 'extract_the-thao-da-ngoai', 'manual__2025-03-12T07:40:49.551946+00:00', '--job-id', '689', '--raw', '--subdir', 'DAGS_FOLDER/tiki_extract_dag.py', '--cfg-path', '/tmp/tmplonfbd0m']
[2025-03-12T07:41:00.377+0000] {standard_task_runner.py:105} INFO - Job 689: Subtask extract_the-thao-da-ngoai
[2025-03-12T07:41:00.662+0000] {task_command.py:467} INFO - Running <TaskInstance: tiki_extract_dag.extract_the-thao-da-ngoai manual__2025-03-12T07:40:49.551946+00:00 [running]> on host 3905098656d4
[2025-03-12T07:41:04.605+0000] {taskinstance.py:3134} INFO - Exporting env vars: AIRFLOW_CTX_DAG_OWNER='***' AIRFLOW_CTX_DAG_ID='tiki_extract_dag' AIRFLOW_CTX_TASK_ID='extract_the-thao-da-ngoai' AIRFLOW_CTX_EXECUTION_DATE='2025-03-12T07:40:49.551946+00:00' AIRFLOW_CTX_TRY_NUMBER='1' AIRFLOW_CTX_DAG_RUN_ID='manual__2025-03-12T07:40:49.551946+00:00'
[2025-03-12T07:41:04.609+0000] {logging_mixin.py:190} INFO - Task instance is in running state
[2025-03-12T07:41:04.610+0000] {logging_mixin.py:190} INFO -  Previous state of the Task instance: queued
[2025-03-12T07:41:04.611+0000] {logging_mixin.py:190} INFO - Current task name:extract_the-thao-da-ngoai state:running start_date:2025-03-12 07:41:00.247655+00:00
[2025-03-12T07:41:04.611+0000] {logging_mixin.py:190} INFO - Dag name:tiki_extract_dag and current dag run status:running
[2025-03-12T07:41:04.612+0000] {taskinstance.py:732} INFO - ::endgroup::
[2025-03-12T07:41:05.518+0000] {tiki_extract_dag.py:122} INFO - Starting crawl for category the-thao-da-ngoai
[2025-03-12T07:41:06.531+0000] {tiki_extract_dag.py:129} INFO - Total pages for the-thao-da-ngoai: 50
[2025-03-12T07:41:08.459+0000] {tiki_extract_dag.py:155} INFO - Extracted page 2/50 - the-thao-da-ngoai, total items: 80
[2025-03-12T07:41:46.228+0000] {job.py:229} INFO - Heartbeat recovered after 35.71 seconds
[2025-03-12T07:41:47.756+0000] {tiki_extract_dag.py:155} INFO - Extracted page 3/50 - the-thao-da-ngoai, total items: 120
[2025-03-12T07:41:55.572+0000] {tiki_extract_dag.py:155} INFO - Extracted page 4/50 - the-thao-da-ngoai, total items: 160
[2025-03-12T07:42:02.289+0000] {tiki_extract_dag.py:155} INFO - Extracted page 5/50 - the-thao-da-ngoai, total items: 200
[2025-03-12T07:42:10.872+0000] {tiki_extract_dag.py:155} INFO - Extracted page 6/50 - the-thao-da-ngoai, total items: 240
[2025-03-12T07:42:17.568+0000] {tiki_extract_dag.py:155} INFO - Extracted page 7/50 - the-thao-da-ngoai, total items: 280
[2025-03-12T07:42:26.822+0000] {tiki_extract_dag.py:155} INFO - Extracted page 8/50 - the-thao-da-ngoai, total items: 320
[2025-03-12T07:42:36.896+0000] {tiki_extract_dag.py:155} INFO - Extracted page 9/50 - the-thao-da-ngoai, total items: 360
[2025-03-12T07:42:47.046+0000] {tiki_extract_dag.py:155} INFO - Extracted page 10/50 - the-thao-da-ngoai, total items: 400
[2025-03-12T07:42:52.958+0000] {tiki_extract_dag.py:155} INFO - Extracted page 11/50 - the-thao-da-ngoai, total items: 440
[2025-03-12T07:43:00.178+0000] {tiki_extract_dag.py:155} INFO - Extracted page 12/50 - the-thao-da-ngoai, total items: 480
[2025-03-12T07:43:09.679+0000] {tiki_extract_dag.py:155} INFO - Extracted page 13/50 - the-thao-da-ngoai, total items: 520
[2025-03-12T07:43:19.604+0000] {tiki_extract_dag.py:155} INFO - Extracted page 14/50 - the-thao-da-ngoai, total items: 560
[2025-03-12T07:43:28.844+0000] {tiki_extract_dag.py:155} INFO - Extracted page 15/50 - the-thao-da-ngoai, total items: 600
[2025-03-12T07:43:35.648+0000] {tiki_extract_dag.py:155} INFO - Extracted page 16/50 - the-thao-da-ngoai, total items: 640
[2025-03-12T07:43:45.138+0000] {tiki_extract_dag.py:155} INFO - Extracted page 17/50 - the-thao-da-ngoai, total items: 680
[2025-03-12T07:43:52.071+0000] {tiki_extract_dag.py:155} INFO - Extracted page 18/50 - the-thao-da-ngoai, total items: 720
[2025-03-12T07:44:00.771+0000] {tiki_extract_dag.py:155} INFO - Extracted page 19/50 - the-thao-da-ngoai, total items: 760
[2025-03-12T07:44:08.257+0000] {tiki_extract_dag.py:155} INFO - Extracted page 20/50 - the-thao-da-ngoai, total items: 800
[2025-03-12T07:44:17.849+0000] {tiki_extract_dag.py:155} INFO - Extracted page 21/50 - the-thao-da-ngoai, total items: 840
[2025-03-12T07:44:27.503+0000] {tiki_extract_dag.py:155} INFO - Extracted page 22/50 - the-thao-da-ngoai, total items: 880
[2025-03-12T07:44:36.186+0000] {tiki_extract_dag.py:155} INFO - Extracted page 23/50 - the-thao-da-ngoai, total items: 920
[2025-03-12T07:44:44.057+0000] {tiki_extract_dag.py:155} INFO - Extracted page 24/50 - the-thao-da-ngoai, total items: 960
[2025-03-12T07:44:49.728+0000] {tiki_extract_dag.py:155} INFO - Extracted page 25/50 - the-thao-da-ngoai, total items: 1000
[2025-03-12T07:44:57.877+0000] {tiki_extract_dag.py:155} INFO - Extracted page 26/50 - the-thao-da-ngoai, total items: 1040
[2025-03-12T07:45:05.801+0000] {tiki_extract_dag.py:155} INFO - Extracted page 27/50 - the-thao-da-ngoai, total items: 1080
[2025-03-12T07:45:12.507+0000] {tiki_extract_dag.py:155} INFO - Extracted page 28/50 - the-thao-da-ngoai, total items: 1120
[2025-03-12T07:45:20.400+0000] {tiki_extract_dag.py:155} INFO - Extracted page 29/50 - the-thao-da-ngoai, total items: 1160
[2025-03-12T07:45:28.819+0000] {tiki_extract_dag.py:155} INFO - Extracted page 30/50 - the-thao-da-ngoai, total items: 1200
[2025-03-12T07:45:37.131+0000] {tiki_extract_dag.py:155} INFO - Extracted page 31/50 - the-thao-da-ngoai, total items: 1240
[2025-03-12T07:45:43.915+0000] {tiki_extract_dag.py:155} INFO - Extracted page 32/50 - the-thao-da-ngoai, total items: 1280
[2025-03-12T07:45:53.850+0000] {tiki_extract_dag.py:155} INFO - Extracted page 33/50 - the-thao-da-ngoai, total items: 1320
[2025-03-12T07:46:02.737+0000] {tiki_extract_dag.py:155} INFO - Extracted page 34/50 - the-thao-da-ngoai, total items: 1360
[2025-03-12T07:46:10.194+0000] {tiki_extract_dag.py:155} INFO - Extracted page 35/50 - the-thao-da-ngoai, total items: 1400
[2025-03-12T07:46:17.784+0000] {tiki_extract_dag.py:155} INFO - Extracted page 36/50 - the-thao-da-ngoai, total items: 1440
[2025-03-12T07:46:26.699+0000] {tiki_extract_dag.py:155} INFO - Extracted page 37/50 - the-thao-da-ngoai, total items: 1480
[2025-03-12T07:46:34.899+0000] {tiki_extract_dag.py:155} INFO - Extracted page 38/50 - the-thao-da-ngoai, total items: 1520
[2025-03-12T07:46:45.396+0000] {tiki_extract_dag.py:155} INFO - Extracted page 39/50 - the-thao-da-ngoai, total items: 1560
[2025-03-12T07:46:53.547+0000] {tiki_extract_dag.py:155} INFO - Extracted page 40/50 - the-thao-da-ngoai, total items: 1600
[2025-03-12T07:47:01.205+0000] {tiki_extract_dag.py:155} INFO - Extracted page 41/50 - the-thao-da-ngoai, total items: 1640
[2025-03-12T07:47:07.944+0000] {tiki_extract_dag.py:155} INFO - Extracted page 42/50 - the-thao-da-ngoai, total items: 1680
[2025-03-12T07:47:29.212+0000] {job.py:229} INFO - Heartbeat recovered after 19.17 seconds
[2025-03-12T07:47:30.172+0000] {tiki_extract_dag.py:155} INFO - Extracted page 43/50 - the-thao-da-ngoai, total items: 1720
[2025-03-12T07:47:38.045+0000] {tiki_extract_dag.py:155} INFO - Extracted page 44/50 - the-thao-da-ngoai, total items: 1760
[2025-03-12T07:47:48.015+0000] {tiki_extract_dag.py:155} INFO - Extracted page 45/50 - the-thao-da-ngoai, total items: 1800
[2025-03-12T07:47:54.349+0000] {tiki_extract_dag.py:155} INFO - Extracted page 46/50 - the-thao-da-ngoai, total items: 1840
[2025-03-12T07:48:00.543+0000] {tiki_extract_dag.py:155} INFO - Extracted page 47/50 - the-thao-da-ngoai, total items: 1880
[2025-03-12T07:48:07.926+0000] {tiki_extract_dag.py:155} INFO - Extracted page 48/50 - the-thao-da-ngoai, total items: 1920
[2025-03-12T07:48:16.905+0000] {tiki_extract_dag.py:155} INFO - Extracted page 49/50 - the-thao-da-ngoai, total items: 1960
[2025-03-12T07:48:29.962+0000] {tiki_extract_dag.py:155} INFO - Extracted page 50/50 - the-thao-da-ngoai, total items: 2000
[2025-03-12T07:50:13.153+0000] {tiki_extract_dag.py:56} INFO - Updated crawled products at tiki-pipeline/tiki_crawled/crawled_products.json
[2025-03-12T07:50:13.155+0000] {tiki_extract_dag.py:172} INFO - Uploaded raw data to tiki-pipeline/tiki_raw_data/raw_the-thao-da-ngoai_20250312_074838.json, total items: 2000
[2025-03-12T07:50:13.975+0000] {tiki_extract_dag.py:183} INFO - Saved metadata to tiki-pipeline/metadata/extract_run_metadata_the-thao-da-ngoai_20250312_074838.json
[2025-03-12T07:50:14.003+0000] {python.py:240} INFO - Done. Returned value was: None
[2025-03-12T07:50:14.079+0000] {taskinstance.py:341} INFO - ::group::Post task execution logs
[2025-03-12T07:50:14.082+0000] {taskinstance.py:353} INFO - Marking task as SUCCESS. dag_id=tiki_extract_dag, task_id=extract_the-thao-da-ngoai, run_id=manual__2025-03-12T07:40:49.551946+00:00, execution_date=20250312T074049, start_date=20250312T074100, end_date=20250312T075014
[2025-03-12T07:50:14.163+0000] {logging_mixin.py:190} INFO - Task instance in success state
[2025-03-12T07:50:14.164+0000] {logging_mixin.py:190} INFO -  Previous state of the Task instance: running
[2025-03-12T07:50:14.165+0000] {logging_mixin.py:190} INFO - Dag name:tiki_extract_dag queued_at:2025-03-12 07:40:49.590021+00:00
[2025-03-12T07:50:14.166+0000] {logging_mixin.py:190} INFO - Task hostname:3905098656d4 operator:PythonOperator
[2025-03-12T07:50:14.220+0000] {local_task_job_runner.py:266} INFO - Task exited with return code 0
[2025-03-12T07:50:14.322+0000] {taskinstance.py:3901} INFO - 0 downstream tasks scheduled from follow-on schedule check
[2025-03-12T07:50:14.326+0000] {local_task_job_runner.py:245} INFO - ::endgroup::
