[2025-03-11T09:55:13.499+0000] {local_task_job_runner.py:123} INFO - ::group::Pre task execution logs
[2025-03-11T09:55:13.617+0000] {taskinstance.py:2614} INFO - Dependencies all met for dep_context=non-requeueable deps ti=<TaskInstance: tiki_extract_dag.crawl_the-thao-da-ngoai manual__2025-03-11T09:54:25.561686+00:00 [queued]>
[2025-03-11T09:55:13.703+0000] {taskinstance.py:2614} INFO - Dependencies all met for dep_context=requeueable deps ti=<TaskInstance: tiki_extract_dag.crawl_the-thao-da-ngoai manual__2025-03-11T09:54:25.561686+00:00 [queued]>
[2025-03-11T09:55:13.715+0000] {taskinstance.py:2867} INFO - Starting attempt 1 of 4
[2025-03-11T09:55:14.008+0000] {taskinstance.py:2890} INFO - Executing <Task(PythonOperator): crawl_the-thao-da-ngoai> on 2025-03-11 09:54:25.561686+00:00
[2025-03-11T09:55:14.372+0000] {warnings.py:112} WARNING - /home/***/.local/lib/python3.12/site-packages/***/task/task_runner/standard_task_runner.py:70: DeprecationWarning: This process (pid=757) is multi-threaded, use of fork() may lead to deadlocks in the child.
  pid = os.fork()

[2025-03-11T09:55:14.421+0000] {standard_task_runner.py:104} INFO - Running: ['***', 'tasks', 'run', 'tiki_extract_dag', 'crawl_the-thao-da-ngoai', 'manual__2025-03-11T09:54:25.561686+00:00', '--job-id', '582', '--raw', '--subdir', 'DAGS_FOLDER/tiki_extract_dag.py', '--cfg-path', '/tmp/tmpu5tu9nen']
[2025-03-11T09:55:14.478+0000] {standard_task_runner.py:105} INFO - Job 582: Subtask crawl_the-thao-da-ngoai
[2025-03-11T09:55:14.473+0000] {standard_task_runner.py:72} INFO - Started process 785 to run task
[2025-03-11T09:55:16.994+0000] {task_command.py:467} INFO - Running <TaskInstance: tiki_extract_dag.crawl_the-thao-da-ngoai manual__2025-03-11T09:54:25.561686+00:00 [running]> on host 5c8190d7da62
[2025-03-11T09:55:26.519+0000] {taskinstance.py:3134} INFO - Exporting env vars: AIRFLOW_CTX_DAG_OWNER='***' AIRFLOW_CTX_DAG_ID='tiki_extract_dag' AIRFLOW_CTX_TASK_ID='crawl_the-thao-da-ngoai' AIRFLOW_CTX_EXECUTION_DATE='2025-03-11T09:54:25.561686+00:00' AIRFLOW_CTX_TRY_NUMBER='1' AIRFLOW_CTX_DAG_RUN_ID='manual__2025-03-11T09:54:25.561686+00:00'
[2025-03-11T09:55:26.523+0000] {logging_mixin.py:190} INFO - Task instance is in running state
[2025-03-11T09:55:26.539+0000] {logging_mixin.py:190} INFO -  Previous state of the Task instance: queued
[2025-03-11T09:55:26.552+0000] {logging_mixin.py:190} INFO - Current task name:crawl_the-thao-da-ngoai state:running start_date:2025-03-11 09:55:13.623226+00:00
[2025-03-11T09:55:26.553+0000] {logging_mixin.py:190} INFO - Dag name:tiki_extract_dag and current dag run status:running
[2025-03-11T09:55:26.555+0000] {taskinstance.py:732} INFO - ::endgroup::
[2025-03-11T09:55:40.599+0000] {tiki_extract_dag.py:139} INFO - Starting crawl for category the-thao-da-ngoai (ID: 1975)
[2025-03-11T09:55:40.601+0000] {tiki_extract_dag.py:141} INFO - Calling API: https://tiki.vn/api/v2/products with params: {'page': 1, 'limit': 40, 'category': '1975'}
[2025-03-11T09:55:42.081+0000] {tiki_extract_dag.py:150} INFO - Total pages for the-thao-da-ngoai: 50 (limited to 50)
[2025-03-11T09:55:42.090+0000] {tiki_extract_dag.py:163} INFO - Calling API: https://tiki.vn/api/v2/products with params: {'page': 2, 'limit': 40, 'category': '1975'}
[2025-03-11T09:55:44.181+0000] {tiki_extract_dag.py:183} INFO - Extracted page 2/50 for category the-thao-da-ngoai, total items: 1
[2025-03-11T09:55:51.423+0000] {job.py:229} INFO - Heartbeat recovered after 13.68 seconds
[2025-03-11T09:55:59.330+0000] {tiki_extract_dag.py:163} INFO - Calling API: https://tiki.vn/api/v2/products with params: {'page': 3, 'limit': 40, 'category': '1975'}
[2025-03-11T09:56:20.458+0000] {tiki_extract_dag.py:120} ERROR - Error fetching details for product 151506141 on attempt 1/3: Expecting value: line 1 column 1 (char 0)
[2025-03-11T09:56:27.905+0000] {tiki_extract_dag.py:120} ERROR - Error fetching details for product 151506141 on attempt 2/3: Expecting value: line 1 column 1 (char 0)
[2025-03-11T09:56:38.012+0000] {tiki_extract_dag.py:120} ERROR - Error fetching details for product 151506141 on attempt 3/3: Expecting value: line 1 column 1 (char 0)
[2025-03-11T09:56:38.157+0000] {tiki_extract_dag.py:120} ERROR - Error fetching details for product 128544957 on attempt 1/3: Expecting value: line 1 column 1 (char 0)
[2025-03-11T09:56:46.003+0000] {tiki_extract_dag.py:120} ERROR - Error fetching details for product 128544957 on attempt 2/3: Expecting value: line 1 column 1 (char 0)
[2025-03-11T09:56:53.357+0000] {tiki_extract_dag.py:120} ERROR - Error fetching details for product 128544957 on attempt 3/3: Expecting value: line 1 column 1 (char 0)
[2025-03-11T09:56:53.535+0000] {tiki_extract_dag.py:120} ERROR - Error fetching details for product 127597034 on attempt 1/3: Expecting value: line 1 column 1 (char 0)
[2025-03-11T09:57:21.036+0000] {tiki_extract_dag.py:120} ERROR - Error fetching details for product 20071943 on attempt 1/3: Expecting value: line 1 column 1 (char 0)
[2025-03-11T09:57:26.307+0000] {tiki_extract_dag.py:120} ERROR - Error fetching details for product 20071943 on attempt 2/3: Expecting value: line 1 column 1 (char 0)
[2025-03-11T09:57:32.543+0000] {tiki_extract_dag.py:120} ERROR - Error fetching details for product 20071943 on attempt 3/3: Expecting value: line 1 column 1 (char 0)
[2025-03-11T09:57:32.692+0000] {tiki_extract_dag.py:120} ERROR - Error fetching details for product 16981203 on attempt 1/3: Expecting value: line 1 column 1 (char 0)
[2025-03-11T09:57:42.528+0000] {tiki_extract_dag.py:120} ERROR - Error fetching details for product 16981203 on attempt 2/3: Expecting value: line 1 column 1 (char 0)
[2025-03-11T09:57:51.776+0000] {tiki_extract_dag.py:120} ERROR - Error fetching details for product 16981203 on attempt 3/3: Expecting value: line 1 column 1 (char 0)
[2025-03-11T09:57:51.940+0000] {tiki_extract_dag.py:120} ERROR - Error fetching details for product 16719308 on attempt 1/3: Expecting value: line 1 column 1 (char 0)
[2025-03-11T09:58:08.053+0000] {tiki_extract_dag.py:183} INFO - Extracted page 3/50 for category the-thao-da-ngoai, total items: 41
[2025-03-11T09:58:25.604+0000] {tiki_extract_dag.py:163} INFO - Calling API: https://tiki.vn/api/v2/products with params: {'page': 4, 'limit': 40, 'category': '1975'}
[2025-03-11T09:58:25.756+0000] {tiki_extract_dag.py:186} ERROR - API error at page 4 in category the-thao-da-ngoai on attempt 1/3: Expecting value: line 1 column 1 (char 0)
[2025-03-11T09:58:31.769+0000] {tiki_extract_dag.py:186} ERROR - API error at page 4 in category the-thao-da-ngoai on attempt 2/3: Expecting value: line 1 column 1 (char 0)
[2025-03-11T09:58:41.074+0000] {tiki_extract_dag.py:186} ERROR - API error at page 4 in category the-thao-da-ngoai on attempt 3/3: Expecting value: line 1 column 1 (char 0)
[2025-03-11T09:58:41.077+0000] {tiki_extract_dag.py:191} ERROR - Failed after 3 attempts for page 4 in category the-thao-da-ngoai
[2025-03-11T09:58:41.110+0000] {python.py:240} INFO - Done. Returned value was: None
[2025-03-11T09:58:41.763+0000] {taskinstance.py:341} INFO - ::group::Post task execution logs
[2025-03-11T09:58:41.787+0000] {taskinstance.py:353} INFO - Marking task as SUCCESS. dag_id=tiki_extract_dag, task_id=crawl_the-thao-da-ngoai, run_id=manual__2025-03-11T09:54:25.561686+00:00, execution_date=20250311T095425, start_date=20250311T095513, end_date=20250311T095841
[2025-03-11T09:58:42.304+0000] {logging_mixin.py:190} INFO - Task instance in success state
[2025-03-11T09:58:42.307+0000] {logging_mixin.py:190} INFO -  Previous state of the Task instance: running
[2025-03-11T09:58:42.310+0000] {logging_mixin.py:190} INFO - Dag name:tiki_extract_dag queued_at:2025-03-11 09:54:25.681807+00:00
[2025-03-11T09:58:42.311+0000] {logging_mixin.py:190} INFO - Task hostname:5c8190d7da62 operator:PythonOperator
[2025-03-11T09:58:42.543+0000] {local_task_job_runner.py:266} INFO - Task exited with return code 0
[2025-03-11T09:58:42.900+0000] {taskinstance.py:3901} INFO - 0 downstream tasks scheduled from follow-on schedule check
[2025-03-11T09:58:42.909+0000] {local_task_job_runner.py:245} INFO - ::endgroup::
