[2025-03-10T10:25:42.818+0000] {local_task_job_runner.py:123} INFO - ::group::Pre task execution logs
[2025-03-10T10:25:42.925+0000] {taskinstance.py:2614} INFO - Dependencies all met for dep_context=non-requeueable deps ti=<TaskInstance: tiki_extract_dag.crawl_dien-gia-dung manual__2025-03-10T10:25:23.953696+00:00 [queued]>
[2025-03-10T10:25:42.957+0000] {taskinstance.py:2614} INFO - Dependencies all met for dep_context=requeueable deps ti=<TaskInstance: tiki_extract_dag.crawl_dien-gia-dung manual__2025-03-10T10:25:23.953696+00:00 [queued]>
[2025-03-10T10:25:42.968+0000] {taskinstance.py:2867} INFO - Starting attempt 1 of 4
[2025-03-10T10:25:43.068+0000] {taskinstance.py:2890} INFO - Executing <Task(PythonOperator): crawl_dien-gia-dung> on 2025-03-10 10:25:23.953696+00:00
[2025-03-10T10:25:43.146+0000] {warnings.py:112} WARNING - /home/***/.local/lib/python3.12/site-packages/***/task/task_runner/standard_task_runner.py:70: DeprecationWarning: This process (pid=167) is multi-threaded, use of fork() may lead to deadlocks in the child.
  pid = os.fork()

[2025-03-10T10:25:43.166+0000] {standard_task_runner.py:72} INFO - Started process 208 to run task
[2025-03-10T10:25:43.204+0000] {standard_task_runner.py:104} INFO - Running: ['***', 'tasks', 'run', 'tiki_extract_dag', 'crawl_dien-gia-dung', 'manual__2025-03-10T10:25:23.953696+00:00', '--job-id', '452', '--raw', '--subdir', 'DAGS_FOLDER/tiki_extract_dag.py', '--cfg-path', '/tmp/tmp5jdj2c6e']
[2025-03-10T10:25:43.214+0000] {standard_task_runner.py:105} INFO - Job 452: Subtask crawl_dien-gia-dung
[2025-03-10T10:25:43.484+0000] {task_command.py:467} INFO - Running <TaskInstance: tiki_extract_dag.crawl_dien-gia-dung manual__2025-03-10T10:25:23.953696+00:00 [running]> on host c77555d100c4
[2025-03-10T10:25:49.820+0000] {taskinstance.py:3134} INFO - Exporting env vars: AIRFLOW_CTX_DAG_OWNER='***' AIRFLOW_CTX_DAG_ID='tiki_extract_dag' AIRFLOW_CTX_TASK_ID='crawl_dien-gia-dung' AIRFLOW_CTX_EXECUTION_DATE='2025-03-10T10:25:23.953696+00:00' AIRFLOW_CTX_TRY_NUMBER='1' AIRFLOW_CTX_DAG_RUN_ID='manual__2025-03-10T10:25:23.953696+00:00'
[2025-03-10T10:25:49.823+0000] {logging_mixin.py:190} INFO - Task instance is in running state
[2025-03-10T10:25:49.825+0000] {logging_mixin.py:190} INFO -  Previous state of the Task instance: queued
[2025-03-10T10:25:49.827+0000] {logging_mixin.py:190} INFO - Current task name:crawl_dien-gia-dung state:running start_date:2025-03-10 10:25:42.927402+00:00
[2025-03-10T10:25:49.832+0000] {logging_mixin.py:190} INFO - Dag name:tiki_extract_dag and current dag run status:running
[2025-03-10T10:25:49.833+0000] {taskinstance.py:732} INFO - ::endgroup::
[2025-03-10T10:25:52.206+0000] {tiki_extract_dag.py:132} INFO - Starting crawl for category dien-gia-dung (ID: 1882)
[2025-03-10T10:25:52.208+0000] {tiki_extract_dag.py:134} INFO - Calling API: https://tiki.vn/api/v2/products with params: {'page': 1, 'limit': 40, 'category': '1882'}
[2025-03-10T10:25:54.947+0000] {tiki_extract_dag.py:143} INFO - Total pages for dien-gia-dung: 50 (limited to 50)
[2025-03-10T10:26:09.929+0000] {tiki_extract_dag.py:119} ERROR - Error fetching details for product 134333384: Expecting value: line 1 column 1 (char 0)
[2025-03-10T10:26:10.086+0000] {tiki_extract_dag.py:119} ERROR - Error fetching details for product 127046577: Expecting value: line 1 column 1 (char 0)
[2025-03-10T10:26:10.232+0000] {tiki_extract_dag.py:119} ERROR - Error fetching details for product 110255220: Expecting value: line 1 column 1 (char 0)
[2025-03-10T10:26:10.376+0000] {tiki_extract_dag.py:119} ERROR - Error fetching details for product 104908436: Expecting value: line 1 column 1 (char 0)
[2025-03-10T10:26:10.516+0000] {tiki_extract_dag.py:119} ERROR - Error fetching details for product 104850983: Expecting value: line 1 column 1 (char 0)
[2025-03-10T10:26:10.658+0000] {tiki_extract_dag.py:119} ERROR - Error fetching details for product 78488079: Expecting value: line 1 column 1 (char 0)
[2025-03-10T10:26:10.817+0000] {tiki_extract_dag.py:119} ERROR - Error fetching details for product 74890928: Expecting value: line 1 column 1 (char 0)
[2025-03-10T10:26:10.966+0000] {tiki_extract_dag.py:119} ERROR - Error fetching details for product 74173695: Expecting value: line 1 column 1 (char 0)
[2025-03-10T10:26:11.111+0000] {tiki_extract_dag.py:119} ERROR - Error fetching details for product 72825272: Expecting value: line 1 column 1 (char 0)
[2025-03-10T10:26:11.261+0000] {tiki_extract_dag.py:119} ERROR - Error fetching details for product 68771348: Expecting value: line 1 column 1 (char 0)
[2025-03-10T10:26:11.433+0000] {tiki_extract_dag.py:119} ERROR - Error fetching details for product 66512832: Expecting value: line 1 column 1 (char 0)
[2025-03-10T10:26:11.579+0000] {tiki_extract_dag.py:119} ERROR - Error fetching details for product 63564217: Expecting value: line 1 column 1 (char 0)
[2025-03-10T10:26:11.753+0000] {tiki_extract_dag.py:119} ERROR - Error fetching details for product 59479717: Expecting value: line 1 column 1 (char 0)
[2025-03-10T10:26:11.892+0000] {tiki_extract_dag.py:119} ERROR - Error fetching details for product 54716577: Expecting value: line 1 column 1 (char 0)
[2025-03-10T10:26:12.059+0000] {tiki_extract_dag.py:119} ERROR - Error fetching details for product 48962414: Expecting value: line 1 column 1 (char 0)
[2025-03-10T10:26:12.201+0000] {tiki_extract_dag.py:119} ERROR - Error fetching details for product 48025254: Expecting value: line 1 column 1 (char 0)
[2025-03-10T10:26:12.367+0000] {tiki_extract_dag.py:119} ERROR - Error fetching details for product 44996545: Expecting value: line 1 column 1 (char 0)
[2025-03-10T10:26:12.514+0000] {tiki_extract_dag.py:119} ERROR - Error fetching details for product 36626940: Expecting value: line 1 column 1 (char 0)
[2025-03-10T10:26:12.655+0000] {tiki_extract_dag.py:119} ERROR - Error fetching details for product 11755648: Expecting value: line 1 column 1 (char 0)
[2025-03-10T10:26:12.796+0000] {tiki_extract_dag.py:119} ERROR - Error fetching details for product 10597625: Expecting value: line 1 column 1 (char 0)
[2025-03-10T10:26:12.963+0000] {tiki_extract_dag.py:119} ERROR - Error fetching details for product 9483224: Expecting value: line 1 column 1 (char 0)
[2025-03-10T10:26:13.119+0000] {tiki_extract_dag.py:119} ERROR - Error fetching details for product 4701559: Expecting value: line 1 column 1 (char 0)
[2025-03-10T10:26:13.265+0000] {tiki_extract_dag.py:119} ERROR - Error fetching details for product 4534531: Expecting value: line 1 column 1 (char 0)
[2025-03-10T10:26:13.407+0000] {tiki_extract_dag.py:119} ERROR - Error fetching details for product 3480333: Expecting value: line 1 column 1 (char 0)
[2025-03-10T10:26:13.550+0000] {tiki_extract_dag.py:119} ERROR - Error fetching details for product 2365901: Expecting value: line 1 column 1 (char 0)
[2025-03-10T10:26:13.716+0000] {tiki_extract_dag.py:119} ERROR - Error fetching details for product 794609: Expecting value: line 1 column 1 (char 0)
[2025-03-10T10:26:13.862+0000] {tiki_extract_dag.py:119} ERROR - Error fetching details for product 558109: Expecting value: line 1 column 1 (char 0)
[2025-03-10T10:26:14.040+0000] {tiki_extract_dag.py:119} ERROR - Error fetching details for product 530774: Expecting value: line 1 column 1 (char 0)
[2025-03-10T10:26:14.187+0000] {tiki_extract_dag.py:119} ERROR - Error fetching details for product 414764: Expecting value: line 1 column 1 (char 0)
[2025-03-10T10:26:14.188+0000] {tiki_extract_dag.py:156} INFO - Calling API: https://tiki.vn/api/v2/products with params: {'page': 2, 'limit': 40, 'category': '1882'}
[2025-03-10T10:26:14.327+0000] {tiki_extract_dag.py:178} ERROR - API error at page 2 in category dien-gia-dung: Expecting value: line 1 column 1 (char 0)
[2025-03-10T10:26:18.465+0000] {tiki_extract_dag.py:50} INFO - Updated crawled products at tiki-pipeline/tiki_crawled/crawled_products.json
[2025-03-10T10:26:18.466+0000] {tiki_extract_dag.py:192} INFO - Uploaded raw data to tiki-pipeline/raw_data/dien-gia-dung_20250310_102614.json, total items: 40
[2025-03-10T10:26:18.810+0000] {tiki_extract_dag.py:204} INFO - Saved metadata to tiki-pipeline/metadata/dien-gia-dung_extract_run_metadata_20250310_102614.json
[2025-03-10T10:26:18.812+0000] {python.py:240} INFO - Done. Returned value was: None
[2025-03-10T10:26:18.825+0000] {taskinstance.py:341} INFO - ::group::Post task execution logs
[2025-03-10T10:26:18.826+0000] {taskinstance.py:353} INFO - Marking task as SUCCESS. dag_id=tiki_extract_dag, task_id=crawl_dien-gia-dung, run_id=manual__2025-03-10T10:25:23.953696+00:00, execution_date=20250310T102523, start_date=20250310T102542, end_date=20250310T102618
[2025-03-10T10:26:18.857+0000] {logging_mixin.py:190} INFO - Task instance in success state
[2025-03-10T10:26:18.858+0000] {logging_mixin.py:190} INFO -  Previous state of the Task instance: running
[2025-03-10T10:26:18.858+0000] {logging_mixin.py:190} INFO - Dag name:tiki_extract_dag queued_at:2025-03-10 10:25:24.003599+00:00
[2025-03-10T10:26:18.859+0000] {logging_mixin.py:190} INFO - Task hostname:c77555d100c4 operator:PythonOperator
[2025-03-10T10:26:18.920+0000] {local_task_job_runner.py:266} INFO - Task exited with return code 0
[2025-03-10T10:26:18.940+0000] {taskinstance.py:3901} INFO - 0 downstream tasks scheduled from follow-on schedule check
[2025-03-10T10:26:18.944+0000] {local_task_job_runner.py:245} INFO - ::endgroup::
