[2025-03-11T14:08:00.596+0000] {local_task_job_runner.py:123} INFO - ::group::Pre task execution logs
[2025-03-11T14:08:00.711+0000] {taskinstance.py:2614} INFO - Dependencies all met for dep_context=non-requeueable deps ti=<TaskInstance: tiki_extract_dag.crawl_lam-dep-suc-khoe manual__2025-03-11T14:07:26.849945+00:00 [queued]>
[2025-03-11T14:08:00.770+0000] {taskinstance.py:2614} INFO - Dependencies all met for dep_context=requeueable deps ti=<TaskInstance: tiki_extract_dag.crawl_lam-dep-suc-khoe manual__2025-03-11T14:07:26.849945+00:00 [queued]>
[2025-03-11T14:08:00.773+0000] {taskinstance.py:2867} INFO - Starting attempt 1 of 4
[2025-03-11T14:08:00.850+0000] {taskinstance.py:2890} INFO - Executing <Task(PythonOperator): crawl_lam-dep-suc-khoe> on 2025-03-11 14:07:26.849945+00:00
[2025-03-11T14:08:00.906+0000] {warnings.py:112} WARNING - /home/***/.local/lib/python3.12/site-packages/***/task/task_runner/standard_task_runner.py:70: DeprecationWarning: This process (pid=2143) is multi-threaded, use of fork() may lead to deadlocks in the child.
  pid = os.fork()

[2025-03-11T14:08:00.915+0000] {standard_task_runner.py:104} INFO - Running: ['***', 'tasks', 'run', 'tiki_extract_dag', 'crawl_lam-dep-suc-khoe', 'manual__2025-03-11T14:07:26.849945+00:00', '--job-id', '596', '--raw', '--subdir', 'DAGS_FOLDER/tiki_extract_dag.py', '--cfg-path', '/tmp/tmpdntk69fy']
[2025-03-11T14:08:00.921+0000] {standard_task_runner.py:105} INFO - Job 596: Subtask crawl_lam-dep-suc-khoe
[2025-03-11T14:08:00.911+0000] {standard_task_runner.py:72} INFO - Started process 2171 to run task
[2025-03-11T14:08:01.276+0000] {task_command.py:467} INFO - Running <TaskInstance: tiki_extract_dag.crawl_lam-dep-suc-khoe manual__2025-03-11T14:07:26.849945+00:00 [running]> on host 5c8190d7da62
[2025-03-11T14:08:12.655+0000] {taskinstance.py:3134} INFO - Exporting env vars: AIRFLOW_CTX_DAG_OWNER='***' AIRFLOW_CTX_DAG_ID='tiki_extract_dag' AIRFLOW_CTX_TASK_ID='crawl_lam-dep-suc-khoe' AIRFLOW_CTX_EXECUTION_DATE='2025-03-11T14:07:26.849945+00:00' AIRFLOW_CTX_TRY_NUMBER='1' AIRFLOW_CTX_DAG_RUN_ID='manual__2025-03-11T14:07:26.849945+00:00'
[2025-03-11T14:08:12.663+0000] {logging_mixin.py:190} INFO - Task instance is in running state
[2025-03-11T14:08:12.664+0000] {logging_mixin.py:190} INFO -  Previous state of the Task instance: queued
[2025-03-11T14:08:12.666+0000] {logging_mixin.py:190} INFO - Current task name:crawl_lam-dep-suc-khoe state:running start_date:2025-03-11 14:08:00.718631+00:00
[2025-03-11T14:08:12.668+0000] {logging_mixin.py:190} INFO - Dag name:tiki_extract_dag and current dag run status:running
[2025-03-11T14:08:12.678+0000] {taskinstance.py:732} INFO - ::endgroup::
[2025-03-11T14:08:15.660+0000] {tiki_extract_dag.py:139} INFO - Starting crawl for category lam-dep-suc-khoe (ID: 1520)
[2025-03-11T14:08:15.662+0000] {tiki_extract_dag.py:141} INFO - Calling API: https://tiki.vn/api/v2/products with params: {'page': 1, 'limit': 40, 'category': '1520'}
[2025-03-11T14:08:20.019+0000] {job.py:229} INFO - Heartbeat recovered after 13.47 seconds
[2025-03-11T14:08:22.478+0000] {tiki_extract_dag.py:150} INFO - Total pages for lam-dep-suc-khoe: 50 (limited to 50)
[2025-03-11T14:08:22.479+0000] {tiki_extract_dag.py:163} INFO - Calling API: https://tiki.vn/api/v2/products with params: {'page': 2, 'limit': 40, 'category': '1520'}
[2025-03-11T14:08:28.171+0000] {job.py:229} INFO - Heartbeat recovered after 12.72 seconds
[2025-03-11T14:08:39.994+0000] {tiki_extract_dag.py:120} ERROR - Error fetching details for product 56218973 on attempt 1/3: Expecting value: line 1 column 1 (char 0)
[2025-03-11T14:08:46.656+0000] {tiki_extract_dag.py:120} ERROR - Error fetching details for product 56218973 on attempt 2/3: Expecting value: line 1 column 1 (char 0)
[2025-03-11T14:08:52.226+0000] {tiki_extract_dag.py:120} ERROR - Error fetching details for product 56218973 on attempt 3/3: Expecting value: line 1 column 1 (char 0)
[2025-03-11T14:08:52.699+0000] {tiki_extract_dag.py:120} ERROR - Error fetching details for product 54865932 on attempt 1/3: Expecting value: line 1 column 1 (char 0)
[2025-03-11T14:09:01.405+0000] {tiki_extract_dag.py:120} ERROR - Error fetching details for product 54865932 on attempt 2/3: Expecting value: line 1 column 1 (char 0)
[2025-03-11T14:09:28.539+0000] {tiki_extract_dag.py:183} INFO - Extracted page 2/50 for category lam-dep-suc-khoe, total items: 40
[2025-03-11T14:09:43.684+0000] {tiki_extract_dag.py:163} INFO - Calling API: https://tiki.vn/api/v2/products with params: {'page': 3, 'limit': 40, 'category': '1520'}
[2025-03-11T14:09:43.908+0000] {tiki_extract_dag.py:186} ERROR - API error at page 3 in category lam-dep-suc-khoe on attempt 1/3: Expecting value: line 1 column 1 (char 0)
[2025-03-11T14:09:53.069+0000] {tiki_extract_dag.py:186} ERROR - API error at page 3 in category lam-dep-suc-khoe on attempt 2/3: Expecting value: line 1 column 1 (char 0)
[2025-03-11T14:10:01.175+0000] {tiki_extract_dag.py:186} ERROR - API error at page 3 in category lam-dep-suc-khoe on attempt 3/3: Expecting value: line 1 column 1 (char 0)
[2025-03-11T14:10:01.202+0000] {tiki_extract_dag.py:191} ERROR - Failed after 3 attempts for page 3 in category lam-dep-suc-khoe
[2025-03-11T14:10:01.285+0000] {python.py:240} INFO - Done. Returned value was: None
[2025-03-11T14:10:02.057+0000] {taskinstance.py:341} INFO - ::group::Post task execution logs
[2025-03-11T14:10:02.073+0000] {taskinstance.py:353} INFO - Marking task as SUCCESS. dag_id=tiki_extract_dag, task_id=crawl_lam-dep-suc-khoe, run_id=manual__2025-03-11T14:07:26.849945+00:00, execution_date=20250311T140726, start_date=20250311T140800, end_date=20250311T141002
[2025-03-11T14:10:02.705+0000] {logging_mixin.py:190} INFO - Task instance in success state
[2025-03-11T14:10:02.713+0000] {logging_mixin.py:190} INFO -  Previous state of the Task instance: running
[2025-03-11T14:10:02.717+0000] {logging_mixin.py:190} INFO - Dag name:tiki_extract_dag queued_at:2025-03-11 14:07:27.008557+00:00
[2025-03-11T14:10:02.724+0000] {logging_mixin.py:190} INFO - Task hostname:5c8190d7da62 operator:PythonOperator
[2025-03-11T14:10:03.255+0000] {local_task_job_runner.py:266} INFO - Task exited with return code 0
[2025-03-11T14:10:03.960+0000] {taskinstance.py:3901} INFO - 0 downstream tasks scheduled from follow-on schedule check
[2025-03-11T14:10:03.970+0000] {local_task_job_runner.py:245} INFO - ::endgroup::
