[2025-03-09T10:47:15.545+0000] {local_task_job_runner.py:123} INFO - ::group::Pre task execution logs
[2025-03-09T10:47:15.589+0000] {taskinstance.py:2614} INFO - Dependencies all met for dep_context=non-requeueable deps ti=<TaskInstance: tiki_etl_orchestration.trigger_extract manual__2025-03-09T10:47:08.485227+00:00 [queued]>
[2025-03-09T10:47:15.611+0000] {taskinstance.py:2614} INFO - Dependencies all met for dep_context=requeueable deps ti=<TaskInstance: tiki_etl_orchestration.trigger_extract manual__2025-03-09T10:47:08.485227+00:00 [queued]>
[2025-03-09T10:47:15.614+0000] {taskinstance.py:2867} INFO - Starting attempt 1 of 1
[2025-03-09T10:47:15.909+0000] {taskinstance.py:2890} INFO - Executing <Task(TriggerDagRunOperator): trigger_extract> on 2025-03-09 10:47:08.485227+00:00
[2025-03-09T10:47:15.941+0000] {warnings.py:112} WARNING - /home/***/.local/lib/python3.12/site-packages/***/task/task_runner/standard_task_runner.py:70: DeprecationWarning: This process (pid=80) is multi-threaded, use of fork() may lead to deadlocks in the child.
  pid = os.fork()

[2025-03-09T10:47:15.945+0000] {standard_task_runner.py:72} INFO - Started process 82 to run task
[2025-03-09T10:47:15.946+0000] {standard_task_runner.py:104} INFO - Running: ['***', 'tasks', 'run', 'tiki_etl_orchestration', 'trigger_extract', 'manual__2025-03-09T10:47:08.485227+00:00', '--job-id', '123', '--raw', '--subdir', 'DAGS_FOLDER/tiki_etl_orchestration.py', '--cfg-path', '/tmp/tmppuxa0cju']
[2025-03-09T10:47:15.949+0000] {standard_task_runner.py:105} INFO - Job 123: Subtask trigger_extract
[2025-03-09T10:47:16.050+0000] {task_command.py:467} INFO - Running <TaskInstance: tiki_etl_orchestration.trigger_extract manual__2025-03-09T10:47:08.485227+00:00 [running]> on host 4dc18dee7126
[2025-03-09T10:47:16.252+0000] {taskinstance.py:3134} INFO - Exporting env vars: AIRFLOW_CTX_DAG_OWNER='***' AIRFLOW_CTX_DAG_ID='tiki_etl_orchestration' AIRFLOW_CTX_TASK_ID='trigger_extract' AIRFLOW_CTX_EXECUTION_DATE='2025-03-09T10:47:08.485227+00:00' AIRFLOW_CTX_TRY_NUMBER='1' AIRFLOW_CTX_DAG_RUN_ID='manual__2025-03-09T10:47:08.485227+00:00'
[2025-03-09T10:47:16.254+0000] {taskinstance.py:3204} ERROR - Failed when executing execute callback
Traceback (most recent call last):
  File "/home/airflow/.local/lib/python3.12/site-packages/airflow/models/taskinstance.py", line 3202, in _run_execute_callback
    callback(context)
TypeError: push_execution_date() missing 1 required positional argument: 'dag_run_obj'
[2025-03-09T10:47:16.256+0000] {logging_mixin.py:190} INFO - Task instance is in running state
[2025-03-09T10:47:16.257+0000] {logging_mixin.py:190} INFO -  Previous state of the Task instance: queued
[2025-03-09T10:47:16.258+0000] {logging_mixin.py:190} INFO - Current task name:trigger_extract state:running start_date:2025-03-09 10:47:15.591191+00:00
[2025-03-09T10:47:16.259+0000] {logging_mixin.py:190} INFO - Dag name:tiki_etl_orchestration and current dag run status:running
[2025-03-09T10:47:16.260+0000] {taskinstance.py:732} INFO - ::endgroup::
[2025-03-09T10:47:16.426+0000] {trigger_dagrun.py:257} INFO - Waiting for tiki_extract_dag on 2025-03-09 10:47:16.261763+00:00 to become allowed state ['success'] ...
[2025-03-09T10:47:26.446+0000] {trigger_dagrun.py:257} INFO - Waiting for tiki_extract_dag on 2025-03-09 10:47:16.261763+00:00 to become allowed state ['success'] ...
[2025-03-09T10:47:36.463+0000] {trigger_dagrun.py:257} INFO - Waiting for tiki_extract_dag on 2025-03-09 10:47:16.261763+00:00 to become allowed state ['success'] ...
[2025-03-09T10:47:46.476+0000] {trigger_dagrun.py:257} INFO - Waiting for tiki_extract_dag on 2025-03-09 10:47:16.261763+00:00 to become allowed state ['success'] ...
[2025-03-09T10:47:56.492+0000] {trigger_dagrun.py:257} INFO - Waiting for tiki_extract_dag on 2025-03-09 10:47:16.261763+00:00 to become allowed state ['success'] ...
[2025-03-09T10:48:06.510+0000] {trigger_dagrun.py:257} INFO - Waiting for tiki_extract_dag on 2025-03-09 10:47:16.261763+00:00 to become allowed state ['success'] ...
[2025-03-09T10:48:16.525+0000] {trigger_dagrun.py:257} INFO - Waiting for tiki_extract_dag on 2025-03-09 10:47:16.261763+00:00 to become allowed state ['success'] ...
[2025-03-09T10:48:26.540+0000] {trigger_dagrun.py:257} INFO - Waiting for tiki_extract_dag on 2025-03-09 10:47:16.261763+00:00 to become allowed state ['success'] ...
[2025-03-09T10:48:36.557+0000] {trigger_dagrun.py:257} INFO - Waiting for tiki_extract_dag on 2025-03-09 10:47:16.261763+00:00 to become allowed state ['success'] ...
[2025-03-09T10:48:46.570+0000] {trigger_dagrun.py:257} INFO - Waiting for tiki_extract_dag on 2025-03-09 10:47:16.261763+00:00 to become allowed state ['success'] ...
[2025-03-09T10:48:56.587+0000] {trigger_dagrun.py:257} INFO - Waiting for tiki_extract_dag on 2025-03-09 10:47:16.261763+00:00 to become allowed state ['success'] ...
[2025-03-09T10:49:06.605+0000] {trigger_dagrun.py:257} INFO - Waiting for tiki_extract_dag on 2025-03-09 10:47:16.261763+00:00 to become allowed state ['success'] ...
[2025-03-09T10:49:16.621+0000] {trigger_dagrun.py:257} INFO - Waiting for tiki_extract_dag on 2025-03-09 10:47:16.261763+00:00 to become allowed state ['success'] ...
[2025-03-09T10:49:26.638+0000] {trigger_dagrun.py:257} INFO - Waiting for tiki_extract_dag on 2025-03-09 10:47:16.261763+00:00 to become allowed state ['success'] ...
[2025-03-09T10:49:36.655+0000] {trigger_dagrun.py:257} INFO - Waiting for tiki_extract_dag on 2025-03-09 10:47:16.261763+00:00 to become allowed state ['success'] ...
[2025-03-09T10:49:46.668+0000] {trigger_dagrun.py:257} INFO - Waiting for tiki_extract_dag on 2025-03-09 10:47:16.261763+00:00 to become allowed state ['success'] ...
[2025-03-09T10:49:56.682+0000] {trigger_dagrun.py:257} INFO - Waiting for tiki_extract_dag on 2025-03-09 10:47:16.261763+00:00 to become allowed state ['success'] ...
[2025-03-09T10:50:06.699+0000] {trigger_dagrun.py:257} INFO - Waiting for tiki_extract_dag on 2025-03-09 10:47:16.261763+00:00 to become allowed state ['success'] ...
[2025-03-09T10:50:16.714+0000] {trigger_dagrun.py:257} INFO - Waiting for tiki_extract_dag on 2025-03-09 10:47:16.261763+00:00 to become allowed state ['success'] ...
[2025-03-09T10:50:26.730+0000] {trigger_dagrun.py:257} INFO - Waiting for tiki_extract_dag on 2025-03-09 10:47:16.261763+00:00 to become allowed state ['success'] ...
[2025-03-09T10:50:36.745+0000] {trigger_dagrun.py:257} INFO - Waiting for tiki_extract_dag on 2025-03-09 10:47:16.261763+00:00 to become allowed state ['success'] ...
[2025-03-09T10:50:46.760+0000] {trigger_dagrun.py:257} INFO - Waiting for tiki_extract_dag on 2025-03-09 10:47:16.261763+00:00 to become allowed state ['success'] ...
[2025-03-09T10:50:56.774+0000] {trigger_dagrun.py:271} INFO - tiki_extract_dag finished with allowed state success
[2025-03-09T10:50:56.796+0000] {taskinstance.py:341} INFO - ::group::Post task execution logs
[2025-03-09T10:50:56.797+0000] {taskinstance.py:353} INFO - Marking task as SUCCESS. dag_id=tiki_etl_orchestration, task_id=trigger_extract, run_id=manual__2025-03-09T10:47:08.485227+00:00, execution_date=20250309T104708, start_date=20250309T104715, end_date=20250309T105056
[2025-03-09T10:50:56.849+0000] {logging_mixin.py:190} INFO - Task instance in success state
[2025-03-09T10:50:56.850+0000] {logging_mixin.py:190} INFO -  Previous state of the Task instance: running
[2025-03-09T10:50:56.851+0000] {logging_mixin.py:190} INFO - Dag name:tiki_etl_orchestration queued_at:2025-03-09 10:47:09.317578+00:00
[2025-03-09T10:50:56.852+0000] {logging_mixin.py:190} INFO - Task hostname:4dc18dee7126 operator:TriggerDagRunOperator
[2025-03-09T10:50:56.912+0000] {local_task_job_runner.py:266} INFO - Task exited with return code 0
[2025-03-09T10:50:56.982+0000] {taskinstance.py:3901} INFO - 1 downstream tasks scheduled from follow-on schedule check
[2025-03-09T10:50:56.986+0000] {local_task_job_runner.py:245} INFO - ::endgroup::
