[2025-03-10T10:10:03.487+0000] {local_task_job_runner.py:123} INFO - ::group::Pre task execution logs
[2025-03-10T10:10:03.557+0000] {taskinstance.py:2614} INFO - Dependencies all met for dep_context=non-requeueable deps ti=<TaskInstance: tiki_extract_dag.crawl_do-choi-me-be manual__2025-03-10T09:17:11.640176+00:00 [queued]>
[2025-03-10T10:10:03.599+0000] {taskinstance.py:2614} INFO - Dependencies all met for dep_context=requeueable deps ti=<TaskInstance: tiki_extract_dag.crawl_do-choi-me-be manual__2025-03-10T09:17:11.640176+00:00 [queued]>
[2025-03-10T10:10:03.601+0000] {taskinstance.py:2867} INFO - Starting attempt 1 of 4
[2025-03-10T10:10:03.732+0000] {taskinstance.py:2890} INFO - Executing <Task(PythonOperator): crawl_do-choi-me-be> on 2025-03-10 09:17:11.640176+00:00
[2025-03-10T10:10:03.813+0000] {warnings.py:112} WARNING - /home/***/.local/lib/python3.12/site-packages/***/task/task_runner/standard_task_runner.py:70: DeprecationWarning: This process (pid=2410) is multi-threaded, use of fork() may lead to deadlocks in the child.
  pid = os.fork()

[2025-03-10T10:10:03.813+0000] {standard_task_runner.py:104} INFO - Running: ['***', 'tasks', 'run', 'tiki_extract_dag', 'crawl_do-choi-me-be', 'manual__2025-03-10T09:17:11.640176+00:00', '--job-id', '398', '--raw', '--subdir', 'DAGS_FOLDER/tiki_extract_dag.py', '--cfg-path', '/tmp/tmpth2oco5i']
[2025-03-10T10:10:03.827+0000] {standard_task_runner.py:72} INFO - Started process 2444 to run task
[2025-03-10T10:10:03.828+0000] {standard_task_runner.py:105} INFO - Job 398: Subtask crawl_do-choi-me-be
[2025-03-10T10:10:04.120+0000] {task_command.py:467} INFO - Running <TaskInstance: tiki_extract_dag.crawl_do-choi-me-be manual__2025-03-10T09:17:11.640176+00:00 [running]> on host c77555d100c4
[2025-03-10T10:10:08.113+0000] {taskinstance.py:3134} INFO - Exporting env vars: AIRFLOW_CTX_DAG_OWNER='***' AIRFLOW_CTX_DAG_ID='tiki_extract_dag' AIRFLOW_CTX_TASK_ID='crawl_do-choi-me-be' AIRFLOW_CTX_EXECUTION_DATE='2025-03-10T09:17:11.640176+00:00' AIRFLOW_CTX_TRY_NUMBER='1' AIRFLOW_CTX_DAG_RUN_ID='manual__2025-03-10T09:17:11.640176+00:00'
[2025-03-10T10:10:08.116+0000] {logging_mixin.py:190} INFO - Task instance is in running state
[2025-03-10T10:10:08.117+0000] {logging_mixin.py:190} INFO -  Previous state of the Task instance: queued
[2025-03-10T10:10:08.118+0000] {logging_mixin.py:190} INFO - Current task name:crawl_do-choi-me-be state:running start_date:2025-03-10 10:10:03.559202+00:00
[2025-03-10T10:10:08.119+0000] {logging_mixin.py:190} INFO - Dag name:tiki_extract_dag and current dag run status:running
[2025-03-10T10:10:08.120+0000] {taskinstance.py:732} INFO - ::endgroup::
[2025-03-10T10:10:12.201+0000] {tiki_extract_dag.py:132} INFO - Starting crawl for category do-choi-me-be (ID: 2549)
[2025-03-10T10:10:12.202+0000] {tiki_extract_dag.py:134} INFO - Calling API: https://tiki.vn/api/v2/products with params: {'page': 1, 'limit': 50, 'category': '2549'}
[2025-03-10T10:10:13.825+0000] {tiki_extract_dag.py:143} INFO - Total pages for do-choi-me-be: 50 (limited to 50)
[2025-03-10T10:10:36.534+0000] {connectionpool.py:868} WARNING - Retrying (Retry(total=4, connect=5, read=4, redirect=None, status=None)) after connection broken by 'ReadTimeoutError("HTTPSConnectionPool(host='tiki.vn', port=443): Read timed out. (read timeout=15)")': /api/v2/products/276081279
[2025-03-10T10:10:43.078+0000] {job.py:229} INFO - Heartbeat recovered after 27.03 seconds
[2025-03-10T10:11:15.830+0000] {connectionpool.py:868} WARNING - Retrying (Retry(total=3, connect=5, read=4, redirect=None, status=None)) after connection broken by 'ReadTimeoutError("HTTPSConnectionPool(host='tiki.vn', port=443): Read timed out. (read timeout=15)")': /api/v2/products/274091852
[2025-03-10T10:11:17.070+0000] {job.py:229} INFO - Heartbeat recovered after 20.72 seconds
[2025-03-10T10:11:40.304+0000] {tiki_extract_dag.py:119} ERROR - Error fetching details for product 159387940: Expecting value: line 1 column 1 (char 0)
[2025-03-10T10:11:40.473+0000] {tiki_extract_dag.py:119} ERROR - Error fetching details for product 117836946: Expecting value: line 1 column 1 (char 0)
[2025-03-10T10:11:40.637+0000] {tiki_extract_dag.py:119} ERROR - Error fetching details for product 114958267: Expecting value: line 1 column 1 (char 0)
[2025-03-10T10:11:40.801+0000] {tiki_extract_dag.py:119} ERROR - Error fetching details for product 95082968: Expecting value: line 1 column 1 (char 0)
[2025-03-10T10:11:40.944+0000] {tiki_extract_dag.py:119} ERROR - Error fetching details for product 88949156: Expecting value: line 1 column 1 (char 0)
[2025-03-10T10:11:41.083+0000] {tiki_extract_dag.py:119} ERROR - Error fetching details for product 68268748: Expecting value: line 1 column 1 (char 0)
[2025-03-10T10:11:41.239+0000] {tiki_extract_dag.py:119} ERROR - Error fetching details for product 59143353: Expecting value: line 1 column 1 (char 0)
[2025-03-10T10:11:41.379+0000] {tiki_extract_dag.py:119} ERROR - Error fetching details for product 57044926: Expecting value: line 1 column 1 (char 0)
[2025-03-10T10:11:41.520+0000] {tiki_extract_dag.py:119} ERROR - Error fetching details for product 34537694: Expecting value: line 1 column 1 (char 0)
[2025-03-10T10:11:41.664+0000] {tiki_extract_dag.py:119} ERROR - Error fetching details for product 24028050: Expecting value: line 1 column 1 (char 0)
[2025-03-10T10:11:41.808+0000] {tiki_extract_dag.py:119} ERROR - Error fetching details for product 17888580: Expecting value: line 1 column 1 (char 0)
[2025-03-10T10:11:41.945+0000] {tiki_extract_dag.py:119} ERROR - Error fetching details for product 7827140: Expecting value: line 1 column 1 (char 0)
[2025-03-10T10:11:42.083+0000] {tiki_extract_dag.py:119} ERROR - Error fetching details for product 1000540: Expecting value: line 1 column 1 (char 0)
[2025-03-10T10:11:42.241+0000] {tiki_extract_dag.py:119} ERROR - Error fetching details for product 1000532: Expecting value: line 1 column 1 (char 0)
[2025-03-10T10:11:42.245+0000] {tiki_extract_dag.py:156} INFO - Calling API: https://tiki.vn/api/v2/products with params: {'page': 2, 'limit': 50, 'category': '2549'}
[2025-03-10T10:11:42.402+0000] {tiki_extract_dag.py:178} ERROR - API error at page 2 in category do-choi-me-be: Expecting value: line 1 column 1 (char 0)
[2025-03-10T10:11:47.553+0000] {tiki_extract_dag.py:50} INFO - Updated crawled products at tiki-pipeline/tiki_crawled/crawled_products.json
[2025-03-10T10:11:47.555+0000] {tiki_extract_dag.py:192} INFO - Uploaded raw data to tiki-pipeline/raw_data/do-choi-me-be_20250310_101142.json, total items: 40
[2025-03-10T10:11:47.913+0000] {tiki_extract_dag.py:204} INFO - Saved metadata to tiki-pipeline/metadata/do-choi-me-be_extract_run_metadata_20250310_101142.json
[2025-03-10T10:11:47.921+0000] {python.py:240} INFO - Done. Returned value was: None
[2025-03-10T10:11:48.276+0000] {taskinstance.py:341} INFO - ::group::Post task execution logs
[2025-03-10T10:11:48.286+0000] {taskinstance.py:353} INFO - Marking task as SUCCESS. dag_id=tiki_extract_dag, task_id=crawl_do-choi-me-be, run_id=manual__2025-03-10T09:17:11.640176+00:00, execution_date=20250310T091711, start_date=20250310T101003, end_date=20250310T101148
[2025-03-10T10:11:48.621+0000] {logging_mixin.py:190} INFO - Task instance in success state
[2025-03-10T10:11:48.627+0000] {logging_mixin.py:190} INFO -  Previous state of the Task instance: running
[2025-03-10T10:11:48.630+0000] {logging_mixin.py:190} INFO - Dag name:tiki_extract_dag queued_at:2025-03-10 09:17:11.667672+00:00
[2025-03-10T10:11:48.631+0000] {logging_mixin.py:190} INFO - Task hostname:c77555d100c4 operator:PythonOperator
[2025-03-10T10:11:48.837+0000] {local_task_job_runner.py:266} INFO - Task exited with return code 0
[2025-03-10T10:11:49.122+0000] {taskinstance.py:3901} INFO - 0 downstream tasks scheduled from follow-on schedule check
[2025-03-10T10:11:49.129+0000] {local_task_job_runner.py:245} INFO - ::endgroup::
