[2025-03-10T10:38:53.521+0000] {local_task_job_runner.py:123} INFO - ::group::Pre task execution logs
[2025-03-10T10:38:53.772+0000] {taskinstance.py:2614} INFO - Dependencies all met for dep_context=non-requeueable deps ti=<TaskInstance: tiki_extract_dag.crawl_laptop-may-vi-tinh-linh-kien manual__2025-03-10T10:33:29.927545+00:00 [queued]>
[2025-03-10T10:38:53.840+0000] {taskinstance.py:2614} INFO - Dependencies all met for dep_context=requeueable deps ti=<TaskInstance: tiki_extract_dag.crawl_laptop-may-vi-tinh-linh-kien manual__2025-03-10T10:33:29.927545+00:00 [queued]>
[2025-03-10T10:38:53.842+0000] {taskinstance.py:2867} INFO - Starting attempt 1 of 4
[2025-03-10T10:38:53.940+0000] {taskinstance.py:2890} INFO - Executing <Task(PythonOperator): crawl_laptop-may-vi-tinh-linh-kien> on 2025-03-10 10:33:29.927545+00:00
[2025-03-10T10:38:54.186+0000] {warnings.py:112} WARNING - /home/***/.local/lib/python3.12/site-packages/***/task/task_runner/standard_task_runner.py:70: DeprecationWarning: This process (pid=184) is multi-threaded, use of fork() may lead to deadlocks in the child.
  pid = os.fork()

[2025-03-10T10:38:54.208+0000] {standard_task_runner.py:72} INFO - Started process 224 to run task
[2025-03-10T10:38:54.330+0000] {standard_task_runner.py:104} INFO - Running: ['***', 'tasks', 'run', 'tiki_extract_dag', 'crawl_laptop-may-vi-tinh-linh-kien', 'manual__2025-03-10T10:33:29.927545+00:00', '--job-id', '461', '--raw', '--subdir', 'DAGS_FOLDER/tiki_extract_dag.py', '--cfg-path', '/tmp/tmpx2vbv7cc']
[2025-03-10T10:38:54.339+0000] {standard_task_runner.py:105} INFO - Job 461: Subtask crawl_laptop-may-vi-tinh-linh-kien
[2025-03-10T10:38:54.979+0000] {task_command.py:467} INFO - Running <TaskInstance: tiki_extract_dag.crawl_laptop-may-vi-tinh-linh-kien manual__2025-03-10T10:33:29.927545+00:00 [running]> on host 0c9fb3f19112
[2025-03-10T10:39:03.953+0000] {taskinstance.py:3134} INFO - Exporting env vars: AIRFLOW_CTX_DAG_OWNER='***' AIRFLOW_CTX_DAG_ID='tiki_extract_dag' AIRFLOW_CTX_TASK_ID='crawl_laptop-may-vi-tinh-linh-kien' AIRFLOW_CTX_EXECUTION_DATE='2025-03-10T10:33:29.927545+00:00' AIRFLOW_CTX_TRY_NUMBER='1' AIRFLOW_CTX_DAG_RUN_ID='manual__2025-03-10T10:33:29.927545+00:00'
[2025-03-10T10:39:03.975+0000] {logging_mixin.py:190} INFO - Task instance is in running state
[2025-03-10T10:39:03.981+0000] {logging_mixin.py:190} INFO -  Previous state of the Task instance: queued
[2025-03-10T10:39:03.988+0000] {logging_mixin.py:190} INFO - Current task name:crawl_laptop-may-vi-tinh-linh-kien state:running start_date:2025-03-10 10:38:53.781958+00:00
[2025-03-10T10:39:03.989+0000] {logging_mixin.py:190} INFO - Dag name:tiki_extract_dag and current dag run status:running
[2025-03-10T10:39:04.004+0000] {taskinstance.py:732} INFO - ::endgroup::
[2025-03-10T10:39:10.551+0000] {tiki_extract_dag.py:132} INFO - Starting crawl for category laptop-may-vi-tinh-linh-kien (ID: 1846)
[2025-03-10T10:39:10.553+0000] {tiki_extract_dag.py:134} INFO - Calling API: https://tiki.vn/api/v2/products with params: {'page': 1, 'limit': 40, 'category': '1846'}
[2025-03-10T10:39:11.257+0000] {tiki_extract_dag.py:143} INFO - Total pages for laptop-may-vi-tinh-linh-kien: 50 (limited to 50)
[2025-03-10T10:39:35.597+0000] {connectionpool.py:868} WARNING - Retrying (Retry(total=3, connect=5, read=4, redirect=None, status=None)) after connection broken by 'ReadTimeoutError("HTTPSConnectionPool(host='tiki.vn', port=443): Read timed out. (read timeout=15)")': /api/v2/products/192208694
[2025-03-10T10:39:36.840+0000] {job.py:229} INFO - Heartbeat recovered after 20.52 seconds
[2025-03-10T10:39:54.571+0000] {connectionpool.py:868} WARNING - Retrying (Retry(total=4, connect=4, read=5, redirect=None, status=None)) after connection broken by 'NameResolutionError("<urllib3.connection.HTTPSConnection object at 0x7f8e6732b7d0>: Failed to resolve 'maintenance.tiki.vn' ([Errno -3] Temporary failure in name resolution)")': /
[2025-03-10T10:40:04.194+0000] {job.py:229} INFO - Heartbeat recovered after 21.88 seconds
[2025-03-10T10:40:04.740+0000] {tiki_extract_dag.py:119} ERROR - Error fetching details for product 174593821: Expecting value: line 1 column 1 (char 0)
[2025-03-10T10:40:04.918+0000] {tiki_extract_dag.py:119} ERROR - Error fetching details for product 146012358: Expecting value: line 1 column 1 (char 0)
[2025-03-10T10:40:05.078+0000] {tiki_extract_dag.py:119} ERROR - Error fetching details for product 143741572: Expecting value: line 1 column 1 (char 0)
[2025-03-10T10:40:05.239+0000] {tiki_extract_dag.py:119} ERROR - Error fetching details for product 142459136: Expecting value: line 1 column 1 (char 0)
[2025-03-10T10:40:05.383+0000] {tiki_extract_dag.py:119} ERROR - Error fetching details for product 138481685: Expecting value: line 1 column 1 (char 0)
[2025-03-10T10:40:05.556+0000] {tiki_extract_dag.py:119} ERROR - Error fetching details for product 134561311: Expecting value: line 1 column 1 (char 0)
[2025-03-10T10:40:05.709+0000] {tiki_extract_dag.py:119} ERROR - Error fetching details for product 107360880: Expecting value: line 1 column 1 (char 0)
[2025-03-10T10:40:05.857+0000] {tiki_extract_dag.py:119} ERROR - Error fetching details for product 100625195: Expecting value: line 1 column 1 (char 0)
[2025-03-10T10:40:05.998+0000] {tiki_extract_dag.py:119} ERROR - Error fetching details for product 86123397: Expecting value: line 1 column 1 (char 0)
[2025-03-10T10:40:06.154+0000] {tiki_extract_dag.py:119} ERROR - Error fetching details for product 80799408: Expecting value: line 1 column 1 (char 0)
[2025-03-10T10:40:06.309+0000] {tiki_extract_dag.py:119} ERROR - Error fetching details for product 78020993: Expecting value: line 1 column 1 (char 0)
[2025-03-10T10:40:06.466+0000] {tiki_extract_dag.py:119} ERROR - Error fetching details for product 76283023: Expecting value: line 1 column 1 (char 0)
[2025-03-10T10:40:06.622+0000] {tiki_extract_dag.py:119} ERROR - Error fetching details for product 76181490: Expecting value: line 1 column 1 (char 0)
[2025-03-10T10:40:06.769+0000] {tiki_extract_dag.py:119} ERROR - Error fetching details for product 76054860: Expecting value: line 1 column 1 (char 0)
[2025-03-10T10:40:06.918+0000] {tiki_extract_dag.py:119} ERROR - Error fetching details for product 74561661: Expecting value: line 1 column 1 (char 0)
[2025-03-10T10:40:07.062+0000] {tiki_extract_dag.py:119} ERROR - Error fetching details for product 74547194: Expecting value: line 1 column 1 (char 0)
[2025-03-10T10:40:07.208+0000] {tiki_extract_dag.py:119} ERROR - Error fetching details for product 73312665: Expecting value: line 1 column 1 (char 0)
[2025-03-10T10:40:07.355+0000] {tiki_extract_dag.py:119} ERROR - Error fetching details for product 68828151: Expecting value: line 1 column 1 (char 0)
[2025-03-10T10:40:07.595+0000] {tiki_extract_dag.py:119} ERROR - Error fetching details for product 59251056: Expecting value: line 1 column 1 (char 0)
[2025-03-10T10:40:07.764+0000] {tiki_extract_dag.py:119} ERROR - Error fetching details for product 53080935: Expecting value: line 1 column 1 (char 0)
[2025-03-10T10:40:07.957+0000] {tiki_extract_dag.py:119} ERROR - Error fetching details for product 53056161: Expecting value: line 1 column 1 (char 0)
[2025-03-10T10:40:08.133+0000] {tiki_extract_dag.py:119} ERROR - Error fetching details for product 42561594: Expecting value: line 1 column 1 (char 0)
[2025-03-10T10:40:08.401+0000] {tiki_extract_dag.py:119} ERROR - Error fetching details for product 10001369: Expecting value: line 1 column 1 (char 0)
[2025-03-10T10:40:17.328+0000] {tiki_extract_dag.py:119} ERROR - Error fetching details for product 6910261: Expecting value: line 1 column 1 (char 0)
[2025-03-10T10:40:29.031+0000] {job.py:229} INFO - Heartbeat recovered after 24.85 seconds
[2025-03-10T10:40:30.475+0000] {tiki_extract_dag.py:156} INFO - Calling API: https://tiki.vn/api/v2/products with params: {'page': 2, 'limit': 40, 'category': '1846'}
[2025-03-10T10:40:35.602+0000] {tiki_extract_dag.py:119} ERROR - Error fetching details for product 276073868: Expecting value: line 1 column 1 (char 0)
[2025-03-10T10:40:35.755+0000] {tiki_extract_dag.py:119} ERROR - Error fetching details for product 275670328: Expecting value: line 1 column 1 (char 0)
[2025-03-10T10:40:35.911+0000] {tiki_extract_dag.py:119} ERROR - Error fetching details for product 275621669: Expecting value: line 1 column 1 (char 0)
[2025-03-10T10:40:36.061+0000] {tiki_extract_dag.py:119} ERROR - Error fetching details for product 275196131: Expecting value: line 1 column 1 (char 0)
[2025-03-10T10:40:36.222+0000] {tiki_extract_dag.py:119} ERROR - Error fetching details for product 275190023: Expecting value: line 1 column 1 (char 0)
[2025-03-10T10:40:36.370+0000] {tiki_extract_dag.py:119} ERROR - Error fetching details for product 274402217: Expecting value: line 1 column 1 (char 0)
[2025-03-10T10:40:36.522+0000] {tiki_extract_dag.py:119} ERROR - Error fetching details for product 273695405: Expecting value: line 1 column 1 (char 0)
[2025-03-10T10:40:36.675+0000] {tiki_extract_dag.py:119} ERROR - Error fetching details for product 253721467: Expecting value: line 1 column 1 (char 0)
[2025-03-10T10:40:36.850+0000] {tiki_extract_dag.py:119} ERROR - Error fetching details for product 225288953: Expecting value: line 1 column 1 (char 0)
[2025-03-10T10:40:36.996+0000] {tiki_extract_dag.py:119} ERROR - Error fetching details for product 194134411: Expecting value: line 1 column 1 (char 0)
[2025-03-10T10:40:37.141+0000] {tiki_extract_dag.py:119} ERROR - Error fetching details for product 191918608: Expecting value: line 1 column 1 (char 0)
[2025-03-10T10:40:37.288+0000] {tiki_extract_dag.py:119} ERROR - Error fetching details for product 165588636: Expecting value: line 1 column 1 (char 0)
[2025-03-10T10:40:37.437+0000] {tiki_extract_dag.py:119} ERROR - Error fetching details for product 157504855: Expecting value: line 1 column 1 (char 0)
[2025-03-10T10:40:37.581+0000] {tiki_extract_dag.py:119} ERROR - Error fetching details for product 143714177: Expecting value: line 1 column 1 (char 0)
[2025-03-10T10:40:37.725+0000] {tiki_extract_dag.py:119} ERROR - Error fetching details for product 143105681: Expecting value: line 1 column 1 (char 0)
[2025-03-10T10:40:37.870+0000] {tiki_extract_dag.py:119} ERROR - Error fetching details for product 134840301: Expecting value: line 1 column 1 (char 0)
[2025-03-10T10:40:38.035+0000] {tiki_extract_dag.py:119} ERROR - Error fetching details for product 134641513: Expecting value: line 1 column 1 (char 0)
[2025-03-10T10:40:38.185+0000] {tiki_extract_dag.py:119} ERROR - Error fetching details for product 134559638: Expecting value: line 1 column 1 (char 0)
[2025-03-10T10:40:38.334+0000] {tiki_extract_dag.py:119} ERROR - Error fetching details for product 121064379: Expecting value: line 1 column 1 (char 0)
[2025-03-10T10:40:38.482+0000] {tiki_extract_dag.py:119} ERROR - Error fetching details for product 121063802: Expecting value: line 1 column 1 (char 0)
[2025-03-10T10:40:38.631+0000] {tiki_extract_dag.py:119} ERROR - Error fetching details for product 107058325: Expecting value: line 1 column 1 (char 0)
[2025-03-10T10:40:38.787+0000] {tiki_extract_dag.py:119} ERROR - Error fetching details for product 72680847: Expecting value: line 1 column 1 (char 0)
[2025-03-10T10:40:38.939+0000] {tiki_extract_dag.py:119} ERROR - Error fetching details for product 68308284: Expecting value: line 1 column 1 (char 0)
[2025-03-10T10:40:39.084+0000] {tiki_extract_dag.py:119} ERROR - Error fetching details for product 66792707: Expecting value: line 1 column 1 (char 0)
[2025-03-10T10:40:39.233+0000] {tiki_extract_dag.py:119} ERROR - Error fetching details for product 46757834: Expecting value: line 1 column 1 (char 0)
[2025-03-10T10:40:39.385+0000] {tiki_extract_dag.py:119} ERROR - Error fetching details for product 11407472: Expecting value: line 1 column 1 (char 0)
[2025-03-10T10:40:39.531+0000] {tiki_extract_dag.py:119} ERROR - Error fetching details for product 10001349: Expecting value: line 1 column 1 (char 0)
[2025-03-10T10:40:39.676+0000] {tiki_extract_dag.py:119} ERROR - Error fetching details for product 10001324: Expecting value: line 1 column 1 (char 0)
[2025-03-10T10:40:39.853+0000] {tiki_extract_dag.py:119} ERROR - Error fetching details for product 9966450: Expecting value: line 1 column 1 (char 0)
[2025-03-10T10:40:39.997+0000] {tiki_extract_dag.py:119} ERROR - Error fetching details for product 9845151: Expecting value: line 1 column 1 (char 0)
[2025-03-10T10:40:40.153+0000] {tiki_extract_dag.py:119} ERROR - Error fetching details for product 7130317: Expecting value: line 1 column 1 (char 0)
[2025-03-10T10:40:40.302+0000] {tiki_extract_dag.py:119} ERROR - Error fetching details for product 6964171: Expecting value: line 1 column 1 (char 0)
[2025-03-10T10:40:40.448+0000] {tiki_extract_dag.py:119} ERROR - Error fetching details for product 6909331: Expecting value: line 1 column 1 (char 0)
[2025-03-10T10:40:40.595+0000] {tiki_extract_dag.py:119} ERROR - Error fetching details for product 764198: Expecting value: line 1 column 1 (char 0)
[2025-03-10T10:40:40.739+0000] {tiki_extract_dag.py:119} ERROR - Error fetching details for product 708026: Expecting value: line 1 column 1 (char 0)
[2025-03-10T10:40:40.879+0000] {tiki_extract_dag.py:119} ERROR - Error fetching details for product 589301: Expecting value: line 1 column 1 (char 0)
[2025-03-10T10:40:41.025+0000] {tiki_extract_dag.py:119} ERROR - Error fetching details for product 561879: Expecting value: line 1 column 1 (char 0)
[2025-03-10T10:40:41.189+0000] {tiki_extract_dag.py:119} ERROR - Error fetching details for product 459739: Expecting value: line 1 column 1 (char 0)
[2025-03-10T10:40:41.354+0000] {tiki_extract_dag.py:119} ERROR - Error fetching details for product 416911: Expecting value: line 1 column 1 (char 0)
[2025-03-10T10:40:41.355+0000] {tiki_extract_dag.py:175} INFO - Extracted page 2/50 for category laptop-may-vi-tinh-linh-kien, total items: 80
[2025-03-10T10:40:55.221+0000] {tiki_extract_dag.py:156} INFO - Calling API: https://tiki.vn/api/v2/products with params: {'page': 3, 'limit': 40, 'category': '1846'}
[2025-03-10T10:40:55.361+0000] {tiki_extract_dag.py:178} ERROR - API error at page 3 in category laptop-may-vi-tinh-linh-kien: Expecting value: line 1 column 1 (char 0)
[2025-03-10T10:40:59.250+0000] {tiki_extract_dag.py:50} INFO - Updated crawled products at tiki-pipeline/tiki_crawled/crawled_products.json
[2025-03-10T10:40:59.251+0000] {tiki_extract_dag.py:192} INFO - Uploaded raw data to tiki-pipeline/raw_data/laptop-may-vi-tinh-linh-kien_20250310_104055.json, total items: 80
[2025-03-10T10:40:59.832+0000] {tiki_extract_dag.py:204} INFO - Saved metadata to tiki-pipeline/metadata/laptop-may-vi-tinh-linh-kien_extract_run_metadata_20250310_104055.json
[2025-03-10T10:40:59.834+0000] {python.py:240} INFO - Done. Returned value was: None
[2025-03-10T10:40:59.874+0000] {taskinstance.py:341} INFO - ::group::Post task execution logs
[2025-03-10T10:40:59.876+0000] {taskinstance.py:353} INFO - Marking task as SUCCESS. dag_id=tiki_extract_dag, task_id=crawl_laptop-may-vi-tinh-linh-kien, run_id=manual__2025-03-10T10:33:29.927545+00:00, execution_date=20250310T103329, start_date=20250310T103853, end_date=20250310T104059
[2025-03-10T10:40:59.958+0000] {logging_mixin.py:190} INFO - Task instance in success state
[2025-03-10T10:40:59.960+0000] {logging_mixin.py:190} INFO -  Previous state of the Task instance: running
[2025-03-10T10:40:59.961+0000] {logging_mixin.py:190} INFO - Dag name:tiki_extract_dag queued_at:2025-03-10 10:33:30.016202+00:00
[2025-03-10T10:40:59.962+0000] {logging_mixin.py:190} INFO - Task hostname:0c9fb3f19112 operator:PythonOperator
[2025-03-10T10:41:00.042+0000] {local_task_job_runner.py:266} INFO - Task exited with return code 0
[2025-03-10T10:41:00.131+0000] {taskinstance.py:3901} INFO - 0 downstream tasks scheduled from follow-on schedule check
[2025-03-10T10:41:00.136+0000] {local_task_job_runner.py:245} INFO - ::endgroup::
