[2025-03-11T17:55:11.749+0000] {local_task_job_runner.py:123} INFO - ::group::Pre task execution logs
[2025-03-11T17:55:11.765+0000] {taskinstance.py:2614} INFO - Dependencies all met for dep_context=non-requeueable deps ti=<TaskInstance: tiki_schema_management_dag.create_dataset_and_tables manual__2025-03-11T17:55:09.169387+00:00 [queued]>
[2025-03-11T17:55:11.774+0000] {taskinstance.py:2614} INFO - Dependencies all met for dep_context=requeueable deps ti=<TaskInstance: tiki_schema_management_dag.create_dataset_and_tables manual__2025-03-11T17:55:09.169387+00:00 [queued]>
[2025-03-11T17:55:11.774+0000] {taskinstance.py:2867} INFO - Starting attempt 1 of 4
[2025-03-11T17:55:11.928+0000] {taskinstance.py:2890} INFO - Executing <Task(PythonOperator): create_dataset_and_tables> on 2025-03-11 17:55:09.169387+00:00
[2025-03-11T17:55:11.936+0000] {warnings.py:112} WARNING - /home/***/.local/lib/python3.12/site-packages/***/task/task_runner/standard_task_runner.py:70: DeprecationWarning: This process (pid=1136) is multi-threaded, use of fork() may lead to deadlocks in the child.
  pid = os.fork()

[2025-03-11T17:55:11.937+0000] {standard_task_runner.py:72} INFO - Started process 1138 to run task
[2025-03-11T17:55:11.938+0000] {standard_task_runner.py:104} INFO - Running: ['***', 'tasks', 'run', 'tiki_schema_management_dag', 'create_dataset_and_tables', 'manual__2025-03-11T17:55:09.169387+00:00', '--job-id', '622', '--raw', '--subdir', 'DAGS_FOLDER/tiki_schema_management_dag.py', '--cfg-path', '/tmp/tmpqnosschv']
[2025-03-11T17:55:11.939+0000] {standard_task_runner.py:105} INFO - Job 622: Subtask create_dataset_and_tables
[2025-03-11T17:55:11.981+0000] {task_command.py:467} INFO - Running <TaskInstance: tiki_schema_management_dag.create_dataset_and_tables manual__2025-03-11T17:55:09.169387+00:00 [running]> on host 5c8190d7da62
[2025-03-11T17:55:12.061+0000] {taskinstance.py:3134} INFO - Exporting env vars: AIRFLOW_CTX_DAG_OWNER='***' AIRFLOW_CTX_DAG_ID='tiki_schema_management_dag' AIRFLOW_CTX_TASK_ID='create_dataset_and_tables' AIRFLOW_CTX_EXECUTION_DATE='2025-03-11T17:55:09.169387+00:00' AIRFLOW_CTX_TRY_NUMBER='1' AIRFLOW_CTX_DAG_RUN_ID='manual__2025-03-11T17:55:09.169387+00:00'
[2025-03-11T17:55:12.063+0000] {logging_mixin.py:190} INFO - Task instance is in running state
[2025-03-11T17:55:12.063+0000] {logging_mixin.py:190} INFO -  Previous state of the Task instance: queued
[2025-03-11T17:55:12.064+0000] {logging_mixin.py:190} INFO - Current task name:create_dataset_and_tables state:running start_date:2025-03-11 17:55:11.766055+00:00
[2025-03-11T17:55:12.064+0000] {logging_mixin.py:190} INFO - Dag name:tiki_schema_management_dag and current dag run status:running
[2025-03-11T17:55:12.065+0000] {taskinstance.py:732} INFO - ::endgroup::
[2025-03-11T17:55:13.675+0000] {tiki_schema_management_dag.py:27} INFO - Dataset tiki_data already exists
[2025-03-11T17:55:14.515+0000] {tiki_schema_management_dag.py:104} INFO - Created table Fact_Sales with schema
[2025-03-11T17:55:15.305+0000] {tiki_schema_management_dag.py:104} INFO - Created table Dim_Product with schema
[2025-03-11T17:55:16.176+0000] {tiki_schema_management_dag.py:104} INFO - Created table Dim_Seller with schema
[2025-03-11T17:55:17.026+0000] {tiki_schema_management_dag.py:104} INFO - Created table Dim_Category with schema
[2025-03-11T17:55:17.783+0000] {tiki_schema_management_dag.py:104} INFO - Created table Dim_Brand with schema
[2025-03-11T17:55:17.784+0000] {python.py:240} INFO - Done. Returned value was: None
[2025-03-11T17:55:17.795+0000] {taskinstance.py:341} INFO - ::group::Post task execution logs
[2025-03-11T17:55:17.795+0000] {taskinstance.py:353} INFO - Marking task as SUCCESS. dag_id=tiki_schema_management_dag, task_id=create_dataset_and_tables, run_id=manual__2025-03-11T17:55:09.169387+00:00, execution_date=20250311T175509, start_date=20250311T175511, end_date=20250311T175517
[2025-03-11T17:55:17.818+0000] {logging_mixin.py:190} INFO - Task instance in success state
[2025-03-11T17:55:17.819+0000] {logging_mixin.py:190} INFO -  Previous state of the Task instance: running
[2025-03-11T17:55:17.819+0000] {logging_mixin.py:190} INFO - Dag name:tiki_schema_management_dag queued_at:2025-03-11 17:55:09.214342+00:00
[2025-03-11T17:55:17.820+0000] {logging_mixin.py:190} INFO - Task hostname:5c8190d7da62 operator:PythonOperator
[2025-03-11T17:55:17.861+0000] {local_task_job_runner.py:266} INFO - Task exited with return code 0
[2025-03-11T17:55:17.876+0000] {taskinstance.py:3901} INFO - 0 downstream tasks scheduled from follow-on schedule check
[2025-03-11T17:55:17.879+0000] {local_task_job_runner.py:245} INFO - ::endgroup::
