[2025-03-11T18:29:31.582+0000] {local_task_job_runner.py:123} INFO - ::group::Pre task execution logs
[2025-03-11T18:29:31.604+0000] {taskinstance.py:2614} INFO - Dependencies all met for dep_context=non-requeueable deps ti=<TaskInstance: tiki_transform_dag.transform_data manual__2025-03-11T18:29:27.438971+00:00 [queued]>
[2025-03-11T18:29:31.615+0000] {taskinstance.py:2614} INFO - Dependencies all met for dep_context=requeueable deps ti=<TaskInstance: tiki_transform_dag.transform_data manual__2025-03-11T18:29:27.438971+00:00 [queued]>
[2025-03-11T18:29:31.616+0000] {taskinstance.py:2867} INFO - Starting attempt 1 of 4
[2025-03-11T18:29:31.634+0000] {taskinstance.py:2890} INFO - Executing <Task(PythonOperator): transform_data> on 2025-03-11 18:29:27.438971+00:00
[2025-03-11T18:29:31.651+0000] {warnings.py:112} WARNING - /home/***/.local/lib/python3.12/site-packages/***/task/task_runner/standard_task_runner.py:70: DeprecationWarning: This process (pid=1605) is multi-threaded, use of fork() may lead to deadlocks in the child.
  pid = os.fork()

[2025-03-11T18:29:31.654+0000] {standard_task_runner.py:72} INFO - Started process 1609 to run task
[2025-03-11T18:29:31.653+0000] {standard_task_runner.py:104} INFO - Running: ['***', 'tasks', 'run', 'tiki_transform_dag', 'transform_data', 'manual__2025-03-11T18:29:27.438971+00:00', '--job-id', '632', '--raw', '--subdir', 'DAGS_FOLDER/tiki_transform_dag.py', '--cfg-path', '/tmp/tmpfalel9uv']
[2025-03-11T18:29:31.655+0000] {standard_task_runner.py:105} INFO - Job 632: Subtask transform_data
[2025-03-11T18:29:31.717+0000] {task_command.py:467} INFO - Running <TaskInstance: tiki_transform_dag.transform_data manual__2025-03-11T18:29:27.438971+00:00 [running]> on host 5c8190d7da62
[2025-03-11T18:29:32.171+0000] {taskinstance.py:3134} INFO - Exporting env vars: AIRFLOW_CTX_DAG_OWNER='***' AIRFLOW_CTX_DAG_ID='tiki_transform_dag' AIRFLOW_CTX_TASK_ID='transform_data' AIRFLOW_CTX_EXECUTION_DATE='2025-03-11T18:29:27.438971+00:00' AIRFLOW_CTX_TRY_NUMBER='1' AIRFLOW_CTX_DAG_RUN_ID='manual__2025-03-11T18:29:27.438971+00:00'
[2025-03-11T18:29:32.173+0000] {logging_mixin.py:190} INFO - Task instance is in running state
[2025-03-11T18:29:32.174+0000] {logging_mixin.py:190} INFO -  Previous state of the Task instance: queued
[2025-03-11T18:29:32.174+0000] {logging_mixin.py:190} INFO - Current task name:transform_data state:running start_date:2025-03-11 18:29:31.605624+00:00
[2025-03-11T18:29:32.174+0000] {logging_mixin.py:190} INFO - Dag name:tiki_transform_dag and current dag run status:running
[2025-03-11T18:29:32.175+0000] {taskinstance.py:732} INFO - ::endgroup::
[2025-03-11T18:29:34.357+0000] {tiki_transform_dag.py:81} INFO - Retrieved raw_blob_name from metadata: tiki_raw_data/raw_20250311_174959.json
[2025-03-11T18:29:40.344+0000] {tiki_transform_dag.py:91} INFO - Loaded raw data from tiki-pipeline/tiki_raw_data/raw_20250311_174959.json, 17845 rows
[2025-03-11T18:29:40.358+0000] {tiki_transform_dag.py:97} INFO - After deduplication: 17845 rows
[2025-03-11T18:29:41.140+0000] {tiki_transform_dag.py:62} INFO - Data cleaning completed
[2025-03-11T18:29:42.121+0000] {tiki_transform_dag.py:45} INFO - Data validation passed
[2025-03-11T18:29:42.472+0000] {tiki_transform_dag.py:177} INFO - Dim_Category contains 9083 unique categories
[2025-03-11T18:29:42.480+0000] {tiki_transform_dag.py:183} INFO - Dim_Brand contains 0 unique brands
[2025-03-11T18:29:42.495+0000] {tiki_transform_dag.py:185} WARNING - No valid brands found in data. Sample raw data: {'brand_id': {0: '', 1: '', 2: '', 3: '', 4: ''}, 'brand_name': {0: 'Unknown', 1: 'Unknown', 2: 'Unknown', 3: 'Unknown', 4: 'Unknown'}}
[2025-03-11T18:29:44.055+0000] {tiki_transform_dag.py:201} INFO - Saved fact_sales to tiki-pipeline/tiki_transformed_data/fact_sales_20250311_182942.csv, rows: 17845
[2025-03-11T18:29:48.053+0000] {tiki_transform_dag.py:201} INFO - Saved dim_product to tiki-pipeline/tiki_transformed_data/dim_product_20250311_182942.csv, rows: 17845
[2025-03-11T18:29:48.592+0000] {tiki_transform_dag.py:201} INFO - Saved dim_seller to tiki-pipeline/tiki_transformed_data/dim_seller_20250311_182942.csv, rows: 1659
[2025-03-11T18:29:50.305+0000] {tiki_transform_dag.py:201} INFO - Saved dim_category to tiki-pipeline/tiki_transformed_data/dim_category_20250311_182942.csv, rows: 9083
[2025-03-11T18:29:50.631+0000] {tiki_transform_dag.py:201} INFO - Saved dim_brand to tiki-pipeline/tiki_transformed_data/dim_brand_20250311_182942.csv, rows: 0
[2025-03-11T18:29:50.661+0000] {tiki_transform_dag.py:207} INFO - Pushed transformed_blob_names to XCom: {'fact_sales': 'tiki_transformed_data/fact_sales_20250311_182942.csv', 'dim_product': 'tiki_transformed_data/dim_product_20250311_182942.csv', 'dim_seller': 'tiki_transformed_data/dim_seller_20250311_182942.csv', 'dim_category': 'tiki_transformed_data/dim_category_20250311_182942.csv', 'dim_brand': 'tiki_transformed_data/dim_brand_20250311_182942.csv'}
[2025-03-11T18:29:50.825+0000] {python.py:240} INFO - Done. Returned value was: None
[2025-03-11T18:29:50.841+0000] {taskinstance.py:341} INFO - ::group::Post task execution logs
[2025-03-11T18:29:50.842+0000] {taskinstance.py:353} INFO - Marking task as SUCCESS. dag_id=tiki_transform_dag, task_id=transform_data, run_id=manual__2025-03-11T18:29:27.438971+00:00, execution_date=20250311T182927, start_date=20250311T182931, end_date=20250311T182950
[2025-03-11T18:29:50.881+0000] {logging_mixin.py:190} INFO - Task instance in success state
[2025-03-11T18:29:50.882+0000] {logging_mixin.py:190} INFO -  Previous state of the Task instance: running
[2025-03-11T18:29:50.882+0000] {logging_mixin.py:190} INFO - Dag name:tiki_transform_dag queued_at:2025-03-11 18:29:27.589648+00:00
[2025-03-11T18:29:50.883+0000] {logging_mixin.py:190} INFO - Task hostname:5c8190d7da62 operator:PythonOperator
[2025-03-11T18:29:50.932+0000] {local_task_job_runner.py:266} INFO - Task exited with return code 0
[2025-03-11T18:29:50.952+0000] {taskinstance.py:3901} INFO - 0 downstream tasks scheduled from follow-on schedule check
[2025-03-11T18:29:50.955+0000] {local_task_job_runner.py:245} INFO - ::endgroup::
