[2025-03-10T10:10:13.096+0000] {local_task_job_runner.py:123} INFO - ::group::Pre task execution logs
[2025-03-10T10:10:13.173+0000] {taskinstance.py:2614} INFO - Dependencies all met for dep_context=non-requeueable deps ti=<TaskInstance: tiki_extract_dag.crawl_dien-thoai-may-tinh-bang manual__2025-03-10T09:17:11.640176+00:00 [queued]>
[2025-03-10T10:10:13.196+0000] {taskinstance.py:2614} INFO - Dependencies all met for dep_context=requeueable deps ti=<TaskInstance: tiki_extract_dag.crawl_dien-thoai-may-tinh-bang manual__2025-03-10T09:17:11.640176+00:00 [queued]>
[2025-03-10T10:10:13.198+0000] {taskinstance.py:2867} INFO - Starting attempt 1 of 4
[2025-03-10T10:10:13.237+0000] {taskinstance.py:2890} INFO - Executing <Task(PythonOperator): crawl_dien-thoai-may-tinh-bang> on 2025-03-10 09:17:11.640176+00:00
[2025-03-10T10:10:13.282+0000] {standard_task_runner.py:104} INFO - Running: ['***', 'tasks', 'run', 'tiki_extract_dag', 'crawl_dien-thoai-may-tinh-bang', 'manual__2025-03-10T09:17:11.640176+00:00', '--job-id', '405', '--raw', '--subdir', 'DAGS_FOLDER/tiki_extract_dag.py', '--cfg-path', '/tmp/tmp56r3cmn3']
[2025-03-10T10:10:13.277+0000] {warnings.py:112} WARNING - /home/***/.local/lib/python3.12/site-packages/***/task/task_runner/standard_task_runner.py:70: DeprecationWarning: This process (pid=2417) is multi-threaded, use of fork() may lead to deadlocks in the child.
  pid = os.fork()

[2025-03-10T10:10:13.286+0000] {standard_task_runner.py:105} INFO - Job 405: Subtask crawl_dien-thoai-may-tinh-bang
[2025-03-10T10:10:13.286+0000] {standard_task_runner.py:72} INFO - Started process 2450 to run task
[2025-03-10T10:10:13.512+0000] {task_command.py:467} INFO - Running <TaskInstance: tiki_extract_dag.crawl_dien-thoai-may-tinh-bang manual__2025-03-10T09:17:11.640176+00:00 [running]> on host c77555d100c4
[2025-03-10T10:10:14.947+0000] {taskinstance.py:3134} INFO - Exporting env vars: AIRFLOW_CTX_DAG_OWNER='***' AIRFLOW_CTX_DAG_ID='tiki_extract_dag' AIRFLOW_CTX_TASK_ID='crawl_dien-thoai-may-tinh-bang' AIRFLOW_CTX_EXECUTION_DATE='2025-03-10T09:17:11.640176+00:00' AIRFLOW_CTX_TRY_NUMBER='1' AIRFLOW_CTX_DAG_RUN_ID='manual__2025-03-10T09:17:11.640176+00:00'
[2025-03-10T10:10:14.954+0000] {logging_mixin.py:190} INFO - Task instance is in running state
[2025-03-10T10:10:14.955+0000] {logging_mixin.py:190} INFO -  Previous state of the Task instance: queued
[2025-03-10T10:10:14.956+0000] {logging_mixin.py:190} INFO - Current task name:crawl_dien-thoai-may-tinh-bang state:running start_date:2025-03-10 10:10:13.174410+00:00
[2025-03-10T10:10:14.957+0000] {logging_mixin.py:190} INFO - Dag name:tiki_extract_dag and current dag run status:running
[2025-03-10T10:10:14.958+0000] {taskinstance.py:732} INFO - ::endgroup::
[2025-03-10T10:10:42.636+0000] {tiki_extract_dag.py:132} INFO - Starting crawl for category dien-thoai-may-tinh-bang (ID: 1789)
[2025-03-10T10:10:42.638+0000] {tiki_extract_dag.py:134} INFO - Calling API: https://tiki.vn/api/v2/products with params: {'page': 1, 'limit': 50, 'category': '1789'}
[2025-03-10T10:10:43.067+0000] {job.py:229} INFO - Heartbeat recovered after 30.26 seconds
[2025-03-10T10:10:43.729+0000] {tiki_extract_dag.py:143} INFO - Total pages for dien-thoai-may-tinh-bang: 9 (limited to 50)
[2025-03-10T10:11:15.334+0000] {connectionpool.py:868} WARNING - Retrying (Retry(total=3, connect=5, read=4, redirect=None, status=None)) after connection broken by 'ReadTimeoutError("HTTPSConnectionPool(host='tiki.vn', port=443): Read timed out. (read timeout=15)")': /api/v2/products/276166741
[2025-03-10T10:11:17.075+0000] {job.py:229} INFO - Heartbeat recovered after 20.72 seconds
[2025-03-10T10:11:40.920+0000] {tiki_extract_dag.py:119} ERROR - Error fetching details for product 274069052: Expecting value: line 1 column 1 (char 0)
[2025-03-10T10:11:41.064+0000] {tiki_extract_dag.py:119} ERROR - Error fetching details for product 273668660: Expecting value: line 1 column 1 (char 0)
[2025-03-10T10:11:41.203+0000] {tiki_extract_dag.py:119} ERROR - Error fetching details for product 273258825: Expecting value: line 1 column 1 (char 0)
[2025-03-10T10:11:41.347+0000] {tiki_extract_dag.py:119} ERROR - Error fetching details for product 271128271: Expecting value: line 1 column 1 (char 0)
[2025-03-10T10:11:41.494+0000] {tiki_extract_dag.py:119} ERROR - Error fetching details for product 270975124: Expecting value: line 1 column 1 (char 0)
[2025-03-10T10:11:41.635+0000] {tiki_extract_dag.py:119} ERROR - Error fetching details for product 252586291: Expecting value: line 1 column 1 (char 0)
[2025-03-10T10:11:41.780+0000] {tiki_extract_dag.py:119} ERROR - Error fetching details for product 217706932: Expecting value: line 1 column 1 (char 0)
[2025-03-10T10:11:41.920+0000] {tiki_extract_dag.py:119} ERROR - Error fetching details for product 205815576: Expecting value: line 1 column 1 (char 0)
[2025-03-10T10:11:42.061+0000] {tiki_extract_dag.py:119} ERROR - Error fetching details for product 201067649: Expecting value: line 1 column 1 (char 0)
[2025-03-10T10:11:42.227+0000] {tiki_extract_dag.py:119} ERROR - Error fetching details for product 191350420: Expecting value: line 1 column 1 (char 0)
[2025-03-10T10:11:42.401+0000] {tiki_extract_dag.py:119} ERROR - Error fetching details for product 184059211: Expecting value: line 1 column 1 (char 0)
[2025-03-10T10:11:42.555+0000] {tiki_extract_dag.py:119} ERROR - Error fetching details for product 183330021: Expecting value: line 1 column 1 (char 0)
[2025-03-10T10:11:42.712+0000] {tiki_extract_dag.py:119} ERROR - Error fetching details for product 181977398: Expecting value: line 1 column 1 (char 0)
[2025-03-10T10:11:42.859+0000] {tiki_extract_dag.py:119} ERROR - Error fetching details for product 181928619: Expecting value: line 1 column 1 (char 0)
[2025-03-10T10:11:43.004+0000] {tiki_extract_dag.py:119} ERROR - Error fetching details for product 170727266: Expecting value: line 1 column 1 (char 0)
[2025-03-10T10:11:43.145+0000] {tiki_extract_dag.py:119} ERROR - Error fetching details for product 170165701: Expecting value: line 1 column 1 (char 0)
[2025-03-10T10:11:43.289+0000] {tiki_extract_dag.py:119} ERROR - Error fetching details for product 163914808: Expecting value: line 1 column 1 (char 0)
[2025-03-10T10:11:43.461+0000] {tiki_extract_dag.py:119} ERROR - Error fetching details for product 125182567: Expecting value: line 1 column 1 (char 0)
[2025-03-10T10:11:43.606+0000] {tiki_extract_dag.py:119} ERROR - Error fetching details for product 118139108: Expecting value: line 1 column 1 (char 0)
[2025-03-10T10:11:43.608+0000] {tiki_extract_dag.py:156} INFO - Calling API: https://tiki.vn/api/v2/products with params: {'page': 2, 'limit': 50, 'category': '1789'}
[2025-03-10T10:11:43.760+0000] {tiki_extract_dag.py:178} ERROR - API error at page 2 in category dien-thoai-may-tinh-bang: Expecting value: line 1 column 1 (char 0)
[2025-03-10T10:11:48.258+0000] {tiki_extract_dag.py:50} INFO - Updated crawled products at tiki-pipeline/tiki_crawled/crawled_products.json
[2025-03-10T10:11:48.261+0000] {tiki_extract_dag.py:192} INFO - Uploaded raw data to tiki-pipeline/raw_data/dien-thoai-may-tinh-bang_20250310_101143.json, total items: 40
[2025-03-10T10:11:48.601+0000] {tiki_extract_dag.py:204} INFO - Saved metadata to tiki-pipeline/metadata/dien-thoai-may-tinh-bang_extract_run_metadata_20250310_101143.json
[2025-03-10T10:11:48.606+0000] {python.py:240} INFO - Done. Returned value was: None
[2025-03-10T10:11:48.785+0000] {taskinstance.py:341} INFO - ::group::Post task execution logs
[2025-03-10T10:11:48.794+0000] {taskinstance.py:353} INFO - Marking task as SUCCESS. dag_id=tiki_extract_dag, task_id=crawl_dien-thoai-may-tinh-bang, run_id=manual__2025-03-10T09:17:11.640176+00:00, execution_date=20250310T091711, start_date=20250310T101013, end_date=20250310T101148
[2025-03-10T10:11:49.144+0000] {logging_mixin.py:190} INFO - Task instance in success state
[2025-03-10T10:11:49.146+0000] {logging_mixin.py:190} INFO -  Previous state of the Task instance: running
[2025-03-10T10:11:49.147+0000] {logging_mixin.py:190} INFO - Dag name:tiki_extract_dag queued_at:2025-03-10 09:17:11.667672+00:00
[2025-03-10T10:11:49.148+0000] {logging_mixin.py:190} INFO - Task hostname:c77555d100c4 operator:PythonOperator
[2025-03-10T10:11:49.269+0000] {local_task_job_runner.py:266} INFO - Task exited with return code 0
[2025-03-10T10:11:49.524+0000] {taskinstance.py:3901} INFO - 0 downstream tasks scheduled from follow-on schedule check
[2025-03-10T10:11:49.531+0000] {local_task_job_runner.py:245} INFO - ::endgroup::
