[2025-03-09T17:02:23.493+0000] {local_task_job_runner.py:123} INFO - ::group::Pre task execution logs
[2025-03-09T17:02:23.524+0000] {taskinstance.py:2614} INFO - Dependencies all met for dep_context=non-requeueable deps ti=<TaskInstance: tiki_extract_dag.extract_data manual__2025-03-09T17:02:20.001834+00:00 [queued]>
[2025-03-09T17:02:23.537+0000] {taskinstance.py:2614} INFO - Dependencies all met for dep_context=requeueable deps ti=<TaskInstance: tiki_extract_dag.extract_data manual__2025-03-09T17:02:20.001834+00:00 [queued]>
[2025-03-09T17:02:23.539+0000] {taskinstance.py:2867} INFO - Starting attempt 1 of 1
[2025-03-09T17:02:23.563+0000] {taskinstance.py:2890} INFO - Executing <Task(PythonOperator): extract_data> on 2025-03-09 17:02:20.001834+00:00
[2025-03-09T17:02:23.580+0000] {warnings.py:112} WARNING - /home/***/.local/lib/python3.12/site-packages/***/task/task_runner/standard_task_runner.py:70: DeprecationWarning: This process (pid=83) is multi-threaded, use of fork() may lead to deadlocks in the child.
  pid = os.fork()

[2025-03-09T17:02:23.583+0000] {standard_task_runner.py:72} INFO - Started process 85 to run task
[2025-03-09T17:02:23.582+0000] {standard_task_runner.py:104} INFO - Running: ['***', 'tasks', 'run', 'tiki_extract_dag', 'extract_data', 'manual__2025-03-09T17:02:20.001834+00:00', '--job-id', '228', '--raw', '--subdir', 'DAGS_FOLDER/tiki_extract_dag.py', '--cfg-path', '/tmp/tmp3muylqdr']
[2025-03-09T17:02:23.585+0000] {standard_task_runner.py:105} INFO - Job 228: Subtask extract_data
[2025-03-09T17:02:23.672+0000] {task_command.py:467} INFO - Running <TaskInstance: tiki_extract_dag.extract_data manual__2025-03-09T17:02:20.001834+00:00 [running]> on host 72a6d77a3cc5
[2025-03-09T17:02:24.177+0000] {taskinstance.py:3134} INFO - Exporting env vars: AIRFLOW_CTX_DAG_OWNER='***' AIRFLOW_CTX_DAG_ID='tiki_extract_dag' AIRFLOW_CTX_TASK_ID='extract_data' AIRFLOW_CTX_EXECUTION_DATE='2025-03-09T17:02:20.001834+00:00' AIRFLOW_CTX_TRY_NUMBER='1' AIRFLOW_CTX_DAG_RUN_ID='manual__2025-03-09T17:02:20.001834+00:00'
[2025-03-09T17:02:24.179+0000] {logging_mixin.py:190} INFO - Task instance is in running state
[2025-03-09T17:02:24.180+0000] {logging_mixin.py:190} INFO -  Previous state of the Task instance: queued
[2025-03-09T17:02:24.181+0000] {logging_mixin.py:190} INFO - Current task name:extract_data state:running start_date:2025-03-09 17:02:23.525417+00:00
[2025-03-09T17:02:24.182+0000] {logging_mixin.py:190} INFO - Dag name:tiki_extract_dag and current dag run status:running
[2025-03-09T17:02:24.183+0000] {taskinstance.py:732} INFO - ::endgroup::
[2025-03-09T17:02:24.209+0000] {tiki_extract_dag.py:20} INFO - Loaded categories: ['lam-dep-suc-khoe', 'dien-thoai-may-tinh-bang', 'laptop-may-vi-tinh-linh-kien', 'dien-gia-dung', 'sach', 'thiet-bi-kts-phu-kien-so', 'thoi-trang-nu', 'thoi-trang-nam', 'dong-ho-va-trang-suc', 'dien-tu-dien-lanh']
[2025-03-09T17:02:24.954+0000] {crawl_data.py:106} INFO - Crawling category lam-dep-suc-khoe with 1 pages
[2025-03-09T17:02:25.674+0000] {crawl_data.py:131} INFO - Extracted page 1 - lam-dep-suc-khoe, 40 items, total extracted: 40
[2025-03-09T17:02:29.754+0000] {crawl_data.py:106} INFO - Crawling category dien-thoai-may-tinh-bang with 1 pages
[2025-03-09T17:02:30.026+0000] {crawl_data.py:131} INFO - Extracted page 1 - dien-thoai-may-tinh-bang, 40 items, total extracted: 80
[2025-03-09T17:02:34.954+0000] {crawl_data.py:106} INFO - Crawling category laptop-may-vi-tinh-linh-kien with 1 pages
[2025-03-09T17:02:35.373+0000] {crawl_data.py:131} INFO - Extracted page 1 - laptop-may-vi-tinh-linh-kien, 40 items, total extracted: 120
[2025-03-09T17:02:39.449+0000] {crawl_data.py:106} INFO - Crawling category dien-gia-dung with 1 pages
[2025-03-09T17:02:39.859+0000] {crawl_data.py:131} INFO - Extracted page 1 - dien-gia-dung, 40 items, total extracted: 160
[2025-03-09T17:02:43.083+0000] {crawl_data.py:106} INFO - Crawling category sach with 1 pages
[2025-03-09T17:02:43.436+0000] {crawl_data.py:131} INFO - Extracted page 1 - sach, 40 items, total extracted: 200
[2025-03-09T17:02:46.604+0000] {crawl_data.py:106} INFO - Crawling category thiet-bi-kts-phu-kien-so with 1 pages
[2025-03-09T17:02:47.183+0000] {crawl_data.py:131} INFO - Extracted page 1 - thiet-bi-kts-phu-kien-so, 40 items, total extracted: 240
[2025-03-09T17:02:51.758+0000] {crawl_data.py:106} INFO - Crawling category thoi-trang-nu with 1 pages
[2025-03-09T17:02:52.550+0000] {crawl_data.py:131} INFO - Extracted page 1 - thoi-trang-nu, 40 items, total extracted: 280
[2025-03-09T17:02:55.393+0000] {crawl_data.py:106} INFO - Crawling category thoi-trang-nam with 1 pages
[2025-03-09T17:02:55.822+0000] {crawl_data.py:131} INFO - Extracted page 1 - thoi-trang-nam, 40 items, total extracted: 320
[2025-03-09T17:03:00.406+0000] {crawl_data.py:106} INFO - Crawling category dong-ho-va-trang-suc with 1 pages
[2025-03-09T17:03:00.876+0000] {crawl_data.py:131} INFO - Extracted page 1 - dong-ho-va-trang-suc, 40 items, total extracted: 360
[2025-03-09T17:03:02.966+0000] {crawl_data.py:106} INFO - Crawling category dien-tu-dien-lanh with 1 pages
[2025-03-09T17:03:03.479+0000] {crawl_data.py:131} INFO - Extracted page 1 - dien-tu-dien-lanh, 40 items, total extracted: 400
[2025-03-09T17:03:11.304+0000] {crawl_data.py:49} INFO - Updated crawled products at tiki-data/tiki_crawled/crawled_products.json
[2025-03-09T17:03:11.305+0000] {crawl_data.py:147} INFO - Uploaded raw data to tiki-data/tiki_raw_data/raw_20250309_170308.json, total items: 400
[2025-03-09T17:03:11.330+0000] {tiki_extract_dag.py:25} INFO - Extracted data and saved to tiki_raw_data/raw_20250309_170308.json, pushed to XCom
[2025-03-09T17:03:11.331+0000] {python.py:240} INFO - Done. Returned value was: None
[2025-03-09T17:03:11.349+0000] {taskinstance.py:341} INFO - ::group::Post task execution logs
[2025-03-09T17:03:11.350+0000] {taskinstance.py:353} INFO - Marking task as SUCCESS. dag_id=tiki_extract_dag, task_id=extract_data, run_id=manual__2025-03-09T17:02:20.001834+00:00, execution_date=20250309T170220, start_date=20250309T170223, end_date=20250309T170311
[2025-03-09T17:03:11.404+0000] {logging_mixin.py:190} INFO - Task instance in success state
[2025-03-09T17:03:11.405+0000] {logging_mixin.py:190} INFO -  Previous state of the Task instance: running
[2025-03-09T17:03:11.406+0000] {logging_mixin.py:190} INFO - Dag name:tiki_extract_dag queued_at:2025-03-09 17:02:20.054940+00:00
[2025-03-09T17:03:11.407+0000] {logging_mixin.py:190} INFO - Task hostname:72a6d77a3cc5 operator:PythonOperator
[2025-03-09T17:03:11.473+0000] {local_task_job_runner.py:266} INFO - Task exited with return code 0
[2025-03-09T17:03:11.502+0000] {taskinstance.py:3901} INFO - 0 downstream tasks scheduled from follow-on schedule check
[2025-03-09T17:03:11.505+0000] {local_task_job_runner.py:245} INFO - ::endgroup::
