[2025-03-10T10:10:05.542+0000] {local_task_job_runner.py:123} INFO - ::group::Pre task execution logs
[2025-03-10T10:10:05.599+0000] {taskinstance.py:2614} INFO - Dependencies all met for dep_context=non-requeueable deps ti=<TaskInstance: tiki_extract_dag.crawl_dien-tu-dien-lanh manual__2025-03-10T09:17:11.640176+00:00 [queued]>
[2025-03-10T10:10:05.629+0000] {taskinstance.py:2614} INFO - Dependencies all met for dep_context=requeueable deps ti=<TaskInstance: tiki_extract_dag.crawl_dien-tu-dien-lanh manual__2025-03-10T09:17:11.640176+00:00 [queued]>
[2025-03-10T10:10:05.631+0000] {taskinstance.py:2867} INFO - Starting attempt 1 of 4
[2025-03-10T10:10:05.702+0000] {taskinstance.py:2890} INFO - Executing <Task(PythonOperator): crawl_dien-tu-dien-lanh> on 2025-03-10 09:17:11.640176+00:00
[2025-03-10T10:10:05.749+0000] {warnings.py:112} WARNING - /home/***/.local/lib/python3.12/site-packages/***/task/task_runner/standard_task_runner.py:70: DeprecationWarning: This process (pid=2416) is multi-threaded, use of fork() may lead to deadlocks in the child.
  pid = os.fork()

[2025-03-10T10:10:05.754+0000] {standard_task_runner.py:72} INFO - Started process 2446 to run task
[2025-03-10T10:10:05.762+0000] {standard_task_runner.py:104} INFO - Running: ['***', 'tasks', 'run', 'tiki_extract_dag', 'crawl_dien-tu-dien-lanh', 'manual__2025-03-10T09:17:11.640176+00:00', '--job-id', '403', '--raw', '--subdir', 'DAGS_FOLDER/tiki_extract_dag.py', '--cfg-path', '/tmp/tmper8hyqgr']
[2025-03-10T10:10:05.767+0000] {standard_task_runner.py:105} INFO - Job 403: Subtask crawl_dien-tu-dien-lanh
[2025-03-10T10:10:06.065+0000] {task_command.py:467} INFO - Running <TaskInstance: tiki_extract_dag.crawl_dien-tu-dien-lanh manual__2025-03-10T09:17:11.640176+00:00 [running]> on host c77555d100c4
[2025-03-10T10:10:10.900+0000] {taskinstance.py:3134} INFO - Exporting env vars: AIRFLOW_CTX_DAG_OWNER='***' AIRFLOW_CTX_DAG_ID='tiki_extract_dag' AIRFLOW_CTX_TASK_ID='crawl_dien-tu-dien-lanh' AIRFLOW_CTX_EXECUTION_DATE='2025-03-10T09:17:11.640176+00:00' AIRFLOW_CTX_TRY_NUMBER='1' AIRFLOW_CTX_DAG_RUN_ID='manual__2025-03-10T09:17:11.640176+00:00'
[2025-03-10T10:10:10.910+0000] {logging_mixin.py:190} INFO - Task instance is in running state
[2025-03-10T10:10:10.914+0000] {logging_mixin.py:190} INFO -  Previous state of the Task instance: queued
[2025-03-10T10:10:10.919+0000] {logging_mixin.py:190} INFO - Current task name:crawl_dien-tu-dien-lanh state:running start_date:2025-03-10 10:10:05.611446+00:00
[2025-03-10T10:10:10.927+0000] {logging_mixin.py:190} INFO - Dag name:tiki_extract_dag and current dag run status:running
[2025-03-10T10:10:10.930+0000] {taskinstance.py:732} INFO - ::endgroup::
[2025-03-10T10:10:12.541+0000] {tiki_extract_dag.py:132} INFO - Starting crawl for category dien-tu-dien-lanh (ID: 4221)
[2025-03-10T10:10:12.543+0000] {tiki_extract_dag.py:134} INFO - Calling API: https://tiki.vn/api/v2/products with params: {'page': 1, 'limit': 50, 'category': '4221'}
[2025-03-10T10:10:13.836+0000] {tiki_extract_dag.py:143} INFO - Total pages for dien-tu-dien-lanh: 50 (limited to 50)
[2025-03-10T10:10:36.534+0000] {connectionpool.py:868} WARNING - Retrying (Retry(total=4, connect=5, read=4, redirect=None, status=None)) after connection broken by 'ReadTimeoutError("HTTPSConnectionPool(host='tiki.vn', port=443): Read timed out. (read timeout=15)")': /api/v2/products/275905233
[2025-03-10T10:10:43.041+0000] {job.py:229} INFO - Heartbeat recovered after 27.01 seconds
[2025-03-10T10:11:11.983+0000] {connectionpool.py:868} WARNING - Retrying (Retry(total=4, connect=5, read=4, redirect=None, status=None)) after connection broken by 'ReadTimeoutError("HTTPSConnectionPool(host='tiki.vn', port=443): Read timed out. (read timeout=15)")': /api/v2/products/273168499
[2025-03-10T10:11:17.081+0000] {job.py:229} INFO - Heartbeat recovered after 20.73 seconds
[2025-03-10T10:11:22.209+0000] {tiki_extract_dag.py:119} ERROR - Error fetching details for product 195959600: Expecting value: line 1 column 1 (char 0)
[2025-03-10T10:11:22.371+0000] {tiki_extract_dag.py:119} ERROR - Error fetching details for product 167558939: Expecting value: line 1 column 1 (char 0)
[2025-03-10T10:11:40.296+0000] {tiki_extract_dag.py:119} ERROR - Error fetching details for product 87180717: Expecting value: line 1 column 1 (char 0)
[2025-03-10T10:11:40.456+0000] {tiki_extract_dag.py:119} ERROR - Error fetching details for product 54620003: Expecting value: line 1 column 1 (char 0)
[2025-03-10T10:11:40.600+0000] {tiki_extract_dag.py:119} ERROR - Error fetching details for product 21180803: Expecting value: line 1 column 1 (char 0)
[2025-03-10T10:11:40.744+0000] {tiki_extract_dag.py:119} ERROR - Error fetching details for product 19401965: Expecting value: line 1 column 1 (char 0)
[2025-03-10T10:11:40.883+0000] {tiki_extract_dag.py:119} ERROR - Error fetching details for product 17908150: Expecting value: line 1 column 1 (char 0)
[2025-03-10T10:11:41.046+0000] {tiki_extract_dag.py:119} ERROR - Error fetching details for product 16033028: Expecting value: line 1 column 1 (char 0)
[2025-03-10T10:11:41.206+0000] {tiki_extract_dag.py:119} ERROR - Error fetching details for product 15817458: Expecting value: line 1 column 1 (char 0)
[2025-03-10T10:11:41.347+0000] {tiki_extract_dag.py:119} ERROR - Error fetching details for product 14620479: Expecting value: line 1 column 1 (char 0)
[2025-03-10T10:11:41.489+0000] {tiki_extract_dag.py:119} ERROR - Error fetching details for product 7633108: Expecting value: line 1 column 1 (char 0)
[2025-03-10T10:11:41.630+0000] {tiki_extract_dag.py:119} ERROR - Error fetching details for product 4374799: Expecting value: line 1 column 1 (char 0)
[2025-03-10T10:11:41.778+0000] {tiki_extract_dag.py:119} ERROR - Error fetching details for product 4315713: Expecting value: line 1 column 1 (char 0)
[2025-03-10T10:11:41.924+0000] {tiki_extract_dag.py:119} ERROR - Error fetching details for product 3519947: Expecting value: line 1 column 1 (char 0)
[2025-03-10T10:11:41.926+0000] {tiki_extract_dag.py:156} INFO - Calling API: https://tiki.vn/api/v2/products with params: {'page': 2, 'limit': 50, 'category': '4221'}
[2025-03-10T10:11:42.065+0000] {tiki_extract_dag.py:178} ERROR - API error at page 2 in category dien-tu-dien-lanh: Expecting value: line 1 column 1 (char 0)
[2025-03-10T10:11:46.502+0000] {tiki_extract_dag.py:50} INFO - Updated crawled products at tiki-pipeline/tiki_crawled/crawled_products.json
[2025-03-10T10:11:46.503+0000] {tiki_extract_dag.py:192} INFO - Uploaded raw data to tiki-pipeline/raw_data/dien-tu-dien-lanh_20250310_101142.json, total items: 40
[2025-03-10T10:11:46.846+0000] {tiki_extract_dag.py:204} INFO - Saved metadata to tiki-pipeline/metadata/dien-tu-dien-lanh_extract_run_metadata_20250310_101142.json
[2025-03-10T10:11:46.849+0000] {python.py:240} INFO - Done. Returned value was: None
[2025-03-10T10:11:46.961+0000] {taskinstance.py:341} INFO - ::group::Post task execution logs
[2025-03-10T10:11:46.964+0000] {taskinstance.py:353} INFO - Marking task as SUCCESS. dag_id=tiki_extract_dag, task_id=crawl_dien-tu-dien-lanh, run_id=manual__2025-03-10T09:17:11.640176+00:00, execution_date=20250310T091711, start_date=20250310T101005, end_date=20250310T101146
[2025-03-10T10:11:47.052+0000] {logging_mixin.py:190} INFO - Task instance in success state
[2025-03-10T10:11:47.052+0000] {logging_mixin.py:190} INFO -  Previous state of the Task instance: running
[2025-03-10T10:11:47.053+0000] {logging_mixin.py:190} INFO - Dag name:tiki_extract_dag queued_at:2025-03-10 09:17:11.667672+00:00
[2025-03-10T10:11:47.054+0000] {logging_mixin.py:190} INFO - Task hostname:c77555d100c4 operator:PythonOperator
[2025-03-10T10:11:47.096+0000] {local_task_job_runner.py:266} INFO - Task exited with return code 0
[2025-03-10T10:11:47.204+0000] {taskinstance.py:3901} INFO - 0 downstream tasks scheduled from follow-on schedule check
[2025-03-10T10:11:47.209+0000] {local_task_job_runner.py:245} INFO - ::endgroup::
