[2025-03-11T18:46:35.594+0000] {local_task_job_runner.py:123} INFO - ::group::Pre task execution logs
[2025-03-11T18:46:35.628+0000] {taskinstance.py:2614} INFO - Dependencies all met for dep_context=non-requeueable deps ti=<TaskInstance: tiki_schema_management_dag.create_dataset_and_tables manual__2025-03-11T18:46:27.544970+00:00 [queued]>
[2025-03-11T18:46:35.645+0000] {taskinstance.py:2614} INFO - Dependencies all met for dep_context=requeueable deps ti=<TaskInstance: tiki_schema_management_dag.create_dataset_and_tables manual__2025-03-11T18:46:27.544970+00:00 [queued]>
[2025-03-11T18:46:35.646+0000] {taskinstance.py:2867} INFO - Starting attempt 1 of 4
[2025-03-11T18:46:35.674+0000] {taskinstance.py:2890} INFO - Executing <Task(PythonOperator): create_dataset_and_tables> on 2025-03-11 18:46:27.544970+00:00
[2025-03-11T18:46:35.689+0000] {warnings.py:112} WARNING - /home/***/.local/lib/python3.12/site-packages/***/task/task_runner/standard_task_runner.py:70: DeprecationWarning: This process (pid=1827) is multi-threaded, use of fork() may lead to deadlocks in the child.
  pid = os.fork()

[2025-03-11T18:46:35.691+0000] {standard_task_runner.py:104} INFO - Running: ['***', 'tasks', 'run', 'tiki_schema_management_dag', 'create_dataset_and_tables', 'manual__2025-03-11T18:46:27.544970+00:00', '--job-id', '635', '--raw', '--subdir', 'DAGS_FOLDER/tiki_schema_management_dag.py', '--cfg-path', '/tmp/tmp5n28hw5a']
[2025-03-11T18:46:35.694+0000] {standard_task_runner.py:72} INFO - Started process 1829 to run task
[2025-03-11T18:46:35.694+0000] {standard_task_runner.py:105} INFO - Job 635: Subtask create_dataset_and_tables
[2025-03-11T18:46:35.777+0000] {task_command.py:467} INFO - Running <TaskInstance: tiki_schema_management_dag.create_dataset_and_tables manual__2025-03-11T18:46:27.544970+00:00 [running]> on host 5c8190d7da62
[2025-03-11T18:46:35.931+0000] {taskinstance.py:3134} INFO - Exporting env vars: AIRFLOW_CTX_DAG_OWNER='***' AIRFLOW_CTX_DAG_ID='tiki_schema_management_dag' AIRFLOW_CTX_TASK_ID='create_dataset_and_tables' AIRFLOW_CTX_EXECUTION_DATE='2025-03-11T18:46:27.544970+00:00' AIRFLOW_CTX_TRY_NUMBER='1' AIRFLOW_CTX_DAG_RUN_ID='manual__2025-03-11T18:46:27.544970+00:00'
[2025-03-11T18:46:35.933+0000] {logging_mixin.py:190} INFO - Task instance is in running state
[2025-03-11T18:46:35.934+0000] {logging_mixin.py:190} INFO -  Previous state of the Task instance: queued
[2025-03-11T18:46:35.935+0000] {logging_mixin.py:190} INFO - Current task name:create_dataset_and_tables state:running start_date:2025-03-11 18:46:35.629939+00:00
[2025-03-11T18:46:35.936+0000] {logging_mixin.py:190} INFO - Dag name:tiki_schema_management_dag and current dag run status:running
[2025-03-11T18:46:35.937+0000] {taskinstance.py:732} INFO - ::endgroup::
[2025-03-11T18:46:36.791+0000] {tiki_schema_management_dag.py:26} INFO - Dataset tiki_data already exists
[2025-03-11T18:46:37.614+0000] {tiki_schema_management_dag.py:95} INFO - Created table Fact_Sales with schema
[2025-03-11T18:46:38.404+0000] {tiki_schema_management_dag.py:95} INFO - Created table Dim_Product with schema
[2025-03-11T18:46:39.154+0000] {tiki_schema_management_dag.py:95} INFO - Created table Dim_Seller with schema
[2025-03-11T18:46:39.996+0000] {tiki_schema_management_dag.py:95} INFO - Created table Dim_Category with schema
[2025-03-11T18:46:40.782+0000] {tiki_schema_management_dag.py:95} INFO - Created table Dim_Brand with schema
[2025-03-11T18:46:40.783+0000] {python.py:240} INFO - Done. Returned value was: None
[2025-03-11T18:46:40.795+0000] {taskinstance.py:341} INFO - ::group::Post task execution logs
[2025-03-11T18:46:40.796+0000] {taskinstance.py:353} INFO - Marking task as SUCCESS. dag_id=tiki_schema_management_dag, task_id=create_dataset_and_tables, run_id=manual__2025-03-11T18:46:27.544970+00:00, execution_date=20250311T184627, start_date=20250311T184635, end_date=20250311T184640
[2025-03-11T18:46:40.823+0000] {logging_mixin.py:190} INFO - Task instance in success state
[2025-03-11T18:46:40.824+0000] {logging_mixin.py:190} INFO -  Previous state of the Task instance: running
[2025-03-11T18:46:40.824+0000] {logging_mixin.py:190} INFO - Dag name:tiki_schema_management_dag queued_at:2025-03-11 18:46:27.647399+00:00
[2025-03-11T18:46:40.824+0000] {logging_mixin.py:190} INFO - Task hostname:5c8190d7da62 operator:PythonOperator
[2025-03-11T18:46:40.858+0000] {local_task_job_runner.py:266} INFO - Task exited with return code 0
[2025-03-11T18:46:40.875+0000] {taskinstance.py:3901} INFO - 0 downstream tasks scheduled from follow-on schedule check
[2025-03-11T18:46:40.878+0000] {local_task_job_runner.py:245} INFO - ::endgroup::
