[2025-03-09T11:23:43.294+0000] {local_task_job_runner.py:123} INFO - ::group::Pre task execution logs
[2025-03-09T11:23:43.326+0000] {taskinstance.py:2614} INFO - Dependencies all met for dep_context=non-requeueable deps ti=<TaskInstance: tiki_etl_orchestration.trigger_extract manual__2025-03-09T11:23:38.096213+00:00 [queued]>
[2025-03-09T11:23:43.339+0000] {taskinstance.py:2614} INFO - Dependencies all met for dep_context=requeueable deps ti=<TaskInstance: tiki_etl_orchestration.trigger_extract manual__2025-03-09T11:23:38.096213+00:00 [queued]>
[2025-03-09T11:23:43.340+0000] {taskinstance.py:2867} INFO - Starting attempt 1 of 1
[2025-03-09T11:23:43.564+0000] {taskinstance.py:2890} INFO - Executing <Task(TriggerDagRunOperator): trigger_extract> on 2025-03-09 11:23:38.096213+00:00
[2025-03-09T11:23:43.577+0000] {warnings.py:112} WARNING - /home/***/.local/lib/python3.12/site-packages/***/task/task_runner/standard_task_runner.py:70: DeprecationWarning: This process (pid=100) is multi-threaded, use of fork() may lead to deadlocks in the child.
  pid = os.fork()

[2025-03-09T11:23:43.582+0000] {standard_task_runner.py:72} INFO - Started process 102 to run task
[2025-03-09T11:23:43.582+0000] {standard_task_runner.py:104} INFO - Running: ['***', 'tasks', 'run', 'tiki_etl_orchestration', 'trigger_extract', 'manual__2025-03-09T11:23:38.096213+00:00', '--job-id', '141', '--raw', '--subdir', 'DAGS_FOLDER/tiki_etl_orchestration.py', '--cfg-path', '/tmp/tmp_tqbd7rk']
[2025-03-09T11:23:43.584+0000] {standard_task_runner.py:105} INFO - Job 141: Subtask trigger_extract
[2025-03-09T11:23:43.681+0000] {task_command.py:467} INFO - Running <TaskInstance: tiki_etl_orchestration.trigger_extract manual__2025-03-09T11:23:38.096213+00:00 [running]> on host 4dc18dee7126
[2025-03-09T11:23:43.827+0000] {taskinstance.py:3134} INFO - Exporting env vars: AIRFLOW_CTX_DAG_OWNER='***' AIRFLOW_CTX_DAG_ID='tiki_etl_orchestration' AIRFLOW_CTX_TASK_ID='trigger_extract' AIRFLOW_CTX_EXECUTION_DATE='2025-03-09T11:23:38.096213+00:00' AIRFLOW_CTX_TRY_NUMBER='1' AIRFLOW_CTX_DAG_RUN_ID='manual__2025-03-09T11:23:38.096213+00:00'
[2025-03-09T11:23:43.829+0000] {taskinstance.py:3204} ERROR - Failed when executing execute callback
Traceback (most recent call last):
  File "/home/airflow/.local/lib/python3.12/site-packages/airflow/models/taskinstance.py", line 3202, in _run_execute_callback
    callback(context)
TypeError: push_execution_date() missing 1 required positional argument: 'dag_run_obj'
[2025-03-09T11:23:43.831+0000] {logging_mixin.py:190} INFO - Task instance is in running state
[2025-03-09T11:23:43.832+0000] {logging_mixin.py:190} INFO -  Previous state of the Task instance: queued
[2025-03-09T11:23:43.832+0000] {logging_mixin.py:190} INFO - Current task name:trigger_extract state:running start_date:2025-03-09 11:23:43.327377+00:00
[2025-03-09T11:23:43.833+0000] {logging_mixin.py:190} INFO - Dag name:tiki_etl_orchestration and current dag run status:running
[2025-03-09T11:23:43.833+0000] {taskinstance.py:732} INFO - ::endgroup::
[2025-03-09T11:23:43.962+0000] {trigger_dagrun.py:257} INFO - Waiting for tiki_extract_dag on 2025-03-09 11:23:43.834729+00:00 to become allowed state ['success'] ...
[2025-03-09T11:23:53.979+0000] {trigger_dagrun.py:257} INFO - Waiting for tiki_extract_dag on 2025-03-09 11:23:43.834729+00:00 to become allowed state ['success'] ...
[2025-03-09T11:24:03.994+0000] {trigger_dagrun.py:257} INFO - Waiting for tiki_extract_dag on 2025-03-09 11:23:43.834729+00:00 to become allowed state ['success'] ...
[2025-03-09T11:24:14.004+0000] {trigger_dagrun.py:257} INFO - Waiting for tiki_extract_dag on 2025-03-09 11:23:43.834729+00:00 to become allowed state ['success'] ...
[2025-03-09T11:24:24.017+0000] {trigger_dagrun.py:257} INFO - Waiting for tiki_extract_dag on 2025-03-09 11:23:43.834729+00:00 to become allowed state ['success'] ...
[2025-03-09T11:24:34.029+0000] {trigger_dagrun.py:257} INFO - Waiting for tiki_extract_dag on 2025-03-09 11:23:43.834729+00:00 to become allowed state ['success'] ...
[2025-03-09T11:24:44.039+0000] {trigger_dagrun.py:257} INFO - Waiting for tiki_extract_dag on 2025-03-09 11:23:43.834729+00:00 to become allowed state ['success'] ...
[2025-03-09T11:24:54.053+0000] {trigger_dagrun.py:257} INFO - Waiting for tiki_extract_dag on 2025-03-09 11:23:43.834729+00:00 to become allowed state ['success'] ...
[2025-03-09T11:25:04.067+0000] {trigger_dagrun.py:257} INFO - Waiting for tiki_extract_dag on 2025-03-09 11:23:43.834729+00:00 to become allowed state ['success'] ...
[2025-03-09T11:25:14.079+0000] {trigger_dagrun.py:257} INFO - Waiting for tiki_extract_dag on 2025-03-09 11:23:43.834729+00:00 to become allowed state ['success'] ...
[2025-03-09T11:25:24.090+0000] {trigger_dagrun.py:257} INFO - Waiting for tiki_extract_dag on 2025-03-09 11:23:43.834729+00:00 to become allowed state ['success'] ...
[2025-03-09T11:25:34.102+0000] {trigger_dagrun.py:257} INFO - Waiting for tiki_extract_dag on 2025-03-09 11:23:43.834729+00:00 to become allowed state ['success'] ...
[2025-03-09T11:25:44.111+0000] {trigger_dagrun.py:257} INFO - Waiting for tiki_extract_dag on 2025-03-09 11:23:43.834729+00:00 to become allowed state ['success'] ...
[2025-03-09T11:25:54.123+0000] {trigger_dagrun.py:257} INFO - Waiting for tiki_extract_dag on 2025-03-09 11:23:43.834729+00:00 to become allowed state ['success'] ...
[2025-03-09T11:26:04.133+0000] {trigger_dagrun.py:257} INFO - Waiting for tiki_extract_dag on 2025-03-09 11:23:43.834729+00:00 to become allowed state ['success'] ...
[2025-03-09T11:26:14.143+0000] {trigger_dagrun.py:257} INFO - Waiting for tiki_extract_dag on 2025-03-09 11:23:43.834729+00:00 to become allowed state ['success'] ...
[2025-03-09T11:26:24.155+0000] {trigger_dagrun.py:257} INFO - Waiting for tiki_extract_dag on 2025-03-09 11:23:43.834729+00:00 to become allowed state ['success'] ...
[2025-03-09T11:26:34.166+0000] {trigger_dagrun.py:257} INFO - Waiting for tiki_extract_dag on 2025-03-09 11:23:43.834729+00:00 to become allowed state ['success'] ...
[2025-03-09T11:26:44.176+0000] {trigger_dagrun.py:257} INFO - Waiting for tiki_extract_dag on 2025-03-09 11:23:43.834729+00:00 to become allowed state ['success'] ...
[2025-03-09T11:26:54.188+0000] {trigger_dagrun.py:257} INFO - Waiting for tiki_extract_dag on 2025-03-09 11:23:43.834729+00:00 to become allowed state ['success'] ...
[2025-03-09T11:27:04.201+0000] {trigger_dagrun.py:257} INFO - Waiting for tiki_extract_dag on 2025-03-09 11:23:43.834729+00:00 to become allowed state ['success'] ...
[2025-03-09T11:27:14.227+0000] {trigger_dagrun.py:257} INFO - Waiting for tiki_extract_dag on 2025-03-09 11:23:43.834729+00:00 to become allowed state ['success'] ...
[2025-03-09T11:27:24.241+0000] {trigger_dagrun.py:257} INFO - Waiting for tiki_extract_dag on 2025-03-09 11:23:43.834729+00:00 to become allowed state ['success'] ...
[2025-03-09T11:27:34.254+0000] {trigger_dagrun.py:271} INFO - tiki_extract_dag finished with allowed state success
[2025-03-09T11:27:34.277+0000] {taskinstance.py:341} INFO - ::group::Post task execution logs
[2025-03-09T11:27:34.279+0000] {taskinstance.py:353} INFO - Marking task as SUCCESS. dag_id=tiki_etl_orchestration, task_id=trigger_extract, run_id=manual__2025-03-09T11:23:38.096213+00:00, execution_date=20250309T112338, start_date=20250309T112343, end_date=20250309T112734
[2025-03-09T11:27:34.319+0000] {logging_mixin.py:190} INFO - Task instance in success state
[2025-03-09T11:27:34.320+0000] {logging_mixin.py:190} INFO -  Previous state of the Task instance: running
[2025-03-09T11:27:34.321+0000] {logging_mixin.py:190} INFO - Dag name:tiki_etl_orchestration queued_at:2025-03-09 11:23:38.134266+00:00
[2025-03-09T11:27:34.322+0000] {logging_mixin.py:190} INFO - Task hostname:4dc18dee7126 operator:TriggerDagRunOperator
[2025-03-09T11:27:34.353+0000] {local_task_job_runner.py:266} INFO - Task exited with return code 0
[2025-03-09T11:27:34.417+0000] {taskinstance.py:3901} INFO - 1 downstream tasks scheduled from follow-on schedule check
[2025-03-09T11:27:34.420+0000] {local_task_job_runner.py:245} INFO - ::endgroup::
