[2025-03-12T07:36:00.379+0000] {local_task_job_runner.py:123} INFO - ::group::Pre task execution logs
[2025-03-12T07:36:00.414+0000] {taskinstance.py:2614} INFO - Dependencies all met for dep_context=non-requeueable deps ti=<TaskInstance: tiki_etl_orchestration.transform_data manual__2025-03-12T07:25:45.518022+00:00 [queued]>
[2025-03-12T07:36:00.428+0000] {taskinstance.py:2614} INFO - Dependencies all met for dep_context=requeueable deps ti=<TaskInstance: tiki_etl_orchestration.transform_data manual__2025-03-12T07:25:45.518022+00:00 [queued]>
[2025-03-12T07:36:00.430+0000] {taskinstance.py:2867} INFO - Starting attempt 1 of 4
[2025-03-12T07:36:00.706+0000] {taskinstance.py:2890} INFO - Executing <Task(TriggerDagRunOperator): transform_data> on 2025-03-12 07:25:45.518022+00:00
[2025-03-12T07:36:00.719+0000] {warnings.py:112} WARNING - /home/***/.local/lib/python3.12/site-packages/***/task/task_runner/standard_task_runner.py:70: DeprecationWarning: This process (pid=381) is multi-threaded, use of fork() may lead to deadlocks in the child.
  pid = os.fork()

[2025-03-12T07:36:00.722+0000] {standard_task_runner.py:72} INFO - Started process 390 to run task
[2025-03-12T07:36:00.723+0000] {standard_task_runner.py:104} INFO - Running: ['***', 'tasks', 'run', 'tiki_etl_orchestration', 'transform_data', 'manual__2025-03-12T07:25:45.518022+00:00', '--job-id', '681', '--raw', '--subdir', 'DAGS_FOLDER/tiki_etl_orchestration.py', '--cfg-path', '/tmp/tmp3wxx0pzn']
[2025-03-12T07:36:00.724+0000] {standard_task_runner.py:105} INFO - Job 681: Subtask transform_data
[2025-03-12T07:36:00.781+0000] {task_command.py:467} INFO - Running <TaskInstance: tiki_etl_orchestration.transform_data manual__2025-03-12T07:25:45.518022+00:00 [running]> on host 3905098656d4
[2025-03-12T07:36:00.905+0000] {taskinstance.py:3134} INFO - Exporting env vars: AIRFLOW_CTX_DAG_OWNER='***' AIRFLOW_CTX_DAG_ID='tiki_etl_orchestration' AIRFLOW_CTX_TASK_ID='transform_data' AIRFLOW_CTX_EXECUTION_DATE='2025-03-12T07:25:45.518022+00:00' AIRFLOW_CTX_TRY_NUMBER='1' AIRFLOW_CTX_DAG_RUN_ID='manual__2025-03-12T07:25:45.518022+00:00'
[2025-03-12T07:36:00.907+0000] {logging_mixin.py:190} INFO - Task instance is in running state
[2025-03-12T07:36:00.908+0000] {logging_mixin.py:190} INFO -  Previous state of the Task instance: queued
[2025-03-12T07:36:00.908+0000] {logging_mixin.py:190} INFO - Current task name:transform_data state:running start_date:2025-03-12 07:36:00.415146+00:00
[2025-03-12T07:36:00.909+0000] {logging_mixin.py:190} INFO - Dag name:tiki_etl_orchestration and current dag run status:running
[2025-03-12T07:36:00.909+0000] {taskinstance.py:732} INFO - ::endgroup::
[2025-03-12T07:36:01.000+0000] {trigger_dagrun.py:257} INFO - Waiting for tiki_transform_dag on 2025-03-12 07:36:00.910440+00:00 to become allowed state ['success'] ...
[2025-03-12T07:37:01.012+0000] {trigger_dagrun.py:257} INFO - Waiting for tiki_transform_dag on 2025-03-12 07:36:00.910440+00:00 to become allowed state ['success'] ...
[2025-03-12T07:38:01.021+0000] {trigger_dagrun.py:257} INFO - Waiting for tiki_transform_dag on 2025-03-12 07:36:00.910440+00:00 to become allowed state ['success'] ...
[2025-03-12T07:39:01.032+0000] {trigger_dagrun.py:257} INFO - Waiting for tiki_transform_dag on 2025-03-12 07:36:00.910440+00:00 to become allowed state ['success'] ...
[2025-03-12T07:40:01.040+0000] {trigger_dagrun.py:257} INFO - Waiting for tiki_transform_dag on 2025-03-12 07:36:00.910440+00:00 to become allowed state ['success'] ...
[2025-03-12T07:41:01.218+0000] {trigger_dagrun.py:257} INFO - Waiting for tiki_transform_dag on 2025-03-12 07:36:00.910440+00:00 to become allowed state ['success'] ...
[2025-03-12T07:41:46.183+0000] {job.py:229} INFO - Heartbeat recovered after 36.91 seconds
[2025-03-12T07:42:01.262+0000] {trigger_dagrun.py:257} INFO - Waiting for tiki_transform_dag on 2025-03-12 07:36:00.910440+00:00 to become allowed state ['success'] ...
[2025-03-12T07:43:01.271+0000] {trigger_dagrun.py:257} INFO - Waiting for tiki_transform_dag on 2025-03-12 07:36:00.910440+00:00 to become allowed state ['success'] ...
[2025-03-12T07:44:01.297+0000] {trigger_dagrun.py:257} INFO - Waiting for tiki_transform_dag on 2025-03-12 07:36:00.910440+00:00 to become allowed state ['success'] ...
[2025-03-12T07:45:01.311+0000] {trigger_dagrun.py:271} INFO - tiki_transform_dag finished with allowed state success
[2025-03-12T07:45:01.413+0000] {taskinstance.py:341} INFO - ::group::Post task execution logs
[2025-03-12T07:45:01.419+0000] {taskinstance.py:353} INFO - Marking task as SUCCESS. dag_id=tiki_etl_orchestration, task_id=transform_data, run_id=manual__2025-03-12T07:25:45.518022+00:00, execution_date=20250312T072545, start_date=20250312T073600, end_date=20250312T074501
[2025-03-12T07:45:01.524+0000] {logging_mixin.py:190} INFO - Task instance in success state
[2025-03-12T07:45:01.526+0000] {logging_mixin.py:190} INFO -  Previous state of the Task instance: running
[2025-03-12T07:45:01.527+0000] {logging_mixin.py:190} INFO - Dag name:tiki_etl_orchestration queued_at:2025-03-12 07:25:47.095517+00:00
[2025-03-12T07:45:01.527+0000] {logging_mixin.py:190} INFO - Task hostname:3905098656d4 operator:TriggerDagRunOperator
[2025-03-12T07:45:01.644+0000] {local_task_job_runner.py:266} INFO - Task exited with return code 0
[2025-03-12T07:45:01.818+0000] {taskinstance.py:3901} INFO - 1 downstream tasks scheduled from follow-on schedule check
[2025-03-12T07:45:01.822+0000] {local_task_job_runner.py:245} INFO - ::endgroup::
