[2025-03-10T10:10:15.893+0000] {local_task_job_runner.py:123} INFO - ::group::Pre task execution logs
[2025-03-10T10:10:15.928+0000] {taskinstance.py:2614} INFO - Dependencies all met for dep_context=non-requeueable deps ti=<TaskInstance: tiki_extract_dag.crawl_thiet-bi-kts-phu-kien-so manual__2025-03-10T09:17:11.640176+00:00 [queued]>
[2025-03-10T10:10:15.948+0000] {taskinstance.py:2614} INFO - Dependencies all met for dep_context=requeueable deps ti=<TaskInstance: tiki_extract_dag.crawl_thiet-bi-kts-phu-kien-so manual__2025-03-10T09:17:11.640176+00:00 [queued]>
[2025-03-10T10:10:15.950+0000] {taskinstance.py:2867} INFO - Starting attempt 1 of 4
[2025-03-10T10:10:15.981+0000] {taskinstance.py:2890} INFO - Executing <Task(PythonOperator): crawl_thiet-bi-kts-phu-kien-so> on 2025-03-10 09:17:11.640176+00:00
[2025-03-10T10:10:16.009+0000] {warnings.py:112} WARNING - /home/***/.local/lib/python3.12/site-packages/***/task/task_runner/standard_task_runner.py:70: DeprecationWarning: This process (pid=2424) is multi-threaded, use of fork() may lead to deadlocks in the child.
  pid = os.fork()

[2025-03-10T10:10:16.009+0000] {standard_task_runner.py:104} INFO - Running: ['***', 'tasks', 'run', 'tiki_extract_dag', 'crawl_thiet-bi-kts-phu-kien-so', 'manual__2025-03-10T09:17:11.640176+00:00', '--job-id', '406', '--raw', '--subdir', 'DAGS_FOLDER/tiki_extract_dag.py', '--cfg-path', '/tmp/tmp2fk_3aaa']
[2025-03-10T10:10:16.012+0000] {standard_task_runner.py:72} INFO - Started process 2452 to run task
[2025-03-10T10:10:16.013+0000] {standard_task_runner.py:105} INFO - Job 406: Subtask crawl_thiet-bi-kts-phu-kien-so
[2025-03-10T10:10:16.194+0000] {task_command.py:467} INFO - Running <TaskInstance: tiki_extract_dag.crawl_thiet-bi-kts-phu-kien-so manual__2025-03-10T09:17:11.640176+00:00 [running]> on host c77555d100c4
[2025-03-10T10:10:42.284+0000] {taskinstance.py:3134} INFO - Exporting env vars: AIRFLOW_CTX_DAG_OWNER='***' AIRFLOW_CTX_DAG_ID='tiki_extract_dag' AIRFLOW_CTX_TASK_ID='crawl_thiet-bi-kts-phu-kien-so' AIRFLOW_CTX_EXECUTION_DATE='2025-03-10T09:17:11.640176+00:00' AIRFLOW_CTX_TRY_NUMBER='1' AIRFLOW_CTX_DAG_RUN_ID='manual__2025-03-10T09:17:11.640176+00:00'
[2025-03-10T10:10:42.288+0000] {logging_mixin.py:190} INFO - Task instance is in running state
[2025-03-10T10:10:42.289+0000] {logging_mixin.py:190} INFO -  Previous state of the Task instance: queued
[2025-03-10T10:10:42.290+0000] {logging_mixin.py:190} INFO - Current task name:crawl_thiet-bi-kts-phu-kien-so state:running start_date:2025-03-10 10:10:15.930506+00:00
[2025-03-10T10:10:42.290+0000] {logging_mixin.py:190} INFO - Dag name:tiki_extract_dag and current dag run status:running
[2025-03-10T10:10:42.291+0000] {taskinstance.py:732} INFO - ::endgroup::
[2025-03-10T10:10:43.070+0000] {job.py:229} INFO - Heartbeat recovered after 27.31 seconds
[2025-03-10T10:10:44.699+0000] {tiki_extract_dag.py:132} INFO - Starting crawl for category thiet-bi-kts-phu-kien-so (ID: 1815)
[2025-03-10T10:10:44.701+0000] {tiki_extract_dag.py:134} INFO - Calling API: https://tiki.vn/api/v2/products with params: {'page': 1, 'limit': 50, 'category': '1815'}
[2025-03-10T10:10:45.288+0000] {tiki_extract_dag.py:143} INFO - Total pages for thiet-bi-kts-phu-kien-so: 50 (limited to 50)
[2025-03-10T10:11:15.335+0000] {connectionpool.py:868} WARNING - Retrying (Retry(total=4, connect=5, read=4, redirect=None, status=None)) after connection broken by 'ReadTimeoutError("HTTPSConnectionPool(host='tiki.vn', port=443): Read timed out. (read timeout=15)")': /api/v2/products/107067035
[2025-03-10T10:11:17.067+0000] {job.py:229} INFO - Heartbeat recovered after 20.72 seconds
[2025-03-10T10:11:40.924+0000] {tiki_extract_dag.py:119} ERROR - Error fetching details for product 36007224: Expecting value: line 1 column 1 (char 0)
[2025-03-10T10:11:41.064+0000] {tiki_extract_dag.py:119} ERROR - Error fetching details for product 35420153: Expecting value: line 1 column 1 (char 0)
[2025-03-10T10:11:41.209+0000] {tiki_extract_dag.py:119} ERROR - Error fetching details for product 4312979: Expecting value: line 1 column 1 (char 0)
[2025-03-10T10:11:41.353+0000] {tiki_extract_dag.py:119} ERROR - Error fetching details for product 3671793: Expecting value: line 1 column 1 (char 0)
[2025-03-10T10:11:41.498+0000] {tiki_extract_dag.py:119} ERROR - Error fetching details for product 554401: Expecting value: line 1 column 1 (char 0)
[2025-03-10T10:11:41.664+0000] {tiki_extract_dag.py:119} ERROR - Error fetching details for product 389145: Expecting value: line 1 column 1 (char 0)
[2025-03-10T10:11:41.808+0000] {tiki_extract_dag.py:119} ERROR - Error fetching details for product 359484: Expecting value: line 1 column 1 (char 0)
[2025-03-10T10:11:41.949+0000] {tiki_extract_dag.py:119} ERROR - Error fetching details for product 299461: Expecting value: line 1 column 1 (char 0)
[2025-03-10T10:11:42.089+0000] {tiki_extract_dag.py:119} ERROR - Error fetching details for product 126697: Expecting value: line 1 column 1 (char 0)
[2025-03-10T10:11:42.090+0000] {tiki_extract_dag.py:156} INFO - Calling API: https://tiki.vn/api/v2/products with params: {'page': 2, 'limit': 50, 'category': '1815'}
[2025-03-10T10:11:42.246+0000] {tiki_extract_dag.py:178} ERROR - API error at page 2 in category thiet-bi-kts-phu-kien-so: Expecting value: line 1 column 1 (char 0)
[2025-03-10T10:11:46.220+0000] {tiki_extract_dag.py:50} INFO - Updated crawled products at tiki-pipeline/tiki_crawled/crawled_products.json
[2025-03-10T10:11:46.221+0000] {tiki_extract_dag.py:192} INFO - Uploaded raw data to tiki-pipeline/raw_data/thiet-bi-kts-phu-kien-so_20250310_101142.json, total items: 40
[2025-03-10T10:11:46.575+0000] {tiki_extract_dag.py:204} INFO - Saved metadata to tiki-pipeline/metadata/thiet-bi-kts-phu-kien-so_extract_run_metadata_20250310_101142.json
[2025-03-10T10:11:46.576+0000] {python.py:240} INFO - Done. Returned value was: None
[2025-03-10T10:11:46.614+0000] {taskinstance.py:341} INFO - ::group::Post task execution logs
[2025-03-10T10:11:46.615+0000] {taskinstance.py:353} INFO - Marking task as SUCCESS. dag_id=tiki_extract_dag, task_id=crawl_thiet-bi-kts-phu-kien-so, run_id=manual__2025-03-10T09:17:11.640176+00:00, execution_date=20250310T091711, start_date=20250310T101015, end_date=20250310T101146
[2025-03-10T10:11:46.671+0000] {logging_mixin.py:190} INFO - Task instance in success state
[2025-03-10T10:11:46.672+0000] {logging_mixin.py:190} INFO -  Previous state of the Task instance: running
[2025-03-10T10:11:46.672+0000] {logging_mixin.py:190} INFO - Dag name:tiki_extract_dag queued_at:2025-03-10 09:17:11.667672+00:00
[2025-03-10T10:11:46.673+0000] {logging_mixin.py:190} INFO - Task hostname:c77555d100c4 operator:PythonOperator
[2025-03-10T10:11:46.744+0000] {local_task_job_runner.py:266} INFO - Task exited with return code 0
[2025-03-10T10:11:46.794+0000] {taskinstance.py:3901} INFO - 0 downstream tasks scheduled from follow-on schedule check
[2025-03-10T10:11:46.800+0000] {local_task_job_runner.py:245} INFO - ::endgroup::
