[2025-03-09T19:29:24.329+0000] {local_task_job_runner.py:123} INFO - ::group::Pre task execution logs
[2025-03-09T19:29:24.359+0000] {taskinstance.py:2614} INFO - Dependencies all met for dep_context=non-requeueable deps ti=<TaskInstance: tiki_schema_management_dag.create_schema manual__2025-03-09T19:29:19.771750+00:00 [queued]>
[2025-03-09T19:29:24.373+0000] {taskinstance.py:2614} INFO - Dependencies all met for dep_context=requeueable deps ti=<TaskInstance: tiki_schema_management_dag.create_schema manual__2025-03-09T19:29:19.771750+00:00 [queued]>
[2025-03-09T19:29:24.375+0000] {taskinstance.py:2867} INFO - Starting attempt 1 of 1
[2025-03-09T19:29:24.400+0000] {taskinstance.py:2890} INFO - Executing <Task(PythonOperator): create_schema> on 2025-03-09 19:29:19.771750+00:00
[2025-03-09T19:29:24.414+0000] {warnings.py:112} WARNING - /home/***/.local/lib/python3.12/site-packages/***/task/task_runner/standard_task_runner.py:70: DeprecationWarning: This process (pid=653) is multi-threaded, use of fork() may lead to deadlocks in the child.
  pid = os.fork()

[2025-03-09T19:29:24.417+0000] {standard_task_runner.py:72} INFO - Started process 655 to run task
[2025-03-09T19:29:24.418+0000] {standard_task_runner.py:104} INFO - Running: ['***', 'tasks', 'run', 'tiki_schema_management_dag', 'create_schema', 'manual__2025-03-09T19:29:19.771750+00:00', '--job-id', '294', '--raw', '--subdir', 'DAGS_FOLDER/tiki_schema_management_dag.py', '--cfg-path', '/tmp/tmpri99zg88']
[2025-03-09T19:29:24.420+0000] {standard_task_runner.py:105} INFO - Job 294: Subtask create_schema
[2025-03-09T19:29:24.492+0000] {task_command.py:467} INFO - Running <TaskInstance: tiki_schema_management_dag.create_schema manual__2025-03-09T19:29:19.771750+00:00 [running]> on host 72a6d77a3cc5
[2025-03-09T19:29:24.648+0000] {taskinstance.py:3134} INFO - Exporting env vars: AIRFLOW_CTX_DAG_OWNER='***' AIRFLOW_CTX_DAG_ID='tiki_schema_management_dag' AIRFLOW_CTX_TASK_ID='create_schema' AIRFLOW_CTX_EXECUTION_DATE='2025-03-09T19:29:19.771750+00:00' AIRFLOW_CTX_TRY_NUMBER='1' AIRFLOW_CTX_DAG_RUN_ID='manual__2025-03-09T19:29:19.771750+00:00'
[2025-03-09T19:29:24.650+0000] {logging_mixin.py:190} INFO - Task instance is in running state
[2025-03-09T19:29:24.651+0000] {logging_mixin.py:190} INFO -  Previous state of the Task instance: queued
[2025-03-09T19:29:24.652+0000] {logging_mixin.py:190} INFO - Current task name:create_schema state:running start_date:2025-03-09 19:29:24.360829+00:00
[2025-03-09T19:29:24.653+0000] {logging_mixin.py:190} INFO - Dag name:tiki_schema_management_dag and current dag run status:running
[2025-03-09T19:29:24.653+0000] {taskinstance.py:732} INFO - ::endgroup::
[2025-03-09T19:29:24.687+0000] {tiki_schema_management_dag.py:31} INFO - Using project_id: vietadc, dataset_id: tiki_dataset, table_names: {'fact_sales': 'Fact_Sales', 'dim_product': 'Dim_Product', 'dim_seller': 'Dim_Seller', 'dim_category': 'Dim_Category', 'dim_brand': 'Dim_Brand'}
[2025-03-09T19:29:25.876+0000] {tiki_schema_management_dag.py:41} INFO - Created/Updated dataset vietadc.tiki_dataset
[2025-03-09T19:29:26.331+0000] {tiki_schema_management_dag.py:107} INFO - Created/Updated table vietadc.tiki_dataset.Fact_Sales
[2025-03-09T19:29:26.809+0000] {tiki_schema_management_dag.py:107} INFO - Created/Updated table vietadc.tiki_dataset.Dim_Product
[2025-03-09T19:29:27.247+0000] {tiki_schema_management_dag.py:107} INFO - Created/Updated table vietadc.tiki_dataset.Dim_Seller
[2025-03-09T19:29:27.825+0000] {tiki_schema_management_dag.py:107} INFO - Created/Updated table vietadc.tiki_dataset.Dim_Category
[2025-03-09T19:29:28.252+0000] {tiki_schema_management_dag.py:107} INFO - Created/Updated table vietadc.tiki_dataset.Dim_Brand
[2025-03-09T19:29:28.254+0000] {python.py:240} INFO - Done. Returned value was: None
[2025-03-09T19:29:28.285+0000] {taskinstance.py:341} INFO - ::group::Post task execution logs
[2025-03-09T19:29:28.286+0000] {taskinstance.py:353} INFO - Marking task as SUCCESS. dag_id=tiki_schema_management_dag, task_id=create_schema, run_id=manual__2025-03-09T19:29:19.771750+00:00, execution_date=20250309T192919, start_date=20250309T192924, end_date=20250309T192928
[2025-03-09T19:29:28.344+0000] {logging_mixin.py:190} INFO - Task instance in success state
[2025-03-09T19:29:28.345+0000] {logging_mixin.py:190} INFO -  Previous state of the Task instance: running
[2025-03-09T19:29:28.346+0000] {logging_mixin.py:190} INFO - Dag name:tiki_schema_management_dag queued_at:2025-03-09 19:29:19.832539+00:00
[2025-03-09T19:29:28.347+0000] {logging_mixin.py:190} INFO - Task hostname:72a6d77a3cc5 operator:PythonOperator
[2025-03-09T19:29:28.372+0000] {local_task_job_runner.py:266} INFO - Task exited with return code 0
[2025-03-09T19:29:28.405+0000] {taskinstance.py:3901} INFO - 0 downstream tasks scheduled from follow-on schedule check
[2025-03-09T19:29:28.410+0000] {local_task_job_runner.py:245} INFO - ::endgroup::
