[2025-03-10T08:38:43.389+0000] {local_task_job_runner.py:123} INFO - ::group::Pre task execution logs
[2025-03-10T08:38:43.408+0000] {taskinstance.py:2614} INFO - Dependencies all met for dep_context=non-requeueable deps ti=<TaskInstance: tiki_extract_dag.extract_data manual__2025-03-10T08:28:32.716088+00:00 [queued]>
[2025-03-10T08:38:43.418+0000] {taskinstance.py:2614} INFO - Dependencies all met for dep_context=requeueable deps ti=<TaskInstance: tiki_extract_dag.extract_data manual__2025-03-10T08:28:32.716088+00:00 [queued]>
[2025-03-10T08:38:43.419+0000] {taskinstance.py:2867} INFO - Starting attempt 3 of 4
[2025-03-10T08:38:43.441+0000] {taskinstance.py:2890} INFO - Executing <Task(PythonOperator): extract_data> on 2025-03-10 08:28:32.716088+00:00
[2025-03-10T08:38:43.452+0000] {warnings.py:112} WARNING - /home/***/.local/lib/python3.12/site-packages/***/task/task_runner/standard_task_runner.py:70: DeprecationWarning: This process (pid=1045) is multi-threaded, use of fork() may lead to deadlocks in the child.
  pid = os.fork()

[2025-03-10T08:38:43.454+0000] {standard_task_runner.py:72} INFO - Started process 1047 to run task
[2025-03-10T08:38:43.455+0000] {standard_task_runner.py:104} INFO - Running: ['***', 'tasks', 'run', 'tiki_extract_dag', 'extract_data', 'manual__2025-03-10T08:28:32.716088+00:00', '--job-id', '342', '--raw', '--subdir', 'DAGS_FOLDER/tiki_extract_dag.py', '--cfg-path', '/tmp/tmp7espui6v']
[2025-03-10T08:38:43.456+0000] {standard_task_runner.py:105} INFO - Job 342: Subtask extract_data
[2025-03-10T08:38:43.519+0000] {task_command.py:467} INFO - Running <TaskInstance: tiki_extract_dag.extract_data manual__2025-03-10T08:28:32.716088+00:00 [running]> on host c77555d100c4
[2025-03-10T08:38:44.003+0000] {taskinstance.py:3134} INFO - Exporting env vars: AIRFLOW_CTX_DAG_OWNER='***' AIRFLOW_CTX_DAG_ID='tiki_extract_dag' AIRFLOW_CTX_TASK_ID='extract_data' AIRFLOW_CTX_EXECUTION_DATE='2025-03-10T08:28:32.716088+00:00' AIRFLOW_CTX_TRY_NUMBER='3' AIRFLOW_CTX_DAG_RUN_ID='manual__2025-03-10T08:28:32.716088+00:00'
[2025-03-10T08:38:44.004+0000] {logging_mixin.py:190} INFO - Task instance is in running state
[2025-03-10T08:38:44.004+0000] {logging_mixin.py:190} INFO -  Previous state of the Task instance: queued
[2025-03-10T08:38:44.005+0000] {logging_mixin.py:190} INFO - Current task name:extract_data state:running start_date:2025-03-10 08:38:43.409701+00:00
[2025-03-10T08:38:44.005+0000] {logging_mixin.py:190} INFO - Dag name:tiki_extract_dag and current dag run status:running
[2025-03-10T08:38:44.006+0000] {taskinstance.py:732} INFO - ::endgroup::
[2025-03-10T08:38:45.291+0000] {tiki_extract_dag.py:147} INFO - Starting crawl for category nha-sach-tiki (ID: 8322)
[2025-03-10T08:38:45.711+0000] {tiki_extract_dag.py:154} INFO - Total pages for nha-sach-tiki: 30 (limited to 30)
[2025-03-10T08:38:46.025+0000] {tiki_extract_dag.py:182} INFO - Extracted page 2/30 - nha-sach-tiki, total items: 0
[2025-03-10T08:38:54.896+0000] {tiki_extract_dag.py:182} INFO - Extracted page 3/30 - nha-sach-tiki, total items: 0
[2025-03-10T08:39:02.373+0000] {tiki_extract_dag.py:116} ERROR - Error fetching details for product 276497195: 404 Client Error: Not Found for url: https://tiki.vn/api/api/v2/products/276497195
[2025-03-10T08:39:02.553+0000] {tiki_extract_dag.py:116} ERROR - Error fetching details for product 276388548: 404 Client Error: Not Found for url: https://tiki.vn/api/api/v2/products/276388548
[2025-03-10T08:39:02.686+0000] {tiki_extract_dag.py:116} ERROR - Error fetching details for product 274926099: 404 Client Error: Not Found for url: https://tiki.vn/api/api/v2/products/274926099
[2025-03-10T08:39:02.843+0000] {tiki_extract_dag.py:116} ERROR - Error fetching details for product 274163238: 404 Client Error: Not Found for url: https://tiki.vn/api/api/v2/products/274163238
[2025-03-10T08:39:03.003+0000] {tiki_extract_dag.py:116} ERROR - Error fetching details for product 273383957: 404 Client Error: Not Found for url: https://tiki.vn/api/api/v2/products/273383957
[2025-03-10T08:39:03.147+0000] {tiki_extract_dag.py:116} ERROR - Error fetching details for product 271380890: 404 Client Error: Not Found for url: https://tiki.vn/api/api/v2/products/271380890
[2025-03-10T08:39:03.299+0000] {tiki_extract_dag.py:116} ERROR - Error fetching details for product 243358535: 404 Client Error: Not Found for url: https://tiki.vn/api/api/v2/products/243358535
[2025-03-10T08:39:03.457+0000] {tiki_extract_dag.py:116} ERROR - Error fetching details for product 225912339: 404 Client Error: Not Found for url: https://tiki.vn/api/api/v2/products/225912339
[2025-03-10T08:39:03.617+0000] {tiki_extract_dag.py:116} ERROR - Error fetching details for product 207946236: 404 Client Error: Not Found for url: https://tiki.vn/api/api/v2/products/207946236
[2025-03-10T08:39:03.741+0000] {tiki_extract_dag.py:116} ERROR - Error fetching details for product 197634201: 404 Client Error: Not Found for url: https://tiki.vn/api/api/v2/products/197634201
[2025-03-10T08:39:03.980+0000] {tiki_extract_dag.py:116} ERROR - Error fetching details for product 193411736: 404 Client Error: Not Found for url: https://tiki.vn/api/api/v2/products/193411736
[2025-03-10T08:39:04.186+0000] {tiki_extract_dag.py:116} ERROR - Error fetching details for product 187827003: 404 Client Error: Not Found for url: https://tiki.vn/api/api/v2/products/187827003
[2025-03-10T08:39:04.333+0000] {tiki_extract_dag.py:116} ERROR - Error fetching details for product 186434700: 404 Client Error: Not Found for url: https://tiki.vn/api/api/v2/products/186434700
[2025-03-10T08:39:04.490+0000] {tiki_extract_dag.py:116} ERROR - Error fetching details for product 186286187: 404 Client Error: Not Found for url: https://tiki.vn/api/api/v2/products/186286187
[2025-03-10T08:39:04.638+0000] {tiki_extract_dag.py:116} ERROR - Error fetching details for product 184419723: 404 Client Error: Not Found for url: https://tiki.vn/api/api/v2/products/184419723
[2025-03-10T08:39:04.819+0000] {tiki_extract_dag.py:116} ERROR - Error fetching details for product 182548592: 404 Client Error: Not Found for url: https://tiki.vn/api/api/v2/products/182548592
[2025-03-10T08:39:04.978+0000] {tiki_extract_dag.py:116} ERROR - Error fetching details for product 179063564: 404 Client Error: Not Found for url: https://tiki.vn/api/api/v2/products/179063564
[2025-03-10T08:39:05.112+0000] {tiki_extract_dag.py:116} ERROR - Error fetching details for product 164336673: 404 Client Error: Not Found for url: https://tiki.vn/api/api/v2/products/164336673
[2025-03-10T08:39:05.255+0000] {tiki_extract_dag.py:116} ERROR - Error fetching details for product 162205263: 404 Client Error: Not Found for url: https://tiki.vn/api/api/v2/products/162205263
[2025-03-10T08:39:05.372+0000] {tiki_extract_dag.py:116} ERROR - Error fetching details for product 160759005: 404 Client Error: Not Found for url: https://tiki.vn/api/api/v2/products/160759005
[2025-03-10T08:39:05.527+0000] {tiki_extract_dag.py:116} ERROR - Error fetching details for product 157240665: 404 Client Error: Not Found for url: https://tiki.vn/api/api/v2/products/157240665
[2025-03-10T08:39:05.675+0000] {tiki_extract_dag.py:116} ERROR - Error fetching details for product 145287904: 404 Client Error: Not Found for url: https://tiki.vn/api/api/v2/products/145287904
[2025-03-10T08:39:05.820+0000] {tiki_extract_dag.py:116} ERROR - Error fetching details for product 100931418: 404 Client Error: Not Found for url: https://tiki.vn/api/api/v2/products/100931418
[2025-03-10T08:39:05.996+0000] {tiki_extract_dag.py:116} ERROR - Error fetching details for product 100931414: 404 Client Error: Not Found for url: https://tiki.vn/api/api/v2/products/100931414
[2025-03-10T08:39:06.109+0000] {tiki_extract_dag.py:116} ERROR - Error fetching details for product 90056907: 404 Client Error: Not Found for url: https://tiki.vn/api/api/v2/products/90056907
[2025-03-10T08:39:06.226+0000] {tiki_extract_dag.py:116} ERROR - Error fetching details for product 85029033: 404 Client Error: Not Found for url: https://tiki.vn/api/api/v2/products/85029033
[2025-03-10T08:39:06.379+0000] {tiki_extract_dag.py:116} ERROR - Error fetching details for product 75307228: 404 Client Error: Not Found for url: https://tiki.vn/api/api/v2/products/75307228
[2025-03-10T08:39:06.515+0000] {tiki_extract_dag.py:116} ERROR - Error fetching details for product 67271338: 404 Client Error: Not Found for url: https://tiki.vn/api/api/v2/products/67271338
[2025-03-10T08:39:06.648+0000] {tiki_extract_dag.py:116} ERROR - Error fetching details for product 57815506: 404 Client Error: Not Found for url: https://tiki.vn/api/api/v2/products/57815506
[2025-03-10T08:39:06.812+0000] {tiki_extract_dag.py:116} ERROR - Error fetching details for product 52597663: 404 Client Error: Not Found for url: https://tiki.vn/api/api/v2/products/52597663
[2025-03-10T08:39:06.961+0000] {tiki_extract_dag.py:116} ERROR - Error fetching details for product 48629535: 404 Client Error: Not Found for url: https://tiki.vn/api/api/v2/products/48629535
[2025-03-10T08:39:07.072+0000] {tiki_extract_dag.py:116} ERROR - Error fetching details for product 48481763: 404 Client Error: Not Found for url: https://tiki.vn/api/api/v2/products/48481763
[2025-03-10T08:39:07.212+0000] {tiki_extract_dag.py:116} ERROR - Error fetching details for product 48323805: 404 Client Error: Not Found for url: https://tiki.vn/api/api/v2/products/48323805
[2025-03-10T08:39:07.361+0000] {tiki_extract_dag.py:116} ERROR - Error fetching details for product 44433397: 404 Client Error: Not Found for url: https://tiki.vn/api/api/v2/products/44433397
[2025-03-10T08:39:07.552+0000] {tiki_extract_dag.py:116} ERROR - Error fetching details for product 17719702: 404 Client Error: Not Found for url: https://tiki.vn/api/api/v2/products/17719702
[2025-03-10T08:39:07.665+0000] {tiki_extract_dag.py:116} ERROR - Error fetching details for product 15267827: 404 Client Error: Not Found for url: https://tiki.vn/api/api/v2/products/15267827
[2025-03-10T08:39:07.848+0000] {tiki_extract_dag.py:116} ERROR - Error fetching details for product 14053724: 404 Client Error: Not Found for url: https://tiki.vn/api/api/v2/products/14053724
[2025-03-10T08:39:07.973+0000] {tiki_extract_dag.py:116} ERROR - Error fetching details for product 13624088: 404 Client Error: Not Found for url: https://tiki.vn/api/api/v2/products/13624088
[2025-03-10T08:39:08.122+0000] {tiki_extract_dag.py:116} ERROR - Error fetching details for product 12138656: 404 Client Error: Not Found for url: https://tiki.vn/api/api/v2/products/12138656
[2025-03-10T08:39:08.269+0000] {tiki_extract_dag.py:116} ERROR - Error fetching details for product 10095276: 404 Client Error: Not Found for url: https://tiki.vn/api/api/v2/products/10095276
[2025-03-10T08:39:08.270+0000] {tiki_extract_dag.py:182} INFO - Extracted page 4/30 - nha-sach-tiki, total items: 40
[2025-03-10T08:39:17.666+0000] {tiki_extract_dag.py:116} ERROR - Error fetching details for product 276480972: 404 Client Error: Not Found for url: https://tiki.vn/api/api/v2/products/276480972
[2025-03-10T08:39:17.799+0000] {tiki_extract_dag.py:116} ERROR - Error fetching details for product 276477771: 404 Client Error: Not Found for url: https://tiki.vn/api/api/v2/products/276477771
[2025-03-10T08:39:17.921+0000] {tiki_extract_dag.py:116} ERROR - Error fetching details for product 275264393: 404 Client Error: Not Found for url: https://tiki.vn/api/api/v2/products/275264393
[2025-03-10T08:39:18.035+0000] {tiki_extract_dag.py:116} ERROR - Error fetching details for product 274031576: 404 Client Error: Not Found for url: https://tiki.vn/api/api/v2/products/274031576
[2025-03-10T08:39:18.195+0000] {tiki_extract_dag.py:116} ERROR - Error fetching details for product 273717706: 404 Client Error: Not Found for url: https://tiki.vn/api/api/v2/products/273717706
[2025-03-10T08:39:18.331+0000] {tiki_extract_dag.py:116} ERROR - Error fetching details for product 253129523: 404 Client Error: Not Found for url: https://tiki.vn/api/api/v2/products/253129523
[2025-03-10T08:39:18.465+0000] {tiki_extract_dag.py:116} ERROR - Error fetching details for product 249875150: 404 Client Error: Not Found for url: https://tiki.vn/api/api/v2/products/249875150
[2025-03-10T08:39:18.589+0000] {tiki_extract_dag.py:116} ERROR - Error fetching details for product 194960245: 404 Client Error: Not Found for url: https://tiki.vn/api/api/v2/products/194960245
[2025-03-10T08:39:18.715+0000] {tiki_extract_dag.py:116} ERROR - Error fetching details for product 193446628: 404 Client Error: Not Found for url: https://tiki.vn/api/api/v2/products/193446628
[2025-03-10T08:39:18.843+0000] {tiki_extract_dag.py:116} ERROR - Error fetching details for product 193434488: 404 Client Error: Not Found for url: https://tiki.vn/api/api/v2/products/193434488
[2025-03-10T08:39:18.986+0000] {tiki_extract_dag.py:116} ERROR - Error fetching details for product 192909291: 404 Client Error: Not Found for url: https://tiki.vn/api/api/v2/products/192909291
[2025-03-10T08:39:19.111+0000] {tiki_extract_dag.py:116} ERROR - Error fetching details for product 189657049: 404 Client Error: Not Found for url: https://tiki.vn/api/api/v2/products/189657049
[2025-03-10T08:39:19.258+0000] {tiki_extract_dag.py:116} ERROR - Error fetching details for product 187622420: 404 Client Error: Not Found for url: https://tiki.vn/api/api/v2/products/187622420
[2025-03-10T08:39:19.383+0000] {tiki_extract_dag.py:116} ERROR - Error fetching details for product 178294073: 404 Client Error: Not Found for url: https://tiki.vn/api/api/v2/products/178294073
[2025-03-10T08:39:19.518+0000] {tiki_extract_dag.py:116} ERROR - Error fetching details for product 170708219: 404 Client Error: Not Found for url: https://tiki.vn/api/api/v2/products/170708219
[2025-03-10T08:39:19.665+0000] {tiki_extract_dag.py:116} ERROR - Error fetching details for product 168662558: 404 Client Error: Not Found for url: https://tiki.vn/api/api/v2/products/168662558
[2025-03-10T08:39:19.817+0000] {tiki_extract_dag.py:116} ERROR - Error fetching details for product 151994935: 404 Client Error: Not Found for url: https://tiki.vn/api/api/v2/products/151994935
[2025-03-10T08:39:20.025+0000] {tiki_extract_dag.py:116} ERROR - Error fetching details for product 147920903: 404 Client Error: Not Found for url: https://tiki.vn/api/api/v2/products/147920903
[2025-03-10T08:39:20.174+0000] {tiki_extract_dag.py:116} ERROR - Error fetching details for product 147058065: 404 Client Error: Not Found for url: https://tiki.vn/api/api/v2/products/147058065
[2025-03-10T08:39:20.313+0000] {tiki_extract_dag.py:116} ERROR - Error fetching details for product 133599625: 404 Client Error: Not Found for url: https://tiki.vn/api/api/v2/products/133599625
[2025-03-10T08:39:20.519+0000] {tiki_extract_dag.py:116} ERROR - Error fetching details for product 117238177: 404 Client Error: Not Found for url: https://tiki.vn/api/api/v2/products/117238177
[2025-03-10T08:39:20.649+0000] {tiki_extract_dag.py:116} ERROR - Error fetching details for product 107026335: 404 Client Error: Not Found for url: https://tiki.vn/api/api/v2/products/107026335
[2025-03-10T08:39:20.785+0000] {tiki_extract_dag.py:116} ERROR - Error fetching details for product 101782486: 404 Client Error: Not Found for url: https://tiki.vn/api/api/v2/products/101782486
[2025-03-10T08:39:20.937+0000] {tiki_extract_dag.py:116} ERROR - Error fetching details for product 95289208: 404 Client Error: Not Found for url: https://tiki.vn/api/api/v2/products/95289208
[2025-03-10T08:39:21.104+0000] {tiki_extract_dag.py:116} ERROR - Error fetching details for product 90985722: 404 Client Error: Not Found for url: https://tiki.vn/api/api/v2/products/90985722
[2025-03-10T08:39:21.258+0000] {tiki_extract_dag.py:116} ERROR - Error fetching details for product 90985718: 404 Client Error: Not Found for url: https://tiki.vn/api/api/v2/products/90985718
[2025-03-10T08:39:21.401+0000] {tiki_extract_dag.py:116} ERROR - Error fetching details for product 87959748: 404 Client Error: Not Found for url: https://tiki.vn/api/api/v2/products/87959748
[2025-03-10T08:39:21.548+0000] {tiki_extract_dag.py:116} ERROR - Error fetching details for product 76776245: 404 Client Error: Not Found for url: https://tiki.vn/api/api/v2/products/76776245
[2025-03-10T08:39:21.761+0000] {tiki_extract_dag.py:116} ERROR - Error fetching details for product 76012203: 404 Client Error: Not Found for url: https://tiki.vn/api/api/v2/products/76012203
[2025-03-10T08:39:21.901+0000] {tiki_extract_dag.py:116} ERROR - Error fetching details for product 73222800: 404 Client Error: Not Found for url: https://tiki.vn/api/api/v2/products/73222800
[2025-03-10T08:39:22.028+0000] {tiki_extract_dag.py:116} ERROR - Error fetching details for product 72744612: 404 Client Error: Not Found for url: https://tiki.vn/api/api/v2/products/72744612
[2025-03-10T08:39:22.166+0000] {tiki_extract_dag.py:116} ERROR - Error fetching details for product 56697257: 404 Client Error: Not Found for url: https://tiki.vn/api/api/v2/products/56697257
[2025-03-10T08:39:22.320+0000] {tiki_extract_dag.py:116} ERROR - Error fetching details for product 55506686: 404 Client Error: Not Found for url: https://tiki.vn/api/api/v2/products/55506686
[2025-03-10T08:39:22.447+0000] {tiki_extract_dag.py:116} ERROR - Error fetching details for product 53722909: 404 Client Error: Not Found for url: https://tiki.vn/api/api/v2/products/53722909
[2025-03-10T08:39:22.584+0000] {tiki_extract_dag.py:116} ERROR - Error fetching details for product 50322710: 404 Client Error: Not Found for url: https://tiki.vn/api/api/v2/products/50322710
[2025-03-10T08:39:22.744+0000] {tiki_extract_dag.py:116} ERROR - Error fetching details for product 49002009: 404 Client Error: Not Found for url: https://tiki.vn/api/api/v2/products/49002009
[2025-03-10T08:39:22.912+0000] {tiki_extract_dag.py:116} ERROR - Error fetching details for product 36363381: 404 Client Error: Not Found for url: https://tiki.vn/api/api/v2/products/36363381
[2025-03-10T08:39:23.040+0000] {tiki_extract_dag.py:116} ERROR - Error fetching details for product 17881046: 404 Client Error: Not Found for url: https://tiki.vn/api/api/v2/products/17881046
[2025-03-10T08:39:23.172+0000] {tiki_extract_dag.py:116} ERROR - Error fetching details for product 4780917: 404 Client Error: Not Found for url: https://tiki.vn/api/api/v2/products/4780917
[2025-03-10T08:39:23.348+0000] {tiki_extract_dag.py:116} ERROR - Error fetching details for product 377644: 404 Client Error: Not Found for url: https://tiki.vn/api/api/v2/products/377644
[2025-03-10T08:39:23.348+0000] {tiki_extract_dag.py:182} INFO - Extracted page 5/30 - nha-sach-tiki, total items: 80
[2025-03-10T08:39:32.418+0000] {tiki_extract_dag.py:116} ERROR - Error fetching details for product 276886061: 404 Client Error: Not Found for url: https://tiki.vn/api/api/v2/products/276886061
[2025-03-10T08:39:32.548+0000] {tiki_extract_dag.py:116} ERROR - Error fetching details for product 276563037: 404 Client Error: Not Found for url: https://tiki.vn/api/api/v2/products/276563037
[2025-03-10T08:39:32.688+0000] {tiki_extract_dag.py:116} ERROR - Error fetching details for product 276503172: 404 Client Error: Not Found for url: https://tiki.vn/api/api/v2/products/276503172
[2025-03-10T08:39:32.839+0000] {tiki_extract_dag.py:116} ERROR - Error fetching details for product 276418968: 404 Client Error: Not Found for url: https://tiki.vn/api/api/v2/products/276418968
[2025-03-10T08:39:33.039+0000] {tiki_extract_dag.py:116} ERROR - Error fetching details for product 275676836: 404 Client Error: Not Found for url: https://tiki.vn/api/api/v2/products/275676836
[2025-03-10T08:39:33.179+0000] {tiki_extract_dag.py:116} ERROR - Error fetching details for product 274638593: 404 Client Error: Not Found for url: https://tiki.vn/api/api/v2/products/274638593
[2025-03-10T08:39:33.353+0000] {tiki_extract_dag.py:116} ERROR - Error fetching details for product 205942263: 404 Client Error: Not Found for url: https://tiki.vn/api/api/v2/products/205942263
[2025-03-10T08:39:33.479+0000] {tiki_extract_dag.py:116} ERROR - Error fetching details for product 197990867: 404 Client Error: Not Found for url: https://tiki.vn/api/api/v2/products/197990867
[2025-03-10T08:39:33.614+0000] {tiki_extract_dag.py:116} ERROR - Error fetching details for product 196001693: 404 Client Error: Not Found for url: https://tiki.vn/api/api/v2/products/196001693
[2025-03-10T08:39:33.753+0000] {tiki_extract_dag.py:116} ERROR - Error fetching details for product 194960730: 404 Client Error: Not Found for url: https://tiki.vn/api/api/v2/products/194960730
[2025-03-10T08:39:33.901+0000] {tiki_extract_dag.py:116} ERROR - Error fetching details for product 194104226: 404 Client Error: Not Found for url: https://tiki.vn/api/api/v2/products/194104226
[2025-03-10T08:39:34.045+0000] {tiki_extract_dag.py:116} ERROR - Error fetching details for product 192475873: 404 Client Error: Not Found for url: https://tiki.vn/api/api/v2/products/192475873
[2025-03-10T08:39:34.209+0000] {tiki_extract_dag.py:116} ERROR - Error fetching details for product 190240560: 404 Client Error: Not Found for url: https://tiki.vn/api/api/v2/products/190240560
[2025-03-10T08:39:34.343+0000] {tiki_extract_dag.py:116} ERROR - Error fetching details for product 187843301: 404 Client Error: Not Found for url: https://tiki.vn/api/api/v2/products/187843301
[2025-03-10T08:39:34.471+0000] {tiki_extract_dag.py:116} ERROR - Error fetching details for product 176654072: 404 Client Error: Not Found for url: https://tiki.vn/api/api/v2/products/176654072
[2025-03-10T08:39:34.610+0000] {tiki_extract_dag.py:116} ERROR - Error fetching details for product 148760915: 404 Client Error: Not Found for url: https://tiki.vn/api/api/v2/products/148760915
[2025-03-10T08:39:34.734+0000] {tiki_extract_dag.py:116} ERROR - Error fetching details for product 140360874: 404 Client Error: Not Found for url: https://tiki.vn/api/api/v2/products/140360874
[2025-03-10T08:39:34.896+0000] {tiki_extract_dag.py:116} ERROR - Error fetching details for product 138226289: 404 Client Error: Not Found for url: https://tiki.vn/api/api/v2/products/138226289
[2025-03-10T08:39:35.042+0000] {tiki_extract_dag.py:116} ERROR - Error fetching details for product 137161811: 404 Client Error: Not Found for url: https://tiki.vn/api/api/v2/products/137161811
[2025-03-10T08:39:35.179+0000] {tiki_extract_dag.py:116} ERROR - Error fetching details for product 106365090: 404 Client Error: Not Found for url: https://tiki.vn/api/api/v2/products/106365090
[2025-03-10T08:39:35.309+0000] {tiki_extract_dag.py:116} ERROR - Error fetching details for product 105614684: 404 Client Error: Not Found for url: https://tiki.vn/api/api/v2/products/105614684
[2025-03-10T08:39:35.464+0000] {tiki_extract_dag.py:116} ERROR - Error fetching details for product 95090804: 404 Client Error: Not Found for url: https://tiki.vn/api/api/v2/products/95090804
[2025-03-10T08:39:35.593+0000] {tiki_extract_dag.py:116} ERROR - Error fetching details for product 93734071: 404 Client Error: Not Found for url: https://tiki.vn/api/api/v2/products/93734071
[2025-03-10T08:39:35.731+0000] {tiki_extract_dag.py:116} ERROR - Error fetching details for product 93249197: 404 Client Error: Not Found for url: https://tiki.vn/api/api/v2/products/93249197
[2025-03-10T08:39:35.859+0000] {tiki_extract_dag.py:116} ERROR - Error fetching details for product 80960198: 404 Client Error: Not Found for url: https://tiki.vn/api/api/v2/products/80960198
[2025-03-10T08:39:36.009+0000] {tiki_extract_dag.py:116} ERROR - Error fetching details for product 72689369: 404 Client Error: Not Found for url: https://tiki.vn/api/api/v2/products/72689369
[2025-03-10T08:39:36.154+0000] {tiki_extract_dag.py:116} ERROR - Error fetching details for product 57325187: 404 Client Error: Not Found for url: https://tiki.vn/api/api/v2/products/57325187
[2025-03-10T08:39:36.287+0000] {tiki_extract_dag.py:116} ERROR - Error fetching details for product 56609155: 404 Client Error: Not Found for url: https://tiki.vn/api/api/v2/products/56609155
[2025-03-10T08:39:36.433+0000] {tiki_extract_dag.py:116} ERROR - Error fetching details for product 54051756: 404 Client Error: Not Found for url: https://tiki.vn/api/api/v2/products/54051756
[2025-03-10T08:39:36.560+0000] {tiki_extract_dag.py:116} ERROR - Error fetching details for product 50685547: 404 Client Error: Not Found for url: https://tiki.vn/api/api/v2/products/50685547
[2025-03-10T08:39:36.727+0000] {tiki_extract_dag.py:116} ERROR - Error fetching details for product 49181801: 404 Client Error: Not Found for url: https://tiki.vn/api/api/v2/products/49181801
[2025-03-10T08:39:36.947+0000] {tiki_extract_dag.py:116} ERROR - Error fetching details for product 46789754: 404 Client Error: Not Found for url: https://tiki.vn/api/api/v2/products/46789754
[2025-03-10T08:39:37.120+0000] {tiki_extract_dag.py:116} ERROR - Error fetching details for product 46240929: 404 Client Error: Not Found for url: https://tiki.vn/api/api/v2/products/46240929
[2025-03-10T08:39:37.250+0000] {tiki_extract_dag.py:116} ERROR - Error fetching details for product 10383904: 404 Client Error: Not Found for url: https://tiki.vn/api/api/v2/products/10383904
[2025-03-10T08:39:37.643+0000] {tiki_extract_dag.py:116} ERROR - Error fetching details for product 10325548: Expecting value: line 1 column 1 (char 0)
[2025-03-10T08:39:37.784+0000] {tiki_extract_dag.py:116} ERROR - Error fetching details for product 4080373: Expecting value: line 1 column 1 (char 0)
[2025-03-10T08:39:37.945+0000] {tiki_extract_dag.py:116} ERROR - Error fetching details for product 750578: Expecting value: line 1 column 1 (char 0)
[2025-03-10T08:39:38.114+0000] {tiki_extract_dag.py:116} ERROR - Error fetching details for product 706939: Expecting value: line 1 column 1 (char 0)
[2025-03-10T08:39:38.260+0000] {tiki_extract_dag.py:116} ERROR - Error fetching details for product 637390: Expecting value: line 1 column 1 (char 0)
[2025-03-10T08:39:38.422+0000] {tiki_extract_dag.py:116} ERROR - Error fetching details for product 555504: Expecting value: line 1 column 1 (char 0)
[2025-03-10T08:39:38.422+0000] {tiki_extract_dag.py:182} INFO - Extracted page 6/30 - nha-sach-tiki, total items: 120
[2025-03-10T08:39:45.388+0000] {tiki_extract_dag.py:185} ERROR - API error at page 7 - nha-sach-tiki: Expecting value: line 1 column 1 (char 0)
[2025-03-10T08:39:45.388+0000] {tiki_extract_dag.py:147} INFO - Starting crawl for category dien-thoai-may-tinh-bang (ID: 1789)
[2025-03-10T08:39:45.710+0000] {tiki_extract_dag.py:154} INFO - Total pages for dien-thoai-may-tinh-bang: 9 (limited to 30)
[2025-03-10T08:39:45.836+0000] {tiki_extract_dag.py:116} ERROR - Error fetching details for product 276559198: 404 Client Error: Not Found for url: https://tiki.vn/api/api/v2/products/276559198
[2025-03-10T08:39:45.971+0000] {tiki_extract_dag.py:116} ERROR - Error fetching details for product 276536922: 404 Client Error: Not Found for url: https://tiki.vn/api/api/v2/products/276536922
[2025-03-10T08:39:46.120+0000] {tiki_extract_dag.py:116} ERROR - Error fetching details for product 276515327: 404 Client Error: Not Found for url: https://tiki.vn/api/api/v2/products/276515327
[2025-03-10T08:39:46.273+0000] {tiki_extract_dag.py:116} ERROR - Error fetching details for product 276424626: 404 Client Error: Not Found for url: https://tiki.vn/api/api/v2/products/276424626
[2025-03-10T08:39:46.411+0000] {tiki_extract_dag.py:116} ERROR - Error fetching details for product 276411458: 404 Client Error: Not Found for url: https://tiki.vn/api/api/v2/products/276411458
[2025-03-10T08:39:46.552+0000] {tiki_extract_dag.py:116} ERROR - Error fetching details for product 276250878: 404 Client Error: Not Found for url: https://tiki.vn/api/api/v2/products/276250878
[2025-03-10T08:39:46.700+0000] {tiki_extract_dag.py:116} ERROR - Error fetching details for product 276166741: 404 Client Error: Not Found for url: https://tiki.vn/api/api/v2/products/276166741
[2025-03-10T08:39:46.834+0000] {tiki_extract_dag.py:116} ERROR - Error fetching details for product 276162093: 404 Client Error: Not Found for url: https://tiki.vn/api/api/v2/products/276162093
[2025-03-10T08:39:46.972+0000] {tiki_extract_dag.py:116} ERROR - Error fetching details for product 276110349: 404 Client Error: Not Found for url: https://tiki.vn/api/api/v2/products/276110349
[2025-03-10T08:39:47.105+0000] {tiki_extract_dag.py:116} ERROR - Error fetching details for product 276110276: 404 Client Error: Not Found for url: https://tiki.vn/api/api/v2/products/276110276
[2025-03-10T08:39:47.234+0000] {tiki_extract_dag.py:116} ERROR - Error fetching details for product 276110023: 404 Client Error: Not Found for url: https://tiki.vn/api/api/v2/products/276110023
[2025-03-10T08:39:47.362+0000] {tiki_extract_dag.py:116} ERROR - Error fetching details for product 276109904: 404 Client Error: Not Found for url: https://tiki.vn/api/api/v2/products/276109904
[2025-03-10T08:39:47.526+0000] {tiki_extract_dag.py:116} ERROR - Error fetching details for product 276099688: 404 Client Error: Not Found for url: https://tiki.vn/api/api/v2/products/276099688
[2025-03-10T08:39:47.683+0000] {tiki_extract_dag.py:116} ERROR - Error fetching details for product 275913708: 404 Client Error: Not Found for url: https://tiki.vn/api/api/v2/products/275913708
[2025-03-10T08:39:47.841+0000] {tiki_extract_dag.py:116} ERROR - Error fetching details for product 275510578: 404 Client Error: Not Found for url: https://tiki.vn/api/api/v2/products/275510578
[2025-03-10T08:39:47.980+0000] {tiki_extract_dag.py:116} ERROR - Error fetching details for product 275492145: 404 Client Error: Not Found for url: https://tiki.vn/api/api/v2/products/275492145
[2025-03-10T08:39:48.113+0000] {tiki_extract_dag.py:116} ERROR - Error fetching details for product 275307093: 404 Client Error: Not Found for url: https://tiki.vn/api/api/v2/products/275307093
[2025-03-10T08:39:48.283+0000] {tiki_extract_dag.py:116} ERROR - Error fetching details for product 275295008: 404 Client Error: Not Found for url: https://tiki.vn/api/api/v2/products/275295008
[2025-03-10T08:39:48.438+0000] {tiki_extract_dag.py:116} ERROR - Error fetching details for product 274171148: 404 Client Error: Not Found for url: https://tiki.vn/api/api/v2/products/274171148
[2025-03-10T08:39:48.595+0000] {tiki_extract_dag.py:116} ERROR - Error fetching details for product 274101262: 404 Client Error: Not Found for url: https://tiki.vn/api/api/v2/products/274101262
[2025-03-10T08:39:48.836+0000] {tiki_extract_dag.py:116} ERROR - Error fetching details for product 274101255: 404 Client Error: Not Found for url: https://tiki.vn/api/api/v2/products/274101255
[2025-03-10T08:39:48.985+0000] {tiki_extract_dag.py:116} ERROR - Error fetching details for product 274069052: 404 Client Error: Not Found for url: https://tiki.vn/api/api/v2/products/274069052
[2025-03-10T08:39:49.118+0000] {tiki_extract_dag.py:116} ERROR - Error fetching details for product 273668660: 404 Client Error: Not Found for url: https://tiki.vn/api/api/v2/products/273668660
[2025-03-10T08:39:49.263+0000] {tiki_extract_dag.py:116} ERROR - Error fetching details for product 273258825: 404 Client Error: Not Found for url: https://tiki.vn/api/api/v2/products/273258825
[2025-03-10T08:39:49.407+0000] {tiki_extract_dag.py:116} ERROR - Error fetching details for product 271128271: 404 Client Error: Not Found for url: https://tiki.vn/api/api/v2/products/271128271
[2025-03-10T08:39:49.555+0000] {tiki_extract_dag.py:116} ERROR - Error fetching details for product 270975124: 404 Client Error: Not Found for url: https://tiki.vn/api/api/v2/products/270975124
[2025-03-10T08:39:49.725+0000] {tiki_extract_dag.py:116} ERROR - Error fetching details for product 252586291: 404 Client Error: Not Found for url: https://tiki.vn/api/api/v2/products/252586291
[2025-03-10T08:39:49.851+0000] {tiki_extract_dag.py:116} ERROR - Error fetching details for product 217706932: 404 Client Error: Not Found for url: https://tiki.vn/api/api/v2/products/217706932
[2025-03-10T08:39:50.070+0000] {tiki_extract_dag.py:116} ERROR - Error fetching details for product 205815576: 404 Client Error: Not Found for url: https://tiki.vn/api/api/v2/products/205815576
[2025-03-10T08:39:50.229+0000] {tiki_extract_dag.py:116} ERROR - Error fetching details for product 201067649: 404 Client Error: Not Found for url: https://tiki.vn/api/api/v2/products/201067649
[2025-03-10T08:39:50.369+0000] {tiki_extract_dag.py:116} ERROR - Error fetching details for product 191350420: 404 Client Error: Not Found for url: https://tiki.vn/api/api/v2/products/191350420
[2025-03-10T08:39:50.497+0000] {tiki_extract_dag.py:116} ERROR - Error fetching details for product 184059211: 404 Client Error: Not Found for url: https://tiki.vn/api/api/v2/products/184059211
[2025-03-10T08:39:50.641+0000] {tiki_extract_dag.py:116} ERROR - Error fetching details for product 183330021: 404 Client Error: Not Found for url: https://tiki.vn/api/api/v2/products/183330021
[2025-03-10T08:39:50.767+0000] {tiki_extract_dag.py:116} ERROR - Error fetching details for product 181977398: 404 Client Error: Not Found for url: https://tiki.vn/api/api/v2/products/181977398
[2025-03-10T08:39:50.928+0000] {tiki_extract_dag.py:116} ERROR - Error fetching details for product 181928619: 404 Client Error: Not Found for url: https://tiki.vn/api/api/v2/products/181928619
[2025-03-10T08:39:51.105+0000] {tiki_extract_dag.py:116} ERROR - Error fetching details for product 170727266: 404 Client Error: Not Found for url: https://tiki.vn/api/api/v2/products/170727266
[2025-03-10T08:39:51.235+0000] {tiki_extract_dag.py:116} ERROR - Error fetching details for product 170165701: 404 Client Error: Not Found for url: https://tiki.vn/api/api/v2/products/170165701
[2025-03-10T08:39:51.388+0000] {tiki_extract_dag.py:116} ERROR - Error fetching details for product 163914808: 404 Client Error: Not Found for url: https://tiki.vn/api/api/v2/products/163914808
[2025-03-10T08:39:51.524+0000] {tiki_extract_dag.py:116} ERROR - Error fetching details for product 125182567: 404 Client Error: Not Found for url: https://tiki.vn/api/api/v2/products/125182567
[2025-03-10T08:39:51.683+0000] {tiki_extract_dag.py:116} ERROR - Error fetching details for product 118139108: 404 Client Error: Not Found for url: https://tiki.vn/api/api/v2/products/118139108
[2025-03-10T08:39:52.172+0000] {tiki_extract_dag.py:116} ERROR - Error fetching details for product 276641263: 404 Client Error: Not Found for url: https://tiki.vn/api/api/v2/products/276641263
[2025-03-10T08:39:52.314+0000] {tiki_extract_dag.py:116} ERROR - Error fetching details for product 276639232: 404 Client Error: Not Found for url: https://tiki.vn/api/api/v2/products/276639232
[2025-03-10T08:39:52.439+0000] {tiki_extract_dag.py:116} ERROR - Error fetching details for product 276448920: 404 Client Error: Not Found for url: https://tiki.vn/api/api/v2/products/276448920
[2025-03-10T08:39:52.629+0000] {tiki_extract_dag.py:116} ERROR - Error fetching details for product 276448771: 404 Client Error: Not Found for url: https://tiki.vn/api/api/v2/products/276448771
[2025-03-10T08:39:52.785+0000] {tiki_extract_dag.py:116} ERROR - Error fetching details for product 276440892: 404 Client Error: Not Found for url: https://tiki.vn/api/api/v2/products/276440892
[2025-03-10T08:39:52.919+0000] {tiki_extract_dag.py:116} ERROR - Error fetching details for product 276410628: 404 Client Error: Not Found for url: https://tiki.vn/api/api/v2/products/276410628
[2025-03-10T08:39:53.052+0000] {tiki_extract_dag.py:116} ERROR - Error fetching details for product 276167489: 404 Client Error: Not Found for url: https://tiki.vn/api/api/v2/products/276167489
[2025-03-10T08:39:53.197+0000] {tiki_extract_dag.py:116} ERROR - Error fetching details for product 276132850: 404 Client Error: Not Found for url: https://tiki.vn/api/api/v2/products/276132850
[2025-03-10T08:39:53.353+0000] {tiki_extract_dag.py:116} ERROR - Error fetching details for product 276074109: 404 Client Error: Not Found for url: https://tiki.vn/api/api/v2/products/276074109
[2025-03-10T08:39:53.509+0000] {tiki_extract_dag.py:116} ERROR - Error fetching details for product 275618841: 404 Client Error: Not Found for url: https://tiki.vn/api/api/v2/products/275618841
[2025-03-10T08:39:53.686+0000] {tiki_extract_dag.py:116} ERROR - Error fetching details for product 275589968: 404 Client Error: Not Found for url: https://tiki.vn/api/api/v2/products/275589968
[2025-03-10T08:39:53.824+0000] {tiki_extract_dag.py:116} ERROR - Error fetching details for product 275589387: 404 Client Error: Not Found for url: https://tiki.vn/api/api/v2/products/275589387
[2025-03-10T08:39:53.983+0000] {tiki_extract_dag.py:116} ERROR - Error fetching details for product 275588494: 404 Client Error: Not Found for url: https://tiki.vn/api/api/v2/products/275588494
[2025-03-10T08:39:54.131+0000] {tiki_extract_dag.py:116} ERROR - Error fetching details for product 275571990: 404 Client Error: Not Found for url: https://tiki.vn/api/api/v2/products/275571990
[2025-03-10T08:39:54.261+0000] {tiki_extract_dag.py:116} ERROR - Error fetching details for product 275510579: 404 Client Error: Not Found for url: https://tiki.vn/api/api/v2/products/275510579
[2025-03-10T08:39:54.403+0000] {tiki_extract_dag.py:116} ERROR - Error fetching details for product 275496965: 404 Client Error: Not Found for url: https://tiki.vn/api/api/v2/products/275496965
[2025-03-10T08:39:54.553+0000] {tiki_extract_dag.py:116} ERROR - Error fetching details for product 275407523: 404 Client Error: Not Found for url: https://tiki.vn/api/api/v2/products/275407523
[2025-03-10T08:39:54.691+0000] {tiki_extract_dag.py:116} ERROR - Error fetching details for product 275362333: 404 Client Error: Not Found for url: https://tiki.vn/api/api/v2/products/275362333
[2025-03-10T08:39:54.844+0000] {tiki_extract_dag.py:116} ERROR - Error fetching details for product 275295006: 404 Client Error: Not Found for url: https://tiki.vn/api/api/v2/products/275295006
[2025-03-10T08:39:54.970+0000] {tiki_extract_dag.py:116} ERROR - Error fetching details for product 274857095: 404 Client Error: Not Found for url: https://tiki.vn/api/api/v2/products/274857095
[2025-03-10T08:39:55.143+0000] {tiki_extract_dag.py:116} ERROR - Error fetching details for product 274638430: 404 Client Error: Not Found for url: https://tiki.vn/api/api/v2/products/274638430
[2025-03-10T08:39:55.290+0000] {tiki_extract_dag.py:116} ERROR - Error fetching details for product 274544634: 404 Client Error: Not Found for url: https://tiki.vn/api/api/v2/products/274544634
[2025-03-10T08:39:55.442+0000] {tiki_extract_dag.py:116} ERROR - Error fetching details for product 274542883: 404 Client Error: Not Found for url: https://tiki.vn/api/api/v2/products/274542883
[2025-03-10T08:39:55.582+0000] {tiki_extract_dag.py:116} ERROR - Error fetching details for product 274542808: 404 Client Error: Not Found for url: https://tiki.vn/api/api/v2/products/274542808
[2025-03-10T08:39:55.767+0000] {tiki_extract_dag.py:116} ERROR - Error fetching details for product 274415640: 404 Client Error: Not Found for url: https://tiki.vn/api/api/v2/products/274415640
[2025-03-10T08:39:55.940+0000] {tiki_extract_dag.py:116} ERROR - Error fetching details for product 274405521: 404 Client Error: Not Found for url: https://tiki.vn/api/api/v2/products/274405521
[2025-03-10T08:39:56.108+0000] {tiki_extract_dag.py:116} ERROR - Error fetching details for product 274191773: 404 Client Error: Not Found for url: https://tiki.vn/api/api/v2/products/274191773
[2025-03-10T08:39:56.235+0000] {tiki_extract_dag.py:116} ERROR - Error fetching details for product 273990229: 404 Client Error: Not Found for url: https://tiki.vn/api/api/v2/products/273990229
[2025-03-10T08:39:56.382+0000] {tiki_extract_dag.py:116} ERROR - Error fetching details for product 273872197: 404 Client Error: Not Found for url: https://tiki.vn/api/api/v2/products/273872197
[2025-03-10T08:39:56.545+0000] {tiki_extract_dag.py:116} ERROR - Error fetching details for product 273664463: 404 Client Error: Not Found for url: https://tiki.vn/api/api/v2/products/273664463
[2025-03-10T08:39:56.675+0000] {tiki_extract_dag.py:116} ERROR - Error fetching details for product 272222033: 404 Client Error: Not Found for url: https://tiki.vn/api/api/v2/products/272222033
[2025-03-10T08:39:56.808+0000] {tiki_extract_dag.py:116} ERROR - Error fetching details for product 271967379: 404 Client Error: Not Found for url: https://tiki.vn/api/api/v2/products/271967379
[2025-03-10T08:39:56.950+0000] {tiki_extract_dag.py:116} ERROR - Error fetching details for product 270794184: 404 Client Error: Not Found for url: https://tiki.vn/api/api/v2/products/270794184
[2025-03-10T08:39:57.107+0000] {tiki_extract_dag.py:116} ERROR - Error fetching details for product 247427990: 404 Client Error: Not Found for url: https://tiki.vn/api/api/v2/products/247427990
[2025-03-10T08:39:57.247+0000] {tiki_extract_dag.py:116} ERROR - Error fetching details for product 217505430: 404 Client Error: Not Found for url: https://tiki.vn/api/api/v2/products/217505430
[2025-03-10T08:39:57.397+0000] {tiki_extract_dag.py:116} ERROR - Error fetching details for product 204237269: 404 Client Error: Not Found for url: https://tiki.vn/api/api/v2/products/204237269
[2025-03-10T08:39:57.547+0000] {tiki_extract_dag.py:116} ERROR - Error fetching details for product 181452535: 404 Client Error: Not Found for url: https://tiki.vn/api/api/v2/products/181452535
[2025-03-10T08:39:57.738+0000] {tiki_extract_dag.py:116} ERROR - Error fetching details for product 164213695: 404 Client Error: Not Found for url: https://tiki.vn/api/api/v2/products/164213695
[2025-03-10T08:39:57.915+0000] {tiki_extract_dag.py:116} ERROR - Error fetching details for product 118130919: 404 Client Error: Not Found for url: https://tiki.vn/api/api/v2/products/118130919
[2025-03-10T08:39:58.081+0000] {tiki_extract_dag.py:116} ERROR - Error fetching details for product 11802138: 404 Client Error: Not Found for url: https://tiki.vn/api/api/v2/products/11802138
[2025-03-10T08:39:58.082+0000] {tiki_extract_dag.py:182} INFO - Extracted page 2/9 - dien-thoai-may-tinh-bang, total items: 200
[2025-03-10T08:40:03.732+0000] {tiki_extract_dag.py:116} ERROR - Error fetching details for product 276539826: 404 Client Error: Not Found for url: https://tiki.vn/api/api/v2/products/276539826
[2025-03-10T08:40:03.893+0000] {tiki_extract_dag.py:116} ERROR - Error fetching details for product 276523733: 404 Client Error: Not Found for url: https://tiki.vn/api/api/v2/products/276523733
[2025-03-10T08:40:04.036+0000] {tiki_extract_dag.py:116} ERROR - Error fetching details for product 276369646: 404 Client Error: Not Found for url: https://tiki.vn/api/api/v2/products/276369646
[2025-03-10T08:40:04.177+0000] {tiki_extract_dag.py:116} ERROR - Error fetching details for product 276281988: Expecting value: line 1 column 1 (char 0)
[2025-03-10T08:40:04.347+0000] {tiki_extract_dag.py:116} ERROR - Error fetching details for product 276274790: Expecting value: line 1 column 1 (char 0)
[2025-03-10T08:40:04.489+0000] {tiki_extract_dag.py:116} ERROR - Error fetching details for product 276246838: Expecting value: line 1 column 1 (char 0)
[2025-03-10T08:40:04.636+0000] {tiki_extract_dag.py:116} ERROR - Error fetching details for product 275919759: Expecting value: line 1 column 1 (char 0)
[2025-03-10T08:40:04.782+0000] {tiki_extract_dag.py:116} ERROR - Error fetching details for product 275627388: Expecting value: line 1 column 1 (char 0)
[2025-03-10T08:40:04.926+0000] {tiki_extract_dag.py:116} ERROR - Error fetching details for product 275621214: Expecting value: line 1 column 1 (char 0)
[2025-03-10T08:40:05.079+0000] {tiki_extract_dag.py:116} ERROR - Error fetching details for product 275335546: Expecting value: line 1 column 1 (char 0)
[2025-03-10T08:40:05.221+0000] {tiki_extract_dag.py:116} ERROR - Error fetching details for product 274904904: Expecting value: line 1 column 1 (char 0)
[2025-03-10T08:40:05.365+0000] {tiki_extract_dag.py:116} ERROR - Error fetching details for product 274456687: Expecting value: line 1 column 1 (char 0)
[2025-03-10T08:40:05.509+0000] {tiki_extract_dag.py:116} ERROR - Error fetching details for product 273653444: Expecting value: line 1 column 1 (char 0)
[2025-03-10T08:40:05.648+0000] {tiki_extract_dag.py:116} ERROR - Error fetching details for product 273559020: Expecting value: line 1 column 1 (char 0)
[2025-03-10T08:40:05.814+0000] {tiki_extract_dag.py:116} ERROR - Error fetching details for product 273454566: Expecting value: line 1 column 1 (char 0)
[2025-03-10T08:40:05.956+0000] {tiki_extract_dag.py:116} ERROR - Error fetching details for product 273440662: Expecting value: line 1 column 1 (char 0)
[2025-03-10T08:40:06.123+0000] {tiki_extract_dag.py:116} ERROR - Error fetching details for product 273366296: Expecting value: line 1 column 1 (char 0)
[2025-03-10T08:40:06.292+0000] {tiki_extract_dag.py:116} ERROR - Error fetching details for product 273258830: Expecting value: line 1 column 1 (char 0)
[2025-03-10T08:40:06.433+0000] {tiki_extract_dag.py:116} ERROR - Error fetching details for product 273252926: Expecting value: line 1 column 1 (char 0)
[2025-03-10T08:40:06.579+0000] {tiki_extract_dag.py:116} ERROR - Error fetching details for product 272394241: Expecting value: line 1 column 1 (char 0)
[2025-03-10T08:40:06.720+0000] {tiki_extract_dag.py:116} ERROR - Error fetching details for product 272348047: Expecting value: line 1 column 1 (char 0)
[2025-03-10T08:40:06.862+0000] {tiki_extract_dag.py:116} ERROR - Error fetching details for product 271954384: Expecting value: line 1 column 1 (char 0)
[2025-03-10T08:40:07.025+0000] {tiki_extract_dag.py:116} ERROR - Error fetching details for product 271798615: Expecting value: line 1 column 1 (char 0)
[2025-03-10T08:40:07.167+0000] {tiki_extract_dag.py:116} ERROR - Error fetching details for product 271730109: Expecting value: line 1 column 1 (char 0)
[2025-03-10T08:40:07.500+0000] {tiki_extract_dag.py:116} ERROR - Error fetching details for product 271362153: Expecting value: line 1 column 1 (char 0)
[2025-03-10T08:40:07.642+0000] {tiki_extract_dag.py:116} ERROR - Error fetching details for product 263675862: Expecting value: line 1 column 1 (char 0)
[2025-03-10T08:40:07.811+0000] {tiki_extract_dag.py:116} ERROR - Error fetching details for product 262908601: Expecting value: line 1 column 1 (char 0)
[2025-03-10T08:40:07.950+0000] {tiki_extract_dag.py:116} ERROR - Error fetching details for product 262516014: Expecting value: line 1 column 1 (char 0)
[2025-03-10T08:40:08.092+0000] {tiki_extract_dag.py:116} ERROR - Error fetching details for product 261965186: Expecting value: line 1 column 1 (char 0)
[2025-03-10T08:40:08.236+0000] {tiki_extract_dag.py:116} ERROR - Error fetching details for product 249178196: Expecting value: line 1 column 1 (char 0)
[2025-03-10T08:40:08.378+0000] {tiki_extract_dag.py:116} ERROR - Error fetching details for product 230203067: Expecting value: line 1 column 1 (char 0)
[2025-03-10T08:40:08.515+0000] {tiki_extract_dag.py:116} ERROR - Error fetching details for product 217645692: Expecting value: line 1 column 1 (char 0)
[2025-03-10T08:40:08.657+0000] {tiki_extract_dag.py:116} ERROR - Error fetching details for product 217548686: Expecting value: line 1 column 1 (char 0)
[2025-03-10T08:40:08.798+0000] {tiki_extract_dag.py:116} ERROR - Error fetching details for product 193366048: Expecting value: line 1 column 1 (char 0)
[2025-03-10T08:40:08.937+0000] {tiki_extract_dag.py:116} ERROR - Error fetching details for product 188030974: Expecting value: line 1 column 1 (char 0)
[2025-03-10T08:40:09.079+0000] {tiki_extract_dag.py:116} ERROR - Error fetching details for product 160450655: Expecting value: line 1 column 1 (char 0)
[2025-03-10T08:40:09.225+0000] {tiki_extract_dag.py:116} ERROR - Error fetching details for product 147969070: Expecting value: line 1 column 1 (char 0)
[2025-03-10T08:40:09.370+0000] {tiki_extract_dag.py:116} ERROR - Error fetching details for product 140940220: Expecting value: line 1 column 1 (char 0)
[2025-03-10T08:40:09.537+0000] {tiki_extract_dag.py:116} ERROR - Error fetching details for product 139632023: Expecting value: line 1 column 1 (char 0)
[2025-03-10T08:40:09.705+0000] {tiki_extract_dag.py:116} ERROR - Error fetching details for product 25949745: Expecting value: line 1 column 1 (char 0)
[2025-03-10T08:40:09.706+0000] {tiki_extract_dag.py:182} INFO - Extracted page 3/9 - dien-thoai-may-tinh-bang, total items: 240
[2025-03-10T08:40:18.091+0000] {tiki_extract_dag.py:185} ERROR - API error at page 4 - dien-thoai-may-tinh-bang: Expecting value: line 1 column 1 (char 0)
[2025-03-10T08:40:18.092+0000] {tiki_extract_dag.py:147} INFO - Starting crawl for category dien-tu-dien-lanh (ID: 1846)
[2025-03-10T08:40:18.254+0000] {tiki_extract_dag.py:188} ERROR - Failed to crawl category dien-tu-dien-lanh: Expecting value: line 1 column 1 (char 0)
[2025-03-10T08:40:18.255+0000] {tiki_extract_dag.py:147} INFO - Starting crawl for category lam-dep-suc-khoe (ID: 1520)
[2025-03-10T08:40:18.419+0000] {tiki_extract_dag.py:188} ERROR - Failed to crawl category lam-dep-suc-khoe: Expecting value: line 1 column 1 (char 0)
[2025-03-10T08:40:18.420+0000] {tiki_extract_dag.py:147} INFO - Starting crawl for category thoi-trang-nu (ID: 931)
[2025-03-10T08:40:18.584+0000] {tiki_extract_dag.py:188} ERROR - Failed to crawl category thoi-trang-nu: Expecting value: line 1 column 1 (char 0)
[2025-03-10T08:40:22.170+0000] {tiki_extract_dag.py:50} INFO - Updated crawled products at tiki-pipeline/tiki_crawled/crawled_products.json
[2025-03-10T08:40:22.171+0000] {tiki_extract_dag.py:199} INFO - Uploaded raw data to tiki-pipeline/tiki_raw_data/raw_20250310_084018.json, total items: 240
[2025-03-10T08:40:22.536+0000] {tiki_extract_dag.py:209} INFO - Saved metadata to tiki-pipeline/metadata/extract_run_metadata_20250310_084018.json
[2025-03-10T08:40:22.541+0000] {python.py:240} INFO - Done. Returned value was: None
[2025-03-10T08:40:22.558+0000] {taskinstance.py:341} INFO - ::group::Post task execution logs
[2025-03-10T08:40:22.559+0000] {taskinstance.py:353} INFO - Marking task as SUCCESS. dag_id=tiki_extract_dag, task_id=extract_data, run_id=manual__2025-03-10T08:28:32.716088+00:00, execution_date=20250310T082832, start_date=20250310T083843, end_date=20250310T084022
[2025-03-10T08:40:22.652+0000] {logging_mixin.py:190} INFO - Task instance in success state
[2025-03-10T08:40:22.653+0000] {logging_mixin.py:190} INFO -  Previous state of the Task instance: running
[2025-03-10T08:40:22.654+0000] {logging_mixin.py:190} INFO - Dag name:tiki_extract_dag queued_at:2025-03-10 08:28:32.732267+00:00
[2025-03-10T08:40:22.654+0000] {logging_mixin.py:190} INFO - Task hostname:c77555d100c4 operator:PythonOperator
[2025-03-10T08:40:22.695+0000] {local_task_job_runner.py:266} INFO - Task exited with return code 0
[2025-03-10T08:40:22.716+0000] {taskinstance.py:3901} INFO - 0 downstream tasks scheduled from follow-on schedule check
[2025-03-10T08:40:22.719+0000] {local_task_job_runner.py:245} INFO - ::endgroup::
