[2025-03-12T07:45:07.274+0000] {local_task_job_runner.py:123} INFO - ::group::Pre task execution logs
[2025-03-12T07:45:07.337+0000] {taskinstance.py:2614} INFO - Dependencies all met for dep_context=non-requeueable deps ti=<TaskInstance: tiki_etl_orchestration.manage_schema manual__2025-03-12T07:25:45.518022+00:00 [queued]>
[2025-03-12T07:45:08.035+0000] {taskinstance.py:2614} INFO - Dependencies all met for dep_context=requeueable deps ti=<TaskInstance: tiki_etl_orchestration.manage_schema manual__2025-03-12T07:25:45.518022+00:00 [queued]>
[2025-03-12T07:45:08.036+0000] {taskinstance.py:2867} INFO - Starting attempt 1 of 4
[2025-03-12T07:45:08.088+0000] {taskinstance.py:2890} INFO - Executing <Task(TriggerDagRunOperator): manage_schema> on 2025-03-12 07:25:45.518022+00:00
[2025-03-12T07:45:08.113+0000] {warnings.py:112} WARNING - /home/***/.local/lib/python3.12/site-packages/***/task/task_runner/standard_task_runner.py:70: DeprecationWarning: This process (pid=546) is multi-threaded, use of fork() may lead to deadlocks in the child.
  pid = os.fork()

[2025-03-12T07:45:08.116+0000] {standard_task_runner.py:72} INFO - Started process 548 to run task
[2025-03-12T07:45:08.116+0000] {standard_task_runner.py:104} INFO - Running: ['***', 'tasks', 'run', 'tiki_etl_orchestration', 'manage_schema', 'manual__2025-03-12T07:25:45.518022+00:00', '--job-id', '696', '--raw', '--subdir', 'DAGS_FOLDER/tiki_etl_orchestration.py', '--cfg-path', '/tmp/tmpsg3_gq2s']
[2025-03-12T07:45:08.134+0000] {standard_task_runner.py:105} INFO - Job 696: Subtask manage_schema
[2025-03-12T07:45:08.308+0000] {task_command.py:467} INFO - Running <TaskInstance: tiki_etl_orchestration.manage_schema manual__2025-03-12T07:25:45.518022+00:00 [running]> on host 3905098656d4
[2025-03-12T07:45:08.615+0000] {taskinstance.py:3134} INFO - Exporting env vars: AIRFLOW_CTX_DAG_OWNER='***' AIRFLOW_CTX_DAG_ID='tiki_etl_orchestration' AIRFLOW_CTX_TASK_ID='manage_schema' AIRFLOW_CTX_EXECUTION_DATE='2025-03-12T07:25:45.518022+00:00' AIRFLOW_CTX_TRY_NUMBER='1' AIRFLOW_CTX_DAG_RUN_ID='manual__2025-03-12T07:25:45.518022+00:00'
[2025-03-12T07:45:08.626+0000] {logging_mixin.py:190} INFO - Task instance is in running state
[2025-03-12T07:45:08.626+0000] {logging_mixin.py:190} INFO -  Previous state of the Task instance: queued
[2025-03-12T07:45:08.627+0000] {logging_mixin.py:190} INFO - Current task name:manage_schema state:running start_date:2025-03-12 07:45:07.339303+00:00
[2025-03-12T07:45:08.628+0000] {logging_mixin.py:190} INFO - Dag name:tiki_etl_orchestration and current dag run status:running
[2025-03-12T07:45:08.628+0000] {taskinstance.py:732} INFO - ::endgroup::
[2025-03-12T07:45:08.976+0000] {trigger_dagrun.py:257} INFO - Waiting for tiki_schema_management_dag on 2025-03-12 07:45:08.629845+00:00 to become allowed state ['success'] ...
[2025-03-12T07:46:08.987+0000] {trigger_dagrun.py:271} INFO - tiki_schema_management_dag finished with allowed state success
[2025-03-12T07:46:09.009+0000] {taskinstance.py:341} INFO - ::group::Post task execution logs
[2025-03-12T07:46:09.011+0000] {taskinstance.py:353} INFO - Marking task as SUCCESS. dag_id=tiki_etl_orchestration, task_id=manage_schema, run_id=manual__2025-03-12T07:25:45.518022+00:00, execution_date=20250312T072545, start_date=20250312T074507, end_date=20250312T074609
[2025-03-12T07:46:09.050+0000] {logging_mixin.py:190} INFO - Task instance in success state
[2025-03-12T07:46:09.050+0000] {logging_mixin.py:190} INFO -  Previous state of the Task instance: running
[2025-03-12T07:46:09.051+0000] {logging_mixin.py:190} INFO - Dag name:tiki_etl_orchestration queued_at:2025-03-12 07:25:47.095517+00:00
[2025-03-12T07:46:09.051+0000] {logging_mixin.py:190} INFO - Task hostname:3905098656d4 operator:TriggerDagRunOperator
[2025-03-12T07:46:09.112+0000] {local_task_job_runner.py:266} INFO - Task exited with return code 0
[2025-03-12T07:46:09.158+0000] {taskinstance.py:3901} INFO - 1 downstream tasks scheduled from follow-on schedule check
[2025-03-12T07:46:09.160+0000] {local_task_job_runner.py:245} INFO - ::endgroup::
