[2025-03-09T15:39:07.705+0000] {local_task_job_runner.py:123} INFO - ::group::Pre task execution logs
[2025-03-09T15:39:07.744+0000] {taskinstance.py:2614} INFO - Dependencies all met for dep_context=non-requeueable deps ti=<TaskInstance: tiki_etl_orchestration.trigger_extract manual__2025-03-09T15:39:02.971219+00:00 [queued]>
[2025-03-09T15:39:07.759+0000] {taskinstance.py:2614} INFO - Dependencies all met for dep_context=requeueable deps ti=<TaskInstance: tiki_etl_orchestration.trigger_extract manual__2025-03-09T15:39:02.971219+00:00 [queued]>
[2025-03-09T15:39:07.760+0000] {taskinstance.py:2867} INFO - Starting attempt 1 of 1
[2025-03-09T15:39:07.989+0000] {taskinstance.py:2890} INFO - Executing <Task(TriggerDagRunOperator): trigger_extract> on 2025-03-09 15:39:02.971219+00:00
[2025-03-09T15:39:08.003+0000] {warnings.py:112} WARNING - /home/***/.local/lib/python3.12/site-packages/***/task/task_runner/standard_task_runner.py:70: DeprecationWarning: This process (pid=72) is multi-threaded, use of fork() may lead to deadlocks in the child.
  pid = os.fork()

[2025-03-09T15:39:08.006+0000] {standard_task_runner.py:72} INFO - Started process 82 to run task
[2025-03-09T15:39:08.007+0000] {standard_task_runner.py:104} INFO - Running: ['***', 'tasks', 'run', 'tiki_etl_orchestration', 'trigger_extract', 'manual__2025-03-09T15:39:02.971219+00:00', '--job-id', '185', '--raw', '--subdir', 'DAGS_FOLDER/tiki_etl_orchestration.py', '--cfg-path', '/tmp/tmpctqjsntu']
[2025-03-09T15:39:08.009+0000] {standard_task_runner.py:105} INFO - Job 185: Subtask trigger_extract
[2025-03-09T15:39:08.105+0000] {task_command.py:467} INFO - Running <TaskInstance: tiki_etl_orchestration.trigger_extract manual__2025-03-09T15:39:02.971219+00:00 [running]> on host 10038f9c1f89
[2025-03-09T15:39:08.268+0000] {taskinstance.py:3134} INFO - Exporting env vars: AIRFLOW_CTX_DAG_OWNER='***' AIRFLOW_CTX_DAG_ID='tiki_etl_orchestration' AIRFLOW_CTX_TASK_ID='trigger_extract' AIRFLOW_CTX_EXECUTION_DATE='2025-03-09T15:39:02.971219+00:00' AIRFLOW_CTX_TRY_NUMBER='1' AIRFLOW_CTX_DAG_RUN_ID='manual__2025-03-09T15:39:02.971219+00:00'
[2025-03-09T15:39:08.270+0000] {logging_mixin.py:190} INFO - Task instance is in running state
[2025-03-09T15:39:08.271+0000] {logging_mixin.py:190} INFO -  Previous state of the Task instance: queued
[2025-03-09T15:39:08.272+0000] {logging_mixin.py:190} INFO - Current task name:trigger_extract state:running start_date:2025-03-09 15:39:07.746909+00:00
[2025-03-09T15:39:08.272+0000] {logging_mixin.py:190} INFO - Dag name:tiki_etl_orchestration and current dag run status:running
[2025-03-09T15:39:08.273+0000] {taskinstance.py:732} INFO - ::endgroup::
[2025-03-09T15:39:08.433+0000] {trigger_dagrun.py:257} INFO - Waiting for tiki_extract_dag on 2025-03-09 15:39:08.274787+00:00 to become allowed state ['success'] ...
[2025-03-09T15:39:18.447+0000] {trigger_dagrun.py:257} INFO - Waiting for tiki_extract_dag on 2025-03-09 15:39:08.274787+00:00 to become allowed state ['success'] ...
[2025-03-09T15:39:28.460+0000] {trigger_dagrun.py:257} INFO - Waiting for tiki_extract_dag on 2025-03-09 15:39:08.274787+00:00 to become allowed state ['success'] ...
[2025-03-09T15:39:38.471+0000] {trigger_dagrun.py:257} INFO - Waiting for tiki_extract_dag on 2025-03-09 15:39:08.274787+00:00 to become allowed state ['success'] ...
[2025-03-09T15:39:48.486+0000] {trigger_dagrun.py:257} INFO - Waiting for tiki_extract_dag on 2025-03-09 15:39:08.274787+00:00 to become allowed state ['success'] ...
[2025-03-09T15:39:58.500+0000] {trigger_dagrun.py:271} INFO - tiki_extract_dag finished with allowed state success
[2025-03-09T15:39:58.519+0000] {taskinstance.py:341} INFO - ::group::Post task execution logs
[2025-03-09T15:39:58.520+0000] {taskinstance.py:353} INFO - Marking task as SUCCESS. dag_id=tiki_etl_orchestration, task_id=trigger_extract, run_id=manual__2025-03-09T15:39:02.971219+00:00, execution_date=20250309T153902, start_date=20250309T153907, end_date=20250309T153958
[2025-03-09T15:39:58.562+0000] {logging_mixin.py:190} INFO - Task instance in success state
[2025-03-09T15:39:58.563+0000] {logging_mixin.py:190} INFO -  Previous state of the Task instance: running
[2025-03-09T15:39:58.564+0000] {logging_mixin.py:190} INFO - Dag name:tiki_etl_orchestration queued_at:2025-03-09 15:39:02.997333+00:00
[2025-03-09T15:39:58.564+0000] {logging_mixin.py:190} INFO - Task hostname:10038f9c1f89 operator:TriggerDagRunOperator
[2025-03-09T15:39:58.614+0000] {local_task_job_runner.py:266} INFO - Task exited with return code 0
[2025-03-09T15:39:58.670+0000] {taskinstance.py:3901} INFO - 1 downstream tasks scheduled from follow-on schedule check
[2025-03-09T15:39:58.673+0000] {local_task_job_runner.py:245} INFO - ::endgroup::
