[2025-03-09T16:02:07.165+0000] {local_task_job_runner.py:123} INFO - ::group::Pre task execution logs
[2025-03-09T16:02:07.196+0000] {taskinstance.py:2614} INFO - Dependencies all met for dep_context=non-requeueable deps ti=<TaskInstance: tiki_extract_dag.extract_data manual__2025-03-09T16:02:02.601631+00:00 [queued]>
[2025-03-09T16:02:07.211+0000] {taskinstance.py:2614} INFO - Dependencies all met for dep_context=requeueable deps ti=<TaskInstance: tiki_extract_dag.extract_data manual__2025-03-09T16:02:02.601631+00:00 [queued]>
[2025-03-09T16:02:07.212+0000] {taskinstance.py:2867} INFO - Starting attempt 1 of 1
[2025-03-09T16:02:07.240+0000] {taskinstance.py:2890} INFO - Executing <Task(PythonOperator): extract_data> on 2025-03-09 16:02:02.601631+00:00
[2025-03-09T16:02:07.253+0000] {warnings.py:112} WARNING - /home/***/.local/lib/python3.12/site-packages/***/task/task_runner/standard_task_runner.py:70: DeprecationWarning: This process (pid=106) is multi-threaded, use of fork() may lead to deadlocks in the child.
  pid = os.fork()

[2025-03-09T16:02:07.257+0000] {standard_task_runner.py:104} INFO - Running: ['***', 'tasks', 'run', 'tiki_extract_dag', 'extract_data', 'manual__2025-03-09T16:02:02.601631+00:00', '--job-id', '192', '--raw', '--subdir', 'DAGS_FOLDER/tiki_extract_dag.py', '--cfg-path', '/tmp/tmp_tlxn8v0']
[2025-03-09T16:02:07.259+0000] {standard_task_runner.py:72} INFO - Started process 108 to run task
[2025-03-09T16:02:07.259+0000] {standard_task_runner.py:105} INFO - Job 192: Subtask extract_data
[2025-03-09T16:02:07.348+0000] {task_command.py:467} INFO - Running <TaskInstance: tiki_extract_dag.extract_data manual__2025-03-09T16:02:02.601631+00:00 [running]> on host b9298747792f
[2025-03-09T16:02:07.939+0000] {taskinstance.py:3134} INFO - Exporting env vars: AIRFLOW_CTX_DAG_OWNER='***' AIRFLOW_CTX_DAG_ID='tiki_extract_dag' AIRFLOW_CTX_TASK_ID='extract_data' AIRFLOW_CTX_EXECUTION_DATE='2025-03-09T16:02:02.601631+00:00' AIRFLOW_CTX_TRY_NUMBER='1' AIRFLOW_CTX_DAG_RUN_ID='manual__2025-03-09T16:02:02.601631+00:00'
[2025-03-09T16:02:07.942+0000] {logging_mixin.py:190} INFO - Task instance is in running state
[2025-03-09T16:02:07.944+0000] {logging_mixin.py:190} INFO -  Previous state of the Task instance: queued
[2025-03-09T16:02:07.946+0000] {logging_mixin.py:190} INFO - Current task name:extract_data state:running start_date:2025-03-09 16:02:07.197552+00:00
[2025-03-09T16:02:07.947+0000] {logging_mixin.py:190} INFO - Dag name:tiki_extract_dag and current dag run status:running
[2025-03-09T16:02:07.948+0000] {taskinstance.py:732} INFO - ::endgroup::
[2025-03-09T16:02:07.982+0000] {tiki_extract_dag.py:20} INFO - Loaded categories: ['lam-dep-suc-khoe', 'dien-thoai-may-tinh-bang', 'laptop-may-vi-tinh-linh-kien', 'dien-gia-dung', 'sach', 'thiet-bi-kts-phu-kien-so', 'thoi-trang-nu', 'thoi-trang-nam', 'dong-ho-va-trang-suc', 'dien-tu-dien-lanh']
[2025-03-09T16:02:08.912+0000] {crawl_data.py:106} INFO - Crawling category lam-dep-suc-khoe with 1 pages
[2025-03-09T16:02:09.621+0000] {crawl_data.py:128} INFO - Skipped product 276003962 due to duplicate
[2025-03-09T16:02:09.623+0000] {crawl_data.py:128} INFO - Skipped product 275970393 due to duplicate
[2025-03-09T16:02:09.624+0000] {crawl_data.py:128} INFO - Skipped product 273598230 due to duplicate
[2025-03-09T16:02:09.625+0000] {crawl_data.py:128} INFO - Skipped product 191680827 due to duplicate
[2025-03-09T16:02:09.626+0000] {crawl_data.py:128} INFO - Skipped product 186434710 due to duplicate
[2025-03-09T16:02:09.628+0000] {crawl_data.py:128} INFO - Skipped product 179988643 due to duplicate
[2025-03-09T16:02:09.629+0000] {crawl_data.py:128} INFO - Skipped product 171564906 due to duplicate
[2025-03-09T16:02:09.630+0000] {crawl_data.py:128} INFO - Skipped product 168562118 due to duplicate
[2025-03-09T16:02:09.631+0000] {crawl_data.py:128} INFO - Skipped product 133245970 due to duplicate
[2025-03-09T16:02:09.632+0000] {crawl_data.py:128} INFO - Skipped product 128912879 due to duplicate
[2025-03-09T16:02:09.633+0000] {crawl_data.py:128} INFO - Skipped product 127026903 due to duplicate
[2025-03-09T16:02:09.635+0000] {crawl_data.py:128} INFO - Skipped product 118708687 due to duplicate
[2025-03-09T16:02:09.636+0000] {crawl_data.py:128} INFO - Skipped product 108535251 due to duplicate
[2025-03-09T16:02:09.637+0000] {crawl_data.py:128} INFO - Skipped product 95253531 due to duplicate
[2025-03-09T16:02:09.638+0000] {crawl_data.py:128} INFO - Skipped product 93078800 due to duplicate
[2025-03-09T16:02:09.639+0000] {crawl_data.py:128} INFO - Skipped product 91565733 due to duplicate
[2025-03-09T16:02:09.640+0000] {crawl_data.py:128} INFO - Skipped product 72644676 due to duplicate
[2025-03-09T16:02:09.641+0000] {crawl_data.py:128} INFO - Skipped product 25108217 due to duplicate
[2025-03-09T16:02:09.642+0000] {crawl_data.py:128} INFO - Skipped product 22254660 due to duplicate
[2025-03-09T16:02:09.643+0000] {crawl_data.py:128} INFO - Skipped product 22052325 due to duplicate
[2025-03-09T16:02:09.645+0000] {crawl_data.py:128} INFO - Skipped product 20541866 due to duplicate
[2025-03-09T16:02:09.647+0000] {crawl_data.py:128} INFO - Skipped product 14115539 due to duplicate
[2025-03-09T16:02:09.648+0000] {crawl_data.py:128} INFO - Skipped product 10298023 due to duplicate
[2025-03-09T16:02:09.649+0000] {crawl_data.py:128} INFO - Skipped product 10071383 due to duplicate
[2025-03-09T16:02:09.650+0000] {crawl_data.py:128} INFO - Skipped product 6874429 due to duplicate
[2025-03-09T16:02:09.651+0000] {crawl_data.py:128} INFO - Skipped product 5902685 due to duplicate
[2025-03-09T16:02:09.652+0000] {crawl_data.py:128} INFO - Skipped product 5560235 due to duplicate
[2025-03-09T16:02:09.653+0000] {crawl_data.py:128} INFO - Skipped product 3554629 due to duplicate
[2025-03-09T16:02:09.654+0000] {crawl_data.py:128} INFO - Skipped product 2042227 due to duplicate
[2025-03-09T16:02:09.655+0000] {crawl_data.py:128} INFO - Skipped product 1672211 due to duplicate
[2025-03-09T16:02:09.656+0000] {crawl_data.py:128} INFO - Skipped product 1672157 due to duplicate
[2025-03-09T16:02:09.657+0000] {crawl_data.py:128} INFO - Skipped product 1672155 due to duplicate
[2025-03-09T16:02:09.658+0000] {crawl_data.py:128} INFO - Skipped product 1672153 due to duplicate
[2025-03-09T16:02:09.659+0000] {crawl_data.py:128} INFO - Skipped product 1634983 due to duplicate
[2025-03-09T16:02:09.661+0000] {crawl_data.py:128} INFO - Skipped product 1634981 due to duplicate
[2025-03-09T16:02:09.662+0000] {crawl_data.py:128} INFO - Skipped product 1537315 due to duplicate
[2025-03-09T16:02:09.663+0000] {crawl_data.py:128} INFO - Skipped product 767101 due to duplicate
[2025-03-09T16:02:09.664+0000] {crawl_data.py:128} INFO - Skipped product 632680 due to duplicate
[2025-03-09T16:02:09.665+0000] {crawl_data.py:128} INFO - Skipped product 385654 due to duplicate
[2025-03-09T16:02:09.667+0000] {crawl_data.py:128} INFO - Skipped product 385582 due to duplicate
[2025-03-09T16:02:09.668+0000] {crawl_data.py:131} INFO - Extracted page 1 - lam-dep-suc-khoe, 40 items, total extracted: 0
[2025-03-09T16:02:14.572+0000] {crawl_data.py:106} INFO - Crawling category dien-thoai-may-tinh-bang with 1 pages
[2025-03-09T16:02:14.972+0000] {crawl_data.py:128} INFO - Skipped product 276559198 due to duplicate
[2025-03-09T16:02:14.973+0000] {crawl_data.py:128} INFO - Skipped product 276536922 due to duplicate
[2025-03-09T16:02:14.974+0000] {crawl_data.py:128} INFO - Skipped product 276515327 due to duplicate
[2025-03-09T16:02:14.975+0000] {crawl_data.py:128} INFO - Skipped product 276424626 due to duplicate
[2025-03-09T16:02:14.976+0000] {crawl_data.py:128} INFO - Skipped product 276411458 due to duplicate
[2025-03-09T16:02:14.976+0000] {crawl_data.py:128} INFO - Skipped product 276250878 due to duplicate
[2025-03-09T16:02:14.977+0000] {crawl_data.py:128} INFO - Skipped product 276166741 due to duplicate
[2025-03-09T16:02:14.978+0000] {crawl_data.py:128} INFO - Skipped product 276162093 due to duplicate
[2025-03-09T16:02:14.979+0000] {crawl_data.py:128} INFO - Skipped product 276110349 due to duplicate
[2025-03-09T16:02:14.979+0000] {crawl_data.py:128} INFO - Skipped product 276110276 due to duplicate
[2025-03-09T16:02:14.981+0000] {crawl_data.py:128} INFO - Skipped product 276110023 due to duplicate
[2025-03-09T16:02:14.981+0000] {crawl_data.py:128} INFO - Skipped product 276109904 due to duplicate
[2025-03-09T16:02:14.982+0000] {crawl_data.py:128} INFO - Skipped product 276099688 due to duplicate
[2025-03-09T16:02:14.983+0000] {crawl_data.py:128} INFO - Skipped product 275913708 due to duplicate
[2025-03-09T16:02:14.983+0000] {crawl_data.py:128} INFO - Skipped product 275510578 due to duplicate
[2025-03-09T16:02:14.984+0000] {crawl_data.py:128} INFO - Skipped product 275492145 due to duplicate
[2025-03-09T16:02:14.985+0000] {crawl_data.py:128} INFO - Skipped product 275307093 due to duplicate
[2025-03-09T16:02:14.986+0000] {crawl_data.py:128} INFO - Skipped product 275295008 due to duplicate
[2025-03-09T16:02:14.987+0000] {crawl_data.py:128} INFO - Skipped product 274171148 due to duplicate
[2025-03-09T16:02:14.988+0000] {crawl_data.py:128} INFO - Skipped product 274101262 due to duplicate
[2025-03-09T16:02:14.989+0000] {crawl_data.py:128} INFO - Skipped product 274101255 due to duplicate
[2025-03-09T16:02:14.990+0000] {crawl_data.py:128} INFO - Skipped product 274069052 due to duplicate
[2025-03-09T16:02:14.990+0000] {crawl_data.py:128} INFO - Skipped product 273668660 due to duplicate
[2025-03-09T16:02:14.991+0000] {crawl_data.py:128} INFO - Skipped product 273258825 due to duplicate
[2025-03-09T16:02:14.992+0000] {crawl_data.py:128} INFO - Skipped product 271128271 due to duplicate
[2025-03-09T16:02:14.992+0000] {crawl_data.py:128} INFO - Skipped product 270975124 due to duplicate
[2025-03-09T16:02:14.993+0000] {crawl_data.py:128} INFO - Skipped product 252586291 due to duplicate
[2025-03-09T16:02:14.994+0000] {crawl_data.py:128} INFO - Skipped product 217706932 due to duplicate
[2025-03-09T16:02:14.995+0000] {crawl_data.py:128} INFO - Skipped product 205815576 due to duplicate
[2025-03-09T16:02:14.995+0000] {crawl_data.py:128} INFO - Skipped product 201067649 due to duplicate
[2025-03-09T16:02:14.996+0000] {crawl_data.py:128} INFO - Skipped product 191350420 due to duplicate
[2025-03-09T16:02:14.997+0000] {crawl_data.py:128} INFO - Skipped product 184059211 due to duplicate
[2025-03-09T16:02:14.998+0000] {crawl_data.py:128} INFO - Skipped product 183330021 due to duplicate
[2025-03-09T16:02:14.998+0000] {crawl_data.py:128} INFO - Skipped product 181977398 due to duplicate
[2025-03-09T16:02:14.999+0000] {crawl_data.py:128} INFO - Skipped product 181928619 due to duplicate
[2025-03-09T16:02:15.000+0000] {crawl_data.py:128} INFO - Skipped product 170727266 due to duplicate
[2025-03-09T16:02:15.000+0000] {crawl_data.py:128} INFO - Skipped product 170165701 due to duplicate
[2025-03-09T16:02:15.001+0000] {crawl_data.py:128} INFO - Skipped product 163914808 due to duplicate
[2025-03-09T16:02:15.002+0000] {crawl_data.py:128} INFO - Skipped product 125182567 due to duplicate
[2025-03-09T16:02:15.003+0000] {crawl_data.py:128} INFO - Skipped product 118139108 due to duplicate
[2025-03-09T16:02:15.003+0000] {crawl_data.py:131} INFO - Extracted page 1 - dien-thoai-may-tinh-bang, 40 items, total extracted: 0
[2025-03-09T16:02:19.993+0000] {crawl_data.py:106} INFO - Crawling category laptop-may-vi-tinh-linh-kien with 1 pages
[2025-03-09T16:02:20.429+0000] {crawl_data.py:128} INFO - Skipped product 275797120 due to duplicate
[2025-03-09T16:02:20.431+0000] {crawl_data.py:128} INFO - Skipped product 275196131 due to duplicate
[2025-03-09T16:02:20.432+0000] {crawl_data.py:128} INFO - Skipped product 275171088 due to duplicate
[2025-03-09T16:02:20.433+0000] {crawl_data.py:128} INFO - Skipped product 273124552 due to duplicate
[2025-03-09T16:02:20.434+0000] {crawl_data.py:128} INFO - Skipped product 247241493 due to duplicate
[2025-03-09T16:02:20.435+0000] {crawl_data.py:128} INFO - Skipped product 192208694 due to duplicate
[2025-03-09T16:02:20.436+0000] {crawl_data.py:128} INFO - Skipped product 191975880 due to duplicate
[2025-03-09T16:02:20.438+0000] {crawl_data.py:128} INFO - Skipped product 191629807 due to duplicate
[2025-03-09T16:02:20.439+0000] {crawl_data.py:128} INFO - Skipped product 174593821 due to duplicate
[2025-03-09T16:02:20.440+0000] {crawl_data.py:128} INFO - Skipped product 142459136 due to duplicate
[2025-03-09T16:02:20.441+0000] {crawl_data.py:128} INFO - Skipped product 138481685 due to duplicate
[2025-03-09T16:02:20.442+0000] {crawl_data.py:128} INFO - Skipped product 137805214 due to duplicate
[2025-03-09T16:02:20.444+0000] {crawl_data.py:128} INFO - Skipped product 134561311 due to duplicate
[2025-03-09T16:02:20.445+0000] {crawl_data.py:128} INFO - Skipped product 107360880 due to duplicate
[2025-03-09T16:02:20.446+0000] {crawl_data.py:128} INFO - Skipped product 107058325 due to duplicate
[2025-03-09T16:02:20.447+0000] {crawl_data.py:128} INFO - Skipped product 100625195 due to duplicate
[2025-03-09T16:02:20.448+0000] {crawl_data.py:128} INFO - Skipped product 86123397 due to duplicate
[2025-03-09T16:02:20.449+0000] {crawl_data.py:128} INFO - Skipped product 78020993 due to duplicate
[2025-03-09T16:02:20.449+0000] {crawl_data.py:128} INFO - Skipped product 76283023 due to duplicate
[2025-03-09T16:02:20.450+0000] {crawl_data.py:128} INFO - Skipped product 76181490 due to duplicate
[2025-03-09T16:02:20.451+0000] {crawl_data.py:128} INFO - Skipped product 76054860 due to duplicate
[2025-03-09T16:02:20.452+0000] {crawl_data.py:128} INFO - Skipped product 74561661 due to duplicate
[2025-03-09T16:02:20.453+0000] {crawl_data.py:128} INFO - Skipped product 74547194 due to duplicate
[2025-03-09T16:02:20.454+0000] {crawl_data.py:128} INFO - Skipped product 73312665 due to duplicate
[2025-03-09T16:02:20.455+0000] {crawl_data.py:128} INFO - Skipped product 68828151 due to duplicate
[2025-03-09T16:02:20.456+0000] {crawl_data.py:128} INFO - Skipped product 59251056 due to duplicate
[2025-03-09T16:02:20.457+0000] {crawl_data.py:128} INFO - Skipped product 53080935 due to duplicate
[2025-03-09T16:02:20.457+0000] {crawl_data.py:128} INFO - Skipped product 53056161 due to duplicate
[2025-03-09T16:02:20.458+0000] {crawl_data.py:128} INFO - Skipped product 42561594 due to duplicate
[2025-03-09T16:02:20.459+0000] {crawl_data.py:128} INFO - Skipped product 10001369 due to duplicate
[2025-03-09T16:02:20.460+0000] {crawl_data.py:128} INFO - Skipped product 6910261 due to duplicate
[2025-03-09T16:02:20.460+0000] {crawl_data.py:128} INFO - Skipped product 6403893 due to duplicate
[2025-03-09T16:02:20.461+0000] {crawl_data.py:128} INFO - Skipped product 3054369 due to duplicate
[2025-03-09T16:02:20.462+0000] {crawl_data.py:128} INFO - Skipped product 806672 due to duplicate
[2025-03-09T16:02:20.463+0000] {crawl_data.py:128} INFO - Skipped product 754249 due to duplicate
[2025-03-09T16:02:20.464+0000] {crawl_data.py:128} INFO - Skipped product 618526 due to duplicate
[2025-03-09T16:02:20.465+0000] {crawl_data.py:128} INFO - Skipped product 511960 due to duplicate
[2025-03-09T16:02:20.466+0000] {crawl_data.py:128} INFO - Skipped product 465219 due to duplicate
[2025-03-09T16:02:20.467+0000] {crawl_data.py:128} INFO - Skipped product 416990 due to duplicate
[2025-03-09T16:02:20.467+0000] {crawl_data.py:128} INFO - Skipped product 416978 due to duplicate
[2025-03-09T16:02:20.469+0000] {crawl_data.py:131} INFO - Extracted page 1 - laptop-may-vi-tinh-linh-kien, 40 items, total extracted: 0
[2025-03-09T16:02:23.585+0000] {crawl_data.py:106} INFO - Crawling category dien-gia-dung with 1 pages
[2025-03-09T16:02:24.002+0000] {crawl_data.py:128} INFO - Skipped product 275515112 due to duplicate
[2025-03-09T16:02:24.004+0000] {crawl_data.py:128} INFO - Skipped product 275189129 due to duplicate
[2025-03-09T16:02:24.006+0000] {crawl_data.py:128} INFO - Skipped product 274160498 due to duplicate
[2025-03-09T16:02:24.007+0000] {crawl_data.py:128} INFO - Skipped product 273561794 due to duplicate
[2025-03-09T16:02:24.009+0000] {crawl_data.py:128} INFO - Skipped product 273310816 due to duplicate
[2025-03-09T16:02:24.011+0000] {crawl_data.py:128} INFO - Skipped product 262733056 due to duplicate
[2025-03-09T16:02:24.014+0000] {crawl_data.py:128} INFO - Skipped product 188042106 due to duplicate
[2025-03-09T16:02:24.015+0000] {crawl_data.py:128} INFO - Skipped product 187938785 due to duplicate
[2025-03-09T16:02:24.016+0000] {crawl_data.py:128} INFO - Skipped product 157950027 due to duplicate
[2025-03-09T16:02:24.018+0000] {crawl_data.py:128} INFO - Skipped product 147903537 due to duplicate
[2025-03-09T16:02:24.022+0000] {crawl_data.py:128} INFO - Skipped product 147903536 due to duplicate
[2025-03-09T16:02:24.023+0000] {crawl_data.py:128} INFO - Skipped product 134333384 due to duplicate
[2025-03-09T16:02:24.024+0000] {crawl_data.py:128} INFO - Skipped product 127046577 due to duplicate
[2025-03-09T16:02:24.025+0000] {crawl_data.py:128} INFO - Skipped product 110255220 due to duplicate
[2025-03-09T16:02:24.026+0000] {crawl_data.py:128} INFO - Skipped product 104908436 due to duplicate
[2025-03-09T16:02:24.028+0000] {crawl_data.py:128} INFO - Skipped product 104850983 due to duplicate
[2025-03-09T16:02:24.029+0000] {crawl_data.py:128} INFO - Skipped product 78488079 due to duplicate
[2025-03-09T16:02:24.030+0000] {crawl_data.py:128} INFO - Skipped product 74890928 due to duplicate
[2025-03-09T16:02:24.031+0000] {crawl_data.py:128} INFO - Skipped product 74173695 due to duplicate
[2025-03-09T16:02:24.036+0000] {crawl_data.py:128} INFO - Skipped product 72825272 due to duplicate
[2025-03-09T16:02:24.043+0000] {crawl_data.py:128} INFO - Skipped product 68771348 due to duplicate
[2025-03-09T16:02:24.045+0000] {crawl_data.py:128} INFO - Skipped product 66512832 due to duplicate
[2025-03-09T16:02:24.047+0000] {crawl_data.py:128} INFO - Skipped product 63564217 due to duplicate
[2025-03-09T16:02:24.048+0000] {crawl_data.py:128} INFO - Skipped product 59479717 due to duplicate
[2025-03-09T16:02:24.049+0000] {crawl_data.py:128} INFO - Skipped product 54716577 due to duplicate
[2025-03-09T16:02:24.050+0000] {crawl_data.py:128} INFO - Skipped product 48962414 due to duplicate
[2025-03-09T16:02:24.058+0000] {crawl_data.py:128} INFO - Skipped product 48025254 due to duplicate
[2025-03-09T16:02:24.059+0000] {crawl_data.py:128} INFO - Skipped product 44996545 due to duplicate
[2025-03-09T16:02:24.061+0000] {crawl_data.py:128} INFO - Skipped product 36626940 due to duplicate
[2025-03-09T16:02:24.062+0000] {crawl_data.py:128} INFO - Skipped product 11755648 due to duplicate
[2025-03-09T16:02:24.063+0000] {crawl_data.py:128} INFO - Skipped product 10597625 due to duplicate
[2025-03-09T16:02:24.064+0000] {crawl_data.py:128} INFO - Skipped product 9483224 due to duplicate
[2025-03-09T16:02:24.067+0000] {crawl_data.py:128} INFO - Skipped product 4701559 due to duplicate
[2025-03-09T16:02:24.068+0000] {crawl_data.py:128} INFO - Skipped product 4534531 due to duplicate
[2025-03-09T16:02:24.070+0000] {crawl_data.py:128} INFO - Skipped product 3480333 due to duplicate
[2025-03-09T16:02:24.072+0000] {crawl_data.py:128} INFO - Skipped product 2365901 due to duplicate
[2025-03-09T16:02:24.076+0000] {crawl_data.py:128} INFO - Skipped product 794609 due to duplicate
[2025-03-09T16:02:24.079+0000] {crawl_data.py:128} INFO - Skipped product 558109 due to duplicate
[2025-03-09T16:02:24.081+0000] {crawl_data.py:128} INFO - Skipped product 530774 due to duplicate
[2025-03-09T16:02:24.082+0000] {crawl_data.py:128} INFO - Skipped product 414764 due to duplicate
[2025-03-09T16:02:24.083+0000] {crawl_data.py:131} INFO - Extracted page 1 - dien-gia-dung, 40 items, total extracted: 0
[2025-03-09T16:02:28.378+0000] {crawl_data.py:106} INFO - Crawling category sach with 1 pages
[2025-03-09T16:02:28.670+0000] {crawl_data.py:128} INFO - Skipped product 276159943 due to duplicate
[2025-03-09T16:02:28.671+0000] {crawl_data.py:128} INFO - Skipped product 275702538 due to duplicate
[2025-03-09T16:02:28.672+0000] {crawl_data.py:128} INFO - Skipped product 275406600 due to duplicate
[2025-03-09T16:02:28.673+0000] {crawl_data.py:128} INFO - Skipped product 273844978 due to duplicate
[2025-03-09T16:02:28.674+0000] {crawl_data.py:128} INFO - Skipped product 263070154 due to duplicate
[2025-03-09T16:02:28.675+0000] {crawl_data.py:128} INFO - Skipped product 225269677 due to duplicate
[2025-03-09T16:02:28.675+0000] {crawl_data.py:128} INFO - Skipped product 209389165 due to duplicate
[2025-03-09T16:02:28.676+0000] {crawl_data.py:128} INFO - Skipped product 196932307 due to duplicate
[2025-03-09T16:02:28.677+0000] {crawl_data.py:128} INFO - Skipped product 195801686 due to duplicate
[2025-03-09T16:02:28.678+0000] {crawl_data.py:128} INFO - Skipped product 194960721 due to duplicate
[2025-03-09T16:02:28.679+0000] {crawl_data.py:128} INFO - Skipped product 194959173 due to duplicate
[2025-03-09T16:02:28.680+0000] {crawl_data.py:128} INFO - Skipped product 193614514 due to duplicate
[2025-03-09T16:02:28.681+0000] {crawl_data.py:128} INFO - Skipped product 193151000 due to duplicate
[2025-03-09T16:02:28.682+0000] {crawl_data.py:128} INFO - Skipped product 190861557 due to duplicate
[2025-03-09T16:02:28.682+0000] {crawl_data.py:128} INFO - Skipped product 189643105 due to duplicate
[2025-03-09T16:02:28.683+0000] {crawl_data.py:128} INFO - Skipped product 188940817 due to duplicate
[2025-03-09T16:02:28.684+0000] {crawl_data.py:128} INFO - Skipped product 184466860 due to duplicate
[2025-03-09T16:02:28.685+0000] {crawl_data.py:128} INFO - Skipped product 171556602 due to duplicate
[2025-03-09T16:02:28.686+0000] {crawl_data.py:128} INFO - Skipped product 170708233 due to duplicate
[2025-03-09T16:02:28.687+0000] {crawl_data.py:128} INFO - Skipped product 168283405 due to duplicate
[2025-03-09T16:02:28.687+0000] {crawl_data.py:128} INFO - Skipped product 161310103 due to duplicate
[2025-03-09T16:02:28.688+0000] {crawl_data.py:128} INFO - Skipped product 161008715 due to duplicate
[2025-03-09T16:02:28.689+0000] {crawl_data.py:128} INFO - Skipped product 157432544 due to duplicate
[2025-03-09T16:02:28.689+0000] {crawl_data.py:128} INFO - Skipped product 145288029 due to duplicate
[2025-03-09T16:02:28.690+0000] {crawl_data.py:128} INFO - Skipped product 138107485 due to duplicate
[2025-03-09T16:02:28.691+0000] {crawl_data.py:128} INFO - Skipped product 114937969 due to duplicate
[2025-03-09T16:02:28.691+0000] {crawl_data.py:128} INFO - Skipped product 113530805 due to duplicate
[2025-03-09T16:02:28.692+0000] {crawl_data.py:128} INFO - Skipped product 106185389 due to duplicate
[2025-03-09T16:02:28.692+0000] {crawl_data.py:128} INFO - Skipped product 104769768 due to duplicate
[2025-03-09T16:02:28.693+0000] {crawl_data.py:128} INFO - Skipped product 103379147 due to duplicate
[2025-03-09T16:02:28.694+0000] {crawl_data.py:128} INFO - Skipped product 85763211 due to duplicate
[2025-03-09T16:02:28.695+0000] {crawl_data.py:128} INFO - Skipped product 78598381 due to duplicate
[2025-03-09T16:02:28.696+0000] {crawl_data.py:128} INFO - Skipped product 77774625 due to duplicate
[2025-03-09T16:02:28.696+0000] {crawl_data.py:128} INFO - Skipped product 74021317 due to duplicate
[2025-03-09T16:02:28.697+0000] {crawl_data.py:128} INFO - Skipped product 73787185 due to duplicate
[2025-03-09T16:02:28.698+0000] {crawl_data.py:128} INFO - Skipped product 72308265 due to duplicate
[2025-03-09T16:02:28.698+0000] {crawl_data.py:128} INFO - Skipped product 54614797 due to duplicate
[2025-03-09T16:02:28.699+0000] {crawl_data.py:128} INFO - Skipped product 53720978 due to duplicate
[2025-03-09T16:02:28.700+0000] {crawl_data.py:128} INFO - Skipped product 52788072 due to duplicate
[2025-03-09T16:02:28.700+0000] {crawl_data.py:128} INFO - Skipped product 8885995 due to duplicate
[2025-03-09T16:02:28.701+0000] {crawl_data.py:131} INFO - Extracted page 1 - sach, 40 items, total extracted: 0
[2025-03-09T16:02:30.833+0000] {crawl_data.py:106} INFO - Crawling category thiet-bi-kts-phu-kien-so with 1 pages
[2025-03-09T16:02:31.373+0000] {crawl_data.py:128} INFO - Skipped product 276135518 due to duplicate
[2025-03-09T16:02:31.375+0000] {crawl_data.py:128} INFO - Skipped product 276117054 due to duplicate
[2025-03-09T16:02:31.376+0000] {crawl_data.py:128} INFO - Skipped product 274388406 due to duplicate
[2025-03-09T16:02:31.376+0000] {crawl_data.py:128} INFO - Skipped product 263433314 due to duplicate
[2025-03-09T16:02:31.377+0000] {crawl_data.py:128} INFO - Skipped product 227746564 due to duplicate
[2025-03-09T16:02:31.378+0000] {crawl_data.py:128} INFO - Skipped product 192977208 due to duplicate
[2025-03-09T16:02:31.379+0000] {crawl_data.py:128} INFO - Skipped product 191502436 due to duplicate
[2025-03-09T16:02:31.380+0000] {crawl_data.py:128} INFO - Skipped product 179541784 due to duplicate
[2025-03-09T16:02:31.380+0000] {crawl_data.py:128} INFO - Skipped product 176752662 due to duplicate
[2025-03-09T16:02:31.381+0000] {crawl_data.py:128} INFO - Skipped product 174599595 due to duplicate
[2025-03-09T16:02:31.382+0000] {crawl_data.py:128} INFO - Skipped product 174593860 due to duplicate
[2025-03-09T16:02:31.382+0000] {crawl_data.py:128} INFO - Skipped product 174593826 due to duplicate
[2025-03-09T16:02:31.383+0000] {crawl_data.py:128} INFO - Skipped product 172146754 due to duplicate
[2025-03-09T16:02:31.383+0000] {crawl_data.py:128} INFO - Skipped product 170273830 due to duplicate
[2025-03-09T16:02:31.384+0000] {crawl_data.py:128} INFO - Skipped product 162772687 due to duplicate
[2025-03-09T16:02:31.385+0000] {crawl_data.py:128} INFO - Skipped product 161007768 due to duplicate
[2025-03-09T16:02:31.386+0000] {crawl_data.py:128} INFO - Skipped product 142439870 due to duplicate
[2025-03-09T16:02:31.386+0000] {crawl_data.py:128} INFO - Skipped product 137864606 due to duplicate
[2025-03-09T16:02:31.387+0000] {crawl_data.py:128} INFO - Skipped product 134364129 due to duplicate
[2025-03-09T16:02:31.388+0000] {crawl_data.py:128} INFO - Skipped product 116725239 due to duplicate
[2025-03-09T16:02:31.389+0000] {crawl_data.py:128} INFO - Skipped product 116566083 due to duplicate
[2025-03-09T16:02:31.389+0000] {crawl_data.py:128} INFO - Skipped product 110850007 due to duplicate
[2025-03-09T16:02:31.391+0000] {crawl_data.py:128} INFO - Skipped product 107067035 due to duplicate
[2025-03-09T16:02:31.392+0000] {crawl_data.py:128} INFO - Skipped product 89208874 due to duplicate
[2025-03-09T16:02:31.393+0000] {crawl_data.py:128} INFO - Skipped product 88796437 due to duplicate
[2025-03-09T16:02:31.393+0000] {crawl_data.py:128} INFO - Skipped product 80857582 due to duplicate
[2025-03-09T16:02:31.395+0000] {crawl_data.py:128} INFO - Skipped product 73315307 due to duplicate
[2025-03-09T16:02:31.396+0000] {crawl_data.py:128} INFO - Skipped product 68985833 due to duplicate
[2025-03-09T16:02:31.396+0000] {crawl_data.py:128} INFO - Skipped product 52945747 due to duplicate
[2025-03-09T16:02:31.397+0000] {crawl_data.py:128} INFO - Skipped product 49658272 due to duplicate
[2025-03-09T16:02:31.398+0000] {crawl_data.py:128} INFO - Skipped product 49648343 due to duplicate
[2025-03-09T16:02:31.399+0000] {crawl_data.py:128} INFO - Skipped product 36007224 due to duplicate
[2025-03-09T16:02:31.400+0000] {crawl_data.py:128} INFO - Skipped product 35420153 due to duplicate
[2025-03-09T16:02:31.400+0000] {crawl_data.py:128} INFO - Skipped product 4312979 due to duplicate
[2025-03-09T16:02:31.401+0000] {crawl_data.py:128} INFO - Skipped product 3671793 due to duplicate
[2025-03-09T16:02:31.402+0000] {crawl_data.py:128} INFO - Skipped product 554401 due to duplicate
[2025-03-09T16:02:31.402+0000] {crawl_data.py:128} INFO - Skipped product 389145 due to duplicate
[2025-03-09T16:02:31.403+0000] {crawl_data.py:128} INFO - Skipped product 359484 due to duplicate
[2025-03-09T16:02:31.404+0000] {crawl_data.py:128} INFO - Skipped product 299461 due to duplicate
[2025-03-09T16:02:31.405+0000] {crawl_data.py:128} INFO - Skipped product 126697 due to duplicate
[2025-03-09T16:02:31.406+0000] {crawl_data.py:131} INFO - Extracted page 1 - thiet-bi-kts-phu-kien-so, 40 items, total extracted: 0
[2025-03-09T16:02:33.582+0000] {crawl_data.py:106} INFO - Crawling category thoi-trang-nu with 1 pages
[2025-03-09T16:02:34.103+0000] {crawl_data.py:128} INFO - Skipped product 272394686 due to duplicate
[2025-03-09T16:02:34.104+0000] {crawl_data.py:128} INFO - Skipped product 187657697 due to duplicate
[2025-03-09T16:02:34.105+0000] {crawl_data.py:128} INFO - Skipped product 182148167 due to duplicate
[2025-03-09T16:02:34.106+0000] {crawl_data.py:128} INFO - Skipped product 177320879 due to duplicate
[2025-03-09T16:02:34.107+0000] {crawl_data.py:128} INFO - Skipped product 166530485 due to duplicate
[2025-03-09T16:02:34.108+0000] {crawl_data.py:128} INFO - Skipped product 165844516 due to duplicate
[2025-03-09T16:02:34.108+0000] {crawl_data.py:128} INFO - Skipped product 146635373 due to duplicate
[2025-03-09T16:02:34.109+0000] {crawl_data.py:128} INFO - Skipped product 145289939 due to duplicate
[2025-03-09T16:02:34.110+0000] {crawl_data.py:128} INFO - Skipped product 144324230 due to duplicate
[2025-03-09T16:02:34.111+0000] {crawl_data.py:128} INFO - Skipped product 132171331 due to duplicate
[2025-03-09T16:02:34.113+0000] {crawl_data.py:128} INFO - Skipped product 132126497 due to duplicate
[2025-03-09T16:02:34.114+0000] {crawl_data.py:128} INFO - Skipped product 131907412 due to duplicate
[2025-03-09T16:02:34.115+0000] {crawl_data.py:128} INFO - Skipped product 124238677 due to duplicate
[2025-03-09T16:02:34.116+0000] {crawl_data.py:128} INFO - Skipped product 118014158 due to duplicate
[2025-03-09T16:02:34.117+0000] {crawl_data.py:128} INFO - Skipped product 107056472 due to duplicate
[2025-03-09T16:02:34.118+0000] {crawl_data.py:128} INFO - Skipped product 106782807 due to duplicate
[2025-03-09T16:02:34.118+0000] {crawl_data.py:128} INFO - Skipped product 106765137 due to duplicate
[2025-03-09T16:02:34.119+0000] {crawl_data.py:128} INFO - Skipped product 106750367 due to duplicate
[2025-03-09T16:02:34.120+0000] {crawl_data.py:128} INFO - Skipped product 106002718 due to duplicate
[2025-03-09T16:02:34.121+0000] {crawl_data.py:128} INFO - Skipped product 101949563 due to duplicate
[2025-03-09T16:02:34.122+0000] {crawl_data.py:128} INFO - Skipped product 101439243 due to duplicate
[2025-03-09T16:02:34.122+0000] {crawl_data.py:128} INFO - Skipped product 97790859 due to duplicate
[2025-03-09T16:02:34.123+0000] {crawl_data.py:128} INFO - Skipped product 84574514 due to duplicate
[2025-03-09T16:02:34.124+0000] {crawl_data.py:128} INFO - Skipped product 84446029 due to duplicate
[2025-03-09T16:02:34.125+0000] {crawl_data.py:128} INFO - Skipped product 83907537 due to duplicate
[2025-03-09T16:02:34.126+0000] {crawl_data.py:128} INFO - Skipped product 83812939 due to duplicate
[2025-03-09T16:02:34.126+0000] {crawl_data.py:128} INFO - Skipped product 83757503 due to duplicate
[2025-03-09T16:02:34.127+0000] {crawl_data.py:128} INFO - Skipped product 82874281 due to duplicate
[2025-03-09T16:02:34.128+0000] {crawl_data.py:128} INFO - Skipped product 82704606 due to duplicate
[2025-03-09T16:02:34.129+0000] {crawl_data.py:128} INFO - Skipped product 82700848 due to duplicate
[2025-03-09T16:02:34.130+0000] {crawl_data.py:128} INFO - Skipped product 82700777 due to duplicate
[2025-03-09T16:02:34.131+0000] {crawl_data.py:128} INFO - Skipped product 82695200 due to duplicate
[2025-03-09T16:02:34.132+0000] {crawl_data.py:128} INFO - Skipped product 76661889 due to duplicate
[2025-03-09T16:02:34.133+0000] {crawl_data.py:128} INFO - Skipped product 68196229 due to duplicate
[2025-03-09T16:02:34.134+0000] {crawl_data.py:128} INFO - Skipped product 66089930 due to duplicate
[2025-03-09T16:02:34.135+0000] {crawl_data.py:128} INFO - Skipped product 57982432 due to duplicate
[2025-03-09T16:02:34.135+0000] {crawl_data.py:128} INFO - Skipped product 55042458 due to duplicate
[2025-03-09T16:02:34.136+0000] {crawl_data.py:128} INFO - Skipped product 44248342 due to duplicate
[2025-03-09T16:02:34.137+0000] {crawl_data.py:128} INFO - Skipped product 42712220 due to duplicate
[2025-03-09T16:02:34.138+0000] {crawl_data.py:128} INFO - Skipped product 36904256 due to duplicate
[2025-03-09T16:02:34.138+0000] {crawl_data.py:131} INFO - Extracted page 1 - thoi-trang-nu, 40 items, total extracted: 0
[2025-03-09T16:02:37.051+0000] {crawl_data.py:106} INFO - Crawling category thoi-trang-nam with 1 pages
[2025-03-09T16:02:37.681+0000] {crawl_data.py:128} INFO - Skipped product 276233070 due to duplicate
[2025-03-09T16:02:37.682+0000] {crawl_data.py:128} INFO - Skipped product 199752718 due to duplicate
[2025-03-09T16:02:37.683+0000] {crawl_data.py:128} INFO - Skipped product 193504415 due to duplicate
[2025-03-09T16:02:37.683+0000] {crawl_data.py:128} INFO - Skipped product 187574051 due to duplicate
[2025-03-09T16:02:37.684+0000] {crawl_data.py:128} INFO - Skipped product 176250783 due to duplicate
[2025-03-09T16:02:37.685+0000] {crawl_data.py:128} INFO - Skipped product 172210350 due to duplicate
[2025-03-09T16:02:37.685+0000] {crawl_data.py:128} INFO - Skipped product 163149118 due to duplicate
[2025-03-09T16:02:37.686+0000] {crawl_data.py:128} INFO - Skipped product 162033134 due to duplicate
[2025-03-09T16:02:37.686+0000] {crawl_data.py:128} INFO - Skipped product 154298071 due to duplicate
[2025-03-09T16:02:37.687+0000] {crawl_data.py:128} INFO - Skipped product 145680551 due to duplicate
[2025-03-09T16:02:37.687+0000] {crawl_data.py:128} INFO - Skipped product 133821238 due to duplicate
[2025-03-09T16:02:37.688+0000] {crawl_data.py:128} INFO - Skipped product 126700166 due to duplicate
[2025-03-09T16:02:37.689+0000] {crawl_data.py:128} INFO - Skipped product 126146318 due to duplicate
[2025-03-09T16:02:37.689+0000] {crawl_data.py:128} INFO - Skipped product 124635780 due to duplicate
[2025-03-09T16:02:37.690+0000] {crawl_data.py:128} INFO - Skipped product 111972654 due to duplicate
[2025-03-09T16:02:37.691+0000] {crawl_data.py:128} INFO - Skipped product 109403033 due to duplicate
[2025-03-09T16:02:37.691+0000] {crawl_data.py:128} INFO - Skipped product 107186342 due to duplicate
[2025-03-09T16:02:37.692+0000] {crawl_data.py:128} INFO - Skipped product 104312787 due to duplicate
[2025-03-09T16:02:37.693+0000] {crawl_data.py:128} INFO - Skipped product 104080625 due to duplicate
[2025-03-09T16:02:37.693+0000] {crawl_data.py:128} INFO - Skipped product 103076103 due to duplicate
[2025-03-09T16:02:37.694+0000] {crawl_data.py:128} INFO - Skipped product 99968881 due to duplicate
[2025-03-09T16:02:37.695+0000] {crawl_data.py:128} INFO - Skipped product 99958075 due to duplicate
[2025-03-09T16:02:37.695+0000] {crawl_data.py:128} INFO - Skipped product 95052893 due to duplicate
[2025-03-09T16:02:37.696+0000] {crawl_data.py:128} INFO - Skipped product 88011606 due to duplicate
[2025-03-09T16:02:37.696+0000] {crawl_data.py:128} INFO - Skipped product 87981660 due to duplicate
[2025-03-09T16:02:37.697+0000] {crawl_data.py:128} INFO - Skipped product 79435123 due to duplicate
[2025-03-09T16:02:37.698+0000] {crawl_data.py:128} INFO - Skipped product 76537581 due to duplicate
[2025-03-09T16:02:37.698+0000] {crawl_data.py:128} INFO - Skipped product 75329276 due to duplicate
[2025-03-09T16:02:37.699+0000] {crawl_data.py:128} INFO - Skipped product 74536479 due to duplicate
[2025-03-09T16:02:37.699+0000] {crawl_data.py:128} INFO - Skipped product 56614642 due to duplicate
[2025-03-09T16:02:37.700+0000] {crawl_data.py:128} INFO - Skipped product 52189164 due to duplicate
[2025-03-09T16:02:37.701+0000] {crawl_data.py:128} INFO - Skipped product 52184516 due to duplicate
[2025-03-09T16:02:37.701+0000] {crawl_data.py:128} INFO - Skipped product 35087712 due to duplicate
[2025-03-09T16:02:37.702+0000] {crawl_data.py:128} INFO - Skipped product 31638135 due to duplicate
[2025-03-09T16:02:37.703+0000] {crawl_data.py:128} INFO - Skipped product 31637590 due to duplicate
[2025-03-09T16:02:37.703+0000] {crawl_data.py:128} INFO - Skipped product 16712370 due to duplicate
[2025-03-09T16:02:37.704+0000] {crawl_data.py:128} INFO - Skipped product 14694284 due to duplicate
[2025-03-09T16:02:37.705+0000] {crawl_data.py:128} INFO - Skipped product 9730171 due to duplicate
[2025-03-09T16:02:37.705+0000] {crawl_data.py:128} INFO - Skipped product 7599073 due to duplicate
[2025-03-09T16:02:37.706+0000] {crawl_data.py:128} INFO - Skipped product 4965821 due to duplicate
[2025-03-09T16:02:37.707+0000] {crawl_data.py:131} INFO - Extracted page 1 - thoi-trang-nam, 40 items, total extracted: 0
[2025-03-09T16:02:42.203+0000] {crawl_data.py:106} INFO - Crawling category dong-ho-va-trang-suc with 1 pages
[2025-03-09T16:02:42.733+0000] {crawl_data.py:128} INFO - Skipped product 242778439 due to duplicate
[2025-03-09T16:02:42.734+0000] {crawl_data.py:128} INFO - Skipped product 205081199 due to duplicate
[2025-03-09T16:02:42.735+0000] {crawl_data.py:128} INFO - Skipped product 204038070 due to duplicate
[2025-03-09T16:02:42.736+0000] {crawl_data.py:128} INFO - Skipped product 194500873 due to duplicate
[2025-03-09T16:02:42.737+0000] {crawl_data.py:128} INFO - Skipped product 178029300 due to duplicate
[2025-03-09T16:02:42.738+0000] {crawl_data.py:128} INFO - Skipped product 178027547 due to duplicate
[2025-03-09T16:02:42.738+0000] {crawl_data.py:128} INFO - Skipped product 150615727 due to duplicate
[2025-03-09T16:02:42.739+0000] {crawl_data.py:128} INFO - Skipped product 145763594 due to duplicate
[2025-03-09T16:02:42.740+0000] {crawl_data.py:128} INFO - Skipped product 145763569 due to duplicate
[2025-03-09T16:02:42.740+0000] {crawl_data.py:128} INFO - Skipped product 143960604 due to duplicate
[2025-03-09T16:02:42.741+0000] {crawl_data.py:128} INFO - Skipped product 143838450 due to duplicate
[2025-03-09T16:02:42.742+0000] {crawl_data.py:128} INFO - Skipped product 137946676 due to duplicate
[2025-03-09T16:02:42.742+0000] {crawl_data.py:128} INFO - Skipped product 137941919 due to duplicate
[2025-03-09T16:02:42.743+0000] {crawl_data.py:128} INFO - Skipped product 134441706 due to duplicate
[2025-03-09T16:02:42.744+0000] {crawl_data.py:128} INFO - Skipped product 113403111 due to duplicate
[2025-03-09T16:02:42.745+0000] {crawl_data.py:128} INFO - Skipped product 106390176 due to duplicate
[2025-03-09T16:02:42.745+0000] {crawl_data.py:128} INFO - Skipped product 105985711 due to duplicate
[2025-03-09T16:02:42.746+0000] {crawl_data.py:128} INFO - Skipped product 97894870 due to duplicate
[2025-03-09T16:02:42.747+0000] {crawl_data.py:128} INFO - Skipped product 93819008 due to duplicate
[2025-03-09T16:02:42.747+0000] {crawl_data.py:128} INFO - Skipped product 92817188 due to duplicate
[2025-03-09T16:02:42.748+0000] {crawl_data.py:128} INFO - Skipped product 74853731 due to duplicate
[2025-03-09T16:02:42.748+0000] {crawl_data.py:128} INFO - Skipped product 70841244 due to duplicate
[2025-03-09T16:02:42.749+0000] {crawl_data.py:128} INFO - Skipped product 68427641 due to duplicate
[2025-03-09T16:02:42.749+0000] {crawl_data.py:128} INFO - Skipped product 59084567 due to duplicate
[2025-03-09T16:02:42.750+0000] {crawl_data.py:128} INFO - Skipped product 54687717 due to duplicate
[2025-03-09T16:02:42.751+0000] {crawl_data.py:128} INFO - Skipped product 52469205 due to duplicate
[2025-03-09T16:02:42.752+0000] {crawl_data.py:128} INFO - Skipped product 51104756 due to duplicate
[2025-03-09T16:02:42.752+0000] {crawl_data.py:128} INFO - Skipped product 48658720 due to duplicate
[2025-03-09T16:02:42.753+0000] {crawl_data.py:128} INFO - Skipped product 42194457 due to duplicate
[2025-03-09T16:02:42.754+0000] {crawl_data.py:128} INFO - Skipped product 37156749 due to duplicate
[2025-03-09T16:02:42.754+0000] {crawl_data.py:128} INFO - Skipped product 35507445 due to duplicate
[2025-03-09T16:02:42.755+0000] {crawl_data.py:128} INFO - Skipped product 33630695 due to duplicate
[2025-03-09T16:02:42.756+0000] {crawl_data.py:128} INFO - Skipped product 27733854 due to duplicate
[2025-03-09T16:02:42.757+0000] {crawl_data.py:128} INFO - Skipped product 21754311 due to duplicate
[2025-03-09T16:02:42.757+0000] {crawl_data.py:128} INFO - Skipped product 13246837 due to duplicate
[2025-03-09T16:02:42.758+0000] {crawl_data.py:128} INFO - Skipped product 7804969 due to duplicate
[2025-03-09T16:02:42.758+0000] {crawl_data.py:128} INFO - Skipped product 7803174 due to duplicate
[2025-03-09T16:02:42.759+0000] {crawl_data.py:128} INFO - Skipped product 7802880 due to duplicate
[2025-03-09T16:02:42.760+0000] {crawl_data.py:128} INFO - Skipped product 7799222 due to duplicate
[2025-03-09T16:02:42.760+0000] {crawl_data.py:128} INFO - Skipped product 7796951 due to duplicate
[2025-03-09T16:02:42.761+0000] {crawl_data.py:131} INFO - Extracted page 1 - dong-ho-va-trang-suc, 40 items, total extracted: 0
[2025-03-09T16:02:45.139+0000] {crawl_data.py:106} INFO - Crawling category dien-tu-dien-lanh with 1 pages
[2025-03-09T16:02:45.702+0000] {crawl_data.py:128} INFO - Skipped product 276557635 due to duplicate
[2025-03-09T16:02:45.703+0000] {crawl_data.py:128} INFO - Skipped product 276474485 due to duplicate
[2025-03-09T16:02:45.704+0000] {crawl_data.py:128} INFO - Skipped product 276178085 due to duplicate
[2025-03-09T16:02:45.705+0000] {crawl_data.py:128} INFO - Skipped product 276070213 due to duplicate
[2025-03-09T16:02:45.705+0000] {crawl_data.py:128} INFO - Skipped product 275975448 due to duplicate
[2025-03-09T16:02:45.706+0000] {crawl_data.py:128} INFO - Skipped product 275905233 due to duplicate
[2025-03-09T16:02:45.706+0000] {crawl_data.py:128} INFO - Skipped product 275614367 due to duplicate
[2025-03-09T16:02:45.707+0000] {crawl_data.py:128} INFO - Skipped product 275576583 due to duplicate
[2025-03-09T16:02:45.707+0000] {crawl_data.py:128} INFO - Skipped product 275127044 due to duplicate
[2025-03-09T16:02:45.708+0000] {crawl_data.py:128} INFO - Skipped product 274614718 due to duplicate
[2025-03-09T16:02:45.708+0000] {crawl_data.py:128} INFO - Skipped product 273328811 due to duplicate
[2025-03-09T16:02:45.709+0000] {crawl_data.py:128} INFO - Skipped product 273168499 due to duplicate
[2025-03-09T16:02:45.710+0000] {crawl_data.py:128} INFO - Skipped product 270272893 due to duplicate
[2025-03-09T16:02:45.710+0000] {crawl_data.py:128} INFO - Skipped product 257780669 due to duplicate
[2025-03-09T16:02:45.711+0000] {crawl_data.py:128} INFO - Skipped product 255421912 due to duplicate
[2025-03-09T16:02:45.711+0000] {crawl_data.py:128} INFO - Skipped product 195971791 due to duplicate
[2025-03-09T16:02:45.712+0000] {crawl_data.py:128} INFO - Skipped product 195959600 due to duplicate
[2025-03-09T16:02:45.712+0000] {crawl_data.py:128} INFO - Skipped product 167558939 due to duplicate
[2025-03-09T16:02:45.713+0000] {crawl_data.py:128} INFO - Skipped product 155113398 due to duplicate
[2025-03-09T16:02:45.713+0000] {crawl_data.py:128} INFO - Skipped product 123548222 due to duplicate
[2025-03-09T16:02:45.714+0000] {crawl_data.py:128} INFO - Skipped product 123548101 due to duplicate
[2025-03-09T16:02:45.714+0000] {crawl_data.py:128} INFO - Skipped product 123547597 due to duplicate
[2025-03-09T16:02:45.715+0000] {crawl_data.py:128} INFO - Skipped product 114924880 due to duplicate
[2025-03-09T16:02:45.715+0000] {crawl_data.py:128} INFO - Skipped product 110791834 due to duplicate
[2025-03-09T16:02:45.716+0000] {crawl_data.py:128} INFO - Skipped product 109190689 due to duplicate
[2025-03-09T16:02:45.717+0000] {crawl_data.py:128} INFO - Skipped product 102683224 due to duplicate
[2025-03-09T16:02:45.718+0000] {crawl_data.py:128} INFO - Skipped product 91272439 due to duplicate
[2025-03-09T16:02:45.719+0000] {crawl_data.py:128} INFO - Skipped product 87180717 due to duplicate
[2025-03-09T16:02:45.719+0000] {crawl_data.py:128} INFO - Skipped product 54620003 due to duplicate
[2025-03-09T16:02:45.720+0000] {crawl_data.py:128} INFO - Skipped product 32505959 due to duplicate
[2025-03-09T16:02:45.720+0000] {crawl_data.py:128} INFO - Skipped product 21180803 due to duplicate
[2025-03-09T16:02:45.721+0000] {crawl_data.py:128} INFO - Skipped product 19401965 due to duplicate
[2025-03-09T16:02:45.722+0000] {crawl_data.py:128} INFO - Skipped product 17908150 due to duplicate
[2025-03-09T16:02:45.722+0000] {crawl_data.py:128} INFO - Skipped product 16033028 due to duplicate
[2025-03-09T16:02:45.723+0000] {crawl_data.py:128} INFO - Skipped product 15817458 due to duplicate
[2025-03-09T16:02:45.723+0000] {crawl_data.py:128} INFO - Skipped product 14620479 due to duplicate
[2025-03-09T16:02:45.724+0000] {crawl_data.py:128} INFO - Skipped product 7633108 due to duplicate
[2025-03-09T16:02:45.724+0000] {crawl_data.py:128} INFO - Skipped product 4374799 due to duplicate
[2025-03-09T16:02:45.725+0000] {crawl_data.py:128} INFO - Skipped product 4315713 due to duplicate
[2025-03-09T16:02:45.725+0000] {crawl_data.py:128} INFO - Skipped product 3519947 due to duplicate
[2025-03-09T16:02:45.726+0000] {crawl_data.py:131} INFO - Extracted page 1 - dien-tu-dien-lanh, 40 items, total extracted: 0
[2025-03-09T16:02:47.938+0000] {crawl_data.py:149} WARNING - No data extracted from any category. Returning None.
[2025-03-09T16:02:47.942+0000] {tiki_extract_dag.py:27} WARNING - No data extracted. Pushing None to XCom.
[2025-03-09T16:02:47.985+0000] {python.py:240} INFO - Done. Returned value was: None
[2025-03-09T16:02:48.013+0000] {taskinstance.py:341} INFO - ::group::Post task execution logs
[2025-03-09T16:02:48.015+0000] {taskinstance.py:353} INFO - Marking task as SUCCESS. dag_id=tiki_extract_dag, task_id=extract_data, run_id=manual__2025-03-09T16:02:02.601631+00:00, execution_date=20250309T160202, start_date=20250309T160207, end_date=20250309T160248
[2025-03-09T16:02:48.070+0000] {logging_mixin.py:190} INFO - Task instance in success state
[2025-03-09T16:02:48.071+0000] {logging_mixin.py:190} INFO -  Previous state of the Task instance: running
[2025-03-09T16:02:48.071+0000] {logging_mixin.py:190} INFO - Dag name:tiki_extract_dag queued_at:2025-03-09 16:02:02.667106+00:00
[2025-03-09T16:02:48.072+0000] {logging_mixin.py:190} INFO - Task hostname:b9298747792f operator:PythonOperator
[2025-03-09T16:02:48.130+0000] {local_task_job_runner.py:266} INFO - Task exited with return code 0
[2025-03-09T16:02:48.161+0000] {taskinstance.py:3901} INFO - 0 downstream tasks scheduled from follow-on schedule check
[2025-03-09T16:02:48.164+0000] {local_task_job_runner.py:245} INFO - ::endgroup::
