[2025-03-10T08:45:49.284+0000] {local_task_job_runner.py:123} INFO - ::group::Pre task execution logs
[2025-03-10T08:45:49.310+0000] {taskinstance.py:2614} INFO - Dependencies all met for dep_context=non-requeueable deps ti=<TaskInstance: tiki_orchestration_dag.trigger_extract manual__2025-03-10T08:24:38.450242+00:00 [queued]>
[2025-03-10T08:45:49.322+0000] {taskinstance.py:2614} INFO - Dependencies all met for dep_context=requeueable deps ti=<TaskInstance: tiki_orchestration_dag.trigger_extract manual__2025-03-10T08:24:38.450242+00:00 [queued]>
[2025-03-10T08:45:49.323+0000] {taskinstance.py:2867} INFO - Starting attempt 2 of 2
[2025-03-10T08:45:49.491+0000] {taskinstance.py:2890} INFO - Executing <Task(TriggerDagRunOperator): trigger_extract> on 2025-03-10 08:24:38.450242+00:00
[2025-03-10T08:45:49.500+0000] {warnings.py:112} WARNING - /home/***/.local/lib/python3.12/site-packages/***/task/task_runner/standard_task_runner.py:70: DeprecationWarning: This process (pid=1145) is multi-threaded, use of fork() may lead to deadlocks in the child.
  pid = os.fork()

[2025-03-10T08:45:49.502+0000] {standard_task_runner.py:104} INFO - Running: ['***', 'tasks', 'run', 'tiki_orchestration_dag', 'trigger_extract', 'manual__2025-03-10T08:24:38.450242+00:00', '--job-id', '346', '--raw', '--subdir', 'DAGS_FOLDER/tiki_etl_orchestration.py', '--cfg-path', '/tmp/tmpqbo8mf9h']
[2025-03-10T08:45:49.503+0000] {standard_task_runner.py:72} INFO - Started process 1147 to run task
[2025-03-10T08:45:49.503+0000] {standard_task_runner.py:105} INFO - Job 346: Subtask trigger_extract
[2025-03-10T08:45:49.557+0000] {task_command.py:467} INFO - Running <TaskInstance: tiki_orchestration_dag.trigger_extract manual__2025-03-10T08:24:38.450242+00:00 [running]> on host c77555d100c4
[2025-03-10T08:45:49.640+0000] {taskinstance.py:3134} INFO - Exporting env vars: AIRFLOW_CTX_DAG_OWNER='***' AIRFLOW_CTX_DAG_ID='tiki_orchestration_dag' AIRFLOW_CTX_TASK_ID='trigger_extract' AIRFLOW_CTX_EXECUTION_DATE='2025-03-10T08:24:38.450242+00:00' AIRFLOW_CTX_TRY_NUMBER='2' AIRFLOW_CTX_DAG_RUN_ID='manual__2025-03-10T08:24:38.450242+00:00'
[2025-03-10T08:45:49.642+0000] {logging_mixin.py:190} INFO - Task instance is in running state
[2025-03-10T08:45:49.642+0000] {logging_mixin.py:190} INFO -  Previous state of the Task instance: queued
[2025-03-10T08:45:49.643+0000] {logging_mixin.py:190} INFO - Current task name:trigger_extract state:running start_date:2025-03-10 08:45:49.311541+00:00
[2025-03-10T08:45:49.643+0000] {logging_mixin.py:190} INFO - Dag name:tiki_orchestration_dag and current dag run status:running
[2025-03-10T08:45:49.643+0000] {taskinstance.py:732} INFO - ::endgroup::
[2025-03-10T08:45:49.717+0000] {trigger_dagrun.py:257} INFO - Waiting for tiki_extract_dag on 2025-03-10 08:45:49.644510+00:00 to become allowed state ['success'] ...
[2025-03-10T08:46:49.729+0000] {trigger_dagrun.py:257} INFO - Waiting for tiki_extract_dag on 2025-03-10 08:45:49.644510+00:00 to become allowed state ['success'] ...
[2025-03-10T08:47:49.737+0000] {trigger_dagrun.py:257} INFO - Waiting for tiki_extract_dag on 2025-03-10 08:45:49.644510+00:00 to become allowed state ['success'] ...
[2025-03-10T08:48:49.744+0000] {trigger_dagrun.py:257} INFO - Waiting for tiki_extract_dag on 2025-03-10 08:45:49.644510+00:00 to become allowed state ['success'] ...
[2025-03-10T08:49:49.754+0000] {trigger_dagrun.py:257} INFO - Waiting for tiki_extract_dag on 2025-03-10 08:45:49.644510+00:00 to become allowed state ['success'] ...
[2025-03-10T08:50:49.760+0000] {trigger_dagrun.py:257} INFO - Waiting for tiki_extract_dag on 2025-03-10 08:45:49.644510+00:00 to become allowed state ['success'] ...
[2025-03-10T08:51:49.770+0000] {trigger_dagrun.py:271} INFO - tiki_extract_dag finished with allowed state success
[2025-03-10T08:51:49.799+0000] {taskinstance.py:341} INFO - ::group::Post task execution logs
[2025-03-10T08:51:49.801+0000] {taskinstance.py:353} INFO - Marking task as SUCCESS. dag_id=tiki_orchestration_dag, task_id=trigger_extract, run_id=manual__2025-03-10T08:24:38.450242+00:00, execution_date=20250310T082438, start_date=20250310T084549, end_date=20250310T085149
[2025-03-10T08:51:49.846+0000] {logging_mixin.py:190} INFO - Task instance in success state
[2025-03-10T08:51:49.847+0000] {logging_mixin.py:190} INFO -  Previous state of the Task instance: running
[2025-03-10T08:51:49.848+0000] {logging_mixin.py:190} INFO - Dag name:tiki_orchestration_dag queued_at:2025-03-10 08:24:38.514928+00:00
[2025-03-10T08:51:49.848+0000] {logging_mixin.py:190} INFO - Task hostname:c77555d100c4 operator:TriggerDagRunOperator
[2025-03-10T08:51:49.881+0000] {local_task_job_runner.py:266} INFO - Task exited with return code 0
[2025-03-10T08:51:49.952+0000] {taskinstance.py:3901} INFO - 1 downstream tasks scheduled from follow-on schedule check
[2025-03-10T08:51:49.955+0000] {local_task_job_runner.py:245} INFO - ::endgroup::
