[2025-03-09T16:27:24.639+0000] {local_task_job_runner.py:123} INFO - ::group::Pre task execution logs
[2025-03-09T16:27:24.667+0000] {taskinstance.py:2614} INFO - Dependencies all met for dep_context=non-requeueable deps ti=<TaskInstance: tiki_extract_dag.extract_data manual__2025-03-09T16:27:20.645420+00:00 [queued]>
[2025-03-09T16:27:24.685+0000] {taskinstance.py:2614} INFO - Dependencies all met for dep_context=requeueable deps ti=<TaskInstance: tiki_extract_dag.extract_data manual__2025-03-09T16:27:20.645420+00:00 [queued]>
[2025-03-09T16:27:24.687+0000] {taskinstance.py:2867} INFO - Starting attempt 1 of 1
[2025-03-09T16:27:24.711+0000] {taskinstance.py:2890} INFO - Executing <Task(PythonOperator): extract_data> on 2025-03-09 16:27:20.645420+00:00
[2025-03-09T16:27:24.724+0000] {warnings.py:112} WARNING - /home/***/.local/lib/python3.12/site-packages/***/task/task_runner/standard_task_runner.py:70: DeprecationWarning: This process (pid=89) is multi-threaded, use of fork() may lead to deadlocks in the child.
  pid = os.fork()

[2025-03-09T16:27:24.727+0000] {standard_task_runner.py:104} INFO - Running: ['***', 'tasks', 'run', 'tiki_extract_dag', 'extract_data', 'manual__2025-03-09T16:27:20.645420+00:00', '--job-id', '215', '--raw', '--subdir', 'DAGS_FOLDER/tiki_extract_dag.py', '--cfg-path', '/tmp/tmp6wli7u6w']
[2025-03-09T16:27:24.728+0000] {standard_task_runner.py:72} INFO - Started process 91 to run task
[2025-03-09T16:27:24.729+0000] {standard_task_runner.py:105} INFO - Job 215: Subtask extract_data
[2025-03-09T16:27:24.827+0000] {task_command.py:467} INFO - Running <TaskInstance: tiki_extract_dag.extract_data manual__2025-03-09T16:27:20.645420+00:00 [running]> on host 72a6d77a3cc5
[2025-03-09T16:27:25.448+0000] {taskinstance.py:3134} INFO - Exporting env vars: AIRFLOW_CTX_DAG_OWNER='***' AIRFLOW_CTX_DAG_ID='tiki_extract_dag' AIRFLOW_CTX_TASK_ID='extract_data' AIRFLOW_CTX_EXECUTION_DATE='2025-03-09T16:27:20.645420+00:00' AIRFLOW_CTX_TRY_NUMBER='1' AIRFLOW_CTX_DAG_RUN_ID='manual__2025-03-09T16:27:20.645420+00:00'
[2025-03-09T16:27:25.450+0000] {logging_mixin.py:190} INFO - Task instance is in running state
[2025-03-09T16:27:25.450+0000] {logging_mixin.py:190} INFO -  Previous state of the Task instance: queued
[2025-03-09T16:27:25.451+0000] {logging_mixin.py:190} INFO - Current task name:extract_data state:running start_date:2025-03-09 16:27:24.668862+00:00
[2025-03-09T16:27:25.452+0000] {logging_mixin.py:190} INFO - Dag name:tiki_extract_dag and current dag run status:running
[2025-03-09T16:27:25.453+0000] {taskinstance.py:732} INFO - ::endgroup::
[2025-03-09T16:27:25.484+0000] {tiki_extract_dag.py:20} INFO - Loaded categories: ['lam-dep-suc-khoe', 'dien-thoai-may-tinh-bang', 'laptop-may-vi-tinh-linh-kien', 'dien-gia-dung', 'sach', 'thiet-bi-kts-phu-kien-so', 'thoi-trang-nu', 'thoi-trang-nam', 'dong-ho-va-trang-suc', 'dien-tu-dien-lanh']
[2025-03-09T16:27:26.392+0000] {crawl_data.py:106} INFO - Crawling category lam-dep-suc-khoe with 1 pages
[2025-03-09T16:27:26.952+0000] {crawl_data.py:128} INFO - Skipped product 276003962 due to duplicate
[2025-03-09T16:27:26.953+0000] {crawl_data.py:128} INFO - Skipped product 275970393 due to duplicate
[2025-03-09T16:27:26.954+0000] {crawl_data.py:128} INFO - Skipped product 273598230 due to duplicate
[2025-03-09T16:27:26.955+0000] {crawl_data.py:128} INFO - Skipped product 191680827 due to duplicate
[2025-03-09T16:27:26.955+0000] {crawl_data.py:128} INFO - Skipped product 186434710 due to duplicate
[2025-03-09T16:27:26.956+0000] {crawl_data.py:128} INFO - Skipped product 179988643 due to duplicate
[2025-03-09T16:27:26.957+0000] {crawl_data.py:128} INFO - Skipped product 171564906 due to duplicate
[2025-03-09T16:27:26.957+0000] {crawl_data.py:128} INFO - Skipped product 168562118 due to duplicate
[2025-03-09T16:27:26.958+0000] {crawl_data.py:128} INFO - Skipped product 133245970 due to duplicate
[2025-03-09T16:27:26.959+0000] {crawl_data.py:128} INFO - Skipped product 128912879 due to duplicate
[2025-03-09T16:27:26.960+0000] {crawl_data.py:128} INFO - Skipped product 127026903 due to duplicate
[2025-03-09T16:27:26.960+0000] {crawl_data.py:128} INFO - Skipped product 118708687 due to duplicate
[2025-03-09T16:27:26.961+0000] {crawl_data.py:128} INFO - Skipped product 108535251 due to duplicate
[2025-03-09T16:27:26.962+0000] {crawl_data.py:128} INFO - Skipped product 95253531 due to duplicate
[2025-03-09T16:27:26.963+0000] {crawl_data.py:128} INFO - Skipped product 93078800 due to duplicate
[2025-03-09T16:27:26.963+0000] {crawl_data.py:128} INFO - Skipped product 91565733 due to duplicate
[2025-03-09T16:27:26.964+0000] {crawl_data.py:128} INFO - Skipped product 72644676 due to duplicate
[2025-03-09T16:27:26.965+0000] {crawl_data.py:128} INFO - Skipped product 25108217 due to duplicate
[2025-03-09T16:27:26.966+0000] {crawl_data.py:128} INFO - Skipped product 22254660 due to duplicate
[2025-03-09T16:27:26.967+0000] {crawl_data.py:128} INFO - Skipped product 22052325 due to duplicate
[2025-03-09T16:27:26.967+0000] {crawl_data.py:128} INFO - Skipped product 20541866 due to duplicate
[2025-03-09T16:27:26.968+0000] {crawl_data.py:128} INFO - Skipped product 14115539 due to duplicate
[2025-03-09T16:27:26.969+0000] {crawl_data.py:128} INFO - Skipped product 10298023 due to duplicate
[2025-03-09T16:27:26.970+0000] {crawl_data.py:128} INFO - Skipped product 10071383 due to duplicate
[2025-03-09T16:27:26.972+0000] {crawl_data.py:128} INFO - Skipped product 6874429 due to duplicate
[2025-03-09T16:27:26.973+0000] {crawl_data.py:128} INFO - Skipped product 5902685 due to duplicate
[2025-03-09T16:27:26.973+0000] {crawl_data.py:128} INFO - Skipped product 5560235 due to duplicate
[2025-03-09T16:27:26.974+0000] {crawl_data.py:128} INFO - Skipped product 3554629 due to duplicate
[2025-03-09T16:27:26.974+0000] {crawl_data.py:128} INFO - Skipped product 2042227 due to duplicate
[2025-03-09T16:27:26.975+0000] {crawl_data.py:128} INFO - Skipped product 1672211 due to duplicate
[2025-03-09T16:27:26.976+0000] {crawl_data.py:128} INFO - Skipped product 1672157 due to duplicate
[2025-03-09T16:27:26.977+0000] {crawl_data.py:128} INFO - Skipped product 1672155 due to duplicate
[2025-03-09T16:27:26.977+0000] {crawl_data.py:128} INFO - Skipped product 1672153 due to duplicate
[2025-03-09T16:27:26.978+0000] {crawl_data.py:128} INFO - Skipped product 1634983 due to duplicate
[2025-03-09T16:27:26.978+0000] {crawl_data.py:128} INFO - Skipped product 1634981 due to duplicate
[2025-03-09T16:27:26.979+0000] {crawl_data.py:128} INFO - Skipped product 1537315 due to duplicate
[2025-03-09T16:27:26.979+0000] {crawl_data.py:128} INFO - Skipped product 767101 due to duplicate
[2025-03-09T16:27:26.980+0000] {crawl_data.py:128} INFO - Skipped product 632680 due to duplicate
[2025-03-09T16:27:26.981+0000] {crawl_data.py:128} INFO - Skipped product 385654 due to duplicate
[2025-03-09T16:27:26.981+0000] {crawl_data.py:128} INFO - Skipped product 385582 due to duplicate
[2025-03-09T16:27:26.982+0000] {crawl_data.py:131} INFO - Extracted page 1 - lam-dep-suc-khoe, 40 items, total extracted: 0
[2025-03-09T16:27:31.194+0000] {crawl_data.py:106} INFO - Crawling category dien-thoai-may-tinh-bang with 1 pages
[2025-03-09T16:27:31.600+0000] {crawl_data.py:128} INFO - Skipped product 276559198 due to duplicate
[2025-03-09T16:27:31.601+0000] {crawl_data.py:128} INFO - Skipped product 276536922 due to duplicate
[2025-03-09T16:27:31.602+0000] {crawl_data.py:128} INFO - Skipped product 276515327 due to duplicate
[2025-03-09T16:27:31.602+0000] {crawl_data.py:128} INFO - Skipped product 276424626 due to duplicate
[2025-03-09T16:27:31.603+0000] {crawl_data.py:128} INFO - Skipped product 276411458 due to duplicate
[2025-03-09T16:27:31.604+0000] {crawl_data.py:128} INFO - Skipped product 276250878 due to duplicate
[2025-03-09T16:27:31.604+0000] {crawl_data.py:128} INFO - Skipped product 276166741 due to duplicate
[2025-03-09T16:27:31.605+0000] {crawl_data.py:128} INFO - Skipped product 276162093 due to duplicate
[2025-03-09T16:27:31.606+0000] {crawl_data.py:128} INFO - Skipped product 276110349 due to duplicate
[2025-03-09T16:27:31.606+0000] {crawl_data.py:128} INFO - Skipped product 276110276 due to duplicate
[2025-03-09T16:27:31.607+0000] {crawl_data.py:128} INFO - Skipped product 276110023 due to duplicate
[2025-03-09T16:27:31.608+0000] {crawl_data.py:128} INFO - Skipped product 276109904 due to duplicate
[2025-03-09T16:27:31.608+0000] {crawl_data.py:128} INFO - Skipped product 276099688 due to duplicate
[2025-03-09T16:27:31.609+0000] {crawl_data.py:128} INFO - Skipped product 275913708 due to duplicate
[2025-03-09T16:27:31.609+0000] {crawl_data.py:128} INFO - Skipped product 275510578 due to duplicate
[2025-03-09T16:27:31.610+0000] {crawl_data.py:128} INFO - Skipped product 275492145 due to duplicate
[2025-03-09T16:27:31.610+0000] {crawl_data.py:128} INFO - Skipped product 275307093 due to duplicate
[2025-03-09T16:27:31.611+0000] {crawl_data.py:128} INFO - Skipped product 275295008 due to duplicate
[2025-03-09T16:27:31.611+0000] {crawl_data.py:128} INFO - Skipped product 274171148 due to duplicate
[2025-03-09T16:27:31.612+0000] {crawl_data.py:128} INFO - Skipped product 274101262 due to duplicate
[2025-03-09T16:27:31.612+0000] {crawl_data.py:128} INFO - Skipped product 274101255 due to duplicate
[2025-03-09T16:27:31.613+0000] {crawl_data.py:128} INFO - Skipped product 274069052 due to duplicate
[2025-03-09T16:27:31.614+0000] {crawl_data.py:128} INFO - Skipped product 273668660 due to duplicate
[2025-03-09T16:27:31.614+0000] {crawl_data.py:128} INFO - Skipped product 273258825 due to duplicate
[2025-03-09T16:27:31.615+0000] {crawl_data.py:128} INFO - Skipped product 271128271 due to duplicate
[2025-03-09T16:27:31.615+0000] {crawl_data.py:128} INFO - Skipped product 270975124 due to duplicate
[2025-03-09T16:27:31.616+0000] {crawl_data.py:128} INFO - Skipped product 252586291 due to duplicate
[2025-03-09T16:27:31.616+0000] {crawl_data.py:128} INFO - Skipped product 217706932 due to duplicate
[2025-03-09T16:27:31.617+0000] {crawl_data.py:128} INFO - Skipped product 205815576 due to duplicate
[2025-03-09T16:27:31.618+0000] {crawl_data.py:128} INFO - Skipped product 201067649 due to duplicate
[2025-03-09T16:27:31.618+0000] {crawl_data.py:128} INFO - Skipped product 191350420 due to duplicate
[2025-03-09T16:27:31.619+0000] {crawl_data.py:128} INFO - Skipped product 184059211 due to duplicate
[2025-03-09T16:27:31.619+0000] {crawl_data.py:128} INFO - Skipped product 183330021 due to duplicate
[2025-03-09T16:27:31.620+0000] {crawl_data.py:128} INFO - Skipped product 181977398 due to duplicate
[2025-03-09T16:27:31.620+0000] {crawl_data.py:128} INFO - Skipped product 181928619 due to duplicate
[2025-03-09T16:27:31.621+0000] {crawl_data.py:128} INFO - Skipped product 170727266 due to duplicate
[2025-03-09T16:27:31.622+0000] {crawl_data.py:128} INFO - Skipped product 170165701 due to duplicate
[2025-03-09T16:27:31.622+0000] {crawl_data.py:128} INFO - Skipped product 163914808 due to duplicate
[2025-03-09T16:27:31.623+0000] {crawl_data.py:128} INFO - Skipped product 125182567 due to duplicate
[2025-03-09T16:27:31.623+0000] {crawl_data.py:128} INFO - Skipped product 118139108 due to duplicate
[2025-03-09T16:27:31.624+0000] {crawl_data.py:131} INFO - Extracted page 1 - dien-thoai-may-tinh-bang, 40 items, total extracted: 0
[2025-03-09T16:27:34.493+0000] {crawl_data.py:106} INFO - Crawling category laptop-may-vi-tinh-linh-kien with 1 pages
[2025-03-09T16:27:35.030+0000] {crawl_data.py:128} INFO - Skipped product 275797120 due to duplicate
[2025-03-09T16:27:35.031+0000] {crawl_data.py:128} INFO - Skipped product 275196131 due to duplicate
[2025-03-09T16:27:35.032+0000] {crawl_data.py:128} INFO - Skipped product 275171088 due to duplicate
[2025-03-09T16:27:35.032+0000] {crawl_data.py:128} INFO - Skipped product 273124552 due to duplicate
[2025-03-09T16:27:35.033+0000] {crawl_data.py:128} INFO - Skipped product 247241493 due to duplicate
[2025-03-09T16:27:35.034+0000] {crawl_data.py:128} INFO - Skipped product 192208694 due to duplicate
[2025-03-09T16:27:35.034+0000] {crawl_data.py:128} INFO - Skipped product 191975880 due to duplicate
[2025-03-09T16:27:35.035+0000] {crawl_data.py:128} INFO - Skipped product 191629807 due to duplicate
[2025-03-09T16:27:35.035+0000] {crawl_data.py:128} INFO - Skipped product 174593821 due to duplicate
[2025-03-09T16:27:35.036+0000] {crawl_data.py:128} INFO - Skipped product 142459136 due to duplicate
[2025-03-09T16:27:35.036+0000] {crawl_data.py:128} INFO - Skipped product 138481685 due to duplicate
[2025-03-09T16:27:35.037+0000] {crawl_data.py:128} INFO - Skipped product 137805214 due to duplicate
[2025-03-09T16:27:35.038+0000] {crawl_data.py:128} INFO - Skipped product 134561311 due to duplicate
[2025-03-09T16:27:35.039+0000] {crawl_data.py:128} INFO - Skipped product 107360880 due to duplicate
[2025-03-09T16:27:35.039+0000] {crawl_data.py:128} INFO - Skipped product 107058325 due to duplicate
[2025-03-09T16:27:35.040+0000] {crawl_data.py:128} INFO - Skipped product 100625195 due to duplicate
[2025-03-09T16:27:35.040+0000] {crawl_data.py:128} INFO - Skipped product 86123397 due to duplicate
[2025-03-09T16:27:35.041+0000] {crawl_data.py:128} INFO - Skipped product 78020993 due to duplicate
[2025-03-09T16:27:35.042+0000] {crawl_data.py:128} INFO - Skipped product 76283023 due to duplicate
[2025-03-09T16:27:35.042+0000] {crawl_data.py:128} INFO - Skipped product 76181490 due to duplicate
[2025-03-09T16:27:35.043+0000] {crawl_data.py:128} INFO - Skipped product 76054860 due to duplicate
[2025-03-09T16:27:35.043+0000] {crawl_data.py:128} INFO - Skipped product 74561661 due to duplicate
[2025-03-09T16:27:35.044+0000] {crawl_data.py:128} INFO - Skipped product 74547194 due to duplicate
[2025-03-09T16:27:35.044+0000] {crawl_data.py:128} INFO - Skipped product 73312665 due to duplicate
[2025-03-09T16:27:35.045+0000] {crawl_data.py:128} INFO - Skipped product 68828151 due to duplicate
[2025-03-09T16:27:35.045+0000] {crawl_data.py:128} INFO - Skipped product 59251056 due to duplicate
[2025-03-09T16:27:35.046+0000] {crawl_data.py:128} INFO - Skipped product 53080935 due to duplicate
[2025-03-09T16:27:35.047+0000] {crawl_data.py:128} INFO - Skipped product 53056161 due to duplicate
[2025-03-09T16:27:35.047+0000] {crawl_data.py:128} INFO - Skipped product 42561594 due to duplicate
[2025-03-09T16:27:35.048+0000] {crawl_data.py:128} INFO - Skipped product 10001369 due to duplicate
[2025-03-09T16:27:35.048+0000] {crawl_data.py:128} INFO - Skipped product 6910261 due to duplicate
[2025-03-09T16:27:35.049+0000] {crawl_data.py:128} INFO - Skipped product 6403893 due to duplicate
[2025-03-09T16:27:35.049+0000] {crawl_data.py:128} INFO - Skipped product 3054369 due to duplicate
[2025-03-09T16:27:35.050+0000] {crawl_data.py:128} INFO - Skipped product 806672 due to duplicate
[2025-03-09T16:27:35.051+0000] {crawl_data.py:128} INFO - Skipped product 754249 due to duplicate
[2025-03-09T16:27:35.051+0000] {crawl_data.py:128} INFO - Skipped product 618526 due to duplicate
[2025-03-09T16:27:35.052+0000] {crawl_data.py:128} INFO - Skipped product 511960 due to duplicate
[2025-03-09T16:27:35.052+0000] {crawl_data.py:128} INFO - Skipped product 465219 due to duplicate
[2025-03-09T16:27:35.053+0000] {crawl_data.py:128} INFO - Skipped product 416990 due to duplicate
[2025-03-09T16:27:35.053+0000] {crawl_data.py:128} INFO - Skipped product 416978 due to duplicate
[2025-03-09T16:27:35.054+0000] {crawl_data.py:131} INFO - Extracted page 1 - laptop-may-vi-tinh-linh-kien, 40 items, total extracted: 0
[2025-03-09T16:27:38.363+0000] {crawl_data.py:106} INFO - Crawling category dien-gia-dung with 1 pages
[2025-03-09T16:27:38.795+0000] {crawl_data.py:128} INFO - Skipped product 275515112 due to duplicate
[2025-03-09T16:27:38.796+0000] {crawl_data.py:128} INFO - Skipped product 275189129 due to duplicate
[2025-03-09T16:27:38.796+0000] {crawl_data.py:128} INFO - Skipped product 274160498 due to duplicate
[2025-03-09T16:27:38.797+0000] {crawl_data.py:128} INFO - Skipped product 273561794 due to duplicate
[2025-03-09T16:27:38.798+0000] {crawl_data.py:128} INFO - Skipped product 273310816 due to duplicate
[2025-03-09T16:27:38.798+0000] {crawl_data.py:128} INFO - Skipped product 262733056 due to duplicate
[2025-03-09T16:27:38.799+0000] {crawl_data.py:128} INFO - Skipped product 188042106 due to duplicate
[2025-03-09T16:27:38.800+0000] {crawl_data.py:128} INFO - Skipped product 187938785 due to duplicate
[2025-03-09T16:27:38.800+0000] {crawl_data.py:128} INFO - Skipped product 157950027 due to duplicate
[2025-03-09T16:27:38.801+0000] {crawl_data.py:128} INFO - Skipped product 147903537 due to duplicate
[2025-03-09T16:27:38.801+0000] {crawl_data.py:128} INFO - Skipped product 147903536 due to duplicate
[2025-03-09T16:27:38.802+0000] {crawl_data.py:128} INFO - Skipped product 134333384 due to duplicate
[2025-03-09T16:27:38.803+0000] {crawl_data.py:128} INFO - Skipped product 127046577 due to duplicate
[2025-03-09T16:27:38.803+0000] {crawl_data.py:128} INFO - Skipped product 110255220 due to duplicate
[2025-03-09T16:27:38.804+0000] {crawl_data.py:128} INFO - Skipped product 104908436 due to duplicate
[2025-03-09T16:27:38.804+0000] {crawl_data.py:128} INFO - Skipped product 104850983 due to duplicate
[2025-03-09T16:27:38.805+0000] {crawl_data.py:128} INFO - Skipped product 78488079 due to duplicate
[2025-03-09T16:27:38.806+0000] {crawl_data.py:128} INFO - Skipped product 74890928 due to duplicate
[2025-03-09T16:27:38.806+0000] {crawl_data.py:128} INFO - Skipped product 74173695 due to duplicate
[2025-03-09T16:27:38.807+0000] {crawl_data.py:128} INFO - Skipped product 72825272 due to duplicate
[2025-03-09T16:27:38.808+0000] {crawl_data.py:128} INFO - Skipped product 68771348 due to duplicate
[2025-03-09T16:27:38.808+0000] {crawl_data.py:128} INFO - Skipped product 66512832 due to duplicate
[2025-03-09T16:27:38.809+0000] {crawl_data.py:128} INFO - Skipped product 63564217 due to duplicate
[2025-03-09T16:27:38.810+0000] {crawl_data.py:128} INFO - Skipped product 59479717 due to duplicate
[2025-03-09T16:27:38.810+0000] {crawl_data.py:128} INFO - Skipped product 54716577 due to duplicate
[2025-03-09T16:27:38.811+0000] {crawl_data.py:128} INFO - Skipped product 48962414 due to duplicate
[2025-03-09T16:27:38.811+0000] {crawl_data.py:128} INFO - Skipped product 48025254 due to duplicate
[2025-03-09T16:27:38.812+0000] {crawl_data.py:128} INFO - Skipped product 44996545 due to duplicate
[2025-03-09T16:27:38.813+0000] {crawl_data.py:128} INFO - Skipped product 36626940 due to duplicate
[2025-03-09T16:27:38.813+0000] {crawl_data.py:128} INFO - Skipped product 11755648 due to duplicate
[2025-03-09T16:27:38.814+0000] {crawl_data.py:128} INFO - Skipped product 10597625 due to duplicate
[2025-03-09T16:27:38.814+0000] {crawl_data.py:128} INFO - Skipped product 9483224 due to duplicate
[2025-03-09T16:27:38.815+0000] {crawl_data.py:128} INFO - Skipped product 4701559 due to duplicate
[2025-03-09T16:27:38.815+0000] {crawl_data.py:128} INFO - Skipped product 4534531 due to duplicate
[2025-03-09T16:27:38.816+0000] {crawl_data.py:128} INFO - Skipped product 3480333 due to duplicate
[2025-03-09T16:27:38.817+0000] {crawl_data.py:128} INFO - Skipped product 2365901 due to duplicate
[2025-03-09T16:27:38.817+0000] {crawl_data.py:128} INFO - Skipped product 794609 due to duplicate
[2025-03-09T16:27:38.818+0000] {crawl_data.py:128} INFO - Skipped product 558109 due to duplicate
[2025-03-09T16:27:38.819+0000] {crawl_data.py:128} INFO - Skipped product 530774 due to duplicate
[2025-03-09T16:27:38.819+0000] {crawl_data.py:128} INFO - Skipped product 414764 due to duplicate
[2025-03-09T16:27:38.820+0000] {crawl_data.py:131} INFO - Extracted page 1 - dien-gia-dung, 40 items, total extracted: 0
[2025-03-09T16:27:43.422+0000] {crawl_data.py:106} INFO - Crawling category sach with 1 pages
[2025-03-09T16:27:43.833+0000] {crawl_data.py:128} INFO - Skipped product 276159943 due to duplicate
[2025-03-09T16:27:43.834+0000] {crawl_data.py:128} INFO - Skipped product 275702538 due to duplicate
[2025-03-09T16:27:43.835+0000] {crawl_data.py:128} INFO - Skipped product 275406600 due to duplicate
[2025-03-09T16:27:43.835+0000] {crawl_data.py:128} INFO - Skipped product 273844978 due to duplicate
[2025-03-09T16:27:43.836+0000] {crawl_data.py:128} INFO - Skipped product 263070154 due to duplicate
[2025-03-09T16:27:43.837+0000] {crawl_data.py:128} INFO - Skipped product 225269677 due to duplicate
[2025-03-09T16:27:43.837+0000] {crawl_data.py:128} INFO - Skipped product 209389165 due to duplicate
[2025-03-09T16:27:43.838+0000] {crawl_data.py:128} INFO - Skipped product 196932307 due to duplicate
[2025-03-09T16:27:43.839+0000] {crawl_data.py:128} INFO - Skipped product 195801686 due to duplicate
[2025-03-09T16:27:43.839+0000] {crawl_data.py:128} INFO - Skipped product 194960721 due to duplicate
[2025-03-09T16:27:43.840+0000] {crawl_data.py:128} INFO - Skipped product 194959173 due to duplicate
[2025-03-09T16:27:43.840+0000] {crawl_data.py:128} INFO - Skipped product 193614514 due to duplicate
[2025-03-09T16:27:43.841+0000] {crawl_data.py:128} INFO - Skipped product 193151000 due to duplicate
[2025-03-09T16:27:43.842+0000] {crawl_data.py:128} INFO - Skipped product 190861557 due to duplicate
[2025-03-09T16:27:43.842+0000] {crawl_data.py:128} INFO - Skipped product 189643105 due to duplicate
[2025-03-09T16:27:43.843+0000] {crawl_data.py:128} INFO - Skipped product 188940817 due to duplicate
[2025-03-09T16:27:43.844+0000] {crawl_data.py:128} INFO - Skipped product 184466860 due to duplicate
[2025-03-09T16:27:43.844+0000] {crawl_data.py:128} INFO - Skipped product 171556602 due to duplicate
[2025-03-09T16:27:43.845+0000] {crawl_data.py:128} INFO - Skipped product 170708233 due to duplicate
[2025-03-09T16:27:43.846+0000] {crawl_data.py:128} INFO - Skipped product 168283405 due to duplicate
[2025-03-09T16:27:43.846+0000] {crawl_data.py:128} INFO - Skipped product 161310103 due to duplicate
[2025-03-09T16:27:43.847+0000] {crawl_data.py:128} INFO - Skipped product 161008715 due to duplicate
[2025-03-09T16:27:43.848+0000] {crawl_data.py:128} INFO - Skipped product 157432544 due to duplicate
[2025-03-09T16:27:43.848+0000] {crawl_data.py:128} INFO - Skipped product 145288029 due to duplicate
[2025-03-09T16:27:43.849+0000] {crawl_data.py:128} INFO - Skipped product 138107485 due to duplicate
[2025-03-09T16:27:43.850+0000] {crawl_data.py:128} INFO - Skipped product 114937969 due to duplicate
[2025-03-09T16:27:43.850+0000] {crawl_data.py:128} INFO - Skipped product 113530805 due to duplicate
[2025-03-09T16:27:43.851+0000] {crawl_data.py:128} INFO - Skipped product 106185389 due to duplicate
[2025-03-09T16:27:43.852+0000] {crawl_data.py:128} INFO - Skipped product 104769768 due to duplicate
[2025-03-09T16:27:43.852+0000] {crawl_data.py:128} INFO - Skipped product 103379147 due to duplicate
[2025-03-09T16:27:43.853+0000] {crawl_data.py:128} INFO - Skipped product 85763211 due to duplicate
[2025-03-09T16:27:43.854+0000] {crawl_data.py:128} INFO - Skipped product 78598381 due to duplicate
[2025-03-09T16:27:43.854+0000] {crawl_data.py:128} INFO - Skipped product 77774625 due to duplicate
[2025-03-09T16:27:43.855+0000] {crawl_data.py:128} INFO - Skipped product 74021317 due to duplicate
[2025-03-09T16:27:43.856+0000] {crawl_data.py:128} INFO - Skipped product 73787185 due to duplicate
[2025-03-09T16:27:43.856+0000] {crawl_data.py:128} INFO - Skipped product 72308265 due to duplicate
[2025-03-09T16:27:43.857+0000] {crawl_data.py:128} INFO - Skipped product 54614797 due to duplicate
[2025-03-09T16:27:43.858+0000] {crawl_data.py:128} INFO - Skipped product 53720978 due to duplicate
[2025-03-09T16:27:43.859+0000] {crawl_data.py:128} INFO - Skipped product 52788072 due to duplicate
[2025-03-09T16:27:43.860+0000] {crawl_data.py:128} INFO - Skipped product 8885995 due to duplicate
[2025-03-09T16:27:43.860+0000] {crawl_data.py:131} INFO - Extracted page 1 - sach, 40 items, total extracted: 0
[2025-03-09T16:27:46.010+0000] {crawl_data.py:106} INFO - Crawling category thiet-bi-kts-phu-kien-so with 1 pages
[2025-03-09T16:27:46.511+0000] {crawl_data.py:128} INFO - Skipped product 276135518 due to duplicate
[2025-03-09T16:27:46.512+0000] {crawl_data.py:128} INFO - Skipped product 276117054 due to duplicate
[2025-03-09T16:27:46.513+0000] {crawl_data.py:128} INFO - Skipped product 274388406 due to duplicate
[2025-03-09T16:27:46.513+0000] {crawl_data.py:128} INFO - Skipped product 263433314 due to duplicate
[2025-03-09T16:27:46.514+0000] {crawl_data.py:128} INFO - Skipped product 227746564 due to duplicate
[2025-03-09T16:27:46.515+0000] {crawl_data.py:128} INFO - Skipped product 192977208 due to duplicate
[2025-03-09T16:27:46.516+0000] {crawl_data.py:128} INFO - Skipped product 191502436 due to duplicate
[2025-03-09T16:27:46.516+0000] {crawl_data.py:128} INFO - Skipped product 179541784 due to duplicate
[2025-03-09T16:27:46.517+0000] {crawl_data.py:128} INFO - Skipped product 176752662 due to duplicate
[2025-03-09T16:27:46.517+0000] {crawl_data.py:128} INFO - Skipped product 174599595 due to duplicate
[2025-03-09T16:27:46.518+0000] {crawl_data.py:128} INFO - Skipped product 174593860 due to duplicate
[2025-03-09T16:27:46.519+0000] {crawl_data.py:128} INFO - Skipped product 174593826 due to duplicate
[2025-03-09T16:27:46.519+0000] {crawl_data.py:128} INFO - Skipped product 172146754 due to duplicate
[2025-03-09T16:27:46.520+0000] {crawl_data.py:128} INFO - Skipped product 170273830 due to duplicate
[2025-03-09T16:27:46.521+0000] {crawl_data.py:128} INFO - Skipped product 162772687 due to duplicate
[2025-03-09T16:27:46.521+0000] {crawl_data.py:128} INFO - Skipped product 161007768 due to duplicate
[2025-03-09T16:27:46.522+0000] {crawl_data.py:128} INFO - Skipped product 142439870 due to duplicate
[2025-03-09T16:27:46.523+0000] {crawl_data.py:128} INFO - Skipped product 137864606 due to duplicate
[2025-03-09T16:27:46.523+0000] {crawl_data.py:128} INFO - Skipped product 134364129 due to duplicate
[2025-03-09T16:27:46.524+0000] {crawl_data.py:128} INFO - Skipped product 116725239 due to duplicate
[2025-03-09T16:27:46.524+0000] {crawl_data.py:128} INFO - Skipped product 116566083 due to duplicate
[2025-03-09T16:27:46.525+0000] {crawl_data.py:128} INFO - Skipped product 110850007 due to duplicate
[2025-03-09T16:27:46.526+0000] {crawl_data.py:128} INFO - Skipped product 107067035 due to duplicate
[2025-03-09T16:27:46.526+0000] {crawl_data.py:128} INFO - Skipped product 89208874 due to duplicate
[2025-03-09T16:27:46.527+0000] {crawl_data.py:128} INFO - Skipped product 88796437 due to duplicate
[2025-03-09T16:27:46.528+0000] {crawl_data.py:128} INFO - Skipped product 80857582 due to duplicate
[2025-03-09T16:27:46.528+0000] {crawl_data.py:128} INFO - Skipped product 73315307 due to duplicate
[2025-03-09T16:27:46.529+0000] {crawl_data.py:128} INFO - Skipped product 68985833 due to duplicate
[2025-03-09T16:27:46.530+0000] {crawl_data.py:128} INFO - Skipped product 52945747 due to duplicate
[2025-03-09T16:27:46.530+0000] {crawl_data.py:128} INFO - Skipped product 49658272 due to duplicate
[2025-03-09T16:27:46.531+0000] {crawl_data.py:128} INFO - Skipped product 49648343 due to duplicate
[2025-03-09T16:27:46.531+0000] {crawl_data.py:128} INFO - Skipped product 36007224 due to duplicate
[2025-03-09T16:27:46.532+0000] {crawl_data.py:128} INFO - Skipped product 35420153 due to duplicate
[2025-03-09T16:27:46.533+0000] {crawl_data.py:128} INFO - Skipped product 4312979 due to duplicate
[2025-03-09T16:27:46.533+0000] {crawl_data.py:128} INFO - Skipped product 3671793 due to duplicate
[2025-03-09T16:27:46.534+0000] {crawl_data.py:128} INFO - Skipped product 554401 due to duplicate
[2025-03-09T16:27:46.535+0000] {crawl_data.py:128} INFO - Skipped product 389145 due to duplicate
[2025-03-09T16:27:46.535+0000] {crawl_data.py:128} INFO - Skipped product 359484 due to duplicate
[2025-03-09T16:27:46.536+0000] {crawl_data.py:128} INFO - Skipped product 299461 due to duplicate
[2025-03-09T16:27:46.537+0000] {crawl_data.py:128} INFO - Skipped product 126697 due to duplicate
[2025-03-09T16:27:46.537+0000] {crawl_data.py:131} INFO - Extracted page 1 - thiet-bi-kts-phu-kien-so, 40 items, total extracted: 0
[2025-03-09T16:27:50.137+0000] {crawl_data.py:106} INFO - Crawling category thoi-trang-nu with 1 pages
[2025-03-09T16:27:50.787+0000] {crawl_data.py:128} INFO - Skipped product 272394686 due to duplicate
[2025-03-09T16:27:50.788+0000] {crawl_data.py:128} INFO - Skipped product 187657697 due to duplicate
[2025-03-09T16:27:50.789+0000] {crawl_data.py:128} INFO - Skipped product 182148167 due to duplicate
[2025-03-09T16:27:50.789+0000] {crawl_data.py:128} INFO - Skipped product 177320879 due to duplicate
[2025-03-09T16:27:50.790+0000] {crawl_data.py:128} INFO - Skipped product 166530485 due to duplicate
[2025-03-09T16:27:50.790+0000] {crawl_data.py:128} INFO - Skipped product 165844516 due to duplicate
[2025-03-09T16:27:50.791+0000] {crawl_data.py:128} INFO - Skipped product 146635373 due to duplicate
[2025-03-09T16:27:50.792+0000] {crawl_data.py:128} INFO - Skipped product 145289939 due to duplicate
[2025-03-09T16:27:50.792+0000] {crawl_data.py:128} INFO - Skipped product 144324230 due to duplicate
[2025-03-09T16:27:50.793+0000] {crawl_data.py:128} INFO - Skipped product 132171331 due to duplicate
[2025-03-09T16:27:50.793+0000] {crawl_data.py:128} INFO - Skipped product 132126497 due to duplicate
[2025-03-09T16:27:50.794+0000] {crawl_data.py:128} INFO - Skipped product 131907412 due to duplicate
[2025-03-09T16:27:50.794+0000] {crawl_data.py:128} INFO - Skipped product 124238677 due to duplicate
[2025-03-09T16:27:50.795+0000] {crawl_data.py:128} INFO - Skipped product 118014158 due to duplicate
[2025-03-09T16:27:50.796+0000] {crawl_data.py:128} INFO - Skipped product 107056472 due to duplicate
[2025-03-09T16:27:50.796+0000] {crawl_data.py:128} INFO - Skipped product 106782807 due to duplicate
[2025-03-09T16:27:50.797+0000] {crawl_data.py:128} INFO - Skipped product 106765137 due to duplicate
[2025-03-09T16:27:50.797+0000] {crawl_data.py:128} INFO - Skipped product 106750367 due to duplicate
[2025-03-09T16:27:50.798+0000] {crawl_data.py:128} INFO - Skipped product 106002718 due to duplicate
[2025-03-09T16:27:50.799+0000] {crawl_data.py:128} INFO - Skipped product 101949563 due to duplicate
[2025-03-09T16:27:50.799+0000] {crawl_data.py:128} INFO - Skipped product 101439243 due to duplicate
[2025-03-09T16:27:50.800+0000] {crawl_data.py:128} INFO - Skipped product 97790859 due to duplicate
[2025-03-09T16:27:50.800+0000] {crawl_data.py:128} INFO - Skipped product 84574514 due to duplicate
[2025-03-09T16:27:50.801+0000] {crawl_data.py:128} INFO - Skipped product 84446029 due to duplicate
[2025-03-09T16:27:50.801+0000] {crawl_data.py:128} INFO - Skipped product 83907537 due to duplicate
[2025-03-09T16:27:50.802+0000] {crawl_data.py:128} INFO - Skipped product 83812939 due to duplicate
[2025-03-09T16:27:50.802+0000] {crawl_data.py:128} INFO - Skipped product 83757503 due to duplicate
[2025-03-09T16:27:50.803+0000] {crawl_data.py:128} INFO - Skipped product 82874281 due to duplicate
[2025-03-09T16:27:50.804+0000] {crawl_data.py:128} INFO - Skipped product 82704606 due to duplicate
[2025-03-09T16:27:50.804+0000] {crawl_data.py:128} INFO - Skipped product 82700848 due to duplicate
[2025-03-09T16:27:50.805+0000] {crawl_data.py:128} INFO - Skipped product 82700777 due to duplicate
[2025-03-09T16:27:50.805+0000] {crawl_data.py:128} INFO - Skipped product 82695200 due to duplicate
[2025-03-09T16:27:50.806+0000] {crawl_data.py:128} INFO - Skipped product 76661889 due to duplicate
[2025-03-09T16:27:50.807+0000] {crawl_data.py:128} INFO - Skipped product 68196229 due to duplicate
[2025-03-09T16:27:50.807+0000] {crawl_data.py:128} INFO - Skipped product 66089930 due to duplicate
[2025-03-09T16:27:50.808+0000] {crawl_data.py:128} INFO - Skipped product 57982432 due to duplicate
[2025-03-09T16:27:50.808+0000] {crawl_data.py:128} INFO - Skipped product 55042458 due to duplicate
[2025-03-09T16:27:50.809+0000] {crawl_data.py:128} INFO - Skipped product 44248342 due to duplicate
[2025-03-09T16:27:50.810+0000] {crawl_data.py:128} INFO - Skipped product 42712220 due to duplicate
[2025-03-09T16:27:50.810+0000] {crawl_data.py:128} INFO - Skipped product 36904256 due to duplicate
[2025-03-09T16:27:50.811+0000] {crawl_data.py:131} INFO - Extracted page 1 - thoi-trang-nu, 40 items, total extracted: 0
[2025-03-09T16:27:54.139+0000] {crawl_data.py:106} INFO - Crawling category thoi-trang-nam with 1 pages
[2025-03-09T16:27:54.676+0000] {crawl_data.py:128} INFO - Skipped product 276233070 due to duplicate
[2025-03-09T16:27:54.677+0000] {crawl_data.py:128} INFO - Skipped product 199752718 due to duplicate
[2025-03-09T16:27:54.677+0000] {crawl_data.py:128} INFO - Skipped product 193504415 due to duplicate
[2025-03-09T16:27:54.678+0000] {crawl_data.py:128} INFO - Skipped product 187574051 due to duplicate
[2025-03-09T16:27:54.679+0000] {crawl_data.py:128} INFO - Skipped product 176250783 due to duplicate
[2025-03-09T16:27:54.679+0000] {crawl_data.py:128} INFO - Skipped product 172210350 due to duplicate
[2025-03-09T16:27:54.680+0000] {crawl_data.py:128} INFO - Skipped product 163149118 due to duplicate
[2025-03-09T16:27:54.681+0000] {crawl_data.py:128} INFO - Skipped product 162033134 due to duplicate
[2025-03-09T16:27:54.681+0000] {crawl_data.py:128} INFO - Skipped product 154298071 due to duplicate
[2025-03-09T16:27:54.682+0000] {crawl_data.py:128} INFO - Skipped product 145680551 due to duplicate
[2025-03-09T16:27:54.682+0000] {crawl_data.py:128} INFO - Skipped product 133821238 due to duplicate
[2025-03-09T16:27:54.683+0000] {crawl_data.py:128} INFO - Skipped product 126700166 due to duplicate
[2025-03-09T16:27:54.684+0000] {crawl_data.py:128} INFO - Skipped product 126146318 due to duplicate
[2025-03-09T16:27:54.684+0000] {crawl_data.py:128} INFO - Skipped product 124635780 due to duplicate
[2025-03-09T16:27:54.685+0000] {crawl_data.py:128} INFO - Skipped product 111972654 due to duplicate
[2025-03-09T16:27:54.685+0000] {crawl_data.py:128} INFO - Skipped product 109403033 due to duplicate
[2025-03-09T16:27:54.686+0000] {crawl_data.py:128} INFO - Skipped product 107186342 due to duplicate
[2025-03-09T16:27:54.687+0000] {crawl_data.py:128} INFO - Skipped product 104312787 due to duplicate
[2025-03-09T16:27:54.687+0000] {crawl_data.py:128} INFO - Skipped product 104080625 due to duplicate
[2025-03-09T16:27:54.688+0000] {crawl_data.py:128} INFO - Skipped product 103076103 due to duplicate
[2025-03-09T16:27:54.689+0000] {crawl_data.py:128} INFO - Skipped product 99968881 due to duplicate
[2025-03-09T16:27:54.689+0000] {crawl_data.py:128} INFO - Skipped product 99958075 due to duplicate
[2025-03-09T16:27:54.690+0000] {crawl_data.py:128} INFO - Skipped product 95052893 due to duplicate
[2025-03-09T16:27:54.690+0000] {crawl_data.py:128} INFO - Skipped product 88011606 due to duplicate
[2025-03-09T16:27:54.691+0000] {crawl_data.py:128} INFO - Skipped product 87981660 due to duplicate
[2025-03-09T16:27:54.692+0000] {crawl_data.py:128} INFO - Skipped product 79435123 due to duplicate
[2025-03-09T16:27:54.692+0000] {crawl_data.py:128} INFO - Skipped product 76537581 due to duplicate
[2025-03-09T16:27:54.693+0000] {crawl_data.py:128} INFO - Skipped product 75329276 due to duplicate
[2025-03-09T16:27:54.693+0000] {crawl_data.py:128} INFO - Skipped product 74536479 due to duplicate
[2025-03-09T16:27:54.694+0000] {crawl_data.py:128} INFO - Skipped product 56614642 due to duplicate
[2025-03-09T16:27:54.694+0000] {crawl_data.py:128} INFO - Skipped product 52189164 due to duplicate
[2025-03-09T16:27:54.695+0000] {crawl_data.py:128} INFO - Skipped product 52184516 due to duplicate
[2025-03-09T16:27:54.695+0000] {crawl_data.py:128} INFO - Skipped product 35087712 due to duplicate
[2025-03-09T16:27:54.696+0000] {crawl_data.py:128} INFO - Skipped product 31638135 due to duplicate
[2025-03-09T16:27:54.697+0000] {crawl_data.py:128} INFO - Skipped product 31637590 due to duplicate
[2025-03-09T16:27:54.697+0000] {crawl_data.py:128} INFO - Skipped product 16712370 due to duplicate
[2025-03-09T16:27:54.698+0000] {crawl_data.py:128} INFO - Skipped product 14694284 due to duplicate
[2025-03-09T16:27:54.698+0000] {crawl_data.py:128} INFO - Skipped product 9730171 due to duplicate
[2025-03-09T16:27:54.699+0000] {crawl_data.py:128} INFO - Skipped product 7599073 due to duplicate
[2025-03-09T16:27:54.700+0000] {crawl_data.py:128} INFO - Skipped product 4965821 due to duplicate
[2025-03-09T16:27:54.700+0000] {crawl_data.py:131} INFO - Extracted page 1 - thoi-trang-nam, 40 items, total extracted: 0
[2025-03-09T16:27:58.011+0000] {crawl_data.py:106} INFO - Crawling category dong-ho-va-trang-suc with 1 pages
[2025-03-09T16:27:58.673+0000] {crawl_data.py:128} INFO - Skipped product 242778439 due to duplicate
[2025-03-09T16:27:58.674+0000] {crawl_data.py:128} INFO - Skipped product 205081199 due to duplicate
[2025-03-09T16:27:58.675+0000] {crawl_data.py:128} INFO - Skipped product 204038070 due to duplicate
[2025-03-09T16:27:58.675+0000] {crawl_data.py:128} INFO - Skipped product 194500873 due to duplicate
[2025-03-09T16:27:58.676+0000] {crawl_data.py:128} INFO - Skipped product 178029300 due to duplicate
[2025-03-09T16:27:58.677+0000] {crawl_data.py:128} INFO - Skipped product 178027547 due to duplicate
[2025-03-09T16:27:58.677+0000] {crawl_data.py:128} INFO - Skipped product 150615727 due to duplicate
[2025-03-09T16:27:58.678+0000] {crawl_data.py:128} INFO - Skipped product 145763594 due to duplicate
[2025-03-09T16:27:58.679+0000] {crawl_data.py:128} INFO - Skipped product 145763569 due to duplicate
[2025-03-09T16:27:58.679+0000] {crawl_data.py:128} INFO - Skipped product 143960604 due to duplicate
[2025-03-09T16:27:58.680+0000] {crawl_data.py:128} INFO - Skipped product 143838450 due to duplicate
[2025-03-09T16:27:58.680+0000] {crawl_data.py:128} INFO - Skipped product 137946676 due to duplicate
[2025-03-09T16:27:58.681+0000] {crawl_data.py:128} INFO - Skipped product 137941919 due to duplicate
[2025-03-09T16:27:58.682+0000] {crawl_data.py:128} INFO - Skipped product 134441706 due to duplicate
[2025-03-09T16:27:58.682+0000] {crawl_data.py:128} INFO - Skipped product 113403111 due to duplicate
[2025-03-09T16:27:58.683+0000] {crawl_data.py:128} INFO - Skipped product 106390176 due to duplicate
[2025-03-09T16:27:58.684+0000] {crawl_data.py:128} INFO - Skipped product 105985711 due to duplicate
[2025-03-09T16:27:58.684+0000] {crawl_data.py:128} INFO - Skipped product 97894870 due to duplicate
[2025-03-09T16:27:58.685+0000] {crawl_data.py:128} INFO - Skipped product 93819008 due to duplicate
[2025-03-09T16:27:58.686+0000] {crawl_data.py:128} INFO - Skipped product 92817188 due to duplicate
[2025-03-09T16:27:58.686+0000] {crawl_data.py:128} INFO - Skipped product 74853731 due to duplicate
[2025-03-09T16:27:58.687+0000] {crawl_data.py:128} INFO - Skipped product 70841244 due to duplicate
[2025-03-09T16:27:58.688+0000] {crawl_data.py:128} INFO - Skipped product 68427641 due to duplicate
[2025-03-09T16:27:58.688+0000] {crawl_data.py:128} INFO - Skipped product 59084567 due to duplicate
[2025-03-09T16:27:58.689+0000] {crawl_data.py:128} INFO - Skipped product 54687717 due to duplicate
[2025-03-09T16:27:58.690+0000] {crawl_data.py:128} INFO - Skipped product 52469205 due to duplicate
[2025-03-09T16:27:58.690+0000] {crawl_data.py:128} INFO - Skipped product 51104756 due to duplicate
[2025-03-09T16:27:58.691+0000] {crawl_data.py:128} INFO - Skipped product 48658720 due to duplicate
[2025-03-09T16:27:58.692+0000] {crawl_data.py:128} INFO - Skipped product 42194457 due to duplicate
[2025-03-09T16:27:58.692+0000] {crawl_data.py:128} INFO - Skipped product 37156749 due to duplicate
[2025-03-09T16:27:58.693+0000] {crawl_data.py:128} INFO - Skipped product 35507445 due to duplicate
[2025-03-09T16:27:58.693+0000] {crawl_data.py:128} INFO - Skipped product 33630695 due to duplicate
[2025-03-09T16:27:58.694+0000] {crawl_data.py:128} INFO - Skipped product 27733854 due to duplicate
[2025-03-09T16:27:58.694+0000] {crawl_data.py:128} INFO - Skipped product 21754311 due to duplicate
[2025-03-09T16:27:58.695+0000] {crawl_data.py:128} INFO - Skipped product 13246837 due to duplicate
[2025-03-09T16:27:58.695+0000] {crawl_data.py:128} INFO - Skipped product 7804969 due to duplicate
[2025-03-09T16:27:58.696+0000] {crawl_data.py:128} INFO - Skipped product 7803174 due to duplicate
[2025-03-09T16:27:58.697+0000] {crawl_data.py:128} INFO - Skipped product 7802880 due to duplicate
[2025-03-09T16:27:58.697+0000] {crawl_data.py:128} INFO - Skipped product 7799222 due to duplicate
[2025-03-09T16:27:58.698+0000] {crawl_data.py:128} INFO - Skipped product 7796951 due to duplicate
[2025-03-09T16:27:58.698+0000] {crawl_data.py:131} INFO - Extracted page 1 - dong-ho-va-trang-suc, 40 items, total extracted: 0
[2025-03-09T16:28:01.401+0000] {crawl_data.py:106} INFO - Crawling category dien-tu-dien-lanh with 1 pages
[2025-03-09T16:28:01.926+0000] {crawl_data.py:128} INFO - Skipped product 276557635 due to duplicate
[2025-03-09T16:28:01.927+0000] {crawl_data.py:128} INFO - Skipped product 276474485 due to duplicate
[2025-03-09T16:28:01.927+0000] {crawl_data.py:128} INFO - Skipped product 276178085 due to duplicate
[2025-03-09T16:28:01.928+0000] {crawl_data.py:128} INFO - Skipped product 276070213 due to duplicate
[2025-03-09T16:28:01.930+0000] {crawl_data.py:128} INFO - Skipped product 275975448 due to duplicate
[2025-03-09T16:28:01.930+0000] {crawl_data.py:128} INFO - Skipped product 275905233 due to duplicate
[2025-03-09T16:28:01.931+0000] {crawl_data.py:128} INFO - Skipped product 275614367 due to duplicate
[2025-03-09T16:28:01.932+0000] {crawl_data.py:128} INFO - Skipped product 275576583 due to duplicate
[2025-03-09T16:28:01.933+0000] {crawl_data.py:128} INFO - Skipped product 275127044 due to duplicate
[2025-03-09T16:28:01.933+0000] {crawl_data.py:128} INFO - Skipped product 274614718 due to duplicate
[2025-03-09T16:28:01.934+0000] {crawl_data.py:128} INFO - Skipped product 273328811 due to duplicate
[2025-03-09T16:28:01.935+0000] {crawl_data.py:128} INFO - Skipped product 273168499 due to duplicate
[2025-03-09T16:28:01.935+0000] {crawl_data.py:128} INFO - Skipped product 270272893 due to duplicate
[2025-03-09T16:28:01.936+0000] {crawl_data.py:128} INFO - Skipped product 257780669 due to duplicate
[2025-03-09T16:28:01.937+0000] {crawl_data.py:128} INFO - Skipped product 255421912 due to duplicate
[2025-03-09T16:28:01.938+0000] {crawl_data.py:128} INFO - Skipped product 195971791 due to duplicate
[2025-03-09T16:28:01.939+0000] {crawl_data.py:128} INFO - Skipped product 195959600 due to duplicate
[2025-03-09T16:28:01.939+0000] {crawl_data.py:128} INFO - Skipped product 167558939 due to duplicate
[2025-03-09T16:28:01.940+0000] {crawl_data.py:128} INFO - Skipped product 155113398 due to duplicate
[2025-03-09T16:28:01.941+0000] {crawl_data.py:128} INFO - Skipped product 123548222 due to duplicate
[2025-03-09T16:28:01.941+0000] {crawl_data.py:128} INFO - Skipped product 123548101 due to duplicate
[2025-03-09T16:28:01.942+0000] {crawl_data.py:128} INFO - Skipped product 123547597 due to duplicate
[2025-03-09T16:28:01.943+0000] {crawl_data.py:128} INFO - Skipped product 114924880 due to duplicate
[2025-03-09T16:28:01.943+0000] {crawl_data.py:128} INFO - Skipped product 110791834 due to duplicate
[2025-03-09T16:28:01.944+0000] {crawl_data.py:128} INFO - Skipped product 109190689 due to duplicate
[2025-03-09T16:28:01.944+0000] {crawl_data.py:128} INFO - Skipped product 102683224 due to duplicate
[2025-03-09T16:28:01.945+0000] {crawl_data.py:128} INFO - Skipped product 91272439 due to duplicate
[2025-03-09T16:28:01.946+0000] {crawl_data.py:128} INFO - Skipped product 87180717 due to duplicate
[2025-03-09T16:28:01.947+0000] {crawl_data.py:128} INFO - Skipped product 54620003 due to duplicate
[2025-03-09T16:28:01.948+0000] {crawl_data.py:128} INFO - Skipped product 32505959 due to duplicate
[2025-03-09T16:28:01.949+0000] {crawl_data.py:128} INFO - Skipped product 21180803 due to duplicate
[2025-03-09T16:28:01.949+0000] {crawl_data.py:128} INFO - Skipped product 19401965 due to duplicate
[2025-03-09T16:28:01.950+0000] {crawl_data.py:128} INFO - Skipped product 17908150 due to duplicate
[2025-03-09T16:28:01.950+0000] {crawl_data.py:128} INFO - Skipped product 16033028 due to duplicate
[2025-03-09T16:28:01.951+0000] {crawl_data.py:128} INFO - Skipped product 15817458 due to duplicate
[2025-03-09T16:28:01.952+0000] {crawl_data.py:128} INFO - Skipped product 14620479 due to duplicate
[2025-03-09T16:28:01.953+0000] {crawl_data.py:128} INFO - Skipped product 7633108 due to duplicate
[2025-03-09T16:28:01.953+0000] {crawl_data.py:128} INFO - Skipped product 4374799 due to duplicate
[2025-03-09T16:28:01.954+0000] {crawl_data.py:128} INFO - Skipped product 4315713 due to duplicate
[2025-03-09T16:28:01.955+0000] {crawl_data.py:128} INFO - Skipped product 3519947 due to duplicate
[2025-03-09T16:28:01.956+0000] {crawl_data.py:131} INFO - Extracted page 1 - dien-tu-dien-lanh, 40 items, total extracted: 0
[2025-03-09T16:28:04.933+0000] {crawl_data.py:149} WARNING - No data extracted from any category. Returning None.
[2025-03-09T16:28:04.936+0000] {tiki_extract_dag.py:27} WARNING - No data extracted. Pushing None to XCom.
[2025-03-09T16:28:04.961+0000] {python.py:240} INFO - Done. Returned value was: None
[2025-03-09T16:28:04.978+0000] {taskinstance.py:341} INFO - ::group::Post task execution logs
[2025-03-09T16:28:04.979+0000] {taskinstance.py:353} INFO - Marking task as SUCCESS. dag_id=tiki_extract_dag, task_id=extract_data, run_id=manual__2025-03-09T16:27:20.645420+00:00, execution_date=20250309T162720, start_date=20250309T162724, end_date=20250309T162804
[2025-03-09T16:28:05.021+0000] {logging_mixin.py:190} INFO - Task instance in success state
[2025-03-09T16:28:05.022+0000] {logging_mixin.py:190} INFO -  Previous state of the Task instance: running
[2025-03-09T16:28:05.022+0000] {logging_mixin.py:190} INFO - Dag name:tiki_extract_dag queued_at:2025-03-09 16:27:20.706400+00:00
[2025-03-09T16:28:05.023+0000] {logging_mixin.py:190} INFO - Task hostname:72a6d77a3cc5 operator:PythonOperator
[2025-03-09T16:28:05.057+0000] {local_task_job_runner.py:266} INFO - Task exited with return code 0
[2025-03-09T16:28:05.084+0000] {taskinstance.py:3901} INFO - 0 downstream tasks scheduled from follow-on schedule check
[2025-03-09T16:28:05.087+0000] {local_task_job_runner.py:245} INFO - ::endgroup::
