[2025-03-09T07:33:21.583+0000] {local_task_job_runner.py:123} INFO - ::group::Pre task execution logs
[2025-03-09T07:33:21.610+0000] {taskinstance.py:2614} INFO - Dependencies all met for dep_context=non-requeueable deps ti=<TaskInstance: tiki_extract_dag.extract_data manual__2025-03-09T07:33:17.068856+00:00 [queued]>
[2025-03-09T07:33:21.625+0000] {taskinstance.py:2614} INFO - Dependencies all met for dep_context=requeueable deps ti=<TaskInstance: tiki_extract_dag.extract_data manual__2025-03-09T07:33:17.068856+00:00 [queued]>
[2025-03-09T07:33:21.626+0000] {taskinstance.py:2867} INFO - Starting attempt 1 of 1
[2025-03-09T07:33:21.650+0000] {taskinstance.py:2890} INFO - Executing <Task(PythonOperator): extract_data> on 2025-03-09 07:33:17.068856+00:00
[2025-03-09T07:33:21.663+0000] {warnings.py:112} WARNING - /home/***/.local/lib/python3.12/site-packages/***/task/task_runner/standard_task_runner.py:70: DeprecationWarning: This process (pid=146) is multi-threaded, use of fork() may lead to deadlocks in the child.
  pid = os.fork()

[2025-03-09T07:33:21.665+0000] {standard_task_runner.py:72} INFO - Started process 148 to run task
[2025-03-09T07:33:21.665+0000] {standard_task_runner.py:104} INFO - Running: ['***', 'tasks', 'run', 'tiki_extract_dag', 'extract_data', 'manual__2025-03-09T07:33:17.068856+00:00', '--job-id', '75', '--raw', '--subdir', 'DAGS_FOLDER/tiki_extract_dag.py', '--cfg-path', '/tmp/tmp8hhiewvm']
[2025-03-09T07:33:21.667+0000] {standard_task_runner.py:105} INFO - Job 75: Subtask extract_data
[2025-03-09T07:33:21.738+0000] {task_command.py:467} INFO - Running <TaskInstance: tiki_extract_dag.extract_data manual__2025-03-09T07:33:17.068856+00:00 [running]> on host 4dc18dee7126
[2025-03-09T07:33:22.251+0000] {taskinstance.py:3134} INFO - Exporting env vars: AIRFLOW_CTX_DAG_OWNER='***' AIRFLOW_CTX_DAG_ID='tiki_extract_dag' AIRFLOW_CTX_TASK_ID='extract_data' AIRFLOW_CTX_EXECUTION_DATE='2025-03-09T07:33:17.068856+00:00' AIRFLOW_CTX_TRY_NUMBER='1' AIRFLOW_CTX_DAG_RUN_ID='manual__2025-03-09T07:33:17.068856+00:00'
[2025-03-09T07:33:22.253+0000] {logging_mixin.py:190} INFO - Task instance is in running state
[2025-03-09T07:33:22.253+0000] {logging_mixin.py:190} INFO -  Previous state of the Task instance: queued
[2025-03-09T07:33:22.254+0000] {logging_mixin.py:190} INFO - Current task name:extract_data state:running start_date:2025-03-09 07:33:21.612484+00:00
[2025-03-09T07:33:22.255+0000] {logging_mixin.py:190} INFO - Dag name:tiki_extract_dag and current dag run status:running
[2025-03-09T07:33:22.256+0000] {taskinstance.py:732} INFO - ::endgroup::
[2025-03-09T07:33:22.281+0000] {tiki_extract_dag.py:21} INFO - Loaded categories: ['lam-dep-suc-khoe', 'dien-thoai-may-tinh-bang', 'laptop-may-vi-tinh-linh-kien', 'dien-gia-dung', 'sach', 'thiet-bi-kts-phu-kien-so', 'thoi-trang-nu', 'thoi-trang-nam', 'dong-ho-va-trang-suc', 'dien-tu-dien-lanh']
[2025-03-09T07:33:22.282+0000] {crawl_data.py:106} INFO - Crawling category lam-dep-suc-khoe with 10 pages
[2025-03-09T07:33:22.931+0000] {crawl_data.py:128} INFO - Extracted page 1 - lam-dep-suc-khoe, 40 items, total extracted: 40
[2025-03-09T07:33:26.618+0000] {crawl_data.py:128} INFO - Extracted page 2 - lam-dep-suc-khoe, 40 items, total extracted: 80
[2025-03-09T07:33:31.838+0000] {crawl_data.py:128} INFO - Extracted page 3 - lam-dep-suc-khoe, 40 items, total extracted: 120
[2025-03-09T07:33:35.503+0000] {crawl_data.py:128} INFO - Extracted page 4 - lam-dep-suc-khoe, 40 items, total extracted: 160
[2025-03-09T07:33:38.974+0000] {crawl_data.py:128} INFO - Extracted page 5 - lam-dep-suc-khoe, 40 items, total extracted: 200
[2025-03-09T07:33:43.433+0000] {crawl_data.py:128} INFO - Extracted page 6 - lam-dep-suc-khoe, 40 items, total extracted: 240
[2025-03-09T07:33:45.882+0000] {crawl_data.py:128} INFO - Extracted page 7 - lam-dep-suc-khoe, 40 items, total extracted: 280
[2025-03-09T07:33:50.996+0000] {crawl_data.py:128} INFO - Extracted page 8 - lam-dep-suc-khoe, 40 items, total extracted: 320
[2025-03-09T07:33:55.961+0000] {crawl_data.py:128} INFO - Extracted page 9 - lam-dep-suc-khoe, 40 items, total extracted: 360
[2025-03-09T07:34:00.408+0000] {crawl_data.py:128} INFO - Extracted page 10 - lam-dep-suc-khoe, 40 items, total extracted: 400
[2025-03-09T07:34:04.554+0000] {crawl_data.py:106} INFO - Crawling category dien-thoai-may-tinh-bang with 10 pages
[2025-03-09T07:34:05.099+0000] {crawl_data.py:128} INFO - Extracted page 1 - dien-thoai-may-tinh-bang, 40 items, total extracted: 440
[2025-03-09T07:34:09.895+0000] {crawl_data.py:128} INFO - Extracted page 2 - dien-thoai-may-tinh-bang, 40 items, total extracted: 480
[2025-03-09T07:34:12.887+0000] {crawl_data.py:128} INFO - Extracted page 3 - dien-thoai-may-tinh-bang, 40 items, total extracted: 520
[2025-03-09T07:34:16.358+0000] {crawl_data.py:128} INFO - Extracted page 4 - dien-thoai-may-tinh-bang, 40 items, total extracted: 560
[2025-03-09T07:34:20.565+0000] {crawl_data.py:128} INFO - Extracted page 5 - dien-thoai-may-tinh-bang, 40 items, total extracted: 600
[2025-03-09T07:34:25.778+0000] {crawl_data.py:128} INFO - Extracted page 6 - dien-thoai-may-tinh-bang, 40 items, total extracted: 640
[2025-03-09T07:34:28.464+0000] {crawl_data.py:128} INFO - Extracted page 7 - dien-thoai-may-tinh-bang, 40 items, total extracted: 680
[2025-03-09T07:34:32.558+0000] {crawl_data.py:128} INFO - Extracted page 8 - dien-thoai-may-tinh-bang, 40 items, total extracted: 720
[2025-03-09T07:34:35.488+0000] {crawl_data.py:128} INFO - Extracted page 9 - dien-thoai-may-tinh-bang, 19 items, total extracted: 739
[2025-03-09T07:34:40.571+0000] {crawl_data.py:114} WARNING - No data found for page 10 - dien-thoai-may-tinh-bang
[2025-03-09T07:34:40.573+0000] {crawl_data.py:106} INFO - Crawling category laptop-may-vi-tinh-linh-kien with 10 pages
[2025-03-09T07:34:41.073+0000] {crawl_data.py:128} INFO - Extracted page 1 - laptop-may-vi-tinh-linh-kien, 40 items, total extracted: 779
[2025-03-09T07:34:45.575+0000] {crawl_data.py:128} INFO - Extracted page 2 - laptop-may-vi-tinh-linh-kien, 40 items, total extracted: 819
[2025-03-09T07:34:49.824+0000] {crawl_data.py:128} INFO - Extracted page 3 - laptop-may-vi-tinh-linh-kien, 40 items, total extracted: 859
[2025-03-09T07:34:53.369+0000] {crawl_data.py:128} INFO - Extracted page 4 - laptop-may-vi-tinh-linh-kien, 40 items, total extracted: 899
[2025-03-09T07:34:58.135+0000] {crawl_data.py:128} INFO - Extracted page 5 - laptop-may-vi-tinh-linh-kien, 40 items, total extracted: 939
[2025-03-09T07:35:01.914+0000] {crawl_data.py:128} INFO - Extracted page 6 - laptop-may-vi-tinh-linh-kien, 40 items, total extracted: 979
[2025-03-09T07:35:06.376+0000] {crawl_data.py:128} INFO - Extracted page 7 - laptop-may-vi-tinh-linh-kien, 40 items, total extracted: 1019
[2025-03-09T07:35:11.505+0000] {crawl_data.py:128} INFO - Extracted page 8 - laptop-may-vi-tinh-linh-kien, 40 items, total extracted: 1059
[2025-03-09T07:35:16.895+0000] {crawl_data.py:128} INFO - Extracted page 9 - laptop-may-vi-tinh-linh-kien, 40 items, total extracted: 1099
[2025-03-09T07:35:19.649+0000] {crawl_data.py:128} INFO - Extracted page 10 - laptop-may-vi-tinh-linh-kien, 40 items, total extracted: 1139
[2025-03-09T07:35:23.318+0000] {crawl_data.py:106} INFO - Crawling category dien-gia-dung with 10 pages
[2025-03-09T07:35:23.740+0000] {crawl_data.py:128} INFO - Extracted page 1 - dien-gia-dung, 40 items, total extracted: 1179
[2025-03-09T07:35:26.769+0000] {crawl_data.py:128} INFO - Extracted page 2 - dien-gia-dung, 40 items, total extracted: 1219
[2025-03-09T07:35:31.168+0000] {crawl_data.py:128} INFO - Extracted page 3 - dien-gia-dung, 40 items, total extracted: 1259
[2025-03-09T07:35:36.301+0000] {crawl_data.py:128} INFO - Extracted page 4 - dien-gia-dung, 40 items, total extracted: 1299
[2025-03-09T07:35:41.342+0000] {crawl_data.py:128} INFO - Extracted page 5 - dien-gia-dung, 40 items, total extracted: 1339
[2025-03-09T07:35:44.632+0000] {crawl_data.py:128} INFO - Extracted page 6 - dien-gia-dung, 40 items, total extracted: 1379
[2025-03-09T07:35:50.313+0000] {crawl_data.py:128} INFO - Extracted page 7 - dien-gia-dung, 40 items, total extracted: 1419
[2025-03-09T07:35:54.692+0000] {crawl_data.py:128} INFO - Extracted page 8 - dien-gia-dung, 40 items, total extracted: 1459
[2025-03-09T07:36:00.071+0000] {crawl_data.py:128} INFO - Extracted page 9 - dien-gia-dung, 40 items, total extracted: 1499
[2025-03-09T07:36:02.979+0000] {crawl_data.py:128} INFO - Extracted page 10 - dien-gia-dung, 40 items, total extracted: 1539
[2025-03-09T07:36:07.694+0000] {crawl_data.py:106} INFO - Crawling category sach with 10 pages
[2025-03-09T07:36:08.160+0000] {crawl_data.py:128} INFO - Extracted page 1 - sach, 40 items, total extracted: 1579
[2025-03-09T07:36:11.436+0000] {crawl_data.py:128} INFO - Extracted page 2 - sach, 40 items, total extracted: 1619
[2025-03-09T07:36:16.784+0000] {crawl_data.py:128} INFO - Extracted page 3 - sach, 40 items, total extracted: 1659
[2025-03-09T07:36:19.803+0000] {crawl_data.py:128} INFO - Extracted page 4 - sach, 40 items, total extracted: 1699
[2025-03-09T07:36:22.538+0000] {crawl_data.py:128} INFO - Extracted page 5 - sach, 40 items, total extracted: 1739
[2025-03-09T07:36:25.396+0000] {crawl_data.py:128} INFO - Extracted page 6 - sach, 40 items, total extracted: 1779
[2025-03-09T07:36:29.887+0000] {crawl_data.py:128} INFO - Extracted page 7 - sach, 40 items, total extracted: 1819
[2025-03-09T07:36:32.367+0000] {crawl_data.py:128} INFO - Extracted page 8 - sach, 40 items, total extracted: 1859
[2025-03-09T07:36:35.936+0000] {crawl_data.py:128} INFO - Extracted page 9 - sach, 40 items, total extracted: 1899
[2025-03-09T07:36:41.138+0000] {crawl_data.py:128} INFO - Extracted page 10 - sach, 40 items, total extracted: 1939
[2025-03-09T07:36:45.580+0000] {crawl_data.py:106} INFO - Crawling category thiet-bi-kts-phu-kien-so with 10 pages
[2025-03-09T07:36:46.082+0000] {crawl_data.py:128} INFO - Extracted page 1 - thiet-bi-kts-phu-kien-so, 40 items, total extracted: 1979
[2025-03-09T07:36:49.455+0000] {crawl_data.py:128} INFO - Extracted page 2 - thiet-bi-kts-phu-kien-so, 40 items, total extracted: 2019
[2025-03-09T07:36:52.485+0000] {crawl_data.py:128} INFO - Extracted page 3 - thiet-bi-kts-phu-kien-so, 40 items, total extracted: 2059
[2025-03-09T07:36:55.489+0000] {crawl_data.py:128} INFO - Extracted page 4 - thiet-bi-kts-phu-kien-so, 40 items, total extracted: 2099
[2025-03-09T07:36:59.071+0000] {crawl_data.py:128} INFO - Extracted page 5 - thiet-bi-kts-phu-kien-so, 40 items, total extracted: 2139
[2025-03-09T07:37:02.877+0000] {crawl_data.py:128} INFO - Extracted page 6 - thiet-bi-kts-phu-kien-so, 40 items, total extracted: 2179
[2025-03-09T07:37:06.970+0000] {crawl_data.py:128} INFO - Extracted page 7 - thiet-bi-kts-phu-kien-so, 40 items, total extracted: 2219
[2025-03-09T07:37:12.161+0000] {crawl_data.py:128} INFO - Extracted page 8 - thiet-bi-kts-phu-kien-so, 40 items, total extracted: 2259
[2025-03-09T07:37:14.662+0000] {crawl_data.py:128} INFO - Extracted page 9 - thiet-bi-kts-phu-kien-so, 40 items, total extracted: 2299
[2025-03-09T07:37:18.646+0000] {crawl_data.py:128} INFO - Extracted page 10 - thiet-bi-kts-phu-kien-so, 40 items, total extracted: 2339
[2025-03-09T07:37:23.015+0000] {crawl_data.py:106} INFO - Crawling category thoi-trang-nu with 10 pages
[2025-03-09T07:37:23.526+0000] {crawl_data.py:128} INFO - Extracted page 1 - thoi-trang-nu, 40 items, total extracted: 2379
[2025-03-09T07:37:27.128+0000] {crawl_data.py:128} INFO - Extracted page 2 - thoi-trang-nu, 40 items, total extracted: 2419
[2025-03-09T07:37:31.411+0000] {crawl_data.py:128} INFO - Extracted page 3 - thoi-trang-nu, 40 items, total extracted: 2459
[2025-03-09T07:37:35.531+0000] {crawl_data.py:128} INFO - Extracted page 4 - thoi-trang-nu, 40 items, total extracted: 2499
[2025-03-09T07:37:38.385+0000] {crawl_data.py:128} INFO - Extracted page 5 - thoi-trang-nu, 40 items, total extracted: 2539
[2025-03-09T07:37:43.770+0000] {crawl_data.py:128} INFO - Extracted page 6 - thoi-trang-nu, 40 items, total extracted: 2579
[2025-03-09T07:37:46.727+0000] {crawl_data.py:128} INFO - Extracted page 7 - thoi-trang-nu, 40 items, total extracted: 2619
[2025-03-09T07:37:50.924+0000] {crawl_data.py:128} INFO - Extracted page 8 - thoi-trang-nu, 40 items, total extracted: 2659
[2025-03-09T07:37:53.987+0000] {crawl_data.py:128} INFO - Extracted page 9 - thoi-trang-nu, 40 items, total extracted: 2699
[2025-03-09T07:37:58.006+0000] {crawl_data.py:128} INFO - Extracted page 10 - thoi-trang-nu, 40 items, total extracted: 2739
[2025-03-09T07:38:00.521+0000] {crawl_data.py:106} INFO - Crawling category thoi-trang-nam with 10 pages
[2025-03-09T07:38:01.126+0000] {crawl_data.py:128} INFO - Extracted page 1 - thoi-trang-nam, 40 items, total extracted: 2779
[2025-03-09T07:38:06.504+0000] {crawl_data.py:128} INFO - Extracted page 2 - thoi-trang-nam, 40 items, total extracted: 2819
[2025-03-09T07:38:11.552+0000] {crawl_data.py:128} INFO - Extracted page 3 - thoi-trang-nam, 40 items, total extracted: 2859
[2025-03-09T07:38:16.520+0000] {crawl_data.py:128} INFO - Extracted page 4 - thoi-trang-nam, 40 items, total extracted: 2899
[2025-03-09T07:38:21.345+0000] {crawl_data.py:128} INFO - Extracted page 5 - thoi-trang-nam, 40 items, total extracted: 2939
[2025-03-09T07:38:25.596+0000] {crawl_data.py:128} INFO - Extracted page 6 - thoi-trang-nam, 40 items, total extracted: 2979
[2025-03-09T07:38:29.619+0000] {crawl_data.py:128} INFO - Extracted page 7 - thoi-trang-nam, 40 items, total extracted: 3019
[2025-03-09T07:38:34.260+0000] {crawl_data.py:128} INFO - Extracted page 8 - thoi-trang-nam, 40 items, total extracted: 3059
[2025-03-09T07:38:37.086+0000] {crawl_data.py:128} INFO - Extracted page 9 - thoi-trang-nam, 40 items, total extracted: 3099
[2025-03-09T07:38:41.388+0000] {crawl_data.py:128} INFO - Extracted page 10 - thoi-trang-nam, 40 items, total extracted: 3139
[2025-03-09T07:38:46.103+0000] {crawl_data.py:106} INFO - Crawling category dong-ho-va-trang-suc with 10 pages
[2025-03-09T07:38:46.678+0000] {crawl_data.py:128} INFO - Extracted page 1 - dong-ho-va-trang-suc, 40 items, total extracted: 3179
[2025-03-09T07:38:51.625+0000] {crawl_data.py:128} INFO - Extracted page 2 - dong-ho-va-trang-suc, 40 items, total extracted: 3219
[2025-03-09T07:38:57.018+0000] {crawl_data.py:128} INFO - Extracted page 3 - dong-ho-va-trang-suc, 40 items, total extracted: 3259
[2025-03-09T07:39:01.426+0000] {crawl_data.py:128} INFO - Extracted page 4 - dong-ho-va-trang-suc, 40 items, total extracted: 3299
[2025-03-09T07:39:04.421+0000] {crawl_data.py:128} INFO - Extracted page 5 - dong-ho-va-trang-suc, 40 items, total extracted: 3339
[2025-03-09T07:39:07.086+0000] {crawl_data.py:128} INFO - Extracted page 6 - dong-ho-va-trang-suc, 40 items, total extracted: 3379
[2025-03-09T07:39:12.286+0000] {crawl_data.py:128} INFO - Extracted page 7 - dong-ho-va-trang-suc, 40 items, total extracted: 3419
[2025-03-09T07:39:16.796+0000] {crawl_data.py:128} INFO - Extracted page 8 - dong-ho-va-trang-suc, 40 items, total extracted: 3459
[2025-03-09T07:39:19.482+0000] {crawl_data.py:128} INFO - Extracted page 9 - dong-ho-va-trang-suc, 40 items, total extracted: 3499
[2025-03-09T07:39:23.468+0000] {crawl_data.py:128} INFO - Extracted page 10 - dong-ho-va-trang-suc, 40 items, total extracted: 3539
[2025-03-09T07:39:26.846+0000] {crawl_data.py:106} INFO - Crawling category dien-tu-dien-lanh with 10 pages
[2025-03-09T07:39:27.318+0000] {crawl_data.py:128} INFO - Extracted page 1 - dien-tu-dien-lanh, 40 items, total extracted: 3579
[2025-03-09T07:39:29.995+0000] {crawl_data.py:128} INFO - Extracted page 2 - dien-tu-dien-lanh, 40 items, total extracted: 3619
[2025-03-09T07:39:34.601+0000] {crawl_data.py:128} INFO - Extracted page 3 - dien-tu-dien-lanh, 40 items, total extracted: 3659
[2025-03-09T07:39:39.755+0000] {crawl_data.py:128} INFO - Extracted page 4 - dien-tu-dien-lanh, 40 items, total extracted: 3699
[2025-03-09T07:39:45.046+0000] {crawl_data.py:128} INFO - Extracted page 5 - dien-tu-dien-lanh, 40 items, total extracted: 3739
[2025-03-09T07:39:48.090+0000] {crawl_data.py:128} INFO - Extracted page 6 - dien-tu-dien-lanh, 40 items, total extracted: 3779
[2025-03-09T07:39:50.590+0000] {crawl_data.py:128} INFO - Extracted page 7 - dien-tu-dien-lanh, 40 items, total extracted: 3819
[2025-03-09T07:39:55.080+0000] {crawl_data.py:128} INFO - Extracted page 8 - dien-tu-dien-lanh, 40 items, total extracted: 3859
[2025-03-09T07:40:00.121+0000] {crawl_data.py:128} INFO - Extracted page 9 - dien-tu-dien-lanh, 40 items, total extracted: 3899
[2025-03-09T07:40:05.369+0000] {crawl_data.py:128} INFO - Extracted page 10 - dien-tu-dien-lanh, 40 items, total extracted: 3939
[2025-03-09T07:40:14.241+0000] {crawl_data.py:50} INFO - Updated crawled products at tiki-data/tiki_crawled/crawled_products.json
[2025-03-09T07:40:14.242+0000] {crawl_data.py:144} INFO - Uploaded raw data to tiki-data/tiki_raw_data/raw_20250309_074009.json, total items: 3939
[2025-03-09T07:40:14.303+0000] {tiki_extract_dag.py:27} INFO - Extracted data and saved to tiki_raw_data/raw_20250309_074009.json
[2025-03-09T07:40:14.305+0000] {python.py:240} INFO - Done. Returned value was: tiki_raw_data/raw_20250309_074009.json
[2025-03-09T07:40:14.341+0000] {taskinstance.py:341} INFO - ::group::Post task execution logs
[2025-03-09T07:40:14.343+0000] {taskinstance.py:353} INFO - Marking task as SUCCESS. dag_id=tiki_extract_dag, task_id=extract_data, run_id=manual__2025-03-09T07:33:17.068856+00:00, execution_date=20250309T073317, start_date=20250309T073321, end_date=20250309T074014
[2025-03-09T07:40:14.404+0000] {logging_mixin.py:190} INFO - Task instance in success state
[2025-03-09T07:40:14.405+0000] {logging_mixin.py:190} INFO -  Previous state of the Task instance: running
[2025-03-09T07:40:14.406+0000] {logging_mixin.py:190} INFO - Dag name:tiki_extract_dag queued_at:2025-03-09 07:33:17.123877+00:00
[2025-03-09T07:40:14.407+0000] {logging_mixin.py:190} INFO - Task hostname:4dc18dee7126 operator:PythonOperator
[2025-03-09T07:40:14.492+0000] {local_task_job_runner.py:266} INFO - Task exited with return code 0
[2025-03-09T07:40:14.511+0000] {local_task_job_runner.py:245} INFO - ::endgroup::
