[2025-03-09T07:33:16.327+0000] {local_task_job_runner.py:123} INFO - ::group::Pre task execution logs
[2025-03-09T07:33:16.361+0000] {taskinstance.py:2614} INFO - Dependencies all met for dep_context=non-requeueable deps ti=<TaskInstance: tiki_etl_orchestration.trigger_extract manual__2025-03-09T07:33:09.751495+00:00 [queued]>
[2025-03-09T07:33:16.377+0000] {taskinstance.py:2614} INFO - Dependencies all met for dep_context=requeueable deps ti=<TaskInstance: tiki_etl_orchestration.trigger_extract manual__2025-03-09T07:33:09.751495+00:00 [queued]>
[2025-03-09T07:33:16.379+0000] {taskinstance.py:2867} INFO - Starting attempt 1 of 1
[2025-03-09T07:33:16.704+0000] {taskinstance.py:2890} INFO - Executing <Task(TriggerDagRunOperator): trigger_extract> on 2025-03-09 07:33:09.751495+00:00
[2025-03-09T07:33:16.722+0000] {warnings.py:112} WARNING - /home/***/.local/lib/python3.12/site-packages/***/task/task_runner/standard_task_runner.py:70: DeprecationWarning: This process (pid=135) is multi-threaded, use of fork() may lead to deadlocks in the child.
  pid = os.fork()

[2025-03-09T07:33:16.728+0000] {standard_task_runner.py:72} INFO - Started process 144 to run task
[2025-03-09T07:33:16.726+0000] {standard_task_runner.py:104} INFO - Running: ['***', 'tasks', 'run', 'tiki_etl_orchestration', 'trigger_extract', 'manual__2025-03-09T07:33:09.751495+00:00', '--job-id', '74', '--raw', '--subdir', 'DAGS_FOLDER/tiki_etl_orchestration.py', '--cfg-path', '/tmp/tmpz2syfkef']
[2025-03-09T07:33:16.729+0000] {standard_task_runner.py:105} INFO - Job 74: Subtask trigger_extract
[2025-03-09T07:33:16.850+0000] {task_command.py:467} INFO - Running <TaskInstance: tiki_etl_orchestration.trigger_extract manual__2025-03-09T07:33:09.751495+00:00 [running]> on host 4dc18dee7126
[2025-03-09T07:33:17.061+0000] {taskinstance.py:3134} INFO - Exporting env vars: AIRFLOW_CTX_DAG_OWNER='***' AIRFLOW_CTX_DAG_ID='tiki_etl_orchestration' AIRFLOW_CTX_TASK_ID='trigger_extract' AIRFLOW_CTX_EXECUTION_DATE='2025-03-09T07:33:09.751495+00:00' AIRFLOW_CTX_TRY_NUMBER='1' AIRFLOW_CTX_DAG_RUN_ID='manual__2025-03-09T07:33:09.751495+00:00'
[2025-03-09T07:33:17.064+0000] {logging_mixin.py:190} INFO - Task instance is in running state
[2025-03-09T07:33:17.065+0000] {logging_mixin.py:190} INFO -  Previous state of the Task instance: queued
[2025-03-09T07:33:17.066+0000] {logging_mixin.py:190} INFO - Current task name:trigger_extract state:running start_date:2025-03-09 07:33:16.362853+00:00
[2025-03-09T07:33:17.067+0000] {logging_mixin.py:190} INFO - Dag name:tiki_etl_orchestration and current dag run status:running
[2025-03-09T07:33:17.068+0000] {taskinstance.py:732} INFO - ::endgroup::
[2025-03-09T07:33:17.207+0000] {trigger_dagrun.py:257} INFO - Waiting for tiki_extract_dag on 2025-03-09 07:33:17.068856+00:00 to become allowed state ['success'] ...
[2025-03-09T07:33:27.220+0000] {trigger_dagrun.py:257} INFO - Waiting for tiki_extract_dag on 2025-03-09 07:33:17.068856+00:00 to become allowed state ['success'] ...
[2025-03-09T07:33:37.231+0000] {trigger_dagrun.py:257} INFO - Waiting for tiki_extract_dag on 2025-03-09 07:33:17.068856+00:00 to become allowed state ['success'] ...
[2025-03-09T07:33:47.243+0000] {trigger_dagrun.py:257} INFO - Waiting for tiki_extract_dag on 2025-03-09 07:33:17.068856+00:00 to become allowed state ['success'] ...
[2025-03-09T07:33:57.265+0000] {trigger_dagrun.py:257} INFO - Waiting for tiki_extract_dag on 2025-03-09 07:33:17.068856+00:00 to become allowed state ['success'] ...
[2025-03-09T07:34:07.275+0000] {trigger_dagrun.py:257} INFO - Waiting for tiki_extract_dag on 2025-03-09 07:33:17.068856+00:00 to become allowed state ['success'] ...
[2025-03-09T07:34:17.289+0000] {trigger_dagrun.py:257} INFO - Waiting for tiki_extract_dag on 2025-03-09 07:33:17.068856+00:00 to become allowed state ['success'] ...
[2025-03-09T07:34:27.305+0000] {trigger_dagrun.py:257} INFO - Waiting for tiki_extract_dag on 2025-03-09 07:33:17.068856+00:00 to become allowed state ['success'] ...
[2025-03-09T07:34:37.318+0000] {trigger_dagrun.py:257} INFO - Waiting for tiki_extract_dag on 2025-03-09 07:33:17.068856+00:00 to become allowed state ['success'] ...
[2025-03-09T07:34:47.331+0000] {trigger_dagrun.py:257} INFO - Waiting for tiki_extract_dag on 2025-03-09 07:33:17.068856+00:00 to become allowed state ['success'] ...
[2025-03-09T07:34:57.343+0000] {trigger_dagrun.py:257} INFO - Waiting for tiki_extract_dag on 2025-03-09 07:33:17.068856+00:00 to become allowed state ['success'] ...
[2025-03-09T07:35:07.354+0000] {trigger_dagrun.py:257} INFO - Waiting for tiki_extract_dag on 2025-03-09 07:33:17.068856+00:00 to become allowed state ['success'] ...
[2025-03-09T07:35:17.366+0000] {trigger_dagrun.py:257} INFO - Waiting for tiki_extract_dag on 2025-03-09 07:33:17.068856+00:00 to become allowed state ['success'] ...
[2025-03-09T07:35:27.379+0000] {trigger_dagrun.py:257} INFO - Waiting for tiki_extract_dag on 2025-03-09 07:33:17.068856+00:00 to become allowed state ['success'] ...
[2025-03-09T07:35:37.390+0000] {trigger_dagrun.py:257} INFO - Waiting for tiki_extract_dag on 2025-03-09 07:33:17.068856+00:00 to become allowed state ['success'] ...
[2025-03-09T07:35:47.402+0000] {trigger_dagrun.py:257} INFO - Waiting for tiki_extract_dag on 2025-03-09 07:33:17.068856+00:00 to become allowed state ['success'] ...
[2025-03-09T07:35:57.415+0000] {trigger_dagrun.py:257} INFO - Waiting for tiki_extract_dag on 2025-03-09 07:33:17.068856+00:00 to become allowed state ['success'] ...
[2025-03-09T07:36:07.424+0000] {trigger_dagrun.py:257} INFO - Waiting for tiki_extract_dag on 2025-03-09 07:33:17.068856+00:00 to become allowed state ['success'] ...
[2025-03-09T07:36:17.435+0000] {trigger_dagrun.py:257} INFO - Waiting for tiki_extract_dag on 2025-03-09 07:33:17.068856+00:00 to become allowed state ['success'] ...
[2025-03-09T07:36:27.446+0000] {trigger_dagrun.py:257} INFO - Waiting for tiki_extract_dag on 2025-03-09 07:33:17.068856+00:00 to become allowed state ['success'] ...
[2025-03-09T07:36:37.459+0000] {trigger_dagrun.py:257} INFO - Waiting for tiki_extract_dag on 2025-03-09 07:33:17.068856+00:00 to become allowed state ['success'] ...
[2025-03-09T07:36:47.471+0000] {trigger_dagrun.py:257} INFO - Waiting for tiki_extract_dag on 2025-03-09 07:33:17.068856+00:00 to become allowed state ['success'] ...
[2025-03-09T07:36:57.482+0000] {trigger_dagrun.py:257} INFO - Waiting for tiki_extract_dag on 2025-03-09 07:33:17.068856+00:00 to become allowed state ['success'] ...
[2025-03-09T07:37:07.494+0000] {trigger_dagrun.py:257} INFO - Waiting for tiki_extract_dag on 2025-03-09 07:33:17.068856+00:00 to become allowed state ['success'] ...
[2025-03-09T07:37:17.509+0000] {trigger_dagrun.py:257} INFO - Waiting for tiki_extract_dag on 2025-03-09 07:33:17.068856+00:00 to become allowed state ['success'] ...
[2025-03-09T07:37:27.521+0000] {trigger_dagrun.py:257} INFO - Waiting for tiki_extract_dag on 2025-03-09 07:33:17.068856+00:00 to become allowed state ['success'] ...
[2025-03-09T07:37:37.532+0000] {trigger_dagrun.py:257} INFO - Waiting for tiki_extract_dag on 2025-03-09 07:33:17.068856+00:00 to become allowed state ['success'] ...
[2025-03-09T07:37:47.545+0000] {trigger_dagrun.py:257} INFO - Waiting for tiki_extract_dag on 2025-03-09 07:33:17.068856+00:00 to become allowed state ['success'] ...
[2025-03-09T07:37:57.556+0000] {trigger_dagrun.py:257} INFO - Waiting for tiki_extract_dag on 2025-03-09 07:33:17.068856+00:00 to become allowed state ['success'] ...
[2025-03-09T07:38:07.566+0000] {trigger_dagrun.py:257} INFO - Waiting for tiki_extract_dag on 2025-03-09 07:33:17.068856+00:00 to become allowed state ['success'] ...
[2025-03-09T07:38:17.579+0000] {trigger_dagrun.py:257} INFO - Waiting for tiki_extract_dag on 2025-03-09 07:33:17.068856+00:00 to become allowed state ['success'] ...
[2025-03-09T07:38:27.593+0000] {trigger_dagrun.py:257} INFO - Waiting for tiki_extract_dag on 2025-03-09 07:33:17.068856+00:00 to become allowed state ['success'] ...
[2025-03-09T07:38:37.604+0000] {trigger_dagrun.py:257} INFO - Waiting for tiki_extract_dag on 2025-03-09 07:33:17.068856+00:00 to become allowed state ['success'] ...
[2025-03-09T07:38:47.615+0000] {trigger_dagrun.py:257} INFO - Waiting for tiki_extract_dag on 2025-03-09 07:33:17.068856+00:00 to become allowed state ['success'] ...
[2025-03-09T07:38:57.627+0000] {trigger_dagrun.py:257} INFO - Waiting for tiki_extract_dag on 2025-03-09 07:33:17.068856+00:00 to become allowed state ['success'] ...
[2025-03-09T07:39:07.636+0000] {trigger_dagrun.py:257} INFO - Waiting for tiki_extract_dag on 2025-03-09 07:33:17.068856+00:00 to become allowed state ['success'] ...
[2025-03-09T07:39:17.648+0000] {trigger_dagrun.py:257} INFO - Waiting for tiki_extract_dag on 2025-03-09 07:33:17.068856+00:00 to become allowed state ['success'] ...
[2025-03-09T07:39:27.663+0000] {trigger_dagrun.py:257} INFO - Waiting for tiki_extract_dag on 2025-03-09 07:33:17.068856+00:00 to become allowed state ['success'] ...
[2025-03-09T07:39:37.673+0000] {trigger_dagrun.py:257} INFO - Waiting for tiki_extract_dag on 2025-03-09 07:33:17.068856+00:00 to become allowed state ['success'] ...
[2025-03-09T07:39:47.684+0000] {trigger_dagrun.py:257} INFO - Waiting for tiki_extract_dag on 2025-03-09 07:33:17.068856+00:00 to become allowed state ['success'] ...
[2025-03-09T07:39:57.696+0000] {trigger_dagrun.py:257} INFO - Waiting for tiki_extract_dag on 2025-03-09 07:33:17.068856+00:00 to become allowed state ['success'] ...
[2025-03-09T07:40:07.705+0000] {trigger_dagrun.py:257} INFO - Waiting for tiki_extract_dag on 2025-03-09 07:33:17.068856+00:00 to become allowed state ['success'] ...
[2025-03-09T07:40:17.718+0000] {trigger_dagrun.py:271} INFO - tiki_extract_dag finished with allowed state success
[2025-03-09T07:40:17.745+0000] {taskinstance.py:341} INFO - ::group::Post task execution logs
[2025-03-09T07:40:17.747+0000] {taskinstance.py:353} INFO - Marking task as SUCCESS. dag_id=tiki_etl_orchestration, task_id=trigger_extract, run_id=manual__2025-03-09T07:33:09.751495+00:00, execution_date=20250309T073309, start_date=20250309T073316, end_date=20250309T074017
[2025-03-09T07:40:17.789+0000] {logging_mixin.py:190} INFO - Task instance in success state
[2025-03-09T07:40:17.790+0000] {logging_mixin.py:190} INFO -  Previous state of the Task instance: running
[2025-03-09T07:40:17.791+0000] {logging_mixin.py:190} INFO - Dag name:tiki_etl_orchestration queued_at:2025-03-09 07:33:10.468373+00:00
[2025-03-09T07:40:17.791+0000] {logging_mixin.py:190} INFO - Task hostname:4dc18dee7126 operator:TriggerDagRunOperator
[2025-03-09T07:40:17.823+0000] {local_task_job_runner.py:266} INFO - Task exited with return code 0
[2025-03-09T07:40:17.880+0000] {taskinstance.py:3901} INFO - 1 downstream tasks scheduled from follow-on schedule check
[2025-03-09T07:40:17.884+0000] {local_task_job_runner.py:245} INFO - ::endgroup::
