[2025-03-08T13:56:04.787+0000] {local_task_job_runner.py:123} INFO - ::group::Pre task execution logs
[2025-03-08T13:56:04.832+0000] {taskinstance.py:2614} INFO - Dependencies all met for dep_context=non-requeueable deps ti=<TaskInstance: tiki_etl_orchestration.trigger_extract manual__2025-03-08T13:55:58.590181+00:00 [queued]>
[2025-03-08T13:56:04.849+0000] {taskinstance.py:2614} INFO - Dependencies all met for dep_context=requeueable deps ti=<TaskInstance: tiki_etl_orchestration.trigger_extract manual__2025-03-08T13:55:58.590181+00:00 [queued]>
[2025-03-08T13:56:04.851+0000] {taskinstance.py:2867} INFO - Starting attempt 1 of 1
[2025-03-08T13:56:05.127+0000] {taskinstance.py:2890} INFO - Executing <Task(TriggerDagRunOperator): trigger_extract> on 2025-03-08 13:55:58.590181+00:00
[2025-03-08T13:56:05.144+0000] {warnings.py:112} WARNING - /home/***/.local/lib/python3.12/site-packages/***/task/task_runner/standard_task_runner.py:70: DeprecationWarning: This process (pid=128) is multi-threaded, use of fork() may lead to deadlocks in the child.
  pid = os.fork()

[2025-03-08T13:56:05.149+0000] {standard_task_runner.py:72} INFO - Started process 130 to run task
[2025-03-08T13:56:05.151+0000] {standard_task_runner.py:104} INFO - Running: ['***', 'tasks', 'run', 'tiki_etl_orchestration', 'trigger_extract', 'manual__2025-03-08T13:55:58.590181+00:00', '--job-id', '63', '--raw', '--subdir', 'DAGS_FOLDER/tiki_etl_orchestration.py', '--cfg-path', '/tmp/tmp_feuevn9']
[2025-03-08T13:56:05.154+0000] {standard_task_runner.py:105} INFO - Job 63: Subtask trigger_extract
[2025-03-08T13:56:05.265+0000] {task_command.py:467} INFO - Running <TaskInstance: tiki_etl_orchestration.trigger_extract manual__2025-03-08T13:55:58.590181+00:00 [running]> on host 4dc18dee7126
[2025-03-08T13:56:05.441+0000] {taskinstance.py:3134} INFO - Exporting env vars: AIRFLOW_CTX_DAG_OWNER='***' AIRFLOW_CTX_DAG_ID='tiki_etl_orchestration' AIRFLOW_CTX_TASK_ID='trigger_extract' AIRFLOW_CTX_EXECUTION_DATE='2025-03-08T13:55:58.590181+00:00' AIRFLOW_CTX_TRY_NUMBER='1' AIRFLOW_CTX_DAG_RUN_ID='manual__2025-03-08T13:55:58.590181+00:00'
[2025-03-08T13:56:05.444+0000] {logging_mixin.py:190} INFO - Task instance is in running state
[2025-03-08T13:56:05.445+0000] {logging_mixin.py:190} INFO -  Previous state of the Task instance: queued
[2025-03-08T13:56:05.446+0000] {logging_mixin.py:190} INFO - Current task name:trigger_extract state:running start_date:2025-03-08 13:56:04.833435+00:00
[2025-03-08T13:56:05.447+0000] {logging_mixin.py:190} INFO - Dag name:tiki_etl_orchestration and current dag run status:running
[2025-03-08T13:56:05.448+0000] {taskinstance.py:732} INFO - ::endgroup::
[2025-03-08T13:56:05.595+0000] {trigger_dagrun.py:257} INFO - Waiting for tiki_extract_dag on 2025-03-08 13:56:05.450258+00:00 to become allowed state ['success'] ...
[2025-03-08T13:56:15.612+0000] {trigger_dagrun.py:257} INFO - Waiting for tiki_extract_dag on 2025-03-08 13:56:05.450258+00:00 to become allowed state ['success'] ...
[2025-03-08T13:56:25.626+0000] {trigger_dagrun.py:257} INFO - Waiting for tiki_extract_dag on 2025-03-08 13:56:05.450258+00:00 to become allowed state ['success'] ...
[2025-03-08T13:56:35.643+0000] {trigger_dagrun.py:257} INFO - Waiting for tiki_extract_dag on 2025-03-08 13:56:05.450258+00:00 to become allowed state ['success'] ...
[2025-03-08T13:56:45.663+0000] {trigger_dagrun.py:257} INFO - Waiting for tiki_extract_dag on 2025-03-08 13:56:05.450258+00:00 to become allowed state ['success'] ...
[2025-03-08T13:56:55.678+0000] {trigger_dagrun.py:257} INFO - Waiting for tiki_extract_dag on 2025-03-08 13:56:05.450258+00:00 to become allowed state ['success'] ...
[2025-03-08T13:57:05.694+0000] {trigger_dagrun.py:257} INFO - Waiting for tiki_extract_dag on 2025-03-08 13:56:05.450258+00:00 to become allowed state ['success'] ...
[2025-03-08T13:57:15.712+0000] {trigger_dagrun.py:257} INFO - Waiting for tiki_extract_dag on 2025-03-08 13:56:05.450258+00:00 to become allowed state ['success'] ...
[2025-03-08T13:57:25.725+0000] {trigger_dagrun.py:257} INFO - Waiting for tiki_extract_dag on 2025-03-08 13:56:05.450258+00:00 to become allowed state ['success'] ...
[2025-03-08T13:57:35.740+0000] {trigger_dagrun.py:257} INFO - Waiting for tiki_extract_dag on 2025-03-08 13:56:05.450258+00:00 to become allowed state ['success'] ...
[2025-03-08T13:57:45.755+0000] {trigger_dagrun.py:257} INFO - Waiting for tiki_extract_dag on 2025-03-08 13:56:05.450258+00:00 to become allowed state ['success'] ...
[2025-03-08T13:57:55.772+0000] {trigger_dagrun.py:257} INFO - Waiting for tiki_extract_dag on 2025-03-08 13:56:05.450258+00:00 to become allowed state ['success'] ...
[2025-03-08T13:58:05.787+0000] {trigger_dagrun.py:257} INFO - Waiting for tiki_extract_dag on 2025-03-08 13:56:05.450258+00:00 to become allowed state ['success'] ...
[2025-03-08T13:58:15.804+0000] {trigger_dagrun.py:257} INFO - Waiting for tiki_extract_dag on 2025-03-08 13:56:05.450258+00:00 to become allowed state ['success'] ...
[2025-03-08T13:58:25.816+0000] {trigger_dagrun.py:257} INFO - Waiting for tiki_extract_dag on 2025-03-08 13:56:05.450258+00:00 to become allowed state ['success'] ...
[2025-03-08T13:58:35.832+0000] {trigger_dagrun.py:257} INFO - Waiting for tiki_extract_dag on 2025-03-08 13:56:05.450258+00:00 to become allowed state ['success'] ...
[2025-03-08T13:58:45.847+0000] {trigger_dagrun.py:257} INFO - Waiting for tiki_extract_dag on 2025-03-08 13:56:05.450258+00:00 to become allowed state ['success'] ...
[2025-03-08T13:58:55.857+0000] {trigger_dagrun.py:257} INFO - Waiting for tiki_extract_dag on 2025-03-08 13:56:05.450258+00:00 to become allowed state ['success'] ...
[2025-03-08T13:59:05.869+0000] {trigger_dagrun.py:257} INFO - Waiting for tiki_extract_dag on 2025-03-08 13:56:05.450258+00:00 to become allowed state ['success'] ...
[2025-03-08T13:59:15.881+0000] {trigger_dagrun.py:257} INFO - Waiting for tiki_extract_dag on 2025-03-08 13:56:05.450258+00:00 to become allowed state ['success'] ...
[2025-03-08T13:59:25.891+0000] {trigger_dagrun.py:257} INFO - Waiting for tiki_extract_dag on 2025-03-08 13:56:05.450258+00:00 to become allowed state ['success'] ...
[2025-03-08T13:59:35.908+0000] {trigger_dagrun.py:257} INFO - Waiting for tiki_extract_dag on 2025-03-08 13:56:05.450258+00:00 to become allowed state ['success'] ...
[2025-03-08T13:59:45.921+0000] {trigger_dagrun.py:257} INFO - Waiting for tiki_extract_dag on 2025-03-08 13:56:05.450258+00:00 to become allowed state ['success'] ...
[2025-03-08T13:59:55.931+0000] {trigger_dagrun.py:257} INFO - Waiting for tiki_extract_dag on 2025-03-08 13:56:05.450258+00:00 to become allowed state ['success'] ...
[2025-03-08T14:00:05.947+0000] {trigger_dagrun.py:257} INFO - Waiting for tiki_extract_dag on 2025-03-08 13:56:05.450258+00:00 to become allowed state ['success'] ...
[2025-03-08T14:00:15.959+0000] {trigger_dagrun.py:257} INFO - Waiting for tiki_extract_dag on 2025-03-08 13:56:05.450258+00:00 to become allowed state ['success'] ...
[2025-03-08T14:00:25.969+0000] {trigger_dagrun.py:257} INFO - Waiting for tiki_extract_dag on 2025-03-08 13:56:05.450258+00:00 to become allowed state ['success'] ...
[2025-03-08T14:00:35.984+0000] {trigger_dagrun.py:257} INFO - Waiting for tiki_extract_dag on 2025-03-08 13:56:05.450258+00:00 to become allowed state ['success'] ...
[2025-03-08T14:00:45.998+0000] {trigger_dagrun.py:257} INFO - Waiting for tiki_extract_dag on 2025-03-08 13:56:05.450258+00:00 to become allowed state ['success'] ...
[2025-03-08T14:00:56.009+0000] {trigger_dagrun.py:257} INFO - Waiting for tiki_extract_dag on 2025-03-08 13:56:05.450258+00:00 to become allowed state ['success'] ...
[2025-03-08T14:01:06.020+0000] {trigger_dagrun.py:257} INFO - Waiting for tiki_extract_dag on 2025-03-08 13:56:05.450258+00:00 to become allowed state ['success'] ...
[2025-03-08T14:01:16.033+0000] {trigger_dagrun.py:257} INFO - Waiting for tiki_extract_dag on 2025-03-08 13:56:05.450258+00:00 to become allowed state ['success'] ...
[2025-03-08T14:01:26.043+0000] {trigger_dagrun.py:257} INFO - Waiting for tiki_extract_dag on 2025-03-08 13:56:05.450258+00:00 to become allowed state ['success'] ...
[2025-03-08T14:01:36.055+0000] {trigger_dagrun.py:257} INFO - Waiting for tiki_extract_dag on 2025-03-08 13:56:05.450258+00:00 to become allowed state ['success'] ...
[2025-03-08T14:01:46.067+0000] {trigger_dagrun.py:257} INFO - Waiting for tiki_extract_dag on 2025-03-08 13:56:05.450258+00:00 to become allowed state ['success'] ...
[2025-03-08T14:01:56.079+0000] {trigger_dagrun.py:257} INFO - Waiting for tiki_extract_dag on 2025-03-08 13:56:05.450258+00:00 to become allowed state ['success'] ...
[2025-03-08T14:02:06.091+0000] {trigger_dagrun.py:257} INFO - Waiting for tiki_extract_dag on 2025-03-08 13:56:05.450258+00:00 to become allowed state ['success'] ...
[2025-03-08T14:02:16.105+0000] {trigger_dagrun.py:257} INFO - Waiting for tiki_extract_dag on 2025-03-08 13:56:05.450258+00:00 to become allowed state ['success'] ...
[2025-03-08T14:02:26.118+0000] {trigger_dagrun.py:257} INFO - Waiting for tiki_extract_dag on 2025-03-08 13:56:05.450258+00:00 to become allowed state ['success'] ...
[2025-03-08T14:02:36.131+0000] {trigger_dagrun.py:257} INFO - Waiting for tiki_extract_dag on 2025-03-08 13:56:05.450258+00:00 to become allowed state ['success'] ...
[2025-03-08T14:02:46.151+0000] {trigger_dagrun.py:257} INFO - Waiting for tiki_extract_dag on 2025-03-08 13:56:05.450258+00:00 to become allowed state ['success'] ...
[2025-03-08T14:02:56.165+0000] {trigger_dagrun.py:257} INFO - Waiting for tiki_extract_dag on 2025-03-08 13:56:05.450258+00:00 to become allowed state ['success'] ...
[2025-03-08T14:03:06.178+0000] {trigger_dagrun.py:257} INFO - Waiting for tiki_extract_dag on 2025-03-08 13:56:05.450258+00:00 to become allowed state ['success'] ...
[2025-03-08T14:03:16.190+0000] {trigger_dagrun.py:271} INFO - tiki_extract_dag finished with allowed state success
[2025-03-08T14:03:16.212+0000] {taskinstance.py:341} INFO - ::group::Post task execution logs
[2025-03-08T14:03:16.213+0000] {taskinstance.py:353} INFO - Marking task as SUCCESS. dag_id=tiki_etl_orchestration, task_id=trigger_extract, run_id=manual__2025-03-08T13:55:58.590181+00:00, execution_date=20250308T135558, start_date=20250308T135604, end_date=20250308T140316
[2025-03-08T14:03:16.257+0000] {logging_mixin.py:190} INFO - Task instance in success state
[2025-03-08T14:03:16.258+0000] {logging_mixin.py:190} INFO -  Previous state of the Task instance: running
[2025-03-08T14:03:16.259+0000] {logging_mixin.py:190} INFO - Dag name:tiki_etl_orchestration queued_at:2025-03-08 13:55:59.404016+00:00
[2025-03-08T14:03:16.259+0000] {logging_mixin.py:190} INFO - Task hostname:4dc18dee7126 operator:TriggerDagRunOperator
[2025-03-08T14:03:16.305+0000] {local_task_job_runner.py:266} INFO - Task exited with return code 0
[2025-03-08T14:03:16.408+0000] {taskinstance.py:3901} INFO - 1 downstream tasks scheduled from follow-on schedule check
[2025-03-08T14:03:16.414+0000] {local_task_job_runner.py:245} INFO - ::endgroup::
