[2025-03-10T10:46:53.857+0000] {local_task_job_runner.py:123} INFO - ::group::Pre task execution logs
[2025-03-10T10:46:53.967+0000] {taskinstance.py:2614} INFO - Dependencies all met for dep_context=non-requeueable deps ti=<TaskInstance: tiki_extract_dag.crawl_the-thao-da-ngoai manual__2025-03-10T10:46:13.751493+00:00 [queued]>
[2025-03-10T10:46:54.016+0000] {taskinstance.py:2614} INFO - Dependencies all met for dep_context=requeueable deps ti=<TaskInstance: tiki_extract_dag.crawl_the-thao-da-ngoai manual__2025-03-10T10:46:13.751493+00:00 [queued]>
[2025-03-10T10:46:54.018+0000] {taskinstance.py:2867} INFO - Starting attempt 1 of 4
[2025-03-10T10:46:54.469+0000] {taskinstance.py:2890} INFO - Executing <Task(PythonOperator): crawl_the-thao-da-ngoai> on 2025-03-10 10:46:13.751493+00:00
[2025-03-10T10:46:54.667+0000] {warnings.py:112} WARNING - /home/***/.local/lib/python3.12/site-packages/***/task/task_runner/standard_task_runner.py:70: DeprecationWarning: This process (pid=329) is multi-threaded, use of fork() may lead to deadlocks in the child.
  pid = os.fork()

[2025-03-10T10:46:54.729+0000] {standard_task_runner.py:72} INFO - Started process 373 to run task
[2025-03-10T10:46:54.742+0000] {standard_task_runner.py:104} INFO - Running: ['***', 'tasks', 'run', 'tiki_extract_dag', 'crawl_the-thao-da-ngoai', 'manual__2025-03-10T10:46:13.751493+00:00', '--job-id', '482', '--raw', '--subdir', 'DAGS_FOLDER/tiki_extract_dag.py', '--cfg-path', '/tmp/tmpj280ypou']
[2025-03-10T10:46:54.750+0000] {standard_task_runner.py:105} INFO - Job 482: Subtask crawl_the-thao-da-ngoai
[2025-03-10T10:46:55.555+0000] {task_command.py:467} INFO - Running <TaskInstance: tiki_extract_dag.crawl_the-thao-da-ngoai manual__2025-03-10T10:46:13.751493+00:00 [running]> on host 0c9fb3f19112
[2025-03-10T10:46:56.390+0000] {taskinstance.py:3134} INFO - Exporting env vars: AIRFLOW_CTX_DAG_OWNER='***' AIRFLOW_CTX_DAG_ID='tiki_extract_dag' AIRFLOW_CTX_TASK_ID='crawl_the-thao-da-ngoai' AIRFLOW_CTX_EXECUTION_DATE='2025-03-10T10:46:13.751493+00:00' AIRFLOW_CTX_TRY_NUMBER='1' AIRFLOW_CTX_DAG_RUN_ID='manual__2025-03-10T10:46:13.751493+00:00'
[2025-03-10T10:46:56.461+0000] {logging_mixin.py:190} INFO - Task instance is in running state
[2025-03-10T10:46:56.468+0000] {logging_mixin.py:190} INFO -  Previous state of the Task instance: queued
[2025-03-10T10:46:56.480+0000] {logging_mixin.py:190} INFO - Current task name:crawl_the-thao-da-ngoai state:running start_date:2025-03-10 10:46:53.968831+00:00
[2025-03-10T10:46:56.481+0000] {logging_mixin.py:190} INFO - Dag name:tiki_extract_dag and current dag run status:running
[2025-03-10T10:46:56.483+0000] {taskinstance.py:732} INFO - ::endgroup::
[2025-03-10T10:47:13.054+0000] {connectionpool.py:868} WARNING - Retrying (Retry(total=2, connect=None, read=None, redirect=None, status=None)) after connection broken by 'NameResolutionError("<urllib3.connection.HTTPSConnection object at 0x7f8e67853080>: Failed to resolve 'oauth2.googleapis.com' ([Errno -3] Temporary failure in name resolution)")': /token
[2025-03-10T10:47:14.372+0000] {job.py:229} INFO - Heartbeat recovered after 20.95 seconds
[2025-03-10T10:47:58.830+0000] {job.py:229} INFO - Heartbeat recovered after 44.49 seconds
[2025-03-10T10:47:59.599+0000] {tiki_extract_dag.py:137} INFO - Starting crawl for category the-thao-da-ngoai (ID: 1975)
[2025-03-10T10:47:59.601+0000] {tiki_extract_dag.py:139} INFO - Calling API: https://tiki.vn/api/v2/products with params: {'page': 1, 'limit': 40, 'category': '1975'}
[2025-03-10T10:48:00.554+0000] {tiki_extract_dag.py:148} INFO - Total pages for the-thao-da-ngoai: 50 (limited to 50)
[2025-03-10T10:48:00.555+0000] {tiki_extract_dag.py:161} INFO - Calling API: https://tiki.vn/api/v2/products with params: {'page': 2, 'limit': 40, 'category': '1975'}
[2025-03-10T10:48:02.063+0000] {tiki_extract_dag.py:181} INFO - Extracted page 2/50 for category the-thao-da-ngoai, total items: 0
[2025-03-10T10:48:18.259+0000] {job.py:229} INFO - Heartbeat recovered after 14.10 seconds
[2025-03-10T10:48:19.551+0000] {tiki_extract_dag.py:161} INFO - Calling API: https://tiki.vn/api/v2/products with params: {'page': 3, 'limit': 40, 'category': '1975'}
[2025-03-10T10:48:26.422+0000] {tiki_extract_dag.py:120} ERROR - Error fetching details for product 275376501 on attempt 1/3: Expecting value: line 1 column 1 (char 0)
[2025-03-10T10:48:35.384+0000] {tiki_extract_dag.py:120} ERROR - Error fetching details for product 275376501 on attempt 2/3: Expecting value: line 1 column 1 (char 0)
[2025-03-10T10:48:44.936+0000] {tiki_extract_dag.py:120} ERROR - Error fetching details for product 275376501 on attempt 3/3: Expecting value: line 1 column 1 (char 0)
[2025-03-10T10:48:45.095+0000] {tiki_extract_dag.py:120} ERROR - Error fetching details for product 274801791 on attempt 1/3: Expecting value: line 1 column 1 (char 0)
[2025-03-10T10:48:51.090+0000] {tiki_extract_dag.py:120} ERROR - Error fetching details for product 274801791 on attempt 2/3: Expecting value: line 1 column 1 (char 0)
[2025-03-10T10:48:58.564+0000] {tiki_extract_dag.py:120} ERROR - Error fetching details for product 274801791 on attempt 3/3: Expecting value: line 1 column 1 (char 0)
[2025-03-10T10:48:58.707+0000] {tiki_extract_dag.py:120} ERROR - Error fetching details for product 274029248 on attempt 1/3: Expecting value: line 1 column 1 (char 0)
[2025-03-10T10:49:20.072+0000] {tiki_extract_dag.py:120} ERROR - Error fetching details for product 162168466 on attempt 1/3: Expecting value: line 1 column 1 (char 0)
[2025-03-10T10:49:28.858+0000] {tiki_extract_dag.py:120} ERROR - Error fetching details for product 162168466 on attempt 2/3: Expecting value: line 1 column 1 (char 0)
[2025-03-10T10:49:36.692+0000] {tiki_extract_dag.py:120} ERROR - Error fetching details for product 162168466 on attempt 3/3: Expecting value: line 1 column 1 (char 0)
[2025-03-10T10:49:36.855+0000] {tiki_extract_dag.py:120} ERROR - Error fetching details for product 151506141 on attempt 1/3: Expecting value: line 1 column 1 (char 0)
[2025-03-10T10:49:42.872+0000] {tiki_extract_dag.py:120} ERROR - Error fetching details for product 151506141 on attempt 2/3: Expecting value: line 1 column 1 (char 0)
[2025-03-10T10:49:52.278+0000] {tiki_extract_dag.py:120} ERROR - Error fetching details for product 151506141 on attempt 3/3: Expecting value: line 1 column 1 (char 0)
[2025-03-10T10:49:52.423+0000] {tiki_extract_dag.py:120} ERROR - Error fetching details for product 146499071 on attempt 1/3: Expecting value: line 1 column 1 (char 0)
[2025-03-10T10:50:17.168+0000] {tiki_extract_dag.py:120} ERROR - Error fetching details for product 57522698 on attempt 1/3: Expecting value: line 1 column 1 (char 0)
[2025-03-10T10:50:22.953+0000] {tiki_extract_dag.py:120} ERROR - Error fetching details for product 57522698 on attempt 2/3: Expecting value: line 1 column 1 (char 0)
[2025-03-10T10:50:28.525+0000] {tiki_extract_dag.py:120} ERROR - Error fetching details for product 57522698 on attempt 3/3: Expecting value: line 1 column 1 (char 0)
[2025-03-10T10:50:28.668+0000] {tiki_extract_dag.py:120} ERROR - Error fetching details for product 50737254 on attempt 1/3: Expecting value: line 1 column 1 (char 0)
[2025-03-10T10:50:38.002+0000] {tiki_extract_dag.py:120} ERROR - Error fetching details for product 50737254 on attempt 2/3: Expecting value: line 1 column 1 (char 0)
[2025-03-10T10:50:46.965+0000] {tiki_extract_dag.py:120} ERROR - Error fetching details for product 50737254 on attempt 3/3: Expecting value: line 1 column 1 (char 0)
[2025-03-10T10:50:47.134+0000] {tiki_extract_dag.py:120} ERROR - Error fetching details for product 35231046 on attempt 1/3: Expecting value: line 1 column 1 (char 0)
[2025-03-10T10:50:53.643+0000] {tiki_extract_dag.py:120} ERROR - Error fetching details for product 35231046 on attempt 2/3: Expecting value: line 1 column 1 (char 0)
[2025-03-10T10:51:15.884+0000] {tiki_extract_dag.py:181} INFO - Extracted page 3/50 for category the-thao-da-ngoai, total items: 40
[2025-03-10T10:51:32.305+0000] {tiki_extract_dag.py:161} INFO - Calling API: https://tiki.vn/api/v2/products with params: {'page': 4, 'limit': 40, 'category': '1975'}
[2025-03-10T10:51:32.469+0000] {tiki_extract_dag.py:184} ERROR - API error at page 4 in category the-thao-da-ngoai on attempt 1/3: Expecting value: line 1 column 1 (char 0)
[2025-03-10T10:51:41.602+0000] {tiki_extract_dag.py:184} ERROR - API error at page 4 in category the-thao-da-ngoai on attempt 2/3: Expecting value: line 1 column 1 (char 0)
[2025-03-10T10:51:51.365+0000] {tiki_extract_dag.py:184} ERROR - API error at page 4 in category the-thao-da-ngoai on attempt 3/3: Expecting value: line 1 column 1 (char 0)
[2025-03-10T10:51:51.367+0000] {tiki_extract_dag.py:189} ERROR - Failed after 3 attempts for page 4 in category the-thao-da-ngoai
[2025-03-10T10:51:51.371+0000] {python.py:240} INFO - Done. Returned value was: None
[2025-03-10T10:51:51.504+0000] {taskinstance.py:341} INFO - ::group::Post task execution logs
[2025-03-10T10:51:51.508+0000] {taskinstance.py:353} INFO - Marking task as SUCCESS. dag_id=tiki_extract_dag, task_id=crawl_the-thao-da-ngoai, run_id=manual__2025-03-10T10:46:13.751493+00:00, execution_date=20250310T104613, start_date=20250310T104653, end_date=20250310T105151
[2025-03-10T10:51:51.653+0000] {logging_mixin.py:190} INFO - Task instance in success state
[2025-03-10T10:51:51.657+0000] {logging_mixin.py:190} INFO -  Previous state of the Task instance: running
[2025-03-10T10:51:51.658+0000] {logging_mixin.py:190} INFO - Dag name:tiki_extract_dag queued_at:2025-03-10 10:46:13.791991+00:00
[2025-03-10T10:51:51.659+0000] {logging_mixin.py:190} INFO - Task hostname:0c9fb3f19112 operator:PythonOperator
[2025-03-10T10:51:51.752+0000] {local_task_job_runner.py:266} INFO - Task exited with return code 0
[2025-03-10T10:51:51.853+0000] {taskinstance.py:3901} INFO - 0 downstream tasks scheduled from follow-on schedule check
[2025-03-10T10:51:51.858+0000] {local_task_job_runner.py:245} INFO - ::endgroup::
