[2025-03-10T10:23:16.549+0000] {local_task_job_runner.py:123} INFO - ::group::Pre task execution logs
[2025-03-10T10:23:16.616+0000] {taskinstance.py:2614} INFO - Dependencies all met for dep_context=non-requeueable deps ti=<TaskInstance: tiki_extract_dag.crawl_dien-tu-dien-lanh manual__2025-03-10T10:23:09.493279+00:00 [queued]>
[2025-03-10T10:23:16.642+0000] {taskinstance.py:2614} INFO - Dependencies all met for dep_context=requeueable deps ti=<TaskInstance: tiki_extract_dag.crawl_dien-tu-dien-lanh manual__2025-03-10T10:23:09.493279+00:00 [queued]>
[2025-03-10T10:23:16.644+0000] {taskinstance.py:2867} INFO - Starting attempt 1 of 4
[2025-03-10T10:23:16.706+0000] {taskinstance.py:2890} INFO - Executing <Task(PythonOperator): crawl_dien-tu-dien-lanh> on 2025-03-10 10:23:09.493279+00:00
[2025-03-10T10:23:16.762+0000] {warnings.py:112} WARNING - /home/***/.local/lib/python3.12/site-packages/***/task/task_runner/standard_task_runner.py:70: DeprecationWarning: This process (pid=77) is multi-threaded, use of fork() may lead to deadlocks in the child.
  pid = os.fork()

[2025-03-10T10:23:16.770+0000] {standard_task_runner.py:72} INFO - Started process 105 to run task
[2025-03-10T10:23:16.790+0000] {standard_task_runner.py:104} INFO - Running: ['***', 'tasks', 'run', 'tiki_extract_dag', 'crawl_dien-tu-dien-lanh', 'manual__2025-03-10T10:23:09.493279+00:00', '--job-id', '430', '--raw', '--subdir', 'DAGS_FOLDER/tiki_extract_dag.py', '--cfg-path', '/tmp/tmp042higtl']
[2025-03-10T10:23:16.794+0000] {standard_task_runner.py:105} INFO - Job 430: Subtask crawl_dien-tu-dien-lanh
[2025-03-10T10:23:17.014+0000] {task_command.py:467} INFO - Running <TaskInstance: tiki_extract_dag.crawl_dien-tu-dien-lanh manual__2025-03-10T10:23:09.493279+00:00 [running]> on host c77555d100c4
[2025-03-10T10:23:30.382+0000] {taskinstance.py:3134} INFO - Exporting env vars: AIRFLOW_CTX_DAG_OWNER='***' AIRFLOW_CTX_DAG_ID='tiki_extract_dag' AIRFLOW_CTX_TASK_ID='crawl_dien-tu-dien-lanh' AIRFLOW_CTX_EXECUTION_DATE='2025-03-10T10:23:09.493279+00:00' AIRFLOW_CTX_TRY_NUMBER='1' AIRFLOW_CTX_DAG_RUN_ID='manual__2025-03-10T10:23:09.493279+00:00'
[2025-03-10T10:23:30.394+0000] {logging_mixin.py:190} INFO - Task instance is in running state
[2025-03-10T10:23:30.397+0000] {logging_mixin.py:190} INFO -  Previous state of the Task instance: queued
[2025-03-10T10:23:30.398+0000] {logging_mixin.py:190} INFO - Current task name:crawl_dien-tu-dien-lanh state:running start_date:2025-03-10 10:23:16.620036+00:00
[2025-03-10T10:23:30.407+0000] {logging_mixin.py:190} INFO - Dag name:tiki_extract_dag and current dag run status:running
[2025-03-10T10:23:30.410+0000] {taskinstance.py:732} INFO - ::endgroup::
[2025-03-10T10:23:32.158+0000] {tiki_extract_dag.py:132} INFO - Starting crawl for category dien-tu-dien-lanh (ID: 4221)
[2025-03-10T10:23:32.159+0000] {tiki_extract_dag.py:134} INFO - Calling API: https://tiki.vn/api/v2/products with params: {'page': 1, 'limit': 40, 'category': '4221'}
[2025-03-10T10:23:33.204+0000] {tiki_extract_dag.py:143} INFO - Total pages for dien-tu-dien-lanh: 50 (limited to 50)
[2025-03-10T10:24:02.739+0000] {tiki_extract_dag.py:119} ERROR - Error fetching details for product 275127044: Expecting value: line 1 column 1 (char 0)
[2025-03-10T10:24:02.875+0000] {tiki_extract_dag.py:119} ERROR - Error fetching details for product 274614718: Expecting value: line 1 column 1 (char 0)
[2025-03-10T10:24:03.014+0000] {tiki_extract_dag.py:119} ERROR - Error fetching details for product 273328811: Expecting value: line 1 column 1 (char 0)
[2025-03-10T10:24:03.155+0000] {tiki_extract_dag.py:119} ERROR - Error fetching details for product 273168499: Expecting value: line 1 column 1 (char 0)
[2025-03-10T10:24:03.296+0000] {tiki_extract_dag.py:119} ERROR - Error fetching details for product 270272893: Expecting value: line 1 column 1 (char 0)
[2025-03-10T10:24:03.440+0000] {tiki_extract_dag.py:119} ERROR - Error fetching details for product 257780669: Expecting value: line 1 column 1 (char 0)
[2025-03-10T10:24:03.583+0000] {tiki_extract_dag.py:119} ERROR - Error fetching details for product 255421912: Expecting value: line 1 column 1 (char 0)
[2025-03-10T10:24:03.725+0000] {tiki_extract_dag.py:119} ERROR - Error fetching details for product 195971791: Expecting value: line 1 column 1 (char 0)
[2025-03-10T10:24:03.863+0000] {tiki_extract_dag.py:119} ERROR - Error fetching details for product 195959600: Expecting value: line 1 column 1 (char 0)
[2025-03-10T10:24:04.003+0000] {tiki_extract_dag.py:119} ERROR - Error fetching details for product 167558939: Expecting value: line 1 column 1 (char 0)
[2025-03-10T10:24:04.144+0000] {tiki_extract_dag.py:119} ERROR - Error fetching details for product 155113398: Expecting value: line 1 column 1 (char 0)
[2025-03-10T10:24:04.285+0000] {tiki_extract_dag.py:119} ERROR - Error fetching details for product 132285708: Expecting value: line 1 column 1 (char 0)
[2025-03-10T10:24:04.472+0000] {tiki_extract_dag.py:119} ERROR - Error fetching details for product 123548222: Expecting value: line 1 column 1 (char 0)
[2025-03-10T10:24:04.632+0000] {tiki_extract_dag.py:119} ERROR - Error fetching details for product 123548101: Expecting value: line 1 column 1 (char 0)
[2025-03-10T10:24:04.773+0000] {tiki_extract_dag.py:119} ERROR - Error fetching details for product 123547597: Expecting value: line 1 column 1 (char 0)
[2025-03-10T10:24:04.911+0000] {tiki_extract_dag.py:119} ERROR - Error fetching details for product 114924880: Expecting value: line 1 column 1 (char 0)
[2025-03-10T10:24:05.059+0000] {tiki_extract_dag.py:119} ERROR - Error fetching details for product 110791834: Expecting value: line 1 column 1 (char 0)
[2025-03-10T10:24:05.203+0000] {tiki_extract_dag.py:119} ERROR - Error fetching details for product 109190689: Expecting value: line 1 column 1 (char 0)
[2025-03-10T10:24:05.349+0000] {tiki_extract_dag.py:119} ERROR - Error fetching details for product 102683224: Expecting value: line 1 column 1 (char 0)
[2025-03-10T10:24:05.497+0000] {tiki_extract_dag.py:119} ERROR - Error fetching details for product 91272439: Expecting value: line 1 column 1 (char 0)
[2025-03-10T10:24:05.637+0000] {tiki_extract_dag.py:119} ERROR - Error fetching details for product 87180717: Expecting value: line 1 column 1 (char 0)
[2025-03-10T10:24:05.777+0000] {tiki_extract_dag.py:119} ERROR - Error fetching details for product 54620003: Expecting value: line 1 column 1 (char 0)
[2025-03-10T10:24:05.933+0000] {tiki_extract_dag.py:119} ERROR - Error fetching details for product 21180803: Expecting value: line 1 column 1 (char 0)
[2025-03-10T10:24:06.072+0000] {tiki_extract_dag.py:119} ERROR - Error fetching details for product 19401965: Expecting value: line 1 column 1 (char 0)
[2025-03-10T10:24:06.234+0000] {tiki_extract_dag.py:119} ERROR - Error fetching details for product 17908150: Expecting value: line 1 column 1 (char 0)
[2025-03-10T10:24:06.376+0000] {tiki_extract_dag.py:119} ERROR - Error fetching details for product 16033028: Expecting value: line 1 column 1 (char 0)
[2025-03-10T10:24:06.512+0000] {tiki_extract_dag.py:119} ERROR - Error fetching details for product 15817458: Expecting value: line 1 column 1 (char 0)
[2025-03-10T10:24:06.651+0000] {tiki_extract_dag.py:119} ERROR - Error fetching details for product 14620479: Expecting value: line 1 column 1 (char 0)
[2025-03-10T10:24:06.790+0000] {tiki_extract_dag.py:119} ERROR - Error fetching details for product 7633108: Expecting value: line 1 column 1 (char 0)
[2025-03-10T10:24:06.934+0000] {tiki_extract_dag.py:119} ERROR - Error fetching details for product 4374799: Expecting value: line 1 column 1 (char 0)
[2025-03-10T10:24:07.077+0000] {tiki_extract_dag.py:119} ERROR - Error fetching details for product 4315713: Expecting value: line 1 column 1 (char 0)
[2025-03-10T10:24:07.215+0000] {tiki_extract_dag.py:119} ERROR - Error fetching details for product 3519947: Expecting value: line 1 column 1 (char 0)
[2025-03-10T10:24:07.216+0000] {tiki_extract_dag.py:156} INFO - Calling API: https://tiki.vn/api/v2/products with params: {'page': 2, 'limit': 40, 'category': '4221'}
[2025-03-10T10:24:07.359+0000] {tiki_extract_dag.py:178} ERROR - API error at page 2 in category dien-tu-dien-lanh: Expecting value: line 1 column 1 (char 0)
[2025-03-10T10:24:10.126+0000] {tiki_extract_dag.py:50} INFO - Updated crawled products at tiki-pipeline/tiki_crawled/crawled_products.json
[2025-03-10T10:24:10.126+0000] {tiki_extract_dag.py:192} INFO - Uploaded raw data to tiki-pipeline/raw_data/dien-tu-dien-lanh_20250310_102407.json, total items: 40
[2025-03-10T10:24:10.481+0000] {tiki_extract_dag.py:204} INFO - Saved metadata to tiki-pipeline/metadata/dien-tu-dien-lanh_extract_run_metadata_20250310_102407.json
[2025-03-10T10:24:10.483+0000] {python.py:240} INFO - Done. Returned value was: None
[2025-03-10T10:24:10.502+0000] {taskinstance.py:341} INFO - ::group::Post task execution logs
[2025-03-10T10:24:10.503+0000] {taskinstance.py:353} INFO - Marking task as SUCCESS. dag_id=tiki_extract_dag, task_id=crawl_dien-tu-dien-lanh, run_id=manual__2025-03-10T10:23:09.493279+00:00, execution_date=20250310T102309, start_date=20250310T102316, end_date=20250310T102410
[2025-03-10T10:24:10.542+0000] {logging_mixin.py:190} INFO - Task instance in success state
[2025-03-10T10:24:10.543+0000] {logging_mixin.py:190} INFO -  Previous state of the Task instance: running
[2025-03-10T10:24:10.543+0000] {logging_mixin.py:190} INFO - Dag name:tiki_extract_dag queued_at:2025-03-10 10:23:09.537669+00:00
[2025-03-10T10:24:10.544+0000] {logging_mixin.py:190} INFO - Task hostname:c77555d100c4 operator:PythonOperator
[2025-03-10T10:24:10.596+0000] {local_task_job_runner.py:266} INFO - Task exited with return code 0
[2025-03-10T10:24:10.690+0000] {taskinstance.py:3901} INFO - 0 downstream tasks scheduled from follow-on schedule check
[2025-03-10T10:24:10.696+0000] {local_task_job_runner.py:245} INFO - ::endgroup::
