[2025-03-12T07:26:10.422+0000] {local_task_job_runner.py:123} INFO - ::group::Pre task execution logs
[2025-03-12T07:26:10.499+0000] {taskinstance.py:2614} INFO - Dependencies all met for dep_context=non-requeueable deps ti=<TaskInstance: tiki_extract_dag.extract_dong-ho-va-trang-suc manual__2025-03-12T07:25:54.854919+00:00 [queued]>
[2025-03-12T07:26:10.524+0000] {taskinstance.py:2614} INFO - Dependencies all met for dep_context=requeueable deps ti=<TaskInstance: tiki_extract_dag.extract_dong-ho-va-trang-suc manual__2025-03-12T07:25:54.854919+00:00 [queued]>
[2025-03-12T07:26:10.525+0000] {taskinstance.py:2867} INFO - Starting attempt 1 of 4
[2025-03-12T07:26:10.567+0000] {taskinstance.py:2890} INFO - Executing <Task(PythonOperator): extract_dong-ho-va-trang-suc> on 2025-03-12 07:25:54.854919+00:00
[2025-03-12T07:26:10.629+0000] {warnings.py:112} WARNING - /home/***/.local/lib/python3.12/site-packages/***/task/task_runner/standard_task_runner.py:70: DeprecationWarning: This process (pid=225) is multi-threaded, use of fork() may lead to deadlocks in the child.
  pid = os.fork()

[2025-03-12T07:26:10.633+0000] {standard_task_runner.py:72} INFO - Started process 244 to run task
[2025-03-12T07:26:10.630+0000] {standard_task_runner.py:104} INFO - Running: ['***', 'tasks', 'run', 'tiki_extract_dag', 'extract_dong-ho-va-trang-suc', 'manual__2025-03-12T07:25:54.854919+00:00', '--job-id', '669', '--raw', '--subdir', 'DAGS_FOLDER/tiki_extract_dag.py', '--cfg-path', '/tmp/tmp77g0xteq']
[2025-03-12T07:26:10.640+0000] {standard_task_runner.py:105} INFO - Job 669: Subtask extract_dong-ho-va-trang-suc
[2025-03-12T07:26:11.023+0000] {task_command.py:467} INFO - Running <TaskInstance: tiki_extract_dag.extract_dong-ho-va-trang-suc manual__2025-03-12T07:25:54.854919+00:00 [running]> on host 3905098656d4
[2025-03-12T07:26:15.517+0000] {taskinstance.py:3134} INFO - Exporting env vars: AIRFLOW_CTX_DAG_OWNER='***' AIRFLOW_CTX_DAG_ID='tiki_extract_dag' AIRFLOW_CTX_TASK_ID='extract_dong-ho-va-trang-suc' AIRFLOW_CTX_EXECUTION_DATE='2025-03-12T07:25:54.854919+00:00' AIRFLOW_CTX_TRY_NUMBER='1' AIRFLOW_CTX_DAG_RUN_ID='manual__2025-03-12T07:25:54.854919+00:00'
[2025-03-12T07:26:15.522+0000] {logging_mixin.py:190} INFO - Task instance is in running state
[2025-03-12T07:26:15.523+0000] {logging_mixin.py:190} INFO -  Previous state of the Task instance: queued
[2025-03-12T07:26:15.525+0000] {logging_mixin.py:190} INFO - Current task name:extract_dong-ho-va-trang-suc state:running start_date:2025-03-12 07:26:10.501420+00:00
[2025-03-12T07:26:15.527+0000] {logging_mixin.py:190} INFO - Dag name:tiki_extract_dag and current dag run status:running
[2025-03-12T07:26:15.529+0000] {taskinstance.py:732} INFO - ::endgroup::
[2025-03-12T07:26:18.442+0000] {tiki_extract_dag.py:122} INFO - Starting crawl for category dong-ho-va-trang-suc
[2025-03-12T07:26:20.139+0000] {tiki_extract_dag.py:129} INFO - Total pages for dong-ho-va-trang-suc: 50
[2025-03-12T07:26:21.520+0000] {tiki_extract_dag.py:155} INFO - Extracted page 2/50 - dong-ho-va-trang-suc, total items: 80
[2025-03-12T07:26:28.302+0000] {tiki_extract_dag.py:155} INFO - Extracted page 3/50 - dong-ho-va-trang-suc, total items: 120
[2025-03-12T07:26:38.413+0000] {tiki_extract_dag.py:155} INFO - Extracted page 4/50 - dong-ho-va-trang-suc, total items: 160
[2025-03-12T07:26:44.728+0000] {tiki_extract_dag.py:155} INFO - Extracted page 5/50 - dong-ho-va-trang-suc, total items: 200
[2025-03-12T07:26:54.659+0000] {tiki_extract_dag.py:155} INFO - Extracted page 6/50 - dong-ho-va-trang-suc, total items: 240
[2025-03-12T07:27:02.845+0000] {tiki_extract_dag.py:155} INFO - Extracted page 7/50 - dong-ho-va-trang-suc, total items: 280
[2025-03-12T07:27:10.405+0000] {tiki_extract_dag.py:155} INFO - Extracted page 8/50 - dong-ho-va-trang-suc, total items: 320
[2025-03-12T07:27:19.527+0000] {tiki_extract_dag.py:155} INFO - Extracted page 9/50 - dong-ho-va-trang-suc, total items: 360
[2025-03-12T07:27:27.323+0000] {tiki_extract_dag.py:155} INFO - Extracted page 10/50 - dong-ho-va-trang-suc, total items: 400
[2025-03-12T07:27:37.454+0000] {tiki_extract_dag.py:155} INFO - Extracted page 11/50 - dong-ho-va-trang-suc, total items: 440
[2025-03-12T07:27:44.066+0000] {tiki_extract_dag.py:155} INFO - Extracted page 12/50 - dong-ho-va-trang-suc, total items: 480
[2025-03-12T07:27:49.800+0000] {tiki_extract_dag.py:155} INFO - Extracted page 13/50 - dong-ho-va-trang-suc, total items: 520
[2025-03-12T07:27:56.105+0000] {tiki_extract_dag.py:155} INFO - Extracted page 14/50 - dong-ho-va-trang-suc, total items: 560
[2025-03-12T07:28:05.499+0000] {tiki_extract_dag.py:155} INFO - Extracted page 15/50 - dong-ho-va-trang-suc, total items: 600
[2025-03-12T07:28:11.194+0000] {tiki_extract_dag.py:155} INFO - Extracted page 16/50 - dong-ho-va-trang-suc, total items: 640
[2025-03-12T07:28:21.430+0000] {tiki_extract_dag.py:155} INFO - Extracted page 17/50 - dong-ho-va-trang-suc, total items: 680
[2025-03-12T07:28:30.761+0000] {tiki_extract_dag.py:155} INFO - Extracted page 18/50 - dong-ho-va-trang-suc, total items: 720
[2025-03-12T07:28:39.053+0000] {tiki_extract_dag.py:155} INFO - Extracted page 19/50 - dong-ho-va-trang-suc, total items: 760
[2025-03-12T07:28:47.917+0000] {tiki_extract_dag.py:155} INFO - Extracted page 20/50 - dong-ho-va-trang-suc, total items: 800
[2025-03-12T07:28:56.127+0000] {tiki_extract_dag.py:155} INFO - Extracted page 21/50 - dong-ho-va-trang-suc, total items: 840
[2025-03-12T07:29:04.190+0000] {tiki_extract_dag.py:155} INFO - Extracted page 22/50 - dong-ho-va-trang-suc, total items: 880
[2025-03-12T07:29:14.015+0000] {tiki_extract_dag.py:155} INFO - Extracted page 23/50 - dong-ho-va-trang-suc, total items: 920
[2025-03-12T07:29:22.400+0000] {tiki_extract_dag.py:155} INFO - Extracted page 24/50 - dong-ho-va-trang-suc, total items: 960
[2025-03-12T07:29:30.337+0000] {tiki_extract_dag.py:155} INFO - Extracted page 25/50 - dong-ho-va-trang-suc, total items: 1000
[2025-03-12T07:29:38.364+0000] {tiki_extract_dag.py:155} INFO - Extracted page 26/50 - dong-ho-va-trang-suc, total items: 1040
[2025-03-12T07:29:47.140+0000] {tiki_extract_dag.py:155} INFO - Extracted page 27/50 - dong-ho-va-trang-suc, total items: 1080
[2025-03-12T07:29:54.662+0000] {tiki_extract_dag.py:155} INFO - Extracted page 28/50 - dong-ho-va-trang-suc, total items: 1120
[2025-03-12T07:30:01.981+0000] {tiki_extract_dag.py:155} INFO - Extracted page 29/50 - dong-ho-va-trang-suc, total items: 1160
[2025-03-12T07:30:12.409+0000] {tiki_extract_dag.py:155} INFO - Extracted page 30/50 - dong-ho-va-trang-suc, total items: 1200
[2025-03-12T07:30:18.535+0000] {tiki_extract_dag.py:155} INFO - Extracted page 31/50 - dong-ho-va-trang-suc, total items: 1240
[2025-03-12T07:30:29.021+0000] {tiki_extract_dag.py:155} INFO - Extracted page 32/50 - dong-ho-va-trang-suc, total items: 1280
[2025-03-12T07:30:36.621+0000] {tiki_extract_dag.py:155} INFO - Extracted page 33/50 - dong-ho-va-trang-suc, total items: 1320
[2025-03-12T07:30:46.977+0000] {tiki_extract_dag.py:155} INFO - Extracted page 34/50 - dong-ho-va-trang-suc, total items: 1360
[2025-03-12T07:30:55.583+0000] {tiki_extract_dag.py:155} INFO - Extracted page 35/50 - dong-ho-va-trang-suc, total items: 1400
[2025-03-12T07:31:03.278+0000] {tiki_extract_dag.py:155} INFO - Extracted page 36/50 - dong-ho-va-trang-suc, total items: 1440
[2025-03-12T07:31:12.513+0000] {tiki_extract_dag.py:155} INFO - Extracted page 37/50 - dong-ho-va-trang-suc, total items: 1480
[2025-03-12T07:31:19.463+0000] {tiki_extract_dag.py:155} INFO - Extracted page 38/50 - dong-ho-va-trang-suc, total items: 1520
[2025-03-12T07:31:26.536+0000] {tiki_extract_dag.py:155} INFO - Extracted page 39/50 - dong-ho-va-trang-suc, total items: 1560
[2025-03-12T07:31:35.078+0000] {tiki_extract_dag.py:155} INFO - Extracted page 40/50 - dong-ho-va-trang-suc, total items: 1600
[2025-03-12T07:31:42.012+0000] {tiki_extract_dag.py:155} INFO - Extracted page 41/50 - dong-ho-va-trang-suc, total items: 1640
[2025-03-12T07:31:48.108+0000] {tiki_extract_dag.py:155} INFO - Extracted page 42/50 - dong-ho-va-trang-suc, total items: 1680
[2025-03-12T07:31:54.306+0000] {tiki_extract_dag.py:155} INFO - Extracted page 43/50 - dong-ho-va-trang-suc, total items: 1720
[2025-03-12T07:32:01.939+0000] {tiki_extract_dag.py:155} INFO - Extracted page 44/50 - dong-ho-va-trang-suc, total items: 1760
[2025-03-12T07:32:09.798+0000] {tiki_extract_dag.py:155} INFO - Extracted page 45/50 - dong-ho-va-trang-suc, total items: 1800
[2025-03-12T07:32:19.387+0000] {tiki_extract_dag.py:155} INFO - Extracted page 46/50 - dong-ho-va-trang-suc, total items: 1840
[2025-03-12T07:32:26.850+0000] {tiki_extract_dag.py:155} INFO - Extracted page 47/50 - dong-ho-va-trang-suc, total items: 1880
[2025-03-12T07:32:33.592+0000] {tiki_extract_dag.py:155} INFO - Extracted page 48/50 - dong-ho-va-trang-suc, total items: 1920
[2025-03-12T07:32:40.235+0000] {tiki_extract_dag.py:155} INFO - Extracted page 49/50 - dong-ho-va-trang-suc, total items: 1960
[2025-03-12T07:32:48.042+0000] {tiki_extract_dag.py:155} INFO - Extracted page 50/50 - dong-ho-va-trang-suc, total items: 2000
[2025-03-12T07:33:36.109+0000] {tiki_extract_dag.py:56} INFO - Updated crawled products at tiki-pipeline/tiki_crawled/crawled_products.json
[2025-03-12T07:33:36.112+0000] {tiki_extract_dag.py:172} INFO - Uploaded raw data to tiki-pipeline/tiki_raw_data/raw_dong-ho-va-trang-suc_20250312_073255.json, total items: 2000
[2025-03-12T07:33:36.648+0000] {tiki_extract_dag.py:183} INFO - Saved metadata to tiki-pipeline/metadata/extract_run_metadata_dong-ho-va-trang-suc_20250312_073255.json
[2025-03-12T07:33:36.672+0000] {python.py:240} INFO - Done. Returned value was: None
[2025-03-12T07:33:36.763+0000] {taskinstance.py:341} INFO - ::group::Post task execution logs
[2025-03-12T07:33:36.766+0000] {taskinstance.py:353} INFO - Marking task as SUCCESS. dag_id=tiki_extract_dag, task_id=extract_dong-ho-va-trang-suc, run_id=manual__2025-03-12T07:25:54.854919+00:00, execution_date=20250312T072554, start_date=20250312T072610, end_date=20250312T073336
[2025-03-12T07:33:36.869+0000] {logging_mixin.py:190} INFO - Task instance in success state
[2025-03-12T07:33:36.871+0000] {logging_mixin.py:190} INFO -  Previous state of the Task instance: running
[2025-03-12T07:33:36.872+0000] {logging_mixin.py:190} INFO - Dag name:tiki_extract_dag queued_at:2025-03-12 07:25:54.899816+00:00
[2025-03-12T07:33:36.873+0000] {logging_mixin.py:190} INFO - Task hostname:3905098656d4 operator:PythonOperator
[2025-03-12T07:33:36.958+0000] {local_task_job_runner.py:266} INFO - Task exited with return code 0
[2025-03-12T07:33:37.080+0000] {taskinstance.py:3901} INFO - 0 downstream tasks scheduled from follow-on schedule check
[2025-03-12T07:33:37.084+0000] {local_task_job_runner.py:245} INFO - ::endgroup::
