[2025-03-12T07:47:06.181+0000] {local_task_job_runner.py:123} INFO - ::group::Pre task execution logs
[2025-03-12T07:47:06.218+0000] {taskinstance.py:2614} INFO - Dependencies all met for dep_context=non-requeueable deps ti=<TaskInstance: tiki_transform_dag.transform_data manual__2025-03-12T07:34:43.553260+00:00 [queued]>
[2025-03-12T07:47:06.233+0000] {taskinstance.py:2614} INFO - Dependencies all met for dep_context=requeueable deps ti=<TaskInstance: tiki_transform_dag.transform_data manual__2025-03-12T07:34:43.553260+00:00 [queued]>
[2025-03-12T07:47:06.234+0000] {taskinstance.py:2867} INFO - Starting attempt 3 of 4
[2025-03-12T07:47:06.259+0000] {taskinstance.py:2890} INFO - Executing <Task(PythonOperator): transform_data> on 2025-03-12 07:34:43.553260+00:00
[2025-03-12T07:47:06.275+0000] {warnings.py:112} WARNING - /home/***/.local/lib/python3.12/site-packages/***/task/task_runner/standard_task_runner.py:70: DeprecationWarning: This process (pid=582) is multi-threaded, use of fork() may lead to deadlocks in the child.
  pid = os.fork()

[2025-03-12T07:47:06.277+0000] {standard_task_runner.py:72} INFO - Started process 584 to run task
[2025-03-12T07:47:06.279+0000] {standard_task_runner.py:104} INFO - Running: ['***', 'tasks', 'run', 'tiki_transform_dag', 'transform_data', 'manual__2025-03-12T07:34:43.553260+00:00', '--job-id', '700', '--raw', '--subdir', 'DAGS_FOLDER/tiki_transform_dag.py', '--cfg-path', '/tmp/tmpi867ks5n']
[2025-03-12T07:47:06.282+0000] {standard_task_runner.py:105} INFO - Job 700: Subtask transform_data
[2025-03-12T07:47:06.379+0000] {task_command.py:467} INFO - Running <TaskInstance: tiki_transform_dag.transform_data manual__2025-03-12T07:34:43.553260+00:00 [running]> on host 3905098656d4
[2025-03-12T07:47:06.806+0000] {taskinstance.py:3134} INFO - Exporting env vars: AIRFLOW_CTX_DAG_OWNER='***' AIRFLOW_CTX_DAG_ID='tiki_transform_dag' AIRFLOW_CTX_TASK_ID='transform_data' AIRFLOW_CTX_EXECUTION_DATE='2025-03-12T07:34:43.553260+00:00' AIRFLOW_CTX_TRY_NUMBER='3' AIRFLOW_CTX_DAG_RUN_ID='manual__2025-03-12T07:34:43.553260+00:00'
[2025-03-12T07:47:06.808+0000] {logging_mixin.py:190} INFO - Task instance is in running state
[2025-03-12T07:47:06.808+0000] {logging_mixin.py:190} INFO -  Previous state of the Task instance: queued
[2025-03-12T07:47:06.809+0000] {logging_mixin.py:190} INFO - Current task name:transform_data state:running start_date:2025-03-12 07:47:06.219240+00:00
[2025-03-12T07:47:06.810+0000] {logging_mixin.py:190} INFO - Dag name:tiki_transform_dag and current dag run status:running
[2025-03-12T07:47:06.811+0000] {taskinstance.py:732} INFO - ::endgroup::
[2025-03-12T07:47:10.263+0000] {tiki_transform_dag.py:96} INFO - Loaded raw data from tiki-pipeline/tiki_raw_data/raw_dien-thoai-may-tinh-bang_20250312_074251.json, 361 rows
[2025-03-12T07:47:10.269+0000] {tiki_transform_dag.py:106} INFO - After deduplication across all categories: 361 rows
[2025-03-12T07:47:10.293+0000] {tiki_transform_dag.py:62} INFO - Data cleaning completed
[2025-03-12T07:47:10.328+0000] {tiki_transform_dag.py:45} INFO - Data validation passed
[2025-03-12T07:47:11.076+0000] {tiki_transform_dag.py:195} INFO - Saved fact_sales to tiki-pipeline/tiki_transformed_data/fact_sales_20250312_074710.csv
[2025-03-12T07:47:13.323+0000] {tiki_transform_dag.py:195} INFO - Saved dim_product to tiki-pipeline/tiki_transformed_data/dim_product_20250312_074710.csv
[2025-03-12T07:47:28.749+0000] {tiki_transform_dag.py:195} INFO - Saved dim_seller to tiki-pipeline/tiki_transformed_data/dim_seller_20250312_074710.csv
[2025-03-12T07:47:29.149+0000] {tiki_transform_dag.py:195} INFO - Saved dim_category to tiki-pipeline/tiki_transformed_data/dim_category_20250312_074710.csv
[2025-03-12T07:47:29.206+0000] {job.py:229} INFO - Heartbeat recovered after 17.87 seconds
[2025-03-12T07:47:29.788+0000] {tiki_transform_dag.py:195} INFO - Saved dim_brand to tiki-pipeline/tiki_transformed_data/dim_brand_20250312_074710.csv
[2025-03-12T07:47:29.815+0000] {tiki_transform_dag.py:198} INFO - Pushed transformed_blob_names to XCom: {'fact_sales': 'tiki_transformed_data/fact_sales_20250312_074710.csv', 'dim_product': 'tiki_transformed_data/dim_product_20250312_074710.csv', 'dim_seller': 'tiki_transformed_data/dim_seller_20250312_074710.csv', 'dim_category': 'tiki_transformed_data/dim_category_20250312_074710.csv', 'dim_brand': 'tiki_transformed_data/dim_brand_20250312_074710.csv'}
[2025-03-12T07:47:29.819+0000] {python.py:240} INFO - Done. Returned value was: None
[2025-03-12T07:47:29.839+0000] {taskinstance.py:341} INFO - ::group::Post task execution logs
[2025-03-12T07:47:29.840+0000] {taskinstance.py:353} INFO - Marking task as SUCCESS. dag_id=tiki_transform_dag, task_id=transform_data, run_id=manual__2025-03-12T07:34:43.553260+00:00, execution_date=20250312T073443, start_date=20250312T074706, end_date=20250312T074729
[2025-03-12T07:47:29.890+0000] {logging_mixin.py:190} INFO - Task instance in success state
[2025-03-12T07:47:29.891+0000] {logging_mixin.py:190} INFO -  Previous state of the Task instance: running
[2025-03-12T07:47:29.892+0000] {logging_mixin.py:190} INFO - Dag name:tiki_transform_dag queued_at:2025-03-12 07:34:43.606316+00:00
[2025-03-12T07:47:29.893+0000] {logging_mixin.py:190} INFO - Task hostname:3905098656d4 operator:PythonOperator
[2025-03-12T07:47:29.949+0000] {local_task_job_runner.py:266} INFO - Task exited with return code 0
[2025-03-12T07:47:29.980+0000] {taskinstance.py:3901} INFO - 0 downstream tasks scheduled from follow-on schedule check
[2025-03-12T07:47:29.986+0000] {local_task_job_runner.py:245} INFO - ::endgroup::
