[2025-03-12T04:21:53.428+0000] {local_task_job_runner.py:123} INFO - ::group::Pre task execution logs
[2025-03-12T04:21:53.628+0000] {taskinstance.py:2614} INFO - Dependencies all met for dep_context=non-requeueable deps ti=<TaskInstance: tiki_extract_dag.extract_dien-thoai-may-tinh-bang manual__2025-03-12T04:21:28.506204+00:00 [queued]>
[2025-03-12T04:21:53.706+0000] {taskinstance.py:2614} INFO - Dependencies all met for dep_context=requeueable deps ti=<TaskInstance: tiki_extract_dag.extract_dien-thoai-may-tinh-bang manual__2025-03-12T04:21:28.506204+00:00 [queued]>
[2025-03-12T04:21:53.708+0000] {taskinstance.py:2867} INFO - Starting attempt 1 of 4
[2025-03-12T04:22:01.583+0000] {taskinstance.py:2890} INFO - Executing <Task(PythonOperator): extract_dien-thoai-may-tinh-bang> on 2025-03-12 04:21:28.506204+00:00
[2025-03-12T04:22:01.647+0000] {warnings.py:112} WARNING - /home/***/.local/lib/python3.12/site-packages/***/task/task_runner/standard_task_runner.py:70: DeprecationWarning: This process (pid=3853) is multi-threaded, use of fork() may lead to deadlocks in the child.
  pid = os.fork()

[2025-03-12T04:22:01.654+0000] {standard_task_runner.py:72} INFO - Started process 3888 to run task
[2025-03-12T04:22:01.678+0000] {standard_task_runner.py:104} INFO - Running: ['***', 'tasks', 'run', 'tiki_extract_dag', 'extract_dien-thoai-may-tinh-bang', 'manual__2025-03-12T04:21:28.506204+00:00', '--job-id', '653', '--raw', '--subdir', 'DAGS_FOLDER/tiki_extract_dag.py', '--cfg-path', '/tmp/tmprjo_c5qw']
[2025-03-12T04:22:01.687+0000] {standard_task_runner.py:105} INFO - Job 653: Subtask extract_dien-thoai-may-tinh-bang
[2025-03-12T04:22:01.982+0000] {task_command.py:467} INFO - Running <TaskInstance: tiki_extract_dag.extract_dien-thoai-may-tinh-bang manual__2025-03-12T04:21:28.506204+00:00 [running]> on host 5c8190d7da62
[2025-03-12T04:22:05.733+0000] {taskinstance.py:3134} INFO - Exporting env vars: AIRFLOW_CTX_DAG_OWNER='***' AIRFLOW_CTX_DAG_ID='tiki_extract_dag' AIRFLOW_CTX_TASK_ID='extract_dien-thoai-may-tinh-bang' AIRFLOW_CTX_EXECUTION_DATE='2025-03-12T04:21:28.506204+00:00' AIRFLOW_CTX_TRY_NUMBER='1' AIRFLOW_CTX_DAG_RUN_ID='manual__2025-03-12T04:21:28.506204+00:00'
[2025-03-12T04:22:05.735+0000] {logging_mixin.py:190} INFO - Task instance is in running state
[2025-03-12T04:22:05.736+0000] {logging_mixin.py:190} INFO -  Previous state of the Task instance: queued
[2025-03-12T04:22:05.737+0000] {logging_mixin.py:190} INFO - Current task name:extract_dien-thoai-may-tinh-bang state:running start_date:2025-03-12 04:21:53.641522+00:00
[2025-03-12T04:22:05.738+0000] {logging_mixin.py:190} INFO - Dag name:tiki_extract_dag and current dag run status:running
[2025-03-12T04:22:05.739+0000] {taskinstance.py:732} INFO - ::endgroup::
[2025-03-12T04:22:06.843+0000] {job.py:229} INFO - Heartbeat recovered after 13.83 seconds
[2025-03-12T04:22:06.946+0000] {tiki_extract_dag.py:120} INFO - Starting crawl for category dien-thoai-may-tinh-bang
[2025-03-12T04:22:07.655+0000] {tiki_extract_dag.py:127} INFO - Total pages for dien-thoai-may-tinh-bang: 10
[2025-03-12T04:22:08.113+0000] {tiki_extract_dag.py:155} INFO - Extracted page 2/10 - dien-thoai-may-tinh-bang, total items: 80
[2025-03-12T04:22:14.208+0000] {tiki_extract_dag.py:155} INFO - Extracted page 3/10 - dien-thoai-may-tinh-bang, total items: 120
[2025-03-12T04:22:21.794+0000] {tiki_extract_dag.py:155} INFO - Extracted page 4/10 - dien-thoai-may-tinh-bang, total items: 160
[2025-03-12T04:22:28.935+0000] {tiki_extract_dag.py:155} INFO - Extracted page 5/10 - dien-thoai-may-tinh-bang, total items: 200
[2025-03-12T04:22:39.542+0000] {tiki_extract_dag.py:155} INFO - Extracted page 6/10 - dien-thoai-may-tinh-bang, total items: 240
[2025-03-12T04:22:46.795+0000] {tiki_extract_dag.py:155} INFO - Extracted page 7/10 - dien-thoai-may-tinh-bang, total items: 280
[2025-03-12T04:22:53.240+0000] {tiki_extract_dag.py:155} INFO - Extracted page 8/10 - dien-thoai-may-tinh-bang, total items: 320
[2025-03-12T04:22:59.006+0000] {tiki_extract_dag.py:155} INFO - Extracted page 9/10 - dien-thoai-may-tinh-bang, total items: 360
[2025-03-12T04:23:07.502+0000] {tiki_extract_dag.py:155} INFO - Extracted page 10/10 - dien-thoai-may-tinh-bang, total items: 361
[2025-03-12T04:23:17.605+0000] {tiki_extract_dag.py:56} INFO - Updated crawled products at tiki-pipeline/tiki_crawled/crawled_products.json
[2025-03-12T04:23:17.606+0000] {tiki_extract_dag.py:172} INFO - Uploaded raw data to tiki-pipeline/tiki_raw_data/raw_dien-thoai-may-tinh-bang_20250312_042314.json, total items: 361
[2025-03-12T04:23:17.944+0000] {tiki_extract_dag.py:183} INFO - Saved metadata to tiki-pipeline/metadata/extract_run_metadata_dien-thoai-may-tinh-bang_20250312_042314.json
[2025-03-12T04:23:17.947+0000] {python.py:240} INFO - Done. Returned value was: None
[2025-03-12T04:23:17.998+0000] {taskinstance.py:341} INFO - ::group::Post task execution logs
[2025-03-12T04:23:18.001+0000] {taskinstance.py:353} INFO - Marking task as SUCCESS. dag_id=tiki_extract_dag, task_id=extract_dien-thoai-may-tinh-bang, run_id=manual__2025-03-12T04:21:28.506204+00:00, execution_date=20250312T042128, start_date=20250312T042153, end_date=20250312T042317
[2025-03-12T04:23:18.088+0000] {logging_mixin.py:190} INFO - Task instance in success state
[2025-03-12T04:23:18.089+0000] {logging_mixin.py:190} INFO -  Previous state of the Task instance: running
[2025-03-12T04:23:18.090+0000] {logging_mixin.py:190} INFO - Dag name:tiki_extract_dag queued_at:2025-03-12 04:21:28.548433+00:00
[2025-03-12T04:23:18.091+0000] {logging_mixin.py:190} INFO - Task hostname:5c8190d7da62 operator:PythonOperator
[2025-03-12T04:23:18.194+0000] {local_task_job_runner.py:266} INFO - Task exited with return code 0
[2025-03-12T04:23:18.257+0000] {taskinstance.py:3901} INFO - 0 downstream tasks scheduled from follow-on schedule check
[2025-03-12T04:23:18.263+0000] {local_task_job_runner.py:245} INFO - ::endgroup::
