[2025-03-10T10:38:55.742+0000] {local_task_job_runner.py:123} INFO - ::group::Pre task execution logs
[2025-03-10T10:38:55.884+0000] {taskinstance.py:2614} INFO - Dependencies all met for dep_context=non-requeueable deps ti=<TaskInstance: tiki_extract_dag.crawl_dong-ho-va-trang-suc manual__2025-03-10T10:33:29.927545+00:00 [queued]>
[2025-03-10T10:38:55.927+0000] {taskinstance.py:2614} INFO - Dependencies all met for dep_context=requeueable deps ti=<TaskInstance: tiki_extract_dag.crawl_dong-ho-va-trang-suc manual__2025-03-10T10:33:29.927545+00:00 [queued]>
[2025-03-10T10:38:55.928+0000] {taskinstance.py:2867} INFO - Starting attempt 1 of 4
[2025-03-10T10:38:56.019+0000] {taskinstance.py:2890} INFO - Executing <Task(PythonOperator): crawl_dong-ho-va-trang-suc> on 2025-03-10 10:33:29.927545+00:00
[2025-03-10T10:38:56.185+0000] {standard_task_runner.py:104} INFO - Running: ['***', 'tasks', 'run', 'tiki_extract_dag', 'crawl_dong-ho-va-trang-suc', 'manual__2025-03-10T10:33:29.927545+00:00', '--job-id', '468', '--raw', '--subdir', 'DAGS_FOLDER/tiki_extract_dag.py', '--cfg-path', '/tmp/tmp65538qcl']
[2025-03-10T10:38:56.177+0000] {warnings.py:112} WARNING - /home/***/.local/lib/python3.12/site-packages/***/task/task_runner/standard_task_runner.py:70: DeprecationWarning: This process (pid=194) is multi-threaded, use of fork() may lead to deadlocks in the child.
  pid = os.fork()

[2025-03-10T10:38:56.207+0000] {standard_task_runner.py:105} INFO - Job 468: Subtask crawl_dong-ho-va-trang-suc
[2025-03-10T10:38:56.208+0000] {standard_task_runner.py:72} INFO - Started process 231 to run task
[2025-03-10T10:39:03.410+0000] {task_command.py:467} INFO - Running <TaskInstance: tiki_extract_dag.crawl_dong-ho-va-trang-suc manual__2025-03-10T10:33:29.927545+00:00 [running]> on host 0c9fb3f19112
[2025-03-10T10:39:08.950+0000] {taskinstance.py:3134} INFO - Exporting env vars: AIRFLOW_CTX_DAG_OWNER='***' AIRFLOW_CTX_DAG_ID='tiki_extract_dag' AIRFLOW_CTX_TASK_ID='crawl_dong-ho-va-trang-suc' AIRFLOW_CTX_EXECUTION_DATE='2025-03-10T10:33:29.927545+00:00' AIRFLOW_CTX_TRY_NUMBER='1' AIRFLOW_CTX_DAG_RUN_ID='manual__2025-03-10T10:33:29.927545+00:00'
[2025-03-10T10:39:08.952+0000] {logging_mixin.py:190} INFO - Task instance is in running state
[2025-03-10T10:39:08.953+0000] {logging_mixin.py:190} INFO -  Previous state of the Task instance: queued
[2025-03-10T10:39:08.953+0000] {logging_mixin.py:190} INFO - Current task name:crawl_dong-ho-va-trang-suc state:running start_date:2025-03-10 10:38:55.886930+00:00
[2025-03-10T10:39:08.954+0000] {logging_mixin.py:190} INFO - Dag name:tiki_extract_dag and current dag run status:running
[2025-03-10T10:39:08.955+0000] {taskinstance.py:732} INFO - ::endgroup::
[2025-03-10T10:39:10.761+0000] {tiki_extract_dag.py:132} INFO - Starting crawl for category dong-ho-va-trang-suc (ID: 8371)
[2025-03-10T10:39:10.763+0000] {tiki_extract_dag.py:134} INFO - Calling API: https://tiki.vn/api/v2/products with params: {'page': 1, 'limit': 40, 'category': '8371'}
[2025-03-10T10:39:11.520+0000] {tiki_extract_dag.py:143} INFO - Total pages for dong-ho-va-trang-suc: 50 (limited to 50)
[2025-03-10T10:39:32.492+0000] {connectionpool.py:868} WARNING - Retrying (Retry(total=4, connect=5, read=4, redirect=None, status=None)) after connection broken by 'ReadTimeoutError("HTTPSConnectionPool(host='tiki.vn', port=443): Read timed out. (read timeout=15)")': /api/v2/products/204038070
[2025-03-10T10:39:36.782+0000] {job.py:229} INFO - Heartbeat recovered after 20.46 seconds
[2025-03-10T10:39:43.900+0000] {tiki_extract_dag.py:119} ERROR - Error fetching details for product 178027547: Expecting value: line 1 column 1 (char 0)
[2025-03-10T10:39:44.046+0000] {tiki_extract_dag.py:119} ERROR - Error fetching details for product 150615727: Expecting value: line 1 column 1 (char 0)
[2025-03-10T10:39:44.190+0000] {tiki_extract_dag.py:119} ERROR - Error fetching details for product 145763594: Expecting value: line 1 column 1 (char 0)
[2025-03-10T10:39:44.405+0000] {tiki_extract_dag.py:119} ERROR - Error fetching details for product 145763569: Expecting value: line 1 column 1 (char 0)
[2025-03-10T10:39:44.653+0000] {tiki_extract_dag.py:119} ERROR - Error fetching details for product 143960604: Expecting value: line 1 column 1 (char 0)
[2025-03-10T10:40:01.089+0000] {connectionpool.py:868} WARNING - Retrying (Retry(total=4, connect=5, read=4, redirect=None, status=None)) after connection broken by 'ReadTimeoutError("HTTPSConnectionPool(host='tiki.vn', port=443): Read timed out. (read timeout=15)")': /api/v2/products/143838450
[2025-03-10T10:40:04.192+0000] {job.py:229} INFO - Heartbeat recovered after 21.89 seconds
[2025-03-10T10:40:04.818+0000] {tiki_extract_dag.py:119} ERROR - Error fetching details for product 143838450: Expecting value: line 1 column 1 (char 0)
[2025-03-10T10:40:05.000+0000] {tiki_extract_dag.py:119} ERROR - Error fetching details for product 137946676: Expecting value: line 1 column 1 (char 0)
[2025-03-10T10:40:05.152+0000] {tiki_extract_dag.py:119} ERROR - Error fetching details for product 137941919: Expecting value: line 1 column 1 (char 0)
[2025-03-10T10:40:05.326+0000] {tiki_extract_dag.py:119} ERROR - Error fetching details for product 134441706: Expecting value: line 1 column 1 (char 0)
[2025-03-10T10:40:05.478+0000] {tiki_extract_dag.py:119} ERROR - Error fetching details for product 113403111: Expecting value: line 1 column 1 (char 0)
[2025-03-10T10:40:05.620+0000] {tiki_extract_dag.py:119} ERROR - Error fetching details for product 106390176: Expecting value: line 1 column 1 (char 0)
[2025-03-10T10:40:05.765+0000] {tiki_extract_dag.py:119} ERROR - Error fetching details for product 105985711: Expecting value: line 1 column 1 (char 0)
[2025-03-10T10:40:05.909+0000] {tiki_extract_dag.py:119} ERROR - Error fetching details for product 97894870: Expecting value: line 1 column 1 (char 0)
[2025-03-10T10:40:06.058+0000] {tiki_extract_dag.py:119} ERROR - Error fetching details for product 93819008: Expecting value: line 1 column 1 (char 0)
[2025-03-10T10:40:06.206+0000] {tiki_extract_dag.py:119} ERROR - Error fetching details for product 92817188: Expecting value: line 1 column 1 (char 0)
[2025-03-10T10:40:06.356+0000] {tiki_extract_dag.py:119} ERROR - Error fetching details for product 74853731: Expecting value: line 1 column 1 (char 0)
[2025-03-10T10:40:06.507+0000] {tiki_extract_dag.py:119} ERROR - Error fetching details for product 70841244: Expecting value: line 1 column 1 (char 0)
[2025-03-10T10:40:06.658+0000] {tiki_extract_dag.py:119} ERROR - Error fetching details for product 68427641: Expecting value: line 1 column 1 (char 0)
[2025-03-10T10:40:06.803+0000] {tiki_extract_dag.py:119} ERROR - Error fetching details for product 59084567: Expecting value: line 1 column 1 (char 0)
[2025-03-10T10:40:06.951+0000] {tiki_extract_dag.py:119} ERROR - Error fetching details for product 54687717: Expecting value: line 1 column 1 (char 0)
[2025-03-10T10:40:07.098+0000] {tiki_extract_dag.py:119} ERROR - Error fetching details for product 52469205: Expecting value: line 1 column 1 (char 0)
[2025-03-10T10:40:07.240+0000] {tiki_extract_dag.py:119} ERROR - Error fetching details for product 51104756: Expecting value: line 1 column 1 (char 0)
[2025-03-10T10:40:07.386+0000] {tiki_extract_dag.py:119} ERROR - Error fetching details for product 48658720: Expecting value: line 1 column 1 (char 0)
[2025-03-10T10:40:07.607+0000] {tiki_extract_dag.py:119} ERROR - Error fetching details for product 42194457: Expecting value: line 1 column 1 (char 0)
[2025-03-10T10:40:07.762+0000] {tiki_extract_dag.py:119} ERROR - Error fetching details for product 37156749: Expecting value: line 1 column 1 (char 0)
[2025-03-10T10:40:07.943+0000] {tiki_extract_dag.py:119} ERROR - Error fetching details for product 35507445: Expecting value: line 1 column 1 (char 0)
[2025-03-10T10:40:08.135+0000] {tiki_extract_dag.py:119} ERROR - Error fetching details for product 33630695: Expecting value: line 1 column 1 (char 0)
[2025-03-10T10:40:08.401+0000] {tiki_extract_dag.py:119} ERROR - Error fetching details for product 27733854: Expecting value: line 1 column 1 (char 0)
[2025-03-10T10:40:17.328+0000] {tiki_extract_dag.py:119} ERROR - Error fetching details for product 21754311: Expecting value: line 1 column 1 (char 0)
[2025-03-10T10:40:27.478+0000] {tiki_extract_dag.py:156} INFO - Calling API: https://tiki.vn/api/v2/products with params: {'page': 2, 'limit': 40, 'category': '8371'}
[2025-03-10T10:40:29.043+0000] {job.py:229} INFO - Heartbeat recovered after 24.87 seconds
[2025-03-10T10:40:37.354+0000] {tiki_extract_dag.py:119} ERROR - Error fetching details for product 249307008: Expecting value: line 1 column 1 (char 0)
[2025-03-10T10:40:37.520+0000] {tiki_extract_dag.py:119} ERROR - Error fetching details for product 221267660: Expecting value: line 1 column 1 (char 0)
[2025-03-10T10:40:37.664+0000] {tiki_extract_dag.py:119} ERROR - Error fetching details for product 214810075: Expecting value: line 1 column 1 (char 0)
[2025-03-10T10:40:37.806+0000] {tiki_extract_dag.py:119} ERROR - Error fetching details for product 204190122: Expecting value: line 1 column 1 (char 0)
[2025-03-10T10:40:37.948+0000] {tiki_extract_dag.py:119} ERROR - Error fetching details for product 204039338: Expecting value: line 1 column 1 (char 0)
[2025-03-10T10:40:38.112+0000] {tiki_extract_dag.py:119} ERROR - Error fetching details for product 204038971: Expecting value: line 1 column 1 (char 0)
[2025-03-10T10:40:38.260+0000] {tiki_extract_dag.py:119} ERROR - Error fetching details for product 196207773: Expecting value: line 1 column 1 (char 0)
[2025-03-10T10:40:38.406+0000] {tiki_extract_dag.py:119} ERROR - Error fetching details for product 192880293: Expecting value: line 1 column 1 (char 0)
[2025-03-10T10:40:38.549+0000] {tiki_extract_dag.py:119} ERROR - Error fetching details for product 183037703: Expecting value: line 1 column 1 (char 0)
[2025-03-10T10:40:38.713+0000] {tiki_extract_dag.py:119} ERROR - Error fetching details for product 177929229: Expecting value: line 1 column 1 (char 0)
[2025-03-10T10:40:38.867+0000] {tiki_extract_dag.py:119} ERROR - Error fetching details for product 177896565: Expecting value: line 1 column 1 (char 0)
[2025-03-10T10:40:39.034+0000] {tiki_extract_dag.py:119} ERROR - Error fetching details for product 176073859: Expecting value: line 1 column 1 (char 0)
[2025-03-10T10:40:39.179+0000] {tiki_extract_dag.py:119} ERROR - Error fetching details for product 175843845: Expecting value: line 1 column 1 (char 0)
[2025-03-10T10:40:39.328+0000] {tiki_extract_dag.py:119} ERROR - Error fetching details for product 161523242: Expecting value: line 1 column 1 (char 0)
[2025-03-10T10:40:39.471+0000] {tiki_extract_dag.py:119} ERROR - Error fetching details for product 150150734: Expecting value: line 1 column 1 (char 0)
[2025-03-10T10:40:39.616+0000] {tiki_extract_dag.py:119} ERROR - Error fetching details for product 144367849: Expecting value: line 1 column 1 (char 0)
[2025-03-10T10:40:39.769+0000] {tiki_extract_dag.py:119} ERROR - Error fetching details for product 143829162: Expecting value: line 1 column 1 (char 0)
[2025-03-10T10:40:39.917+0000] {tiki_extract_dag.py:119} ERROR - Error fetching details for product 137831158: Expecting value: line 1 column 1 (char 0)
[2025-03-10T10:40:40.080+0000] {tiki_extract_dag.py:119} ERROR - Error fetching details for product 127461281: Expecting value: line 1 column 1 (char 0)
[2025-03-10T10:40:40.228+0000] {tiki_extract_dag.py:119} ERROR - Error fetching details for product 106391798: Expecting value: line 1 column 1 (char 0)
[2025-03-10T10:40:40.375+0000] {tiki_extract_dag.py:119} ERROR - Error fetching details for product 106107764: Expecting value: line 1 column 1 (char 0)
[2025-03-10T10:40:40.518+0000] {tiki_extract_dag.py:119} ERROR - Error fetching details for product 97927216: Expecting value: line 1 column 1 (char 0)
[2025-03-10T10:40:40.662+0000] {tiki_extract_dag.py:119} ERROR - Error fetching details for product 78503804: Expecting value: line 1 column 1 (char 0)
[2025-03-10T10:40:40.831+0000] {tiki_extract_dag.py:119} ERROR - Error fetching details for product 74527302: Expecting value: line 1 column 1 (char 0)
[2025-03-10T10:40:40.978+0000] {tiki_extract_dag.py:119} ERROR - Error fetching details for product 74494910: Expecting value: line 1 column 1 (char 0)
[2025-03-10T10:40:41.121+0000] {tiki_extract_dag.py:119} ERROR - Error fetching details for product 70203275: Expecting value: line 1 column 1 (char 0)
[2025-03-10T10:40:41.261+0000] {tiki_extract_dag.py:119} ERROR - Error fetching details for product 68428513: Expecting value: line 1 column 1 (char 0)
[2025-03-10T10:40:41.434+0000] {tiki_extract_dag.py:119} ERROR - Error fetching details for product 52318485: Expecting value: line 1 column 1 (char 0)
[2025-03-10T10:40:41.589+0000] {tiki_extract_dag.py:119} ERROR - Error fetching details for product 52145833: Expecting value: line 1 column 1 (char 0)
[2025-03-10T10:40:41.761+0000] {tiki_extract_dag.py:119} ERROR - Error fetching details for product 41563695: Expecting value: line 1 column 1 (char 0)
[2025-03-10T10:40:41.912+0000] {tiki_extract_dag.py:119} ERROR - Error fetching details for product 41181982: Expecting value: line 1 column 1 (char 0)
[2025-03-10T10:40:42.080+0000] {tiki_extract_dag.py:119} ERROR - Error fetching details for product 37769268: Expecting value: line 1 column 1 (char 0)
[2025-03-10T10:40:42.239+0000] {tiki_extract_dag.py:119} ERROR - Error fetching details for product 35527471: Expecting value: line 1 column 1 (char 0)
[2025-03-10T10:40:42.387+0000] {tiki_extract_dag.py:119} ERROR - Error fetching details for product 32910830: Expecting value: line 1 column 1 (char 0)
[2025-03-10T10:40:42.538+0000] {tiki_extract_dag.py:119} ERROR - Error fetching details for product 25058248: Expecting value: line 1 column 1 (char 0)
[2025-03-10T10:40:42.684+0000] {tiki_extract_dag.py:119} ERROR - Error fetching details for product 13629677: Expecting value: line 1 column 1 (char 0)
[2025-03-10T10:40:42.829+0000] {tiki_extract_dag.py:119} ERROR - Error fetching details for product 12114573: Expecting value: line 1 column 1 (char 0)
[2025-03-10T10:40:42.976+0000] {tiki_extract_dag.py:119} ERROR - Error fetching details for product 10597090: Expecting value: line 1 column 1 (char 0)
[2025-03-10T10:40:43.124+0000] {tiki_extract_dag.py:119} ERROR - Error fetching details for product 8677130: Expecting value: line 1 column 1 (char 0)
[2025-03-10T10:40:43.126+0000] {tiki_extract_dag.py:175} INFO - Extracted page 2/50 for category dong-ho-va-trang-suc, total items: 80
[2025-03-10T10:40:56.781+0000] {tiki_extract_dag.py:156} INFO - Calling API: https://tiki.vn/api/v2/products with params: {'page': 3, 'limit': 40, 'category': '8371'}
[2025-03-10T10:40:56.920+0000] {tiki_extract_dag.py:178} ERROR - API error at page 3 in category dong-ho-va-trang-suc: Expecting value: line 1 column 1 (char 0)
[2025-03-10T10:41:00.960+0000] {tiki_extract_dag.py:50} INFO - Updated crawled products at tiki-pipeline/tiki_crawled/crawled_products.json
[2025-03-10T10:41:00.961+0000] {tiki_extract_dag.py:192} INFO - Uploaded raw data to tiki-pipeline/raw_data/dong-ho-va-trang-suc_20250310_104057.json, total items: 80
[2025-03-10T10:41:01.557+0000] {tiki_extract_dag.py:204} INFO - Saved metadata to tiki-pipeline/metadata/dong-ho-va-trang-suc_extract_run_metadata_20250310_104057.json
[2025-03-10T10:41:01.559+0000] {python.py:240} INFO - Done. Returned value was: None
[2025-03-10T10:41:01.591+0000] {taskinstance.py:341} INFO - ::group::Post task execution logs
[2025-03-10T10:41:01.593+0000] {taskinstance.py:353} INFO - Marking task as SUCCESS. dag_id=tiki_extract_dag, task_id=crawl_dong-ho-va-trang-suc, run_id=manual__2025-03-10T10:33:29.927545+00:00, execution_date=20250310T103329, start_date=20250310T103855, end_date=20250310T104101
[2025-03-10T10:41:01.640+0000] {logging_mixin.py:190} INFO - Task instance in success state
[2025-03-10T10:41:01.641+0000] {logging_mixin.py:190} INFO -  Previous state of the Task instance: running
[2025-03-10T10:41:01.641+0000] {logging_mixin.py:190} INFO - Dag name:tiki_extract_dag queued_at:2025-03-10 10:33:30.016202+00:00
[2025-03-10T10:41:01.642+0000] {logging_mixin.py:190} INFO - Task hostname:0c9fb3f19112 operator:PythonOperator
[2025-03-10T10:41:01.711+0000] {local_task_job_runner.py:266} INFO - Task exited with return code 0
[2025-03-10T10:41:01.776+0000] {taskinstance.py:3901} INFO - 0 downstream tasks scheduled from follow-on schedule check
[2025-03-10T10:41:01.783+0000] {local_task_job_runner.py:245} INFO - ::endgroup::
