[2025-03-12T15:27:06.093+0000] {local_task_job_runner.py:123} INFO - ::group::Pre task execution logs
[2025-03-12T15:27:06.108+0000] {taskinstance.py:2614} INFO - Dependencies all met for dep_context=non-requeueable deps ti=<TaskInstance: tiki_load_dag.load_data manual__2025-03-12T15:27:03.738480+00:00 [queued]>
[2025-03-12T15:27:06.115+0000] {taskinstance.py:2614} INFO - Dependencies all met for dep_context=requeueable deps ti=<TaskInstance: tiki_load_dag.load_data manual__2025-03-12T15:27:03.738480+00:00 [queued]>
[2025-03-12T15:27:06.116+0000] {taskinstance.py:2867} INFO - Starting attempt 1 of 4
[2025-03-12T15:27:06.129+0000] {taskinstance.py:2890} INFO - Executing <Task(PythonOperator): load_data> on 2025-03-12 15:27:03.738480+00:00
[2025-03-12T15:27:06.138+0000] {warnings.py:112} WARNING - /home/***/.local/lib/python3.12/site-packages/***/task/task_runner/standard_task_runner.py:70: DeprecationWarning: This process (pid=847) is multi-threaded, use of fork() may lead to deadlocks in the child.
  pid = os.fork()

[2025-03-12T15:27:06.139+0000] {standard_task_runner.py:72} INFO - Started process 849 to run task
[2025-03-12T15:27:06.140+0000] {standard_task_runner.py:104} INFO - Running: ['***', 'tasks', 'run', 'tiki_load_dag', 'load_data', 'manual__2025-03-12T15:27:03.738480+00:00', '--job-id', '780', '--raw', '--subdir', 'DAGS_FOLDER/tiki_load_dag.py', '--cfg-path', '/tmp/tmp05s5wo9s']
[2025-03-12T15:27:06.140+0000] {standard_task_runner.py:105} INFO - Job 780: Subtask load_data
[2025-03-12T15:27:06.180+0000] {task_command.py:467} INFO - Running <TaskInstance: tiki_load_dag.load_data manual__2025-03-12T15:27:03.738480+00:00 [running]> on host 3905098656d4
[2025-03-12T15:27:06.264+0000] {taskinstance.py:3134} INFO - Exporting env vars: AIRFLOW_CTX_DAG_OWNER='***' AIRFLOW_CTX_DAG_ID='tiki_load_dag' AIRFLOW_CTX_TASK_ID='load_data' AIRFLOW_CTX_EXECUTION_DATE='2025-03-12T15:27:03.738480+00:00' AIRFLOW_CTX_TRY_NUMBER='1' AIRFLOW_CTX_DAG_RUN_ID='manual__2025-03-12T15:27:03.738480+00:00'
[2025-03-12T15:27:06.265+0000] {logging_mixin.py:190} INFO - Task instance is in running state
[2025-03-12T15:27:06.266+0000] {logging_mixin.py:190} INFO -  Previous state of the Task instance: queued
[2025-03-12T15:27:06.266+0000] {logging_mixin.py:190} INFO - Current task name:load_data state:running start_date:2025-03-12 15:27:06.109302+00:00
[2025-03-12T15:27:06.266+0000] {logging_mixin.py:190} INFO - Dag name:tiki_load_dag and current dag run status:running
[2025-03-12T15:27:06.267+0000] {taskinstance.py:732} INFO - ::endgroup::
[2025-03-12T15:27:06.932+0000] {tiki_load_dag.py:35} INFO - Found latest fact_sales blob: tiki_transformed_data/fact_sales_20250312_152641.csv
[2025-03-12T15:27:07.589+0000] {tiki_load_dag.py:35} INFO - Found latest dim_product blob: tiki_transformed_data/dim_product_20250312_152641.csv
[2025-03-12T15:27:07.791+0000] {tiki_load_dag.py:35} INFO - Found latest dim_seller blob: tiki_transformed_data/dim_seller_20250312_152641.csv
[2025-03-12T15:27:08.454+0000] {tiki_load_dag.py:35} INFO - Found latest dim_category blob: tiki_transformed_data/dim_category_20250312_152641.csv
[2025-03-12T15:27:08.651+0000] {tiki_load_dag.py:35} INFO - Found latest dim_brand blob: tiki_transformed_data/dim_brand_20250312_152641.csv
[2025-03-12T15:27:10.517+0000] {tiki_load_dag.py:66} INFO - Starting load job for Fact_Sales from gs://tiki-pipeline/tiki_transformed_data/fact_sales_20250312_152641.csv
[2025-03-12T15:27:13.007+0000] {tiki_load_dag.py:68} INFO - Loaded Fact_Sales with 20357 rows from gs://tiki-pipeline/tiki_transformed_data/fact_sales_20250312_152641.csv
[2025-03-12T15:27:13.654+0000] {tiki_load_dag.py:66} INFO - Starting load job for Dim_Product from gs://tiki-pipeline/tiki_transformed_data/dim_product_20250312_152641.csv
[2025-03-12T15:27:17.995+0000] {tiki_load_dag.py:68} INFO - Loaded Dim_Product with 20354 rows from gs://tiki-pipeline/tiki_transformed_data/dim_product_20250312_152641.csv
[2025-03-12T15:27:18.664+0000] {tiki_load_dag.py:66} INFO - Starting load job for Dim_Seller from gs://tiki-pipeline/tiki_transformed_data/dim_seller_20250312_152641.csv
[2025-03-12T15:27:20.757+0000] {tiki_load_dag.py:68} INFO - Loaded Dim_Seller with 1776 rows from gs://tiki-pipeline/tiki_transformed_data/dim_seller_20250312_152641.csv
[2025-03-12T15:27:21.679+0000] {tiki_load_dag.py:66} INFO - Starting load job for Dim_Category from gs://tiki-pipeline/tiki_transformed_data/dim_category_20250312_152641.csv
[2025-03-12T15:27:23.660+0000] {tiki_load_dag.py:68} INFO - Loaded Dim_Category with 32523 rows from gs://tiki-pipeline/tiki_transformed_data/dim_category_20250312_152641.csv
[2025-03-12T15:27:24.208+0000] {tiki_load_dag.py:66} INFO - Starting load job for Dim_Brand from gs://tiki-pipeline/tiki_transformed_data/dim_brand_20250312_152641.csv
[2025-03-12T15:27:26.527+0000] {tiki_load_dag.py:68} INFO - Loaded Dim_Brand with 2171 rows from gs://tiki-pipeline/tiki_transformed_data/dim_brand_20250312_152641.csv
[2025-03-12T15:27:26.528+0000] {python.py:240} INFO - Done. Returned value was: None
[2025-03-12T15:27:26.540+0000] {taskinstance.py:341} INFO - ::group::Post task execution logs
[2025-03-12T15:27:26.541+0000] {taskinstance.py:353} INFO - Marking task as SUCCESS. dag_id=tiki_load_dag, task_id=load_data, run_id=manual__2025-03-12T15:27:03.738480+00:00, execution_date=20250312T152703, start_date=20250312T152706, end_date=20250312T152726
[2025-03-12T15:27:26.564+0000] {logging_mixin.py:190} INFO - Task instance in success state
[2025-03-12T15:27:26.564+0000] {logging_mixin.py:190} INFO -  Previous state of the Task instance: running
[2025-03-12T15:27:26.565+0000] {logging_mixin.py:190} INFO - Dag name:tiki_load_dag queued_at:2025-03-12 15:27:03.802718+00:00
[2025-03-12T15:27:26.565+0000] {logging_mixin.py:190} INFO - Task hostname:3905098656d4 operator:PythonOperator
[2025-03-12T15:27:26.580+0000] {local_task_job_runner.py:266} INFO - Task exited with return code 0
[2025-03-12T15:27:26.594+0000] {taskinstance.py:3901} INFO - 0 downstream tasks scheduled from follow-on schedule check
[2025-03-12T15:27:26.596+0000] {local_task_job_runner.py:245} INFO - ::endgroup::
