[2025-03-11T09:55:17.137+0000] {local_task_job_runner.py:123} INFO - ::group::Pre task execution logs
[2025-03-11T09:55:17.287+0000] {taskinstance.py:2614} INFO - Dependencies all met for dep_context=non-requeueable deps ti=<TaskInstance: tiki_extract_dag.crawl_sach manual__2025-03-11T09:54:25.561686+00:00 [queued]>
[2025-03-11T09:55:17.327+0000] {taskinstance.py:2614} INFO - Dependencies all met for dep_context=requeueable deps ti=<TaskInstance: tiki_extract_dag.crawl_sach manual__2025-03-11T09:54:25.561686+00:00 [queued]>
[2025-03-11T09:55:17.330+0000] {taskinstance.py:2867} INFO - Starting attempt 1 of 4
[2025-03-11T09:55:17.502+0000] {taskinstance.py:2890} INFO - Executing <Task(PythonOperator): crawl_sach> on 2025-03-11 09:54:25.561686+00:00
[2025-03-11T09:55:17.577+0000] {warnings.py:112} WARNING - /home/***/.local/lib/python3.12/site-packages/***/task/task_runner/standard_task_runner.py:70: DeprecationWarning: This process (pid=752) is multi-threaded, use of fork() may lead to deadlocks in the child.
  pid = os.fork()

[2025-03-11T09:55:17.586+0000] {standard_task_runner.py:72} INFO - Started process 794 to run task
[2025-03-11T09:55:17.609+0000] {standard_task_runner.py:104} INFO - Running: ['***', 'tasks', 'run', 'tiki_extract_dag', 'crawl_sach', 'manual__2025-03-11T09:54:25.561686+00:00', '--job-id', '585', '--raw', '--subdir', 'DAGS_FOLDER/tiki_extract_dag.py', '--cfg-path', '/tmp/tmp8vw8hflp']
[2025-03-11T09:55:17.626+0000] {standard_task_runner.py:105} INFO - Job 585: Subtask crawl_sach
[2025-03-11T09:55:19.740+0000] {task_command.py:467} INFO - Running <TaskInstance: tiki_extract_dag.crawl_sach manual__2025-03-11T09:54:25.561686+00:00 [running]> on host 5c8190d7da62
[2025-03-11T09:55:39.471+0000] {taskinstance.py:3134} INFO - Exporting env vars: AIRFLOW_CTX_DAG_OWNER='***' AIRFLOW_CTX_DAG_ID='tiki_extract_dag' AIRFLOW_CTX_TASK_ID='crawl_sach' AIRFLOW_CTX_EXECUTION_DATE='2025-03-11T09:54:25.561686+00:00' AIRFLOW_CTX_TRY_NUMBER='1' AIRFLOW_CTX_DAG_RUN_ID='manual__2025-03-11T09:54:25.561686+00:00'
[2025-03-11T09:55:39.480+0000] {logging_mixin.py:190} INFO - Task instance is in running state
[2025-03-11T09:55:39.481+0000] {logging_mixin.py:190} INFO -  Previous state of the Task instance: queued
[2025-03-11T09:55:39.483+0000] {logging_mixin.py:190} INFO - Current task name:crawl_sach state:running start_date:2025-03-11 09:55:17.289712+00:00
[2025-03-11T09:55:39.484+0000] {logging_mixin.py:190} INFO - Dag name:tiki_extract_dag and current dag run status:running
[2025-03-11T09:55:39.495+0000] {taskinstance.py:732} INFO - ::endgroup::
[2025-03-11T09:55:42.588+0000] {tiki_extract_dag.py:139} INFO - Starting crawl for category sach (ID: 8322)
[2025-03-11T09:55:42.589+0000] {tiki_extract_dag.py:141} INFO - Calling API: https://tiki.vn/api/v2/products with params: {'page': 1, 'limit': 40, 'category': '8322'}
[2025-03-11T09:55:44.083+0000] {tiki_extract_dag.py:150} INFO - Total pages for sach: 50 (limited to 50)
[2025-03-11T09:55:51.443+0000] {job.py:229} INFO - Heartbeat recovered after 13.73 seconds
[2025-03-11T09:56:19.222+0000] {tiki_extract_dag.py:120} ERROR - Error fetching details for product 138107485 on attempt 1/3: Expecting value: line 1 column 1 (char 0)
[2025-03-11T09:56:28.595+0000] {tiki_extract_dag.py:120} ERROR - Error fetching details for product 138107485 on attempt 2/3: Expecting value: line 1 column 1 (char 0)
[2025-03-11T09:56:38.438+0000] {tiki_extract_dag.py:120} ERROR - Error fetching details for product 138107485 on attempt 3/3: Expecting value: line 1 column 1 (char 0)
[2025-03-11T09:56:38.599+0000] {tiki_extract_dag.py:120} ERROR - Error fetching details for product 114937969 on attempt 1/3: Expecting value: line 1 column 1 (char 0)
[2025-03-11T09:56:44.620+0000] {tiki_extract_dag.py:120} ERROR - Error fetching details for product 114937969 on attempt 2/3: Expecting value: line 1 column 1 (char 0)
[2025-03-11T09:56:50.383+0000] {tiki_extract_dag.py:120} ERROR - Error fetching details for product 114937969 on attempt 3/3: Expecting value: line 1 column 1 (char 0)
[2025-03-11T09:56:50.534+0000] {tiki_extract_dag.py:120} ERROR - Error fetching details for product 113530805 on attempt 1/3: Expecting value: line 1 column 1 (char 0)
[2025-03-11T09:56:56.805+0000] {tiki_extract_dag.py:120} ERROR - Error fetching details for product 113530805 on attempt 2/3: Expecting value: line 1 column 1 (char 0)
[2025-03-11T09:57:20.402+0000] {tiki_extract_dag.py:120} ERROR - Error fetching details for product 53720978 on attempt 1/3: Expecting value: line 1 column 1 (char 0)
[2025-03-11T09:57:26.178+0000] {tiki_extract_dag.py:120} ERROR - Error fetching details for product 53720978 on attempt 2/3: Expecting value: line 1 column 1 (char 0)
[2025-03-11T09:57:35.522+0000] {tiki_extract_dag.py:120} ERROR - Error fetching details for product 53720978 on attempt 3/3: Expecting value: line 1 column 1 (char 0)
[2025-03-11T09:57:35.701+0000] {tiki_extract_dag.py:120} ERROR - Error fetching details for product 52789367 on attempt 1/3: Expecting value: line 1 column 1 (char 0)
[2025-03-11T09:57:44.863+0000] {tiki_extract_dag.py:120} ERROR - Error fetching details for product 52789367 on attempt 2/3: Expecting value: line 1 column 1 (char 0)
[2025-03-11T09:57:53.342+0000] {tiki_extract_dag.py:120} ERROR - Error fetching details for product 52789367 on attempt 3/3: Expecting value: line 1 column 1 (char 0)
[2025-03-11T09:57:53.514+0000] {tiki_extract_dag.py:120} ERROR - Error fetching details for product 52788072 on attempt 1/3: Expecting value: line 1 column 1 (char 0)
[2025-03-11T09:57:59.881+0000] {tiki_extract_dag.py:120} ERROR - Error fetching details for product 52788072 on attempt 2/3: Expecting value: line 1 column 1 (char 0)
[2025-03-11T09:58:11.043+0000] {tiki_extract_dag.py:163} INFO - Calling API: https://tiki.vn/api/v2/products with params: {'page': 2, 'limit': 40, 'category': '8322'}
[2025-03-11T09:58:23.050+0000] {tiki_extract_dag.py:120} ERROR - Error fetching details for product 194205620 on attempt 1/3: Expecting value: line 1 column 1 (char 0)
[2025-03-11T09:58:29.519+0000] {tiki_extract_dag.py:120} ERROR - Error fetching details for product 194205620 on attempt 2/3: Expecting value: line 1 column 1 (char 0)
[2025-03-11T09:58:38.001+0000] {tiki_extract_dag.py:120} ERROR - Error fetching details for product 194205620 on attempt 3/3: Expecting value: line 1 column 1 (char 0)
[2025-03-11T09:58:38.155+0000] {tiki_extract_dag.py:120} ERROR - Error fetching details for product 194205608 on attempt 1/3: Expecting value: line 1 column 1 (char 0)
[2025-03-11T09:58:47.355+0000] {tiki_extract_dag.py:120} ERROR - Error fetching details for product 194205608 on attempt 2/3: Expecting value: line 1 column 1 (char 0)
[2025-03-11T09:58:55.877+0000] {tiki_extract_dag.py:120} ERROR - Error fetching details for product 194205608 on attempt 3/3: Expecting value: line 1 column 1 (char 0)
[2025-03-11T09:58:56.032+0000] {tiki_extract_dag.py:120} ERROR - Error fetching details for product 192124399 on attempt 1/3: Expecting value: line 1 column 1 (char 0)
[2025-03-11T09:59:20.825+0000] {tiki_extract_dag.py:183} INFO - Extracted page 2/50 for category sach, total items: 80
[2025-03-11T09:59:39.827+0000] {tiki_extract_dag.py:163} INFO - Calling API: https://tiki.vn/api/v2/products with params: {'page': 3, 'limit': 40, 'category': '8322'}
[2025-03-11T09:59:39.978+0000] {tiki_extract_dag.py:186} ERROR - API error at page 3 in category sach on attempt 1/3: Expecting value: line 1 column 1 (char 0)
[2025-03-11T09:59:46.689+0000] {tiki_extract_dag.py:186} ERROR - API error at page 3 in category sach on attempt 2/3: Expecting value: line 1 column 1 (char 0)
[2025-03-11T09:59:52.503+0000] {tiki_extract_dag.py:186} ERROR - API error at page 3 in category sach on attempt 3/3: Expecting value: line 1 column 1 (char 0)
[2025-03-11T09:59:52.505+0000] {tiki_extract_dag.py:191} ERROR - Failed after 3 attempts for page 3 in category sach
[2025-03-11T09:59:52.532+0000] {python.py:240} INFO - Done. Returned value was: None
[2025-03-11T09:59:53.569+0000] {taskinstance.py:341} INFO - ::group::Post task execution logs
[2025-03-11T09:59:53.582+0000] {taskinstance.py:353} INFO - Marking task as SUCCESS. dag_id=tiki_extract_dag, task_id=crawl_sach, run_id=manual__2025-03-11T09:54:25.561686+00:00, execution_date=20250311T095425, start_date=20250311T095517, end_date=20250311T095953
[2025-03-11T09:59:53.949+0000] {logging_mixin.py:190} INFO - Task instance in success state
[2025-03-11T09:59:53.951+0000] {logging_mixin.py:190} INFO -  Previous state of the Task instance: running
[2025-03-11T09:59:53.952+0000] {logging_mixin.py:190} INFO - Dag name:tiki_extract_dag queued_at:2025-03-11 09:54:25.681807+00:00
[2025-03-11T09:59:53.953+0000] {logging_mixin.py:190} INFO - Task hostname:5c8190d7da62 operator:PythonOperator
[2025-03-11T09:59:54.110+0000] {local_task_job_runner.py:266} INFO - Task exited with return code 0
[2025-03-11T09:59:54.427+0000] {taskinstance.py:3901} INFO - 0 downstream tasks scheduled from follow-on schedule check
[2025-03-11T09:59:54.436+0000] {local_task_job_runner.py:245} INFO - ::endgroup::
