[2025-03-07T22:23:04.499+0000] {local_task_job_runner.py:123} INFO - ::group::Pre task execution logs
[2025-03-07T22:23:04.525+0000] {taskinstance.py:2614} INFO - Dependencies all met for dep_context=non-requeueable deps ti=<TaskInstance: tiki_etl_orchestration.trigger_extract manual__2025-03-07T22:22:57.014732+00:00 [queued]>
[2025-03-07T22:23:04.534+0000] {taskinstance.py:2614} INFO - Dependencies all met for dep_context=requeueable deps ti=<TaskInstance: tiki_etl_orchestration.trigger_extract manual__2025-03-07T22:22:57.014732+00:00 [queued]>
[2025-03-07T22:23:04.535+0000] {taskinstance.py:2867} INFO - Starting attempt 1 of 1
[2025-03-07T22:23:04.703+0000] {taskinstance.py:2890} INFO - Executing <Task(TriggerDagRunOperator): trigger_extract> on 2025-03-07 22:22:57.014732+00:00
[2025-03-07T22:23:04.712+0000] {warnings.py:112} WARNING - /home/***/.local/lib/python3.12/site-packages/***/task/task_runner/standard_task_runner.py:70: DeprecationWarning: This process (pid=79) is multi-threaded, use of fork() may lead to deadlocks in the child.
  pid = os.fork()

[2025-03-07T22:23:04.714+0000] {standard_task_runner.py:72} INFO - Started process 81 to run task
[2025-03-07T22:23:04.714+0000] {standard_task_runner.py:104} INFO - Running: ['***', 'tasks', 'run', 'tiki_etl_orchestration', 'trigger_extract', 'manual__2025-03-07T22:22:57.014732+00:00', '--job-id', '34', '--raw', '--subdir', 'DAGS_FOLDER/tiki_etl_orchestration.py', '--cfg-path', '/tmp/tmple9sah1g']
[2025-03-07T22:23:04.715+0000] {standard_task_runner.py:105} INFO - Job 34: Subtask trigger_extract
[2025-03-07T22:23:04.774+0000] {task_command.py:467} INFO - Running <TaskInstance: tiki_etl_orchestration.trigger_extract manual__2025-03-07T22:22:57.014732+00:00 [running]> on host 9a2d81a2e852
[2025-03-07T22:23:04.866+0000] {taskinstance.py:3134} INFO - Exporting env vars: AIRFLOW_CTX_DAG_OWNER='***' AIRFLOW_CTX_DAG_ID='tiki_etl_orchestration' AIRFLOW_CTX_TASK_ID='trigger_extract' AIRFLOW_CTX_EXECUTION_DATE='2025-03-07T22:22:57.014732+00:00' AIRFLOW_CTX_TRY_NUMBER='1' AIRFLOW_CTX_DAG_RUN_ID='manual__2025-03-07T22:22:57.014732+00:00'
[2025-03-07T22:23:04.868+0000] {logging_mixin.py:190} INFO - Task instance is in running state
[2025-03-07T22:23:04.868+0000] {logging_mixin.py:190} INFO -  Previous state of the Task instance: queued
[2025-03-07T22:23:04.869+0000] {logging_mixin.py:190} INFO - Current task name:trigger_extract state:running start_date:2025-03-07 22:23:04.526405+00:00
[2025-03-07T22:23:04.869+0000] {logging_mixin.py:190} INFO - Dag name:tiki_etl_orchestration and current dag run status:running
[2025-03-07T22:23:04.870+0000] {taskinstance.py:732} INFO - ::endgroup::
[2025-03-07T22:23:04.959+0000] {trigger_dagrun.py:257} INFO - Waiting for tiki_extract_dag on 2025-03-07 22:23:04.871134+00:00 to become allowed state ['success'] ...
[2025-03-07T22:23:14.974+0000] {trigger_dagrun.py:257} INFO - Waiting for tiki_extract_dag on 2025-03-07 22:23:04.871134+00:00 to become allowed state ['success'] ...
[2025-03-07T22:23:24.983+0000] {trigger_dagrun.py:257} INFO - Waiting for tiki_extract_dag on 2025-03-07 22:23:04.871134+00:00 to become allowed state ['success'] ...
[2025-03-07T22:23:34.996+0000] {trigger_dagrun.py:257} INFO - Waiting for tiki_extract_dag on 2025-03-07 22:23:04.871134+00:00 to become allowed state ['success'] ...
[2025-03-07T22:23:45.010+0000] {trigger_dagrun.py:257} INFO - Waiting for tiki_extract_dag on 2025-03-07 22:23:04.871134+00:00 to become allowed state ['success'] ...
[2025-03-07T22:23:55.020+0000] {trigger_dagrun.py:257} INFO - Waiting for tiki_extract_dag on 2025-03-07 22:23:04.871134+00:00 to become allowed state ['success'] ...
[2025-03-07T22:24:05.028+0000] {trigger_dagrun.py:257} INFO - Waiting for tiki_extract_dag on 2025-03-07 22:23:04.871134+00:00 to become allowed state ['success'] ...
[2025-03-07T22:24:15.040+0000] {trigger_dagrun.py:257} INFO - Waiting for tiki_extract_dag on 2025-03-07 22:23:04.871134+00:00 to become allowed state ['success'] ...
[2025-03-07T22:24:25.051+0000] {trigger_dagrun.py:257} INFO - Waiting for tiki_extract_dag on 2025-03-07 22:23:04.871134+00:00 to become allowed state ['success'] ...
[2025-03-07T22:24:35.063+0000] {trigger_dagrun.py:257} INFO - Waiting for tiki_extract_dag on 2025-03-07 22:23:04.871134+00:00 to become allowed state ['success'] ...
[2025-03-07T22:24:45.075+0000] {trigger_dagrun.py:257} INFO - Waiting for tiki_extract_dag on 2025-03-07 22:23:04.871134+00:00 to become allowed state ['success'] ...
[2025-03-07T22:24:55.086+0000] {trigger_dagrun.py:257} INFO - Waiting for tiki_extract_dag on 2025-03-07 22:23:04.871134+00:00 to become allowed state ['success'] ...
[2025-03-07T22:25:05.098+0000] {trigger_dagrun.py:257} INFO - Waiting for tiki_extract_dag on 2025-03-07 22:23:04.871134+00:00 to become allowed state ['success'] ...
[2025-03-07T22:25:15.112+0000] {trigger_dagrun.py:257} INFO - Waiting for tiki_extract_dag on 2025-03-07 22:23:04.871134+00:00 to become allowed state ['success'] ...
[2025-03-07T22:25:25.124+0000] {trigger_dagrun.py:257} INFO - Waiting for tiki_extract_dag on 2025-03-07 22:23:04.871134+00:00 to become allowed state ['success'] ...
[2025-03-07T22:25:35.135+0000] {trigger_dagrun.py:257} INFO - Waiting for tiki_extract_dag on 2025-03-07 22:23:04.871134+00:00 to become allowed state ['success'] ...
[2025-03-07T22:25:45.147+0000] {trigger_dagrun.py:257} INFO - Waiting for tiki_extract_dag on 2025-03-07 22:23:04.871134+00:00 to become allowed state ['success'] ...
[2025-03-07T22:25:55.158+0000] {trigger_dagrun.py:257} INFO - Waiting for tiki_extract_dag on 2025-03-07 22:23:04.871134+00:00 to become allowed state ['success'] ...
[2025-03-07T22:26:05.171+0000] {trigger_dagrun.py:257} INFO - Waiting for tiki_extract_dag on 2025-03-07 22:23:04.871134+00:00 to become allowed state ['success'] ...
[2025-03-07T22:26:15.184+0000] {trigger_dagrun.py:257} INFO - Waiting for tiki_extract_dag on 2025-03-07 22:23:04.871134+00:00 to become allowed state ['success'] ...
[2025-03-07T22:26:25.195+0000] {trigger_dagrun.py:257} INFO - Waiting for tiki_extract_dag on 2025-03-07 22:23:04.871134+00:00 to become allowed state ['success'] ...
[2025-03-07T22:26:35.208+0000] {trigger_dagrun.py:257} INFO - Waiting for tiki_extract_dag on 2025-03-07 22:23:04.871134+00:00 to become allowed state ['success'] ...
[2025-03-07T22:26:45.221+0000] {trigger_dagrun.py:257} INFO - Waiting for tiki_extract_dag on 2025-03-07 22:23:04.871134+00:00 to become allowed state ['success'] ...
[2025-03-07T22:26:55.231+0000] {trigger_dagrun.py:257} INFO - Waiting for tiki_extract_dag on 2025-03-07 22:23:04.871134+00:00 to become allowed state ['success'] ...
[2025-03-07T22:27:05.244+0000] {trigger_dagrun.py:257} INFO - Waiting for tiki_extract_dag on 2025-03-07 22:23:04.871134+00:00 to become allowed state ['success'] ...
[2025-03-07T22:27:15.256+0000] {trigger_dagrun.py:257} INFO - Waiting for tiki_extract_dag on 2025-03-07 22:23:04.871134+00:00 to become allowed state ['success'] ...
[2025-03-07T22:27:25.267+0000] {trigger_dagrun.py:257} INFO - Waiting for tiki_extract_dag on 2025-03-07 22:23:04.871134+00:00 to become allowed state ['success'] ...
[2025-03-07T22:27:35.281+0000] {trigger_dagrun.py:257} INFO - Waiting for tiki_extract_dag on 2025-03-07 22:23:04.871134+00:00 to become allowed state ['success'] ...
[2025-03-07T22:27:45.294+0000] {trigger_dagrun.py:257} INFO - Waiting for tiki_extract_dag on 2025-03-07 22:23:04.871134+00:00 to become allowed state ['success'] ...
[2025-03-07T22:27:55.311+0000] {trigger_dagrun.py:257} INFO - Waiting for tiki_extract_dag on 2025-03-07 22:23:04.871134+00:00 to become allowed state ['success'] ...
[2025-03-07T22:28:05.325+0000] {trigger_dagrun.py:257} INFO - Waiting for tiki_extract_dag on 2025-03-07 22:23:04.871134+00:00 to become allowed state ['success'] ...
[2025-03-07T22:28:15.334+0000] {trigger_dagrun.py:257} INFO - Waiting for tiki_extract_dag on 2025-03-07 22:23:04.871134+00:00 to become allowed state ['success'] ...
[2025-03-07T22:28:25.348+0000] {trigger_dagrun.py:257} INFO - Waiting for tiki_extract_dag on 2025-03-07 22:23:04.871134+00:00 to become allowed state ['success'] ...
[2025-03-07T22:28:35.360+0000] {trigger_dagrun.py:257} INFO - Waiting for tiki_extract_dag on 2025-03-07 22:23:04.871134+00:00 to become allowed state ['success'] ...
[2025-03-07T22:28:45.370+0000] {trigger_dagrun.py:257} INFO - Waiting for tiki_extract_dag on 2025-03-07 22:23:04.871134+00:00 to become allowed state ['success'] ...
[2025-03-07T22:28:55.384+0000] {trigger_dagrun.py:257} INFO - Waiting for tiki_extract_dag on 2025-03-07 22:23:04.871134+00:00 to become allowed state ['success'] ...
[2025-03-07T22:29:05.394+0000] {trigger_dagrun.py:257} INFO - Waiting for tiki_extract_dag on 2025-03-07 22:23:04.871134+00:00 to become allowed state ['success'] ...
[2025-03-07T22:29:15.407+0000] {trigger_dagrun.py:257} INFO - Waiting for tiki_extract_dag on 2025-03-07 22:23:04.871134+00:00 to become allowed state ['success'] ...
[2025-03-07T22:29:25.419+0000] {trigger_dagrun.py:257} INFO - Waiting for tiki_extract_dag on 2025-03-07 22:23:04.871134+00:00 to become allowed state ['success'] ...
[2025-03-07T22:29:35.430+0000] {trigger_dagrun.py:257} INFO - Waiting for tiki_extract_dag on 2025-03-07 22:23:04.871134+00:00 to become allowed state ['success'] ...
[2025-03-07T22:29:45.443+0000] {trigger_dagrun.py:257} INFO - Waiting for tiki_extract_dag on 2025-03-07 22:23:04.871134+00:00 to become allowed state ['success'] ...
[2025-03-07T22:29:55.459+0000] {trigger_dagrun.py:257} INFO - Waiting for tiki_extract_dag on 2025-03-07 22:23:04.871134+00:00 to become allowed state ['success'] ...
[2025-03-07T22:30:05.473+0000] {trigger_dagrun.py:257} INFO - Waiting for tiki_extract_dag on 2025-03-07 22:23:04.871134+00:00 to become allowed state ['success'] ...
[2025-03-07T22:30:15.486+0000] {trigger_dagrun.py:257} INFO - Waiting for tiki_extract_dag on 2025-03-07 22:23:04.871134+00:00 to become allowed state ['success'] ...
[2025-03-07T22:30:25.495+0000] {trigger_dagrun.py:257} INFO - Waiting for tiki_extract_dag on 2025-03-07 22:23:04.871134+00:00 to become allowed state ['success'] ...
[2025-03-07T22:30:35.509+0000] {trigger_dagrun.py:257} INFO - Waiting for tiki_extract_dag on 2025-03-07 22:23:04.871134+00:00 to become allowed state ['success'] ...
[2025-03-07T22:30:45.524+0000] {trigger_dagrun.py:257} INFO - Waiting for tiki_extract_dag on 2025-03-07 22:23:04.871134+00:00 to become allowed state ['success'] ...
[2025-03-07T22:30:55.536+0000] {trigger_dagrun.py:257} INFO - Waiting for tiki_extract_dag on 2025-03-07 22:23:04.871134+00:00 to become allowed state ['success'] ...
[2025-03-07T22:31:05.549+0000] {trigger_dagrun.py:257} INFO - Waiting for tiki_extract_dag on 2025-03-07 22:23:04.871134+00:00 to become allowed state ['success'] ...
[2025-03-07T22:31:15.563+0000] {trigger_dagrun.py:257} INFO - Waiting for tiki_extract_dag on 2025-03-07 22:23:04.871134+00:00 to become allowed state ['success'] ...
[2025-03-07T22:31:25.569+0000] {trigger_dagrun.py:257} INFO - Waiting for tiki_extract_dag on 2025-03-07 22:23:04.871134+00:00 to become allowed state ['success'] ...
[2025-03-07T22:31:35.577+0000] {trigger_dagrun.py:257} INFO - Waiting for tiki_extract_dag on 2025-03-07 22:23:04.871134+00:00 to become allowed state ['success'] ...
[2025-03-07T22:31:45.585+0000] {trigger_dagrun.py:257} INFO - Waiting for tiki_extract_dag on 2025-03-07 22:23:04.871134+00:00 to become allowed state ['success'] ...
[2025-03-07T22:31:55.591+0000] {trigger_dagrun.py:257} INFO - Waiting for tiki_extract_dag on 2025-03-07 22:23:04.871134+00:00 to become allowed state ['success'] ...
[2025-03-07T22:32:05.598+0000] {trigger_dagrun.py:257} INFO - Waiting for tiki_extract_dag on 2025-03-07 22:23:04.871134+00:00 to become allowed state ['success'] ...
[2025-03-07T22:32:15.608+0000] {trigger_dagrun.py:257} INFO - Waiting for tiki_extract_dag on 2025-03-07 22:23:04.871134+00:00 to become allowed state ['success'] ...
[2025-03-07T22:32:25.617+0000] {trigger_dagrun.py:257} INFO - Waiting for tiki_extract_dag on 2025-03-07 22:23:04.871134+00:00 to become allowed state ['success'] ...
[2025-03-07T22:32:35.624+0000] {trigger_dagrun.py:257} INFO - Waiting for tiki_extract_dag on 2025-03-07 22:23:04.871134+00:00 to become allowed state ['success'] ...
[2025-03-07T22:32:45.633+0000] {trigger_dagrun.py:257} INFO - Waiting for tiki_extract_dag on 2025-03-07 22:23:04.871134+00:00 to become allowed state ['success'] ...
[2025-03-07T22:32:55.639+0000] {trigger_dagrun.py:257} INFO - Waiting for tiki_extract_dag on 2025-03-07 22:23:04.871134+00:00 to become allowed state ['success'] ...
[2025-03-07T22:33:05.646+0000] {trigger_dagrun.py:257} INFO - Waiting for tiki_extract_dag on 2025-03-07 22:23:04.871134+00:00 to become allowed state ['success'] ...
[2025-03-07T22:33:15.654+0000] {trigger_dagrun.py:257} INFO - Waiting for tiki_extract_dag on 2025-03-07 22:23:04.871134+00:00 to become allowed state ['success'] ...
[2025-03-07T22:33:25.659+0000] {trigger_dagrun.py:257} INFO - Waiting for tiki_extract_dag on 2025-03-07 22:23:04.871134+00:00 to become allowed state ['success'] ...
[2025-03-07T22:33:35.667+0000] {trigger_dagrun.py:257} INFO - Waiting for tiki_extract_dag on 2025-03-07 22:23:04.871134+00:00 to become allowed state ['success'] ...
[2025-03-07T22:33:45.675+0000] {trigger_dagrun.py:257} INFO - Waiting for tiki_extract_dag on 2025-03-07 22:23:04.871134+00:00 to become allowed state ['success'] ...
[2025-03-07T22:33:55.683+0000] {trigger_dagrun.py:257} INFO - Waiting for tiki_extract_dag on 2025-03-07 22:23:04.871134+00:00 to become allowed state ['success'] ...
[2025-03-07T22:34:05.691+0000] {trigger_dagrun.py:257} INFO - Waiting for tiki_extract_dag on 2025-03-07 22:23:04.871134+00:00 to become allowed state ['success'] ...
[2025-03-07T22:34:15.699+0000] {trigger_dagrun.py:257} INFO - Waiting for tiki_extract_dag on 2025-03-07 22:23:04.871134+00:00 to become allowed state ['success'] ...
[2025-03-07T22:34:25.706+0000] {trigger_dagrun.py:257} INFO - Waiting for tiki_extract_dag on 2025-03-07 22:23:04.871134+00:00 to become allowed state ['success'] ...
[2025-03-07T22:34:35.718+0000] {trigger_dagrun.py:257} INFO - Waiting for tiki_extract_dag on 2025-03-07 22:23:04.871134+00:00 to become allowed state ['success'] ...
[2025-03-07T22:34:45.726+0000] {trigger_dagrun.py:257} INFO - Waiting for tiki_extract_dag on 2025-03-07 22:23:04.871134+00:00 to become allowed state ['success'] ...
[2025-03-07T22:34:55.734+0000] {trigger_dagrun.py:257} INFO - Waiting for tiki_extract_dag on 2025-03-07 22:23:04.871134+00:00 to become allowed state ['success'] ...
[2025-03-07T22:35:05.742+0000] {trigger_dagrun.py:257} INFO - Waiting for tiki_extract_dag on 2025-03-07 22:23:04.871134+00:00 to become allowed state ['success'] ...
[2025-03-07T22:35:15.754+0000] {trigger_dagrun.py:257} INFO - Waiting for tiki_extract_dag on 2025-03-07 22:23:04.871134+00:00 to become allowed state ['success'] ...
[2025-03-07T22:35:25.762+0000] {trigger_dagrun.py:257} INFO - Waiting for tiki_extract_dag on 2025-03-07 22:23:04.871134+00:00 to become allowed state ['success'] ...
[2025-03-07T22:35:35.770+0000] {trigger_dagrun.py:257} INFO - Waiting for tiki_extract_dag on 2025-03-07 22:23:04.871134+00:00 to become allowed state ['success'] ...
[2025-03-07T22:35:45.777+0000] {trigger_dagrun.py:257} INFO - Waiting for tiki_extract_dag on 2025-03-07 22:23:04.871134+00:00 to become allowed state ['success'] ...
[2025-03-07T22:35:55.783+0000] {trigger_dagrun.py:257} INFO - Waiting for tiki_extract_dag on 2025-03-07 22:23:04.871134+00:00 to become allowed state ['success'] ...
[2025-03-07T22:36:05.791+0000] {trigger_dagrun.py:257} INFO - Waiting for tiki_extract_dag on 2025-03-07 22:23:04.871134+00:00 to become allowed state ['success'] ...
[2025-03-07T22:36:15.813+0000] {trigger_dagrun.py:257} INFO - Waiting for tiki_extract_dag on 2025-03-07 22:23:04.871134+00:00 to become allowed state ['success'] ...
[2025-03-07T22:36:25.820+0000] {trigger_dagrun.py:257} INFO - Waiting for tiki_extract_dag on 2025-03-07 22:23:04.871134+00:00 to become allowed state ['success'] ...
[2025-03-07T22:36:35.829+0000] {trigger_dagrun.py:257} INFO - Waiting for tiki_extract_dag on 2025-03-07 22:23:04.871134+00:00 to become allowed state ['success'] ...
[2025-03-07T22:36:45.840+0000] {trigger_dagrun.py:257} INFO - Waiting for tiki_extract_dag on 2025-03-07 22:23:04.871134+00:00 to become allowed state ['success'] ...
[2025-03-07T22:36:55.847+0000] {trigger_dagrun.py:257} INFO - Waiting for tiki_extract_dag on 2025-03-07 22:23:04.871134+00:00 to become allowed state ['success'] ...
[2025-03-07T22:37:05.860+0000] {trigger_dagrun.py:257} INFO - Waiting for tiki_extract_dag on 2025-03-07 22:23:04.871134+00:00 to become allowed state ['success'] ...
[2025-03-07T22:37:15.872+0000] {trigger_dagrun.py:257} INFO - Waiting for tiki_extract_dag on 2025-03-07 22:23:04.871134+00:00 to become allowed state ['success'] ...
[2025-03-07T22:37:25.879+0000] {trigger_dagrun.py:257} INFO - Waiting for tiki_extract_dag on 2025-03-07 22:23:04.871134+00:00 to become allowed state ['success'] ...
[2025-03-07T22:37:35.889+0000] {trigger_dagrun.py:257} INFO - Waiting for tiki_extract_dag on 2025-03-07 22:23:04.871134+00:00 to become allowed state ['success'] ...
[2025-03-07T22:37:45.898+0000] {trigger_dagrun.py:257} INFO - Waiting for tiki_extract_dag on 2025-03-07 22:23:04.871134+00:00 to become allowed state ['success'] ...
[2025-03-07T22:37:55.905+0000] {trigger_dagrun.py:257} INFO - Waiting for tiki_extract_dag on 2025-03-07 22:23:04.871134+00:00 to become allowed state ['success'] ...
[2025-03-07T22:38:05.914+0000] {trigger_dagrun.py:257} INFO - Waiting for tiki_extract_dag on 2025-03-07 22:23:04.871134+00:00 to become allowed state ['success'] ...
[2025-03-07T22:38:15.928+0000] {trigger_dagrun.py:257} INFO - Waiting for tiki_extract_dag on 2025-03-07 22:23:04.871134+00:00 to become allowed state ['success'] ...
[2025-03-07T22:38:25.944+0000] {trigger_dagrun.py:271} INFO - tiki_extract_dag finished with allowed state success
[2025-03-07T22:38:26.090+0000] {taskinstance.py:341} INFO - ::group::Post task execution logs
[2025-03-07T22:38:26.097+0000] {taskinstance.py:353} INFO - Marking task as SUCCESS. dag_id=tiki_etl_orchestration, task_id=trigger_extract, run_id=manual__2025-03-07T22:22:57.014732+00:00, execution_date=20250307T222257, start_date=20250307T222304, end_date=20250307T223826
[2025-03-07T22:38:26.257+0000] {logging_mixin.py:190} INFO - Task instance in success state
[2025-03-07T22:38:26.259+0000] {logging_mixin.py:190} INFO -  Previous state of the Task instance: running
[2025-03-07T22:38:26.264+0000] {logging_mixin.py:190} INFO - Dag name:tiki_etl_orchestration queued_at:2025-03-07 22:22:58.121695+00:00
[2025-03-07T22:38:26.266+0000] {logging_mixin.py:190} INFO - Task hostname:9a2d81a2e852 operator:TriggerDagRunOperator
[2025-03-07T22:38:26.405+0000] {local_task_job_runner.py:266} INFO - Task exited with return code 0
[2025-03-07T22:38:26.672+0000] {taskinstance.py:3901} INFO - 1 downstream tasks scheduled from follow-on schedule check
[2025-03-07T22:38:26.679+0000] {local_task_job_runner.py:245} INFO - ::endgroup::
