[2025-03-11T09:09:40.644+0000] {local_task_job_runner.py:123} INFO - ::group::Pre task execution logs
[2025-03-11T09:09:40.755+0000] {taskinstance.py:2614} INFO - Dependencies all met for dep_context=non-requeueable deps ti=<TaskInstance: tiki_extract_dag.crawl_thoi-trang-nu manual__2025-03-10T10:46:13.751493+00:00 [queued]>
[2025-03-11T09:09:40.823+0000] {taskinstance.py:2614} INFO - Dependencies all met for dep_context=requeueable deps ti=<TaskInstance: tiki_extract_dag.crawl_thoi-trang-nu manual__2025-03-10T10:46:13.751493+00:00 [queued]>
[2025-03-11T09:09:40.827+0000] {taskinstance.py:2867} INFO - Starting attempt 3 of 4
[2025-03-11T09:09:40.879+0000] {taskinstance.py:2890} INFO - Executing <Task(PythonOperator): crawl_thoi-trang-nu> on 2025-03-10 10:46:13.751493+00:00
[2025-03-11T09:09:40.901+0000] {warnings.py:112} WARNING - /home/***/.local/lib/python3.12/site-packages/***/task/task_runner/standard_task_runner.py:70: DeprecationWarning: This process (pid=276) is multi-threaded, use of fork() may lead to deadlocks in the child.
  pid = os.fork()

[2025-03-11T09:09:40.905+0000] {standard_task_runner.py:72} INFO - Started process 301 to run task
[2025-03-11T09:09:40.906+0000] {standard_task_runner.py:104} INFO - Running: ['***', 'tasks', 'run', 'tiki_extract_dag', 'crawl_thoi-trang-nu', 'manual__2025-03-10T10:46:13.751493+00:00', '--job-id', '544', '--raw', '--subdir', 'DAGS_FOLDER/tiki_extract_dag.py', '--cfg-path', '/tmp/tmpnm_3g_sp']
[2025-03-11T09:09:40.920+0000] {standard_task_runner.py:105} INFO - Job 544: Subtask crawl_thoi-trang-nu
[2025-03-11T09:09:41.225+0000] {task_command.py:467} INFO - Running <TaskInstance: tiki_extract_dag.crawl_thoi-trang-nu manual__2025-03-10T10:46:13.751493+00:00 [running]> on host 5c8190d7da62
[2025-03-11T09:09:42.388+0000] {taskinstance.py:3134} INFO - Exporting env vars: AIRFLOW_CTX_DAG_OWNER='***' AIRFLOW_CTX_DAG_ID='tiki_extract_dag' AIRFLOW_CTX_TASK_ID='crawl_thoi-trang-nu' AIRFLOW_CTX_EXECUTION_DATE='2025-03-10T10:46:13.751493+00:00' AIRFLOW_CTX_TRY_NUMBER='3' AIRFLOW_CTX_DAG_RUN_ID='manual__2025-03-10T10:46:13.751493+00:00'
[2025-03-11T09:09:42.396+0000] {logging_mixin.py:190} INFO - Task instance is in running state
[2025-03-11T09:09:42.400+0000] {logging_mixin.py:190} INFO -  Previous state of the Task instance: queued
[2025-03-11T09:09:42.402+0000] {logging_mixin.py:190} INFO - Current task name:crawl_thoi-trang-nu state:running start_date:2025-03-11 09:09:40.764742+00:00
[2025-03-11T09:09:42.403+0000] {logging_mixin.py:190} INFO - Dag name:tiki_extract_dag and current dag run status:running
[2025-03-11T09:09:42.404+0000] {taskinstance.py:732} INFO - ::endgroup::
[2025-03-11T09:10:18.816+0000] {tiki_extract_dag.py:139} INFO - Starting crawl for category thoi-trang-nu (ID: 931)
[2025-03-11T09:10:18.819+0000] {tiki_extract_dag.py:141} INFO - Calling API: https://tiki.vn/api/v2/products with params: {'page': 1, 'limit': 40, 'category': '931'}
[2025-03-11T09:10:18.867+0000] {job.py:229} INFO - Heartbeat recovered after 38.44 seconds
[2025-03-11T09:10:19.599+0000] {tiki_extract_dag.py:150} INFO - Total pages for thoi-trang-nu: 50 (limited to 50)
[2025-03-11T09:10:19.601+0000] {tiki_extract_dag.py:163} INFO - Calling API: https://tiki.vn/api/v2/products with params: {'page': 2, 'limit': 40, 'category': '931'}
[2025-03-11T09:10:20.130+0000] {tiki_extract_dag.py:183} INFO - Extracted page 2/50 for category thoi-trang-nu, total items: 0
[2025-03-11T09:10:37.256+0000] {tiki_extract_dag.py:163} INFO - Calling API: https://tiki.vn/api/v2/products with params: {'page': 3, 'limit': 40, 'category': '931'}
[2025-03-11T09:10:41.656+0000] {local_task_job_runner.py:266} INFO - Task exited with return code -9. For more information, see https://***.apache.org/docs/apache-***/stable/troubleshooting.html#LocalTaskJob-killed
[2025-03-11T09:10:42.008+0000] {taskinstance.py:3901} INFO - 0 downstream tasks scheduled from follow-on schedule check
[2025-03-11T09:10:42.014+0000] {local_task_job_runner.py:245} INFO - ::endgroup::
