[2025-03-11T14:08:12.813+0000] {local_task_job_runner.py:123} INFO - ::group::Pre task execution logs
[2025-03-11T14:08:12.887+0000] {taskinstance.py:2614} INFO - Dependencies all met for dep_context=non-requeueable deps ti=<TaskInstance: tiki_extract_dag.crawl_dien-gia-dung manual__2025-03-11T14:07:26.849945+00:00 [queued]>
[2025-03-11T14:08:12.929+0000] {taskinstance.py:2614} INFO - Dependencies all met for dep_context=requeueable deps ti=<TaskInstance: tiki_extract_dag.crawl_dien-gia-dung manual__2025-03-11T14:07:26.849945+00:00 [queued]>
[2025-03-11T14:08:12.932+0000] {taskinstance.py:2867} INFO - Starting attempt 1 of 4
[2025-03-11T14:08:13.099+0000] {taskinstance.py:2890} INFO - Executing <Task(PythonOperator): crawl_dien-gia-dung> on 2025-03-11 14:07:26.849945+00:00
[2025-03-11T14:08:13.140+0000] {warnings.py:112} WARNING - /home/***/.local/lib/python3.12/site-packages/***/task/task_runner/standard_task_runner.py:70: DeprecationWarning: This process (pid=2141) is multi-threaded, use of fork() may lead to deadlocks in the child.
  pid = os.fork()

[2025-03-11T14:08:13.149+0000] {standard_task_runner.py:104} INFO - Running: ['***', 'tasks', 'run', 'tiki_extract_dag', 'crawl_dien-gia-dung', 'manual__2025-03-11T14:07:26.849945+00:00', '--job-id', '601', '--raw', '--subdir', 'DAGS_FOLDER/tiki_extract_dag.py', '--cfg-path', '/tmp/tmppei_iakv']
[2025-03-11T14:08:13.154+0000] {standard_task_runner.py:72} INFO - Started process 2184 to run task
[2025-03-11T14:08:13.158+0000] {standard_task_runner.py:105} INFO - Job 601: Subtask crawl_dien-gia-dung
[2025-03-11T14:08:13.373+0000] {task_command.py:467} INFO - Running <TaskInstance: tiki_extract_dag.crawl_dien-gia-dung manual__2025-03-11T14:07:26.849945+00:00 [running]> on host 5c8190d7da62
[2025-03-11T14:08:21.840+0000] {job.py:229} INFO - Heartbeat recovered after 18.16 seconds
[2025-03-11T14:08:24.130+0000] {taskinstance.py:3134} INFO - Exporting env vars: AIRFLOW_CTX_DAG_OWNER='***' AIRFLOW_CTX_DAG_ID='tiki_extract_dag' AIRFLOW_CTX_TASK_ID='crawl_dien-gia-dung' AIRFLOW_CTX_EXECUTION_DATE='2025-03-11T14:07:26.849945+00:00' AIRFLOW_CTX_TRY_NUMBER='1' AIRFLOW_CTX_DAG_RUN_ID='manual__2025-03-11T14:07:26.849945+00:00'
[2025-03-11T14:08:24.133+0000] {logging_mixin.py:190} INFO - Task instance is in running state
[2025-03-11T14:08:24.134+0000] {logging_mixin.py:190} INFO -  Previous state of the Task instance: queued
[2025-03-11T14:08:24.136+0000] {logging_mixin.py:190} INFO - Current task name:crawl_dien-gia-dung state:running start_date:2025-03-11 14:08:12.890720+00:00
[2025-03-11T14:08:24.136+0000] {logging_mixin.py:190} INFO - Dag name:tiki_extract_dag and current dag run status:running
[2025-03-11T14:08:24.137+0000] {taskinstance.py:732} INFO - ::endgroup::
[2025-03-11T14:08:26.240+0000] {tiki_extract_dag.py:139} INFO - Starting crawl for category dien-gia-dung (ID: 1882)
[2025-03-11T14:08:26.242+0000] {tiki_extract_dag.py:141} INFO - Calling API: https://tiki.vn/api/v2/products with params: {'page': 1, 'limit': 40, 'category': '1882'}
[2025-03-11T14:08:28.154+0000] {tiki_extract_dag.py:150} INFO - Total pages for dien-gia-dung: 50 (limited to 50)
[2025-03-11T14:08:28.155+0000] {tiki_extract_dag.py:163} INFO - Calling API: https://tiki.vn/api/v2/products with params: {'page': 2, 'limit': 40, 'category': '1882'}
[2025-03-11T14:08:35.550+0000] {tiki_extract_dag.py:183} INFO - Extracted page 2/50 for category dien-gia-dung, total items: 4
[2025-03-11T14:08:55.380+0000] {tiki_extract_dag.py:163} INFO - Calling API: https://tiki.vn/api/v2/products with params: {'page': 3, 'limit': 40, 'category': '1882'}
[2025-03-11T14:08:55.712+0000] {tiki_extract_dag.py:186} ERROR - API error at page 3 in category dien-gia-dung on attempt 1/3: Expecting value: line 1 column 1 (char 0)
[2025-03-11T14:09:01.300+0000] {tiki_extract_dag.py:186} ERROR - API error at page 3 in category dien-gia-dung on attempt 2/3: Expecting value: line 1 column 1 (char 0)
[2025-03-11T14:09:30.574+0000] {tiki_extract_dag.py:120} ERROR - Error fetching details for product 133815741 on attempt 1/3: Expecting value: line 1 column 1 (char 0)
[2025-03-11T14:09:36.801+0000] {tiki_extract_dag.py:120} ERROR - Error fetching details for product 133815741 on attempt 2/3: Expecting value: line 1 column 1 (char 0)
[2025-03-11T14:09:46.185+0000] {tiki_extract_dag.py:120} ERROR - Error fetching details for product 133815741 on attempt 3/3: Expecting value: line 1 column 1 (char 0)
[2025-03-11T14:09:46.396+0000] {tiki_extract_dag.py:120} ERROR - Error fetching details for product 126310055 on attempt 1/3: Expecting value: line 1 column 1 (char 0)
[2025-03-11T14:09:56.451+0000] {tiki_extract_dag.py:120} ERROR - Error fetching details for product 126310055 on attempt 2/3: Expecting value: line 1 column 1 (char 0)
[2025-03-11T14:10:04.579+0000] {tiki_extract_dag.py:120} ERROR - Error fetching details for product 126310055 on attempt 3/3: Expecting value: line 1 column 1 (char 0)
[2025-03-11T14:10:04.850+0000] {tiki_extract_dag.py:120} ERROR - Error fetching details for product 125087214 on attempt 1/3: Expecting value: line 1 column 1 (char 0)
[2025-03-11T14:10:33.768+0000] {tiki_extract_dag.py:183} INFO - Extracted page 3/50 for category dien-gia-dung, total items: 40
[2025-03-11T14:10:49.320+0000] {tiki_extract_dag.py:163} INFO - Calling API: https://tiki.vn/api/v2/products with params: {'page': 4, 'limit': 40, 'category': '1882'}
[2025-03-11T14:10:49.548+0000] {tiki_extract_dag.py:186} ERROR - API error at page 4 in category dien-gia-dung on attempt 1/3: Expecting value: line 1 column 1 (char 0)
[2025-03-11T14:10:56.306+0000] {tiki_extract_dag.py:186} ERROR - API error at page 4 in category dien-gia-dung on attempt 2/3: Expecting value: line 1 column 1 (char 0)
[2025-03-11T14:11:05.048+0000] {tiki_extract_dag.py:186} ERROR - API error at page 4 in category dien-gia-dung on attempt 3/3: Expecting value: line 1 column 1 (char 0)
[2025-03-11T14:11:05.053+0000] {tiki_extract_dag.py:191} ERROR - Failed after 3 attempts for page 4 in category dien-gia-dung
[2025-03-11T14:11:05.114+0000] {python.py:240} INFO - Done. Returned value was: None
[2025-03-11T14:11:06.682+0000] {taskinstance.py:341} INFO - ::group::Post task execution logs
[2025-03-11T14:11:06.711+0000] {taskinstance.py:353} INFO - Marking task as SUCCESS. dag_id=tiki_extract_dag, task_id=crawl_dien-gia-dung, run_id=manual__2025-03-11T14:07:26.849945+00:00, execution_date=20250311T140726, start_date=20250311T140812, end_date=20250311T141106
[2025-03-11T14:11:07.376+0000] {logging_mixin.py:190} INFO - Task instance in success state
[2025-03-11T14:11:07.383+0000] {logging_mixin.py:190} INFO -  Previous state of the Task instance: running
[2025-03-11T14:11:07.385+0000] {logging_mixin.py:190} INFO - Dag name:tiki_extract_dag queued_at:2025-03-11 14:07:27.008557+00:00
[2025-03-11T14:11:07.386+0000] {logging_mixin.py:190} INFO - Task hostname:5c8190d7da62 operator:PythonOperator
[2025-03-11T14:11:07.650+0000] {local_task_job_runner.py:266} INFO - Task exited with return code 0
[2025-03-11T14:11:08.110+0000] {taskinstance.py:3901} INFO - 0 downstream tasks scheduled from follow-on schedule check
[2025-03-11T14:11:08.121+0000] {local_task_job_runner.py:245} INFO - ::endgroup::
