[2025-03-09T11:52:56.394+0000] {local_task_job_runner.py:123} INFO - ::group::Pre task execution logs
[2025-03-09T11:52:56.425+0000] {taskinstance.py:2614} INFO - Dependencies all met for dep_context=non-requeueable deps ti=<TaskInstance: tiki_extract_dag.extract_data manual__2025-03-09T11:52:51.757190+00:00 [queued]>
[2025-03-09T11:52:56.439+0000] {taskinstance.py:2614} INFO - Dependencies all met for dep_context=requeueable deps ti=<TaskInstance: tiki_extract_dag.extract_data manual__2025-03-09T11:52:51.757190+00:00 [queued]>
[2025-03-09T11:52:56.440+0000] {taskinstance.py:2867} INFO - Starting attempt 1 of 1
[2025-03-09T11:52:56.465+0000] {taskinstance.py:2890} INFO - Executing <Task(PythonOperator): extract_data> on 2025-03-09 11:52:51.757190+00:00
[2025-03-09T11:52:56.480+0000] {warnings.py:112} WARNING - /home/***/.local/lib/python3.12/site-packages/***/task/task_runner/standard_task_runner.py:70: DeprecationWarning: This process (pid=95) is multi-threaded, use of fork() may lead to deadlocks in the child.
  pid = os.fork()

[2025-03-09T11:52:56.484+0000] {standard_task_runner.py:72} INFO - Started process 97 to run task
[2025-03-09T11:52:56.483+0000] {standard_task_runner.py:104} INFO - Running: ['***', 'tasks', 'run', 'tiki_extract_dag', 'extract_data', 'manual__2025-03-09T11:52:51.757190+00:00', '--job-id', '152', '--raw', '--subdir', 'DAGS_FOLDER/tiki_extract_dag.py', '--cfg-path', '/tmp/tmpi29r_jl4']
[2025-03-09T11:52:56.485+0000] {standard_task_runner.py:105} INFO - Job 152: Subtask extract_data
[2025-03-09T11:52:56.571+0000] {task_command.py:467} INFO - Running <TaskInstance: tiki_extract_dag.extract_data manual__2025-03-09T11:52:51.757190+00:00 [running]> on host 117245270d1c
[2025-03-09T11:52:57.118+0000] {taskinstance.py:3134} INFO - Exporting env vars: AIRFLOW_CTX_DAG_OWNER='***' AIRFLOW_CTX_DAG_ID='tiki_extract_dag' AIRFLOW_CTX_TASK_ID='extract_data' AIRFLOW_CTX_EXECUTION_DATE='2025-03-09T11:52:51.757190+00:00' AIRFLOW_CTX_TRY_NUMBER='1' AIRFLOW_CTX_DAG_RUN_ID='manual__2025-03-09T11:52:51.757190+00:00'
[2025-03-09T11:52:57.120+0000] {logging_mixin.py:190} INFO - Task instance is in running state
[2025-03-09T11:52:57.121+0000] {logging_mixin.py:190} INFO -  Previous state of the Task instance: queued
[2025-03-09T11:52:57.122+0000] {logging_mixin.py:190} INFO - Current task name:extract_data state:running start_date:2025-03-09 11:52:56.426571+00:00
[2025-03-09T11:52:57.122+0000] {logging_mixin.py:190} INFO - Dag name:tiki_extract_dag and current dag run status:running
[2025-03-09T11:52:57.123+0000] {taskinstance.py:732} INFO - ::endgroup::
[2025-03-09T11:52:57.163+0000] {tiki_extract_dag.py:28} INFO - Loaded categories: ['lam-dep-suc-khoe', 'dien-thoai-may-tinh-bang', 'laptop-may-vi-tinh-linh-kien', 'dien-gia-dung', 'sach', 'thiet-bi-kts-phu-kien-so', 'thoi-trang-nu', 'thoi-trang-nam', 'dong-ho-va-trang-suc', 'dien-tu-dien-lanh']
[2025-03-09T11:52:57.164+0000] {tiki_extract_dag.py:29} INFO - Execution date: 2025-03-09 11:52:51.757190+00:00
[2025-03-09T11:52:57.967+0000] {crawl_data.py:106} INFO - Crawling category lam-dep-suc-khoe with 5 pages
[2025-03-09T11:52:58.593+0000] {crawl_data.py:131} INFO - Extracted page 1 - lam-dep-suc-khoe, 40 items, total extracted: 40
[2025-03-09T11:53:01.840+0000] {crawl_data.py:131} INFO - Extracted page 2 - lam-dep-suc-khoe, 40 items, total extracted: 80
[2025-03-09T11:53:05.368+0000] {crawl_data.py:131} INFO - Extracted page 3 - lam-dep-suc-khoe, 40 items, total extracted: 120
[2025-03-09T11:53:08.565+0000] {crawl_data.py:131} INFO - Extracted page 4 - lam-dep-suc-khoe, 40 items, total extracted: 160
[2025-03-09T11:53:13.301+0000] {crawl_data.py:131} INFO - Extracted page 5 - lam-dep-suc-khoe, 40 items, total extracted: 200
[2025-03-09T11:53:18.099+0000] {crawl_data.py:106} INFO - Crawling category dien-thoai-may-tinh-bang with 5 pages
[2025-03-09T11:53:19.257+0000] {crawl_data.py:131} INFO - Extracted page 1 - dien-thoai-may-tinh-bang, 40 items, total extracted: 240
[2025-03-09T11:53:24.395+0000] {crawl_data.py:131} INFO - Extracted page 2 - dien-thoai-may-tinh-bang, 40 items, total extracted: 280
[2025-03-09T11:53:28.877+0000] {crawl_data.py:131} INFO - Extracted page 3 - dien-thoai-may-tinh-bang, 40 items, total extracted: 320
[2025-03-09T11:53:33.237+0000] {crawl_data.py:131} INFO - Extracted page 4 - dien-thoai-may-tinh-bang, 40 items, total extracted: 360
[2025-03-09T11:53:37.961+0000] {crawl_data.py:131} INFO - Extracted page 5 - dien-thoai-may-tinh-bang, 40 items, total extracted: 400
[2025-03-09T11:53:41.080+0000] {crawl_data.py:106} INFO - Crawling category laptop-may-vi-tinh-linh-kien with 5 pages
[2025-03-09T11:53:41.537+0000] {crawl_data.py:131} INFO - Extracted page 1 - laptop-may-vi-tinh-linh-kien, 40 items, total extracted: 440
[2025-03-09T11:53:44.534+0000] {crawl_data.py:131} INFO - Extracted page 2 - laptop-may-vi-tinh-linh-kien, 40 items, total extracted: 480
[2025-03-09T11:53:47.428+0000] {crawl_data.py:131} INFO - Extracted page 3 - laptop-may-vi-tinh-linh-kien, 40 items, total extracted: 520
[2025-03-09T11:53:50.217+0000] {crawl_data.py:131} INFO - Extracted page 4 - laptop-may-vi-tinh-linh-kien, 40 items, total extracted: 560
[2025-03-09T11:53:53.888+0000] {crawl_data.py:131} INFO - Extracted page 5 - laptop-may-vi-tinh-linh-kien, 40 items, total extracted: 600
[2025-03-09T11:53:56.445+0000] {crawl_data.py:106} INFO - Crawling category dien-gia-dung with 5 pages
[2025-03-09T11:53:56.929+0000] {crawl_data.py:131} INFO - Extracted page 1 - dien-gia-dung, 40 items, total extracted: 640
[2025-03-09T11:54:00.779+0000] {crawl_data.py:131} INFO - Extracted page 2 - dien-gia-dung, 40 items, total extracted: 680
[2025-03-09T11:54:05.717+0000] {crawl_data.py:131} INFO - Extracted page 3 - dien-gia-dung, 40 items, total extracted: 720
[2025-03-09T11:54:11.093+0000] {crawl_data.py:131} INFO - Extracted page 4 - dien-gia-dung, 40 items, total extracted: 760
[2025-03-09T11:54:16.323+0000] {crawl_data.py:131} INFO - Extracted page 5 - dien-gia-dung, 40 items, total extracted: 800
[2025-03-09T11:54:19.296+0000] {crawl_data.py:106} INFO - Crawling category sach with 5 pages
[2025-03-09T11:54:19.740+0000] {crawl_data.py:131} INFO - Extracted page 1 - sach, 40 items, total extracted: 840
[2025-03-09T11:54:24.021+0000] {crawl_data.py:131} INFO - Extracted page 2 - sach, 40 items, total extracted: 880
[2025-03-09T11:54:29.010+0000] {crawl_data.py:131} INFO - Extracted page 3 - sach, 40 items, total extracted: 920
[2025-03-09T11:54:31.672+0000] {crawl_data.py:131} INFO - Extracted page 4 - sach, 40 items, total extracted: 960
[2025-03-09T11:54:35.958+0000] {crawl_data.py:131} INFO - Extracted page 5 - sach, 40 items, total extracted: 1000
[2025-03-09T11:54:39.629+0000] {crawl_data.py:106} INFO - Crawling category thiet-bi-kts-phu-kien-so with 5 pages
[2025-03-09T11:54:40.173+0000] {crawl_data.py:131} INFO - Extracted page 1 - thiet-bi-kts-phu-kien-so, 40 items, total extracted: 1040
[2025-03-09T11:54:44.111+0000] {crawl_data.py:131} INFO - Extracted page 2 - thiet-bi-kts-phu-kien-so, 40 items, total extracted: 1080
[2025-03-09T11:54:47.904+0000] {crawl_data.py:131} INFO - Extracted page 3 - thiet-bi-kts-phu-kien-so, 40 items, total extracted: 1120
[2025-03-09T11:54:51.861+0000] {crawl_data.py:131} INFO - Extracted page 4 - thiet-bi-kts-phu-kien-so, 40 items, total extracted: 1160
[2025-03-09T11:54:54.332+0000] {crawl_data.py:131} INFO - Extracted page 5 - thiet-bi-kts-phu-kien-so, 40 items, total extracted: 1200
[2025-03-09T11:54:58.068+0000] {crawl_data.py:106} INFO - Crawling category thoi-trang-nu with 5 pages
[2025-03-09T11:54:58.634+0000] {crawl_data.py:131} INFO - Extracted page 1 - thoi-trang-nu, 40 items, total extracted: 1240
[2025-03-09T11:55:02.299+0000] {crawl_data.py:131} INFO - Extracted page 2 - thoi-trang-nu, 40 items, total extracted: 1280
[2025-03-09T11:55:07.616+0000] {crawl_data.py:131} INFO - Extracted page 3 - thoi-trang-nu, 40 items, total extracted: 1320
[2025-03-09T11:55:12.155+0000] {crawl_data.py:131} INFO - Extracted page 4 - thoi-trang-nu, 40 items, total extracted: 1360
[2025-03-09T11:55:15.842+0000] {crawl_data.py:131} INFO - Extracted page 5 - thoi-trang-nu, 40 items, total extracted: 1400
[2025-03-09T11:55:18.866+0000] {crawl_data.py:106} INFO - Crawling category thoi-trang-nam with 5 pages
[2025-03-09T11:55:19.367+0000] {crawl_data.py:131} INFO - Extracted page 1 - thoi-trang-nam, 40 items, total extracted: 1440
[2025-03-09T11:55:22.266+0000] {crawl_data.py:131} INFO - Extracted page 2 - thoi-trang-nam, 40 items, total extracted: 1480
[2025-03-09T11:55:25.127+0000] {crawl_data.py:131} INFO - Extracted page 3 - thoi-trang-nam, 40 items, total extracted: 1520
[2025-03-09T11:55:28.221+0000] {crawl_data.py:131} INFO - Extracted page 4 - thoi-trang-nam, 40 items, total extracted: 1560
[2025-03-09T11:55:32.472+0000] {crawl_data.py:131} INFO - Extracted page 5 - thoi-trang-nam, 40 items, total extracted: 1600
[2025-03-09T11:55:36.986+0000] {crawl_data.py:106} INFO - Crawling category dong-ho-va-trang-suc with 5 pages
[2025-03-09T11:55:37.560+0000] {crawl_data.py:131} INFO - Extracted page 1 - dong-ho-va-trang-suc, 40 items, total extracted: 1640
[2025-03-09T11:55:41.539+0000] {crawl_data.py:131} INFO - Extracted page 2 - dong-ho-va-trang-suc, 40 items, total extracted: 1680
[2025-03-09T11:55:45.575+0000] {crawl_data.py:131} INFO - Extracted page 3 - dong-ho-va-trang-suc, 40 items, total extracted: 1720
[2025-03-09T11:55:48.581+0000] {crawl_data.py:131} INFO - Extracted page 4 - dong-ho-va-trang-suc, 40 items, total extracted: 1760
[2025-03-09T11:55:52.276+0000] {crawl_data.py:131} INFO - Extracted page 5 - dong-ho-va-trang-suc, 40 items, total extracted: 1800
[2025-03-09T11:55:55.028+0000] {crawl_data.py:106} INFO - Crawling category dien-tu-dien-lanh with 5 pages
[2025-03-09T11:55:55.334+0000] {crawl_data.py:131} INFO - Extracted page 1 - dien-tu-dien-lanh, 40 items, total extracted: 1840
[2025-03-09T11:56:00.089+0000] {crawl_data.py:131} INFO - Extracted page 2 - dien-tu-dien-lanh, 40 items, total extracted: 1880
[2025-03-09T11:56:04.283+0000] {crawl_data.py:131} INFO - Extracted page 3 - dien-tu-dien-lanh, 40 items, total extracted: 1920
[2025-03-09T11:56:07.570+0000] {crawl_data.py:131} INFO - Extracted page 4 - dien-tu-dien-lanh, 40 items, total extracted: 1960
[2025-03-09T11:56:12.891+0000] {crawl_data.py:131} INFO - Extracted page 5 - dien-tu-dien-lanh, 40 items, total extracted: 2000
[2025-03-09T11:56:30.784+0000] {crawl_data.py:49} INFO - Updated crawled products at tiki-data/tiki_crawled/crawled_products.json
[2025-03-09T11:56:30.785+0000] {crawl_data.py:147} INFO - Uploaded raw data to tiki-data/tiki_raw_data/raw_20250309_115615.json, total items: 2000
[2025-03-09T11:56:30.812+0000] {tiki_extract_dag.py:35} INFO - Extracted data and saved to tiki_raw_data/raw_20250309_115615.json
[2025-03-09T11:56:30.813+0000] {python.py:240} INFO - Done. Returned value was: tiki_raw_data/raw_20250309_115615.json
[2025-03-09T11:56:30.845+0000] {taskinstance.py:341} INFO - ::group::Post task execution logs
[2025-03-09T11:56:30.846+0000] {taskinstance.py:353} INFO - Marking task as SUCCESS. dag_id=tiki_extract_dag, task_id=extract_data, run_id=manual__2025-03-09T11:52:51.757190+00:00, execution_date=20250309T115251, start_date=20250309T115256, end_date=20250309T115630
[2025-03-09T11:56:30.889+0000] {logging_mixin.py:190} INFO - Task instance in success state
[2025-03-09T11:56:30.890+0000] {logging_mixin.py:190} INFO -  Previous state of the Task instance: running
[2025-03-09T11:56:30.891+0000] {logging_mixin.py:190} INFO - Dag name:tiki_extract_dag queued_at:2025-03-09 11:52:51.853417+00:00
[2025-03-09T11:56:30.891+0000] {logging_mixin.py:190} INFO - Task hostname:117245270d1c operator:PythonOperator
[2025-03-09T11:56:30.964+0000] {local_task_job_runner.py:266} INFO - Task exited with return code 0
[2025-03-09T11:56:30.992+0000] {taskinstance.py:3901} INFO - 0 downstream tasks scheduled from follow-on schedule check
[2025-03-09T11:56:30.995+0000] {local_task_job_runner.py:245} INFO - ::endgroup::
