[2025-03-09T18:13:29.054+0000] {local_task_job_runner.py:123} INFO - ::group::Pre task execution logs
[2025-03-09T18:13:29.086+0000] {taskinstance.py:2614} INFO - Dependencies all met for dep_context=non-requeueable deps ti=<TaskInstance: tiki_etl_orchestration.trigger_extract manual__2025-03-09T18:13:24.968105+00:00 [queued]>
[2025-03-09T18:13:29.100+0000] {taskinstance.py:2614} INFO - Dependencies all met for dep_context=requeueable deps ti=<TaskInstance: tiki_etl_orchestration.trigger_extract manual__2025-03-09T18:13:24.968105+00:00 [queued]>
[2025-03-09T18:13:29.101+0000] {taskinstance.py:2867} INFO - Starting attempt 1 of 1
[2025-03-09T18:13:29.318+0000] {taskinstance.py:2890} INFO - Executing <Task(TriggerDagRunOperator): trigger_extract> on 2025-03-09 18:13:24.968105+00:00
[2025-03-09T18:13:29.330+0000] {warnings.py:112} WARNING - /home/***/.local/lib/python3.12/site-packages/***/task/task_runner/standard_task_runner.py:70: DeprecationWarning: This process (pid=85) is multi-threaded, use of fork() may lead to deadlocks in the child.
  pid = os.fork()

[2025-03-09T18:13:29.333+0000] {standard_task_runner.py:72} INFO - Started process 87 to run task
[2025-03-09T18:13:29.334+0000] {standard_task_runner.py:104} INFO - Running: ['***', 'tasks', 'run', 'tiki_etl_orchestration', 'trigger_extract', 'manual__2025-03-09T18:13:24.968105+00:00', '--job-id', '256', '--raw', '--subdir', 'DAGS_FOLDER/tiki_etl_orchestration.py', '--cfg-path', '/tmp/tmppc95kvmr']
[2025-03-09T18:13:29.336+0000] {standard_task_runner.py:105} INFO - Job 256: Subtask trigger_extract
[2025-03-09T18:13:29.425+0000] {task_command.py:467} INFO - Running <TaskInstance: tiki_etl_orchestration.trigger_extract manual__2025-03-09T18:13:24.968105+00:00 [running]> on host 72a6d77a3cc5
[2025-03-09T18:13:29.578+0000] {taskinstance.py:3134} INFO - Exporting env vars: AIRFLOW_CTX_DAG_OWNER='***' AIRFLOW_CTX_DAG_ID='tiki_etl_orchestration' AIRFLOW_CTX_TASK_ID='trigger_extract' AIRFLOW_CTX_EXECUTION_DATE='2025-03-09T18:13:24.968105+00:00' AIRFLOW_CTX_TRY_NUMBER='1' AIRFLOW_CTX_DAG_RUN_ID='manual__2025-03-09T18:13:24.968105+00:00'
[2025-03-09T18:13:29.580+0000] {logging_mixin.py:190} INFO - Task instance is in running state
[2025-03-09T18:13:29.581+0000] {logging_mixin.py:190} INFO -  Previous state of the Task instance: queued
[2025-03-09T18:13:29.582+0000] {logging_mixin.py:190} INFO - Current task name:trigger_extract state:running start_date:2025-03-09 18:13:29.087745+00:00
[2025-03-09T18:13:29.583+0000] {logging_mixin.py:190} INFO - Dag name:tiki_etl_orchestration and current dag run status:running
[2025-03-09T18:13:29.583+0000] {taskinstance.py:732} INFO - ::endgroup::
[2025-03-09T18:13:29.717+0000] {trigger_dagrun.py:257} INFO - Waiting for tiki_extract_dag on 2025-03-09 18:13:29.584653+00:00 to become allowed state ['success'] ...
[2025-03-09T18:13:39.734+0000] {trigger_dagrun.py:271} INFO - tiki_extract_dag finished with allowed state success
[2025-03-09T18:13:39.753+0000] {taskinstance.py:341} INFO - ::group::Post task execution logs
[2025-03-09T18:13:39.754+0000] {taskinstance.py:353} INFO - Marking task as SUCCESS. dag_id=tiki_etl_orchestration, task_id=trigger_extract, run_id=manual__2025-03-09T18:13:24.968105+00:00, execution_date=20250309T181324, start_date=20250309T181329, end_date=20250309T181339
[2025-03-09T18:13:39.796+0000] {logging_mixin.py:190} INFO - Task instance in success state
[2025-03-09T18:13:39.797+0000] {logging_mixin.py:190} INFO -  Previous state of the Task instance: running
[2025-03-09T18:13:39.798+0000] {logging_mixin.py:190} INFO - Dag name:tiki_etl_orchestration queued_at:2025-03-09 18:13:25.031946+00:00
[2025-03-09T18:13:39.799+0000] {logging_mixin.py:190} INFO - Task hostname:72a6d77a3cc5 operator:TriggerDagRunOperator
[2025-03-09T18:13:39.831+0000] {local_task_job_runner.py:266} INFO - Task exited with return code 0
[2025-03-09T18:13:39.899+0000] {taskinstance.py:3901} INFO - 1 downstream tasks scheduled from follow-on schedule check
[2025-03-09T18:13:39.903+0000] {local_task_job_runner.py:245} INFO - ::endgroup::
