[2025-03-07T22:23:07.847+0000] {local_task_job_runner.py:123} INFO - ::group::Pre task execution logs
[2025-03-07T22:23:07.872+0000] {taskinstance.py:2614} INFO - Dependencies all met for dep_context=non-requeueable deps ti=<TaskInstance: tiki_extract_dag.extract_data manual__2025-03-07T22:23:04.871134+00:00 [queued]>
[2025-03-07T22:23:07.883+0000] {taskinstance.py:2614} INFO - Dependencies all met for dep_context=requeueable deps ti=<TaskInstance: tiki_extract_dag.extract_data manual__2025-03-07T22:23:04.871134+00:00 [queued]>
[2025-03-07T22:23:07.884+0000] {taskinstance.py:2867} INFO - Starting attempt 1 of 1
[2025-03-07T22:23:07.902+0000] {taskinstance.py:2890} INFO - Executing <Task(PythonOperator): extract_data> on 2025-03-07 22:23:04.871134+00:00
[2025-03-07T22:23:07.913+0000] {warnings.py:112} WARNING - /home/***/.local/lib/python3.12/site-packages/***/task/task_runner/standard_task_runner.py:70: DeprecationWarning: This process (pid=83) is multi-threaded, use of fork() may lead to deadlocks in the child.
  pid = os.fork()

[2025-03-07T22:23:07.915+0000] {standard_task_runner.py:72} INFO - Started process 85 to run task
[2025-03-07T22:23:07.914+0000] {standard_task_runner.py:104} INFO - Running: ['***', 'tasks', 'run', 'tiki_extract_dag', 'extract_data', 'manual__2025-03-07T22:23:04.871134+00:00', '--job-id', '35', '--raw', '--subdir', 'DAGS_FOLDER/tiki_extract_dag.py', '--cfg-path', '/tmp/tmp4tg0lixi']
[2025-03-07T22:23:07.916+0000] {standard_task_runner.py:105} INFO - Job 35: Subtask extract_data
[2025-03-07T22:23:07.981+0000] {task_command.py:467} INFO - Running <TaskInstance: tiki_extract_dag.extract_data manual__2025-03-07T22:23:04.871134+00:00 [running]> on host 9a2d81a2e852
[2025-03-07T22:23:08.100+0000] {taskinstance.py:3134} INFO - Exporting env vars: AIRFLOW_CTX_DAG_OWNER='***' AIRFLOW_CTX_DAG_ID='tiki_extract_dag' AIRFLOW_CTX_TASK_ID='extract_data' AIRFLOW_CTX_EXECUTION_DATE='2025-03-07T22:23:04.871134+00:00' AIRFLOW_CTX_TRY_NUMBER='1' AIRFLOW_CTX_DAG_RUN_ID='manual__2025-03-07T22:23:04.871134+00:00'
[2025-03-07T22:23:08.103+0000] {logging_mixin.py:190} INFO - Task instance is in running state
[2025-03-07T22:23:08.103+0000] {logging_mixin.py:190} INFO -  Previous state of the Task instance: queued
[2025-03-07T22:23:08.104+0000] {logging_mixin.py:190} INFO - Current task name:extract_data state:running start_date:2025-03-07 22:23:07.874032+00:00
[2025-03-07T22:23:08.105+0000] {logging_mixin.py:190} INFO - Dag name:tiki_extract_dag and current dag run status:running
[2025-03-07T22:23:08.105+0000] {taskinstance.py:732} INFO - ::endgroup::
[2025-03-07T22:23:09.809+0000] {crawl_data.py:111} INFO - Extracted page 1 - lam-dep-suc-khoe
[2025-03-07T22:23:11.986+0000] {crawl_data.py:111} INFO - Extracted page 2 - lam-dep-suc-khoe
[2025-03-07T22:23:14.339+0000] {crawl_data.py:111} INFO - Extracted page 3 - lam-dep-suc-khoe
[2025-03-07T22:23:17.497+0000] {crawl_data.py:111} INFO - Extracted page 4 - lam-dep-suc-khoe
[2025-03-07T22:23:19.997+0000] {crawl_data.py:111} INFO - Extracted page 5 - lam-dep-suc-khoe
[2025-03-07T22:23:23.149+0000] {crawl_data.py:111} INFO - Extracted page 6 - lam-dep-suc-khoe
[2025-03-07T22:23:25.577+0000] {crawl_data.py:111} INFO - Extracted page 7 - lam-dep-suc-khoe
[2025-03-07T22:23:27.317+0000] {crawl_data.py:111} INFO - Extracted page 8 - lam-dep-suc-khoe
[2025-03-07T22:23:30.309+0000] {crawl_data.py:111} INFO - Extracted page 9 - lam-dep-suc-khoe
[2025-03-07T22:23:32.032+0000] {crawl_data.py:111} INFO - Extracted page 10 - lam-dep-suc-khoe
[2025-03-07T22:23:34.391+0000] {crawl_data.py:111} INFO - Extracted page 11 - lam-dep-suc-khoe
[2025-03-07T22:23:35.824+0000] {crawl_data.py:111} INFO - Extracted page 12 - lam-dep-suc-khoe
[2025-03-07T22:23:38.687+0000] {crawl_data.py:111} INFO - Extracted page 13 - lam-dep-suc-khoe
[2025-03-07T22:23:41.151+0000] {crawl_data.py:111} INFO - Extracted page 14 - lam-dep-suc-khoe
[2025-03-07T22:23:43.996+0000] {crawl_data.py:111} INFO - Extracted page 15 - lam-dep-suc-khoe
[2025-03-07T22:23:45.992+0000] {crawl_data.py:111} INFO - Extracted page 16 - lam-dep-suc-khoe
[2025-03-07T22:23:47.240+0000] {crawl_data.py:111} INFO - Extracted page 17 - lam-dep-suc-khoe
[2025-03-07T22:23:50.187+0000] {crawl_data.py:111} INFO - Extracted page 18 - lam-dep-suc-khoe
[2025-03-07T22:23:51.696+0000] {crawl_data.py:111} INFO - Extracted page 19 - lam-dep-suc-khoe
[2025-03-07T22:23:53.541+0000] {crawl_data.py:111} INFO - Extracted page 20 - lam-dep-suc-khoe
[2025-03-07T22:23:56.346+0000] {crawl_data.py:111} INFO - Extracted page 21 - lam-dep-suc-khoe
[2025-03-07T22:23:58.561+0000] {crawl_data.py:111} INFO - Extracted page 22 - lam-dep-suc-khoe
[2025-03-07T22:24:00.412+0000] {crawl_data.py:111} INFO - Extracted page 23 - lam-dep-suc-khoe
[2025-03-07T22:24:01.795+0000] {crawl_data.py:111} INFO - Extracted page 24 - lam-dep-suc-khoe
[2025-03-07T22:24:03.390+0000] {crawl_data.py:111} INFO - Extracted page 25 - lam-dep-suc-khoe
[2025-03-07T22:24:05.689+0000] {crawl_data.py:111} INFO - Extracted page 26 - lam-dep-suc-khoe
[2025-03-07T22:24:08.898+0000] {crawl_data.py:111} INFO - Extracted page 27 - lam-dep-suc-khoe
[2025-03-07T22:24:10.848+0000] {crawl_data.py:111} INFO - Extracted page 28 - lam-dep-suc-khoe
[2025-03-07T22:24:12.453+0000] {crawl_data.py:111} INFO - Extracted page 29 - lam-dep-suc-khoe
[2025-03-07T22:24:13.918+0000] {crawl_data.py:111} INFO - Extracted page 30 - lam-dep-suc-khoe
[2025-03-07T22:24:16.294+0000] {crawl_data.py:111} INFO - Extracted page 31 - lam-dep-suc-khoe
[2025-03-07T22:24:17.906+0000] {crawl_data.py:111} INFO - Extracted page 32 - lam-dep-suc-khoe
[2025-03-07T22:24:20.306+0000] {crawl_data.py:111} INFO - Extracted page 33 - lam-dep-suc-khoe
[2025-03-07T22:24:23.134+0000] {crawl_data.py:111} INFO - Extracted page 34 - lam-dep-suc-khoe
[2025-03-07T22:24:25.537+0000] {crawl_data.py:111} INFO - Extracted page 35 - lam-dep-suc-khoe
[2025-03-07T22:24:27.212+0000] {crawl_data.py:111} INFO - Extracted page 36 - lam-dep-suc-khoe
[2025-03-07T22:24:29.208+0000] {crawl_data.py:111} INFO - Extracted page 37 - lam-dep-suc-khoe
[2025-03-07T22:24:31.018+0000] {crawl_data.py:111} INFO - Extracted page 38 - lam-dep-suc-khoe
[2025-03-07T22:24:32.624+0000] {crawl_data.py:111} INFO - Extracted page 39 - lam-dep-suc-khoe
[2025-03-07T22:24:35.875+0000] {crawl_data.py:111} INFO - Extracted page 40 - lam-dep-suc-khoe
[2025-03-07T22:24:37.237+0000] {crawl_data.py:111} INFO - Extracted page 1 - dien-thoai-may-tinh-bang
[2025-03-07T22:24:40.463+0000] {crawl_data.py:111} INFO - Extracted page 2 - dien-thoai-may-tinh-bang
[2025-03-07T22:24:43.197+0000] {crawl_data.py:111} INFO - Extracted page 3 - dien-thoai-may-tinh-bang
[2025-03-07T22:24:44.843+0000] {crawl_data.py:111} INFO - Extracted page 4 - dien-thoai-may-tinh-bang
[2025-03-07T22:24:47.941+0000] {crawl_data.py:111} INFO - Extracted page 5 - dien-thoai-may-tinh-bang
[2025-03-07T22:24:51.132+0000] {crawl_data.py:111} INFO - Extracted page 6 - dien-thoai-may-tinh-bang
[2025-03-07T22:24:53.751+0000] {crawl_data.py:111} INFO - Extracted page 7 - dien-thoai-may-tinh-bang
[2025-03-07T22:24:55.876+0000] {crawl_data.py:111} INFO - Extracted page 8 - dien-thoai-may-tinh-bang
[2025-03-07T22:24:57.212+0000] {crawl_data.py:111} INFO - Extracted page 9 - dien-thoai-may-tinh-bang
[2025-03-07T22:25:00.191+0000] {crawl_data.py:111} INFO - Extracted page 10 - dien-thoai-may-tinh-bang
[2025-03-07T22:25:01.850+0000] {crawl_data.py:111} INFO - Extracted page 11 - dien-thoai-may-tinh-bang
[2025-03-07T22:25:04.515+0000] {crawl_data.py:111} INFO - Extracted page 12 - dien-thoai-may-tinh-bang
[2025-03-07T22:25:06.241+0000] {crawl_data.py:111} INFO - Extracted page 13 - dien-thoai-may-tinh-bang
[2025-03-07T22:25:07.884+0000] {crawl_data.py:111} INFO - Extracted page 14 - dien-thoai-may-tinh-bang
[2025-03-07T22:25:09.425+0000] {crawl_data.py:111} INFO - Extracted page 15 - dien-thoai-may-tinh-bang
[2025-03-07T22:25:10.693+0000] {crawl_data.py:111} INFO - Extracted page 16 - dien-thoai-may-tinh-bang
[2025-03-07T22:25:13.087+0000] {crawl_data.py:111} INFO - Extracted page 17 - dien-thoai-may-tinh-bang
[2025-03-07T22:25:14.848+0000] {crawl_data.py:111} INFO - Extracted page 18 - dien-thoai-may-tinh-bang
[2025-03-07T22:25:17.940+0000] {crawl_data.py:111} INFO - Extracted page 19 - dien-thoai-may-tinh-bang
[2025-03-07T22:25:20.067+0000] {crawl_data.py:111} INFO - Extracted page 20 - dien-thoai-may-tinh-bang
[2025-03-07T22:25:22.422+0000] {crawl_data.py:111} INFO - Extracted page 21 - dien-thoai-may-tinh-bang
[2025-03-07T22:25:24.731+0000] {crawl_data.py:111} INFO - Extracted page 22 - dien-thoai-may-tinh-bang
[2025-03-07T22:25:26.124+0000] {crawl_data.py:111} INFO - Extracted page 23 - dien-thoai-may-tinh-bang
[2025-03-07T22:25:29.348+0000] {crawl_data.py:111} INFO - Extracted page 24 - dien-thoai-may-tinh-bang
[2025-03-07T22:25:32.362+0000] {crawl_data.py:111} INFO - Extracted page 25 - dien-thoai-may-tinh-bang
[2025-03-07T22:25:34.809+0000] {crawl_data.py:111} INFO - Extracted page 26 - dien-thoai-may-tinh-bang
[2025-03-07T22:25:36.764+0000] {crawl_data.py:111} INFO - Extracted page 27 - dien-thoai-may-tinh-bang
[2025-03-07T22:25:38.923+0000] {crawl_data.py:111} INFO - Extracted page 28 - dien-thoai-may-tinh-bang
[2025-03-07T22:25:41.490+0000] {crawl_data.py:111} INFO - Extracted page 29 - dien-thoai-may-tinh-bang
[2025-03-07T22:25:43.665+0000] {crawl_data.py:111} INFO - Extracted page 30 - dien-thoai-may-tinh-bang
[2025-03-07T22:25:46.519+0000] {crawl_data.py:111} INFO - Extracted page 31 - dien-thoai-may-tinh-bang
[2025-03-07T22:25:49.632+0000] {crawl_data.py:111} INFO - Extracted page 32 - dien-thoai-may-tinh-bang
[2025-03-07T22:25:52.375+0000] {crawl_data.py:111} INFO - Extracted page 33 - dien-thoai-may-tinh-bang
[2025-03-07T22:25:55.285+0000] {crawl_data.py:111} INFO - Extracted page 34 - dien-thoai-may-tinh-bang
[2025-03-07T22:25:57.469+0000] {crawl_data.py:111} INFO - Extracted page 35 - dien-thoai-may-tinh-bang
[2025-03-07T22:26:00.321+0000] {crawl_data.py:111} INFO - Extracted page 36 - dien-thoai-may-tinh-bang
[2025-03-07T22:26:03.155+0000] {crawl_data.py:111} INFO - Extracted page 37 - dien-thoai-may-tinh-bang
[2025-03-07T22:26:05.073+0000] {crawl_data.py:111} INFO - Extracted page 38 - dien-thoai-may-tinh-bang
[2025-03-07T22:26:07.765+0000] {crawl_data.py:111} INFO - Extracted page 39 - dien-thoai-may-tinh-bang
[2025-03-07T22:26:09.228+0000] {crawl_data.py:111} INFO - Extracted page 40 - dien-thoai-may-tinh-bang
[2025-03-07T22:26:12.451+0000] {crawl_data.py:111} INFO - Extracted page 1 - laptop-may-vi-tinh-linh-kien
[2025-03-07T22:26:15.138+0000] {crawl_data.py:111} INFO - Extracted page 2 - laptop-may-vi-tinh-linh-kien
[2025-03-07T22:26:18.233+0000] {crawl_data.py:111} INFO - Extracted page 3 - laptop-may-vi-tinh-linh-kien
[2025-03-07T22:26:19.771+0000] {crawl_data.py:111} INFO - Extracted page 4 - laptop-may-vi-tinh-linh-kien
[2025-03-07T22:26:21.430+0000] {crawl_data.py:111} INFO - Extracted page 5 - laptop-may-vi-tinh-linh-kien
[2025-03-07T22:26:23.063+0000] {crawl_data.py:111} INFO - Extracted page 6 - laptop-may-vi-tinh-linh-kien
[2025-03-07T22:26:25.485+0000] {crawl_data.py:111} INFO - Extracted page 7 - laptop-may-vi-tinh-linh-kien
[2025-03-07T22:26:28.157+0000] {crawl_data.py:111} INFO - Extracted page 8 - laptop-may-vi-tinh-linh-kien
[2025-03-07T22:26:30.204+0000] {crawl_data.py:111} INFO - Extracted page 9 - laptop-may-vi-tinh-linh-kien
[2025-03-07T22:26:33.104+0000] {crawl_data.py:111} INFO - Extracted page 10 - laptop-may-vi-tinh-linh-kien
[2025-03-07T22:26:34.422+0000] {crawl_data.py:111} INFO - Extracted page 11 - laptop-may-vi-tinh-linh-kien
[2025-03-07T22:26:37.555+0000] {crawl_data.py:111} INFO - Extracted page 12 - laptop-may-vi-tinh-linh-kien
[2025-03-07T22:26:40.439+0000] {crawl_data.py:111} INFO - Extracted page 13 - laptop-may-vi-tinh-linh-kien
[2025-03-07T22:26:43.125+0000] {crawl_data.py:111} INFO - Extracted page 14 - laptop-may-vi-tinh-linh-kien
[2025-03-07T22:26:46.351+0000] {crawl_data.py:111} INFO - Extracted page 15 - laptop-may-vi-tinh-linh-kien
[2025-03-07T22:26:48.738+0000] {crawl_data.py:111} INFO - Extracted page 16 - laptop-may-vi-tinh-linh-kien
[2025-03-07T22:26:51.490+0000] {crawl_data.py:111} INFO - Extracted page 17 - laptop-may-vi-tinh-linh-kien
[2025-03-07T22:26:54.043+0000] {crawl_data.py:111} INFO - Extracted page 18 - laptop-may-vi-tinh-linh-kien
[2025-03-07T22:26:56.722+0000] {crawl_data.py:111} INFO - Extracted page 19 - laptop-may-vi-tinh-linh-kien
[2025-03-07T22:26:58.551+0000] {crawl_data.py:111} INFO - Extracted page 20 - laptop-may-vi-tinh-linh-kien
[2025-03-07T22:27:00.731+0000] {crawl_data.py:111} INFO - Extracted page 21 - laptop-may-vi-tinh-linh-kien
[2025-03-07T22:27:02.079+0000] {crawl_data.py:111} INFO - Extracted page 22 - laptop-may-vi-tinh-linh-kien
[2025-03-07T22:27:04.290+0000] {crawl_data.py:111} INFO - Extracted page 23 - laptop-may-vi-tinh-linh-kien
[2025-03-07T22:27:06.015+0000] {crawl_data.py:111} INFO - Extracted page 24 - laptop-may-vi-tinh-linh-kien
[2025-03-07T22:27:07.856+0000] {crawl_data.py:111} INFO - Extracted page 25 - laptop-may-vi-tinh-linh-kien
[2025-03-07T22:27:10.308+0000] {crawl_data.py:111} INFO - Extracted page 26 - laptop-may-vi-tinh-linh-kien
[2025-03-07T22:27:11.773+0000] {crawl_data.py:111} INFO - Extracted page 27 - laptop-may-vi-tinh-linh-kien
[2025-03-07T22:27:14.868+0000] {crawl_data.py:111} INFO - Extracted page 28 - laptop-may-vi-tinh-linh-kien
[2025-03-07T22:27:16.332+0000] {crawl_data.py:111} INFO - Extracted page 29 - laptop-may-vi-tinh-linh-kien
[2025-03-07T22:27:19.088+0000] {crawl_data.py:111} INFO - Extracted page 30 - laptop-may-vi-tinh-linh-kien
[2025-03-07T22:27:21.455+0000] {crawl_data.py:111} INFO - Extracted page 31 - laptop-may-vi-tinh-linh-kien
[2025-03-07T22:27:22.962+0000] {crawl_data.py:111} INFO - Extracted page 32 - laptop-may-vi-tinh-linh-kien
[2025-03-07T22:27:26.194+0000] {crawl_data.py:111} INFO - Extracted page 33 - laptop-may-vi-tinh-linh-kien
[2025-03-07T22:27:27.955+0000] {crawl_data.py:111} INFO - Extracted page 34 - laptop-may-vi-tinh-linh-kien
[2025-03-07T22:27:29.972+0000] {crawl_data.py:111} INFO - Extracted page 35 - laptop-may-vi-tinh-linh-kien
[2025-03-07T22:27:32.054+0000] {crawl_data.py:111} INFO - Extracted page 36 - laptop-may-vi-tinh-linh-kien
[2025-03-07T22:27:33.450+0000] {crawl_data.py:111} INFO - Extracted page 37 - laptop-may-vi-tinh-linh-kien
[2025-03-07T22:27:35.905+0000] {crawl_data.py:111} INFO - Extracted page 38 - laptop-may-vi-tinh-linh-kien
[2025-03-07T22:27:37.817+0000] {crawl_data.py:111} INFO - Extracted page 39 - laptop-may-vi-tinh-linh-kien
[2025-03-07T22:27:40.559+0000] {crawl_data.py:111} INFO - Extracted page 40 - laptop-may-vi-tinh-linh-kien
[2025-03-07T22:27:42.603+0000] {crawl_data.py:111} INFO - Extracted page 1 - dien-gia-dung
[2025-03-07T22:27:44.260+0000] {crawl_data.py:111} INFO - Extracted page 2 - dien-gia-dung
[2025-03-07T22:27:46.165+0000] {crawl_data.py:111} INFO - Extracted page 3 - dien-gia-dung
[2025-03-07T22:27:48.707+0000] {crawl_data.py:111} INFO - Extracted page 4 - dien-gia-dung
[2025-03-07T22:27:50.347+0000] {crawl_data.py:111} INFO - Extracted page 5 - dien-gia-dung
[2025-03-07T22:27:52.473+0000] {crawl_data.py:111} INFO - Extracted page 6 - dien-gia-dung
[2025-03-07T22:27:54.183+0000] {crawl_data.py:111} INFO - Extracted page 7 - dien-gia-dung
[2025-03-07T22:27:57.376+0000] {crawl_data.py:111} INFO - Extracted page 8 - dien-gia-dung
[2025-03-07T22:27:58.693+0000] {crawl_data.py:111} INFO - Extracted page 9 - dien-gia-dung
[2025-03-07T22:28:00.127+0000] {crawl_data.py:111} INFO - Extracted page 10 - dien-gia-dung
[2025-03-07T22:28:03.157+0000] {crawl_data.py:111} INFO - Extracted page 11 - dien-gia-dung
[2025-03-07T22:28:05.473+0000] {crawl_data.py:111} INFO - Extracted page 12 - dien-gia-dung
[2025-03-07T22:28:08.458+0000] {crawl_data.py:111} INFO - Extracted page 13 - dien-gia-dung
[2025-03-07T22:28:09.852+0000] {crawl_data.py:111} INFO - Extracted page 14 - dien-gia-dung
[2025-03-07T22:28:12.588+0000] {crawl_data.py:111} INFO - Extracted page 15 - dien-gia-dung
[2025-03-07T22:28:13.856+0000] {crawl_data.py:111} INFO - Extracted page 16 - dien-gia-dung
[2025-03-07T22:28:16.711+0000] {crawl_data.py:111} INFO - Extracted page 17 - dien-gia-dung
[2025-03-07T22:28:18.305+0000] {crawl_data.py:111} INFO - Extracted page 18 - dien-gia-dung
[2025-03-07T22:28:21.001+0000] {crawl_data.py:111} INFO - Extracted page 19 - dien-gia-dung
[2025-03-07T22:28:22.738+0000] {crawl_data.py:111} INFO - Extracted page 20 - dien-gia-dung
[2025-03-07T22:28:24.303+0000] {crawl_data.py:111} INFO - Extracted page 21 - dien-gia-dung
[2025-03-07T22:28:25.672+0000] {crawl_data.py:111} INFO - Extracted page 22 - dien-gia-dung
[2025-03-07T22:28:27.871+0000] {crawl_data.py:111} INFO - Extracted page 23 - dien-gia-dung
[2025-03-07T22:28:29.126+0000] {crawl_data.py:111} INFO - Extracted page 24 - dien-gia-dung
[2025-03-07T22:28:32.372+0000] {crawl_data.py:111} INFO - Extracted page 25 - dien-gia-dung
[2025-03-07T22:28:34.145+0000] {crawl_data.py:111} INFO - Extracted page 26 - dien-gia-dung
[2025-03-07T22:28:36.235+0000] {crawl_data.py:111} INFO - Extracted page 27 - dien-gia-dung
[2025-03-07T22:28:38.759+0000] {crawl_data.py:111} INFO - Extracted page 28 - dien-gia-dung
[2025-03-07T22:28:40.168+0000] {crawl_data.py:111} INFO - Extracted page 29 - dien-gia-dung
[2025-03-07T22:28:43.276+0000] {crawl_data.py:111} INFO - Extracted page 30 - dien-gia-dung
[2025-03-07T22:28:45.653+0000] {crawl_data.py:111} INFO - Extracted page 31 - dien-gia-dung
[2025-03-07T22:28:46.912+0000] {crawl_data.py:111} INFO - Extracted page 32 - dien-gia-dung
[2025-03-07T22:28:49.368+0000] {crawl_data.py:111} INFO - Extracted page 33 - dien-gia-dung
[2025-03-07T22:28:52.159+0000] {crawl_data.py:111} INFO - Extracted page 34 - dien-gia-dung
[2025-03-07T22:28:54.146+0000] {crawl_data.py:111} INFO - Extracted page 35 - dien-gia-dung
[2025-03-07T22:28:57.274+0000] {crawl_data.py:111} INFO - Extracted page 36 - dien-gia-dung
[2025-03-07T22:28:58.660+0000] {crawl_data.py:111} INFO - Extracted page 37 - dien-gia-dung
[2025-03-07T22:29:00.359+0000] {crawl_data.py:111} INFO - Extracted page 38 - dien-gia-dung
[2025-03-07T22:29:02.024+0000] {crawl_data.py:111} INFO - Extracted page 39 - dien-gia-dung
[2025-03-07T22:29:03.555+0000] {crawl_data.py:111} INFO - Extracted page 40 - dien-gia-dung
[2025-03-07T22:29:05.482+0000] {crawl_data.py:111} INFO - Extracted page 1 - sach
[2025-03-07T22:29:08.639+0000] {crawl_data.py:111} INFO - Extracted page 2 - sach
[2025-03-07T22:29:11.087+0000] {crawl_data.py:111} INFO - Extracted page 3 - sach
[2025-03-07T22:29:13.484+0000] {crawl_data.py:111} INFO - Extracted page 4 - sach
[2025-03-07T22:29:15.739+0000] {crawl_data.py:111} INFO - Extracted page 5 - sach
[2025-03-07T22:29:18.566+0000] {crawl_data.py:111} INFO - Extracted page 6 - sach
[2025-03-07T22:29:21.011+0000] {crawl_data.py:111} INFO - Extracted page 7 - sach
[2025-03-07T22:29:23.676+0000] {crawl_data.py:111} INFO - Extracted page 8 - sach
[2025-03-07T22:29:25.281+0000] {crawl_data.py:111} INFO - Extracted page 9 - sach
[2025-03-07T22:29:28.193+0000] {crawl_data.py:111} INFO - Extracted page 10 - sach
[2025-03-07T22:29:30.638+0000] {crawl_data.py:111} INFO - Extracted page 11 - sach
[2025-03-07T22:29:33.251+0000] {crawl_data.py:111} INFO - Extracted page 12 - sach
[2025-03-07T22:29:34.797+0000] {crawl_data.py:111} INFO - Extracted page 13 - sach
[2025-03-07T22:29:36.986+0000] {crawl_data.py:111} INFO - Extracted page 14 - sach
[2025-03-07T22:29:38.943+0000] {crawl_data.py:111} INFO - Extracted page 15 - sach
[2025-03-07T22:29:40.359+0000] {crawl_data.py:111} INFO - Extracted page 16 - sach
[2025-03-07T22:29:43.267+0000] {crawl_data.py:111} INFO - Extracted page 17 - sach
[2025-03-07T22:29:45.010+0000] {crawl_data.py:111} INFO - Extracted page 18 - sach
[2025-03-07T22:29:47.587+0000] {crawl_data.py:111} INFO - Extracted page 19 - sach
[2025-03-07T22:29:50.744+0000] {crawl_data.py:111} INFO - Extracted page 20 - sach
[2025-03-07T22:29:53.330+0000] {crawl_data.py:111} INFO - Extracted page 21 - sach
[2025-03-07T22:29:55.968+0000] {crawl_data.py:111} INFO - Extracted page 22 - sach
[2025-03-07T22:29:59.135+0000] {crawl_data.py:111} INFO - Extracted page 23 - sach
[2025-03-07T22:30:01.679+0000] {crawl_data.py:111} INFO - Extracted page 24 - sach
[2025-03-07T22:30:04.795+0000] {crawl_data.py:111} INFO - Extracted page 25 - sach
[2025-03-07T22:30:07.501+0000] {crawl_data.py:111} INFO - Extracted page 26 - sach
[2025-03-07T22:30:09.766+0000] {crawl_data.py:111} INFO - Extracted page 27 - sach
[2025-03-07T22:30:11.457+0000] {crawl_data.py:111} INFO - Extracted page 28 - sach
[2025-03-07T22:30:13.409+0000] {crawl_data.py:111} INFO - Extracted page 29 - sach
[2025-03-07T22:30:15.165+0000] {crawl_data.py:111} INFO - Extracted page 30 - sach
[2025-03-07T22:30:16.696+0000] {crawl_data.py:111} INFO - Extracted page 31 - sach
[2025-03-07T22:30:18.605+0000] {crawl_data.py:111} INFO - Extracted page 32 - sach
[2025-03-07T22:30:21.708+0000] {crawl_data.py:111} INFO - Extracted page 33 - sach
[2025-03-07T22:30:23.086+0000] {crawl_data.py:111} INFO - Extracted page 34 - sach
[2025-03-07T22:30:26.237+0000] {crawl_data.py:111} INFO - Extracted page 35 - sach
[2025-03-07T22:30:28.123+0000] {crawl_data.py:111} INFO - Extracted page 36 - sach
[2025-03-07T22:30:31.200+0000] {crawl_data.py:111} INFO - Extracted page 37 - sach
[2025-03-07T22:30:34.273+0000] {crawl_data.py:111} INFO - Extracted page 38 - sach
[2025-03-07T22:30:36.369+0000] {crawl_data.py:111} INFO - Extracted page 39 - sach
[2025-03-07T22:30:39.515+0000] {crawl_data.py:111} INFO - Extracted page 40 - sach
[2025-03-07T22:30:41.510+0000] {crawl_data.py:111} INFO - Extracted page 1 - thiet-bi-kts-phu-kien-so
[2025-03-07T22:30:44.152+0000] {crawl_data.py:111} INFO - Extracted page 2 - thiet-bi-kts-phu-kien-so
[2025-03-07T22:30:46.632+0000] {crawl_data.py:111} INFO - Extracted page 3 - thiet-bi-kts-phu-kien-so
[2025-03-07T22:30:49.121+0000] {crawl_data.py:111} INFO - Extracted page 4 - thiet-bi-kts-phu-kien-so
[2025-03-07T22:30:50.399+0000] {crawl_data.py:111} INFO - Extracted page 5 - thiet-bi-kts-phu-kien-so
[2025-03-07T22:30:52.929+0000] {crawl_data.py:111} INFO - Extracted page 6 - thiet-bi-kts-phu-kien-so
[2025-03-07T22:30:54.913+0000] {crawl_data.py:111} INFO - Extracted page 7 - thiet-bi-kts-phu-kien-so
[2025-03-07T22:30:56.302+0000] {crawl_data.py:111} INFO - Extracted page 8 - thiet-bi-kts-phu-kien-so
[2025-03-07T22:30:57.732+0000] {crawl_data.py:111} INFO - Extracted page 9 - thiet-bi-kts-phu-kien-so
[2025-03-07T22:30:59.968+0000] {crawl_data.py:111} INFO - Extracted page 10 - thiet-bi-kts-phu-kien-so
[2025-03-07T22:31:01.497+0000] {crawl_data.py:111} INFO - Extracted page 11 - thiet-bi-kts-phu-kien-so
[2025-03-07T22:31:04.392+0000] {crawl_data.py:111} INFO - Extracted page 12 - thiet-bi-kts-phu-kien-so
[2025-03-07T22:31:06.041+0000] {crawl_data.py:111} INFO - Extracted page 13 - thiet-bi-kts-phu-kien-so
[2025-03-07T22:31:07.803+0000] {crawl_data.py:111} INFO - Extracted page 14 - thiet-bi-kts-phu-kien-so
[2025-03-07T22:31:10.583+0000] {crawl_data.py:111} INFO - Extracted page 15 - thiet-bi-kts-phu-kien-so
[2025-03-07T22:31:12.726+0000] {crawl_data.py:111} INFO - Extracted page 16 - thiet-bi-kts-phu-kien-so
[2025-03-07T22:31:14.563+0000] {crawl_data.py:111} INFO - Extracted page 17 - thiet-bi-kts-phu-kien-so
[2025-03-07T22:31:16.765+0000] {crawl_data.py:111} INFO - Extracted page 18 - thiet-bi-kts-phu-kien-so
[2025-03-07T22:31:18.950+0000] {crawl_data.py:111} INFO - Extracted page 19 - thiet-bi-kts-phu-kien-so
[2025-03-07T22:31:22.223+0000] {crawl_data.py:111} INFO - Extracted page 20 - thiet-bi-kts-phu-kien-so
[2025-03-07T22:31:24.707+0000] {crawl_data.py:111} INFO - Extracted page 21 - thiet-bi-kts-phu-kien-so
[2025-03-07T22:31:26.241+0000] {crawl_data.py:111} INFO - Extracted page 22 - thiet-bi-kts-phu-kien-so
[2025-03-07T22:31:28.635+0000] {crawl_data.py:111} INFO - Extracted page 23 - thiet-bi-kts-phu-kien-so
[2025-03-07T22:31:31.691+0000] {crawl_data.py:111} INFO - Extracted page 24 - thiet-bi-kts-phu-kien-so
[2025-03-07T22:31:34.673+0000] {crawl_data.py:111} INFO - Extracted page 25 - thiet-bi-kts-phu-kien-so
[2025-03-07T22:31:36.893+0000] {crawl_data.py:111} INFO - Extracted page 26 - thiet-bi-kts-phu-kien-so
[2025-03-07T22:31:38.509+0000] {crawl_data.py:111} INFO - Extracted page 27 - thiet-bi-kts-phu-kien-so
[2025-03-07T22:31:40.477+0000] {crawl_data.py:111} INFO - Extracted page 28 - thiet-bi-kts-phu-kien-so
[2025-03-07T22:31:43.425+0000] {crawl_data.py:111} INFO - Extracted page 29 - thiet-bi-kts-phu-kien-so
[2025-03-07T22:31:45.799+0000] {crawl_data.py:111} INFO - Extracted page 30 - thiet-bi-kts-phu-kien-so
[2025-03-07T22:31:47.741+0000] {crawl_data.py:111} INFO - Extracted page 31 - thiet-bi-kts-phu-kien-so
[2025-03-07T22:31:50.199+0000] {crawl_data.py:111} INFO - Extracted page 32 - thiet-bi-kts-phu-kien-so
[2025-03-07T22:31:52.374+0000] {crawl_data.py:111} INFO - Extracted page 33 - thiet-bi-kts-phu-kien-so
[2025-03-07T22:31:55.405+0000] {crawl_data.py:111} INFO - Extracted page 34 - thiet-bi-kts-phu-kien-so
[2025-03-07T22:31:58.408+0000] {crawl_data.py:111} INFO - Extracted page 35 - thiet-bi-kts-phu-kien-so
[2025-03-07T22:32:00.602+0000] {crawl_data.py:111} INFO - Extracted page 36 - thiet-bi-kts-phu-kien-so
[2025-03-07T22:32:02.124+0000] {crawl_data.py:111} INFO - Extracted page 37 - thiet-bi-kts-phu-kien-so
[2025-03-07T22:32:04.220+0000] {crawl_data.py:111} INFO - Extracted page 38 - thiet-bi-kts-phu-kien-so
[2025-03-07T22:32:06.462+0000] {crawl_data.py:111} INFO - Extracted page 39 - thiet-bi-kts-phu-kien-so
[2025-03-07T22:32:08.684+0000] {crawl_data.py:111} INFO - Extracted page 40 - thiet-bi-kts-phu-kien-so
[2025-03-07T22:32:10.370+0000] {crawl_data.py:111} INFO - Extracted page 1 - thoi-trang-nu
[2025-03-07T22:32:11.833+0000] {crawl_data.py:111} INFO - Extracted page 2 - thoi-trang-nu
[2025-03-07T22:32:14.053+0000] {crawl_data.py:111} INFO - Extracted page 3 - thoi-trang-nu
[2025-03-07T22:32:15.648+0000] {crawl_data.py:111} INFO - Extracted page 4 - thoi-trang-nu
[2025-03-07T22:32:18.193+0000] {crawl_data.py:111} INFO - Extracted page 5 - thoi-trang-nu
[2025-03-07T22:32:20.417+0000] {crawl_data.py:111} INFO - Extracted page 6 - thoi-trang-nu
[2025-03-07T22:32:22.686+0000] {crawl_data.py:111} INFO - Extracted page 7 - thoi-trang-nu
[2025-03-07T22:32:24.156+0000] {crawl_data.py:111} INFO - Extracted page 8 - thoi-trang-nu
[2025-03-07T22:32:26.501+0000] {crawl_data.py:111} INFO - Extracted page 9 - thoi-trang-nu
[2025-03-07T22:32:28.935+0000] {crawl_data.py:111} INFO - Extracted page 10 - thoi-trang-nu
[2025-03-07T22:32:30.705+0000] {crawl_data.py:111} INFO - Extracted page 11 - thoi-trang-nu
[2025-03-07T22:32:33.049+0000] {crawl_data.py:111} INFO - Extracted page 12 - thoi-trang-nu
[2025-03-07T22:32:34.642+0000] {crawl_data.py:111} INFO - Extracted page 13 - thoi-trang-nu
[2025-03-07T22:32:37.714+0000] {crawl_data.py:111} INFO - Extracted page 14 - thoi-trang-nu
[2025-03-07T22:32:39.284+0000] {crawl_data.py:111} INFO - Extracted page 15 - thoi-trang-nu
[2025-03-07T22:32:42.072+0000] {crawl_data.py:111} INFO - Extracted page 16 - thoi-trang-nu
[2025-03-07T22:32:44.112+0000] {crawl_data.py:111} INFO - Extracted page 17 - thoi-trang-nu
[2025-03-07T22:32:46.674+0000] {crawl_data.py:111} INFO - Extracted page 18 - thoi-trang-nu
[2025-03-07T22:32:49.551+0000] {crawl_data.py:111} INFO - Extracted page 19 - thoi-trang-nu
[2025-03-07T22:32:52.237+0000] {crawl_data.py:111} INFO - Extracted page 20 - thoi-trang-nu
[2025-03-07T22:32:55.213+0000] {crawl_data.py:111} INFO - Extracted page 21 - thoi-trang-nu
[2025-03-07T22:32:57.846+0000] {crawl_data.py:111} INFO - Extracted page 22 - thoi-trang-nu
[2025-03-07T22:32:59.697+0000] {crawl_data.py:111} INFO - Extracted page 23 - thoi-trang-nu
[2025-03-07T22:33:01.409+0000] {crawl_data.py:111} INFO - Extracted page 24 - thoi-trang-nu
[2025-03-07T22:33:03.684+0000] {crawl_data.py:111} INFO - Extracted page 25 - thoi-trang-nu
[2025-03-07T22:33:06.791+0000] {crawl_data.py:111} INFO - Extracted page 26 - thoi-trang-nu
[2025-03-07T22:33:10.032+0000] {crawl_data.py:111} INFO - Extracted page 27 - thoi-trang-nu
[2025-03-07T22:33:12.449+0000] {crawl_data.py:111} INFO - Extracted page 28 - thoi-trang-nu
[2025-03-07T22:33:14.122+0000] {crawl_data.py:111} INFO - Extracted page 29 - thoi-trang-nu
[2025-03-07T22:33:17.225+0000] {crawl_data.py:111} INFO - Extracted page 30 - thoi-trang-nu
[2025-03-07T22:33:20.051+0000] {crawl_data.py:111} INFO - Extracted page 31 - thoi-trang-nu
[2025-03-07T22:33:23.249+0000] {crawl_data.py:111} INFO - Extracted page 32 - thoi-trang-nu
[2025-03-07T22:33:24.557+0000] {crawl_data.py:111} INFO - Extracted page 33 - thoi-trang-nu
[2025-03-07T22:33:27.202+0000] {crawl_data.py:111} INFO - Extracted page 34 - thoi-trang-nu
[2025-03-07T22:33:29.595+0000] {crawl_data.py:111} INFO - Extracted page 35 - thoi-trang-nu
[2025-03-07T22:33:31.659+0000] {crawl_data.py:111} INFO - Extracted page 36 - thoi-trang-nu
[2025-03-07T22:33:34.502+0000] {crawl_data.py:111} INFO - Extracted page 37 - thoi-trang-nu
[2025-03-07T22:33:36.801+0000] {crawl_data.py:111} INFO - Extracted page 38 - thoi-trang-nu
[2025-03-07T22:33:39.442+0000] {crawl_data.py:111} INFO - Extracted page 39 - thoi-trang-nu
[2025-03-07T22:33:41.480+0000] {crawl_data.py:111} INFO - Extracted page 40 - thoi-trang-nu
[2025-03-07T22:33:43.454+0000] {crawl_data.py:111} INFO - Extracted page 1 - thoi-trang-nam
[2025-03-07T22:33:45.756+0000] {crawl_data.py:111} INFO - Extracted page 2 - thoi-trang-nam
[2025-03-07T22:33:47.683+0000] {crawl_data.py:111} INFO - Extracted page 3 - thoi-trang-nam
[2025-03-07T22:33:49.952+0000] {crawl_data.py:111} INFO - Extracted page 4 - thoi-trang-nam
[2025-03-07T22:33:52.129+0000] {crawl_data.py:111} INFO - Extracted page 5 - thoi-trang-nam
[2025-03-07T22:33:53.423+0000] {crawl_data.py:111} INFO - Extracted page 6 - thoi-trang-nam
[2025-03-07T22:33:55.879+0000] {crawl_data.py:111} INFO - Extracted page 7 - thoi-trang-nam
[2025-03-07T22:33:58.187+0000] {crawl_data.py:111} INFO - Extracted page 8 - thoi-trang-nam
[2025-03-07T22:34:01.068+0000] {crawl_data.py:111} INFO - Extracted page 9 - thoi-trang-nam
[2025-03-07T22:34:04.023+0000] {crawl_data.py:111} INFO - Extracted page 10 - thoi-trang-nam
[2025-03-07T22:34:06.176+0000] {crawl_data.py:111} INFO - Extracted page 11 - thoi-trang-nam
[2025-03-07T22:34:08.659+0000] {crawl_data.py:111} INFO - Extracted page 12 - thoi-trang-nam
[2025-03-07T22:34:11.351+0000] {crawl_data.py:111} INFO - Extracted page 13 - thoi-trang-nam
[2025-03-07T22:34:13.384+0000] {crawl_data.py:111} INFO - Extracted page 14 - thoi-trang-nam
[2025-03-07T22:34:14.952+0000] {crawl_data.py:111} INFO - Extracted page 15 - thoi-trang-nam
[2025-03-07T22:34:17.901+0000] {crawl_data.py:111} INFO - Extracted page 16 - thoi-trang-nam
[2025-03-07T22:34:19.963+0000] {crawl_data.py:111} INFO - Extracted page 17 - thoi-trang-nam
[2025-03-07T22:34:21.691+0000] {crawl_data.py:111} INFO - Extracted page 18 - thoi-trang-nam
[2025-03-07T22:34:23.779+0000] {crawl_data.py:111} INFO - Extracted page 19 - thoi-trang-nam
[2025-03-07T22:34:26.108+0000] {crawl_data.py:111} INFO - Extracted page 20 - thoi-trang-nam
[2025-03-07T22:34:27.651+0000] {crawl_data.py:111} INFO - Extracted page 21 - thoi-trang-nam
[2025-03-07T22:34:30.147+0000] {crawl_data.py:111} INFO - Extracted page 22 - thoi-trang-nam
[2025-03-07T22:34:31.542+0000] {crawl_data.py:111} INFO - Extracted page 23 - thoi-trang-nam
[2025-03-07T22:34:32.850+0000] {crawl_data.py:111} INFO - Extracted page 24 - thoi-trang-nam
[2025-03-07T22:34:34.297+0000] {crawl_data.py:111} INFO - Extracted page 25 - thoi-trang-nam
[2025-03-07T22:34:36.916+0000] {crawl_data.py:111} INFO - Extracted page 26 - thoi-trang-nam
[2025-03-07T22:34:38.510+0000] {crawl_data.py:111} INFO - Extracted page 27 - thoi-trang-nam
[2025-03-07T22:34:40.646+0000] {crawl_data.py:111} INFO - Extracted page 28 - thoi-trang-nam
[2025-03-07T22:34:43.573+0000] {crawl_data.py:111} INFO - Extracted page 29 - thoi-trang-nam
[2025-03-07T22:34:45.513+0000] {crawl_data.py:111} INFO - Extracted page 30 - thoi-trang-nam
[2025-03-07T22:34:46.862+0000] {crawl_data.py:111} INFO - Extracted page 31 - thoi-trang-nam
[2025-03-07T22:34:49.492+0000] {crawl_data.py:111} INFO - Extracted page 32 - thoi-trang-nam
[2025-03-07T22:34:51.715+0000] {crawl_data.py:111} INFO - Extracted page 33 - thoi-trang-nam
[2025-03-07T22:34:53.077+0000] {crawl_data.py:111} INFO - Extracted page 34 - thoi-trang-nam
[2025-03-07T22:34:56.208+0000] {crawl_data.py:111} INFO - Extracted page 35 - thoi-trang-nam
[2025-03-07T22:34:59.436+0000] {crawl_data.py:111} INFO - Extracted page 36 - thoi-trang-nam
[2025-03-07T22:35:01.597+0000] {crawl_data.py:111} INFO - Extracted page 37 - thoi-trang-nam
[2025-03-07T22:35:03.394+0000] {crawl_data.py:111} INFO - Extracted page 38 - thoi-trang-nam
[2025-03-07T22:35:06.643+0000] {crawl_data.py:111} INFO - Extracted page 39 - thoi-trang-nam
[2025-03-07T22:35:08.207+0000] {crawl_data.py:111} INFO - Extracted page 40 - thoi-trang-nam
[2025-03-07T22:35:11.269+0000] {crawl_data.py:111} INFO - Extracted page 1 - dong-ho-va-trang-suc
[2025-03-07T22:35:14.373+0000] {crawl_data.py:111} INFO - Extracted page 2 - dong-ho-va-trang-suc
[2025-03-07T22:35:16.689+0000] {crawl_data.py:111} INFO - Extracted page 3 - dong-ho-va-trang-suc
[2025-03-07T22:35:19.600+0000] {crawl_data.py:111} INFO - Extracted page 4 - dong-ho-va-trang-suc
[2025-03-07T22:35:22.536+0000] {crawl_data.py:111} INFO - Extracted page 5 - dong-ho-va-trang-suc
[2025-03-07T22:35:24.020+0000] {crawl_data.py:111} INFO - Extracted page 6 - dong-ho-va-trang-suc
[2025-03-07T22:35:27.130+0000] {crawl_data.py:111} INFO - Extracted page 7 - dong-ho-va-trang-suc
[2025-03-07T22:35:29.703+0000] {crawl_data.py:111} INFO - Extracted page 8 - dong-ho-va-trang-suc
[2025-03-07T22:35:31.046+0000] {crawl_data.py:111} INFO - Extracted page 9 - dong-ho-va-trang-suc
[2025-03-07T22:35:32.999+0000] {crawl_data.py:111} INFO - Extracted page 10 - dong-ho-va-trang-suc
[2025-03-07T22:35:35.133+0000] {crawl_data.py:111} INFO - Extracted page 11 - dong-ho-va-trang-suc
[2025-03-07T22:35:37.515+0000] {crawl_data.py:111} INFO - Extracted page 12 - dong-ho-va-trang-suc
[2025-03-07T22:35:38.926+0000] {crawl_data.py:111} INFO - Extracted page 13 - dong-ho-va-trang-suc
[2025-03-07T22:35:41.022+0000] {crawl_data.py:111} INFO - Extracted page 14 - dong-ho-va-trang-suc
[2025-03-07T22:35:43.850+0000] {crawl_data.py:111} INFO - Extracted page 15 - dong-ho-va-trang-suc
[2025-03-07T22:35:46.238+0000] {crawl_data.py:111} INFO - Extracted page 16 - dong-ho-va-trang-suc
[2025-03-07T22:35:50.815+0000] {crawl_data.py:111} INFO - Extracted page 17 - dong-ho-va-trang-suc
[2025-03-07T22:35:53.037+0000] {crawl_data.py:111} INFO - Extracted page 18 - dong-ho-va-trang-suc
[2025-03-07T22:35:55.439+0000] {crawl_data.py:111} INFO - Extracted page 19 - dong-ho-va-trang-suc
[2025-03-07T22:35:58.147+0000] {crawl_data.py:111} INFO - Extracted page 20 - dong-ho-va-trang-suc
[2025-03-07T22:36:00.266+0000] {crawl_data.py:111} INFO - Extracted page 21 - dong-ho-va-trang-suc
[2025-03-07T22:36:01.646+0000] {crawl_data.py:111} INFO - Extracted page 22 - dong-ho-va-trang-suc
[2025-03-07T22:36:04.797+0000] {crawl_data.py:111} INFO - Extracted page 23 - dong-ho-va-trang-suc
[2025-03-07T22:36:06.819+0000] {crawl_data.py:111} INFO - Extracted page 24 - dong-ho-va-trang-suc
[2025-03-07T22:36:09.809+0000] {crawl_data.py:111} INFO - Extracted page 25 - dong-ho-va-trang-suc
[2025-03-07T22:36:11.255+0000] {crawl_data.py:111} INFO - Extracted page 26 - dong-ho-va-trang-suc
[2025-03-07T22:36:12.551+0000] {crawl_data.py:111} INFO - Extracted page 27 - dong-ho-va-trang-suc
[2025-03-07T22:36:15.272+0000] {crawl_data.py:111} INFO - Extracted page 28 - dong-ho-va-trang-suc
[2025-03-07T22:36:18.325+0000] {crawl_data.py:111} INFO - Extracted page 29 - dong-ho-va-trang-suc
[2025-03-07T22:36:20.568+0000] {crawl_data.py:111} INFO - Extracted page 30 - dong-ho-va-trang-suc
[2025-03-07T22:36:22.423+0000] {crawl_data.py:111} INFO - Extracted page 31 - dong-ho-va-trang-suc
[2025-03-07T22:36:24.658+0000] {crawl_data.py:111} INFO - Extracted page 32 - dong-ho-va-trang-suc
[2025-03-07T22:36:26.858+0000] {crawl_data.py:111} INFO - Extracted page 33 - dong-ho-va-trang-suc
[2025-03-07T22:36:28.914+0000] {crawl_data.py:111} INFO - Extracted page 34 - dong-ho-va-trang-suc
[2025-03-07T22:36:31.433+0000] {crawl_data.py:111} INFO - Extracted page 35 - dong-ho-va-trang-suc
[2025-03-07T22:36:33.686+0000] {crawl_data.py:111} INFO - Extracted page 36 - dong-ho-va-trang-suc
[2025-03-07T22:36:36.465+0000] {crawl_data.py:111} INFO - Extracted page 37 - dong-ho-va-trang-suc
[2025-03-07T22:36:38.836+0000] {crawl_data.py:111} INFO - Extracted page 38 - dong-ho-va-trang-suc
[2025-03-07T22:36:40.802+0000] {crawl_data.py:111} INFO - Extracted page 39 - dong-ho-va-trang-suc
[2025-03-07T22:36:43.740+0000] {crawl_data.py:111} INFO - Extracted page 40 - dong-ho-va-trang-suc
[2025-03-07T22:36:45.490+0000] {crawl_data.py:111} INFO - Extracted page 1 - dien-tu-dien-lanh
[2025-03-07T22:36:47.001+0000] {crawl_data.py:111} INFO - Extracted page 2 - dien-tu-dien-lanh
[2025-03-07T22:36:48.589+0000] {crawl_data.py:111} INFO - Extracted page 3 - dien-tu-dien-lanh
[2025-03-07T22:36:50.574+0000] {crawl_data.py:111} INFO - Extracted page 4 - dien-tu-dien-lanh
[2025-03-07T22:36:53.127+0000] {crawl_data.py:111} INFO - Extracted page 5 - dien-tu-dien-lanh
[2025-03-07T22:36:54.983+0000] {crawl_data.py:111} INFO - Extracted page 6 - dien-tu-dien-lanh
[2025-03-07T22:36:57.223+0000] {crawl_data.py:111} INFO - Extracted page 7 - dien-tu-dien-lanh
[2025-03-07T22:37:00.380+0000] {crawl_data.py:111} INFO - Extracted page 8 - dien-tu-dien-lanh
[2025-03-07T22:37:02.572+0000] {crawl_data.py:111} INFO - Extracted page 9 - dien-tu-dien-lanh
[2025-03-07T22:37:04.450+0000] {crawl_data.py:111} INFO - Extracted page 10 - dien-tu-dien-lanh
[2025-03-07T22:37:07.381+0000] {crawl_data.py:111} INFO - Extracted page 11 - dien-tu-dien-lanh
[2025-03-07T22:37:10.049+0000] {crawl_data.py:111} INFO - Extracted page 12 - dien-tu-dien-lanh
[2025-03-07T22:37:11.512+0000] {crawl_data.py:111} INFO - Extracted page 13 - dien-tu-dien-lanh
[2025-03-07T22:37:13.149+0000] {crawl_data.py:111} INFO - Extracted page 14 - dien-tu-dien-lanh
[2025-03-07T22:37:16.243+0000] {crawl_data.py:111} INFO - Extracted page 15 - dien-tu-dien-lanh
[2025-03-07T22:37:19.003+0000] {crawl_data.py:111} INFO - Extracted page 16 - dien-tu-dien-lanh
[2025-03-07T22:37:22.033+0000] {crawl_data.py:111} INFO - Extracted page 17 - dien-tu-dien-lanh
[2025-03-07T22:37:23.974+0000] {crawl_data.py:111} INFO - Extracted page 18 - dien-tu-dien-lanh
[2025-03-07T22:37:25.832+0000] {crawl_data.py:111} INFO - Extracted page 19 - dien-tu-dien-lanh
[2025-03-07T22:37:28.606+0000] {crawl_data.py:111} INFO - Extracted page 20 - dien-tu-dien-lanh
[2025-03-07T22:37:31.803+0000] {crawl_data.py:111} INFO - Extracted page 21 - dien-tu-dien-lanh
[2025-03-07T22:37:33.863+0000] {crawl_data.py:111} INFO - Extracted page 22 - dien-tu-dien-lanh
[2025-03-07T22:37:36.680+0000] {crawl_data.py:111} INFO - Extracted page 23 - dien-tu-dien-lanh
[2025-03-07T22:37:38.014+0000] {crawl_data.py:111} INFO - Extracted page 24 - dien-tu-dien-lanh
[2025-03-07T22:37:40.980+0000] {crawl_data.py:111} INFO - Extracted page 25 - dien-tu-dien-lanh
[2025-03-07T22:37:43.161+0000] {crawl_data.py:111} INFO - Extracted page 26 - dien-tu-dien-lanh
[2025-03-07T22:37:44.738+0000] {crawl_data.py:111} INFO - Extracted page 27 - dien-tu-dien-lanh
[2025-03-07T22:37:46.604+0000] {crawl_data.py:111} INFO - Extracted page 28 - dien-tu-dien-lanh
[2025-03-07T22:37:48.588+0000] {crawl_data.py:111} INFO - Extracted page 29 - dien-tu-dien-lanh
[2025-03-07T22:37:51.163+0000] {crawl_data.py:111} INFO - Extracted page 30 - dien-tu-dien-lanh
[2025-03-07T22:37:52.924+0000] {crawl_data.py:111} INFO - Extracted page 31 - dien-tu-dien-lanh
[2025-03-07T22:37:55.179+0000] {crawl_data.py:111} INFO - Extracted page 32 - dien-tu-dien-lanh
[2025-03-07T22:37:57.409+0000] {crawl_data.py:111} INFO - Extracted page 33 - dien-tu-dien-lanh
[2025-03-07T22:38:00.609+0000] {crawl_data.py:111} INFO - Extracted page 34 - dien-tu-dien-lanh
[2025-03-07T22:38:02.759+0000] {crawl_data.py:111} INFO - Extracted page 35 - dien-tu-dien-lanh
[2025-03-07T22:38:05.257+0000] {crawl_data.py:111} INFO - Extracted page 36 - dien-tu-dien-lanh
[2025-03-07T22:38:07.771+0000] {crawl_data.py:111} INFO - Extracted page 37 - dien-tu-dien-lanh
[2025-03-07T22:38:09.848+0000] {crawl_data.py:111} INFO - Extracted page 38 - dien-tu-dien-lanh
[2025-03-07T22:38:12.477+0000] {crawl_data.py:111} INFO - Extracted page 39 - dien-tu-dien-lanh
[2025-03-07T22:38:14.001+0000] {crawl_data.py:111} INFO - Extracted page 40 - dien-tu-dien-lanh
[2025-03-07T22:38:18.145+0000] {python.py:240} INFO - Done. Returned value was: tiki_raw_data/raw_20250307_223815.json
[2025-03-07T22:38:18.277+0000] {taskinstance.py:341} INFO - ::group::Post task execution logs
[2025-03-07T22:38:18.280+0000] {taskinstance.py:353} INFO - Marking task as SUCCESS. dag_id=tiki_extract_dag, task_id=extract_data, run_id=manual__2025-03-07T22:23:04.871134+00:00, execution_date=20250307T222304, start_date=20250307T222307, end_date=20250307T223818
[2025-03-07T22:38:18.344+0000] {logging_mixin.py:190} INFO - Task instance in success state
[2025-03-07T22:38:18.345+0000] {logging_mixin.py:190} INFO -  Previous state of the Task instance: running
[2025-03-07T22:38:18.346+0000] {logging_mixin.py:190} INFO - Dag name:tiki_extract_dag queued_at:2025-03-07 22:23:04.908774+00:00
[2025-03-07T22:38:18.347+0000] {logging_mixin.py:190} INFO - Task hostname:9a2d81a2e852 operator:PythonOperator
[2025-03-07T22:38:18.450+0000] {local_task_job_runner.py:266} INFO - Task exited with return code 0
[2025-03-07T22:38:18.550+0000] {taskinstance.py:3901} INFO - 0 downstream tasks scheduled from follow-on schedule check
[2025-03-07T22:38:18.554+0000] {local_task_job_runner.py:245} INFO - ::endgroup::
