[2025-03-09T14:33:34.263+0000] {local_task_job_runner.py:123} INFO - ::group::Pre task execution logs
[2025-03-09T14:33:34.299+0000] {taskinstance.py:2614} INFO - Dependencies all met for dep_context=non-requeueable deps ti=<TaskInstance: tiki_extract_dag.extract_data manual__2025-03-09T14:33:29.414499+00:00 [queued]>
[2025-03-09T14:33:34.317+0000] {taskinstance.py:2614} INFO - Dependencies all met for dep_context=requeueable deps ti=<TaskInstance: tiki_extract_dag.extract_data manual__2025-03-09T14:33:29.414499+00:00 [queued]>
[2025-03-09T14:33:34.319+0000] {taskinstance.py:2867} INFO - Starting attempt 1 of 1
[2025-03-09T14:33:34.350+0000] {taskinstance.py:2890} INFO - Executing <Task(PythonOperator): extract_data> on 2025-03-09 14:33:29.414499+00:00
[2025-03-09T14:33:34.372+0000] {warnings.py:112} WARNING - /home/***/.local/lib/python3.12/site-packages/***/task/task_runner/standard_task_runner.py:70: DeprecationWarning: This process (pid=104) is multi-threaded, use of fork() may lead to deadlocks in the child.
  pid = os.fork()

[2025-03-09T14:33:34.376+0000] {standard_task_runner.py:72} INFO - Started process 106 to run task
[2025-03-09T14:33:34.378+0000] {standard_task_runner.py:104} INFO - Running: ['***', 'tasks', 'run', 'tiki_extract_dag', 'extract_data', 'manual__2025-03-09T14:33:29.414499+00:00', '--job-id', '180', '--raw', '--subdir', 'DAGS_FOLDER/tiki_extract_dag.py', '--cfg-path', '/tmp/tmpzff_un3_']
[2025-03-09T14:33:34.382+0000] {standard_task_runner.py:105} INFO - Job 180: Subtask extract_data
[2025-03-09T14:33:34.495+0000] {task_command.py:467} INFO - Running <TaskInstance: tiki_extract_dag.extract_data manual__2025-03-09T14:33:29.414499+00:00 [running]> on host 10038f9c1f89
[2025-03-09T14:33:35.085+0000] {taskinstance.py:3134} INFO - Exporting env vars: AIRFLOW_CTX_DAG_OWNER='***' AIRFLOW_CTX_DAG_ID='tiki_extract_dag' AIRFLOW_CTX_TASK_ID='extract_data' AIRFLOW_CTX_EXECUTION_DATE='2025-03-09T14:33:29.414499+00:00' AIRFLOW_CTX_TRY_NUMBER='1' AIRFLOW_CTX_DAG_RUN_ID='manual__2025-03-09T14:33:29.414499+00:00'
[2025-03-09T14:33:35.087+0000] {logging_mixin.py:190} INFO - Task instance is in running state
[2025-03-09T14:33:35.088+0000] {logging_mixin.py:190} INFO -  Previous state of the Task instance: queued
[2025-03-09T14:33:35.089+0000] {logging_mixin.py:190} INFO - Current task name:extract_data state:running start_date:2025-03-09 14:33:34.300625+00:00
[2025-03-09T14:33:35.090+0000] {logging_mixin.py:190} INFO - Dag name:tiki_extract_dag and current dag run status:running
[2025-03-09T14:33:35.091+0000] {taskinstance.py:732} INFO - ::endgroup::
[2025-03-09T14:33:35.120+0000] {tiki_extract_dag.py:20} INFO - Loaded categories: ['lam-dep-suc-khoe', 'dien-thoai-may-tinh-bang', 'laptop-may-vi-tinh-linh-kien', 'dien-gia-dung', 'sach', 'thiet-bi-kts-phu-kien-so', 'thoi-trang-nu', 'thoi-trang-nam', 'dong-ho-va-trang-suc', 'dien-tu-dien-lanh']
[2025-03-09T14:33:38.528+0000] {crawl_data.py:106} INFO - Crawling category lam-dep-suc-khoe with 1 pages
[2025-03-09T14:33:39.282+0000] {crawl_data.py:131} INFO - Extracted page 1 - lam-dep-suc-khoe, 40 items, total extracted: 40
[2025-03-09T14:33:44.251+0000] {crawl_data.py:106} INFO - Crawling category dien-thoai-may-tinh-bang with 1 pages
[2025-03-09T14:33:44.558+0000] {crawl_data.py:131} INFO - Extracted page 1 - dien-thoai-may-tinh-bang, 40 items, total extracted: 80
[2025-03-09T14:33:47.055+0000] {crawl_data.py:106} INFO - Crawling category laptop-may-vi-tinh-linh-kien with 1 pages
[2025-03-09T14:33:47.608+0000] {crawl_data.py:131} INFO - Extracted page 1 - laptop-may-vi-tinh-linh-kien, 40 items, total extracted: 120
[2025-03-09T14:33:50.457+0000] {crawl_data.py:106} INFO - Crawling category dien-gia-dung with 1 pages
[2025-03-09T14:33:51.026+0000] {crawl_data.py:131} INFO - Extracted page 1 - dien-gia-dung, 40 items, total extracted: 160
[2025-03-09T14:33:55.803+0000] {crawl_data.py:106} INFO - Crawling category sach with 1 pages
[2025-03-09T14:33:56.123+0000] {crawl_data.py:131} INFO - Extracted page 1 - sach, 40 items, total extracted: 200
[2025-03-09T14:33:59.332+0000] {crawl_data.py:106} INFO - Crawling category thiet-bi-kts-phu-kien-so with 1 pages
[2025-03-09T14:33:59.925+0000] {crawl_data.py:131} INFO - Extracted page 1 - thiet-bi-kts-phu-kien-so, 40 items, total extracted: 240
[2025-03-09T14:34:04.138+0000] {crawl_data.py:106} INFO - Crawling category thoi-trang-nu with 1 pages
[2025-03-09T14:34:04.752+0000] {crawl_data.py:131} INFO - Extracted page 1 - thoi-trang-nu, 40 items, total extracted: 280
[2025-03-09T14:34:08.562+0000] {crawl_data.py:106} INFO - Crawling category thoi-trang-nam with 1 pages
[2025-03-09T14:34:09.121+0000] {crawl_data.py:131} INFO - Extracted page 1 - thoi-trang-nam, 40 items, total extracted: 320
[2025-03-09T14:34:13.741+0000] {crawl_data.py:106} INFO - Crawling category dong-ho-va-trang-suc with 1 pages
[2025-03-09T14:34:14.187+0000] {crawl_data.py:131} INFO - Extracted page 1 - dong-ho-va-trang-suc, 40 items, total extracted: 360
[2025-03-09T14:34:17.194+0000] {crawl_data.py:106} INFO - Crawling category dien-tu-dien-lanh with 1 pages
[2025-03-09T14:34:17.787+0000] {crawl_data.py:131} INFO - Extracted page 1 - dien-tu-dien-lanh, 40 items, total extracted: 400
[2025-03-09T14:34:31.584+0000] {crawl_data.py:49} INFO - Updated crawled products at tiki-data/tiki_crawled/crawled_products.json
[2025-03-09T14:34:31.585+0000] {crawl_data.py:147} INFO - Uploaded raw data to tiki-data/tiki_raw_data/raw_20250309_143420.json, total items: 400
[2025-03-09T14:34:31.620+0000] {tiki_extract_dag.py:25} INFO - Extracted data and saved to tiki_raw_data/raw_20250309_143420.json
[2025-03-09T14:34:31.621+0000] {python.py:240} INFO - Done. Returned value was: None
[2025-03-09T14:34:31.646+0000] {taskinstance.py:341} INFO - ::group::Post task execution logs
[2025-03-09T14:34:31.648+0000] {taskinstance.py:353} INFO - Marking task as SUCCESS. dag_id=tiki_extract_dag, task_id=extract_data, run_id=manual__2025-03-09T14:33:29.414499+00:00, execution_date=20250309T143329, start_date=20250309T143334, end_date=20250309T143431
[2025-03-09T14:34:31.724+0000] {logging_mixin.py:190} INFO - Task instance in success state
[2025-03-09T14:34:31.725+0000] {logging_mixin.py:190} INFO -  Previous state of the Task instance: running
[2025-03-09T14:34:31.727+0000] {logging_mixin.py:190} INFO - Dag name:tiki_extract_dag queued_at:2025-03-09 14:33:29.476849+00:00
[2025-03-09T14:34:31.727+0000] {logging_mixin.py:190} INFO - Task hostname:10038f9c1f89 operator:PythonOperator
[2025-03-09T14:34:31.781+0000] {local_task_job_runner.py:266} INFO - Task exited with return code 0
[2025-03-09T14:34:31.815+0000] {taskinstance.py:3901} INFO - 0 downstream tasks scheduled from follow-on schedule check
[2025-03-09T14:34:31.820+0000] {local_task_job_runner.py:245} INFO - ::endgroup::
