[2025-03-10T10:23:16.664+0000] {local_task_job_runner.py:123} INFO - ::group::Pre task execution logs
[2025-03-10T10:23:16.722+0000] {taskinstance.py:2614} INFO - Dependencies all met for dep_context=non-requeueable deps ti=<TaskInstance: tiki_extract_dag.crawl_thoi-trang-nam manual__2025-03-10T10:23:09.493279+00:00 [queued]>
[2025-03-10T10:23:16.745+0000] {taskinstance.py:2614} INFO - Dependencies all met for dep_context=requeueable deps ti=<TaskInstance: tiki_extract_dag.crawl_thoi-trang-nam manual__2025-03-10T10:23:09.493279+00:00 [queued]>
[2025-03-10T10:23:16.748+0000] {taskinstance.py:2867} INFO - Starting attempt 1 of 4
[2025-03-10T10:23:16.792+0000] {taskinstance.py:2890} INFO - Executing <Task(PythonOperator): crawl_thoi-trang-nam> on 2025-03-10 10:23:09.493279+00:00
[2025-03-10T10:23:16.856+0000] {warnings.py:112} WARNING - /home/***/.local/lib/python3.12/site-packages/***/task/task_runner/standard_task_runner.py:70: DeprecationWarning: This process (pid=82) is multi-threaded, use of fork() may lead to deadlocks in the child.
  pid = os.fork()

[2025-03-10T10:23:16.863+0000] {standard_task_runner.py:72} INFO - Started process 108 to run task
[2025-03-10T10:23:16.869+0000] {standard_task_runner.py:104} INFO - Running: ['***', 'tasks', 'run', 'tiki_extract_dag', 'crawl_thoi-trang-nam', 'manual__2025-03-10T10:23:09.493279+00:00', '--job-id', '432', '--raw', '--subdir', 'DAGS_FOLDER/tiki_extract_dag.py', '--cfg-path', '/tmp/tmp5jjuixgd']
[2025-03-10T10:23:16.880+0000] {standard_task_runner.py:105} INFO - Job 432: Subtask crawl_thoi-trang-nam
[2025-03-10T10:23:17.131+0000] {task_command.py:467} INFO - Running <TaskInstance: tiki_extract_dag.crawl_thoi-trang-nam manual__2025-03-10T10:23:09.493279+00:00 [running]> on host c77555d100c4
[2025-03-10T10:23:30.929+0000] {taskinstance.py:3134} INFO - Exporting env vars: AIRFLOW_CTX_DAG_OWNER='***' AIRFLOW_CTX_DAG_ID='tiki_extract_dag' AIRFLOW_CTX_TASK_ID='crawl_thoi-trang-nam' AIRFLOW_CTX_EXECUTION_DATE='2025-03-10T10:23:09.493279+00:00' AIRFLOW_CTX_TRY_NUMBER='1' AIRFLOW_CTX_DAG_RUN_ID='manual__2025-03-10T10:23:09.493279+00:00'
[2025-03-10T10:23:30.938+0000] {logging_mixin.py:190} INFO - Task instance is in running state
[2025-03-10T10:23:30.939+0000] {logging_mixin.py:190} INFO -  Previous state of the Task instance: queued
[2025-03-10T10:23:30.940+0000] {logging_mixin.py:190} INFO - Current task name:crawl_thoi-trang-nam state:running start_date:2025-03-10 10:23:16.725114+00:00
[2025-03-10T10:23:30.941+0000] {logging_mixin.py:190} INFO - Dag name:tiki_extract_dag and current dag run status:running
[2025-03-10T10:23:30.942+0000] {taskinstance.py:732} INFO - ::endgroup::
[2025-03-10T10:23:32.276+0000] {tiki_extract_dag.py:132} INFO - Starting crawl for category thoi-trang-nam (ID: 915)
[2025-03-10T10:23:32.278+0000] {tiki_extract_dag.py:134} INFO - Calling API: https://tiki.vn/api/v2/products with params: {'page': 1, 'limit': 40, 'category': '915'}
[2025-03-10T10:23:34.434+0000] {tiki_extract_dag.py:143} INFO - Total pages for thoi-trang-nam: 50 (limited to 50)
[2025-03-10T10:23:34.436+0000] {tiki_extract_dag.py:156} INFO - Calling API: https://tiki.vn/api/v2/products with params: {'page': 2, 'limit': 40, 'category': '915'}
[2025-03-10T10:23:37.337+0000] {tiki_extract_dag.py:175} INFO - Extracted page 2/50 for category thoi-trang-nam, total items: 0
[2025-03-10T10:23:47.651+0000] {tiki_extract_dag.py:156} INFO - Calling API: https://tiki.vn/api/v2/products with params: {'page': 3, 'limit': 40, 'category': '915'}
[2025-03-10T10:23:50.557+0000] {tiki_extract_dag.py:175} INFO - Extracted page 3/50 for category thoi-trang-nam, total items: 0
[2025-03-10T10:24:01.989+0000] {tiki_extract_dag.py:156} INFO - Calling API: https://tiki.vn/api/v2/products with params: {'page': 4, 'limit': 40, 'category': '915'}
[2025-03-10T10:24:02.196+0000] {tiki_extract_dag.py:178} ERROR - API error at page 4 in category thoi-trang-nam: Expecting value: line 1 column 1 (char 0)
[2025-03-10T10:24:02.197+0000] {tiki_extract_dag.py:206} WARNING - No data extracted for category thoi-trang-nam
[2025-03-10T10:24:02.199+0000] {python.py:240} INFO - Done. Returned value was: None
[2025-03-10T10:24:02.219+0000] {taskinstance.py:341} INFO - ::group::Post task execution logs
[2025-03-10T10:24:02.220+0000] {taskinstance.py:353} INFO - Marking task as SUCCESS. dag_id=tiki_extract_dag, task_id=crawl_thoi-trang-nam, run_id=manual__2025-03-10T10:23:09.493279+00:00, execution_date=20250310T102309, start_date=20250310T102316, end_date=20250310T102402
[2025-03-10T10:24:02.260+0000] {logging_mixin.py:190} INFO - Task instance in success state
[2025-03-10T10:24:02.260+0000] {logging_mixin.py:190} INFO -  Previous state of the Task instance: running
[2025-03-10T10:24:02.261+0000] {logging_mixin.py:190} INFO - Dag name:tiki_extract_dag queued_at:2025-03-10 10:23:09.537669+00:00
[2025-03-10T10:24:02.262+0000] {logging_mixin.py:190} INFO - Task hostname:c77555d100c4 operator:PythonOperator
[2025-03-10T10:24:02.402+0000] {local_task_job_runner.py:266} INFO - Task exited with return code 0
[2025-03-10T10:24:02.461+0000] {taskinstance.py:3901} INFO - 0 downstream tasks scheduled from follow-on schedule check
[2025-03-10T10:24:02.467+0000] {local_task_job_runner.py:245} INFO - ::endgroup::
