[2025-03-10T10:10:19.858+0000] {local_task_job_runner.py:123} INFO - ::group::Pre task execution logs
[2025-03-10T10:10:43.089+0000] {taskinstance.py:2614} INFO - Dependencies all met for dep_context=non-requeueable deps ti=<TaskInstance: tiki_extract_dag.crawl_dong-ho-va-trang-suc manual__2025-03-10T09:17:11.640176+00:00 [queued]>
[2025-03-10T10:10:43.159+0000] {taskinstance.py:2614} INFO - Dependencies all met for dep_context=requeueable deps ti=<TaskInstance: tiki_extract_dag.crawl_dong-ho-va-trang-suc manual__2025-03-10T09:17:11.640176+00:00 [queued]>
[2025-03-10T10:10:43.161+0000] {taskinstance.py:2867} INFO - Starting attempt 1 of 4
[2025-03-10T10:10:43.249+0000] {taskinstance.py:2890} INFO - Executing <Task(PythonOperator): crawl_dong-ho-va-trang-suc> on 2025-03-10 09:17:11.640176+00:00
[2025-03-10T10:10:43.272+0000] {warnings.py:112} WARNING - /home/***/.local/lib/python3.12/site-packages/***/task/task_runner/standard_task_runner.py:70: DeprecationWarning: This process (pid=2425) is multi-threaded, use of fork() may lead to deadlocks in the child.
  pid = os.fork()

[2025-03-10T10:10:43.282+0000] {standard_task_runner.py:72} INFO - Started process 2458 to run task
[2025-03-10T10:10:43.281+0000] {standard_task_runner.py:104} INFO - Running: ['***', 'tasks', 'run', 'tiki_extract_dag', 'crawl_dong-ho-va-trang-suc', 'manual__2025-03-10T09:17:11.640176+00:00', '--job-id', '409', '--raw', '--subdir', 'DAGS_FOLDER/tiki_extract_dag.py', '--cfg-path', '/tmp/tmp1wxiliso']
[2025-03-10T10:10:43.287+0000] {standard_task_runner.py:105} INFO - Job 409: Subtask crawl_dong-ho-va-trang-suc
[2025-03-10T10:10:43.446+0000] {task_command.py:467} INFO - Running <TaskInstance: tiki_extract_dag.crawl_dong-ho-va-trang-suc manual__2025-03-10T09:17:11.640176+00:00 [running]> on host c77555d100c4
[2025-03-10T10:10:44.233+0000] {taskinstance.py:3134} INFO - Exporting env vars: AIRFLOW_CTX_DAG_OWNER='***' AIRFLOW_CTX_DAG_ID='tiki_extract_dag' AIRFLOW_CTX_TASK_ID='crawl_dong-ho-va-trang-suc' AIRFLOW_CTX_EXECUTION_DATE='2025-03-10T09:17:11.640176+00:00' AIRFLOW_CTX_TRY_NUMBER='1' AIRFLOW_CTX_DAG_RUN_ID='manual__2025-03-10T09:17:11.640176+00:00'
[2025-03-10T10:10:44.235+0000] {logging_mixin.py:190} INFO - Task instance is in running state
[2025-03-10T10:10:44.236+0000] {logging_mixin.py:190} INFO -  Previous state of the Task instance: queued
[2025-03-10T10:10:44.238+0000] {logging_mixin.py:190} INFO - Current task name:crawl_dong-ho-va-trang-suc state:running start_date:2025-03-10 10:10:43.091587+00:00
[2025-03-10T10:10:44.239+0000] {logging_mixin.py:190} INFO - Dag name:tiki_extract_dag and current dag run status:running
[2025-03-10T10:10:44.240+0000] {taskinstance.py:732} INFO - ::endgroup::
[2025-03-10T10:10:45.723+0000] {tiki_extract_dag.py:132} INFO - Starting crawl for category dong-ho-va-trang-suc (ID: 8371)
[2025-03-10T10:10:45.724+0000] {tiki_extract_dag.py:134} INFO - Calling API: https://tiki.vn/api/v2/products with params: {'page': 1, 'limit': 50, 'category': '8371'}
[2025-03-10T10:10:48.333+0000] {job.py:229} INFO - Heartbeat recovered after 31.90 seconds
[2025-03-10T10:10:56.084+0000] {tiki_extract_dag.py:143} INFO - Total pages for dong-ho-va-trang-suc: 50 (limited to 50)
[2025-03-10T10:11:12.446+0000] {connectionpool.py:868} WARNING - Retrying (Retry(total=4, connect=5, read=4, redirect=None, status=None)) after connection broken by 'ReadTimeoutError("HTTPSConnectionPool(host='tiki.vn', port=443): Read timed out. (read timeout=15)")': /api/v2/products/204038070
[2025-03-10T10:11:17.079+0000] {job.py:229} INFO - Heartbeat recovered after 20.73 seconds
[2025-03-10T10:11:21.860+0000] {tiki_extract_dag.py:119} ERROR - Error fetching details for product 178027547: Expecting value: line 1 column 1 (char 0)
[2025-03-10T10:11:22.011+0000] {tiki_extract_dag.py:119} ERROR - Error fetching details for product 150615727: Expecting value: line 1 column 1 (char 0)
[2025-03-10T10:11:22.180+0000] {tiki_extract_dag.py:119} ERROR - Error fetching details for product 145763594: Expecting value: line 1 column 1 (char 0)
[2025-03-10T10:11:22.347+0000] {tiki_extract_dag.py:119} ERROR - Error fetching details for product 145763569: Expecting value: line 1 column 1 (char 0)
[2025-03-10T10:11:39.820+0000] {tiki_extract_dag.py:119} ERROR - Error fetching details for product 93819008: Expecting value: line 1 column 1 (char 0)
[2025-03-10T10:11:39.988+0000] {tiki_extract_dag.py:119} ERROR - Error fetching details for product 92817188: Expecting value: line 1 column 1 (char 0)
[2025-03-10T10:11:40.135+0000] {tiki_extract_dag.py:119} ERROR - Error fetching details for product 74853731: Expecting value: line 1 column 1 (char 0)
[2025-03-10T10:11:40.300+0000] {tiki_extract_dag.py:119} ERROR - Error fetching details for product 70841244: Expecting value: line 1 column 1 (char 0)
[2025-03-10T10:11:40.446+0000] {tiki_extract_dag.py:119} ERROR - Error fetching details for product 68427641: Expecting value: line 1 column 1 (char 0)
[2025-03-10T10:11:40.598+0000] {tiki_extract_dag.py:119} ERROR - Error fetching details for product 59084567: Expecting value: line 1 column 1 (char 0)
[2025-03-10T10:11:40.738+0000] {tiki_extract_dag.py:119} ERROR - Error fetching details for product 54687717: Expecting value: line 1 column 1 (char 0)
[2025-03-10T10:11:40.877+0000] {tiki_extract_dag.py:119} ERROR - Error fetching details for product 52469205: Expecting value: line 1 column 1 (char 0)
[2025-03-10T10:11:41.014+0000] {tiki_extract_dag.py:119} ERROR - Error fetching details for product 51104756: Expecting value: line 1 column 1 (char 0)
[2025-03-10T10:11:41.157+0000] {tiki_extract_dag.py:119} ERROR - Error fetching details for product 48658720: Expecting value: line 1 column 1 (char 0)
[2025-03-10T10:11:41.295+0000] {tiki_extract_dag.py:119} ERROR - Error fetching details for product 42194457: Expecting value: line 1 column 1 (char 0)
[2025-03-10T10:11:41.439+0000] {tiki_extract_dag.py:119} ERROR - Error fetching details for product 37156749: Expecting value: line 1 column 1 (char 0)
[2025-03-10T10:11:41.581+0000] {tiki_extract_dag.py:119} ERROR - Error fetching details for product 35507445: Expecting value: line 1 column 1 (char 0)
[2025-03-10T10:11:41.741+0000] {tiki_extract_dag.py:119} ERROR - Error fetching details for product 33630695: Expecting value: line 1 column 1 (char 0)
[2025-03-10T10:11:41.900+0000] {tiki_extract_dag.py:119} ERROR - Error fetching details for product 27733854: Expecting value: line 1 column 1 (char 0)
[2025-03-10T10:11:42.062+0000] {tiki_extract_dag.py:119} ERROR - Error fetching details for product 21754311: Expecting value: line 1 column 1 (char 0)
[2025-03-10T10:11:42.203+0000] {tiki_extract_dag.py:119} ERROR - Error fetching details for product 13246837: Expecting value: line 1 column 1 (char 0)
[2025-03-10T10:11:42.382+0000] {tiki_extract_dag.py:119} ERROR - Error fetching details for product 7804969: Expecting value: line 1 column 1 (char 0)
[2025-03-10T10:11:42.536+0000] {tiki_extract_dag.py:119} ERROR - Error fetching details for product 7803174: Expecting value: line 1 column 1 (char 0)
[2025-03-10T10:11:42.683+0000] {tiki_extract_dag.py:119} ERROR - Error fetching details for product 7802880: Expecting value: line 1 column 1 (char 0)
[2025-03-10T10:11:42.842+0000] {tiki_extract_dag.py:119} ERROR - Error fetching details for product 7799222: Expecting value: line 1 column 1 (char 0)
[2025-03-10T10:11:42.983+0000] {tiki_extract_dag.py:119} ERROR - Error fetching details for product 7796951: Expecting value: line 1 column 1 (char 0)
[2025-03-10T10:11:42.984+0000] {tiki_extract_dag.py:156} INFO - Calling API: https://tiki.vn/api/v2/products with params: {'page': 2, 'limit': 50, 'category': '8371'}
[2025-03-10T10:11:43.125+0000] {tiki_extract_dag.py:178} ERROR - API error at page 2 in category dong-ho-va-trang-suc: Expecting value: line 1 column 1 (char 0)
[2025-03-10T10:11:47.125+0000] {tiki_extract_dag.py:50} INFO - Updated crawled products at tiki-pipeline/tiki_crawled/crawled_products.json
[2025-03-10T10:11:47.126+0000] {tiki_extract_dag.py:192} INFO - Uploaded raw data to tiki-pipeline/raw_data/dong-ho-va-trang-suc_20250310_101143.json, total items: 40
[2025-03-10T10:11:47.456+0000] {tiki_extract_dag.py:204} INFO - Saved metadata to tiki-pipeline/metadata/dong-ho-va-trang-suc_extract_run_metadata_20250310_101143.json
[2025-03-10T10:11:47.457+0000] {python.py:240} INFO - Done. Returned value was: None
[2025-03-10T10:11:47.523+0000] {taskinstance.py:341} INFO - ::group::Post task execution logs
[2025-03-10T10:11:47.524+0000] {taskinstance.py:353} INFO - Marking task as SUCCESS. dag_id=tiki_extract_dag, task_id=crawl_dong-ho-va-trang-suc, run_id=manual__2025-03-10T09:17:11.640176+00:00, execution_date=20250310T091711, start_date=20250310T101043, end_date=20250310T101147
[2025-03-10T10:11:47.607+0000] {logging_mixin.py:190} INFO - Task instance in success state
[2025-03-10T10:11:47.609+0000] {logging_mixin.py:190} INFO -  Previous state of the Task instance: running
[2025-03-10T10:11:47.610+0000] {logging_mixin.py:190} INFO - Dag name:tiki_extract_dag queued_at:2025-03-10 09:17:11.667672+00:00
[2025-03-10T10:11:47.611+0000] {logging_mixin.py:190} INFO - Task hostname:c77555d100c4 operator:PythonOperator
[2025-03-10T10:11:47.658+0000] {local_task_job_runner.py:266} INFO - Task exited with return code 0
[2025-03-10T10:11:47.680+0000] {local_task_job_runner.py:245} INFO - ::endgroup::
