[2025-03-09T07:40:31.369+0000] {local_task_job_runner.py:123} INFO - ::group::Pre task execution logs
[2025-03-09T07:40:31.400+0000] {taskinstance.py:2614} INFO - Dependencies all met for dep_context=non-requeueable deps ti=<TaskInstance: tiki_transform_dag.wait_for_extract manual__2025-03-09T07:40:22.538389+00:00 [queued]>
[2025-03-09T07:40:31.416+0000] {taskinstance.py:2614} INFO - Dependencies all met for dep_context=requeueable deps ti=<TaskInstance: tiki_transform_dag.wait_for_extract manual__2025-03-09T07:40:22.538389+00:00 [queued]>
[2025-03-09T07:40:31.417+0000] {taskinstance.py:2867} INFO - Starting attempt 1 of 1
[2025-03-09T07:40:31.441+0000] {taskinstance.py:2890} INFO - Executing <Task(ExternalTaskSensor): wait_for_extract> on 2025-03-09 07:40:22.538389+00:00
[2025-03-09T07:40:31.454+0000] {warnings.py:112} WARNING - /home/***/.local/lib/python3.12/site-packages/***/task/task_runner/standard_task_runner.py:70: DeprecationWarning: This process (pid=239) is multi-threaded, use of fork() may lead to deadlocks in the child.
  pid = os.fork()

[2025-03-09T07:40:31.457+0000] {standard_task_runner.py:72} INFO - Started process 241 to run task
[2025-03-09T07:40:31.457+0000] {standard_task_runner.py:104} INFO - Running: ['***', 'tasks', 'run', 'tiki_transform_dag', 'wait_for_extract', 'manual__2025-03-09T07:40:22.538389+00:00', '--job-id', '77', '--raw', '--subdir', 'DAGS_FOLDER/tiki_transform_dag.py', '--cfg-path', '/tmp/tmpprvhux36']
[2025-03-09T07:40:31.460+0000] {standard_task_runner.py:105} INFO - Job 77: Subtask wait_for_extract
[2025-03-09T07:40:31.535+0000] {task_command.py:467} INFO - Running <TaskInstance: tiki_transform_dag.wait_for_extract manual__2025-03-09T07:40:22.538389+00:00 [running]> on host 4dc18dee7126
[2025-03-09T07:40:31.676+0000] {taskinstance.py:3134} INFO - Exporting env vars: AIRFLOW_CTX_DAG_OWNER='***' AIRFLOW_CTX_DAG_ID='tiki_transform_dag' AIRFLOW_CTX_TASK_ID='wait_for_extract' AIRFLOW_CTX_EXECUTION_DATE='2025-03-09T07:40:22.538389+00:00' AIRFLOW_CTX_TRY_NUMBER='1' AIRFLOW_CTX_DAG_RUN_ID='manual__2025-03-09T07:40:22.538389+00:00'
[2025-03-09T07:40:31.678+0000] {logging_mixin.py:190} INFO - Task instance is in running state
[2025-03-09T07:40:31.679+0000] {logging_mixin.py:190} INFO -  Previous state of the Task instance: queued
[2025-03-09T07:40:31.680+0000] {logging_mixin.py:190} INFO - Current task name:wait_for_extract state:running start_date:2025-03-09 07:40:31.401193+00:00
[2025-03-09T07:40:31.681+0000] {logging_mixin.py:190} INFO - Dag name:tiki_transform_dag and current dag run status:running
[2025-03-09T07:40:31.682+0000] {taskinstance.py:732} INFO - ::endgroup::
[2025-03-09T07:40:31.683+0000] {baseoperator.py:423} WARNING - ExternalTaskSensor.execute cannot be called outside TaskInstance!
[2025-03-09T07:40:31.698+0000] {external_task.py:258} INFO - Poking for tasks ['extract_data'] in dag tiki_extract_dag on 2025-03-09T07:40:22.538389+00:00 ... 
[2025-03-09T07:40:31.700+0000] {warnings.py:112} WARNING - /home/***/.local/lib/python3.12/site-packages/***/utils/session.py:97: DeprecationWarning: This method is deprecated and will be removed in future.
  return func(*args, session=session, **kwargs)

[2025-03-09T07:40:32.125+0000] {taskinstance.py:310} INFO - Rescheduling task, marking task as UP_FOR_RESCHEDULE
[2025-03-09T07:40:32.126+0000] {taskinstance.py:341} INFO - ::group::Post task execution logs
[2025-03-09T07:40:32.157+0000] {local_task_job_runner.py:266} INFO - Task exited with return code 0
[2025-03-09T07:40:32.199+0000] {taskinstance.py:3901} INFO - 0 downstream tasks scheduled from follow-on schedule check
[2025-03-09T07:40:32.203+0000] {local_task_job_runner.py:245} INFO - ::endgroup::
[2025-03-09T07:41:08.178+0000] {local_task_job_runner.py:123} INFO - ::group::Pre task execution logs
[2025-03-09T07:41:08.216+0000] {taskinstance.py:2614} INFO - Dependencies all met for dep_context=non-requeueable deps ti=<TaskInstance: tiki_transform_dag.wait_for_extract manual__2025-03-09T07:40:22.538389+00:00 [queued]>
[2025-03-09T07:41:08.234+0000] {taskinstance.py:2614} INFO - Dependencies all met for dep_context=requeueable deps ti=<TaskInstance: tiki_transform_dag.wait_for_extract manual__2025-03-09T07:40:22.538389+00:00 [queued]>
[2025-03-09T07:41:08.235+0000] {taskinstance.py:2867} INFO - Starting attempt 1 of 1
[2025-03-09T07:41:08.267+0000] {taskinstance.py:2890} INFO - Executing <Task(ExternalTaskSensor): wait_for_extract> on 2025-03-09 07:40:22.538389+00:00
[2025-03-09T07:41:08.280+0000] {warnings.py:112} WARNING - /home/***/.local/lib/python3.12/site-packages/***/task/task_runner/standard_task_runner.py:70: DeprecationWarning: This process (pid=250) is multi-threaded, use of fork() may lead to deadlocks in the child.
  pid = os.fork()

[2025-03-09T07:41:08.283+0000] {standard_task_runner.py:72} INFO - Started process 252 to run task
[2025-03-09T07:41:08.283+0000] {standard_task_runner.py:104} INFO - Running: ['***', 'tasks', 'run', 'tiki_transform_dag', 'wait_for_extract', 'manual__2025-03-09T07:40:22.538389+00:00', '--job-id', '78', '--raw', '--subdir', 'DAGS_FOLDER/tiki_transform_dag.py', '--cfg-path', '/tmp/tmpd3jq2rdo']
[2025-03-09T07:41:08.285+0000] {standard_task_runner.py:105} INFO - Job 78: Subtask wait_for_extract
[2025-03-09T07:41:08.367+0000] {task_command.py:467} INFO - Running <TaskInstance: tiki_transform_dag.wait_for_extract manual__2025-03-09T07:40:22.538389+00:00 [running]> on host 4dc18dee7126
[2025-03-09T07:41:08.501+0000] {taskinstance.py:3134} INFO - Exporting env vars: AIRFLOW_CTX_DAG_OWNER='***' AIRFLOW_CTX_DAG_ID='tiki_transform_dag' AIRFLOW_CTX_TASK_ID='wait_for_extract' AIRFLOW_CTX_EXECUTION_DATE='2025-03-09T07:40:22.538389+00:00' AIRFLOW_CTX_TRY_NUMBER='1' AIRFLOW_CTX_DAG_RUN_ID='manual__2025-03-09T07:40:22.538389+00:00'
[2025-03-09T07:41:08.504+0000] {logging_mixin.py:190} INFO - Task instance is in running state
[2025-03-09T07:41:08.505+0000] {logging_mixin.py:190} INFO -  Previous state of the Task instance: queued
[2025-03-09T07:41:08.506+0000] {logging_mixin.py:190} INFO - Current task name:wait_for_extract state:running start_date:2025-03-09 07:41:08.217371+00:00
[2025-03-09T07:41:08.507+0000] {logging_mixin.py:190} INFO - Dag name:tiki_transform_dag and current dag run status:running
[2025-03-09T07:41:08.507+0000] {taskinstance.py:732} INFO - ::endgroup::
[2025-03-09T07:41:08.508+0000] {baseoperator.py:423} WARNING - ExternalTaskSensor.execute cannot be called outside TaskInstance!
[2025-03-09T07:41:08.523+0000] {external_task.py:258} INFO - Poking for tasks ['extract_data'] in dag tiki_extract_dag on 2025-03-09T07:40:22.538389+00:00 ... 
[2025-03-09T07:41:08.524+0000] {warnings.py:112} WARNING - /home/***/.local/lib/python3.12/site-packages/***/utils/session.py:97: DeprecationWarning: This method is deprecated and will be removed in future.
  return func(*args, session=session, **kwargs)

[2025-03-09T07:41:08.577+0000] {taskinstance.py:310} INFO - Rescheduling task, marking task as UP_FOR_RESCHEDULE
[2025-03-09T07:41:08.578+0000] {taskinstance.py:341} INFO - ::group::Post task execution logs
[2025-03-09T07:41:08.621+0000] {local_task_job_runner.py:266} INFO - Task exited with return code 0
[2025-03-09T07:41:08.665+0000] {taskinstance.py:3901} INFO - 0 downstream tasks scheduled from follow-on schedule check
[2025-03-09T07:41:08.669+0000] {local_task_job_runner.py:245} INFO - ::endgroup::
[2025-03-09T07:41:42.029+0000] {local_task_job_runner.py:123} INFO - ::group::Pre task execution logs
[2025-03-09T07:41:42.072+0000] {taskinstance.py:2614} INFO - Dependencies all met for dep_context=non-requeueable deps ti=<TaskInstance: tiki_transform_dag.wait_for_extract manual__2025-03-09T07:40:22.538389+00:00 [queued]>
[2025-03-09T07:41:42.092+0000] {taskinstance.py:2614} INFO - Dependencies all met for dep_context=requeueable deps ti=<TaskInstance: tiki_transform_dag.wait_for_extract manual__2025-03-09T07:40:22.538389+00:00 [queued]>
[2025-03-09T07:41:42.093+0000] {taskinstance.py:2867} INFO - Starting attempt 1 of 1
[2025-03-09T07:41:42.117+0000] {taskinstance.py:2890} INFO - Executing <Task(ExternalTaskSensor): wait_for_extract> on 2025-03-09 07:40:22.538389+00:00
[2025-03-09T07:41:42.129+0000] {warnings.py:112} WARNING - /home/***/.local/lib/python3.12/site-packages/***/task/task_runner/standard_task_runner.py:70: DeprecationWarning: This process (pid=261) is multi-threaded, use of fork() may lead to deadlocks in the child.
  pid = os.fork()

[2025-03-09T07:41:42.132+0000] {standard_task_runner.py:72} INFO - Started process 263 to run task
[2025-03-09T07:41:42.132+0000] {standard_task_runner.py:104} INFO - Running: ['***', 'tasks', 'run', 'tiki_transform_dag', 'wait_for_extract', 'manual__2025-03-09T07:40:22.538389+00:00', '--job-id', '79', '--raw', '--subdir', 'DAGS_FOLDER/tiki_transform_dag.py', '--cfg-path', '/tmp/tmpnripu990']
[2025-03-09T07:41:42.134+0000] {standard_task_runner.py:105} INFO - Job 79: Subtask wait_for_extract
[2025-03-09T07:41:42.213+0000] {task_command.py:467} INFO - Running <TaskInstance: tiki_transform_dag.wait_for_extract manual__2025-03-09T07:40:22.538389+00:00 [running]> on host 4dc18dee7126
[2025-03-09T07:41:42.350+0000] {taskinstance.py:3134} INFO - Exporting env vars: AIRFLOW_CTX_DAG_OWNER='***' AIRFLOW_CTX_DAG_ID='tiki_transform_dag' AIRFLOW_CTX_TASK_ID='wait_for_extract' AIRFLOW_CTX_EXECUTION_DATE='2025-03-09T07:40:22.538389+00:00' AIRFLOW_CTX_TRY_NUMBER='1' AIRFLOW_CTX_DAG_RUN_ID='manual__2025-03-09T07:40:22.538389+00:00'
[2025-03-09T07:41:42.352+0000] {logging_mixin.py:190} INFO - Task instance is in running state
[2025-03-09T07:41:42.353+0000] {logging_mixin.py:190} INFO -  Previous state of the Task instance: queued
[2025-03-09T07:41:42.354+0000] {logging_mixin.py:190} INFO - Current task name:wait_for_extract state:running start_date:2025-03-09 07:41:42.074120+00:00
[2025-03-09T07:41:42.354+0000] {logging_mixin.py:190} INFO - Dag name:tiki_transform_dag and current dag run status:running
[2025-03-09T07:41:42.355+0000] {taskinstance.py:732} INFO - ::endgroup::
[2025-03-09T07:41:42.356+0000] {baseoperator.py:423} WARNING - ExternalTaskSensor.execute cannot be called outside TaskInstance!
[2025-03-09T07:41:42.372+0000] {external_task.py:258} INFO - Poking for tasks ['extract_data'] in dag tiki_extract_dag on 2025-03-09T07:40:22.538389+00:00 ... 
[2025-03-09T07:41:42.374+0000] {warnings.py:112} WARNING - /home/***/.local/lib/python3.12/site-packages/***/utils/session.py:97: DeprecationWarning: This method is deprecated and will be removed in future.
  return func(*args, session=session, **kwargs)

[2025-03-09T07:41:42.434+0000] {taskinstance.py:310} INFO - Rescheduling task, marking task as UP_FOR_RESCHEDULE
[2025-03-09T07:41:42.435+0000] {taskinstance.py:341} INFO - ::group::Post task execution logs
[2025-03-09T07:41:42.469+0000] {local_task_job_runner.py:266} INFO - Task exited with return code 0
[2025-03-09T07:41:42.512+0000] {taskinstance.py:3901} INFO - 0 downstream tasks scheduled from follow-on schedule check
[2025-03-09T07:41:42.516+0000] {local_task_job_runner.py:245} INFO - ::endgroup::
[2025-03-09T07:42:16.544+0000] {local_task_job_runner.py:123} INFO - ::group::Pre task execution logs
[2025-03-09T07:42:16.575+0000] {taskinstance.py:2614} INFO - Dependencies all met for dep_context=non-requeueable deps ti=<TaskInstance: tiki_transform_dag.wait_for_extract manual__2025-03-09T07:40:22.538389+00:00 [queued]>
[2025-03-09T07:42:16.593+0000] {taskinstance.py:2614} INFO - Dependencies all met for dep_context=requeueable deps ti=<TaskInstance: tiki_transform_dag.wait_for_extract manual__2025-03-09T07:40:22.538389+00:00 [queued]>
[2025-03-09T07:42:16.594+0000] {taskinstance.py:2867} INFO - Starting attempt 1 of 1
[2025-03-09T07:42:16.623+0000] {taskinstance.py:2890} INFO - Executing <Task(ExternalTaskSensor): wait_for_extract> on 2025-03-09 07:40:22.538389+00:00
[2025-03-09T07:42:16.635+0000] {warnings.py:112} WARNING - /home/***/.local/lib/python3.12/site-packages/***/task/task_runner/standard_task_runner.py:70: DeprecationWarning: This process (pid=272) is multi-threaded, use of fork() may lead to deadlocks in the child.
  pid = os.fork()

[2025-03-09T07:42:16.639+0000] {standard_task_runner.py:72} INFO - Started process 274 to run task
[2025-03-09T07:42:16.639+0000] {standard_task_runner.py:104} INFO - Running: ['***', 'tasks', 'run', 'tiki_transform_dag', 'wait_for_extract', 'manual__2025-03-09T07:40:22.538389+00:00', '--job-id', '80', '--raw', '--subdir', 'DAGS_FOLDER/tiki_transform_dag.py', '--cfg-path', '/tmp/tmptbapvvx2']
[2025-03-09T07:42:16.641+0000] {standard_task_runner.py:105} INFO - Job 80: Subtask wait_for_extract
[2025-03-09T07:42:16.731+0000] {task_command.py:467} INFO - Running <TaskInstance: tiki_transform_dag.wait_for_extract manual__2025-03-09T07:40:22.538389+00:00 [running]> on host 4dc18dee7126
[2025-03-09T07:42:16.884+0000] {taskinstance.py:3134} INFO - Exporting env vars: AIRFLOW_CTX_DAG_OWNER='***' AIRFLOW_CTX_DAG_ID='tiki_transform_dag' AIRFLOW_CTX_TASK_ID='wait_for_extract' AIRFLOW_CTX_EXECUTION_DATE='2025-03-09T07:40:22.538389+00:00' AIRFLOW_CTX_TRY_NUMBER='1' AIRFLOW_CTX_DAG_RUN_ID='manual__2025-03-09T07:40:22.538389+00:00'
[2025-03-09T07:42:16.887+0000] {logging_mixin.py:190} INFO - Task instance is in running state
[2025-03-09T07:42:16.888+0000] {logging_mixin.py:190} INFO -  Previous state of the Task instance: queued
[2025-03-09T07:42:16.890+0000] {logging_mixin.py:190} INFO - Current task name:wait_for_extract state:running start_date:2025-03-09 07:42:16.576788+00:00
[2025-03-09T07:42:16.890+0000] {logging_mixin.py:190} INFO - Dag name:tiki_transform_dag and current dag run status:running
[2025-03-09T07:42:16.891+0000] {taskinstance.py:732} INFO - ::endgroup::
[2025-03-09T07:42:16.892+0000] {baseoperator.py:423} WARNING - ExternalTaskSensor.execute cannot be called outside TaskInstance!
[2025-03-09T07:42:16.908+0000] {external_task.py:258} INFO - Poking for tasks ['extract_data'] in dag tiki_extract_dag on 2025-03-09T07:40:22.538389+00:00 ... 
[2025-03-09T07:42:16.910+0000] {warnings.py:112} WARNING - /home/***/.local/lib/python3.12/site-packages/***/utils/session.py:97: DeprecationWarning: This method is deprecated and will be removed in future.
  return func(*args, session=session, **kwargs)

[2025-03-09T07:42:16.976+0000] {taskinstance.py:310} INFO - Rescheduling task, marking task as UP_FOR_RESCHEDULE
[2025-03-09T07:42:16.977+0000] {taskinstance.py:341} INFO - ::group::Post task execution logs
[2025-03-09T07:42:17.018+0000] {local_task_job_runner.py:266} INFO - Task exited with return code 0
[2025-03-09T07:42:17.074+0000] {taskinstance.py:3901} INFO - 0 downstream tasks scheduled from follow-on schedule check
[2025-03-09T07:42:17.077+0000] {local_task_job_runner.py:245} INFO - ::endgroup::
[2025-03-09T07:42:50.315+0000] {local_task_job_runner.py:123} INFO - ::group::Pre task execution logs
[2025-03-09T07:42:50.346+0000] {taskinstance.py:2614} INFO - Dependencies all met for dep_context=non-requeueable deps ti=<TaskInstance: tiki_transform_dag.wait_for_extract manual__2025-03-09T07:40:22.538389+00:00 [queued]>
[2025-03-09T07:42:50.364+0000] {taskinstance.py:2614} INFO - Dependencies all met for dep_context=requeueable deps ti=<TaskInstance: tiki_transform_dag.wait_for_extract manual__2025-03-09T07:40:22.538389+00:00 [queued]>
[2025-03-09T07:42:50.365+0000] {taskinstance.py:2867} INFO - Starting attempt 1 of 1
[2025-03-09T07:42:50.390+0000] {taskinstance.py:2890} INFO - Executing <Task(ExternalTaskSensor): wait_for_extract> on 2025-03-09 07:40:22.538389+00:00
[2025-03-09T07:42:50.407+0000] {standard_task_runner.py:104} INFO - Running: ['***', 'tasks', 'run', 'tiki_transform_dag', 'wait_for_extract', 'manual__2025-03-09T07:40:22.538389+00:00', '--job-id', '81', '--raw', '--subdir', 'DAGS_FOLDER/tiki_transform_dag.py', '--cfg-path', '/tmp/tmps03m_ek4']
[2025-03-09T07:42:50.406+0000] {warnings.py:112} WARNING - /home/***/.local/lib/python3.12/site-packages/***/task/task_runner/standard_task_runner.py:70: DeprecationWarning: This process (pid=283) is multi-threaded, use of fork() may lead to deadlocks in the child.
  pid = os.fork()

[2025-03-09T07:42:50.410+0000] {standard_task_runner.py:105} INFO - Job 81: Subtask wait_for_extract
[2025-03-09T07:42:50.410+0000] {standard_task_runner.py:72} INFO - Started process 285 to run task
[2025-03-09T07:42:50.512+0000] {task_command.py:467} INFO - Running <TaskInstance: tiki_transform_dag.wait_for_extract manual__2025-03-09T07:40:22.538389+00:00 [running]> on host 4dc18dee7126
[2025-03-09T07:42:50.656+0000] {taskinstance.py:3134} INFO - Exporting env vars: AIRFLOW_CTX_DAG_OWNER='***' AIRFLOW_CTX_DAG_ID='tiki_transform_dag' AIRFLOW_CTX_TASK_ID='wait_for_extract' AIRFLOW_CTX_EXECUTION_DATE='2025-03-09T07:40:22.538389+00:00' AIRFLOW_CTX_TRY_NUMBER='1' AIRFLOW_CTX_DAG_RUN_ID='manual__2025-03-09T07:40:22.538389+00:00'
[2025-03-09T07:42:50.658+0000] {logging_mixin.py:190} INFO - Task instance is in running state
[2025-03-09T07:42:50.659+0000] {logging_mixin.py:190} INFO -  Previous state of the Task instance: queued
[2025-03-09T07:42:50.660+0000] {logging_mixin.py:190} INFO - Current task name:wait_for_extract state:running start_date:2025-03-09 07:42:50.348021+00:00
[2025-03-09T07:42:50.661+0000] {logging_mixin.py:190} INFO - Dag name:tiki_transform_dag and current dag run status:running
[2025-03-09T07:42:50.661+0000] {taskinstance.py:732} INFO - ::endgroup::
[2025-03-09T07:42:50.662+0000] {baseoperator.py:423} WARNING - ExternalTaskSensor.execute cannot be called outside TaskInstance!
[2025-03-09T07:42:50.680+0000] {external_task.py:258} INFO - Poking for tasks ['extract_data'] in dag tiki_extract_dag on 2025-03-09T07:40:22.538389+00:00 ... 
[2025-03-09T07:42:50.682+0000] {warnings.py:112} WARNING - /home/***/.local/lib/python3.12/site-packages/***/utils/session.py:97: DeprecationWarning: This method is deprecated and will be removed in future.
  return func(*args, session=session, **kwargs)

[2025-03-09T07:42:50.736+0000] {taskinstance.py:310} INFO - Rescheduling task, marking task as UP_FOR_RESCHEDULE
[2025-03-09T07:42:50.737+0000] {taskinstance.py:341} INFO - ::group::Post task execution logs
[2025-03-09T07:42:50.789+0000] {local_task_job_runner.py:266} INFO - Task exited with return code 0
[2025-03-09T07:42:50.831+0000] {taskinstance.py:3901} INFO - 0 downstream tasks scheduled from follow-on schedule check
[2025-03-09T07:42:50.835+0000] {local_task_job_runner.py:245} INFO - ::endgroup::
[2025-03-09T07:43:25.085+0000] {local_task_job_runner.py:123} INFO - ::group::Pre task execution logs
[2025-03-09T07:43:25.120+0000] {taskinstance.py:2614} INFO - Dependencies all met for dep_context=non-requeueable deps ti=<TaskInstance: tiki_transform_dag.wait_for_extract manual__2025-03-09T07:40:22.538389+00:00 [queued]>
[2025-03-09T07:43:25.140+0000] {taskinstance.py:2614} INFO - Dependencies all met for dep_context=requeueable deps ti=<TaskInstance: tiki_transform_dag.wait_for_extract manual__2025-03-09T07:40:22.538389+00:00 [queued]>
[2025-03-09T07:43:25.141+0000] {taskinstance.py:2867} INFO - Starting attempt 1 of 1
[2025-03-09T07:43:25.168+0000] {taskinstance.py:2890} INFO - Executing <Task(ExternalTaskSensor): wait_for_extract> on 2025-03-09 07:40:22.538389+00:00
[2025-03-09T07:43:25.184+0000] {warnings.py:112} WARNING - /home/***/.local/lib/python3.12/site-packages/***/task/task_runner/standard_task_runner.py:70: DeprecationWarning: This process (pid=287) is multi-threaded, use of fork() may lead to deadlocks in the child.
  pid = os.fork()

[2025-03-09T07:43:25.187+0000] {standard_task_runner.py:72} INFO - Started process 296 to run task
[2025-03-09T07:43:25.188+0000] {standard_task_runner.py:104} INFO - Running: ['***', 'tasks', 'run', 'tiki_transform_dag', 'wait_for_extract', 'manual__2025-03-09T07:40:22.538389+00:00', '--job-id', '82', '--raw', '--subdir', 'DAGS_FOLDER/tiki_transform_dag.py', '--cfg-path', '/tmp/tmpcfhi_rfa']
[2025-03-09T07:43:25.190+0000] {standard_task_runner.py:105} INFO - Job 82: Subtask wait_for_extract
[2025-03-09T07:43:25.277+0000] {task_command.py:467} INFO - Running <TaskInstance: tiki_transform_dag.wait_for_extract manual__2025-03-09T07:40:22.538389+00:00 [running]> on host 4dc18dee7126
[2025-03-09T07:43:25.459+0000] {taskinstance.py:3134} INFO - Exporting env vars: AIRFLOW_CTX_DAG_OWNER='***' AIRFLOW_CTX_DAG_ID='tiki_transform_dag' AIRFLOW_CTX_TASK_ID='wait_for_extract' AIRFLOW_CTX_EXECUTION_DATE='2025-03-09T07:40:22.538389+00:00' AIRFLOW_CTX_TRY_NUMBER='1' AIRFLOW_CTX_DAG_RUN_ID='manual__2025-03-09T07:40:22.538389+00:00'
[2025-03-09T07:43:25.461+0000] {logging_mixin.py:190} INFO - Task instance is in running state
[2025-03-09T07:43:25.462+0000] {logging_mixin.py:190} INFO -  Previous state of the Task instance: queued
[2025-03-09T07:43:25.463+0000] {logging_mixin.py:190} INFO - Current task name:wait_for_extract state:running start_date:2025-03-09 07:43:25.121856+00:00
[2025-03-09T07:43:25.464+0000] {logging_mixin.py:190} INFO - Dag name:tiki_transform_dag and current dag run status:running
[2025-03-09T07:43:25.465+0000] {taskinstance.py:732} INFO - ::endgroup::
[2025-03-09T07:43:25.466+0000] {baseoperator.py:423} WARNING - ExternalTaskSensor.execute cannot be called outside TaskInstance!
[2025-03-09T07:43:25.481+0000] {external_task.py:258} INFO - Poking for tasks ['extract_data'] in dag tiki_extract_dag on 2025-03-09T07:40:22.538389+00:00 ... 
[2025-03-09T07:43:25.482+0000] {warnings.py:112} WARNING - /home/***/.local/lib/python3.12/site-packages/***/utils/session.py:97: DeprecationWarning: This method is deprecated and will be removed in future.
  return func(*args, session=session, **kwargs)

[2025-03-09T07:43:25.553+0000] {taskinstance.py:310} INFO - Rescheduling task, marking task as UP_FOR_RESCHEDULE
[2025-03-09T07:43:25.554+0000] {taskinstance.py:341} INFO - ::group::Post task execution logs
[2025-03-09T07:43:25.606+0000] {local_task_job_runner.py:266} INFO - Task exited with return code 0
[2025-03-09T07:43:25.655+0000] {taskinstance.py:3901} INFO - 0 downstream tasks scheduled from follow-on schedule check
[2025-03-09T07:43:25.660+0000] {local_task_job_runner.py:245} INFO - ::endgroup::
[2025-03-09T07:43:59.167+0000] {local_task_job_runner.py:123} INFO - ::group::Pre task execution logs
[2025-03-09T07:43:59.200+0000] {taskinstance.py:2614} INFO - Dependencies all met for dep_context=non-requeueable deps ti=<TaskInstance: tiki_transform_dag.wait_for_extract manual__2025-03-09T07:40:22.538389+00:00 [queued]>
[2025-03-09T07:43:59.219+0000] {taskinstance.py:2614} INFO - Dependencies all met for dep_context=requeueable deps ti=<TaskInstance: tiki_transform_dag.wait_for_extract manual__2025-03-09T07:40:22.538389+00:00 [queued]>
[2025-03-09T07:43:59.220+0000] {taskinstance.py:2867} INFO - Starting attempt 1 of 1
[2025-03-09T07:43:59.247+0000] {taskinstance.py:2890} INFO - Executing <Task(ExternalTaskSensor): wait_for_extract> on 2025-03-09 07:40:22.538389+00:00
[2025-03-09T07:43:59.261+0000] {warnings.py:112} WARNING - /home/***/.local/lib/python3.12/site-packages/***/task/task_runner/standard_task_runner.py:70: DeprecationWarning: This process (pid=298) is multi-threaded, use of fork() may lead to deadlocks in the child.
  pid = os.fork()

[2025-03-09T07:43:59.264+0000] {standard_task_runner.py:104} INFO - Running: ['***', 'tasks', 'run', 'tiki_transform_dag', 'wait_for_extract', 'manual__2025-03-09T07:40:22.538389+00:00', '--job-id', '83', '--raw', '--subdir', 'DAGS_FOLDER/tiki_transform_dag.py', '--cfg-path', '/tmp/tmp0cplg7dd']
[2025-03-09T07:43:59.265+0000] {standard_task_runner.py:72} INFO - Started process 307 to run task
[2025-03-09T07:43:59.266+0000] {standard_task_runner.py:105} INFO - Job 83: Subtask wait_for_extract
[2025-03-09T07:43:59.347+0000] {task_command.py:467} INFO - Running <TaskInstance: tiki_transform_dag.wait_for_extract manual__2025-03-09T07:40:22.538389+00:00 [running]> on host 4dc18dee7126
[2025-03-09T07:43:59.487+0000] {taskinstance.py:3134} INFO - Exporting env vars: AIRFLOW_CTX_DAG_OWNER='***' AIRFLOW_CTX_DAG_ID='tiki_transform_dag' AIRFLOW_CTX_TASK_ID='wait_for_extract' AIRFLOW_CTX_EXECUTION_DATE='2025-03-09T07:40:22.538389+00:00' AIRFLOW_CTX_TRY_NUMBER='1' AIRFLOW_CTX_DAG_RUN_ID='manual__2025-03-09T07:40:22.538389+00:00'
[2025-03-09T07:43:59.490+0000] {logging_mixin.py:190} INFO - Task instance is in running state
[2025-03-09T07:43:59.491+0000] {logging_mixin.py:190} INFO -  Previous state of the Task instance: queued
[2025-03-09T07:43:59.491+0000] {logging_mixin.py:190} INFO - Current task name:wait_for_extract state:running start_date:2025-03-09 07:43:59.201915+00:00
[2025-03-09T07:43:59.492+0000] {logging_mixin.py:190} INFO - Dag name:tiki_transform_dag and current dag run status:running
[2025-03-09T07:43:59.493+0000] {taskinstance.py:732} INFO - ::endgroup::
[2025-03-09T07:43:59.494+0000] {baseoperator.py:423} WARNING - ExternalTaskSensor.execute cannot be called outside TaskInstance!
[2025-03-09T07:43:59.509+0000] {external_task.py:258} INFO - Poking for tasks ['extract_data'] in dag tiki_extract_dag on 2025-03-09T07:40:22.538389+00:00 ... 
[2025-03-09T07:43:59.510+0000] {warnings.py:112} WARNING - /home/***/.local/lib/python3.12/site-packages/***/utils/session.py:97: DeprecationWarning: This method is deprecated and will be removed in future.
  return func(*args, session=session, **kwargs)

[2025-03-09T07:43:59.569+0000] {taskinstance.py:310} INFO - Rescheduling task, marking task as UP_FOR_RESCHEDULE
[2025-03-09T07:43:59.570+0000] {taskinstance.py:341} INFO - ::group::Post task execution logs
[2025-03-09T07:43:59.603+0000] {local_task_job_runner.py:266} INFO - Task exited with return code 0
[2025-03-09T07:43:59.650+0000] {taskinstance.py:3901} INFO - 0 downstream tasks scheduled from follow-on schedule check
[2025-03-09T07:43:59.654+0000] {local_task_job_runner.py:245} INFO - ::endgroup::
[2025-03-09T07:44:33.614+0000] {local_task_job_runner.py:123} INFO - ::group::Pre task execution logs
[2025-03-09T07:44:33.645+0000] {taskinstance.py:2614} INFO - Dependencies all met for dep_context=non-requeueable deps ti=<TaskInstance: tiki_transform_dag.wait_for_extract manual__2025-03-09T07:40:22.538389+00:00 [queued]>
[2025-03-09T07:44:33.662+0000] {taskinstance.py:2614} INFO - Dependencies all met for dep_context=requeueable deps ti=<TaskInstance: tiki_transform_dag.wait_for_extract manual__2025-03-09T07:40:22.538389+00:00 [queued]>
[2025-03-09T07:44:33.663+0000] {taskinstance.py:2867} INFO - Starting attempt 1 of 1
[2025-03-09T07:44:33.686+0000] {taskinstance.py:2890} INFO - Executing <Task(ExternalTaskSensor): wait_for_extract> on 2025-03-09 07:40:22.538389+00:00
[2025-03-09T07:44:33.698+0000] {warnings.py:112} WARNING - /home/***/.local/lib/python3.12/site-packages/***/task/task_runner/standard_task_runner.py:70: DeprecationWarning: This process (pid=309) is multi-threaded, use of fork() may lead to deadlocks in the child.
  pid = os.fork()

[2025-03-09T07:44:33.701+0000] {standard_task_runner.py:72} INFO - Started process 311 to run task
[2025-03-09T07:44:33.701+0000] {standard_task_runner.py:104} INFO - Running: ['***', 'tasks', 'run', 'tiki_transform_dag', 'wait_for_extract', 'manual__2025-03-09T07:40:22.538389+00:00', '--job-id', '84', '--raw', '--subdir', 'DAGS_FOLDER/tiki_transform_dag.py', '--cfg-path', '/tmp/tmpy7lokaja']
[2025-03-09T07:44:33.703+0000] {standard_task_runner.py:105} INFO - Job 84: Subtask wait_for_extract
[2025-03-09T07:44:33.780+0000] {task_command.py:467} INFO - Running <TaskInstance: tiki_transform_dag.wait_for_extract manual__2025-03-09T07:40:22.538389+00:00 [running]> on host 4dc18dee7126
[2025-03-09T07:44:33.926+0000] {taskinstance.py:3134} INFO - Exporting env vars: AIRFLOW_CTX_DAG_OWNER='***' AIRFLOW_CTX_DAG_ID='tiki_transform_dag' AIRFLOW_CTX_TASK_ID='wait_for_extract' AIRFLOW_CTX_EXECUTION_DATE='2025-03-09T07:40:22.538389+00:00' AIRFLOW_CTX_TRY_NUMBER='1' AIRFLOW_CTX_DAG_RUN_ID='manual__2025-03-09T07:40:22.538389+00:00'
[2025-03-09T07:44:33.929+0000] {logging_mixin.py:190} INFO - Task instance is in running state
[2025-03-09T07:44:33.930+0000] {logging_mixin.py:190} INFO -  Previous state of the Task instance: queued
[2025-03-09T07:44:33.931+0000] {logging_mixin.py:190} INFO - Current task name:wait_for_extract state:running start_date:2025-03-09 07:44:33.646834+00:00
[2025-03-09T07:44:33.931+0000] {logging_mixin.py:190} INFO - Dag name:tiki_transform_dag and current dag run status:running
[2025-03-09T07:44:33.932+0000] {taskinstance.py:732} INFO - ::endgroup::
[2025-03-09T07:44:33.933+0000] {baseoperator.py:423} WARNING - ExternalTaskSensor.execute cannot be called outside TaskInstance!
[2025-03-09T07:44:33.948+0000] {external_task.py:258} INFO - Poking for tasks ['extract_data'] in dag tiki_extract_dag on 2025-03-09T07:40:22.538389+00:00 ... 
[2025-03-09T07:44:33.950+0000] {warnings.py:112} WARNING - /home/***/.local/lib/python3.12/site-packages/***/utils/session.py:97: DeprecationWarning: This method is deprecated and will be removed in future.
  return func(*args, session=session, **kwargs)

[2025-03-09T07:44:34.021+0000] {taskinstance.py:310} INFO - Rescheduling task, marking task as UP_FOR_RESCHEDULE
[2025-03-09T07:44:34.022+0000] {taskinstance.py:341} INFO - ::group::Post task execution logs
[2025-03-09T07:44:34.079+0000] {local_task_job_runner.py:266} INFO - Task exited with return code 0
[2025-03-09T07:44:34.122+0000] {taskinstance.py:3901} INFO - 0 downstream tasks scheduled from follow-on schedule check
[2025-03-09T07:44:34.126+0000] {local_task_job_runner.py:245} INFO - ::endgroup::
[2025-03-09T07:45:07.652+0000] {local_task_job_runner.py:123} INFO - ::group::Pre task execution logs
[2025-03-09T07:45:07.687+0000] {taskinstance.py:2614} INFO - Dependencies all met for dep_context=non-requeueable deps ti=<TaskInstance: tiki_transform_dag.wait_for_extract manual__2025-03-09T07:40:22.538389+00:00 [queued]>
[2025-03-09T07:45:07.707+0000] {taskinstance.py:2614} INFO - Dependencies all met for dep_context=requeueable deps ti=<TaskInstance: tiki_transform_dag.wait_for_extract manual__2025-03-09T07:40:22.538389+00:00 [queued]>
[2025-03-09T07:45:07.709+0000] {taskinstance.py:2867} INFO - Starting attempt 1 of 1
[2025-03-09T07:45:07.743+0000] {taskinstance.py:2890} INFO - Executing <Task(ExternalTaskSensor): wait_for_extract> on 2025-03-09 07:40:22.538389+00:00
[2025-03-09T07:45:07.759+0000] {warnings.py:112} WARNING - /home/***/.local/lib/python3.12/site-packages/***/task/task_runner/standard_task_runner.py:70: DeprecationWarning: This process (pid=320) is multi-threaded, use of fork() may lead to deadlocks in the child.
  pid = os.fork()

[2025-03-09T07:45:07.762+0000] {standard_task_runner.py:72} INFO - Started process 322 to run task
[2025-03-09T07:45:07.762+0000] {standard_task_runner.py:104} INFO - Running: ['***', 'tasks', 'run', 'tiki_transform_dag', 'wait_for_extract', 'manual__2025-03-09T07:40:22.538389+00:00', '--job-id', '85', '--raw', '--subdir', 'DAGS_FOLDER/tiki_transform_dag.py', '--cfg-path', '/tmp/tmp8wt4eyg1']
[2025-03-09T07:45:07.765+0000] {standard_task_runner.py:105} INFO - Job 85: Subtask wait_for_extract
[2025-03-09T07:45:07.860+0000] {task_command.py:467} INFO - Running <TaskInstance: tiki_transform_dag.wait_for_extract manual__2025-03-09T07:40:22.538389+00:00 [running]> on host 4dc18dee7126
[2025-03-09T07:45:08.021+0000] {taskinstance.py:3134} INFO - Exporting env vars: AIRFLOW_CTX_DAG_OWNER='***' AIRFLOW_CTX_DAG_ID='tiki_transform_dag' AIRFLOW_CTX_TASK_ID='wait_for_extract' AIRFLOW_CTX_EXECUTION_DATE='2025-03-09T07:40:22.538389+00:00' AIRFLOW_CTX_TRY_NUMBER='1' AIRFLOW_CTX_DAG_RUN_ID='manual__2025-03-09T07:40:22.538389+00:00'
[2025-03-09T07:45:08.024+0000] {logging_mixin.py:190} INFO - Task instance is in running state
[2025-03-09T07:45:08.025+0000] {logging_mixin.py:190} INFO -  Previous state of the Task instance: queued
[2025-03-09T07:45:08.026+0000] {logging_mixin.py:190} INFO - Current task name:wait_for_extract state:running start_date:2025-03-09 07:45:07.688010+00:00
[2025-03-09T07:45:08.027+0000] {logging_mixin.py:190} INFO - Dag name:tiki_transform_dag and current dag run status:running
[2025-03-09T07:45:08.027+0000] {taskinstance.py:732} INFO - ::endgroup::
[2025-03-09T07:45:08.028+0000] {baseoperator.py:423} WARNING - ExternalTaskSensor.execute cannot be called outside TaskInstance!
[2025-03-09T07:45:08.046+0000] {external_task.py:258} INFO - Poking for tasks ['extract_data'] in dag tiki_extract_dag on 2025-03-09T07:40:22.538389+00:00 ... 
[2025-03-09T07:45:08.047+0000] {warnings.py:112} WARNING - /home/***/.local/lib/python3.12/site-packages/***/utils/session.py:97: DeprecationWarning: This method is deprecated and will be removed in future.
  return func(*args, session=session, **kwargs)

[2025-03-09T07:45:08.112+0000] {taskinstance.py:310} INFO - Rescheduling task, marking task as UP_FOR_RESCHEDULE
[2025-03-09T07:45:08.113+0000] {taskinstance.py:341} INFO - ::group::Post task execution logs
[2025-03-09T07:45:08.141+0000] {local_task_job_runner.py:266} INFO - Task exited with return code 0
[2025-03-09T07:45:08.198+0000] {taskinstance.py:3901} INFO - 0 downstream tasks scheduled from follow-on schedule check
[2025-03-09T07:45:08.202+0000] {local_task_job_runner.py:245} INFO - ::endgroup::
[2025-03-09T07:45:42.261+0000] {local_task_job_runner.py:123} INFO - ::group::Pre task execution logs
[2025-03-09T07:45:42.291+0000] {taskinstance.py:2614} INFO - Dependencies all met for dep_context=non-requeueable deps ti=<TaskInstance: tiki_transform_dag.wait_for_extract manual__2025-03-09T07:40:22.538389+00:00 [queued]>
[2025-03-09T07:45:42.308+0000] {taskinstance.py:2614} INFO - Dependencies all met for dep_context=requeueable deps ti=<TaskInstance: tiki_transform_dag.wait_for_extract manual__2025-03-09T07:40:22.538389+00:00 [queued]>
[2025-03-09T07:45:42.309+0000] {taskinstance.py:2867} INFO - Starting attempt 1 of 1
[2025-03-09T07:45:42.333+0000] {taskinstance.py:2890} INFO - Executing <Task(ExternalTaskSensor): wait_for_extract> on 2025-03-09 07:40:22.538389+00:00
[2025-03-09T07:45:42.345+0000] {warnings.py:112} WARNING - /home/***/.local/lib/python3.12/site-packages/***/task/task_runner/standard_task_runner.py:70: DeprecationWarning: This process (pid=331) is multi-threaded, use of fork() may lead to deadlocks in the child.
  pid = os.fork()

[2025-03-09T07:45:42.348+0000] {standard_task_runner.py:72} INFO - Started process 333 to run task
[2025-03-09T07:45:42.349+0000] {standard_task_runner.py:104} INFO - Running: ['***', 'tasks', 'run', 'tiki_transform_dag', 'wait_for_extract', 'manual__2025-03-09T07:40:22.538389+00:00', '--job-id', '86', '--raw', '--subdir', 'DAGS_FOLDER/tiki_transform_dag.py', '--cfg-path', '/tmp/tmpg34clreg']
[2025-03-09T07:45:42.351+0000] {standard_task_runner.py:105} INFO - Job 86: Subtask wait_for_extract
[2025-03-09T07:45:42.432+0000] {task_command.py:467} INFO - Running <TaskInstance: tiki_transform_dag.wait_for_extract manual__2025-03-09T07:40:22.538389+00:00 [running]> on host 4dc18dee7126
[2025-03-09T07:45:42.568+0000] {taskinstance.py:3134} INFO - Exporting env vars: AIRFLOW_CTX_DAG_OWNER='***' AIRFLOW_CTX_DAG_ID='tiki_transform_dag' AIRFLOW_CTX_TASK_ID='wait_for_extract' AIRFLOW_CTX_EXECUTION_DATE='2025-03-09T07:40:22.538389+00:00' AIRFLOW_CTX_TRY_NUMBER='1' AIRFLOW_CTX_DAG_RUN_ID='manual__2025-03-09T07:40:22.538389+00:00'
[2025-03-09T07:45:42.570+0000] {logging_mixin.py:190} INFO - Task instance is in running state
[2025-03-09T07:45:42.571+0000] {logging_mixin.py:190} INFO -  Previous state of the Task instance: queued
[2025-03-09T07:45:42.571+0000] {logging_mixin.py:190} INFO - Current task name:wait_for_extract state:running start_date:2025-03-09 07:45:42.292858+00:00
[2025-03-09T07:45:42.572+0000] {logging_mixin.py:190} INFO - Dag name:tiki_transform_dag and current dag run status:running
[2025-03-09T07:45:42.573+0000] {taskinstance.py:732} INFO - ::endgroup::
[2025-03-09T07:45:42.574+0000] {baseoperator.py:423} WARNING - ExternalTaskSensor.execute cannot be called outside TaskInstance!
[2025-03-09T07:45:42.588+0000] {external_task.py:258} INFO - Poking for tasks ['extract_data'] in dag tiki_extract_dag on 2025-03-09T07:40:22.538389+00:00 ... 
[2025-03-09T07:45:42.590+0000] {warnings.py:112} WARNING - /home/***/.local/lib/python3.12/site-packages/***/utils/session.py:97: DeprecationWarning: This method is deprecated and will be removed in future.
  return func(*args, session=session, **kwargs)

[2025-03-09T07:45:42.646+0000] {taskinstance.py:310} INFO - Rescheduling task, marking task as UP_FOR_RESCHEDULE
[2025-03-09T07:45:42.646+0000] {taskinstance.py:341} INFO - ::group::Post task execution logs
[2025-03-09T07:45:42.686+0000] {local_task_job_runner.py:266} INFO - Task exited with return code 0
[2025-03-09T07:45:42.730+0000] {taskinstance.py:3901} INFO - 0 downstream tasks scheduled from follow-on schedule check
[2025-03-09T07:45:42.734+0000] {local_task_job_runner.py:245} INFO - ::endgroup::
[2025-03-09T07:46:16.362+0000] {local_task_job_runner.py:123} INFO - ::group::Pre task execution logs
[2025-03-09T07:46:16.395+0000] {taskinstance.py:2614} INFO - Dependencies all met for dep_context=non-requeueable deps ti=<TaskInstance: tiki_transform_dag.wait_for_extract manual__2025-03-09T07:40:22.538389+00:00 [queued]>
[2025-03-09T07:46:16.414+0000] {taskinstance.py:2614} INFO - Dependencies all met for dep_context=requeueable deps ti=<TaskInstance: tiki_transform_dag.wait_for_extract manual__2025-03-09T07:40:22.538389+00:00 [queued]>
[2025-03-09T07:46:16.415+0000] {taskinstance.py:2867} INFO - Starting attempt 1 of 1
[2025-03-09T07:46:16.441+0000] {taskinstance.py:2890} INFO - Executing <Task(ExternalTaskSensor): wait_for_extract> on 2025-03-09 07:40:22.538389+00:00
[2025-03-09T07:46:16.455+0000] {warnings.py:112} WARNING - /home/***/.local/lib/python3.12/site-packages/***/task/task_runner/standard_task_runner.py:70: DeprecationWarning: This process (pid=342) is multi-threaded, use of fork() may lead to deadlocks in the child.
  pid = os.fork()

[2025-03-09T07:46:16.459+0000] {standard_task_runner.py:72} INFO - Started process 344 to run task
[2025-03-09T07:46:16.459+0000] {standard_task_runner.py:104} INFO - Running: ['***', 'tasks', 'run', 'tiki_transform_dag', 'wait_for_extract', 'manual__2025-03-09T07:40:22.538389+00:00', '--job-id', '87', '--raw', '--subdir', 'DAGS_FOLDER/tiki_transform_dag.py', '--cfg-path', '/tmp/tmpnty2qhxj']
[2025-03-09T07:46:16.462+0000] {standard_task_runner.py:105} INFO - Job 87: Subtask wait_for_extract
[2025-03-09T07:46:16.544+0000] {task_command.py:467} INFO - Running <TaskInstance: tiki_transform_dag.wait_for_extract manual__2025-03-09T07:40:22.538389+00:00 [running]> on host 4dc18dee7126
[2025-03-09T07:46:16.682+0000] {taskinstance.py:3134} INFO - Exporting env vars: AIRFLOW_CTX_DAG_OWNER='***' AIRFLOW_CTX_DAG_ID='tiki_transform_dag' AIRFLOW_CTX_TASK_ID='wait_for_extract' AIRFLOW_CTX_EXECUTION_DATE='2025-03-09T07:40:22.538389+00:00' AIRFLOW_CTX_TRY_NUMBER='1' AIRFLOW_CTX_DAG_RUN_ID='manual__2025-03-09T07:40:22.538389+00:00'
[2025-03-09T07:46:16.684+0000] {logging_mixin.py:190} INFO - Task instance is in running state
[2025-03-09T07:46:16.685+0000] {logging_mixin.py:190} INFO -  Previous state of the Task instance: queued
[2025-03-09T07:46:16.686+0000] {logging_mixin.py:190} INFO - Current task name:wait_for_extract state:running start_date:2025-03-09 07:46:16.396684+00:00
[2025-03-09T07:46:16.687+0000] {logging_mixin.py:190} INFO - Dag name:tiki_transform_dag and current dag run status:running
[2025-03-09T07:46:16.687+0000] {taskinstance.py:732} INFO - ::endgroup::
[2025-03-09T07:46:16.688+0000] {baseoperator.py:423} WARNING - ExternalTaskSensor.execute cannot be called outside TaskInstance!
[2025-03-09T07:46:16.703+0000] {external_task.py:258} INFO - Poking for tasks ['extract_data'] in dag tiki_extract_dag on 2025-03-09T07:40:22.538389+00:00 ... 
[2025-03-09T07:46:16.704+0000] {warnings.py:112} WARNING - /home/***/.local/lib/python3.12/site-packages/***/utils/session.py:97: DeprecationWarning: This method is deprecated and will be removed in future.
  return func(*args, session=session, **kwargs)

[2025-03-09T07:46:16.761+0000] {taskinstance.py:310} INFO - Rescheduling task, marking task as UP_FOR_RESCHEDULE
[2025-03-09T07:46:16.762+0000] {taskinstance.py:341} INFO - ::group::Post task execution logs
[2025-03-09T07:46:16.796+0000] {local_task_job_runner.py:266} INFO - Task exited with return code 0
[2025-03-09T07:46:16.813+0000] {local_task_job_runner.py:245} INFO - ::endgroup::
[2025-03-09T07:46:50.333+0000] {local_task_job_runner.py:123} INFO - ::group::Pre task execution logs
[2025-03-09T07:46:50.364+0000] {taskinstance.py:2614} INFO - Dependencies all met for dep_context=non-requeueable deps ti=<TaskInstance: tiki_transform_dag.wait_for_extract manual__2025-03-09T07:40:22.538389+00:00 [queued]>
[2025-03-09T07:46:50.380+0000] {taskinstance.py:2614} INFO - Dependencies all met for dep_context=requeueable deps ti=<TaskInstance: tiki_transform_dag.wait_for_extract manual__2025-03-09T07:40:22.538389+00:00 [queued]>
[2025-03-09T07:46:50.381+0000] {taskinstance.py:2867} INFO - Starting attempt 1 of 1
[2025-03-09T07:46:50.405+0000] {taskinstance.py:2890} INFO - Executing <Task(ExternalTaskSensor): wait_for_extract> on 2025-03-09 07:40:22.538389+00:00
[2025-03-09T07:46:50.418+0000] {warnings.py:112} WARNING - /home/***/.local/lib/python3.12/site-packages/***/task/task_runner/standard_task_runner.py:70: DeprecationWarning: This process (pid=353) is multi-threaded, use of fork() may lead to deadlocks in the child.
  pid = os.fork()

[2025-03-09T07:46:50.420+0000] {standard_task_runner.py:72} INFO - Started process 355 to run task
[2025-03-09T07:46:50.421+0000] {standard_task_runner.py:104} INFO - Running: ['***', 'tasks', 'run', 'tiki_transform_dag', 'wait_for_extract', 'manual__2025-03-09T07:40:22.538389+00:00', '--job-id', '88', '--raw', '--subdir', 'DAGS_FOLDER/tiki_transform_dag.py', '--cfg-path', '/tmp/tmpv797p3ug']
[2025-03-09T07:46:50.423+0000] {standard_task_runner.py:105} INFO - Job 88: Subtask wait_for_extract
[2025-03-09T07:46:50.501+0000] {task_command.py:467} INFO - Running <TaskInstance: tiki_transform_dag.wait_for_extract manual__2025-03-09T07:40:22.538389+00:00 [running]> on host 4dc18dee7126
[2025-03-09T07:46:50.635+0000] {taskinstance.py:3134} INFO - Exporting env vars: AIRFLOW_CTX_DAG_OWNER='***' AIRFLOW_CTX_DAG_ID='tiki_transform_dag' AIRFLOW_CTX_TASK_ID='wait_for_extract' AIRFLOW_CTX_EXECUTION_DATE='2025-03-09T07:40:22.538389+00:00' AIRFLOW_CTX_TRY_NUMBER='1' AIRFLOW_CTX_DAG_RUN_ID='manual__2025-03-09T07:40:22.538389+00:00'
[2025-03-09T07:46:50.638+0000] {logging_mixin.py:190} INFO - Task instance is in running state
[2025-03-09T07:46:50.638+0000] {logging_mixin.py:190} INFO -  Previous state of the Task instance: queued
[2025-03-09T07:46:50.639+0000] {logging_mixin.py:190} INFO - Current task name:wait_for_extract state:running start_date:2025-03-09 07:46:50.365858+00:00
[2025-03-09T07:46:50.640+0000] {logging_mixin.py:190} INFO - Dag name:tiki_transform_dag and current dag run status:running
[2025-03-09T07:46:50.641+0000] {taskinstance.py:732} INFO - ::endgroup::
[2025-03-09T07:46:50.642+0000] {baseoperator.py:423} WARNING - ExternalTaskSensor.execute cannot be called outside TaskInstance!
[2025-03-09T07:46:50.656+0000] {external_task.py:258} INFO - Poking for tasks ['extract_data'] in dag tiki_extract_dag on 2025-03-09T07:40:22.538389+00:00 ... 
[2025-03-09T07:46:50.658+0000] {warnings.py:112} WARNING - /home/***/.local/lib/python3.12/site-packages/***/utils/session.py:97: DeprecationWarning: This method is deprecated and will be removed in future.
  return func(*args, session=session, **kwargs)

[2025-03-09T07:46:50.713+0000] {taskinstance.py:310} INFO - Rescheduling task, marking task as UP_FOR_RESCHEDULE
[2025-03-09T07:46:50.714+0000] {taskinstance.py:341} INFO - ::group::Post task execution logs
[2025-03-09T07:46:50.757+0000] {local_task_job_runner.py:266} INFO - Task exited with return code 0
[2025-03-09T07:46:50.803+0000] {taskinstance.py:3901} INFO - 0 downstream tasks scheduled from follow-on schedule check
[2025-03-09T07:46:50.806+0000] {local_task_job_runner.py:245} INFO - ::endgroup::
[2025-03-09T07:47:24.540+0000] {local_task_job_runner.py:123} INFO - ::group::Pre task execution logs
[2025-03-09T07:47:24.572+0000] {taskinstance.py:2614} INFO - Dependencies all met for dep_context=non-requeueable deps ti=<TaskInstance: tiki_transform_dag.wait_for_extract manual__2025-03-09T07:40:22.538389+00:00 [queued]>
[2025-03-09T07:47:24.591+0000] {taskinstance.py:2614} INFO - Dependencies all met for dep_context=requeueable deps ti=<TaskInstance: tiki_transform_dag.wait_for_extract manual__2025-03-09T07:40:22.538389+00:00 [queued]>
[2025-03-09T07:47:24.592+0000] {taskinstance.py:2867} INFO - Starting attempt 1 of 1
[2025-03-09T07:47:24.616+0000] {taskinstance.py:2890} INFO - Executing <Task(ExternalTaskSensor): wait_for_extract> on 2025-03-09 07:40:22.538389+00:00
[2025-03-09T07:47:24.629+0000] {warnings.py:112} WARNING - /home/***/.local/lib/python3.12/site-packages/***/task/task_runner/standard_task_runner.py:70: DeprecationWarning: This process (pid=364) is multi-threaded, use of fork() may lead to deadlocks in the child.
  pid = os.fork()

[2025-03-09T07:47:24.632+0000] {standard_task_runner.py:72} INFO - Started process 366 to run task
[2025-03-09T07:47:24.632+0000] {standard_task_runner.py:104} INFO - Running: ['***', 'tasks', 'run', 'tiki_transform_dag', 'wait_for_extract', 'manual__2025-03-09T07:40:22.538389+00:00', '--job-id', '89', '--raw', '--subdir', 'DAGS_FOLDER/tiki_transform_dag.py', '--cfg-path', '/tmp/tmpvn56yy0h']
[2025-03-09T07:47:24.634+0000] {standard_task_runner.py:105} INFO - Job 89: Subtask wait_for_extract
[2025-03-09T07:47:24.715+0000] {task_command.py:467} INFO - Running <TaskInstance: tiki_transform_dag.wait_for_extract manual__2025-03-09T07:40:22.538389+00:00 [running]> on host 4dc18dee7126
[2025-03-09T07:47:24.859+0000] {taskinstance.py:3134} INFO - Exporting env vars: AIRFLOW_CTX_DAG_OWNER='***' AIRFLOW_CTX_DAG_ID='tiki_transform_dag' AIRFLOW_CTX_TASK_ID='wait_for_extract' AIRFLOW_CTX_EXECUTION_DATE='2025-03-09T07:40:22.538389+00:00' AIRFLOW_CTX_TRY_NUMBER='1' AIRFLOW_CTX_DAG_RUN_ID='manual__2025-03-09T07:40:22.538389+00:00'
[2025-03-09T07:47:24.861+0000] {logging_mixin.py:190} INFO - Task instance is in running state
[2025-03-09T07:47:24.862+0000] {logging_mixin.py:190} INFO -  Previous state of the Task instance: queued
[2025-03-09T07:47:24.863+0000] {logging_mixin.py:190} INFO - Current task name:wait_for_extract state:running start_date:2025-03-09 07:47:24.573976+00:00
[2025-03-09T07:47:24.864+0000] {logging_mixin.py:190} INFO - Dag name:tiki_transform_dag and current dag run status:running
[2025-03-09T07:47:24.865+0000] {taskinstance.py:732} INFO - ::endgroup::
[2025-03-09T07:47:24.867+0000] {baseoperator.py:423} WARNING - ExternalTaskSensor.execute cannot be called outside TaskInstance!
[2025-03-09T07:47:24.884+0000] {external_task.py:258} INFO - Poking for tasks ['extract_data'] in dag tiki_extract_dag on 2025-03-09T07:40:22.538389+00:00 ... 
[2025-03-09T07:47:24.885+0000] {warnings.py:112} WARNING - /home/***/.local/lib/python3.12/site-packages/***/utils/session.py:97: DeprecationWarning: This method is deprecated and will be removed in future.
  return func(*args, session=session, **kwargs)

[2025-03-09T07:47:24.950+0000] {taskinstance.py:310} INFO - Rescheduling task, marking task as UP_FOR_RESCHEDULE
[2025-03-09T07:47:24.951+0000] {taskinstance.py:341} INFO - ::group::Post task execution logs
[2025-03-09T07:47:24.970+0000] {local_task_job_runner.py:266} INFO - Task exited with return code 0
[2025-03-09T07:47:25.019+0000] {taskinstance.py:3901} INFO - 0 downstream tasks scheduled from follow-on schedule check
[2025-03-09T07:47:25.022+0000] {local_task_job_runner.py:245} INFO - ::endgroup::
[2025-03-09T07:47:58.878+0000] {local_task_job_runner.py:123} INFO - ::group::Pre task execution logs
[2025-03-09T07:47:58.911+0000] {taskinstance.py:2614} INFO - Dependencies all met for dep_context=non-requeueable deps ti=<TaskInstance: tiki_transform_dag.wait_for_extract manual__2025-03-09T07:40:22.538389+00:00 [queued]>
[2025-03-09T07:47:58.929+0000] {taskinstance.py:2614} INFO - Dependencies all met for dep_context=requeueable deps ti=<TaskInstance: tiki_transform_dag.wait_for_extract manual__2025-03-09T07:40:22.538389+00:00 [queued]>
[2025-03-09T07:47:58.930+0000] {taskinstance.py:2867} INFO - Starting attempt 1 of 1
[2025-03-09T07:47:58.956+0000] {taskinstance.py:2890} INFO - Executing <Task(ExternalTaskSensor): wait_for_extract> on 2025-03-09 07:40:22.538389+00:00
[2025-03-09T07:47:58.969+0000] {warnings.py:112} WARNING - /home/***/.local/lib/python3.12/site-packages/***/task/task_runner/standard_task_runner.py:70: DeprecationWarning: This process (pid=375) is multi-threaded, use of fork() may lead to deadlocks in the child.
  pid = os.fork()

[2025-03-09T07:47:58.972+0000] {standard_task_runner.py:72} INFO - Started process 377 to run task
[2025-03-09T07:47:58.973+0000] {standard_task_runner.py:104} INFO - Running: ['***', 'tasks', 'run', 'tiki_transform_dag', 'wait_for_extract', 'manual__2025-03-09T07:40:22.538389+00:00', '--job-id', '90', '--raw', '--subdir', 'DAGS_FOLDER/tiki_transform_dag.py', '--cfg-path', '/tmp/tmpny1w37ud']
[2025-03-09T07:47:58.975+0000] {standard_task_runner.py:105} INFO - Job 90: Subtask wait_for_extract
[2025-03-09T07:47:59.059+0000] {task_command.py:467} INFO - Running <TaskInstance: tiki_transform_dag.wait_for_extract manual__2025-03-09T07:40:22.538389+00:00 [running]> on host 4dc18dee7126
[2025-03-09T07:47:59.205+0000] {taskinstance.py:3134} INFO - Exporting env vars: AIRFLOW_CTX_DAG_OWNER='***' AIRFLOW_CTX_DAG_ID='tiki_transform_dag' AIRFLOW_CTX_TASK_ID='wait_for_extract' AIRFLOW_CTX_EXECUTION_DATE='2025-03-09T07:40:22.538389+00:00' AIRFLOW_CTX_TRY_NUMBER='1' AIRFLOW_CTX_DAG_RUN_ID='manual__2025-03-09T07:40:22.538389+00:00'
[2025-03-09T07:47:59.207+0000] {logging_mixin.py:190} INFO - Task instance is in running state
[2025-03-09T07:47:59.208+0000] {logging_mixin.py:190} INFO -  Previous state of the Task instance: queued
[2025-03-09T07:47:59.209+0000] {logging_mixin.py:190} INFO - Current task name:wait_for_extract state:running start_date:2025-03-09 07:47:58.912271+00:00
[2025-03-09T07:47:59.209+0000] {logging_mixin.py:190} INFO - Dag name:tiki_transform_dag and current dag run status:running
[2025-03-09T07:47:59.210+0000] {taskinstance.py:732} INFO - ::endgroup::
[2025-03-09T07:47:59.211+0000] {baseoperator.py:423} WARNING - ExternalTaskSensor.execute cannot be called outside TaskInstance!
[2025-03-09T07:47:59.227+0000] {external_task.py:258} INFO - Poking for tasks ['extract_data'] in dag tiki_extract_dag on 2025-03-09T07:40:22.538389+00:00 ... 
[2025-03-09T07:47:59.228+0000] {warnings.py:112} WARNING - /home/***/.local/lib/python3.12/site-packages/***/utils/session.py:97: DeprecationWarning: This method is deprecated and will be removed in future.
  return func(*args, session=session, **kwargs)

[2025-03-09T07:47:59.290+0000] {taskinstance.py:310} INFO - Rescheduling task, marking task as UP_FOR_RESCHEDULE
[2025-03-09T07:47:59.291+0000] {taskinstance.py:341} INFO - ::group::Post task execution logs
[2025-03-09T07:47:59.310+0000] {local_task_job_runner.py:266} INFO - Task exited with return code 0
[2025-03-09T07:47:59.356+0000] {taskinstance.py:3901} INFO - 0 downstream tasks scheduled from follow-on schedule check
[2025-03-09T07:47:59.359+0000] {local_task_job_runner.py:245} INFO - ::endgroup::
[2025-03-09T07:48:33.112+0000] {local_task_job_runner.py:123} INFO - ::group::Pre task execution logs
[2025-03-09T07:48:33.144+0000] {taskinstance.py:2614} INFO - Dependencies all met for dep_context=non-requeueable deps ti=<TaskInstance: tiki_transform_dag.wait_for_extract manual__2025-03-09T07:40:22.538389+00:00 [queued]>
[2025-03-09T07:48:33.161+0000] {taskinstance.py:2614} INFO - Dependencies all met for dep_context=requeueable deps ti=<TaskInstance: tiki_transform_dag.wait_for_extract manual__2025-03-09T07:40:22.538389+00:00 [queued]>
[2025-03-09T07:48:33.162+0000] {taskinstance.py:2867} INFO - Starting attempt 1 of 1
[2025-03-09T07:48:33.192+0000] {taskinstance.py:2890} INFO - Executing <Task(ExternalTaskSensor): wait_for_extract> on 2025-03-09 07:40:22.538389+00:00
[2025-03-09T07:48:33.208+0000] {warnings.py:112} WARNING - /home/***/.local/lib/python3.12/site-packages/***/task/task_runner/standard_task_runner.py:70: DeprecationWarning: This process (pid=386) is multi-threaded, use of fork() may lead to deadlocks in the child.
  pid = os.fork()

[2025-03-09T07:48:33.213+0000] {standard_task_runner.py:72} INFO - Started process 388 to run task
[2025-03-09T07:48:33.212+0000] {standard_task_runner.py:104} INFO - Running: ['***', 'tasks', 'run', 'tiki_transform_dag', 'wait_for_extract', 'manual__2025-03-09T07:40:22.538389+00:00', '--job-id', '91', '--raw', '--subdir', 'DAGS_FOLDER/tiki_transform_dag.py', '--cfg-path', '/tmp/tmp14w93zl0']
[2025-03-09T07:48:33.214+0000] {standard_task_runner.py:105} INFO - Job 91: Subtask wait_for_extract
[2025-03-09T07:48:33.305+0000] {task_command.py:467} INFO - Running <TaskInstance: tiki_transform_dag.wait_for_extract manual__2025-03-09T07:40:22.538389+00:00 [running]> on host 4dc18dee7126
[2025-03-09T07:48:33.458+0000] {taskinstance.py:3134} INFO - Exporting env vars: AIRFLOW_CTX_DAG_OWNER='***' AIRFLOW_CTX_DAG_ID='tiki_transform_dag' AIRFLOW_CTX_TASK_ID='wait_for_extract' AIRFLOW_CTX_EXECUTION_DATE='2025-03-09T07:40:22.538389+00:00' AIRFLOW_CTX_TRY_NUMBER='1' AIRFLOW_CTX_DAG_RUN_ID='manual__2025-03-09T07:40:22.538389+00:00'
[2025-03-09T07:48:33.460+0000] {logging_mixin.py:190} INFO - Task instance is in running state
[2025-03-09T07:48:33.461+0000] {logging_mixin.py:190} INFO -  Previous state of the Task instance: queued
[2025-03-09T07:48:33.462+0000] {logging_mixin.py:190} INFO - Current task name:wait_for_extract state:running start_date:2025-03-09 07:48:33.145738+00:00
[2025-03-09T07:48:33.462+0000] {logging_mixin.py:190} INFO - Dag name:tiki_transform_dag and current dag run status:running
[2025-03-09T07:48:33.463+0000] {taskinstance.py:732} INFO - ::endgroup::
[2025-03-09T07:48:33.464+0000] {baseoperator.py:423} WARNING - ExternalTaskSensor.execute cannot be called outside TaskInstance!
[2025-03-09T07:48:33.479+0000] {external_task.py:258} INFO - Poking for tasks ['extract_data'] in dag tiki_extract_dag on 2025-03-09T07:40:22.538389+00:00 ... 
[2025-03-09T07:48:33.481+0000] {warnings.py:112} WARNING - /home/***/.local/lib/python3.12/site-packages/***/utils/session.py:97: DeprecationWarning: This method is deprecated and will be removed in future.
  return func(*args, session=session, **kwargs)

[2025-03-09T07:48:33.539+0000] {taskinstance.py:310} INFO - Rescheduling task, marking task as UP_FOR_RESCHEDULE
[2025-03-09T07:48:33.540+0000] {taskinstance.py:341} INFO - ::group::Post task execution logs
[2025-03-09T07:48:33.592+0000] {local_task_job_runner.py:266} INFO - Task exited with return code 0
[2025-03-09T07:48:33.607+0000] {local_task_job_runner.py:245} INFO - ::endgroup::
[2025-03-09T07:49:07.148+0000] {local_task_job_runner.py:123} INFO - ::group::Pre task execution logs
[2025-03-09T07:49:07.178+0000] {taskinstance.py:2614} INFO - Dependencies all met for dep_context=non-requeueable deps ti=<TaskInstance: tiki_transform_dag.wait_for_extract manual__2025-03-09T07:40:22.538389+00:00 [queued]>
[2025-03-09T07:49:07.194+0000] {taskinstance.py:2614} INFO - Dependencies all met for dep_context=requeueable deps ti=<TaskInstance: tiki_transform_dag.wait_for_extract manual__2025-03-09T07:40:22.538389+00:00 [queued]>
[2025-03-09T07:49:07.196+0000] {taskinstance.py:2867} INFO - Starting attempt 1 of 1
[2025-03-09T07:49:07.222+0000] {taskinstance.py:2890} INFO - Executing <Task(ExternalTaskSensor): wait_for_extract> on 2025-03-09 07:40:22.538389+00:00
[2025-03-09T07:49:07.235+0000] {warnings.py:112} WARNING - /home/***/.local/lib/python3.12/site-packages/***/task/task_runner/standard_task_runner.py:70: DeprecationWarning: This process (pid=397) is multi-threaded, use of fork() may lead to deadlocks in the child.
  pid = os.fork()

[2025-03-09T07:49:07.239+0000] {standard_task_runner.py:72} INFO - Started process 399 to run task
[2025-03-09T07:49:07.238+0000] {standard_task_runner.py:104} INFO - Running: ['***', 'tasks', 'run', 'tiki_transform_dag', 'wait_for_extract', 'manual__2025-03-09T07:40:22.538389+00:00', '--job-id', '92', '--raw', '--subdir', 'DAGS_FOLDER/tiki_transform_dag.py', '--cfg-path', '/tmp/tmp6_720tss']
[2025-03-09T07:49:07.240+0000] {standard_task_runner.py:105} INFO - Job 92: Subtask wait_for_extract
[2025-03-09T07:49:07.327+0000] {task_command.py:467} INFO - Running <TaskInstance: tiki_transform_dag.wait_for_extract manual__2025-03-09T07:40:22.538389+00:00 [running]> on host 4dc18dee7126
[2025-03-09T07:49:07.467+0000] {taskinstance.py:3134} INFO - Exporting env vars: AIRFLOW_CTX_DAG_OWNER='***' AIRFLOW_CTX_DAG_ID='tiki_transform_dag' AIRFLOW_CTX_TASK_ID='wait_for_extract' AIRFLOW_CTX_EXECUTION_DATE='2025-03-09T07:40:22.538389+00:00' AIRFLOW_CTX_TRY_NUMBER='1' AIRFLOW_CTX_DAG_RUN_ID='manual__2025-03-09T07:40:22.538389+00:00'
[2025-03-09T07:49:07.469+0000] {logging_mixin.py:190} INFO - Task instance is in running state
[2025-03-09T07:49:07.471+0000] {logging_mixin.py:190} INFO -  Previous state of the Task instance: queued
[2025-03-09T07:49:07.472+0000] {logging_mixin.py:190} INFO - Current task name:wait_for_extract state:running start_date:2025-03-09 07:49:07.179580+00:00
[2025-03-09T07:49:07.472+0000] {logging_mixin.py:190} INFO - Dag name:tiki_transform_dag and current dag run status:running
[2025-03-09T07:49:07.473+0000] {taskinstance.py:732} INFO - ::endgroup::
[2025-03-09T07:49:07.475+0000] {baseoperator.py:423} WARNING - ExternalTaskSensor.execute cannot be called outside TaskInstance!
[2025-03-09T07:49:07.490+0000] {external_task.py:258} INFO - Poking for tasks ['extract_data'] in dag tiki_extract_dag on 2025-03-09T07:40:22.538389+00:00 ... 
[2025-03-09T07:49:07.491+0000] {warnings.py:112} WARNING - /home/***/.local/lib/python3.12/site-packages/***/utils/session.py:97: DeprecationWarning: This method is deprecated and will be removed in future.
  return func(*args, session=session, **kwargs)

[2025-03-09T07:49:07.546+0000] {taskinstance.py:310} INFO - Rescheduling task, marking task as UP_FOR_RESCHEDULE
[2025-03-09T07:49:07.547+0000] {taskinstance.py:341} INFO - ::group::Post task execution logs
[2025-03-09T07:49:07.577+0000] {local_task_job_runner.py:266} INFO - Task exited with return code 0
[2025-03-09T07:49:07.620+0000] {taskinstance.py:3901} INFO - 0 downstream tasks scheduled from follow-on schedule check
[2025-03-09T07:49:07.624+0000] {local_task_job_runner.py:245} INFO - ::endgroup::
[2025-03-09T07:49:40.487+0000] {local_task_job_runner.py:123} INFO - ::group::Pre task execution logs
[2025-03-09T07:49:40.518+0000] {taskinstance.py:2614} INFO - Dependencies all met for dep_context=non-requeueable deps ti=<TaskInstance: tiki_transform_dag.wait_for_extract manual__2025-03-09T07:40:22.538389+00:00 [queued]>
[2025-03-09T07:49:40.534+0000] {taskinstance.py:2614} INFO - Dependencies all met for dep_context=requeueable deps ti=<TaskInstance: tiki_transform_dag.wait_for_extract manual__2025-03-09T07:40:22.538389+00:00 [queued]>
[2025-03-09T07:49:40.535+0000] {taskinstance.py:2867} INFO - Starting attempt 1 of 1
[2025-03-09T07:49:40.559+0000] {taskinstance.py:2890} INFO - Executing <Task(ExternalTaskSensor): wait_for_extract> on 2025-03-09 07:40:22.538389+00:00
[2025-03-09T07:49:40.571+0000] {warnings.py:112} WARNING - /home/***/.local/lib/python3.12/site-packages/***/task/task_runner/standard_task_runner.py:70: DeprecationWarning: This process (pid=408) is multi-threaded, use of fork() may lead to deadlocks in the child.
  pid = os.fork()

[2025-03-09T07:49:40.574+0000] {standard_task_runner.py:72} INFO - Started process 410 to run task
[2025-03-09T07:49:40.575+0000] {standard_task_runner.py:104} INFO - Running: ['***', 'tasks', 'run', 'tiki_transform_dag', 'wait_for_extract', 'manual__2025-03-09T07:40:22.538389+00:00', '--job-id', '93', '--raw', '--subdir', 'DAGS_FOLDER/tiki_transform_dag.py', '--cfg-path', '/tmp/tmpxeel1h7_']
[2025-03-09T07:49:40.577+0000] {standard_task_runner.py:105} INFO - Job 93: Subtask wait_for_extract
[2025-03-09T07:49:40.654+0000] {task_command.py:467} INFO - Running <TaskInstance: tiki_transform_dag.wait_for_extract manual__2025-03-09T07:40:22.538389+00:00 [running]> on host 4dc18dee7126
[2025-03-09T07:49:40.785+0000] {taskinstance.py:3134} INFO - Exporting env vars: AIRFLOW_CTX_DAG_OWNER='***' AIRFLOW_CTX_DAG_ID='tiki_transform_dag' AIRFLOW_CTX_TASK_ID='wait_for_extract' AIRFLOW_CTX_EXECUTION_DATE='2025-03-09T07:40:22.538389+00:00' AIRFLOW_CTX_TRY_NUMBER='1' AIRFLOW_CTX_DAG_RUN_ID='manual__2025-03-09T07:40:22.538389+00:00'
[2025-03-09T07:49:40.787+0000] {logging_mixin.py:190} INFO - Task instance is in running state
[2025-03-09T07:49:40.788+0000] {logging_mixin.py:190} INFO -  Previous state of the Task instance: queued
[2025-03-09T07:49:40.788+0000] {logging_mixin.py:190} INFO - Current task name:wait_for_extract state:running start_date:2025-03-09 07:49:40.519157+00:00
[2025-03-09T07:49:40.789+0000] {logging_mixin.py:190} INFO - Dag name:tiki_transform_dag and current dag run status:running
[2025-03-09T07:49:40.790+0000] {taskinstance.py:732} INFO - ::endgroup::
[2025-03-09T07:49:40.791+0000] {baseoperator.py:423} WARNING - ExternalTaskSensor.execute cannot be called outside TaskInstance!
[2025-03-09T07:49:40.804+0000] {external_task.py:258} INFO - Poking for tasks ['extract_data'] in dag tiki_extract_dag on 2025-03-09T07:40:22.538389+00:00 ... 
[2025-03-09T07:49:40.806+0000] {warnings.py:112} WARNING - /home/***/.local/lib/python3.12/site-packages/***/utils/session.py:97: DeprecationWarning: This method is deprecated and will be removed in future.
  return func(*args, session=session, **kwargs)

[2025-03-09T07:49:40.863+0000] {taskinstance.py:310} INFO - Rescheduling task, marking task as UP_FOR_RESCHEDULE
[2025-03-09T07:49:40.864+0000] {taskinstance.py:341} INFO - ::group::Post task execution logs
[2025-03-09T07:49:40.912+0000] {local_task_job_runner.py:266} INFO - Task exited with return code 0
[2025-03-09T07:49:40.958+0000] {taskinstance.py:3901} INFO - 0 downstream tasks scheduled from follow-on schedule check
[2025-03-09T07:49:40.961+0000] {local_task_job_runner.py:245} INFO - ::endgroup::
[2025-03-09T07:50:14.801+0000] {local_task_job_runner.py:123} INFO - ::group::Pre task execution logs
[2025-03-09T07:50:14.832+0000] {taskinstance.py:2614} INFO - Dependencies all met for dep_context=non-requeueable deps ti=<TaskInstance: tiki_transform_dag.wait_for_extract manual__2025-03-09T07:40:22.538389+00:00 [queued]>
[2025-03-09T07:50:14.848+0000] {taskinstance.py:2614} INFO - Dependencies all met for dep_context=requeueable deps ti=<TaskInstance: tiki_transform_dag.wait_for_extract manual__2025-03-09T07:40:22.538389+00:00 [queued]>
[2025-03-09T07:50:14.849+0000] {taskinstance.py:2867} INFO - Starting attempt 1 of 1
[2025-03-09T07:50:14.873+0000] {taskinstance.py:2890} INFO - Executing <Task(ExternalTaskSensor): wait_for_extract> on 2025-03-09 07:40:22.538389+00:00
[2025-03-09T07:50:14.885+0000] {warnings.py:112} WARNING - /home/***/.local/lib/python3.12/site-packages/***/task/task_runner/standard_task_runner.py:70: DeprecationWarning: This process (pid=419) is multi-threaded, use of fork() may lead to deadlocks in the child.
  pid = os.fork()

[2025-03-09T07:50:14.888+0000] {standard_task_runner.py:72} INFO - Started process 421 to run task
[2025-03-09T07:50:14.888+0000] {standard_task_runner.py:104} INFO - Running: ['***', 'tasks', 'run', 'tiki_transform_dag', 'wait_for_extract', 'manual__2025-03-09T07:40:22.538389+00:00', '--job-id', '94', '--raw', '--subdir', 'DAGS_FOLDER/tiki_transform_dag.py', '--cfg-path', '/tmp/tmp5fo6x0jo']
[2025-03-09T07:50:14.890+0000] {standard_task_runner.py:105} INFO - Job 94: Subtask wait_for_extract
[2025-03-09T07:50:14.965+0000] {task_command.py:467} INFO - Running <TaskInstance: tiki_transform_dag.wait_for_extract manual__2025-03-09T07:40:22.538389+00:00 [running]> on host 4dc18dee7126
[2025-03-09T07:50:15.094+0000] {taskinstance.py:3134} INFO - Exporting env vars: AIRFLOW_CTX_DAG_OWNER='***' AIRFLOW_CTX_DAG_ID='tiki_transform_dag' AIRFLOW_CTX_TASK_ID='wait_for_extract' AIRFLOW_CTX_EXECUTION_DATE='2025-03-09T07:40:22.538389+00:00' AIRFLOW_CTX_TRY_NUMBER='1' AIRFLOW_CTX_DAG_RUN_ID='manual__2025-03-09T07:40:22.538389+00:00'
[2025-03-09T07:50:15.096+0000] {logging_mixin.py:190} INFO - Task instance is in running state
[2025-03-09T07:50:15.097+0000] {logging_mixin.py:190} INFO -  Previous state of the Task instance: queued
[2025-03-09T07:50:15.098+0000] {logging_mixin.py:190} INFO - Current task name:wait_for_extract state:running start_date:2025-03-09 07:50:14.833876+00:00
[2025-03-09T07:50:15.099+0000] {logging_mixin.py:190} INFO - Dag name:tiki_transform_dag and current dag run status:running
[2025-03-09T07:50:15.099+0000] {taskinstance.py:732} INFO - ::endgroup::
[2025-03-09T07:50:15.100+0000] {baseoperator.py:423} WARNING - ExternalTaskSensor.execute cannot be called outside TaskInstance!
[2025-03-09T07:50:15.115+0000] {external_task.py:258} INFO - Poking for tasks ['extract_data'] in dag tiki_extract_dag on 2025-03-09T07:40:22.538389+00:00 ... 
[2025-03-09T07:50:15.116+0000] {warnings.py:112} WARNING - /home/***/.local/lib/python3.12/site-packages/***/utils/session.py:97: DeprecationWarning: This method is deprecated and will be removed in future.
  return func(*args, session=session, **kwargs)

[2025-03-09T07:50:15.172+0000] {taskinstance.py:310} INFO - Rescheduling task, marking task as UP_FOR_RESCHEDULE
[2025-03-09T07:50:15.173+0000] {taskinstance.py:341} INFO - ::group::Post task execution logs
[2025-03-09T07:50:15.225+0000] {local_task_job_runner.py:266} INFO - Task exited with return code 0
[2025-03-09T07:50:15.274+0000] {taskinstance.py:3901} INFO - 0 downstream tasks scheduled from follow-on schedule check
[2025-03-09T07:50:15.278+0000] {local_task_job_runner.py:245} INFO - ::endgroup::
[2025-03-09T07:50:49.309+0000] {local_task_job_runner.py:123} INFO - ::group::Pre task execution logs
[2025-03-09T07:50:49.341+0000] {taskinstance.py:2614} INFO - Dependencies all met for dep_context=non-requeueable deps ti=<TaskInstance: tiki_transform_dag.wait_for_extract manual__2025-03-09T07:40:22.538389+00:00 [queued]>
[2025-03-09T07:50:49.360+0000] {taskinstance.py:2614} INFO - Dependencies all met for dep_context=requeueable deps ti=<TaskInstance: tiki_transform_dag.wait_for_extract manual__2025-03-09T07:40:22.538389+00:00 [queued]>
[2025-03-09T07:50:49.361+0000] {taskinstance.py:2867} INFO - Starting attempt 1 of 1
[2025-03-09T07:50:49.387+0000] {taskinstance.py:2890} INFO - Executing <Task(ExternalTaskSensor): wait_for_extract> on 2025-03-09 07:40:22.538389+00:00
[2025-03-09T07:50:49.400+0000] {warnings.py:112} WARNING - /home/***/.local/lib/python3.12/site-packages/***/task/task_runner/standard_task_runner.py:70: DeprecationWarning: This process (pid=430) is multi-threaded, use of fork() may lead to deadlocks in the child.
  pid = os.fork()

[2025-03-09T07:50:49.403+0000] {standard_task_runner.py:72} INFO - Started process 432 to run task
[2025-03-09T07:50:49.404+0000] {standard_task_runner.py:104} INFO - Running: ['***', 'tasks', 'run', 'tiki_transform_dag', 'wait_for_extract', 'manual__2025-03-09T07:40:22.538389+00:00', '--job-id', '95', '--raw', '--subdir', 'DAGS_FOLDER/tiki_transform_dag.py', '--cfg-path', '/tmp/tmpvknl89tk']
[2025-03-09T07:50:49.406+0000] {standard_task_runner.py:105} INFO - Job 95: Subtask wait_for_extract
[2025-03-09T07:50:49.491+0000] {task_command.py:467} INFO - Running <TaskInstance: tiki_transform_dag.wait_for_extract manual__2025-03-09T07:40:22.538389+00:00 [running]> on host 4dc18dee7126
[2025-03-09T07:50:49.642+0000] {taskinstance.py:3134} INFO - Exporting env vars: AIRFLOW_CTX_DAG_OWNER='***' AIRFLOW_CTX_DAG_ID='tiki_transform_dag' AIRFLOW_CTX_TASK_ID='wait_for_extract' AIRFLOW_CTX_EXECUTION_DATE='2025-03-09T07:40:22.538389+00:00' AIRFLOW_CTX_TRY_NUMBER='1' AIRFLOW_CTX_DAG_RUN_ID='manual__2025-03-09T07:40:22.538389+00:00'
[2025-03-09T07:50:49.644+0000] {logging_mixin.py:190} INFO - Task instance is in running state
[2025-03-09T07:50:49.645+0000] {logging_mixin.py:190} INFO -  Previous state of the Task instance: queued
[2025-03-09T07:50:49.646+0000] {logging_mixin.py:190} INFO - Current task name:wait_for_extract state:running start_date:2025-03-09 07:50:49.342667+00:00
[2025-03-09T07:50:49.647+0000] {logging_mixin.py:190} INFO - Dag name:tiki_transform_dag and current dag run status:running
[2025-03-09T07:50:49.648+0000] {taskinstance.py:732} INFO - ::endgroup::
[2025-03-09T07:50:49.649+0000] {baseoperator.py:423} WARNING - ExternalTaskSensor.execute cannot be called outside TaskInstance!
[2025-03-09T07:50:49.665+0000] {external_task.py:258} INFO - Poking for tasks ['extract_data'] in dag tiki_extract_dag on 2025-03-09T07:40:22.538389+00:00 ... 
[2025-03-09T07:50:49.666+0000] {warnings.py:112} WARNING - /home/***/.local/lib/python3.12/site-packages/***/utils/session.py:97: DeprecationWarning: This method is deprecated and will be removed in future.
  return func(*args, session=session, **kwargs)

[2025-03-09T07:50:49.689+0000] {taskinstance.py:3313} ERROR - Task failed with exception
Traceback (most recent call last):
  File "/home/airflow/.local/lib/python3.12/site-packages/airflow/models/taskinstance.py", line 768, in _execute_task
    result = _execute_callable(context=context, **execute_callable_kwargs)
             ^^^^^^^^^^^^^^^^^^^^^^^^^^^^^^^^^^^^^^^^^^^^^^^^^^^^^^^^^^^^^
  File "/home/airflow/.local/lib/python3.12/site-packages/airflow/models/taskinstance.py", line 734, in _execute_callable
    return ExecutionCallableRunner(
           ^^^^^^^^^^^^^^^^^^^^^^^^
  File "/home/airflow/.local/lib/python3.12/site-packages/airflow/utils/operator_helpers.py", line 252, in run
    return self.func(*args, **kwargs)
           ^^^^^^^^^^^^^^^^^^^^^^^^^^
  File "/home/airflow/.local/lib/python3.12/site-packages/airflow/models/baseoperator.py", line 424, in wrapper
    return func(self, *args, **kwargs)
           ^^^^^^^^^^^^^^^^^^^^^^^^^^^
  File "/home/airflow/.local/lib/python3.12/site-packages/airflow/sensors/external_task.py", line 348, in execute
    super().execute(context)
  File "/home/airflow/.local/lib/python3.12/site-packages/airflow/models/baseoperator.py", line 424, in wrapper
    return func(self, *args, **kwargs)
           ^^^^^^^^^^^^^^^^^^^^^^^^^^^
  File "/home/airflow/.local/lib/python3.12/site-packages/airflow/sensors/base.py", line 326, in execute
    raise AirflowSensorTimeout(message)
airflow.exceptions.AirflowSensorTimeout: Sensor has timed out; run duration of 618.10227 seconds exceeds the specified timeout of 600.0.
[2025-03-09T07:50:49.717+0000] {logging_mixin.py:190} INFO - Task instance in failure state
[2025-03-09T07:50:49.718+0000] {logging_mixin.py:190} INFO - Task start:2025-03-09 07:50:49.342667+00:00 end:2025-03-09 07:50:49.716296+00:00 duration:0.373629
[2025-03-09T07:50:49.719+0000] {logging_mixin.py:190} INFO - Task:<Task(ExternalTaskSensor): wait_for_extract> dag:<DAG: tiki_transform_dag> dagrun:<DagRun tiki_transform_dag @ 2025-03-09 07:40:22.538389+00:00: manual__2025-03-09T07:40:22.538389+00:00, state:running, queued_at: 2025-03-09 07:40:27.697680+00:00. externally triggered: True>
[2025-03-09T07:50:49.720+0000] {logging_mixin.py:190} INFO - Failure caused by Sensor has timed out; run duration of 618.10227 seconds exceeds the specified timeout of 600.0.
[2025-03-09T07:50:49.721+0000] {taskinstance.py:1226} INFO - Immediate failure requested. Marking task as FAILED. dag_id=tiki_transform_dag, task_id=wait_for_extract, run_id=manual__2025-03-09T07:40:22.538389+00:00, execution_date=20250309T074022, start_date=20250309T075049, end_date=20250309T075049
[2025-03-09T07:50:49.774+0000] {taskinstance.py:341} INFO - ::group::Post task execution logs
[2025-03-09T07:50:49.776+0000] {standard_task_runner.py:124} ERROR - Failed to execute job 95 for task wait_for_extract (Sensor has timed out; run duration of 618.10227 seconds exceeds the specified timeout of 600.0.; 432)
Traceback (most recent call last):
  File "/home/airflow/.local/lib/python3.12/site-packages/airflow/task/task_runner/standard_task_runner.py", line 117, in _start_by_fork
    ret = args.func(args, dag=self.dag)
          ^^^^^^^^^^^^^^^^^^^^^^^^^^^^^
  File "/home/airflow/.local/lib/python3.12/site-packages/airflow/cli/cli_config.py", line 49, in command
    return func(*args, **kwargs)
           ^^^^^^^^^^^^^^^^^^^^^
  File "/home/airflow/.local/lib/python3.12/site-packages/airflow/utils/cli.py", line 116, in wrapper
    return f(*args, **kwargs)
           ^^^^^^^^^^^^^^^^^^
  File "/home/airflow/.local/lib/python3.12/site-packages/airflow/cli/commands/task_command.py", line 483, in task_run
    task_return_code = _run_task_by_selected_method(args, _dag, ti)
                       ^^^^^^^^^^^^^^^^^^^^^^^^^^^^^^^^^^^^^^^^^^^^
  File "/home/airflow/.local/lib/python3.12/site-packages/airflow/cli/commands/task_command.py", line 256, in _run_task_by_selected_method
    return _run_raw_task(args, ti)
           ^^^^^^^^^^^^^^^^^^^^^^^
  File "/home/airflow/.local/lib/python3.12/site-packages/airflow/cli/commands/task_command.py", line 341, in _run_raw_task
    return ti._run_raw_task(
           ^^^^^^^^^^^^^^^^^
  File "/home/airflow/.local/lib/python3.12/site-packages/airflow/utils/session.py", line 97, in wrapper
    return func(*args, session=session, **kwargs)
           ^^^^^^^^^^^^^^^^^^^^^^^^^^^^^^^^^^^^^^
  File "/home/airflow/.local/lib/python3.12/site-packages/airflow/models/taskinstance.py", line 3006, in _run_raw_task
    return _run_raw_task(
           ^^^^^^^^^^^^^^
  File "/home/airflow/.local/lib/python3.12/site-packages/airflow/models/taskinstance.py", line 274, in _run_raw_task
    TaskInstance._execute_task_with_callbacks(
  File "/home/airflow/.local/lib/python3.12/site-packages/airflow/models/taskinstance.py", line 3161, in _execute_task_with_callbacks
    result = self._execute_task(context, task_orig)
             ^^^^^^^^^^^^^^^^^^^^^^^^^^^^^^^^^^^^^^
  File "/home/airflow/.local/lib/python3.12/site-packages/airflow/models/taskinstance.py", line 3185, in _execute_task
    return _execute_task(self, context, task_orig)
           ^^^^^^^^^^^^^^^^^^^^^^^^^^^^^^^^^^^^^^^
  File "/home/airflow/.local/lib/python3.12/site-packages/airflow/models/taskinstance.py", line 768, in _execute_task
    result = _execute_callable(context=context, **execute_callable_kwargs)
             ^^^^^^^^^^^^^^^^^^^^^^^^^^^^^^^^^^^^^^^^^^^^^^^^^^^^^^^^^^^^^
  File "/home/airflow/.local/lib/python3.12/site-packages/airflow/models/taskinstance.py", line 734, in _execute_callable
    return ExecutionCallableRunner(
           ^^^^^^^^^^^^^^^^^^^^^^^^
  File "/home/airflow/.local/lib/python3.12/site-packages/airflow/utils/operator_helpers.py", line 252, in run
    return self.func(*args, **kwargs)
           ^^^^^^^^^^^^^^^^^^^^^^^^^^
  File "/home/airflow/.local/lib/python3.12/site-packages/airflow/models/baseoperator.py", line 424, in wrapper
    return func(self, *args, **kwargs)
           ^^^^^^^^^^^^^^^^^^^^^^^^^^^
  File "/home/airflow/.local/lib/python3.12/site-packages/airflow/sensors/external_task.py", line 348, in execute
    super().execute(context)
  File "/home/airflow/.local/lib/python3.12/site-packages/airflow/models/baseoperator.py", line 424, in wrapper
    return func(self, *args, **kwargs)
           ^^^^^^^^^^^^^^^^^^^^^^^^^^^
  File "/home/airflow/.local/lib/python3.12/site-packages/airflow/sensors/base.py", line 326, in execute
    raise AirflowSensorTimeout(message)
airflow.exceptions.AirflowSensorTimeout: Sensor has timed out; run duration of 618.10227 seconds exceeds the specified timeout of 600.0.
[2025-03-09T07:50:49.821+0000] {local_task_job_runner.py:266} INFO - Task exited with return code 1
[2025-03-09T07:50:49.851+0000] {taskinstance.py:3901} INFO - 0 downstream tasks scheduled from follow-on schedule check
[2025-03-09T07:50:49.855+0000] {local_task_job_runner.py:245} INFO - ::endgroup::
