[2025-03-10T10:46:13.407+0000] {local_task_job_runner.py:123} INFO - ::group::Pre task execution logs
[2025-03-10T10:46:13.430+0000] {taskinstance.py:2614} INFO - Dependencies all met for dep_context=non-requeueable deps ti=<TaskInstance: tiki_orchestration_dag.trigger_extract manual__2025-03-10T10:46:06.783118+00:00 [queued]>
[2025-03-10T10:46:13.440+0000] {taskinstance.py:2614} INFO - Dependencies all met for dep_context=requeueable deps ti=<TaskInstance: tiki_orchestration_dag.trigger_extract manual__2025-03-10T10:46:06.783118+00:00 [queued]>
[2025-03-10T10:46:13.442+0000] {taskinstance.py:2867} INFO - Starting attempt 1 of 2
[2025-03-10T10:46:13.605+0000] {taskinstance.py:2890} INFO - Executing <Task(TriggerDagRunOperator): trigger_extract> on 2025-03-10 10:46:06.783118+00:00
[2025-03-10T10:46:13.617+0000] {warnings.py:112} WARNING - /home/***/.local/lib/python3.12/site-packages/***/task/task_runner/standard_task_runner.py:70: DeprecationWarning: This process (pid=322) is multi-threaded, use of fork() may lead to deadlocks in the child.
  pid = os.fork()

[2025-03-10T10:46:13.619+0000] {standard_task_runner.py:72} INFO - Started process 324 to run task
[2025-03-10T10:46:13.618+0000] {standard_task_runner.py:104} INFO - Running: ['***', 'tasks', 'run', 'tiki_orchestration_dag', 'trigger_extract', 'manual__2025-03-10T10:46:06.783118+00:00', '--job-id', '473', '--raw', '--subdir', 'DAGS_FOLDER/tiki_etl_orchestration.py', '--cfg-path', '/tmp/tmpwrqgwi_w']
[2025-03-10T10:46:13.619+0000] {standard_task_runner.py:105} INFO - Job 473: Subtask trigger_extract
[2025-03-10T10:46:13.665+0000] {task_command.py:467} INFO - Running <TaskInstance: tiki_orchestration_dag.trigger_extract manual__2025-03-10T10:46:06.783118+00:00 [running]> on host 0c9fb3f19112
[2025-03-10T10:46:13.747+0000] {taskinstance.py:3134} INFO - Exporting env vars: AIRFLOW_CTX_DAG_OWNER='***' AIRFLOW_CTX_DAG_ID='tiki_orchestration_dag' AIRFLOW_CTX_TASK_ID='trigger_extract' AIRFLOW_CTX_EXECUTION_DATE='2025-03-10T10:46:06.783118+00:00' AIRFLOW_CTX_TRY_NUMBER='1' AIRFLOW_CTX_DAG_RUN_ID='manual__2025-03-10T10:46:06.783118+00:00'
[2025-03-10T10:46:13.749+0000] {logging_mixin.py:190} INFO - Task instance is in running state
[2025-03-10T10:46:13.749+0000] {logging_mixin.py:190} INFO -  Previous state of the Task instance: queued
[2025-03-10T10:46:13.750+0000] {logging_mixin.py:190} INFO - Current task name:trigger_extract state:running start_date:2025-03-10 10:46:13.431509+00:00
[2025-03-10T10:46:13.750+0000] {logging_mixin.py:190} INFO - Dag name:tiki_orchestration_dag and current dag run status:running
[2025-03-10T10:46:13.751+0000] {taskinstance.py:732} INFO - ::endgroup::
[2025-03-10T10:46:13.840+0000] {trigger_dagrun.py:257} INFO - Waiting for tiki_extract_dag on 2025-03-10 10:46:13.751493+00:00 to become allowed state ['success'] ...
[2025-03-10T10:47:14.345+0000] {job.py:229} INFO - Heartbeat recovered after 18.16 seconds
[2025-03-10T10:47:14.623+0000] {trigger_dagrun.py:257} INFO - Waiting for tiki_extract_dag on 2025-03-10 10:46:13.751493+00:00 to become allowed state ['success'] ...
[2025-03-10T10:47:58.837+0000] {job.py:229} INFO - Heartbeat recovered after 44.53 seconds
[2025-03-10T10:48:14.667+0000] {trigger_dagrun.py:257} INFO - Waiting for tiki_extract_dag on 2025-03-10 10:46:13.751493+00:00 to become allowed state ['success'] ...
[2025-03-10T10:48:18.235+0000] {job.py:229} INFO - Heartbeat recovered after 14.05 seconds
[2025-03-10T10:49:14.692+0000] {trigger_dagrun.py:257} INFO - Waiting for tiki_extract_dag on 2025-03-10 10:46:13.751493+00:00 to become allowed state ['success'] ...
[2025-03-10T10:50:14.701+0000] {trigger_dagrun.py:257} INFO - Waiting for tiki_extract_dag on 2025-03-10 10:46:13.751493+00:00 to become allowed state ['success'] ...
[2025-03-10T10:51:14.705+0000] {trigger_dagrun.py:257} INFO - Waiting for tiki_extract_dag on 2025-03-10 10:46:13.751493+00:00 to become allowed state ['success'] ...
[2025-03-10T10:52:14.709+0000] {trigger_dagrun.py:257} INFO - Waiting for tiki_extract_dag on 2025-03-10 10:46:13.751493+00:00 to become allowed state ['success'] ...
[2025-03-10T10:53:14.713+0000] {trigger_dagrun.py:257} INFO - Waiting for tiki_extract_dag on 2025-03-10 10:46:13.751493+00:00 to become allowed state ['success'] ...
[2025-03-10T10:54:14.720+0000] {trigger_dagrun.py:257} INFO - Waiting for tiki_extract_dag on 2025-03-10 10:46:13.751493+00:00 to become allowed state ['success'] ...
[2025-03-10T10:55:14.727+0000] {trigger_dagrun.py:257} INFO - Waiting for tiki_extract_dag on 2025-03-10 10:46:13.751493+00:00 to become allowed state ['success'] ...
[2025-03-10T10:56:14.733+0000] {trigger_dagrun.py:257} INFO - Waiting for tiki_extract_dag on 2025-03-10 10:46:13.751493+00:00 to become allowed state ['success'] ...
[2025-03-10T10:57:14.739+0000] {trigger_dagrun.py:257} INFO - Waiting for tiki_extract_dag on 2025-03-10 10:46:13.751493+00:00 to become allowed state ['success'] ...
[2025-03-10T10:58:14.744+0000] {trigger_dagrun.py:257} INFO - Waiting for tiki_extract_dag on 2025-03-10 10:46:13.751493+00:00 to become allowed state ['success'] ...
[2025-03-10T10:59:14.754+0000] {trigger_dagrun.py:257} INFO - Waiting for tiki_extract_dag on 2025-03-10 10:46:13.751493+00:00 to become allowed state ['success'] ...
