[2025-03-12T07:45:17.178+0000] {local_task_job_runner.py:123} INFO - ::group::Pre task execution logs
[2025-03-12T07:45:17.204+0000] {taskinstance.py:2614} INFO - Dependencies all met for dep_context=non-requeueable deps ti=<TaskInstance: tiki_schema_management_dag.create_dataset_and_tables manual__2025-03-12T07:45:08.629845+00:00 [queued]>
[2025-03-12T07:45:17.218+0000] {taskinstance.py:2614} INFO - Dependencies all met for dep_context=requeueable deps ti=<TaskInstance: tiki_schema_management_dag.create_dataset_and_tables manual__2025-03-12T07:45:08.629845+00:00 [queued]>
[2025-03-12T07:45:17.219+0000] {taskinstance.py:2867} INFO - Starting attempt 1 of 4
[2025-03-12T07:45:17.244+0000] {taskinstance.py:2890} INFO - Executing <Task(PythonOperator): create_dataset_and_tables> on 2025-03-12 07:45:08.629845+00:00
[2025-03-12T07:45:17.258+0000] {warnings.py:112} WARNING - /home/***/.local/lib/python3.12/site-packages/***/task/task_runner/standard_task_runner.py:70: DeprecationWarning: This process (pid=550) is multi-threaded, use of fork() may lead to deadlocks in the child.
  pid = os.fork()

[2025-03-12T07:45:17.261+0000] {standard_task_runner.py:72} INFO - Started process 559 to run task
[2025-03-12T07:45:17.261+0000] {standard_task_runner.py:104} INFO - Running: ['***', 'tasks', 'run', 'tiki_schema_management_dag', 'create_dataset_and_tables', 'manual__2025-03-12T07:45:08.629845+00:00', '--job-id', '697', '--raw', '--subdir', 'DAGS_FOLDER/tiki_schema_management_dag.py', '--cfg-path', '/tmp/tmpk9k4mmqn']
[2025-03-12T07:45:17.263+0000] {standard_task_runner.py:105} INFO - Job 697: Subtask create_dataset_and_tables
[2025-03-12T07:45:17.745+0000] {task_command.py:467} INFO - Running <TaskInstance: tiki_schema_management_dag.create_dataset_and_tables manual__2025-03-12T07:45:08.629845+00:00 [running]> on host 3905098656d4
[2025-03-12T07:45:17.896+0000] {taskinstance.py:3134} INFO - Exporting env vars: AIRFLOW_CTX_DAG_OWNER='***' AIRFLOW_CTX_DAG_ID='tiki_schema_management_dag' AIRFLOW_CTX_TASK_ID='create_dataset_and_tables' AIRFLOW_CTX_EXECUTION_DATE='2025-03-12T07:45:08.629845+00:00' AIRFLOW_CTX_TRY_NUMBER='1' AIRFLOW_CTX_DAG_RUN_ID='manual__2025-03-12T07:45:08.629845+00:00'
[2025-03-12T07:45:17.897+0000] {logging_mixin.py:190} INFO - Task instance is in running state
[2025-03-12T07:45:17.898+0000] {logging_mixin.py:190} INFO -  Previous state of the Task instance: queued
[2025-03-12T07:45:17.899+0000] {logging_mixin.py:190} INFO - Current task name:create_dataset_and_tables state:running start_date:2025-03-12 07:45:17.205936+00:00
[2025-03-12T07:45:17.900+0000] {logging_mixin.py:190} INFO - Dag name:tiki_schema_management_dag and current dag run status:running
[2025-03-12T07:45:17.901+0000] {taskinstance.py:732} INFO - ::endgroup::
[2025-03-12T07:45:19.721+0000] {tiki_schema_management_dag.py:28} INFO - Dataset tiki_dataset already exists
[2025-03-12T07:45:20.652+0000] {tiki_schema_management_dag.py:55} INFO - Created table Fact_Sales with schema
[2025-03-12T07:45:21.797+0000] {tiki_schema_management_dag.py:55} INFO - Created table Dim_Product with schema
[2025-03-12T07:45:22.777+0000] {tiki_schema_management_dag.py:55} INFO - Created table Dim_Seller with schema
[2025-03-12T07:45:24.015+0000] {tiki_schema_management_dag.py:55} INFO - Created table Dim_Category with schema
[2025-03-12T07:45:25.106+0000] {tiki_schema_management_dag.py:55} INFO - Created table Dim_Brand with schema
[2025-03-12T07:45:25.109+0000] {python.py:240} INFO - Done. Returned value was: None
[2025-03-12T07:45:25.143+0000] {taskinstance.py:341} INFO - ::group::Post task execution logs
[2025-03-12T07:45:25.144+0000] {taskinstance.py:353} INFO - Marking task as SUCCESS. dag_id=tiki_schema_management_dag, task_id=create_dataset_and_tables, run_id=manual__2025-03-12T07:45:08.629845+00:00, execution_date=20250312T074508, start_date=20250312T074517, end_date=20250312T074525
[2025-03-12T07:45:25.186+0000] {logging_mixin.py:190} INFO - Task instance in success state
[2025-03-12T07:45:25.187+0000] {logging_mixin.py:190} INFO -  Previous state of the Task instance: running
[2025-03-12T07:45:25.188+0000] {logging_mixin.py:190} INFO - Dag name:tiki_schema_management_dag queued_at:2025-03-12 07:45:08.755980+00:00
[2025-03-12T07:45:25.189+0000] {logging_mixin.py:190} INFO - Task hostname:3905098656d4 operator:PythonOperator
[2025-03-12T07:45:25.263+0000] {local_task_job_runner.py:266} INFO - Task exited with return code 0
[2025-03-12T07:45:25.291+0000] {taskinstance.py:3901} INFO - 0 downstream tasks scheduled from follow-on schedule check
[2025-03-12T07:45:25.294+0000] {local_task_job_runner.py:245} INFO - ::endgroup::
