[2025-03-11T14:07:55.920+0000] {local_task_job_runner.py:123} INFO - ::group::Pre task execution logs
[2025-03-11T14:07:56.054+0000] {taskinstance.py:2614} INFO - Dependencies all met for dep_context=non-requeueable deps ti=<TaskInstance: tiki_extract_dag.crawl_dong-ho-va-trang-suc manual__2025-03-11T14:07:26.849945+00:00 [queued]>
[2025-03-11T14:07:56.137+0000] {taskinstance.py:2614} INFO - Dependencies all met for dep_context=requeueable deps ti=<TaskInstance: tiki_extract_dag.crawl_dong-ho-va-trang-suc manual__2025-03-11T14:07:26.849945+00:00 [queued]>
[2025-03-11T14:07:56.146+0000] {taskinstance.py:2867} INFO - Starting attempt 1 of 4
[2025-03-11T14:07:56.331+0000] {taskinstance.py:2890} INFO - Executing <Task(PythonOperator): crawl_dong-ho-va-trang-suc> on 2025-03-11 14:07:26.849945+00:00
[2025-03-11T14:07:56.506+0000] {warnings.py:112} WARNING - /home/***/.local/lib/python3.12/site-packages/***/task/task_runner/standard_task_runner.py:70: DeprecationWarning: This process (pid=2138) is multi-threaded, use of fork() may lead to deadlocks in the child.
  pid = os.fork()

[2025-03-11T14:07:56.547+0000] {standard_task_runner.py:72} INFO - Started process 2167 to run task
[2025-03-11T14:07:56.562+0000] {standard_task_runner.py:104} INFO - Running: ['***', 'tasks', 'run', 'tiki_extract_dag', 'crawl_dong-ho-va-trang-suc', 'manual__2025-03-11T14:07:26.849945+00:00', '--job-id', '593', '--raw', '--subdir', 'DAGS_FOLDER/tiki_extract_dag.py', '--cfg-path', '/tmp/tmp213ey0sw']
[2025-03-11T14:07:56.580+0000] {standard_task_runner.py:105} INFO - Job 593: Subtask crawl_dong-ho-va-trang-suc
[2025-03-11T14:07:57.034+0000] {task_command.py:467} INFO - Running <TaskInstance: tiki_extract_dag.crawl_dong-ho-va-trang-suc manual__2025-03-11T14:07:26.849945+00:00 [running]> on host 5c8190d7da62
[2025-03-11T14:07:59.284+0000] {taskinstance.py:3134} INFO - Exporting env vars: AIRFLOW_CTX_DAG_OWNER='***' AIRFLOW_CTX_DAG_ID='tiki_extract_dag' AIRFLOW_CTX_TASK_ID='crawl_dong-ho-va-trang-suc' AIRFLOW_CTX_EXECUTION_DATE='2025-03-11T14:07:26.849945+00:00' AIRFLOW_CTX_TRY_NUMBER='1' AIRFLOW_CTX_DAG_RUN_ID='manual__2025-03-11T14:07:26.849945+00:00'
[2025-03-11T14:07:59.294+0000] {logging_mixin.py:190} INFO - Task instance is in running state
[2025-03-11T14:07:59.295+0000] {logging_mixin.py:190} INFO -  Previous state of the Task instance: queued
[2025-03-11T14:07:59.296+0000] {logging_mixin.py:190} INFO - Current task name:crawl_dong-ho-va-trang-suc state:running start_date:2025-03-11 14:07:56.056208+00:00
[2025-03-11T14:07:59.303+0000] {logging_mixin.py:190} INFO - Dag name:tiki_extract_dag and current dag run status:running
[2025-03-11T14:07:59.304+0000] {taskinstance.py:732} INFO - ::endgroup::
[2025-03-11T14:08:02.644+0000] {tiki_extract_dag.py:139} INFO - Starting crawl for category dong-ho-va-trang-suc (ID: 8371)
[2025-03-11T14:08:02.647+0000] {tiki_extract_dag.py:141} INFO - Calling API: https://tiki.vn/api/v2/products with params: {'page': 1, 'limit': 40, 'category': '8371'}
[2025-03-11T14:08:05.035+0000] {tiki_extract_dag.py:150} INFO - Total pages for dong-ho-va-trang-suc: 50 (limited to 50)
[2025-03-11T14:08:05.037+0000] {tiki_extract_dag.py:163} INFO - Calling API: https://tiki.vn/api/v2/products with params: {'page': 2, 'limit': 40, 'category': '8371'}
[2025-03-11T14:08:06.051+0000] {tiki_extract_dag.py:183} INFO - Extracted page 2/50 for category dong-ho-va-trang-suc, total items: 1
[2025-03-11T14:08:12.654+0000] {job.py:229} INFO - Heartbeat recovered after 10.87 seconds
[2025-03-11T14:08:21.845+0000] {job.py:229} INFO - Heartbeat recovered after 12.70 seconds
[2025-03-11T14:08:24.110+0000] {tiki_extract_dag.py:163} INFO - Calling API: https://tiki.vn/api/v2/products with params: {'page': 3, 'limit': 40, 'category': '8371'}
[2025-03-11T14:08:40.299+0000] {tiki_extract_dag.py:120} ERROR - Error fetching details for product 161522862 on attempt 1/3: Expecting value: line 1 column 1 (char 0)
[2025-03-11T14:08:47.642+0000] {tiki_extract_dag.py:120} ERROR - Error fetching details for product 161522862 on attempt 2/3: Expecting value: line 1 column 1 (char 0)
[2025-03-11T14:08:56.071+0000] {tiki_extract_dag.py:120} ERROR - Error fetching details for product 161522862 on attempt 3/3: Expecting value: line 1 column 1 (char 0)
[2025-03-11T14:08:56.301+0000] {tiki_extract_dag.py:120} ERROR - Error fetching details for product 151951218 on attempt 1/3: Expecting value: line 1 column 1 (char 0)
[2025-03-11T14:09:04.259+0000] {tiki_extract_dag.py:120} ERROR - Error fetching details for product 151951218 on attempt 2/3: Expecting value: line 1 column 1 (char 0)
[2025-03-11T14:09:30.355+0000] {tiki_extract_dag.py:120} ERROR - Error fetching details for product 59263751 on attempt 1/3: Expecting value: line 1 column 1 (char 0)
[2025-03-11T14:09:36.020+0000] {tiki_extract_dag.py:120} ERROR - Error fetching details for product 59263751 on attempt 2/3: Expecting value: line 1 column 1 (char 0)
[2025-03-11T14:09:44.338+0000] {tiki_extract_dag.py:120} ERROR - Error fetching details for product 59263751 on attempt 3/3: Expecting value: line 1 column 1 (char 0)
[2025-03-11T14:09:44.823+0000] {tiki_extract_dag.py:120} ERROR - Error fetching details for product 57137196 on attempt 1/3: Expecting value: line 1 column 1 (char 0)
[2025-03-11T14:09:50.214+0000] {tiki_extract_dag.py:120} ERROR - Error fetching details for product 57137196 on attempt 2/3: Expecting value: line 1 column 1 (char 0)
[2025-03-11T14:10:00.069+0000] {tiki_extract_dag.py:120} ERROR - Error fetching details for product 57137196 on attempt 3/3: Expecting value: line 1 column 1 (char 0)
[2025-03-11T14:10:00.393+0000] {tiki_extract_dag.py:120} ERROR - Error fetching details for product 55805885 on attempt 1/3: Expecting value: line 1 column 1 (char 0)
[2025-03-11T14:10:16.044+0000] {tiki_extract_dag.py:183} INFO - Extracted page 3/50 for category dong-ho-va-trang-suc, total items: 41
[2025-03-11T14:10:31.250+0000] {tiki_extract_dag.py:163} INFO - Calling API: https://tiki.vn/api/v2/products with params: {'page': 4, 'limit': 40, 'category': '8371'}
[2025-03-11T14:10:33.673+0000] {tiki_extract_dag.py:120} ERROR - Error fetching details for product 273682629 on attempt 1/3: Expecting value: line 1 column 1 (char 0)
[2025-03-11T14:10:39.145+0000] {tiki_extract_dag.py:120} ERROR - Error fetching details for product 273682629 on attempt 2/3: Expecting value: line 1 column 1 (char 0)
[2025-03-11T14:10:48.546+0000] {tiki_extract_dag.py:120} ERROR - Error fetching details for product 273682629 on attempt 3/3: Expecting value: line 1 column 1 (char 0)
[2025-03-11T14:10:48.772+0000] {tiki_extract_dag.py:120} ERROR - Error fetching details for product 272306325 on attempt 1/3: Expecting value: line 1 column 1 (char 0)
[2025-03-11T14:10:55.902+0000] {tiki_extract_dag.py:120} ERROR - Error fetching details for product 272306325 on attempt 2/3: Expecting value: line 1 column 1 (char 0)
[2025-03-11T14:11:03.405+0000] {tiki_extract_dag.py:120} ERROR - Error fetching details for product 272306325 on attempt 3/3: Expecting value: line 1 column 1 (char 0)
[2025-03-11T14:11:03.647+0000] {tiki_extract_dag.py:120} ERROR - Error fetching details for product 271556954 on attempt 1/3: Expecting value: line 1 column 1 (char 0)
[2025-03-11T14:11:28.492+0000] {tiki_extract_dag.py:183} INFO - Extracted page 4/50 for category dong-ho-va-trang-suc, total items: 81
[2025-03-11T14:11:43.752+0000] {tiki_extract_dag.py:163} INFO - Calling API: https://tiki.vn/api/v2/products with params: {'page': 5, 'limit': 40, 'category': '8371'}
[2025-03-11T14:11:44.041+0000] {tiki_extract_dag.py:186} ERROR - API error at page 5 in category dong-ho-va-trang-suc on attempt 1/3: Expecting value: line 1 column 1 (char 0)
[2025-03-11T14:11:53.678+0000] {tiki_extract_dag.py:186} ERROR - API error at page 5 in category dong-ho-va-trang-suc on attempt 2/3: Expecting value: line 1 column 1 (char 0)
[2025-03-11T14:12:01.756+0000] {tiki_extract_dag.py:186} ERROR - API error at page 5 in category dong-ho-va-trang-suc on attempt 3/3: Expecting value: line 1 column 1 (char 0)
[2025-03-11T14:12:01.758+0000] {tiki_extract_dag.py:191} ERROR - Failed after 3 attempts for page 5 in category dong-ho-va-trang-suc
[2025-03-11T14:12:01.817+0000] {python.py:240} INFO - Done. Returned value was: None
[2025-03-11T14:12:02.765+0000] {taskinstance.py:341} INFO - ::group::Post task execution logs
[2025-03-11T14:12:02.787+0000] {taskinstance.py:353} INFO - Marking task as SUCCESS. dag_id=tiki_extract_dag, task_id=crawl_dong-ho-va-trang-suc, run_id=manual__2025-03-11T14:07:26.849945+00:00, execution_date=20250311T140726, start_date=20250311T140756, end_date=20250311T141202
[2025-03-11T14:12:04.440+0000] {logging_mixin.py:190} INFO - Task instance in success state
[2025-03-11T14:12:04.443+0000] {logging_mixin.py:190} INFO -  Previous state of the Task instance: running
[2025-03-11T14:12:04.447+0000] {logging_mixin.py:190} INFO - Dag name:tiki_extract_dag queued_at:2025-03-11 14:07:27.008557+00:00
[2025-03-11T14:12:04.448+0000] {logging_mixin.py:190} INFO - Task hostname:5c8190d7da62 operator:PythonOperator
[2025-03-11T14:12:04.992+0000] {local_task_job_runner.py:266} INFO - Task exited with return code 0
[2025-03-11T14:12:05.681+0000] {taskinstance.py:3901} INFO - 0 downstream tasks scheduled from follow-on schedule check
[2025-03-11T14:12:05.692+0000] {local_task_job_runner.py:245} INFO - ::endgroup::
