[2025-03-11T17:16:55.225+0000] {local_task_job_runner.py:123} INFO - ::group::Pre task execution logs
[2025-03-11T17:16:55.247+0000] {taskinstance.py:2614} INFO - Dependencies all met for dep_context=non-requeueable deps ti=<TaskInstance: tiki_etl_orchestration.extract_data manual__2025-03-11T17:16:49.952427+00:00 [queued]>
[2025-03-11T17:16:55.264+0000] {taskinstance.py:2614} INFO - Dependencies all met for dep_context=requeueable deps ti=<TaskInstance: tiki_etl_orchestration.extract_data manual__2025-03-11T17:16:49.952427+00:00 [queued]>
[2025-03-11T17:16:55.267+0000] {taskinstance.py:2867} INFO - Starting attempt 1 of 4
[2025-03-11T17:16:55.483+0000] {taskinstance.py:2890} INFO - Executing <Task(TriggerDagRunOperator): extract_data> on 2025-03-11 17:16:49.952427+00:00
[2025-03-11T17:16:55.513+0000] {warnings.py:112} WARNING - /home/***/.local/lib/python3.12/site-packages/***/task/task_runner/standard_task_runner.py:70: DeprecationWarning: This process (pid=615) is multi-threaded, use of fork() may lead to deadlocks in the child.
  pid = os.fork()

[2025-03-11T17:16:55.522+0000] {standard_task_runner.py:72} INFO - Started process 617 to run task
[2025-03-11T17:16:55.523+0000] {standard_task_runner.py:104} INFO - Running: ['***', 'tasks', 'run', 'tiki_etl_orchestration', 'extract_data', 'manual__2025-03-11T17:16:49.952427+00:00', '--job-id', '611', '--raw', '--subdir', 'DAGS_FOLDER/tiki_etl_orchestration.py', '--cfg-path', '/tmp/tmpb6a2jaex']
[2025-03-11T17:16:55.524+0000] {standard_task_runner.py:105} INFO - Job 611: Subtask extract_data
[2025-03-11T17:16:55.576+0000] {task_command.py:467} INFO - Running <TaskInstance: tiki_etl_orchestration.extract_data manual__2025-03-11T17:16:49.952427+00:00 [running]> on host 5c8190d7da62
[2025-03-11T17:16:55.671+0000] {taskinstance.py:3134} INFO - Exporting env vars: AIRFLOW_CTX_DAG_OWNER='***' AIRFLOW_CTX_DAG_ID='tiki_etl_orchestration' AIRFLOW_CTX_TASK_ID='extract_data' AIRFLOW_CTX_EXECUTION_DATE='2025-03-11T17:16:49.952427+00:00' AIRFLOW_CTX_TRY_NUMBER='1' AIRFLOW_CTX_DAG_RUN_ID='manual__2025-03-11T17:16:49.952427+00:00'
[2025-03-11T17:16:55.672+0000] {logging_mixin.py:190} INFO - Task instance is in running state
[2025-03-11T17:16:55.673+0000] {logging_mixin.py:190} INFO -  Previous state of the Task instance: queued
[2025-03-11T17:16:55.673+0000] {logging_mixin.py:190} INFO - Current task name:extract_data state:running start_date:2025-03-11 17:16:55.248297+00:00
[2025-03-11T17:16:55.674+0000] {logging_mixin.py:190} INFO - Dag name:tiki_etl_orchestration and current dag run status:running
[2025-03-11T17:16:55.674+0000] {taskinstance.py:732} INFO - ::endgroup::
[2025-03-11T17:16:55.752+0000] {trigger_dagrun.py:257} INFO - Waiting for tiki_extract_dag on 2025-03-11 17:16:55.675084+00:00 to become allowed state ['success'] ...
[2025-03-11T17:17:55.761+0000] {trigger_dagrun.py:257} INFO - Waiting for tiki_extract_dag on 2025-03-11 17:16:55.675084+00:00 to become allowed state ['success'] ...
[2025-03-11T17:18:55.767+0000] {trigger_dagrun.py:257} INFO - Waiting for tiki_extract_dag on 2025-03-11 17:16:55.675084+00:00 to become allowed state ['success'] ...
[2025-03-11T17:19:55.773+0000] {trigger_dagrun.py:257} INFO - Waiting for tiki_extract_dag on 2025-03-11 17:16:55.675084+00:00 to become allowed state ['success'] ...
[2025-03-11T17:20:55.779+0000] {trigger_dagrun.py:257} INFO - Waiting for tiki_extract_dag on 2025-03-11 17:16:55.675084+00:00 to become allowed state ['success'] ...
[2025-03-11T17:21:55.785+0000] {trigger_dagrun.py:257} INFO - Waiting for tiki_extract_dag on 2025-03-11 17:16:55.675084+00:00 to become allowed state ['success'] ...
[2025-03-11T17:22:55.790+0000] {trigger_dagrun.py:257} INFO - Waiting for tiki_extract_dag on 2025-03-11 17:16:55.675084+00:00 to become allowed state ['success'] ...
[2025-03-11T17:23:55.807+0000] {trigger_dagrun.py:257} INFO - Waiting for tiki_extract_dag on 2025-03-11 17:16:55.675084+00:00 to become allowed state ['success'] ...
[2025-03-11T17:24:55.817+0000] {trigger_dagrun.py:257} INFO - Waiting for tiki_extract_dag on 2025-03-11 17:16:55.675084+00:00 to become allowed state ['success'] ...
[2025-03-11T17:25:55.829+0000] {trigger_dagrun.py:257} INFO - Waiting for tiki_extract_dag on 2025-03-11 17:16:55.675084+00:00 to become allowed state ['success'] ...
[2025-03-11T17:26:55.835+0000] {trigger_dagrun.py:257} INFO - Waiting for tiki_extract_dag on 2025-03-11 17:16:55.675084+00:00 to become allowed state ['success'] ...
[2025-03-11T17:27:55.841+0000] {trigger_dagrun.py:271} INFO - tiki_extract_dag finished with allowed state success
[2025-03-11T17:27:55.883+0000] {taskinstance.py:341} INFO - ::group::Post task execution logs
[2025-03-11T17:27:55.885+0000] {taskinstance.py:353} INFO - Marking task as SUCCESS. dag_id=tiki_etl_orchestration, task_id=extract_data, run_id=manual__2025-03-11T17:16:49.952427+00:00, execution_date=20250311T171649, start_date=20250311T171655, end_date=20250311T172755
[2025-03-11T17:27:55.933+0000] {logging_mixin.py:190} INFO - Task instance in success state
[2025-03-11T17:27:55.933+0000] {logging_mixin.py:190} INFO -  Previous state of the Task instance: running
[2025-03-11T17:27:55.934+0000] {logging_mixin.py:190} INFO - Dag name:tiki_etl_orchestration queued_at:2025-03-11 17:16:51.079914+00:00
[2025-03-11T17:27:55.934+0000] {logging_mixin.py:190} INFO - Task hostname:5c8190d7da62 operator:TriggerDagRunOperator
[2025-03-11T17:27:55.998+0000] {local_task_job_runner.py:266} INFO - Task exited with return code 0
[2025-03-11T17:27:56.081+0000] {taskinstance.py:3901} INFO - 1 downstream tasks scheduled from follow-on schedule check
[2025-03-11T17:27:56.085+0000] {local_task_job_runner.py:245} INFO - ::endgroup::
