[2025-03-10T10:23:16.841+0000] {local_task_job_runner.py:123} INFO - ::group::Pre task execution logs
[2025-03-10T10:23:16.912+0000] {taskinstance.py:2614} INFO - Dependencies all met for dep_context=non-requeueable deps ti=<TaskInstance: tiki_extract_dag.crawl_thiet-bi-kts-phu-kien-so manual__2025-03-10T10:23:09.493279+00:00 [queued]>
[2025-03-10T10:23:16.934+0000] {taskinstance.py:2614} INFO - Dependencies all met for dep_context=requeueable deps ti=<TaskInstance: tiki_extract_dag.crawl_thiet-bi-kts-phu-kien-so manual__2025-03-10T10:23:09.493279+00:00 [queued]>
[2025-03-10T10:23:16.936+0000] {taskinstance.py:2867} INFO - Starting attempt 1 of 4
[2025-03-10T10:23:16.985+0000] {taskinstance.py:2890} INFO - Executing <Task(PythonOperator): crawl_thiet-bi-kts-phu-kien-so> on 2025-03-10 10:23:09.493279+00:00
[2025-03-10T10:23:17.030+0000] {warnings.py:112} WARNING - /home/***/.local/lib/python3.12/site-packages/***/task/task_runner/standard_task_runner.py:70: DeprecationWarning: This process (pid=90) is multi-threaded, use of fork() may lead to deadlocks in the child.
  pid = os.fork()

[2025-03-10T10:23:17.050+0000] {standard_task_runner.py:72} INFO - Started process 119 to run task
[2025-03-10T10:23:17.055+0000] {standard_task_runner.py:104} INFO - Running: ['***', 'tasks', 'run', 'tiki_extract_dag', 'crawl_thiet-bi-kts-phu-kien-so', 'manual__2025-03-10T10:23:09.493279+00:00', '--job-id', '437', '--raw', '--subdir', 'DAGS_FOLDER/tiki_extract_dag.py', '--cfg-path', '/tmp/tmpvbuml1g8']
[2025-03-10T10:23:17.060+0000] {standard_task_runner.py:105} INFO - Job 437: Subtask crawl_thiet-bi-kts-phu-kien-so
[2025-03-10T10:23:17.415+0000] {task_command.py:467} INFO - Running <TaskInstance: tiki_extract_dag.crawl_thiet-bi-kts-phu-kien-so manual__2025-03-10T10:23:09.493279+00:00 [running]> on host c77555d100c4
[2025-03-10T10:23:30.889+0000] {taskinstance.py:3134} INFO - Exporting env vars: AIRFLOW_CTX_DAG_OWNER='***' AIRFLOW_CTX_DAG_ID='tiki_extract_dag' AIRFLOW_CTX_TASK_ID='crawl_thiet-bi-kts-phu-kien-so' AIRFLOW_CTX_EXECUTION_DATE='2025-03-10T10:23:09.493279+00:00' AIRFLOW_CTX_TRY_NUMBER='1' AIRFLOW_CTX_DAG_RUN_ID='manual__2025-03-10T10:23:09.493279+00:00'
[2025-03-10T10:23:30.898+0000] {logging_mixin.py:190} INFO - Task instance is in running state
[2025-03-10T10:23:30.899+0000] {logging_mixin.py:190} INFO -  Previous state of the Task instance: queued
[2025-03-10T10:23:30.900+0000] {logging_mixin.py:190} INFO - Current task name:crawl_thiet-bi-kts-phu-kien-so state:running start_date:2025-03-10 10:23:16.914106+00:00
[2025-03-10T10:23:30.901+0000] {logging_mixin.py:190} INFO - Dag name:tiki_extract_dag and current dag run status:running
[2025-03-10T10:23:30.902+0000] {taskinstance.py:732} INFO - ::endgroup::
[2025-03-10T10:23:32.108+0000] {tiki_extract_dag.py:132} INFO - Starting crawl for category thiet-bi-kts-phu-kien-so (ID: 1815)
[2025-03-10T10:23:32.109+0000] {tiki_extract_dag.py:134} INFO - Calling API: https://tiki.vn/api/v2/products with params: {'page': 1, 'limit': 40, 'category': '1815'}
[2025-03-10T10:23:33.372+0000] {tiki_extract_dag.py:143} INFO - Total pages for thiet-bi-kts-phu-kien-so: 50 (limited to 50)
[2025-03-10T10:23:59.914+0000] {tiki_extract_dag.py:119} ERROR - Error fetching details for product 174593826: Expecting value: line 1 column 1 (char 0)
[2025-03-10T10:24:00.074+0000] {tiki_extract_dag.py:119} ERROR - Error fetching details for product 172146754: Expecting value: line 1 column 1 (char 0)
[2025-03-10T10:24:00.215+0000] {tiki_extract_dag.py:119} ERROR - Error fetching details for product 170273830: Expecting value: line 1 column 1 (char 0)
[2025-03-10T10:24:00.359+0000] {tiki_extract_dag.py:119} ERROR - Error fetching details for product 162772687: Expecting value: line 1 column 1 (char 0)
[2025-03-10T10:24:00.522+0000] {tiki_extract_dag.py:119} ERROR - Error fetching details for product 161007768: Expecting value: line 1 column 1 (char 0)
[2025-03-10T10:24:00.663+0000] {tiki_extract_dag.py:119} ERROR - Error fetching details for product 142439870: Expecting value: line 1 column 1 (char 0)
[2025-03-10T10:24:00.803+0000] {tiki_extract_dag.py:119} ERROR - Error fetching details for product 137864606: Expecting value: line 1 column 1 (char 0)
[2025-03-10T10:24:00.941+0000] {tiki_extract_dag.py:119} ERROR - Error fetching details for product 134364129: Expecting value: line 1 column 1 (char 0)
[2025-03-10T10:24:01.078+0000] {tiki_extract_dag.py:119} ERROR - Error fetching details for product 116725239: Expecting value: line 1 column 1 (char 0)
[2025-03-10T10:24:01.227+0000] {tiki_extract_dag.py:119} ERROR - Error fetching details for product 116566083: Expecting value: line 1 column 1 (char 0)
[2025-03-10T10:24:01.372+0000] {tiki_extract_dag.py:119} ERROR - Error fetching details for product 110850007: Expecting value: line 1 column 1 (char 0)
[2025-03-10T10:24:01.514+0000] {tiki_extract_dag.py:119} ERROR - Error fetching details for product 107067035: Expecting value: line 1 column 1 (char 0)
[2025-03-10T10:24:01.655+0000] {tiki_extract_dag.py:119} ERROR - Error fetching details for product 89208874: Expecting value: line 1 column 1 (char 0)
[2025-03-10T10:24:01.795+0000] {tiki_extract_dag.py:119} ERROR - Error fetching details for product 88796437: Expecting value: line 1 column 1 (char 0)
[2025-03-10T10:24:01.957+0000] {tiki_extract_dag.py:119} ERROR - Error fetching details for product 80857582: Expecting value: line 1 column 1 (char 0)
[2025-03-10T10:24:02.126+0000] {tiki_extract_dag.py:119} ERROR - Error fetching details for product 73315307: Expecting value: line 1 column 1 (char 0)
[2025-03-10T10:24:02.272+0000] {tiki_extract_dag.py:119} ERROR - Error fetching details for product 68985833: Expecting value: line 1 column 1 (char 0)
[2025-03-10T10:24:02.412+0000] {tiki_extract_dag.py:119} ERROR - Error fetching details for product 52945747: Expecting value: line 1 column 1 (char 0)
[2025-03-10T10:24:02.558+0000] {tiki_extract_dag.py:119} ERROR - Error fetching details for product 49658272: Expecting value: line 1 column 1 (char 0)
[2025-03-10T10:24:02.700+0000] {tiki_extract_dag.py:119} ERROR - Error fetching details for product 49648343: Expecting value: line 1 column 1 (char 0)
[2025-03-10T10:24:02.843+0000] {tiki_extract_dag.py:119} ERROR - Error fetching details for product 36007224: Expecting value: line 1 column 1 (char 0)
[2025-03-10T10:24:02.979+0000] {tiki_extract_dag.py:119} ERROR - Error fetching details for product 35420153: Expecting value: line 1 column 1 (char 0)
[2025-03-10T10:24:03.145+0000] {tiki_extract_dag.py:119} ERROR - Error fetching details for product 4312979: Expecting value: line 1 column 1 (char 0)
[2025-03-10T10:24:03.334+0000] {tiki_extract_dag.py:119} ERROR - Error fetching details for product 3671793: Expecting value: line 1 column 1 (char 0)
[2025-03-10T10:24:03.494+0000] {tiki_extract_dag.py:119} ERROR - Error fetching details for product 554401: Expecting value: line 1 column 1 (char 0)
[2025-03-10T10:24:03.662+0000] {tiki_extract_dag.py:119} ERROR - Error fetching details for product 389145: Expecting value: line 1 column 1 (char 0)
[2025-03-10T10:24:03.803+0000] {tiki_extract_dag.py:119} ERROR - Error fetching details for product 359484: Expecting value: line 1 column 1 (char 0)
[2025-03-10T10:24:03.941+0000] {tiki_extract_dag.py:119} ERROR - Error fetching details for product 299461: Expecting value: line 1 column 1 (char 0)
[2025-03-10T10:24:04.079+0000] {tiki_extract_dag.py:119} ERROR - Error fetching details for product 126697: Expecting value: line 1 column 1 (char 0)
[2025-03-10T10:24:04.079+0000] {tiki_extract_dag.py:156} INFO - Calling API: https://tiki.vn/api/v2/products with params: {'page': 2, 'limit': 40, 'category': '1815'}
[2025-03-10T10:24:04.216+0000] {tiki_extract_dag.py:178} ERROR - API error at page 2 in category thiet-bi-kts-phu-kien-so: Expecting value: line 1 column 1 (char 0)
[2025-03-10T10:24:06.690+0000] {tiki_extract_dag.py:50} INFO - Updated crawled products at tiki-pipeline/tiki_crawled/crawled_products.json
[2025-03-10T10:24:06.691+0000] {tiki_extract_dag.py:192} INFO - Uploaded raw data to tiki-pipeline/raw_data/thiet-bi-kts-phu-kien-so_20250310_102404.json, total items: 40
[2025-03-10T10:24:07.013+0000] {tiki_extract_dag.py:204} INFO - Saved metadata to tiki-pipeline/metadata/thiet-bi-kts-phu-kien-so_extract_run_metadata_20250310_102404.json
[2025-03-10T10:24:07.016+0000] {python.py:240} INFO - Done. Returned value was: None
[2025-03-10T10:24:07.051+0000] {taskinstance.py:341} INFO - ::group::Post task execution logs
[2025-03-10T10:24:07.053+0000] {taskinstance.py:353} INFO - Marking task as SUCCESS. dag_id=tiki_extract_dag, task_id=crawl_thiet-bi-kts-phu-kien-so, run_id=manual__2025-03-10T10:23:09.493279+00:00, execution_date=20250310T102309, start_date=20250310T102316, end_date=20250310T102407
[2025-03-10T10:24:07.100+0000] {logging_mixin.py:190} INFO - Task instance in success state
[2025-03-10T10:24:07.100+0000] {logging_mixin.py:190} INFO -  Previous state of the Task instance: running
[2025-03-10T10:24:07.101+0000] {logging_mixin.py:190} INFO - Dag name:tiki_extract_dag queued_at:2025-03-10 10:23:09.537669+00:00
[2025-03-10T10:24:07.101+0000] {logging_mixin.py:190} INFO - Task hostname:c77555d100c4 operator:PythonOperator
[2025-03-10T10:24:07.158+0000] {local_task_job_runner.py:266} INFO - Task exited with return code 0
[2025-03-10T10:24:07.235+0000] {taskinstance.py:3901} INFO - 0 downstream tasks scheduled from follow-on schedule check
[2025-03-10T10:24:07.242+0000] {local_task_job_runner.py:245} INFO - ::endgroup::
