[2025-03-09T12:10:00.677+0000] {local_task_job_runner.py:123} INFO - ::group::Pre task execution logs
[2025-03-09T12:10:00.706+0000] {taskinstance.py:2614} INFO - Dependencies all met for dep_context=non-requeueable deps ti=<TaskInstance: tiki_extract_dag.extract_data manual__2025-03-09T12:09:55.978883+00:00 [queued]>
[2025-03-09T12:10:00.721+0000] {taskinstance.py:2614} INFO - Dependencies all met for dep_context=requeueable deps ti=<TaskInstance: tiki_extract_dag.extract_data manual__2025-03-09T12:09:55.978883+00:00 [queued]>
[2025-03-09T12:10:00.723+0000] {taskinstance.py:2867} INFO - Starting attempt 1 of 1
[2025-03-09T12:10:00.750+0000] {taskinstance.py:2890} INFO - Executing <Task(PythonOperator): extract_data> on 2025-03-09 12:09:55.978883+00:00
[2025-03-09T12:10:00.763+0000] {warnings.py:112} WARNING - /home/***/.local/lib/python3.12/site-packages/***/task/task_runner/standard_task_runner.py:70: DeprecationWarning: This process (pid=104) is multi-threaded, use of fork() may lead to deadlocks in the child.
  pid = os.fork()

[2025-03-09T12:10:00.765+0000] {standard_task_runner.py:72} INFO - Started process 106 to run task
[2025-03-09T12:10:00.766+0000] {standard_task_runner.py:104} INFO - Running: ['***', 'tasks', 'run', 'tiki_extract_dag', 'extract_data', 'manual__2025-03-09T12:09:55.978883+00:00', '--job-id', '158', '--raw', '--subdir', 'DAGS_FOLDER/tiki_extract_dag.py', '--cfg-path', '/tmp/tmpigjnrkek']
[2025-03-09T12:10:00.768+0000] {standard_task_runner.py:105} INFO - Job 158: Subtask extract_data
[2025-03-09T12:10:00.846+0000] {task_command.py:467} INFO - Running <TaskInstance: tiki_extract_dag.extract_data manual__2025-03-09T12:09:55.978883+00:00 [running]> on host 117245270d1c
[2025-03-09T12:10:01.329+0000] {taskinstance.py:3134} INFO - Exporting env vars: AIRFLOW_CTX_DAG_OWNER='***' AIRFLOW_CTX_DAG_ID='tiki_extract_dag' AIRFLOW_CTX_TASK_ID='extract_data' AIRFLOW_CTX_EXECUTION_DATE='2025-03-09T12:09:55.978883+00:00' AIRFLOW_CTX_TRY_NUMBER='1' AIRFLOW_CTX_DAG_RUN_ID='manual__2025-03-09T12:09:55.978883+00:00'
[2025-03-09T12:10:01.331+0000] {logging_mixin.py:190} INFO - Task instance is in running state
[2025-03-09T12:10:01.332+0000] {logging_mixin.py:190} INFO -  Previous state of the Task instance: queued
[2025-03-09T12:10:01.333+0000] {logging_mixin.py:190} INFO - Current task name:extract_data state:running start_date:2025-03-09 12:10:00.708108+00:00
[2025-03-09T12:10:01.334+0000] {logging_mixin.py:190} INFO - Dag name:tiki_extract_dag and current dag run status:running
[2025-03-09T12:10:01.334+0000] {taskinstance.py:732} INFO - ::endgroup::
[2025-03-09T12:10:01.376+0000] {tiki_extract_dag.py:28} INFO - Loaded categories: ['lam-dep-suc-khoe', 'dien-thoai-may-tinh-bang', 'laptop-may-vi-tinh-linh-kien', 'dien-gia-dung', 'sach', 'thiet-bi-kts-phu-kien-so', 'thoi-trang-nu', 'thoi-trang-nam', 'dong-ho-va-trang-suc', 'dien-tu-dien-lanh']
[2025-03-09T12:10:01.377+0000] {tiki_extract_dag.py:29} INFO - Execution date: 2025-03-09 12:09:55.978883+00:00
[2025-03-09T12:10:02.028+0000] {crawl_data.py:106} INFO - Crawling category lam-dep-suc-khoe with 5 pages
[2025-03-09T12:10:02.567+0000] {crawl_data.py:131} INFO - Extracted page 1 - lam-dep-suc-khoe, 40 items, total extracted: 40
[2025-03-09T12:10:07.530+0000] {crawl_data.py:131} INFO - Extracted page 2 - lam-dep-suc-khoe, 40 items, total extracted: 80
[2025-03-09T12:10:12.477+0000] {crawl_data.py:131} INFO - Extracted page 3 - lam-dep-suc-khoe, 40 items, total extracted: 120
[2025-03-09T12:10:15.062+0000] {crawl_data.py:131} INFO - Extracted page 4 - lam-dep-suc-khoe, 40 items, total extracted: 160
[2025-03-09T12:10:18.060+0000] {crawl_data.py:131} INFO - Extracted page 5 - lam-dep-suc-khoe, 40 items, total extracted: 200
[2025-03-09T12:10:20.756+0000] {crawl_data.py:106} INFO - Crawling category dien-thoai-may-tinh-bang with 5 pages
[2025-03-09T12:10:21.077+0000] {crawl_data.py:131} INFO - Extracted page 1 - dien-thoai-may-tinh-bang, 40 items, total extracted: 240
[2025-03-09T12:10:23.714+0000] {crawl_data.py:131} INFO - Extracted page 2 - dien-thoai-may-tinh-bang, 40 items, total extracted: 280
[2025-03-09T12:10:26.936+0000] {crawl_data.py:131} INFO - Extracted page 3 - dien-thoai-may-tinh-bang, 40 items, total extracted: 320
[2025-03-09T12:10:31.354+0000] {crawl_data.py:131} INFO - Extracted page 4 - dien-thoai-may-tinh-bang, 40 items, total extracted: 360
[2025-03-09T12:10:36.392+0000] {crawl_data.py:131} INFO - Extracted page 5 - dien-thoai-may-tinh-bang, 40 items, total extracted: 400
[2025-03-09T12:10:40.706+0000] {crawl_data.py:106} INFO - Crawling category laptop-may-vi-tinh-linh-kien with 5 pages
[2025-03-09T12:10:41.208+0000] {crawl_data.py:131} INFO - Extracted page 1 - laptop-may-vi-tinh-linh-kien, 40 items, total extracted: 440
[2025-03-09T12:10:45.876+0000] {crawl_data.py:131} INFO - Extracted page 2 - laptop-may-vi-tinh-linh-kien, 40 items, total extracted: 480
[2025-03-09T12:10:51.234+0000] {crawl_data.py:131} INFO - Extracted page 3 - laptop-may-vi-tinh-linh-kien, 40 items, total extracted: 520
[2025-03-09T12:10:55.205+0000] {crawl_data.py:131} INFO - Extracted page 4 - laptop-may-vi-tinh-linh-kien, 40 items, total extracted: 560
[2025-03-09T12:10:58.661+0000] {crawl_data.py:131} INFO - Extracted page 5 - laptop-may-vi-tinh-linh-kien, 40 items, total extracted: 600
[2025-03-09T12:11:03.550+0000] {crawl_data.py:106} INFO - Crawling category dien-gia-dung with 5 pages
[2025-03-09T12:11:03.832+0000] {crawl_data.py:131} INFO - Extracted page 1 - dien-gia-dung, 40 items, total extracted: 640
[2025-03-09T12:11:07.027+0000] {crawl_data.py:131} INFO - Extracted page 2 - dien-gia-dung, 40 items, total extracted: 680
[2025-03-09T12:11:10.858+0000] {crawl_data.py:131} INFO - Extracted page 3 - dien-gia-dung, 40 items, total extracted: 720
[2025-03-09T12:11:13.988+0000] {crawl_data.py:131} INFO - Extracted page 4 - dien-gia-dung, 40 items, total extracted: 760
[2025-03-09T12:11:18.179+0000] {crawl_data.py:131} INFO - Extracted page 5 - dien-gia-dung, 40 items, total extracted: 800
[2025-03-09T12:11:20.753+0000] {crawl_data.py:106} INFO - Crawling category sach with 5 pages
[2025-03-09T12:11:21.082+0000] {crawl_data.py:131} INFO - Extracted page 1 - sach, 40 items, total extracted: 840
[2025-03-09T12:11:23.436+0000] {crawl_data.py:131} INFO - Extracted page 2 - sach, 40 items, total extracted: 880
[2025-03-09T12:11:26.188+0000] {crawl_data.py:131} INFO - Extracted page 3 - sach, 40 items, total extracted: 920
[2025-03-09T12:11:28.968+0000] {crawl_data.py:131} INFO - Extracted page 4 - sach, 40 items, total extracted: 960
[2025-03-09T12:11:34.137+0000] {crawl_data.py:131} INFO - Extracted page 5 - sach, 40 items, total extracted: 1000
[2025-03-09T12:11:38.097+0000] {crawl_data.py:106} INFO - Crawling category thiet-bi-kts-phu-kien-so with 5 pages
[2025-03-09T12:11:38.415+0000] {crawl_data.py:131} INFO - Extracted page 1 - thiet-bi-kts-phu-kien-so, 40 items, total extracted: 1040
[2025-03-09T12:11:42.291+0000] {crawl_data.py:131} INFO - Extracted page 2 - thiet-bi-kts-phu-kien-so, 40 items, total extracted: 1080
[2025-03-09T12:11:44.744+0000] {crawl_data.py:131} INFO - Extracted page 3 - thiet-bi-kts-phu-kien-so, 40 items, total extracted: 1120
[2025-03-09T12:11:50.013+0000] {crawl_data.py:131} INFO - Extracted page 4 - thiet-bi-kts-phu-kien-so, 40 items, total extracted: 1160
[2025-03-09T12:11:52.641+0000] {crawl_data.py:131} INFO - Extracted page 5 - thiet-bi-kts-phu-kien-so, 40 items, total extracted: 1200
[2025-03-09T12:11:57.123+0000] {crawl_data.py:106} INFO - Crawling category thoi-trang-nu with 5 pages
[2025-03-09T12:11:57.498+0000] {crawl_data.py:131} INFO - Extracted page 1 - thoi-trang-nu, 40 items, total extracted: 1240
[2025-03-09T12:12:02.760+0000] {crawl_data.py:131} INFO - Extracted page 2 - thoi-trang-nu, 40 items, total extracted: 1280
[2025-03-09T12:12:06.877+0000] {crawl_data.py:131} INFO - Extracted page 3 - thoi-trang-nu, 40 items, total extracted: 1320
[2025-03-09T12:12:10.629+0000] {crawl_data.py:131} INFO - Extracted page 4 - thoi-trang-nu, 40 items, total extracted: 1360
[2025-03-09T12:12:13.305+0000] {crawl_data.py:131} INFO - Extracted page 5 - thoi-trang-nu, 40 items, total extracted: 1400
[2025-03-09T12:12:18.221+0000] {crawl_data.py:106} INFO - Crawling category thoi-trang-nam with 5 pages
[2025-03-09T12:12:18.760+0000] {crawl_data.py:131} INFO - Extracted page 1 - thoi-trang-nam, 40 items, total extracted: 1440
[2025-03-09T12:12:24.075+0000] {crawl_data.py:131} INFO - Extracted page 2 - thoi-trang-nam, 40 items, total extracted: 1480
[2025-03-09T12:12:28.628+0000] {crawl_data.py:131} INFO - Extracted page 3 - thoi-trang-nam, 40 items, total extracted: 1520
[2025-03-09T12:12:32.162+0000] {crawl_data.py:131} INFO - Extracted page 4 - thoi-trang-nam, 40 items, total extracted: 1560
[2025-03-09T12:12:35.287+0000] {crawl_data.py:131} INFO - Extracted page 5 - thoi-trang-nam, 40 items, total extracted: 1600
[2025-03-09T12:12:38.710+0000] {crawl_data.py:106} INFO - Crawling category dong-ho-va-trang-suc with 5 pages
[2025-03-09T12:12:39.119+0000] {crawl_data.py:131} INFO - Extracted page 1 - dong-ho-va-trang-suc, 40 items, total extracted: 1640
[2025-03-09T12:12:43.675+0000] {crawl_data.py:131} INFO - Extracted page 2 - dong-ho-va-trang-suc, 40 items, total extracted: 1680
[2025-03-09T12:12:46.235+0000] {crawl_data.py:131} INFO - Extracted page 3 - dong-ho-va-trang-suc, 40 items, total extracted: 1720
[2025-03-09T12:12:49.407+0000] {crawl_data.py:131} INFO - Extracted page 4 - dong-ho-va-trang-suc, 40 items, total extracted: 1760
[2025-03-09T12:12:54.591+0000] {crawl_data.py:131} INFO - Extracted page 5 - dong-ho-va-trang-suc, 40 items, total extracted: 1800
[2025-03-09T12:12:57.504+0000] {crawl_data.py:106} INFO - Crawling category dien-tu-dien-lanh with 5 pages
[2025-03-09T12:12:57.819+0000] {crawl_data.py:131} INFO - Extracted page 1 - dien-tu-dien-lanh, 40 items, total extracted: 1840
[2025-03-09T12:13:00.235+0000] {crawl_data.py:131} INFO - Extracted page 2 - dien-tu-dien-lanh, 40 items, total extracted: 1880
[2025-03-09T12:13:04.649+0000] {crawl_data.py:131} INFO - Extracted page 3 - dien-tu-dien-lanh, 40 items, total extracted: 1920
[2025-03-09T12:13:09.759+0000] {crawl_data.py:131} INFO - Extracted page 4 - dien-tu-dien-lanh, 40 items, total extracted: 1960
[2025-03-09T12:13:12.877+0000] {crawl_data.py:131} INFO - Extracted page 5 - dien-tu-dien-lanh, 40 items, total extracted: 2000
[2025-03-09T12:13:30.358+0000] {crawl_data.py:49} INFO - Updated crawled products at tiki-data/tiki_crawled/crawled_products.json
[2025-03-09T12:13:30.359+0000] {crawl_data.py:147} INFO - Uploaded raw data to tiki-data/tiki_raw_data/raw_20250309_121317.json, total items: 2000
[2025-03-09T12:13:30.382+0000] {tiki_extract_dag.py:35} INFO - Extracted data and saved to tiki_raw_data/raw_20250309_121317.json
[2025-03-09T12:13:30.383+0000] {python.py:240} INFO - Done. Returned value was: tiki_raw_data/raw_20250309_121317.json
[2025-03-09T12:13:30.416+0000] {taskinstance.py:341} INFO - ::group::Post task execution logs
[2025-03-09T12:13:30.418+0000] {taskinstance.py:353} INFO - Marking task as SUCCESS. dag_id=tiki_extract_dag, task_id=extract_data, run_id=manual__2025-03-09T12:09:55.978883+00:00, execution_date=20250309T120955, start_date=20250309T121000, end_date=20250309T121330
[2025-03-09T12:13:30.459+0000] {logging_mixin.py:190} INFO - Task instance in success state
[2025-03-09T12:13:30.460+0000] {logging_mixin.py:190} INFO -  Previous state of the Task instance: running
[2025-03-09T12:13:30.461+0000] {logging_mixin.py:190} INFO - Dag name:tiki_extract_dag queued_at:2025-03-09 12:09:56.031445+00:00
[2025-03-09T12:13:30.461+0000] {logging_mixin.py:190} INFO - Task hostname:117245270d1c operator:PythonOperator
[2025-03-09T12:13:30.503+0000] {local_task_job_runner.py:266} INFO - Task exited with return code 0
[2025-03-09T12:13:30.532+0000] {taskinstance.py:3901} INFO - 0 downstream tasks scheduled from follow-on schedule check
[2025-03-09T12:13:30.535+0000] {local_task_job_runner.py:245} INFO - ::endgroup::
