[2025-03-09T16:27:20.050+0000] {local_task_job_runner.py:123} INFO - ::group::Pre task execution logs
[2025-03-09T16:27:20.083+0000] {taskinstance.py:2614} INFO - Dependencies all met for dep_context=non-requeueable deps ti=<TaskInstance: tiki_etl_orchestration.trigger_extract manual__2025-03-09T16:27:10.164238+00:00 [queued]>
[2025-03-09T16:27:20.097+0000] {taskinstance.py:2614} INFO - Dependencies all met for dep_context=requeueable deps ti=<TaskInstance: tiki_etl_orchestration.trigger_extract manual__2025-03-09T16:27:10.164238+00:00 [queued]>
[2025-03-09T16:27:20.098+0000] {taskinstance.py:2867} INFO - Starting attempt 1 of 1
[2025-03-09T16:27:20.331+0000] {taskinstance.py:2890} INFO - Executing <Task(TriggerDagRunOperator): trigger_extract> on 2025-03-09 16:27:10.164238+00:00
[2025-03-09T16:27:20.343+0000] {warnings.py:112} WARNING - /home/***/.local/lib/python3.12/site-packages/***/task/task_runner/standard_task_runner.py:70: DeprecationWarning: This process (pid=78) is multi-threaded, use of fork() may lead to deadlocks in the child.
  pid = os.fork()

[2025-03-09T16:27:20.346+0000] {standard_task_runner.py:72} INFO - Started process 80 to run task
[2025-03-09T16:27:20.346+0000] {standard_task_runner.py:104} INFO - Running: ['***', 'tasks', 'run', 'tiki_etl_orchestration', 'trigger_extract', 'manual__2025-03-09T16:27:10.164238+00:00', '--job-id', '214', '--raw', '--subdir', 'DAGS_FOLDER/tiki_etl_orchestration.py', '--cfg-path', '/tmp/tmpv8vgz5ey']
[2025-03-09T16:27:20.348+0000] {standard_task_runner.py:105} INFO - Job 214: Subtask trigger_extract
[2025-03-09T16:27:20.456+0000] {task_command.py:467} INFO - Running <TaskInstance: tiki_etl_orchestration.trigger_extract manual__2025-03-09T16:27:10.164238+00:00 [running]> on host 72a6d77a3cc5
[2025-03-09T16:27:20.637+0000] {taskinstance.py:3134} INFO - Exporting env vars: AIRFLOW_CTX_DAG_OWNER='***' AIRFLOW_CTX_DAG_ID='tiki_etl_orchestration' AIRFLOW_CTX_TASK_ID='trigger_extract' AIRFLOW_CTX_EXECUTION_DATE='2025-03-09T16:27:10.164238+00:00' AIRFLOW_CTX_TRY_NUMBER='1' AIRFLOW_CTX_DAG_RUN_ID='manual__2025-03-09T16:27:10.164238+00:00'
[2025-03-09T16:27:20.640+0000] {logging_mixin.py:190} INFO - Task instance is in running state
[2025-03-09T16:27:20.641+0000] {logging_mixin.py:190} INFO -  Previous state of the Task instance: queued
[2025-03-09T16:27:20.642+0000] {logging_mixin.py:190} INFO - Current task name:trigger_extract state:running start_date:2025-03-09 16:27:20.084285+00:00
[2025-03-09T16:27:20.643+0000] {logging_mixin.py:190} INFO - Dag name:tiki_etl_orchestration and current dag run status:running
[2025-03-09T16:27:20.644+0000] {taskinstance.py:732} INFO - ::endgroup::
[2025-03-09T16:27:20.784+0000] {trigger_dagrun.py:257} INFO - Waiting for tiki_extract_dag on 2025-03-09 16:27:20.645420+00:00 to become allowed state ['success'] ...
[2025-03-09T16:27:30.799+0000] {trigger_dagrun.py:257} INFO - Waiting for tiki_extract_dag on 2025-03-09 16:27:20.645420+00:00 to become allowed state ['success'] ...
[2025-03-09T16:27:40.812+0000] {trigger_dagrun.py:257} INFO - Waiting for tiki_extract_dag on 2025-03-09 16:27:20.645420+00:00 to become allowed state ['success'] ...
[2025-03-09T16:27:50.823+0000] {trigger_dagrun.py:257} INFO - Waiting for tiki_extract_dag on 2025-03-09 16:27:20.645420+00:00 to become allowed state ['success'] ...
[2025-03-09T16:28:00.835+0000] {trigger_dagrun.py:257} INFO - Waiting for tiki_extract_dag on 2025-03-09 16:27:20.645420+00:00 to become allowed state ['success'] ...
[2025-03-09T16:28:10.847+0000] {trigger_dagrun.py:271} INFO - tiki_extract_dag finished with allowed state success
[2025-03-09T16:28:10.864+0000] {taskinstance.py:341} INFO - ::group::Post task execution logs
[2025-03-09T16:28:10.865+0000] {taskinstance.py:353} INFO - Marking task as SUCCESS. dag_id=tiki_etl_orchestration, task_id=trigger_extract, run_id=manual__2025-03-09T16:27:10.164238+00:00, execution_date=20250309T162710, start_date=20250309T162720, end_date=20250309T162810
[2025-03-09T16:28:10.907+0000] {logging_mixin.py:190} INFO - Task instance in success state
[2025-03-09T16:28:10.908+0000] {logging_mixin.py:190} INFO -  Previous state of the Task instance: running
[2025-03-09T16:28:10.909+0000] {logging_mixin.py:190} INFO - Dag name:tiki_etl_orchestration queued_at:2025-03-09 16:27:11.630673+00:00
[2025-03-09T16:28:10.910+0000] {logging_mixin.py:190} INFO - Task hostname:72a6d77a3cc5 operator:TriggerDagRunOperator
[2025-03-09T16:28:10.953+0000] {local_task_job_runner.py:266} INFO - Task exited with return code 0
[2025-03-09T16:28:11.009+0000] {taskinstance.py:3901} INFO - 1 downstream tasks scheduled from follow-on schedule check
[2025-03-09T16:28:11.017+0000] {local_task_job_runner.py:245} INFO - ::endgroup::
