[2025-03-10T10:46:53.720+0000] {local_task_job_runner.py:123} INFO - ::group::Pre task execution logs
[2025-03-10T10:46:53.871+0000] {taskinstance.py:2614} INFO - Dependencies all met for dep_context=non-requeueable deps ti=<TaskInstance: tiki_extract_dag.crawl_dong-ho-va-trang-suc manual__2025-03-10T10:46:13.751493+00:00 [queued]>
[2025-03-10T10:46:53.934+0000] {taskinstance.py:2614} INFO - Dependencies all met for dep_context=requeueable deps ti=<TaskInstance: tiki_extract_dag.crawl_dong-ho-va-trang-suc manual__2025-03-10T10:46:13.751493+00:00 [queued]>
[2025-03-10T10:46:53.940+0000] {taskinstance.py:2867} INFO - Starting attempt 1 of 4
[2025-03-10T10:46:54.206+0000] {taskinstance.py:2890} INFO - Executing <Task(PythonOperator): crawl_dong-ho-va-trang-suc> on 2025-03-10 10:46:13.751493+00:00
[2025-03-10T10:46:54.265+0000] {warnings.py:112} WARNING - /home/***/.local/lib/python3.12/site-packages/***/task/task_runner/standard_task_runner.py:70: DeprecationWarning: This process (pid=331) is multi-threaded, use of fork() may lead to deadlocks in the child.
  pid = os.fork()

[2025-03-10T10:46:54.289+0000] {standard_task_runner.py:72} INFO - Started process 368 to run task
[2025-03-10T10:46:54.368+0000] {standard_task_runner.py:104} INFO - Running: ['***', 'tasks', 'run', 'tiki_extract_dag', 'crawl_dong-ho-va-trang-suc', 'manual__2025-03-10T10:46:13.751493+00:00', '--job-id', '479', '--raw', '--subdir', 'DAGS_FOLDER/tiki_extract_dag.py', '--cfg-path', '/tmp/tmp0fwzxfwu']
[2025-03-10T10:46:54.374+0000] {standard_task_runner.py:105} INFO - Job 479: Subtask crawl_dong-ho-va-trang-suc
[2025-03-10T10:46:55.605+0000] {task_command.py:467} INFO - Running <TaskInstance: tiki_extract_dag.crawl_dong-ho-va-trang-suc manual__2025-03-10T10:46:13.751493+00:00 [running]> on host 0c9fb3f19112
[2025-03-10T10:47:13.159+0000] {taskinstance.py:3134} INFO - Exporting env vars: AIRFLOW_CTX_DAG_OWNER='***' AIRFLOW_CTX_DAG_ID='tiki_extract_dag' AIRFLOW_CTX_TASK_ID='crawl_dong-ho-va-trang-suc' AIRFLOW_CTX_EXECUTION_DATE='2025-03-10T10:46:13.751493+00:00' AIRFLOW_CTX_TRY_NUMBER='1' AIRFLOW_CTX_DAG_RUN_ID='manual__2025-03-10T10:46:13.751493+00:00'
[2025-03-10T10:47:13.175+0000] {logging_mixin.py:190} INFO - Task instance is in running state
[2025-03-10T10:47:13.206+0000] {logging_mixin.py:190} INFO -  Previous state of the Task instance: queued
[2025-03-10T10:47:13.215+0000] {logging_mixin.py:190} INFO - Current task name:crawl_dong-ho-va-trang-suc state:running start_date:2025-03-10 10:46:53.873394+00:00
[2025-03-10T10:47:13.237+0000] {logging_mixin.py:190} INFO - Dag name:tiki_extract_dag and current dag run status:running
[2025-03-10T10:47:13.240+0000] {taskinstance.py:732} INFO - ::endgroup::
[2025-03-10T10:47:14.387+0000] {job.py:229} INFO - Heartbeat recovered after 21.03 seconds
[2025-03-10T10:47:58.818+0000] {job.py:229} INFO - Heartbeat recovered after 44.50 seconds
[2025-03-10T10:47:59.600+0000] {tiki_extract_dag.py:137} INFO - Starting crawl for category dong-ho-va-trang-suc (ID: 8371)
[2025-03-10T10:47:59.601+0000] {tiki_extract_dag.py:139} INFO - Calling API: https://tiki.vn/api/v2/products with params: {'page': 1, 'limit': 40, 'category': '8371'}
[2025-03-10T10:48:00.494+0000] {tiki_extract_dag.py:148} INFO - Total pages for dong-ho-va-trang-suc: 50 (limited to 50)
[2025-03-10T10:48:00.495+0000] {tiki_extract_dag.py:161} INFO - Calling API: https://tiki.vn/api/v2/products with params: {'page': 2, 'limit': 40, 'category': '8371'}
[2025-03-10T10:48:02.869+0000] {tiki_extract_dag.py:181} INFO - Extracted page 2/50 for category dong-ho-va-trang-suc, total items: 0
[2025-03-10T10:48:18.219+0000] {tiki_extract_dag.py:161} INFO - Calling API: https://tiki.vn/api/v2/products with params: {'page': 3, 'limit': 40, 'category': '8371'}
[2025-03-10T10:48:18.276+0000] {job.py:229} INFO - Heartbeat recovered after 14.10 seconds
[2025-03-10T10:48:27.129+0000] {tiki_extract_dag.py:120} ERROR - Error fetching details for product 185169212 on attempt 1/3: Expecting value: line 1 column 1 (char 0)
[2025-03-10T10:48:33.277+0000] {tiki_extract_dag.py:120} ERROR - Error fetching details for product 185169212 on attempt 2/3: Expecting value: line 1 column 1 (char 0)
[2025-03-10T10:48:41.224+0000] {tiki_extract_dag.py:120} ERROR - Error fetching details for product 185169212 on attempt 3/3: Expecting value: line 1 column 1 (char 0)
[2025-03-10T10:48:41.384+0000] {tiki_extract_dag.py:120} ERROR - Error fetching details for product 185024795 on attempt 1/3: Expecting value: line 1 column 1 (char 0)
[2025-03-10T10:48:47.277+0000] {tiki_extract_dag.py:120} ERROR - Error fetching details for product 185024795 on attempt 2/3: Expecting value: line 1 column 1 (char 0)
[2025-03-10T10:48:55.053+0000] {tiki_extract_dag.py:120} ERROR - Error fetching details for product 185024795 on attempt 3/3: Expecting value: line 1 column 1 (char 0)
[2025-03-10T10:48:55.190+0000] {tiki_extract_dag.py:120} ERROR - Error fetching details for product 184475930 on attempt 1/3: Expecting value: line 1 column 1 (char 0)
[2025-03-10T10:49:18.860+0000] {tiki_extract_dag.py:120} ERROR - Error fetching details for product 99099975 on attempt 1/3: Expecting value: line 1 column 1 (char 0)
[2025-03-10T10:49:28.019+0000] {tiki_extract_dag.py:120} ERROR - Error fetching details for product 99099975 on attempt 2/3: Expecting value: line 1 column 1 (char 0)
[2025-03-10T10:49:33.578+0000] {tiki_extract_dag.py:120} ERROR - Error fetching details for product 99099975 on attempt 3/3: Expecting value: line 1 column 1 (char 0)
[2025-03-10T10:49:33.729+0000] {tiki_extract_dag.py:120} ERROR - Error fetching details for product 91474188 on attempt 1/3: Expecting value: line 1 column 1 (char 0)
[2025-03-10T10:49:40.283+0000] {tiki_extract_dag.py:120} ERROR - Error fetching details for product 91474188 on attempt 2/3: Expecting value: line 1 column 1 (char 0)
[2025-03-10T10:49:49.452+0000] {tiki_extract_dag.py:120} ERROR - Error fetching details for product 91474188 on attempt 3/3: Expecting value: line 1 column 1 (char 0)
[2025-03-10T10:49:49.596+0000] {tiki_extract_dag.py:120} ERROR - Error fetching details for product 87451745 on attempt 1/3: Expecting value: line 1 column 1 (char 0)
[2025-03-10T10:49:55.996+0000] {tiki_extract_dag.py:120} ERROR - Error fetching details for product 87451745 on attempt 2/3: Expecting value: line 1 column 1 (char 0)
[2025-03-10T10:50:16.708+0000] {tiki_extract_dag.py:120} ERROR - Error fetching details for product 62216290 on attempt 1/3: Expecting value: line 1 column 1 (char 0)
[2025-03-10T10:50:24.563+0000] {tiki_extract_dag.py:120} ERROR - Error fetching details for product 62216290 on attempt 2/3: Expecting value: line 1 column 1 (char 0)
[2025-03-10T10:50:33.884+0000] {tiki_extract_dag.py:120} ERROR - Error fetching details for product 62216290 on attempt 3/3: Expecting value: line 1 column 1 (char 0)
[2025-03-10T10:50:34.043+0000] {tiki_extract_dag.py:120} ERROR - Error fetching details for product 59460545 on attempt 1/3: Expecting value: line 1 column 1 (char 0)
[2025-03-10T10:50:40.640+0000] {tiki_extract_dag.py:120} ERROR - Error fetching details for product 59460545 on attempt 2/3: Expecting value: line 1 column 1 (char 0)
[2025-03-10T10:50:49.020+0000] {tiki_extract_dag.py:120} ERROR - Error fetching details for product 59460545 on attempt 3/3: Expecting value: line 1 column 1 (char 0)
[2025-03-10T10:50:49.176+0000] {tiki_extract_dag.py:120} ERROR - Error fetching details for product 59263751 on attempt 1/3: Expecting value: line 1 column 1 (char 0)
[2025-03-10T10:50:57.623+0000] {tiki_extract_dag.py:120} ERROR - Error fetching details for product 59263751 on attempt 2/3: Expecting value: line 1 column 1 (char 0)
[2025-03-10T10:51:18.448+0000] {tiki_extract_dag.py:181} INFO - Extracted page 3/50 for category dong-ho-va-trang-suc, total items: 40
[2025-03-10T10:51:34.687+0000] {tiki_extract_dag.py:161} INFO - Calling API: https://tiki.vn/api/v2/products with params: {'page': 4, 'limit': 40, 'category': '8371'}
[2025-03-10T10:51:34.830+0000] {tiki_extract_dag.py:184} ERROR - API error at page 4 in category dong-ho-va-trang-suc on attempt 1/3: Expecting value: line 1 column 1 (char 0)
[2025-03-10T10:51:43.606+0000] {tiki_extract_dag.py:184} ERROR - API error at page 4 in category dong-ho-va-trang-suc on attempt 2/3: Expecting value: line 1 column 1 (char 0)
[2025-03-10T10:51:50.878+0000] {tiki_extract_dag.py:184} ERROR - API error at page 4 in category dong-ho-va-trang-suc on attempt 3/3: Expecting value: line 1 column 1 (char 0)
[2025-03-10T10:51:50.880+0000] {tiki_extract_dag.py:189} ERROR - Failed after 3 attempts for page 4 in category dong-ho-va-trang-suc
[2025-03-10T10:51:50.885+0000] {python.py:240} INFO - Done. Returned value was: None
[2025-03-10T10:51:51.112+0000] {taskinstance.py:341} INFO - ::group::Post task execution logs
[2025-03-10T10:51:51.116+0000] {taskinstance.py:353} INFO - Marking task as SUCCESS. dag_id=tiki_extract_dag, task_id=crawl_dong-ho-va-trang-suc, run_id=manual__2025-03-10T10:46:13.751493+00:00, execution_date=20250310T104613, start_date=20250310T104653, end_date=20250310T105151
[2025-03-10T10:51:51.230+0000] {logging_mixin.py:190} INFO - Task instance in success state
[2025-03-10T10:51:51.232+0000] {logging_mixin.py:190} INFO -  Previous state of the Task instance: running
[2025-03-10T10:51:51.233+0000] {logging_mixin.py:190} INFO - Dag name:tiki_extract_dag queued_at:2025-03-10 10:46:13.791991+00:00
[2025-03-10T10:51:51.233+0000] {logging_mixin.py:190} INFO - Task hostname:0c9fb3f19112 operator:PythonOperator
[2025-03-10T10:51:51.290+0000] {local_task_job_runner.py:266} INFO - Task exited with return code 0
[2025-03-10T10:51:51.364+0000] {taskinstance.py:3901} INFO - 0 downstream tasks scheduled from follow-on schedule check
[2025-03-10T10:51:51.369+0000] {local_task_job_runner.py:245} INFO - ::endgroup::
