[2025-03-12T15:26:14.051+0000] {local_task_job_runner.py:123} INFO - ::group::Pre task execution logs
[2025-03-12T15:26:14.068+0000] {taskinstance.py:2614} INFO - Dependencies all met for dep_context=non-requeueable deps ti=<TaskInstance: tiki_transform_dag.transform_data manual__2025-03-12T15:14:54.973266+00:00 [queued]>
[2025-03-12T15:26:14.076+0000] {taskinstance.py:2614} INFO - Dependencies all met for dep_context=requeueable deps ti=<TaskInstance: tiki_transform_dag.transform_data manual__2025-03-12T15:14:54.973266+00:00 [queued]>
[2025-03-12T15:26:14.077+0000] {taskinstance.py:2867} INFO - Starting attempt 3 of 4
[2025-03-12T15:26:14.092+0000] {taskinstance.py:2890} INFO - Executing <Task(PythonOperator): transform_data> on 2025-03-12 15:14:54.973266+00:00
[2025-03-12T15:26:14.102+0000] {warnings.py:112} WARNING - /home/***/.local/lib/python3.12/site-packages/***/task/task_runner/standard_task_runner.py:70: DeprecationWarning: This process (pid=828) is multi-threaded, use of fork() may lead to deadlocks in the child.
  pid = os.fork()

[2025-03-12T15:26:14.104+0000] {standard_task_runner.py:72} INFO - Started process 830 to run task
[2025-03-12T15:26:14.104+0000] {standard_task_runner.py:104} INFO - Running: ['***', 'tasks', 'run', 'tiki_transform_dag', 'transform_data', 'manual__2025-03-12T15:14:54.973266+00:00', '--job-id', '779', '--raw', '--subdir', 'DAGS_FOLDER/tiki_transform_dag.py', '--cfg-path', '/tmp/tmplutqff77']
[2025-03-12T15:26:14.105+0000] {standard_task_runner.py:105} INFO - Job 779: Subtask transform_data
[2025-03-12T15:26:14.153+0000] {task_command.py:467} INFO - Running <TaskInstance: tiki_transform_dag.transform_data manual__2025-03-12T15:14:54.973266+00:00 [running]> on host 3905098656d4
[2025-03-12T15:26:14.251+0000] {taskinstance.py:3134} INFO - Exporting env vars: AIRFLOW_CTX_DAG_OWNER='***' AIRFLOW_CTX_DAG_ID='tiki_transform_dag' AIRFLOW_CTX_TASK_ID='transform_data' AIRFLOW_CTX_EXECUTION_DATE='2025-03-12T15:14:54.973266+00:00' AIRFLOW_CTX_TRY_NUMBER='3' AIRFLOW_CTX_DAG_RUN_ID='manual__2025-03-12T15:14:54.973266+00:00'
[2025-03-12T15:26:14.253+0000] {logging_mixin.py:190} INFO - Task instance is in running state
[2025-03-12T15:26:14.253+0000] {logging_mixin.py:190} INFO -  Previous state of the Task instance: queued
[2025-03-12T15:26:14.254+0000] {logging_mixin.py:190} INFO - Current task name:transform_data state:running start_date:2025-03-12 15:26:14.069304+00:00
[2025-03-12T15:26:14.254+0000] {logging_mixin.py:190} INFO - Dag name:tiki_transform_dag and current dag run status:running
[2025-03-12T15:26:14.255+0000] {taskinstance.py:732} INFO - ::endgroup::
[2025-03-12T15:26:21.654+0000] {tiki_transform_dag.py:54} INFO - Loaded raw data from tiki-pipeline/tiki_raw_data/raw_dien-gia-dung_20250312_080050.json, 2000 rows
[2025-03-12T15:26:22.856+0000] {tiki_transform_dag.py:54} INFO - Loaded raw data from tiki-pipeline/tiki_raw_data/raw_dien-thoai-may-tinh-bang_20250312_074251.json, 361 rows
[2025-03-12T15:26:24.593+0000] {tiki_transform_dag.py:54} INFO - Loaded raw data from tiki-pipeline/tiki_raw_data/raw_dien-tu-dien-lanh_20250312_080131.json, 2000 rows
[2025-03-12T15:26:26.245+0000] {tiki_transform_dag.py:54} INFO - Loaded raw data from tiki-pipeline/tiki_raw_data/raw_dong-ho-va-trang-suc_20250312_074821.json, 2000 rows
[2025-03-12T15:26:27.886+0000] {tiki_transform_dag.py:54} INFO - Loaded raw data from tiki-pipeline/tiki_raw_data/raw_lam-dep-suc-khoe_20250312_074839.json, 2000 rows
[2025-03-12T15:26:29.467+0000] {tiki_transform_dag.py:54} INFO - Loaded raw data from tiki-pipeline/tiki_raw_data/raw_laptop-may-vi-tinh-linh-kien_20250312_080208.json, 2000 rows
[2025-03-12T15:26:31.904+0000] {tiki_transform_dag.py:54} INFO - Loaded raw data from tiki-pipeline/tiki_raw_data/raw_sach_20250312_074828.json, 2000 rows
[2025-03-12T15:26:34.235+0000] {tiki_transform_dag.py:54} INFO - Loaded raw data from tiki-pipeline/tiki_raw_data/raw_the-thao-da-ngoai_20250312_074838.json, 2000 rows
[2025-03-12T15:26:36.561+0000] {tiki_transform_dag.py:54} INFO - Loaded raw data from tiki-pipeline/tiki_raw_data/raw_thiet-bi-kts-phu-kien-so_20250312_080232.json, 2000 rows
[2025-03-12T15:26:38.780+0000] {tiki_transform_dag.py:54} INFO - Loaded raw data from tiki-pipeline/tiki_raw_data/raw_thoi-trang-nam_20250312_080215.json, 2000 rows
[2025-03-12T15:26:40.721+0000] {tiki_transform_dag.py:54} INFO - Loaded raw data from tiki-pipeline/tiki_raw_data/raw_thoi-trang-nu_20250312_080217.json, 2000 rows
[2025-03-12T15:26:40.762+0000] {tiki_transform_dag.py:64} INFO - After deduplication across all categories: 20357 rows
[2025-03-12T15:26:42.671+0000] {tiki_transform_dag.py:107} INFO - Saved fact_sales to tiki-pipeline/tiki_transformed_data/fact_sales_20250312_152641.csv
[2025-03-12T15:26:46.750+0000] {tiki_transform_dag.py:107} INFO - Saved dim_product to tiki-pipeline/tiki_transformed_data/dim_product_20250312_152641.csv
[2025-03-12T15:26:47.349+0000] {tiki_transform_dag.py:107} INFO - Saved dim_seller to tiki-pipeline/tiki_transformed_data/dim_seller_20250312_152641.csv
[2025-03-12T15:26:48.893+0000] {tiki_transform_dag.py:107} INFO - Saved dim_category to tiki-pipeline/tiki_transformed_data/dim_category_20250312_152641.csv
[2025-03-12T15:26:49.454+0000] {tiki_transform_dag.py:107} INFO - Saved dim_brand to tiki-pipeline/tiki_transformed_data/dim_brand_20250312_152641.csv
[2025-03-12T15:26:49.472+0000] {tiki_transform_dag.py:110} INFO - Pushed transformed_blob_names to XCom: {'fact_sales': 'tiki_transformed_data/fact_sales_20250312_152641.csv', 'dim_product': 'tiki_transformed_data/dim_product_20250312_152641.csv', 'dim_seller': 'tiki_transformed_data/dim_seller_20250312_152641.csv', 'dim_category': 'tiki_transformed_data/dim_category_20250312_152641.csv', 'dim_brand': 'tiki_transformed_data/dim_brand_20250312_152641.csv'}
[2025-03-12T15:26:49.508+0000] {python.py:240} INFO - Done. Returned value was: None
[2025-03-12T15:26:49.519+0000] {taskinstance.py:341} INFO - ::group::Post task execution logs
[2025-03-12T15:26:49.520+0000] {taskinstance.py:353} INFO - Marking task as SUCCESS. dag_id=tiki_transform_dag, task_id=transform_data, run_id=manual__2025-03-12T15:14:54.973266+00:00, execution_date=20250312T151454, start_date=20250312T152614, end_date=20250312T152649
[2025-03-12T15:26:49.547+0000] {logging_mixin.py:190} INFO - Task instance in success state
[2025-03-12T15:26:49.548+0000] {logging_mixin.py:190} INFO -  Previous state of the Task instance: running
[2025-03-12T15:26:49.548+0000] {logging_mixin.py:190} INFO - Dag name:tiki_transform_dag queued_at:2025-03-12 15:14:55.127681+00:00
[2025-03-12T15:26:49.549+0000] {logging_mixin.py:190} INFO - Task hostname:3905098656d4 operator:PythonOperator
[2025-03-12T15:26:49.602+0000] {local_task_job_runner.py:266} INFO - Task exited with return code 0
[2025-03-12T15:26:49.618+0000] {taskinstance.py:3901} INFO - 0 downstream tasks scheduled from follow-on schedule check
[2025-03-12T15:26:49.621+0000] {local_task_job_runner.py:245} INFO - ::endgroup::
