[2025-03-12T15:14:59.428+0000] {local_task_job_runner.py:123} INFO - ::group::Pre task execution logs
[2025-03-12T15:14:59.448+0000] {taskinstance.py:2614} INFO - Dependencies all met for dep_context=non-requeueable deps ti=<TaskInstance: tiki_transform_dag.transform_data manual__2025-03-12T15:14:54.973266+00:00 [queued]>
[2025-03-12T15:14:59.458+0000] {taskinstance.py:2614} INFO - Dependencies all met for dep_context=requeueable deps ti=<TaskInstance: tiki_transform_dag.transform_data manual__2025-03-12T15:14:54.973266+00:00 [queued]>
[2025-03-12T15:14:59.460+0000] {taskinstance.py:2867} INFO - Starting attempt 1 of 4
[2025-03-12T15:14:59.478+0000] {taskinstance.py:2890} INFO - Executing <Task(PythonOperator): transform_data> on 2025-03-12 15:14:54.973266+00:00
[2025-03-12T15:14:59.490+0000] {warnings.py:112} WARNING - /home/***/.local/lib/python3.12/site-packages/***/task/task_runner/standard_task_runner.py:70: DeprecationWarning: This process (pid=674) is multi-threaded, use of fork() may lead to deadlocks in the child.
  pid = os.fork()

[2025-03-12T15:14:59.493+0000] {standard_task_runner.py:72} INFO - Started process 676 to run task
[2025-03-12T15:14:59.493+0000] {standard_task_runner.py:104} INFO - Running: ['***', 'tasks', 'run', 'tiki_transform_dag', 'transform_data', 'manual__2025-03-12T15:14:54.973266+00:00', '--job-id', '776', '--raw', '--subdir', 'DAGS_FOLDER/tiki_transform_dag.py', '--cfg-path', '/tmp/tmpd2i170ef']
[2025-03-12T15:14:59.494+0000] {standard_task_runner.py:105} INFO - Job 776: Subtask transform_data
[2025-03-12T15:14:59.560+0000] {task_command.py:467} INFO - Running <TaskInstance: tiki_transform_dag.transform_data manual__2025-03-12T15:14:54.973266+00:00 [running]> on host 3905098656d4
[2025-03-12T15:14:59.676+0000] {taskinstance.py:3134} INFO - Exporting env vars: AIRFLOW_CTX_DAG_OWNER='***' AIRFLOW_CTX_DAG_ID='tiki_transform_dag' AIRFLOW_CTX_TASK_ID='transform_data' AIRFLOW_CTX_EXECUTION_DATE='2025-03-12T15:14:54.973266+00:00' AIRFLOW_CTX_TRY_NUMBER='1' AIRFLOW_CTX_DAG_RUN_ID='manual__2025-03-12T15:14:54.973266+00:00'
[2025-03-12T15:14:59.678+0000] {logging_mixin.py:190} INFO - Task instance is in running state
[2025-03-12T15:14:59.679+0000] {logging_mixin.py:190} INFO -  Previous state of the Task instance: queued
[2025-03-12T15:14:59.679+0000] {logging_mixin.py:190} INFO - Current task name:transform_data state:running start_date:2025-03-12 15:14:59.449799+00:00
[2025-03-12T15:14:59.680+0000] {logging_mixin.py:190} INFO - Dag name:tiki_transform_dag and current dag run status:running
[2025-03-12T15:14:59.680+0000] {taskinstance.py:732} INFO - ::endgroup::
[2025-03-12T15:15:07.418+0000] {tiki_transform_dag.py:56} INFO - Loaded raw data from tiki-pipeline/tiki_raw_data/raw_dien-gia-dung_20250312_080050.json, 2000 rows
[2025-03-12T15:15:08.638+0000] {tiki_transform_dag.py:56} INFO - Loaded raw data from tiki-pipeline/tiki_raw_data/raw_dien-thoai-may-tinh-bang_20250312_074251.json, 361 rows
[2025-03-12T15:15:10.594+0000] {tiki_transform_dag.py:56} INFO - Loaded raw data from tiki-pipeline/tiki_raw_data/raw_dien-tu-dien-lanh_20250312_080131.json, 2000 rows
[2025-03-12T15:15:12.516+0000] {tiki_transform_dag.py:56} INFO - Loaded raw data from tiki-pipeline/tiki_raw_data/raw_dong-ho-va-trang-suc_20250312_074821.json, 2000 rows
[2025-03-12T15:15:14.451+0000] {tiki_transform_dag.py:56} INFO - Loaded raw data from tiki-pipeline/tiki_raw_data/raw_lam-dep-suc-khoe_20250312_074839.json, 2000 rows
[2025-03-12T15:15:16.195+0000] {tiki_transform_dag.py:56} INFO - Loaded raw data from tiki-pipeline/tiki_raw_data/raw_laptop-may-vi-tinh-linh-kien_20250312_080208.json, 2000 rows
[2025-03-12T15:15:17.852+0000] {tiki_transform_dag.py:56} INFO - Loaded raw data from tiki-pipeline/tiki_raw_data/raw_sach_20250312_074828.json, 2000 rows
[2025-03-12T15:15:19.870+0000] {tiki_transform_dag.py:56} INFO - Loaded raw data from tiki-pipeline/tiki_raw_data/raw_the-thao-da-ngoai_20250312_074838.json, 2000 rows
[2025-03-12T15:15:21.789+0000] {tiki_transform_dag.py:56} INFO - Loaded raw data from tiki-pipeline/tiki_raw_data/raw_thiet-bi-kts-phu-kien-so_20250312_080232.json, 2000 rows
[2025-03-12T15:15:23.634+0000] {tiki_transform_dag.py:56} INFO - Loaded raw data from tiki-pipeline/tiki_raw_data/raw_thoi-trang-nam_20250312_080215.json, 2000 rows
[2025-03-12T15:15:25.426+0000] {tiki_transform_dag.py:56} INFO - Loaded raw data from tiki-pipeline/tiki_raw_data/raw_thoi-trang-nu_20250312_080217.json, 2000 rows
[2025-03-12T15:15:25.457+0000] {tiki_transform_dag.py:66} INFO - After deduplication across all categories: 20357 rows
[2025-03-12T15:15:25.508+0000] {taskinstance.py:3313} ERROR - Task failed with exception
Traceback (most recent call last):
  File "/home/airflow/.local/lib/python3.12/site-packages/airflow/models/taskinstance.py", line 768, in _execute_task
    result = _execute_callable(context=context, **execute_callable_kwargs)
             ^^^^^^^^^^^^^^^^^^^^^^^^^^^^^^^^^^^^^^^^^^^^^^^^^^^^^^^^^^^^^
  File "/home/airflow/.local/lib/python3.12/site-packages/airflow/models/taskinstance.py", line 734, in _execute_callable
    return ExecutionCallableRunner(
           ^^^^^^^^^^^^^^^^^^^^^^^^
  File "/home/airflow/.local/lib/python3.12/site-packages/airflow/utils/operator_helpers.py", line 252, in run
    return self.func(*args, **kwargs)
           ^^^^^^^^^^^^^^^^^^^^^^^^^^
  File "/home/airflow/.local/lib/python3.12/site-packages/airflow/models/baseoperator.py", line 424, in wrapper
    return func(self, *args, **kwargs)
           ^^^^^^^^^^^^^^^^^^^^^^^^^^^
  File "/home/airflow/.local/lib/python3.12/site-packages/airflow/operators/python.py", line 238, in execute
    return_value = self.execute_callable()
                   ^^^^^^^^^^^^^^^^^^^^^^^
  File "/home/airflow/.local/lib/python3.12/site-packages/airflow/operators/python.py", line 256, in execute_callable
    return runner.run(*self.op_args, **self.op_kwargs)
           ^^^^^^^^^^^^^^^^^^^^^^^^^^^^^^^^^^^^^^^^^^^
  File "/home/airflow/.local/lib/python3.12/site-packages/airflow/utils/operator_helpers.py", line 252, in run
    return self.func(*args, **kwargs)
           ^^^^^^^^^^^^^^^^^^^^^^^^^^
  File "/opt/airflow/dags/tiki_transform_dag.py", line 82, in transform_data
    dim_product_df = df[[col for col in dim_product_cols if col in df.columns]].rename(columns={'id': 'product_id'}).drop_duplicates(subset=['product_id'])
                     ^^^^^^^^^^^^^^^^^^^^^^^^^^^^^^^^^^^^^^^^^^^^^^^^^^^^^^^^^^^^^^^^^^^^^^^^^^^^^^^^^^^^^^^^^^^^^^^^^^^^^^^^^^^^^^^^^^^^^^^^^^^^^^^^^^^^^^
  File "/home/airflow/.local/lib/python3.12/site-packages/pandas/core/frame.py", line 6566, in drop_duplicates
    result = self[-self.duplicated(subset, keep=keep)]
                   ^^^^^^^^^^^^^^^^^^^^^^^^^^^^^^^^^^
  File "/home/airflow/.local/lib/python3.12/site-packages/pandas/core/frame.py", line 6698, in duplicated
    raise KeyError(Index(diff))
KeyError: Index(['product_id'], dtype='object')
[2025-03-12T15:15:25.540+0000] {logging_mixin.py:190} INFO - Task instance in failure state
[2025-03-12T15:15:25.541+0000] {logging_mixin.py:190} INFO - Task start:2025-03-12 15:14:59.449799+00:00 end:2025-03-12 15:15:25.539669+00:00 duration:26.08987
[2025-03-12T15:15:25.542+0000] {logging_mixin.py:190} INFO - Task:<Task(PythonOperator): transform_data> dag:<DAG: tiki_transform_dag> dagrun:<DagRun tiki_transform_dag @ 2025-03-12 15:14:54.973266+00:00: manual__2025-03-12T15:14:54.973266+00:00, state:running, queued_at: 2025-03-12 15:14:55.127681+00:00. externally triggered: True>
[2025-03-12T15:15:25.543+0000] {logging_mixin.py:190} INFO - Failure caused by Index(['product_id'], dtype='object')
[2025-03-12T15:15:25.544+0000] {taskinstance.py:1226} INFO - Marking task as UP_FOR_RETRY. dag_id=tiki_transform_dag, task_id=transform_data, run_id=manual__2025-03-12T15:14:54.973266+00:00, execution_date=20250312T151454, start_date=20250312T151459, end_date=20250312T151525
[2025-03-12T15:15:25.589+0000] {taskinstance.py:341} INFO - ::group::Post task execution logs
[2025-03-12T15:15:25.590+0000] {standard_task_runner.py:124} ERROR - Failed to execute job 776 for task transform_data (Index(['product_id'], dtype='object'); 676)
Traceback (most recent call last):
  File "/home/airflow/.local/lib/python3.12/site-packages/airflow/task/task_runner/standard_task_runner.py", line 117, in _start_by_fork
    ret = args.func(args, dag=self.dag)
          ^^^^^^^^^^^^^^^^^^^^^^^^^^^^^
  File "/home/airflow/.local/lib/python3.12/site-packages/airflow/cli/cli_config.py", line 49, in command
    return func(*args, **kwargs)
           ^^^^^^^^^^^^^^^^^^^^^
  File "/home/airflow/.local/lib/python3.12/site-packages/airflow/utils/cli.py", line 116, in wrapper
    return f(*args, **kwargs)
           ^^^^^^^^^^^^^^^^^^
  File "/home/airflow/.local/lib/python3.12/site-packages/airflow/cli/commands/task_command.py", line 483, in task_run
    task_return_code = _run_task_by_selected_method(args, _dag, ti)
                       ^^^^^^^^^^^^^^^^^^^^^^^^^^^^^^^^^^^^^^^^^^^^
  File "/home/airflow/.local/lib/python3.12/site-packages/airflow/cli/commands/task_command.py", line 256, in _run_task_by_selected_method
    return _run_raw_task(args, ti)
           ^^^^^^^^^^^^^^^^^^^^^^^
  File "/home/airflow/.local/lib/python3.12/site-packages/airflow/cli/commands/task_command.py", line 341, in _run_raw_task
    return ti._run_raw_task(
           ^^^^^^^^^^^^^^^^^
  File "/home/airflow/.local/lib/python3.12/site-packages/airflow/utils/session.py", line 97, in wrapper
    return func(*args, session=session, **kwargs)
           ^^^^^^^^^^^^^^^^^^^^^^^^^^^^^^^^^^^^^^
  File "/home/airflow/.local/lib/python3.12/site-packages/airflow/models/taskinstance.py", line 3006, in _run_raw_task
    return _run_raw_task(
           ^^^^^^^^^^^^^^
  File "/home/airflow/.local/lib/python3.12/site-packages/airflow/models/taskinstance.py", line 274, in _run_raw_task
    TaskInstance._execute_task_with_callbacks(
  File "/home/airflow/.local/lib/python3.12/site-packages/airflow/models/taskinstance.py", line 3161, in _execute_task_with_callbacks
    result = self._execute_task(context, task_orig)
             ^^^^^^^^^^^^^^^^^^^^^^^^^^^^^^^^^^^^^^
  File "/home/airflow/.local/lib/python3.12/site-packages/airflow/models/taskinstance.py", line 3185, in _execute_task
    return _execute_task(self, context, task_orig)
           ^^^^^^^^^^^^^^^^^^^^^^^^^^^^^^^^^^^^^^^
  File "/home/airflow/.local/lib/python3.12/site-packages/airflow/models/taskinstance.py", line 768, in _execute_task
    result = _execute_callable(context=context, **execute_callable_kwargs)
             ^^^^^^^^^^^^^^^^^^^^^^^^^^^^^^^^^^^^^^^^^^^^^^^^^^^^^^^^^^^^^
  File "/home/airflow/.local/lib/python3.12/site-packages/airflow/models/taskinstance.py", line 734, in _execute_callable
    return ExecutionCallableRunner(
           ^^^^^^^^^^^^^^^^^^^^^^^^
  File "/home/airflow/.local/lib/python3.12/site-packages/airflow/utils/operator_helpers.py", line 252, in run
    return self.func(*args, **kwargs)
           ^^^^^^^^^^^^^^^^^^^^^^^^^^
  File "/home/airflow/.local/lib/python3.12/site-packages/airflow/models/baseoperator.py", line 424, in wrapper
    return func(self, *args, **kwargs)
           ^^^^^^^^^^^^^^^^^^^^^^^^^^^
  File "/home/airflow/.local/lib/python3.12/site-packages/airflow/operators/python.py", line 238, in execute
    return_value = self.execute_callable()
                   ^^^^^^^^^^^^^^^^^^^^^^^
  File "/home/airflow/.local/lib/python3.12/site-packages/airflow/operators/python.py", line 256, in execute_callable
    return runner.run(*self.op_args, **self.op_kwargs)
           ^^^^^^^^^^^^^^^^^^^^^^^^^^^^^^^^^^^^^^^^^^^
  File "/home/airflow/.local/lib/python3.12/site-packages/airflow/utils/operator_helpers.py", line 252, in run
    return self.func(*args, **kwargs)
           ^^^^^^^^^^^^^^^^^^^^^^^^^^
  File "/opt/airflow/dags/tiki_transform_dag.py", line 82, in transform_data
    dim_product_df = df[[col for col in dim_product_cols if col in df.columns]].rename(columns={'id': 'product_id'}).drop_duplicates(subset=['product_id'])
                     ^^^^^^^^^^^^^^^^^^^^^^^^^^^^^^^^^^^^^^^^^^^^^^^^^^^^^^^^^^^^^^^^^^^^^^^^^^^^^^^^^^^^^^^^^^^^^^^^^^^^^^^^^^^^^^^^^^^^^^^^^^^^^^^^^^^^^^
  File "/home/airflow/.local/lib/python3.12/site-packages/pandas/core/frame.py", line 6566, in drop_duplicates
    result = self[-self.duplicated(subset, keep=keep)]
                   ^^^^^^^^^^^^^^^^^^^^^^^^^^^^^^^^^^
  File "/home/airflow/.local/lib/python3.12/site-packages/pandas/core/frame.py", line 6698, in duplicated
    raise KeyError(Index(diff))
KeyError: Index(['product_id'], dtype='object')
[2025-03-12T15:15:25.645+0000] {local_task_job_runner.py:266} INFO - Task exited with return code 1
[2025-03-12T15:15:25.670+0000] {taskinstance.py:3901} INFO - 0 downstream tasks scheduled from follow-on schedule check
[2025-03-12T15:15:25.673+0000] {local_task_job_runner.py:245} INFO - ::endgroup::
