[2025-03-10T10:38:53.514+0000] {local_task_job_runner.py:123} INFO - ::group::Pre task execution logs
[2025-03-10T10:38:53.772+0000] {taskinstance.py:2614} INFO - Dependencies all met for dep_context=non-requeueable deps ti=<TaskInstance: tiki_extract_dag.crawl_thiet-bi-kts-phu-kien-so manual__2025-03-10T10:33:29.927545+00:00 [queued]>
[2025-03-10T10:38:53.943+0000] {taskinstance.py:2614} INFO - Dependencies all met for dep_context=requeueable deps ti=<TaskInstance: tiki_extract_dag.crawl_thiet-bi-kts-phu-kien-so manual__2025-03-10T10:33:29.927545+00:00 [queued]>
[2025-03-10T10:38:53.945+0000] {taskinstance.py:2867} INFO - Starting attempt 1 of 4
[2025-03-10T10:38:54.037+0000] {taskinstance.py:2890} INFO - Executing <Task(PythonOperator): crawl_thiet-bi-kts-phu-kien-so> on 2025-03-10 10:33:29.927545+00:00
[2025-03-10T10:38:54.167+0000] {warnings.py:112} WARNING - /home/***/.local/lib/python3.12/site-packages/***/task/task_runner/standard_task_runner.py:70: DeprecationWarning: This process (pid=182) is multi-threaded, use of fork() may lead to deadlocks in the child.
  pid = os.fork()

[2025-03-10T10:38:54.188+0000] {standard_task_runner.py:72} INFO - Started process 223 to run task
[2025-03-10T10:38:54.209+0000] {standard_task_runner.py:104} INFO - Running: ['***', 'tasks', 'run', 'tiki_extract_dag', 'crawl_thiet-bi-kts-phu-kien-so', 'manual__2025-03-10T10:33:29.927545+00:00', '--job-id', '465', '--raw', '--subdir', 'DAGS_FOLDER/tiki_extract_dag.py', '--cfg-path', '/tmp/tmpg4sir3od']
[2025-03-10T10:38:54.229+0000] {standard_task_runner.py:105} INFO - Job 465: Subtask crawl_thiet-bi-kts-phu-kien-so
[2025-03-10T10:38:54.812+0000] {task_command.py:467} INFO - Running <TaskInstance: tiki_extract_dag.crawl_thiet-bi-kts-phu-kien-so manual__2025-03-10T10:33:29.927545+00:00 [running]> on host 0c9fb3f19112
[2025-03-10T10:39:08.950+0000] {taskinstance.py:3134} INFO - Exporting env vars: AIRFLOW_CTX_DAG_OWNER='***' AIRFLOW_CTX_DAG_ID='tiki_extract_dag' AIRFLOW_CTX_TASK_ID='crawl_thiet-bi-kts-phu-kien-so' AIRFLOW_CTX_EXECUTION_DATE='2025-03-10T10:33:29.927545+00:00' AIRFLOW_CTX_TRY_NUMBER='1' AIRFLOW_CTX_DAG_RUN_ID='manual__2025-03-10T10:33:29.927545+00:00'
[2025-03-10T10:39:08.952+0000] {logging_mixin.py:190} INFO - Task instance is in running state
[2025-03-10T10:39:08.953+0000] {logging_mixin.py:190} INFO -  Previous state of the Task instance: queued
[2025-03-10T10:39:08.953+0000] {logging_mixin.py:190} INFO - Current task name:crawl_thiet-bi-kts-phu-kien-so state:running start_date:2025-03-10 10:38:53.775989+00:00
[2025-03-10T10:39:08.954+0000] {logging_mixin.py:190} INFO - Dag name:tiki_extract_dag and current dag run status:running
[2025-03-10T10:39:08.955+0000] {taskinstance.py:732} INFO - ::endgroup::
[2025-03-10T10:39:11.115+0000] {tiki_extract_dag.py:132} INFO - Starting crawl for category thiet-bi-kts-phu-kien-so (ID: 1815)
[2025-03-10T10:39:11.117+0000] {tiki_extract_dag.py:134} INFO - Calling API: https://tiki.vn/api/v2/products with params: {'page': 1, 'limit': 40, 'category': '1815'}
[2025-03-10T10:39:13.850+0000] {tiki_extract_dag.py:143} INFO - Total pages for thiet-bi-kts-phu-kien-so: 50 (limited to 50)
[2025-03-10T10:39:36.832+0000] {job.py:229} INFO - Heartbeat recovered after 21.75 seconds
[2025-03-10T10:39:43.370+0000] {tiki_extract_dag.py:119} ERROR - Error fetching details for product 174599595: Expecting value: line 1 column 1 (char 0)
[2025-03-10T10:39:43.556+0000] {tiki_extract_dag.py:119} ERROR - Error fetching details for product 174593860: Expecting value: line 1 column 1 (char 0)
[2025-03-10T10:39:43.705+0000] {tiki_extract_dag.py:119} ERROR - Error fetching details for product 174593826: Expecting value: line 1 column 1 (char 0)
[2025-03-10T10:39:43.848+0000] {tiki_extract_dag.py:119} ERROR - Error fetching details for product 172146754: Expecting value: line 1 column 1 (char 0)
[2025-03-10T10:39:43.999+0000] {tiki_extract_dag.py:119} ERROR - Error fetching details for product 170273830: Expecting value: line 1 column 1 (char 0)
[2025-03-10T10:39:44.153+0000] {tiki_extract_dag.py:119} ERROR - Error fetching details for product 162772687: Expecting value: line 1 column 1 (char 0)
[2025-03-10T10:39:44.305+0000] {tiki_extract_dag.py:119} ERROR - Error fetching details for product 161007768: Expecting value: line 1 column 1 (char 0)
[2025-03-10T10:39:44.535+0000] {tiki_extract_dag.py:119} ERROR - Error fetching details for product 142439870: Expecting value: line 1 column 1 (char 0)
[2025-03-10T10:40:01.591+0000] {connectionpool.py:868} WARNING - Retrying (Retry(total=4, connect=5, read=4, redirect=None, status=None)) after connection broken by 'ReadTimeoutError("HTTPSConnectionPool(host='maintenance.tiki.vn', port=443): Read timed out. (read timeout=15)")': /
[2025-03-10T10:40:04.230+0000] {job.py:229} INFO - Heartbeat recovered after 21.79 seconds
[2025-03-10T10:40:04.757+0000] {tiki_extract_dag.py:119} ERROR - Error fetching details for product 137864606: Expecting value: line 1 column 1 (char 0)
[2025-03-10T10:40:04.916+0000] {tiki_extract_dag.py:119} ERROR - Error fetching details for product 134364129: Expecting value: line 1 column 1 (char 0)
[2025-03-10T10:40:05.076+0000] {tiki_extract_dag.py:119} ERROR - Error fetching details for product 116725239: Expecting value: line 1 column 1 (char 0)
[2025-03-10T10:40:05.225+0000] {tiki_extract_dag.py:119} ERROR - Error fetching details for product 116566083: Expecting value: line 1 column 1 (char 0)
[2025-03-10T10:40:05.385+0000] {tiki_extract_dag.py:119} ERROR - Error fetching details for product 110850007: Expecting value: line 1 column 1 (char 0)
[2025-03-10T10:40:05.563+0000] {tiki_extract_dag.py:119} ERROR - Error fetching details for product 107067035: Expecting value: line 1 column 1 (char 0)
[2025-03-10T10:40:05.732+0000] {tiki_extract_dag.py:119} ERROR - Error fetching details for product 89208874: Expecting value: line 1 column 1 (char 0)
[2025-03-10T10:40:05.882+0000] {tiki_extract_dag.py:119} ERROR - Error fetching details for product 88796437: Expecting value: line 1 column 1 (char 0)
[2025-03-10T10:40:06.029+0000] {tiki_extract_dag.py:119} ERROR - Error fetching details for product 80857582: Expecting value: line 1 column 1 (char 0)
[2025-03-10T10:40:06.174+0000] {tiki_extract_dag.py:119} ERROR - Error fetching details for product 73315307: Expecting value: line 1 column 1 (char 0)
[2025-03-10T10:40:06.331+0000] {tiki_extract_dag.py:119} ERROR - Error fetching details for product 68985833: Expecting value: line 1 column 1 (char 0)
[2025-03-10T10:40:06.509+0000] {tiki_extract_dag.py:119} ERROR - Error fetching details for product 52945747: Expecting value: line 1 column 1 (char 0)
[2025-03-10T10:40:06.692+0000] {tiki_extract_dag.py:119} ERROR - Error fetching details for product 49658272: Expecting value: line 1 column 1 (char 0)
[2025-03-10T10:40:06.841+0000] {tiki_extract_dag.py:119} ERROR - Error fetching details for product 49648343: Expecting value: line 1 column 1 (char 0)
[2025-03-10T10:40:07.000+0000] {tiki_extract_dag.py:119} ERROR - Error fetching details for product 36007224: Expecting value: line 1 column 1 (char 0)
[2025-03-10T10:40:07.168+0000] {tiki_extract_dag.py:119} ERROR - Error fetching details for product 35420153: Expecting value: line 1 column 1 (char 0)
[2025-03-10T10:40:07.321+0000] {tiki_extract_dag.py:119} ERROR - Error fetching details for product 4312979: Expecting value: line 1 column 1 (char 0)
[2025-03-10T10:40:07.502+0000] {tiki_extract_dag.py:119} ERROR - Error fetching details for product 3671793: Expecting value: line 1 column 1 (char 0)
[2025-03-10T10:40:07.677+0000] {tiki_extract_dag.py:119} ERROR - Error fetching details for product 554401: Expecting value: line 1 column 1 (char 0)
[2025-03-10T10:40:07.870+0000] {tiki_extract_dag.py:119} ERROR - Error fetching details for product 389145: Expecting value: line 1 column 1 (char 0)
[2025-03-10T10:40:08.041+0000] {tiki_extract_dag.py:119} ERROR - Error fetching details for product 359484: Expecting value: line 1 column 1 (char 0)
[2025-03-10T10:40:08.387+0000] {tiki_extract_dag.py:119} ERROR - Error fetching details for product 299461: Expecting value: line 1 column 1 (char 0)
[2025-03-10T10:40:17.331+0000] {tiki_extract_dag.py:119} ERROR - Error fetching details for product 126697: Expecting value: line 1 column 1 (char 0)
[2025-03-10T10:40:17.333+0000] {tiki_extract_dag.py:156} INFO - Calling API: https://tiki.vn/api/v2/products with params: {'page': 2, 'limit': 40, 'category': '1815'}
[2025-03-10T10:40:29.050+0000] {job.py:229} INFO - Heartbeat recovered after 24.85 seconds
[2025-03-10T10:40:35.558+0000] {tiki_extract_dag.py:119} ERROR - Error fetching details for product 195998782: Expecting value: line 1 column 1 (char 0)
[2025-03-10T10:40:35.730+0000] {tiki_extract_dag.py:119} ERROR - Error fetching details for product 195277333: Expecting value: line 1 column 1 (char 0)
[2025-03-10T10:40:35.895+0000] {tiki_extract_dag.py:119} ERROR - Error fetching details for product 191684818: Expecting value: line 1 column 1 (char 0)
[2025-03-10T10:40:36.077+0000] {tiki_extract_dag.py:119} ERROR - Error fetching details for product 189474023: Expecting value: line 1 column 1 (char 0)
[2025-03-10T10:40:36.232+0000] {tiki_extract_dag.py:119} ERROR - Error fetching details for product 188998014: Expecting value: line 1 column 1 (char 0)
[2025-03-10T10:40:36.401+0000] {tiki_extract_dag.py:119} ERROR - Error fetching details for product 181185263: Expecting value: line 1 column 1 (char 0)
[2025-03-10T10:40:36.582+0000] {tiki_extract_dag.py:119} ERROR - Error fetching details for product 179951358: Expecting value: line 1 column 1 (char 0)
[2025-03-10T10:40:36.765+0000] {tiki_extract_dag.py:119} ERROR - Error fetching details for product 177334663: Expecting value: line 1 column 1 (char 0)
[2025-03-10T10:40:36.941+0000] {tiki_extract_dag.py:119} ERROR - Error fetching details for product 171939157: Expecting value: line 1 column 1 (char 0)
[2025-03-10T10:40:37.112+0000] {tiki_extract_dag.py:119} ERROR - Error fetching details for product 135716055: Expecting value: line 1 column 1 (char 0)
[2025-03-10T10:40:37.275+0000] {tiki_extract_dag.py:119} ERROR - Error fetching details for product 135410778: Expecting value: line 1 column 1 (char 0)
[2025-03-10T10:40:37.456+0000] {tiki_extract_dag.py:119} ERROR - Error fetching details for product 123836523: Expecting value: line 1 column 1 (char 0)
[2025-03-10T10:40:37.620+0000] {tiki_extract_dag.py:119} ERROR - Error fetching details for product 123518348: Expecting value: line 1 column 1 (char 0)
[2025-03-10T10:40:37.794+0000] {tiki_extract_dag.py:119} ERROR - Error fetching details for product 116783441: Expecting value: line 1 column 1 (char 0)
[2025-03-10T10:40:37.961+0000] {tiki_extract_dag.py:119} ERROR - Error fetching details for product 111748361: Expecting value: line 1 column 1 (char 0)
[2025-03-10T10:40:38.132+0000] {tiki_extract_dag.py:119} ERROR - Error fetching details for product 111031533: Expecting value: line 1 column 1 (char 0)
[2025-03-10T10:40:38.295+0000] {tiki_extract_dag.py:119} ERROR - Error fetching details for product 110169574: Expecting value: line 1 column 1 (char 0)
[2025-03-10T10:40:38.463+0000] {tiki_extract_dag.py:119} ERROR - Error fetching details for product 107338360: Expecting value: line 1 column 1 (char 0)
[2025-03-10T10:40:38.630+0000] {tiki_extract_dag.py:119} ERROR - Error fetching details for product 102391960: Expecting value: line 1 column 1 (char 0)
[2025-03-10T10:40:38.801+0000] {tiki_extract_dag.py:119} ERROR - Error fetching details for product 95085073: Expecting value: line 1 column 1 (char 0)
[2025-03-10T10:40:38.970+0000] {tiki_extract_dag.py:119} ERROR - Error fetching details for product 88796298: Expecting value: line 1 column 1 (char 0)
[2025-03-10T10:40:39.140+0000] {tiki_extract_dag.py:119} ERROR - Error fetching details for product 87675294: Expecting value: line 1 column 1 (char 0)
[2025-03-10T10:40:39.308+0000] {tiki_extract_dag.py:119} ERROR - Error fetching details for product 86018342: Expecting value: line 1 column 1 (char 0)
[2025-03-10T10:40:39.481+0000] {tiki_extract_dag.py:119} ERROR - Error fetching details for product 72540740: Expecting value: line 1 column 1 (char 0)
[2025-03-10T10:40:39.656+0000] {tiki_extract_dag.py:119} ERROR - Error fetching details for product 57842537: Expecting value: line 1 column 1 (char 0)
[2025-03-10T10:40:39.822+0000] {tiki_extract_dag.py:119} ERROR - Error fetching details for product 53547831: Expecting value: line 1 column 1 (char 0)
[2025-03-10T10:40:39.995+0000] {tiki_extract_dag.py:119} ERROR - Error fetching details for product 24865067: Expecting value: line 1 column 1 (char 0)
[2025-03-10T10:40:40.171+0000] {tiki_extract_dag.py:119} ERROR - Error fetching details for product 10198980: Expecting value: line 1 column 1 (char 0)
[2025-03-10T10:40:40.332+0000] {tiki_extract_dag.py:119} ERROR - Error fetching details for product 1517005: Expecting value: line 1 column 1 (char 0)
[2025-03-10T10:40:40.500+0000] {tiki_extract_dag.py:119} ERROR - Error fetching details for product 1457747: Expecting value: line 1 column 1 (char 0)
[2025-03-10T10:40:40.660+0000] {tiki_extract_dag.py:119} ERROR - Error fetching details for product 895314: Expecting value: line 1 column 1 (char 0)
[2025-03-10T10:40:40.832+0000] {tiki_extract_dag.py:119} ERROR - Error fetching details for product 360660: Expecting value: line 1 column 1 (char 0)
[2025-03-10T10:40:40.833+0000] {tiki_extract_dag.py:175} INFO - Extracted page 2/50 for category thiet-bi-kts-phu-kien-so, total items: 80
[2025-03-10T10:40:51.853+0000] {tiki_extract_dag.py:156} INFO - Calling API: https://tiki.vn/api/v2/products with params: {'page': 3, 'limit': 40, 'category': '1815'}
[2025-03-10T10:40:52.023+0000] {tiki_extract_dag.py:178} ERROR - API error at page 3 in category thiet-bi-kts-phu-kien-so: Expecting value: line 1 column 1 (char 0)
[2025-03-10T10:40:55.956+0000] {tiki_extract_dag.py:50} INFO - Updated crawled products at tiki-pipeline/tiki_crawled/crawled_products.json
[2025-03-10T10:40:55.957+0000] {tiki_extract_dag.py:192} INFO - Uploaded raw data to tiki-pipeline/raw_data/thiet-bi-kts-phu-kien-so_20250310_104052.json, total items: 80
[2025-03-10T10:40:56.529+0000] {tiki_extract_dag.py:204} INFO - Saved metadata to tiki-pipeline/metadata/thiet-bi-kts-phu-kien-so_extract_run_metadata_20250310_104052.json
[2025-03-10T10:40:56.530+0000] {python.py:240} INFO - Done. Returned value was: None
[2025-03-10T10:40:56.553+0000] {taskinstance.py:341} INFO - ::group::Post task execution logs
[2025-03-10T10:40:56.554+0000] {taskinstance.py:353} INFO - Marking task as SUCCESS. dag_id=tiki_extract_dag, task_id=crawl_thiet-bi-kts-phu-kien-so, run_id=manual__2025-03-10T10:33:29.927545+00:00, execution_date=20250310T103329, start_date=20250310T103853, end_date=20250310T104056
[2025-03-10T10:40:56.607+0000] {logging_mixin.py:190} INFO - Task instance in success state
[2025-03-10T10:40:56.607+0000] {logging_mixin.py:190} INFO -  Previous state of the Task instance: running
[2025-03-10T10:40:56.608+0000] {logging_mixin.py:190} INFO - Dag name:tiki_extract_dag queued_at:2025-03-10 10:33:30.016202+00:00
[2025-03-10T10:40:56.608+0000] {logging_mixin.py:190} INFO - Task hostname:0c9fb3f19112 operator:PythonOperator
[2025-03-10T10:40:56.670+0000] {local_task_job_runner.py:266} INFO - Task exited with return code 0
[2025-03-10T10:40:56.734+0000] {taskinstance.py:3901} INFO - 0 downstream tasks scheduled from follow-on schedule check
[2025-03-10T10:40:56.738+0000] {local_task_job_runner.py:245} INFO - ::endgroup::
