[2025-03-10T10:23:16.760+0000] {local_task_job_runner.py:123} INFO - ::group::Pre task execution logs
[2025-03-10T10:23:16.827+0000] {taskinstance.py:2614} INFO - Dependencies all met for dep_context=non-requeueable deps ti=<TaskInstance: tiki_extract_dag.crawl_dien-gia-dung manual__2025-03-10T10:23:09.493279+00:00 [queued]>
[2025-03-10T10:23:16.864+0000] {taskinstance.py:2614} INFO - Dependencies all met for dep_context=requeueable deps ti=<TaskInstance: tiki_extract_dag.crawl_dien-gia-dung manual__2025-03-10T10:23:09.493279+00:00 [queued]>
[2025-03-10T10:23:16.866+0000] {taskinstance.py:2867} INFO - Starting attempt 1 of 4
[2025-03-10T10:23:16.917+0000] {taskinstance.py:2890} INFO - Executing <Task(PythonOperator): crawl_dien-gia-dung> on 2025-03-10 10:23:09.493279+00:00
[2025-03-10T10:23:16.969+0000] {warnings.py:112} WARNING - /home/***/.local/lib/python3.12/site-packages/***/task/task_runner/standard_task_runner.py:70: DeprecationWarning: This process (pid=83) is multi-threaded, use of fork() may lead to deadlocks in the child.
  pid = os.fork()

[2025-03-10T10:23:16.977+0000] {standard_task_runner.py:72} INFO - Started process 113 to run task
[2025-03-10T10:23:16.993+0000] {standard_task_runner.py:104} INFO - Running: ['***', 'tasks', 'run', 'tiki_extract_dag', 'crawl_dien-gia-dung', 'manual__2025-03-10T10:23:09.493279+00:00', '--job-id', '434', '--raw', '--subdir', 'DAGS_FOLDER/tiki_extract_dag.py', '--cfg-path', '/tmp/tmpsps29thd']
[2025-03-10T10:23:16.996+0000] {standard_task_runner.py:105} INFO - Job 434: Subtask crawl_dien-gia-dung
[2025-03-10T10:23:17.335+0000] {task_command.py:467} INFO - Running <TaskInstance: tiki_extract_dag.crawl_dien-gia-dung manual__2025-03-10T10:23:09.493279+00:00 [running]> on host c77555d100c4
[2025-03-10T10:23:30.536+0000] {taskinstance.py:3134} INFO - Exporting env vars: AIRFLOW_CTX_DAG_OWNER='***' AIRFLOW_CTX_DAG_ID='tiki_extract_dag' AIRFLOW_CTX_TASK_ID='crawl_dien-gia-dung' AIRFLOW_CTX_EXECUTION_DATE='2025-03-10T10:23:09.493279+00:00' AIRFLOW_CTX_TRY_NUMBER='1' AIRFLOW_CTX_DAG_RUN_ID='manual__2025-03-10T10:23:09.493279+00:00'
[2025-03-10T10:23:30.546+0000] {logging_mixin.py:190} INFO - Task instance is in running state
[2025-03-10T10:23:30.552+0000] {logging_mixin.py:190} INFO -  Previous state of the Task instance: queued
[2025-03-10T10:23:30.555+0000] {logging_mixin.py:190} INFO - Current task name:crawl_dien-gia-dung state:running start_date:2025-03-10 10:23:16.830603+00:00
[2025-03-10T10:23:30.556+0000] {logging_mixin.py:190} INFO - Dag name:tiki_extract_dag and current dag run status:running
[2025-03-10T10:23:30.557+0000] {taskinstance.py:732} INFO - ::endgroup::
[2025-03-10T10:23:31.987+0000] {tiki_extract_dag.py:132} INFO - Starting crawl for category dien-gia-dung (ID: 1882)
[2025-03-10T10:23:31.988+0000] {tiki_extract_dag.py:134} INFO - Calling API: https://tiki.vn/api/v2/products with params: {'page': 1, 'limit': 40, 'category': '1882'}
[2025-03-10T10:23:32.983+0000] {tiki_extract_dag.py:143} INFO - Total pages for dien-gia-dung: 50 (limited to 50)
[2025-03-10T10:24:00.398+0000] {tiki_extract_dag.py:119} ERROR - Error fetching details for product 74890928: Expecting value: line 1 column 1 (char 0)
[2025-03-10T10:24:00.535+0000] {tiki_extract_dag.py:119} ERROR - Error fetching details for product 74173695: Expecting value: line 1 column 1 (char 0)
[2025-03-10T10:24:00.673+0000] {tiki_extract_dag.py:119} ERROR - Error fetching details for product 72825272: Expecting value: line 1 column 1 (char 0)
[2025-03-10T10:24:00.810+0000] {tiki_extract_dag.py:119} ERROR - Error fetching details for product 68771348: Expecting value: line 1 column 1 (char 0)
[2025-03-10T10:24:00.950+0000] {tiki_extract_dag.py:119} ERROR - Error fetching details for product 66512832: Expecting value: line 1 column 1 (char 0)
[2025-03-10T10:24:01.089+0000] {tiki_extract_dag.py:119} ERROR - Error fetching details for product 63564217: Expecting value: line 1 column 1 (char 0)
[2025-03-10T10:24:01.229+0000] {tiki_extract_dag.py:119} ERROR - Error fetching details for product 59479717: Expecting value: line 1 column 1 (char 0)
[2025-03-10T10:24:01.395+0000] {tiki_extract_dag.py:119} ERROR - Error fetching details for product 54716577: Expecting value: line 1 column 1 (char 0)
[2025-03-10T10:24:01.575+0000] {tiki_extract_dag.py:119} ERROR - Error fetching details for product 48962414: Expecting value: line 1 column 1 (char 0)
[2025-03-10T10:24:01.714+0000] {tiki_extract_dag.py:119} ERROR - Error fetching details for product 48025254: Expecting value: line 1 column 1 (char 0)
[2025-03-10T10:24:01.877+0000] {tiki_extract_dag.py:119} ERROR - Error fetching details for product 44996545: Expecting value: line 1 column 1 (char 0)
[2025-03-10T10:24:02.038+0000] {tiki_extract_dag.py:119} ERROR - Error fetching details for product 36626940: Expecting value: line 1 column 1 (char 0)
[2025-03-10T10:24:02.203+0000] {tiki_extract_dag.py:119} ERROR - Error fetching details for product 11755648: Expecting value: line 1 column 1 (char 0)
[2025-03-10T10:24:02.344+0000] {tiki_extract_dag.py:119} ERROR - Error fetching details for product 10597625: Expecting value: line 1 column 1 (char 0)
[2025-03-10T10:24:02.488+0000] {tiki_extract_dag.py:119} ERROR - Error fetching details for product 9483224: Expecting value: line 1 column 1 (char 0)
[2025-03-10T10:24:02.629+0000] {tiki_extract_dag.py:119} ERROR - Error fetching details for product 4701559: Expecting value: line 1 column 1 (char 0)
[2025-03-10T10:24:02.765+0000] {tiki_extract_dag.py:119} ERROR - Error fetching details for product 4534531: Expecting value: line 1 column 1 (char 0)
[2025-03-10T10:24:02.931+0000] {tiki_extract_dag.py:119} ERROR - Error fetching details for product 3480333: Expecting value: line 1 column 1 (char 0)
[2025-03-10T10:24:03.070+0000] {tiki_extract_dag.py:119} ERROR - Error fetching details for product 2365901: Expecting value: line 1 column 1 (char 0)
[2025-03-10T10:24:03.207+0000] {tiki_extract_dag.py:119} ERROR - Error fetching details for product 794609: Expecting value: line 1 column 1 (char 0)
[2025-03-10T10:24:03.343+0000] {tiki_extract_dag.py:119} ERROR - Error fetching details for product 558109: Expecting value: line 1 column 1 (char 0)
[2025-03-10T10:24:03.482+0000] {tiki_extract_dag.py:119} ERROR - Error fetching details for product 530774: Expecting value: line 1 column 1 (char 0)
[2025-03-10T10:24:03.653+0000] {tiki_extract_dag.py:119} ERROR - Error fetching details for product 414764: Expecting value: line 1 column 1 (char 0)
[2025-03-10T10:24:03.654+0000] {tiki_extract_dag.py:156} INFO - Calling API: https://tiki.vn/api/v2/products with params: {'page': 2, 'limit': 40, 'category': '1882'}
[2025-03-10T10:24:03.794+0000] {tiki_extract_dag.py:178} ERROR - API error at page 2 in category dien-gia-dung: Expecting value: line 1 column 1 (char 0)
[2025-03-10T10:24:06.174+0000] {tiki_extract_dag.py:50} INFO - Updated crawled products at tiki-pipeline/tiki_crawled/crawled_products.json
[2025-03-10T10:24:06.174+0000] {tiki_extract_dag.py:192} INFO - Uploaded raw data to tiki-pipeline/raw_data/dien-gia-dung_20250310_102403.json, total items: 40
[2025-03-10T10:24:06.505+0000] {tiki_extract_dag.py:204} INFO - Saved metadata to tiki-pipeline/metadata/dien-gia-dung_extract_run_metadata_20250310_102403.json
[2025-03-10T10:24:06.508+0000] {python.py:240} INFO - Done. Returned value was: None
[2025-03-10T10:24:06.535+0000] {taskinstance.py:341} INFO - ::group::Post task execution logs
[2025-03-10T10:24:06.536+0000] {taskinstance.py:353} INFO - Marking task as SUCCESS. dag_id=tiki_extract_dag, task_id=crawl_dien-gia-dung, run_id=manual__2025-03-10T10:23:09.493279+00:00, execution_date=20250310T102309, start_date=20250310T102316, end_date=20250310T102406
[2025-03-10T10:24:06.575+0000] {logging_mixin.py:190} INFO - Task instance in success state
[2025-03-10T10:24:06.575+0000] {logging_mixin.py:190} INFO -  Previous state of the Task instance: running
[2025-03-10T10:24:06.576+0000] {logging_mixin.py:190} INFO - Dag name:tiki_extract_dag queued_at:2025-03-10 10:23:09.537669+00:00
[2025-03-10T10:24:06.576+0000] {logging_mixin.py:190} INFO - Task hostname:c77555d100c4 operator:PythonOperator
[2025-03-10T10:24:06.645+0000] {local_task_job_runner.py:266} INFO - Task exited with return code 0
[2025-03-10T10:24:06.713+0000] {taskinstance.py:3901} INFO - 0 downstream tasks scheduled from follow-on schedule check
[2025-03-10T10:24:06.717+0000] {local_task_job_runner.py:245} INFO - ::endgroup::
