[2025-03-12T07:26:10.532+0000] {local_task_job_runner.py:123} INFO - ::group::Pre task execution logs
[2025-03-12T07:26:10.612+0000] {taskinstance.py:2614} INFO - Dependencies all met for dep_context=non-requeueable deps ti=<TaskInstance: tiki_extract_dag.extract_thiet-bi-kts-phu-kien-so manual__2025-03-12T07:25:54.854919+00:00 [queued]>
[2025-03-12T07:26:10.642+0000] {taskinstance.py:2614} INFO - Dependencies all met for dep_context=requeueable deps ti=<TaskInstance: tiki_extract_dag.extract_thiet-bi-kts-phu-kien-so manual__2025-03-12T07:25:54.854919+00:00 [queued]>
[2025-03-12T07:26:10.643+0000] {taskinstance.py:2867} INFO - Starting attempt 1 of 4
[2025-03-12T07:26:10.734+0000] {taskinstance.py:2890} INFO - Executing <Task(PythonOperator): extract_thiet-bi-kts-phu-kien-so> on 2025-03-12 07:25:54.854919+00:00
[2025-03-12T07:26:10.793+0000] {warnings.py:112} WARNING - /home/***/.local/lib/python3.12/site-packages/***/task/task_runner/standard_task_runner.py:70: DeprecationWarning: This process (pid=226) is multi-threaded, use of fork() may lead to deadlocks in the child.
  pid = os.fork()

[2025-03-12T07:26:10.815+0000] {standard_task_runner.py:72} INFO - Started process 258 to run task
[2025-03-12T07:26:10.838+0000] {standard_task_runner.py:104} INFO - Running: ['***', 'tasks', 'run', 'tiki_extract_dag', 'extract_thiet-bi-kts-phu-kien-so', 'manual__2025-03-12T07:25:54.854919+00:00', '--job-id', '676', '--raw', '--subdir', 'DAGS_FOLDER/tiki_extract_dag.py', '--cfg-path', '/tmp/tmpldurikzh']
[2025-03-12T07:26:10.847+0000] {standard_task_runner.py:105} INFO - Job 676: Subtask extract_thiet-bi-kts-phu-kien-so
[2025-03-12T07:26:11.139+0000] {task_command.py:467} INFO - Running <TaskInstance: tiki_extract_dag.extract_thiet-bi-kts-phu-kien-so manual__2025-03-12T07:25:54.854919+00:00 [running]> on host 3905098656d4
[2025-03-12T07:26:15.666+0000] {taskinstance.py:3134} INFO - Exporting env vars: AIRFLOW_CTX_DAG_OWNER='***' AIRFLOW_CTX_DAG_ID='tiki_extract_dag' AIRFLOW_CTX_TASK_ID='extract_thiet-bi-kts-phu-kien-so' AIRFLOW_CTX_EXECUTION_DATE='2025-03-12T07:25:54.854919+00:00' AIRFLOW_CTX_TRY_NUMBER='1' AIRFLOW_CTX_DAG_RUN_ID='manual__2025-03-12T07:25:54.854919+00:00'
[2025-03-12T07:26:15.672+0000] {logging_mixin.py:190} INFO - Task instance is in running state
[2025-03-12T07:26:15.679+0000] {logging_mixin.py:190} INFO -  Previous state of the Task instance: queued
[2025-03-12T07:26:15.686+0000] {logging_mixin.py:190} INFO - Current task name:extract_thiet-bi-kts-phu-kien-so state:running start_date:2025-03-12 07:26:10.613289+00:00
[2025-03-12T07:26:15.689+0000] {logging_mixin.py:190} INFO - Dag name:tiki_extract_dag and current dag run status:running
[2025-03-12T07:26:15.691+0000] {taskinstance.py:732} INFO - ::endgroup::
[2025-03-12T07:26:18.441+0000] {tiki_extract_dag.py:122} INFO - Starting crawl for category thiet-bi-kts-phu-kien-so
[2025-03-12T07:26:20.555+0000] {tiki_extract_dag.py:129} INFO - Total pages for thiet-bi-kts-phu-kien-so: 50
[2025-03-12T07:26:21.038+0000] {tiki_extract_dag.py:155} INFO - Extracted page 2/50 - thiet-bi-kts-phu-kien-so, total items: 80
[2025-03-12T07:26:29.241+0000] {tiki_extract_dag.py:155} INFO - Extracted page 3/50 - thiet-bi-kts-phu-kien-so, total items: 120
[2025-03-12T07:26:38.332+0000] {tiki_extract_dag.py:155} INFO - Extracted page 4/50 - thiet-bi-kts-phu-kien-so, total items: 160
[2025-03-12T07:26:45.334+0000] {tiki_extract_dag.py:155} INFO - Extracted page 5/50 - thiet-bi-kts-phu-kien-so, total items: 200
[2025-03-12T07:26:52.027+0000] {tiki_extract_dag.py:155} INFO - Extracted page 6/50 - thiet-bi-kts-phu-kien-so, total items: 240
[2025-03-12T07:27:01.813+0000] {tiki_extract_dag.py:155} INFO - Extracted page 7/50 - thiet-bi-kts-phu-kien-so, total items: 280
[2025-03-12T07:27:07.280+0000] {tiki_extract_dag.py:155} INFO - Extracted page 8/50 - thiet-bi-kts-phu-kien-so, total items: 320
[2025-03-12T07:27:16.029+0000] {tiki_extract_dag.py:155} INFO - Extracted page 9/50 - thiet-bi-kts-phu-kien-so, total items: 360
[2025-03-12T07:27:23.514+0000] {tiki_extract_dag.py:155} INFO - Extracted page 10/50 - thiet-bi-kts-phu-kien-so, total items: 400
[2025-03-12T07:27:30.131+0000] {tiki_extract_dag.py:155} INFO - Extracted page 11/50 - thiet-bi-kts-phu-kien-so, total items: 440
[2025-03-12T07:27:40.518+0000] {tiki_extract_dag.py:155} INFO - Extracted page 12/50 - thiet-bi-kts-phu-kien-so, total items: 480
[2025-03-12T07:27:47.519+0000] {tiki_extract_dag.py:155} INFO - Extracted page 13/50 - thiet-bi-kts-phu-kien-so, total items: 520
[2025-03-12T07:27:55.002+0000] {tiki_extract_dag.py:155} INFO - Extracted page 14/50 - thiet-bi-kts-phu-kien-so, total items: 560
[2025-03-12T07:28:01.261+0000] {tiki_extract_dag.py:155} INFO - Extracted page 15/50 - thiet-bi-kts-phu-kien-so, total items: 600
[2025-03-12T07:28:11.655+0000] {tiki_extract_dag.py:155} INFO - Extracted page 16/50 - thiet-bi-kts-phu-kien-so, total items: 640
[2025-03-12T07:28:17.380+0000] {tiki_extract_dag.py:155} INFO - Extracted page 17/50 - thiet-bi-kts-phu-kien-so, total items: 680
[2025-03-12T07:28:24.851+0000] {tiki_extract_dag.py:155} INFO - Extracted page 18/50 - thiet-bi-kts-phu-kien-so, total items: 720
[2025-03-12T07:28:33.215+0000] {tiki_extract_dag.py:155} INFO - Extracted page 19/50 - thiet-bi-kts-phu-kien-so, total items: 760
[2025-03-12T07:28:38.832+0000] {tiki_extract_dag.py:155} INFO - Extracted page 20/50 - thiet-bi-kts-phu-kien-so, total items: 800
[2025-03-12T07:28:48.802+0000] {tiki_extract_dag.py:155} INFO - Extracted page 21/50 - thiet-bi-kts-phu-kien-so, total items: 840
[2025-03-12T07:28:54.638+0000] {tiki_extract_dag.py:155} INFO - Extracted page 22/50 - thiet-bi-kts-phu-kien-so, total items: 880
[2025-03-12T07:29:02.047+0000] {tiki_extract_dag.py:155} INFO - Extracted page 23/50 - thiet-bi-kts-phu-kien-so, total items: 920
[2025-03-12T07:29:08.009+0000] {tiki_extract_dag.py:155} INFO - Extracted page 24/50 - thiet-bi-kts-phu-kien-so, total items: 960
[2025-03-12T07:29:14.523+0000] {tiki_extract_dag.py:155} INFO - Extracted page 25/50 - thiet-bi-kts-phu-kien-so, total items: 1000
[2025-03-12T07:29:21.968+0000] {tiki_extract_dag.py:155} INFO - Extracted page 26/50 - thiet-bi-kts-phu-kien-so, total items: 1040
[2025-03-12T07:29:31.300+0000] {tiki_extract_dag.py:155} INFO - Extracted page 27/50 - thiet-bi-kts-phu-kien-so, total items: 1080
[2025-03-12T07:29:40.715+0000] {tiki_extract_dag.py:155} INFO - Extracted page 28/50 - thiet-bi-kts-phu-kien-so, total items: 1120
[2025-03-12T07:29:46.245+0000] {tiki_extract_dag.py:155} INFO - Extracted page 29/50 - thiet-bi-kts-phu-kien-so, total items: 1160
[2025-03-12T07:29:54.079+0000] {tiki_extract_dag.py:155} INFO - Extracted page 30/50 - thiet-bi-kts-phu-kien-so, total items: 1200
[2025-03-12T07:30:03.084+0000] {tiki_extract_dag.py:155} INFO - Extracted page 31/50 - thiet-bi-kts-phu-kien-so, total items: 1240
[2025-03-12T07:30:08.689+0000] {tiki_extract_dag.py:155} INFO - Extracted page 32/50 - thiet-bi-kts-phu-kien-so, total items: 1280
[2025-03-12T07:30:14.871+0000] {tiki_extract_dag.py:155} INFO - Extracted page 33/50 - thiet-bi-kts-phu-kien-so, total items: 1320
[2025-03-12T07:30:23.580+0000] {tiki_extract_dag.py:155} INFO - Extracted page 34/50 - thiet-bi-kts-phu-kien-so, total items: 1360
[2025-03-12T07:30:33.592+0000] {tiki_extract_dag.py:155} INFO - Extracted page 35/50 - thiet-bi-kts-phu-kien-so, total items: 1400
[2025-03-12T07:30:43.912+0000] {tiki_extract_dag.py:155} INFO - Extracted page 36/50 - thiet-bi-kts-phu-kien-so, total items: 1440
[2025-03-12T07:30:50.887+0000] {tiki_extract_dag.py:155} INFO - Extracted page 37/50 - thiet-bi-kts-phu-kien-so, total items: 1480
[2025-03-12T07:31:00.153+0000] {tiki_extract_dag.py:155} INFO - Extracted page 38/50 - thiet-bi-kts-phu-kien-so, total items: 1520
[2025-03-12T07:31:06.873+0000] {tiki_extract_dag.py:155} INFO - Extracted page 39/50 - thiet-bi-kts-phu-kien-so, total items: 1560
[2025-03-12T07:31:12.812+0000] {tiki_extract_dag.py:155} INFO - Extracted page 40/50 - thiet-bi-kts-phu-kien-so, total items: 1600
[2025-03-12T07:31:21.619+0000] {tiki_extract_dag.py:155} INFO - Extracted page 41/50 - thiet-bi-kts-phu-kien-so, total items: 1640
[2025-03-12T07:31:31.347+0000] {tiki_extract_dag.py:155} INFO - Extracted page 42/50 - thiet-bi-kts-phu-kien-so, total items: 1680
[2025-03-12T07:31:39.092+0000] {tiki_extract_dag.py:155} INFO - Extracted page 43/50 - thiet-bi-kts-phu-kien-so, total items: 1720
[2025-03-12T07:31:45.711+0000] {tiki_extract_dag.py:155} INFO - Extracted page 44/50 - thiet-bi-kts-phu-kien-so, total items: 1760
[2025-03-12T07:31:52.539+0000] {tiki_extract_dag.py:155} INFO - Extracted page 45/50 - thiet-bi-kts-phu-kien-so, total items: 1800
[2025-03-12T07:32:01.419+0000] {tiki_extract_dag.py:155} INFO - Extracted page 46/50 - thiet-bi-kts-phu-kien-so, total items: 1840
[2025-03-12T07:32:08.719+0000] {tiki_extract_dag.py:155} INFO - Extracted page 47/50 - thiet-bi-kts-phu-kien-so, total items: 1880
[2025-03-12T07:32:15.174+0000] {tiki_extract_dag.py:155} INFO - Extracted page 48/50 - thiet-bi-kts-phu-kien-so, total items: 1920
[2025-03-12T07:32:21.705+0000] {tiki_extract_dag.py:155} INFO - Extracted page 49/50 - thiet-bi-kts-phu-kien-so, total items: 1960
[2025-03-12T07:32:31.342+0000] {tiki_extract_dag.py:155} INFO - Extracted page 50/50 - thiet-bi-kts-phu-kien-so, total items: 2000
[2025-03-12T07:32:42.807+0000] {tiki_extract_dag.py:56} INFO - Updated crawled products at tiki-pipeline/tiki_crawled/crawled_products.json
[2025-03-12T07:32:42.808+0000] {tiki_extract_dag.py:172} INFO - Uploaded raw data to tiki-pipeline/tiki_raw_data/raw_thiet-bi-kts-phu-kien-so_20250312_073237.json, total items: 2000
[2025-03-12T07:32:43.151+0000] {tiki_extract_dag.py:183} INFO - Saved metadata to tiki-pipeline/metadata/extract_run_metadata_thiet-bi-kts-phu-kien-so_20250312_073237.json
[2025-03-12T07:32:43.161+0000] {python.py:240} INFO - Done. Returned value was: None
[2025-03-12T07:32:43.186+0000] {taskinstance.py:341} INFO - ::group::Post task execution logs
[2025-03-12T07:32:43.187+0000] {taskinstance.py:353} INFO - Marking task as SUCCESS. dag_id=tiki_extract_dag, task_id=extract_thiet-bi-kts-phu-kien-so, run_id=manual__2025-03-12T07:25:54.854919+00:00, execution_date=20250312T072554, start_date=20250312T072610, end_date=20250312T073243
[2025-03-12T07:32:43.249+0000] {logging_mixin.py:190} INFO - Task instance in success state
[2025-03-12T07:32:43.250+0000] {logging_mixin.py:190} INFO -  Previous state of the Task instance: running
[2025-03-12T07:32:43.251+0000] {logging_mixin.py:190} INFO - Dag name:tiki_extract_dag queued_at:2025-03-12 07:25:54.899816+00:00
[2025-03-12T07:32:43.252+0000] {logging_mixin.py:190} INFO - Task hostname:3905098656d4 operator:PythonOperator
[2025-03-12T07:32:43.308+0000] {local_task_job_runner.py:266} INFO - Task exited with return code 0
[2025-03-12T07:32:43.337+0000] {taskinstance.py:3901} INFO - 0 downstream tasks scheduled from follow-on schedule check
[2025-03-12T07:32:43.340+0000] {local_task_job_runner.py:245} INFO - ::endgroup::
