[2025-03-10T10:23:16.775+0000] {local_task_job_runner.py:123} INFO - ::group::Pre task execution logs
[2025-03-10T10:23:16.842+0000] {taskinstance.py:2614} INFO - Dependencies all met for dep_context=non-requeueable deps ti=<TaskInstance: tiki_extract_dag.crawl_lam-dep-suc-khoe manual__2025-03-10T10:23:09.493279+00:00 [queued]>
[2025-03-10T10:23:16.887+0000] {taskinstance.py:2614} INFO - Dependencies all met for dep_context=requeueable deps ti=<TaskInstance: tiki_extract_dag.crawl_lam-dep-suc-khoe manual__2025-03-10T10:23:09.493279+00:00 [queued]>
[2025-03-10T10:23:16.890+0000] {taskinstance.py:2867} INFO - Starting attempt 1 of 4
[2025-03-10T10:23:16.932+0000] {taskinstance.py:2890} INFO - Executing <Task(PythonOperator): crawl_lam-dep-suc-khoe> on 2025-03-10 10:23:09.493279+00:00
[2025-03-10T10:23:16.985+0000] {warnings.py:112} WARNING - /home/***/.local/lib/python3.12/site-packages/***/task/task_runner/standard_task_runner.py:70: DeprecationWarning: This process (pid=80) is multi-threaded, use of fork() may lead to deadlocks in the child.
  pid = os.fork()

[2025-03-10T10:23:16.996+0000] {standard_task_runner.py:72} INFO - Started process 114 to run task
[2025-03-10T10:23:17.000+0000] {standard_task_runner.py:104} INFO - Running: ['***', 'tasks', 'run', 'tiki_extract_dag', 'crawl_lam-dep-suc-khoe', 'manual__2025-03-10T10:23:09.493279+00:00', '--job-id', '436', '--raw', '--subdir', 'DAGS_FOLDER/tiki_extract_dag.py', '--cfg-path', '/tmp/tmp6uz9k78z']
[2025-03-10T10:23:17.015+0000] {standard_task_runner.py:105} INFO - Job 436: Subtask crawl_lam-dep-suc-khoe
[2025-03-10T10:23:17.347+0000] {task_command.py:467} INFO - Running <TaskInstance: tiki_extract_dag.crawl_lam-dep-suc-khoe manual__2025-03-10T10:23:09.493279+00:00 [running]> on host c77555d100c4
[2025-03-10T10:23:30.236+0000] {taskinstance.py:3134} INFO - Exporting env vars: AIRFLOW_CTX_DAG_OWNER='***' AIRFLOW_CTX_DAG_ID='tiki_extract_dag' AIRFLOW_CTX_TASK_ID='crawl_lam-dep-suc-khoe' AIRFLOW_CTX_EXECUTION_DATE='2025-03-10T10:23:09.493279+00:00' AIRFLOW_CTX_TRY_NUMBER='1' AIRFLOW_CTX_DAG_RUN_ID='manual__2025-03-10T10:23:09.493279+00:00'
[2025-03-10T10:23:30.303+0000] {logging_mixin.py:190} INFO - Task instance is in running state
[2025-03-10T10:23:30.318+0000] {logging_mixin.py:190} INFO -  Previous state of the Task instance: queued
[2025-03-10T10:23:30.334+0000] {logging_mixin.py:190} INFO - Current task name:crawl_lam-dep-suc-khoe state:running start_date:2025-03-10 10:23:16.853243+00:00
[2025-03-10T10:23:30.336+0000] {logging_mixin.py:190} INFO - Dag name:tiki_extract_dag and current dag run status:running
[2025-03-10T10:23:30.340+0000] {taskinstance.py:732} INFO - ::endgroup::
[2025-03-10T10:23:31.984+0000] {tiki_extract_dag.py:132} INFO - Starting crawl for category lam-dep-suc-khoe (ID: 1520)
[2025-03-10T10:23:31.985+0000] {tiki_extract_dag.py:134} INFO - Calling API: https://tiki.vn/api/v2/products with params: {'page': 1, 'limit': 40, 'category': '1520'}
[2025-03-10T10:23:32.714+0000] {tiki_extract_dag.py:143} INFO - Total pages for lam-dep-suc-khoe: 50 (limited to 50)
[2025-03-10T10:23:32.715+0000] {tiki_extract_dag.py:156} INFO - Calling API: https://tiki.vn/api/v2/products with params: {'page': 2, 'limit': 40, 'category': '1520'}
[2025-03-10T10:24:01.549+0000] {tiki_extract_dag.py:119} ERROR - Error fetching details for product 73574991: Expecting value: line 1 column 1 (char 0)
[2025-03-10T10:24:01.688+0000] {tiki_extract_dag.py:119} ERROR - Error fetching details for product 72790514: Expecting value: line 1 column 1 (char 0)
[2025-03-10T10:24:01.847+0000] {tiki_extract_dag.py:119} ERROR - Error fetching details for product 68832828: Expecting value: line 1 column 1 (char 0)
[2025-03-10T10:24:01.986+0000] {tiki_extract_dag.py:119} ERROR - Error fetching details for product 56218973: Expecting value: line 1 column 1 (char 0)
[2025-03-10T10:24:02.148+0000] {tiki_extract_dag.py:119} ERROR - Error fetching details for product 54865932: Expecting value: line 1 column 1 (char 0)
[2025-03-10T10:24:02.315+0000] {tiki_extract_dag.py:119} ERROR - Error fetching details for product 54058503: Expecting value: line 1 column 1 (char 0)
[2025-03-10T10:24:02.491+0000] {tiki_extract_dag.py:119} ERROR - Error fetching details for product 52758862: Expecting value: line 1 column 1 (char 0)
[2025-03-10T10:24:02.633+0000] {tiki_extract_dag.py:119} ERROR - Error fetching details for product 35031098: Expecting value: line 1 column 1 (char 0)
[2025-03-10T10:24:02.772+0000] {tiki_extract_dag.py:119} ERROR - Error fetching details for product 33785195: Expecting value: line 1 column 1 (char 0)
[2025-03-10T10:24:02.907+0000] {tiki_extract_dag.py:119} ERROR - Error fetching details for product 25917926: Expecting value: line 1 column 1 (char 0)
[2025-03-10T10:24:03.053+0000] {tiki_extract_dag.py:119} ERROR - Error fetching details for product 11949005: Expecting value: line 1 column 1 (char 0)
[2025-03-10T10:24:03.200+0000] {tiki_extract_dag.py:119} ERROR - Error fetching details for product 10278713: Expecting value: line 1 column 1 (char 0)
[2025-03-10T10:24:03.344+0000] {tiki_extract_dag.py:119} ERROR - Error fetching details for product 3554629: Expecting value: line 1 column 1 (char 0)
[2025-03-10T10:24:03.507+0000] {tiki_extract_dag.py:119} ERROR - Error fetching details for product 3265121: Expecting value: line 1 column 1 (char 0)
[2025-03-10T10:24:03.663+0000] {tiki_extract_dag.py:119} ERROR - Error fetching details for product 2042221: Expecting value: line 1 column 1 (char 0)
[2025-03-10T10:24:03.807+0000] {tiki_extract_dag.py:119} ERROR - Error fetching details for product 1687625: Expecting value: line 1 column 1 (char 0)
[2025-03-10T10:24:03.966+0000] {tiki_extract_dag.py:119} ERROR - Error fetching details for product 1081764: Expecting value: line 1 column 1 (char 0)
[2025-03-10T10:24:04.131+0000] {tiki_extract_dag.py:119} ERROR - Error fetching details for product 631525: Expecting value: line 1 column 1 (char 0)
[2025-03-10T10:24:04.270+0000] {tiki_extract_dag.py:119} ERROR - Error fetching details for product 631496: Expecting value: line 1 column 1 (char 0)
[2025-03-10T10:24:04.411+0000] {tiki_extract_dag.py:119} ERROR - Error fetching details for product 631034: Expecting value: line 1 column 1 (char 0)
[2025-03-10T10:24:04.553+0000] {tiki_extract_dag.py:119} ERROR - Error fetching details for product 385615: Expecting value: line 1 column 1 (char 0)
[2025-03-10T10:24:04.692+0000] {tiki_extract_dag.py:119} ERROR - Error fetching details for product 385614: Expecting value: line 1 column 1 (char 0)
[2025-03-10T10:24:04.828+0000] {tiki_extract_dag.py:119} ERROR - Error fetching details for product 385574: Expecting value: line 1 column 1 (char 0)
[2025-03-10T10:24:04.829+0000] {tiki_extract_dag.py:175} INFO - Extracted page 2/50 for category lam-dep-suc-khoe, total items: 40
[2025-03-10T10:24:16.205+0000] {tiki_extract_dag.py:156} INFO - Calling API: https://tiki.vn/api/v2/products with params: {'page': 3, 'limit': 40, 'category': '1520'}
[2025-03-10T10:24:16.371+0000] {tiki_extract_dag.py:178} ERROR - API error at page 3 in category lam-dep-suc-khoe: Expecting value: line 1 column 1 (char 0)
[2025-03-10T10:24:19.296+0000] {tiki_extract_dag.py:50} INFO - Updated crawled products at tiki-pipeline/tiki_crawled/crawled_products.json
[2025-03-10T10:24:19.296+0000] {tiki_extract_dag.py:192} INFO - Uploaded raw data to tiki-pipeline/raw_data/lam-dep-suc-khoe_20250310_102416.json, total items: 40
[2025-03-10T10:24:19.631+0000] {tiki_extract_dag.py:204} INFO - Saved metadata to tiki-pipeline/metadata/lam-dep-suc-khoe_extract_run_metadata_20250310_102416.json
[2025-03-10T10:24:19.645+0000] {python.py:240} INFO - Done. Returned value was: None
[2025-03-10T10:24:19.699+0000] {taskinstance.py:341} INFO - ::group::Post task execution logs
[2025-03-10T10:24:19.701+0000] {taskinstance.py:353} INFO - Marking task as SUCCESS. dag_id=tiki_extract_dag, task_id=crawl_lam-dep-suc-khoe, run_id=manual__2025-03-10T10:23:09.493279+00:00, execution_date=20250310T102309, start_date=20250310T102316, end_date=20250310T102419
[2025-03-10T10:24:19.760+0000] {logging_mixin.py:190} INFO - Task instance in success state
[2025-03-10T10:24:19.761+0000] {logging_mixin.py:190} INFO -  Previous state of the Task instance: running
[2025-03-10T10:24:19.762+0000] {logging_mixin.py:190} INFO - Dag name:tiki_extract_dag queued_at:2025-03-10 10:23:09.537669+00:00
[2025-03-10T10:24:19.762+0000] {logging_mixin.py:190} INFO - Task hostname:c77555d100c4 operator:PythonOperator
[2025-03-10T10:24:19.816+0000] {local_task_job_runner.py:266} INFO - Task exited with return code 0
[2025-03-10T10:24:19.881+0000] {taskinstance.py:3901} INFO - 0 downstream tasks scheduled from follow-on schedule check
[2025-03-10T10:24:19.885+0000] {local_task_job_runner.py:245} INFO - ::endgroup::
