[2025-03-12T01:52:54.228+0000] {local_task_job_runner.py:123} INFO - ::group::Pre task execution logs
[2025-03-12T01:52:54.253+0000] {taskinstance.py:2614} INFO - Dependencies all met for dep_context=non-requeueable deps ti=<TaskInstance: tiki_extract_dag.extract_data manual__2025-03-11T19:09:04.081053+00:00 [queued]>
[2025-03-12T01:52:54.269+0000] {taskinstance.py:2614} INFO - Dependencies all met for dep_context=requeueable deps ti=<TaskInstance: tiki_extract_dag.extract_data manual__2025-03-11T19:09:04.081053+00:00 [queued]>
[2025-03-12T01:52:54.270+0000] {taskinstance.py:2867} INFO - Starting attempt 2 of 4
[2025-03-12T01:52:54.292+0000] {taskinstance.py:2890} INFO - Executing <Task(PythonOperator): extract_data> on 2025-03-11 19:09:04.081053+00:00
[2025-03-12T01:52:54.304+0000] {warnings.py:112} WARNING - /home/***/.local/lib/python3.12/site-packages/***/task/task_runner/standard_task_runner.py:70: DeprecationWarning: This process (pid=2546) is multi-threaded, use of fork() may lead to deadlocks in the child.
  pid = os.fork()

[2025-03-12T01:52:54.306+0000] {standard_task_runner.py:72} INFO - Started process 2548 to run task
[2025-03-12T01:52:54.308+0000] {standard_task_runner.py:104} INFO - Running: ['***', 'tasks', 'run', 'tiki_extract_dag', 'extract_data', 'manual__2025-03-11T19:09:04.081053+00:00', '--job-id', '641', '--raw', '--subdir', 'DAGS_FOLDER/tiki_extract_dag.py', '--cfg-path', '/tmp/tmplmcw320w']
[2025-03-12T01:52:54.310+0000] {standard_task_runner.py:105} INFO - Job 641: Subtask extract_data
[2025-03-12T01:52:54.378+0000] {task_command.py:467} INFO - Running <TaskInstance: tiki_extract_dag.extract_data manual__2025-03-11T19:09:04.081053+00:00 [running]> on host 5c8190d7da62
[2025-03-12T01:52:54.841+0000] {taskinstance.py:3134} INFO - Exporting env vars: AIRFLOW_CTX_DAG_OWNER='***' AIRFLOW_CTX_DAG_ID='tiki_extract_dag' AIRFLOW_CTX_TASK_ID='extract_data' AIRFLOW_CTX_EXECUTION_DATE='2025-03-11T19:09:04.081053+00:00' AIRFLOW_CTX_TRY_NUMBER='2' AIRFLOW_CTX_DAG_RUN_ID='manual__2025-03-11T19:09:04.081053+00:00'
[2025-03-12T01:52:54.843+0000] {logging_mixin.py:190} INFO - Task instance is in running state
[2025-03-12T01:52:54.844+0000] {logging_mixin.py:190} INFO -  Previous state of the Task instance: queued
[2025-03-12T01:52:54.845+0000] {logging_mixin.py:190} INFO - Current task name:extract_data state:running start_date:2025-03-12 01:52:54.254745+00:00
[2025-03-12T01:52:54.846+0000] {logging_mixin.py:190} INFO - Dag name:tiki_extract_dag and current dag run status:running
[2025-03-12T01:52:54.846+0000] {taskinstance.py:732} INFO - ::endgroup::
[2025-03-12T01:52:57.743+0000] {tiki_extract_dag.py:152} INFO - Starting crawl for category lam-dep-suc-khoe
[2025-03-12T01:52:58.444+0000] {tiki_extract_dag.py:159} INFO - Total pages for lam-dep-suc-khoe: 50
[2025-03-12T01:52:58.812+0000] {tiki_extract_dag.py:185} INFO - Extracted page 2/50 - lam-dep-suc-khoe, total items: 0
[2025-03-12T01:53:09.303+0000] {tiki_extract_dag.py:185} INFO - Extracted page 3/50 - lam-dep-suc-khoe, total items: 0
[2025-03-12T01:53:19.054+0000] {tiki_extract_dag.py:185} INFO - Extracted page 4/50 - lam-dep-suc-khoe, total items: 1
[2025-03-12T01:53:25.632+0000] {tiki_extract_dag.py:185} INFO - Extracted page 5/50 - lam-dep-suc-khoe, total items: 1
[2025-03-12T01:53:31.631+0000] {tiki_extract_dag.py:185} INFO - Extracted page 6/50 - lam-dep-suc-khoe, total items: 1
[2025-03-12T01:53:38.890+0000] {tiki_extract_dag.py:185} INFO - Extracted page 7/50 - lam-dep-suc-khoe, total items: 1
[2025-03-12T01:53:47.433+0000] {tiki_extract_dag.py:185} INFO - Extracted page 8/50 - lam-dep-suc-khoe, total items: 1
[2025-03-12T01:53:55.999+0000] {tiki_extract_dag.py:185} INFO - Extracted page 9/50 - lam-dep-suc-khoe, total items: 2
[2025-03-12T01:54:03.982+0000] {tiki_extract_dag.py:185} INFO - Extracted page 10/50 - lam-dep-suc-khoe, total items: 2
[2025-03-12T01:54:12.593+0000] {tiki_extract_dag.py:185} INFO - Extracted page 11/50 - lam-dep-suc-khoe, total items: 2
[2025-03-12T01:54:21.181+0000] {tiki_extract_dag.py:185} INFO - Extracted page 12/50 - lam-dep-suc-khoe, total items: 2
[2025-03-12T01:54:30.023+0000] {tiki_extract_dag.py:185} INFO - Extracted page 13/50 - lam-dep-suc-khoe, total items: 2
[2025-03-12T01:54:38.827+0000] {tiki_extract_dag.py:185} INFO - Extracted page 14/50 - lam-dep-suc-khoe, total items: 3
[2025-03-12T01:54:46.479+0000] {tiki_extract_dag.py:185} INFO - Extracted page 15/50 - lam-dep-suc-khoe, total items: 3
[2025-03-12T01:54:54.777+0000] {tiki_extract_dag.py:185} INFO - Extracted page 16/50 - lam-dep-suc-khoe, total items: 3
[2025-03-12T01:55:02.263+0000] {tiki_extract_dag.py:185} INFO - Extracted page 17/50 - lam-dep-suc-khoe, total items: 3
[2025-03-12T01:55:12.345+0000] {tiki_extract_dag.py:185} INFO - Extracted page 18/50 - lam-dep-suc-khoe, total items: 4
[2025-03-12T01:55:18.876+0000] {tiki_extract_dag.py:185} INFO - Extracted page 19/50 - lam-dep-suc-khoe, total items: 4
[2025-03-12T01:55:27.321+0000] {tiki_extract_dag.py:185} INFO - Extracted page 20/50 - lam-dep-suc-khoe, total items: 4
[2025-03-12T01:55:35.112+0000] {tiki_extract_dag.py:185} INFO - Extracted page 21/50 - lam-dep-suc-khoe, total items: 4
[2025-03-12T01:55:43.692+0000] {tiki_extract_dag.py:185} INFO - Extracted page 22/50 - lam-dep-suc-khoe, total items: 4
[2025-03-12T01:55:52.917+0000] {tiki_extract_dag.py:185} INFO - Extracted page 23/50 - lam-dep-suc-khoe, total items: 4
[2025-03-12T01:56:02.460+0000] {tiki_extract_dag.py:185} INFO - Extracted page 24/50 - lam-dep-suc-khoe, total items: 4
[2025-03-12T01:56:12.953+0000] {tiki_extract_dag.py:185} INFO - Extracted page 25/50 - lam-dep-suc-khoe, total items: 4
[2025-03-12T01:56:20.177+0000] {tiki_extract_dag.py:185} INFO - Extracted page 26/50 - lam-dep-suc-khoe, total items: 4
[2025-03-12T01:56:27.084+0000] {tiki_extract_dag.py:185} INFO - Extracted page 27/50 - lam-dep-suc-khoe, total items: 4
[2025-03-12T01:56:36.770+0000] {tiki_extract_dag.py:185} INFO - Extracted page 28/50 - lam-dep-suc-khoe, total items: 4
[2025-03-12T01:56:44.061+0000] {tiki_extract_dag.py:185} INFO - Extracted page 29/50 - lam-dep-suc-khoe, total items: 4
[2025-03-12T01:56:50.304+0000] {tiki_extract_dag.py:185} INFO - Extracted page 30/50 - lam-dep-suc-khoe, total items: 4
[2025-03-12T01:56:58.782+0000] {tiki_extract_dag.py:185} INFO - Extracted page 31/50 - lam-dep-suc-khoe, total items: 4
[2025-03-12T01:57:04.774+0000] {tiki_extract_dag.py:185} INFO - Extracted page 32/50 - lam-dep-suc-khoe, total items: 4
[2025-03-12T01:57:12.202+0000] {tiki_extract_dag.py:185} INFO - Extracted page 33/50 - lam-dep-suc-khoe, total items: 4
[2025-03-12T01:57:18.398+0000] {tiki_extract_dag.py:185} INFO - Extracted page 34/50 - lam-dep-suc-khoe, total items: 5
[2025-03-12T01:57:24.544+0000] {tiki_extract_dag.py:185} INFO - Extracted page 35/50 - lam-dep-suc-khoe, total items: 5
[2025-03-12T01:57:33.830+0000] {tiki_extract_dag.py:185} INFO - Extracted page 36/50 - lam-dep-suc-khoe, total items: 6
[2025-03-12T01:57:41.151+0000] {tiki_extract_dag.py:185} INFO - Extracted page 37/50 - lam-dep-suc-khoe, total items: 8
[2025-03-12T01:57:48.391+0000] {tiki_extract_dag.py:185} INFO - Extracted page 38/50 - lam-dep-suc-khoe, total items: 8
[2025-03-12T01:57:58.243+0000] {tiki_extract_dag.py:185} INFO - Extracted page 39/50 - lam-dep-suc-khoe, total items: 9
[2025-03-12T01:58:05.532+0000] {tiki_extract_dag.py:185} INFO - Extracted page 40/50 - lam-dep-suc-khoe, total items: 9
[2025-03-12T01:58:11.710+0000] {tiki_extract_dag.py:185} INFO - Extracted page 41/50 - lam-dep-suc-khoe, total items: 9
[2025-03-12T01:58:21.313+0000] {tiki_extract_dag.py:185} INFO - Extracted page 42/50 - lam-dep-suc-khoe, total items: 10
[2025-03-12T01:58:27.274+0000] {tiki_extract_dag.py:185} INFO - Extracted page 43/50 - lam-dep-suc-khoe, total items: 10
[2025-03-12T01:58:36.969+0000] {tiki_extract_dag.py:185} INFO - Extracted page 44/50 - lam-dep-suc-khoe, total items: 10
[2025-03-12T01:58:45.058+0000] {tiki_extract_dag.py:185} INFO - Extracted page 45/50 - lam-dep-suc-khoe, total items: 10
[2025-03-12T01:58:51.390+0000] {tiki_extract_dag.py:185} INFO - Extracted page 46/50 - lam-dep-suc-khoe, total items: 11
[2025-03-12T01:59:01.655+0000] {tiki_extract_dag.py:185} INFO - Extracted page 47/50 - lam-dep-suc-khoe, total items: 11
[2025-03-12T01:59:11.669+0000] {tiki_extract_dag.py:185} INFO - Extracted page 48/50 - lam-dep-suc-khoe, total items: 11
[2025-03-12T01:59:21.691+0000] {tiki_extract_dag.py:185} INFO - Extracted page 49/50 - lam-dep-suc-khoe, total items: 11
[2025-03-12T01:59:31.317+0000] {tiki_extract_dag.py:185} INFO - Extracted page 50/50 - lam-dep-suc-khoe, total items: 20
[2025-03-12T01:59:40.357+0000] {tiki_extract_dag.py:152} INFO - Starting crawl for category dien-thoai-may-tinh-bang
[2025-03-12T01:59:40.891+0000] {tiki_extract_dag.py:159} INFO - Total pages for dien-thoai-may-tinh-bang: 9
[2025-03-12T01:59:41.218+0000] {tiki_extract_dag.py:185} INFO - Extracted page 2/9 - dien-thoai-may-tinh-bang, total items: 20
[2025-03-12T01:59:50.987+0000] {tiki_extract_dag.py:185} INFO - Extracted page 3/9 - dien-thoai-may-tinh-bang, total items: 20
[2025-03-12T01:59:57.373+0000] {tiki_extract_dag.py:185} INFO - Extracted page 4/9 - dien-thoai-may-tinh-bang, total items: 20
[2025-03-12T02:00:05.781+0000] {tiki_extract_dag.py:185} INFO - Extracted page 5/9 - dien-thoai-may-tinh-bang, total items: 20
[2025-03-12T02:00:12.901+0000] {tiki_extract_dag.py:185} INFO - Extracted page 6/9 - dien-thoai-may-tinh-bang, total items: 20
[2025-03-12T02:00:22.758+0000] {tiki_extract_dag.py:185} INFO - Extracted page 7/9 - dien-thoai-may-tinh-bang, total items: 20
[2025-03-12T02:00:29.626+0000] {tiki_extract_dag.py:185} INFO - Extracted page 8/9 - dien-thoai-may-tinh-bang, total items: 20
[2025-03-12T02:00:38.997+0000] {tiki_extract_dag.py:185} INFO - Extracted page 9/9 - dien-thoai-may-tinh-bang, total items: 20
[2025-03-12T02:00:45.664+0000] {tiki_extract_dag.py:152} INFO - Starting crawl for category laptop-may-vi-tinh-linh-kien
[2025-03-12T02:00:46.214+0000] {tiki_extract_dag.py:159} INFO - Total pages for laptop-may-vi-tinh-linh-kien: 50
[2025-03-12T02:00:46.587+0000] {tiki_extract_dag.py:185} INFO - Extracted page 2/50 - laptop-may-vi-tinh-linh-kien, total items: 20
[2025-03-12T02:00:54.254+0000] {tiki_extract_dag.py:185} INFO - Extracted page 3/50 - laptop-may-vi-tinh-linh-kien, total items: 20
[2025-03-12T02:01:02.505+0000] {tiki_extract_dag.py:185} INFO - Extracted page 4/50 - laptop-may-vi-tinh-linh-kien, total items: 21
[2025-03-12T02:01:10.899+0000] {tiki_extract_dag.py:185} INFO - Extracted page 5/50 - laptop-may-vi-tinh-linh-kien, total items: 21
[2025-03-12T02:01:18.858+0000] {tiki_extract_dag.py:185} INFO - Extracted page 6/50 - laptop-may-vi-tinh-linh-kien, total items: 21
[2025-03-12T02:01:25.736+0000] {tiki_extract_dag.py:185} INFO - Extracted page 7/50 - laptop-may-vi-tinh-linh-kien, total items: 21
[2025-03-12T02:01:31.781+0000] {tiki_extract_dag.py:185} INFO - Extracted page 8/50 - laptop-may-vi-tinh-linh-kien, total items: 21
[2025-03-12T02:01:39.051+0000] {tiki_extract_dag.py:185} INFO - Extracted page 9/50 - laptop-may-vi-tinh-linh-kien, total items: 21
[2025-03-12T02:01:46.931+0000] {tiki_extract_dag.py:185} INFO - Extracted page 10/50 - laptop-may-vi-tinh-linh-kien, total items: 21
[2025-03-12T02:01:54.311+0000] {tiki_extract_dag.py:185} INFO - Extracted page 11/50 - laptop-may-vi-tinh-linh-kien, total items: 21
[2025-03-12T02:02:01.128+0000] {tiki_extract_dag.py:185} INFO - Extracted page 12/50 - laptop-may-vi-tinh-linh-kien, total items: 21
[2025-03-12T02:02:07.188+0000] {tiki_extract_dag.py:185} INFO - Extracted page 13/50 - laptop-may-vi-tinh-linh-kien, total items: 21
[2025-03-12T02:02:13.970+0000] {tiki_extract_dag.py:185} INFO - Extracted page 14/50 - laptop-may-vi-tinh-linh-kien, total items: 21
[2025-03-12T02:02:22.361+0000] {tiki_extract_dag.py:185} INFO - Extracted page 15/50 - laptop-may-vi-tinh-linh-kien, total items: 21
[2025-03-12T02:02:30.768+0000] {tiki_extract_dag.py:185} INFO - Extracted page 16/50 - laptop-may-vi-tinh-linh-kien, total items: 21
[2025-03-12T02:02:38.428+0000] {tiki_extract_dag.py:185} INFO - Extracted page 17/50 - laptop-may-vi-tinh-linh-kien, total items: 21
[2025-03-12T02:02:47.821+0000] {tiki_extract_dag.py:185} INFO - Extracted page 18/50 - laptop-may-vi-tinh-linh-kien, total items: 21
[2025-03-12T02:02:57.030+0000] {tiki_extract_dag.py:185} INFO - Extracted page 19/50 - laptop-may-vi-tinh-linh-kien, total items: 21
[2025-03-12T02:03:04.565+0000] {tiki_extract_dag.py:185} INFO - Extracted page 20/50 - laptop-may-vi-tinh-linh-kien, total items: 21
[2025-03-12T02:03:10.664+0000] {tiki_extract_dag.py:185} INFO - Extracted page 21/50 - laptop-may-vi-tinh-linh-kien, total items: 21
[2025-03-12T02:03:18.855+0000] {tiki_extract_dag.py:185} INFO - Extracted page 22/50 - laptop-may-vi-tinh-linh-kien, total items: 21
[2025-03-12T02:03:28.315+0000] {tiki_extract_dag.py:185} INFO - Extracted page 23/50 - laptop-may-vi-tinh-linh-kien, total items: 22
[2025-03-12T02:03:35.095+0000] {tiki_extract_dag.py:185} INFO - Extracted page 24/50 - laptop-may-vi-tinh-linh-kien, total items: 22
[2025-03-12T02:03:40.729+0000] {tiki_extract_dag.py:185} INFO - Extracted page 25/50 - laptop-may-vi-tinh-linh-kien, total items: 22
[2025-03-12T02:03:50.178+0000] {tiki_extract_dag.py:185} INFO - Extracted page 26/50 - laptop-may-vi-tinh-linh-kien, total items: 22
[2025-03-12T02:03:58.215+0000] {tiki_extract_dag.py:185} INFO - Extracted page 27/50 - laptop-may-vi-tinh-linh-kien, total items: 22
[2025-03-12T02:04:05.708+0000] {tiki_extract_dag.py:185} INFO - Extracted page 28/50 - laptop-may-vi-tinh-linh-kien, total items: 22
[2025-03-12T02:04:12.015+0000] {tiki_extract_dag.py:185} INFO - Extracted page 29/50 - laptop-may-vi-tinh-linh-kien, total items: 22
[2025-03-12T02:04:22.406+0000] {tiki_extract_dag.py:185} INFO - Extracted page 30/50 - laptop-may-vi-tinh-linh-kien, total items: 22
[2025-03-12T02:04:29.755+0000] {tiki_extract_dag.py:185} INFO - Extracted page 31/50 - laptop-may-vi-tinh-linh-kien, total items: 22
[2025-03-12T02:04:37.230+0000] {tiki_extract_dag.py:185} INFO - Extracted page 32/50 - laptop-may-vi-tinh-linh-kien, total items: 22
[2025-03-12T02:04:45.092+0000] {tiki_extract_dag.py:185} INFO - Extracted page 33/50 - laptop-may-vi-tinh-linh-kien, total items: 22
[2025-03-12T02:04:54.956+0000] {tiki_extract_dag.py:185} INFO - Extracted page 34/50 - laptop-may-vi-tinh-linh-kien, total items: 22
[2025-03-12T02:05:03.150+0000] {tiki_extract_dag.py:185} INFO - Extracted page 35/50 - laptop-may-vi-tinh-linh-kien, total items: 22
[2025-03-12T02:05:09.442+0000] {tiki_extract_dag.py:185} INFO - Extracted page 36/50 - laptop-may-vi-tinh-linh-kien, total items: 22
[2025-03-12T02:05:18.095+0000] {tiki_extract_dag.py:185} INFO - Extracted page 37/50 - laptop-may-vi-tinh-linh-kien, total items: 22
[2025-03-12T02:05:25.693+0000] {tiki_extract_dag.py:185} INFO - Extracted page 38/50 - laptop-may-vi-tinh-linh-kien, total items: 22
[2025-03-12T02:05:34.458+0000] {tiki_extract_dag.py:185} INFO - Extracted page 39/50 - laptop-may-vi-tinh-linh-kien, total items: 22
[2025-03-12T02:05:42.671+0000] {tiki_extract_dag.py:185} INFO - Extracted page 40/50 - laptop-may-vi-tinh-linh-kien, total items: 22
[2025-03-12T02:05:49.572+0000] {tiki_extract_dag.py:185} INFO - Extracted page 41/50 - laptop-may-vi-tinh-linh-kien, total items: 22
[2025-03-12T02:05:59.765+0000] {tiki_extract_dag.py:185} INFO - Extracted page 42/50 - laptop-may-vi-tinh-linh-kien, total items: 22
[2025-03-12T02:06:07.862+0000] {tiki_extract_dag.py:185} INFO - Extracted page 43/50 - laptop-may-vi-tinh-linh-kien, total items: 22
[2025-03-12T02:06:15.295+0000] {tiki_extract_dag.py:185} INFO - Extracted page 44/50 - laptop-may-vi-tinh-linh-kien, total items: 22
[2025-03-12T02:06:25.569+0000] {tiki_extract_dag.py:185} INFO - Extracted page 45/50 - laptop-may-vi-tinh-linh-kien, total items: 22
[2025-03-12T02:06:35.783+0000] {tiki_extract_dag.py:185} INFO - Extracted page 46/50 - laptop-may-vi-tinh-linh-kien, total items: 22
[2025-03-12T02:06:41.517+0000] {tiki_extract_dag.py:185} INFO - Extracted page 47/50 - laptop-may-vi-tinh-linh-kien, total items: 22
[2025-03-12T02:06:48.802+0000] {tiki_extract_dag.py:185} INFO - Extracted page 48/50 - laptop-may-vi-tinh-linh-kien, total items: 23
[2025-03-12T02:06:56.810+0000] {tiki_extract_dag.py:185} INFO - Extracted page 49/50 - laptop-may-vi-tinh-linh-kien, total items: 23
[2025-03-12T02:07:07.169+0000] {tiki_extract_dag.py:185} INFO - Extracted page 50/50 - laptop-may-vi-tinh-linh-kien, total items: 42
[2025-03-12T02:07:13.413+0000] {tiki_extract_dag.py:152} INFO - Starting crawl for category dien-gia-dung
[2025-03-12T02:07:13.785+0000] {tiki_extract_dag.py:159} INFO - Total pages for dien-gia-dung: 50
[2025-03-12T02:07:14.246+0000] {tiki_extract_dag.py:185} INFO - Extracted page 2/50 - dien-gia-dung, total items: 42
[2025-03-12T02:07:21.814+0000] {tiki_extract_dag.py:185} INFO - Extracted page 3/50 - dien-gia-dung, total items: 43
[2025-03-12T02:07:33.473+0000] {tiki_extract_dag.py:185} INFO - Extracted page 4/50 - dien-gia-dung, total items: 43
[2025-03-12T02:07:41.972+0000] {tiki_extract_dag.py:185} INFO - Extracted page 5/50 - dien-gia-dung, total items: 43
[2025-03-12T02:07:48.616+0000] {tiki_extract_dag.py:185} INFO - Extracted page 6/50 - dien-gia-dung, total items: 43
[2025-03-12T02:07:56.008+0000] {tiki_extract_dag.py:185} INFO - Extracted page 7/50 - dien-gia-dung, total items: 44
[2025-03-12T02:08:06.325+0000] {tiki_extract_dag.py:185} INFO - Extracted page 8/50 - dien-gia-dung, total items: 44
[2025-03-12T02:08:14.226+0000] {tiki_extract_dag.py:185} INFO - Extracted page 9/50 - dien-gia-dung, total items: 44
[2025-03-12T02:08:22.286+0000] {tiki_extract_dag.py:185} INFO - Extracted page 10/50 - dien-gia-dung, total items: 45
[2025-03-12T02:08:28.258+0000] {tiki_extract_dag.py:185} INFO - Extracted page 11/50 - dien-gia-dung, total items: 45
[2025-03-12T02:08:35.316+0000] {tiki_extract_dag.py:185} INFO - Extracted page 12/50 - dien-gia-dung, total items: 45
[2025-03-12T02:08:44.104+0000] {tiki_extract_dag.py:185} INFO - Extracted page 13/50 - dien-gia-dung, total items: 45
[2025-03-12T02:08:49.878+0000] {tiki_extract_dag.py:185} INFO - Extracted page 14/50 - dien-gia-dung, total items: 46
[2025-03-12T02:09:00.259+0000] {tiki_extract_dag.py:185} INFO - Extracted page 15/50 - dien-gia-dung, total items: 46
[2025-03-12T02:09:10.029+0000] {tiki_extract_dag.py:185} INFO - Extracted page 16/50 - dien-gia-dung, total items: 46
[2025-03-12T02:09:17.198+0000] {tiki_extract_dag.py:185} INFO - Extracted page 17/50 - dien-gia-dung, total items: 46
[2025-03-12T02:09:26.522+0000] {tiki_extract_dag.py:185} INFO - Extracted page 18/50 - dien-gia-dung, total items: 46
[2025-03-12T02:09:32.786+0000] {tiki_extract_dag.py:185} INFO - Extracted page 19/50 - dien-gia-dung, total items: 46
[2025-03-12T02:09:40.958+0000] {tiki_extract_dag.py:185} INFO - Extracted page 20/50 - dien-gia-dung, total items: 46
[2025-03-12T02:09:50.202+0000] {tiki_extract_dag.py:185} INFO - Extracted page 21/50 - dien-gia-dung, total items: 46
[2025-03-12T02:10:00.445+0000] {tiki_extract_dag.py:185} INFO - Extracted page 22/50 - dien-gia-dung, total items: 46
[2025-03-12T02:10:10.432+0000] {tiki_extract_dag.py:185} INFO - Extracted page 23/50 - dien-gia-dung, total items: 46
[2025-03-12T02:10:19.397+0000] {tiki_extract_dag.py:185} INFO - Extracted page 24/50 - dien-gia-dung, total items: 46
[2025-03-12T02:10:27.856+0000] {tiki_extract_dag.py:185} INFO - Extracted page 25/50 - dien-gia-dung, total items: 46
[2025-03-12T02:10:34.305+0000] {tiki_extract_dag.py:185} INFO - Extracted page 26/50 - dien-gia-dung, total items: 46
[2025-03-12T02:10:40.901+0000] {tiki_extract_dag.py:185} INFO - Extracted page 27/50 - dien-gia-dung, total items: 46
[2025-03-12T02:10:49.054+0000] {tiki_extract_dag.py:185} INFO - Extracted page 28/50 - dien-gia-dung, total items: 46
[2025-03-12T02:10:55.664+0000] {tiki_extract_dag.py:185} INFO - Extracted page 29/50 - dien-gia-dung, total items: 46
[2025-03-12T02:11:02.922+0000] {tiki_extract_dag.py:185} INFO - Extracted page 30/50 - dien-gia-dung, total items: 46
[2025-03-12T02:11:10.555+0000] {tiki_extract_dag.py:185} INFO - Extracted page 31/50 - dien-gia-dung, total items: 46
[2025-03-12T02:11:16.705+0000] {tiki_extract_dag.py:185} INFO - Extracted page 32/50 - dien-gia-dung, total items: 46
[2025-03-12T02:11:24.643+0000] {tiki_extract_dag.py:185} INFO - Extracted page 33/50 - dien-gia-dung, total items: 46
[2025-03-12T02:11:33.983+0000] {tiki_extract_dag.py:185} INFO - Extracted page 34/50 - dien-gia-dung, total items: 46
[2025-03-12T02:11:43.184+0000] {tiki_extract_dag.py:185} INFO - Extracted page 35/50 - dien-gia-dung, total items: 46
[2025-03-12T02:11:51.801+0000] {tiki_extract_dag.py:185} INFO - Extracted page 36/50 - dien-gia-dung, total items: 46
[2025-03-12T02:11:59.408+0000] {tiki_extract_dag.py:185} INFO - Extracted page 37/50 - dien-gia-dung, total items: 46
[2025-03-12T02:12:08.513+0000] {tiki_extract_dag.py:185} INFO - Extracted page 38/50 - dien-gia-dung, total items: 46
[2025-03-12T02:12:18.330+0000] {tiki_extract_dag.py:185} INFO - Extracted page 39/50 - dien-gia-dung, total items: 46
[2025-03-12T02:12:26.030+0000] {tiki_extract_dag.py:185} INFO - Extracted page 40/50 - dien-gia-dung, total items: 46
[2025-03-12T02:12:32.208+0000] {tiki_extract_dag.py:185} INFO - Extracted page 41/50 - dien-gia-dung, total items: 46
[2025-03-12T02:12:40.450+0000] {tiki_extract_dag.py:185} INFO - Extracted page 42/50 - dien-gia-dung, total items: 46
[2025-03-12T02:12:48.838+0000] {tiki_extract_dag.py:185} INFO - Extracted page 43/50 - dien-gia-dung, total items: 46
[2025-03-12T02:12:59.102+0000] {tiki_extract_dag.py:185} INFO - Extracted page 44/50 - dien-gia-dung, total items: 46
[2025-03-12T02:13:05.417+0000] {tiki_extract_dag.py:185} INFO - Extracted page 45/50 - dien-gia-dung, total items: 46
[2025-03-12T02:13:11.055+0000] {tiki_extract_dag.py:185} INFO - Extracted page 46/50 - dien-gia-dung, total items: 46
[2025-03-12T02:13:18.082+0000] {tiki_extract_dag.py:185} INFO - Extracted page 47/50 - dien-gia-dung, total items: 46
[2025-03-12T02:13:24.814+0000] {tiki_extract_dag.py:185} INFO - Extracted page 48/50 - dien-gia-dung, total items: 46
[2025-03-12T02:13:35.080+0000] {tiki_extract_dag.py:185} INFO - Extracted page 49/50 - dien-gia-dung, total items: 46
[2025-03-12T02:13:44.895+0000] {tiki_extract_dag.py:185} INFO - Extracted page 50/50 - dien-gia-dung, total items: 52
[2025-03-12T02:13:51.466+0000] {tiki_extract_dag.py:152} INFO - Starting crawl for category sach
[2025-03-12T02:13:51.845+0000] {tiki_extract_dag.py:159} INFO - Total pages for sach: 50
[2025-03-12T02:13:52.215+0000] {tiki_extract_dag.py:185} INFO - Extracted page 2/50 - sach, total items: 52
[2025-03-12T02:13:57.792+0000] {tiki_extract_dag.py:185} INFO - Extracted page 3/50 - sach, total items: 52
[2025-03-12T02:14:05.875+0000] {tiki_extract_dag.py:185} INFO - Extracted page 4/50 - sach, total items: 52
[2025-03-12T02:14:13.930+0000] {tiki_extract_dag.py:185} INFO - Extracted page 5/50 - sach, total items: 52
[2025-03-12T02:14:19.744+0000] {tiki_extract_dag.py:185} INFO - Extracted page 6/50 - sach, total items: 52
[2025-03-12T02:14:26.470+0000] {tiki_extract_dag.py:185} INFO - Extracted page 7/50 - sach, total items: 52
[2025-03-12T02:14:32.932+0000] {tiki_extract_dag.py:185} INFO - Extracted page 8/50 - sach, total items: 52
[2025-03-12T02:14:40.506+0000] {tiki_extract_dag.py:185} INFO - Extracted page 9/50 - sach, total items: 53
[2025-03-12T02:14:46.542+0000] {tiki_extract_dag.py:185} INFO - Extracted page 10/50 - sach, total items: 53
[2025-03-12T02:14:56.859+0000] {tiki_extract_dag.py:185} INFO - Extracted page 11/50 - sach, total items: 53
[2025-03-12T02:15:03.165+0000] {tiki_extract_dag.py:185} INFO - Extracted page 12/50 - sach, total items: 53
[2025-03-12T02:15:12.592+0000] {tiki_extract_dag.py:185} INFO - Extracted page 13/50 - sach, total items: 53
[2025-03-12T02:15:19.408+0000] {tiki_extract_dag.py:185} INFO - Extracted page 14/50 - sach, total items: 53
[2025-03-12T02:15:29.574+0000] {tiki_extract_dag.py:185} INFO - Extracted page 15/50 - sach, total items: 53
[2025-03-12T02:15:35.141+0000] {tiki_extract_dag.py:185} INFO - Extracted page 16/50 - sach, total items: 53
[2025-03-12T02:15:45.581+0000] {tiki_extract_dag.py:185} INFO - Extracted page 17/50 - sach, total items: 53
[2025-03-12T02:15:51.990+0000] {tiki_extract_dag.py:185} INFO - Extracted page 18/50 - sach, total items: 53
[2025-03-12T02:15:59.228+0000] {tiki_extract_dag.py:185} INFO - Extracted page 19/50 - sach, total items: 53
[2025-03-12T02:16:06.232+0000] {tiki_extract_dag.py:185} INFO - Extracted page 20/50 - sach, total items: 53
[2025-03-12T02:16:12.452+0000] {tiki_extract_dag.py:185} INFO - Extracted page 21/50 - sach, total items: 53
[2025-03-12T02:16:19.095+0000] {tiki_extract_dag.py:185} INFO - Extracted page 22/50 - sach, total items: 53
[2025-03-12T02:16:25.161+0000] {tiki_extract_dag.py:185} INFO - Extracted page 23/50 - sach, total items: 53
[2025-03-12T02:16:33.838+0000] {tiki_extract_dag.py:185} INFO - Extracted page 24/50 - sach, total items: 53
[2025-03-12T02:16:40.906+0000] {tiki_extract_dag.py:185} INFO - Extracted page 25/50 - sach, total items: 53
[2025-03-12T02:16:49.580+0000] {tiki_extract_dag.py:185} INFO - Extracted page 26/50 - sach, total items: 53
[2025-03-12T02:16:59.756+0000] {tiki_extract_dag.py:185} INFO - Extracted page 27/50 - sach, total items: 53
[2025-03-12T02:17:09.071+0000] {tiki_extract_dag.py:185} INFO - Extracted page 28/50 - sach, total items: 53
[2025-03-12T02:17:15.718+0000] {tiki_extract_dag.py:185} INFO - Extracted page 29/50 - sach, total items: 53
[2025-03-12T02:17:25.209+0000] {tiki_extract_dag.py:185} INFO - Extracted page 30/50 - sach, total items: 54
[2025-03-12T02:17:31.871+0000] {tiki_extract_dag.py:185} INFO - Extracted page 31/50 - sach, total items: 54
[2025-03-12T02:17:39.887+0000] {tiki_extract_dag.py:185} INFO - Extracted page 32/50 - sach, total items: 54
[2025-03-12T02:17:45.863+0000] {tiki_extract_dag.py:185} INFO - Extracted page 33/50 - sach, total items: 54
[2025-03-12T02:17:52.595+0000] {tiki_extract_dag.py:185} INFO - Extracted page 34/50 - sach, total items: 54
[2025-03-12T02:17:58.118+0000] {tiki_extract_dag.py:185} INFO - Extracted page 35/50 - sach, total items: 54
[2025-03-12T02:18:04.154+0000] {tiki_extract_dag.py:185} INFO - Extracted page 36/50 - sach, total items: 54
[2025-03-12T02:18:14.917+0000] {tiki_extract_dag.py:185} INFO - Extracted page 37/50 - sach, total items: 54
[2025-03-12T02:18:20.833+0000] {tiki_extract_dag.py:185} INFO - Extracted page 38/50 - sach, total items: 54
[2025-03-12T02:18:27.849+0000] {tiki_extract_dag.py:185} INFO - Extracted page 39/50 - sach, total items: 55
[2025-03-12T02:18:35.034+0000] {tiki_extract_dag.py:185} INFO - Extracted page 40/50 - sach, total items: 55
[2025-03-12T02:18:44.201+0000] {tiki_extract_dag.py:185} INFO - Extracted page 41/50 - sach, total items: 55
[2025-03-12T02:18:49.982+0000] {tiki_extract_dag.py:185} INFO - Extracted page 42/50 - sach, total items: 55
[2025-03-12T02:18:58.876+0000] {tiki_extract_dag.py:185} INFO - Extracted page 43/50 - sach, total items: 55
[2025-03-12T02:19:07.890+0000] {tiki_extract_dag.py:185} INFO - Extracted page 44/50 - sach, total items: 55
[2025-03-12T02:19:15.355+0000] {tiki_extract_dag.py:185} INFO - Extracted page 45/50 - sach, total items: 55
[2025-03-12T02:19:23.948+0000] {tiki_extract_dag.py:185} INFO - Extracted page 46/50 - sach, total items: 55
[2025-03-12T02:19:34.356+0000] {tiki_extract_dag.py:185} INFO - Extracted page 47/50 - sach, total items: 55
[2025-03-12T02:19:42.310+0000] {tiki_extract_dag.py:185} INFO - Extracted page 48/50 - sach, total items: 55
[2025-03-12T02:19:49.936+0000] {tiki_extract_dag.py:185} INFO - Extracted page 49/50 - sach, total items: 55
[2025-03-12T02:19:55.868+0000] {tiki_extract_dag.py:185} INFO - Extracted page 50/50 - sach, total items: 57
[2025-03-12T02:20:03.583+0000] {tiki_extract_dag.py:152} INFO - Starting crawl for category thiet-bi-kts-phu-kien-so
[2025-03-12T02:20:04.085+0000] {tiki_extract_dag.py:159} INFO - Total pages for thiet-bi-kts-phu-kien-so: 50
[2025-03-12T02:20:04.472+0000] {tiki_extract_dag.py:185} INFO - Extracted page 2/50 - thiet-bi-kts-phu-kien-so, total items: 57
[2025-03-12T02:20:10.454+0000] {tiki_extract_dag.py:185} INFO - Extracted page 3/50 - thiet-bi-kts-phu-kien-so, total items: 57
[2025-03-12T02:20:18.663+0000] {tiki_extract_dag.py:185} INFO - Extracted page 4/50 - thiet-bi-kts-phu-kien-so, total items: 57
[2025-03-12T02:20:25.411+0000] {tiki_extract_dag.py:185} INFO - Extracted page 5/50 - thiet-bi-kts-phu-kien-so, total items: 57
[2025-03-12T02:20:31.517+0000] {tiki_extract_dag.py:185} INFO - Extracted page 6/50 - thiet-bi-kts-phu-kien-so, total items: 58
[2025-03-12T02:20:38.074+0000] {tiki_extract_dag.py:185} INFO - Extracted page 7/50 - thiet-bi-kts-phu-kien-so, total items: 58
[2025-03-12T02:20:45.647+0000] {tiki_extract_dag.py:185} INFO - Extracted page 8/50 - thiet-bi-kts-phu-kien-so, total items: 58
[2025-03-12T02:20:55.325+0000] {tiki_extract_dag.py:185} INFO - Extracted page 9/50 - thiet-bi-kts-phu-kien-so, total items: 58
[2025-03-12T02:21:05.210+0000] {tiki_extract_dag.py:185} INFO - Extracted page 10/50 - thiet-bi-kts-phu-kien-so, total items: 58
[2025-03-12T02:21:12.578+0000] {tiki_extract_dag.py:185} INFO - Extracted page 11/50 - thiet-bi-kts-phu-kien-so, total items: 60
[2025-03-12T02:21:19.870+0000] {tiki_extract_dag.py:185} INFO - Extracted page 12/50 - thiet-bi-kts-phu-kien-so, total items: 61
[2025-03-12T02:21:27.156+0000] {tiki_extract_dag.py:185} INFO - Extracted page 13/50 - thiet-bi-kts-phu-kien-so, total items: 61
[2025-03-12T02:21:35.793+0000] {tiki_extract_dag.py:185} INFO - Extracted page 14/50 - thiet-bi-kts-phu-kien-so, total items: 61
[2025-03-12T02:21:45.595+0000] {tiki_extract_dag.py:185} INFO - Extracted page 15/50 - thiet-bi-kts-phu-kien-so, total items: 61
[2025-03-12T02:21:54.790+0000] {tiki_extract_dag.py:185} INFO - Extracted page 16/50 - thiet-bi-kts-phu-kien-so, total items: 62
[2025-03-12T02:22:03.176+0000] {tiki_extract_dag.py:185} INFO - Extracted page 17/50 - thiet-bi-kts-phu-kien-so, total items: 62
[2025-03-12T02:22:12.212+0000] {tiki_extract_dag.py:185} INFO - Extracted page 18/50 - thiet-bi-kts-phu-kien-so, total items: 64
[2025-03-12T02:22:21.090+0000] {tiki_extract_dag.py:185} INFO - Extracted page 19/50 - thiet-bi-kts-phu-kien-so, total items: 66
[2025-03-12T02:22:30.135+0000] {tiki_extract_dag.py:185} INFO - Extracted page 20/50 - thiet-bi-kts-phu-kien-so, total items: 67
[2025-03-12T02:22:38.634+0000] {tiki_extract_dag.py:185} INFO - Extracted page 21/50 - thiet-bi-kts-phu-kien-so, total items: 68
[2025-03-12T02:22:49.143+0000] {tiki_extract_dag.py:185} INFO - Extracted page 22/50 - thiet-bi-kts-phu-kien-so, total items: 69
[2025-03-12T02:22:55.668+0000] {tiki_extract_dag.py:185} INFO - Extracted page 23/50 - thiet-bi-kts-phu-kien-so, total items: 71
[2025-03-12T02:23:05.098+0000] {tiki_extract_dag.py:185} INFO - Extracted page 24/50 - thiet-bi-kts-phu-kien-so, total items: 71
[2025-03-12T02:23:11.872+0000] {tiki_extract_dag.py:185} INFO - Extracted page 25/50 - thiet-bi-kts-phu-kien-so, total items: 77
[2025-03-12T02:23:19.864+0000] {tiki_extract_dag.py:185} INFO - Extracted page 26/50 - thiet-bi-kts-phu-kien-so, total items: 79
[2025-03-12T02:23:25.914+0000] {tiki_extract_dag.py:185} INFO - Extracted page 27/50 - thiet-bi-kts-phu-kien-so, total items: 80
[2025-03-12T02:23:31.544+0000] {tiki_extract_dag.py:185} INFO - Extracted page 28/50 - thiet-bi-kts-phu-kien-so, total items: 80
[2025-03-12T02:23:41.990+0000] {tiki_extract_dag.py:185} INFO - Extracted page 29/50 - thiet-bi-kts-phu-kien-so, total items: 80
[2025-03-12T02:23:47.943+0000] {tiki_extract_dag.py:185} INFO - Extracted page 30/50 - thiet-bi-kts-phu-kien-so, total items: 80
[2025-03-12T02:23:58.295+0000] {tiki_extract_dag.py:185} INFO - Extracted page 31/50 - thiet-bi-kts-phu-kien-so, total items: 82
[2025-03-12T02:24:06.592+0000] {tiki_extract_dag.py:185} INFO - Extracted page 32/50 - thiet-bi-kts-phu-kien-so, total items: 82
[2025-03-12T02:24:14.525+0000] {tiki_extract_dag.py:185} INFO - Extracted page 33/50 - thiet-bi-kts-phu-kien-so, total items: 84
[2025-03-12T02:24:20.772+0000] {tiki_extract_dag.py:185} INFO - Extracted page 34/50 - thiet-bi-kts-phu-kien-so, total items: 84
[2025-03-12T02:24:26.434+0000] {tiki_extract_dag.py:185} INFO - Extracted page 35/50 - thiet-bi-kts-phu-kien-so, total items: 84
[2025-03-12T02:24:36.821+0000] {tiki_extract_dag.py:185} INFO - Extracted page 36/50 - thiet-bi-kts-phu-kien-so, total items: 84
[2025-03-12T02:24:46.348+0000] {tiki_extract_dag.py:185} INFO - Extracted page 37/50 - thiet-bi-kts-phu-kien-so, total items: 86
[2025-03-12T02:24:52.048+0000] {tiki_extract_dag.py:185} INFO - Extracted page 38/50 - thiet-bi-kts-phu-kien-so, total items: 86
[2025-03-12T02:24:57.807+0000] {tiki_extract_dag.py:185} INFO - Extracted page 39/50 - thiet-bi-kts-phu-kien-so, total items: 86
[2025-03-12T02:25:04.119+0000] {tiki_extract_dag.py:185} INFO - Extracted page 40/50 - thiet-bi-kts-phu-kien-so, total items: 87
[2025-03-12T02:25:11.993+0000] {tiki_extract_dag.py:185} INFO - Extracted page 41/50 - thiet-bi-kts-phu-kien-so, total items: 89
[2025-03-12T02:25:17.887+0000] {tiki_extract_dag.py:185} INFO - Extracted page 42/50 - thiet-bi-kts-phu-kien-so, total items: 92
[2025-03-12T02:25:24.987+0000] {tiki_extract_dag.py:185} INFO - Extracted page 43/50 - thiet-bi-kts-phu-kien-so, total items: 92
[2025-03-12T02:25:32.135+0000] {tiki_extract_dag.py:185} INFO - Extracted page 44/50 - thiet-bi-kts-phu-kien-so, total items: 93
[2025-03-12T02:25:38.358+0000] {tiki_extract_dag.py:185} INFO - Extracted page 45/50 - thiet-bi-kts-phu-kien-so, total items: 93
[2025-03-12T02:25:45.994+0000] {tiki_extract_dag.py:185} INFO - Extracted page 46/50 - thiet-bi-kts-phu-kien-so, total items: 93
[2025-03-12T02:25:53.980+0000] {tiki_extract_dag.py:185} INFO - Extracted page 47/50 - thiet-bi-kts-phu-kien-so, total items: 93
[2025-03-12T02:26:02.890+0000] {tiki_extract_dag.py:185} INFO - Extracted page 48/50 - thiet-bi-kts-phu-kien-so, total items: 94
[2025-03-12T02:26:12.404+0000] {tiki_extract_dag.py:185} INFO - Extracted page 49/50 - thiet-bi-kts-phu-kien-so, total items: 95
[2025-03-12T02:26:19.786+0000] {tiki_extract_dag.py:185} INFO - Extracted page 50/50 - thiet-bi-kts-phu-kien-so, total items: 108
[2025-03-12T02:26:28.678+0000] {tiki_extract_dag.py:152} INFO - Starting crawl for category thoi-trang-nu
[2025-03-12T02:26:29.166+0000] {tiki_extract_dag.py:159} INFO - Total pages for thoi-trang-nu: 50
[2025-03-12T02:26:29.717+0000] {tiki_extract_dag.py:185} INFO - Extracted page 2/50 - thoi-trang-nu, total items: 111
[2025-03-12T02:26:36.576+0000] {tiki_extract_dag.py:185} INFO - Extracted page 3/50 - thoi-trang-nu, total items: 113
[2025-03-12T02:26:42.111+0000] {tiki_extract_dag.py:185} INFO - Extracted page 4/50 - thoi-trang-nu, total items: 116
[2025-03-12T02:26:49.746+0000] {tiki_extract_dag.py:185} INFO - Extracted page 5/50 - thoi-trang-nu, total items: 117
[2025-03-12T02:26:59.831+0000] {tiki_extract_dag.py:185} INFO - Extracted page 6/50 - thoi-trang-nu, total items: 117
[2025-03-12T02:27:10.221+0000] {tiki_extract_dag.py:185} INFO - Extracted page 7/50 - thoi-trang-nu, total items: 117
[2025-03-12T02:27:17.027+0000] {tiki_extract_dag.py:185} INFO - Extracted page 8/50 - thoi-trang-nu, total items: 117
[2025-03-12T02:27:22.723+0000] {tiki_extract_dag.py:185} INFO - Extracted page 9/50 - thoi-trang-nu, total items: 117
[2025-03-12T02:27:33.107+0000] {tiki_extract_dag.py:185} INFO - Extracted page 10/50 - thoi-trang-nu, total items: 118
[2025-03-12T02:27:41.496+0000] {tiki_extract_dag.py:185} INFO - Extracted page 11/50 - thoi-trang-nu, total items: 118
[2025-03-12T02:27:48.289+0000] {tiki_extract_dag.py:185} INFO - Extracted page 12/50 - thoi-trang-nu, total items: 118
[2025-03-12T02:27:56.631+0000] {tiki_extract_dag.py:185} INFO - Extracted page 13/50 - thoi-trang-nu, total items: 118
[2025-03-12T02:28:06.894+0000] {tiki_extract_dag.py:185} INFO - Extracted page 14/50 - thoi-trang-nu, total items: 118
[2025-03-12T02:28:14.968+0000] {tiki_extract_dag.py:185} INFO - Extracted page 15/50 - thoi-trang-nu, total items: 118
[2025-03-12T02:28:21.217+0000] {tiki_extract_dag.py:185} INFO - Extracted page 16/50 - thoi-trang-nu, total items: 118
[2025-03-12T02:28:29.222+0000] {tiki_extract_dag.py:185} INFO - Extracted page 17/50 - thoi-trang-nu, total items: 118
[2025-03-12T02:28:39.804+0000] {tiki_extract_dag.py:185} INFO - Extracted page 18/50 - thoi-trang-nu, total items: 118
[2025-03-12T02:28:48.481+0000] {tiki_extract_dag.py:185} INFO - Extracted page 19/50 - thoi-trang-nu, total items: 118
[2025-03-12T02:28:56.470+0000] {tiki_extract_dag.py:185} INFO - Extracted page 20/50 - thoi-trang-nu, total items: 119
[2025-03-12T02:29:05.701+0000] {tiki_extract_dag.py:185} INFO - Extracted page 21/50 - thoi-trang-nu, total items: 119
[2025-03-12T02:29:14.886+0000] {tiki_extract_dag.py:185} INFO - Extracted page 22/50 - thoi-trang-nu, total items: 119
[2025-03-12T02:29:22.373+0000] {tiki_extract_dag.py:185} INFO - Extracted page 23/50 - thoi-trang-nu, total items: 119
[2025-03-12T02:29:29.556+0000] {tiki_extract_dag.py:185} INFO - Extracted page 24/50 - thoi-trang-nu, total items: 119
[2025-03-12T02:29:38.216+0000] {tiki_extract_dag.py:185} INFO - Extracted page 25/50 - thoi-trang-nu, total items: 119
[2025-03-12T02:29:46.218+0000] {tiki_extract_dag.py:185} INFO - Extracted page 26/50 - thoi-trang-nu, total items: 120
[2025-03-12T02:29:54.269+0000] {tiki_extract_dag.py:185} INFO - Extracted page 27/50 - thoi-trang-nu, total items: 120
[2025-03-12T02:30:04.752+0000] {tiki_extract_dag.py:185} INFO - Extracted page 28/50 - thoi-trang-nu, total items: 120
[2025-03-12T02:30:14.095+0000] {tiki_extract_dag.py:185} INFO - Extracted page 29/50 - thoi-trang-nu, total items: 120
[2025-03-12T02:30:23.306+0000] {tiki_extract_dag.py:185} INFO - Extracted page 30/50 - thoi-trang-nu, total items: 120
[2025-03-12T02:30:31.416+0000] {tiki_extract_dag.py:185} INFO - Extracted page 31/50 - thoi-trang-nu, total items: 120
[2025-03-12T02:30:40.364+0000] {tiki_extract_dag.py:185} INFO - Extracted page 32/50 - thoi-trang-nu, total items: 120
[2025-03-12T02:30:47.045+0000] {tiki_extract_dag.py:185} INFO - Extracted page 33/50 - thoi-trang-nu, total items: 120
[2025-03-12T02:30:53.190+0000] {tiki_extract_dag.py:185} INFO - Extracted page 34/50 - thoi-trang-nu, total items: 120
[2025-03-12T02:31:03.354+0000] {tiki_extract_dag.py:185} INFO - Extracted page 35/50 - thoi-trang-nu, total items: 120
[2025-03-12T02:31:10.245+0000] {tiki_extract_dag.py:185} INFO - Extracted page 36/50 - thoi-trang-nu, total items: 120
[2025-03-12T02:31:20.616+0000] {tiki_extract_dag.py:185} INFO - Extracted page 37/50 - thoi-trang-nu, total items: 120
[2025-03-12T02:31:28.420+0000] {tiki_extract_dag.py:185} INFO - Extracted page 38/50 - thoi-trang-nu, total items: 120
[2025-03-12T02:31:38.256+0000] {tiki_extract_dag.py:185} INFO - Extracted page 39/50 - thoi-trang-nu, total items: 120
[2025-03-12T02:31:49.008+0000] {tiki_extract_dag.py:185} INFO - Extracted page 40/50 - thoi-trang-nu, total items: 120
[2025-03-12T02:31:57.740+0000] {tiki_extract_dag.py:185} INFO - Extracted page 41/50 - thoi-trang-nu, total items: 120
[2025-03-12T02:32:04.992+0000] {tiki_extract_dag.py:185} INFO - Extracted page 42/50 - thoi-trang-nu, total items: 120
[2025-03-12T02:32:12.798+0000] {tiki_extract_dag.py:185} INFO - Extracted page 43/50 - thoi-trang-nu, total items: 120
[2025-03-12T02:32:19.861+0000] {tiki_extract_dag.py:185} INFO - Extracted page 44/50 - thoi-trang-nu, total items: 120
[2025-03-12T02:32:27.001+0000] {tiki_extract_dag.py:185} INFO - Extracted page 45/50 - thoi-trang-nu, total items: 120
[2025-03-12T02:32:33.656+0000] {tiki_extract_dag.py:185} INFO - Extracted page 46/50 - thoi-trang-nu, total items: 120
[2025-03-12T02:32:40.211+0000] {tiki_extract_dag.py:185} INFO - Extracted page 47/50 - thoi-trang-nu, total items: 120
[2025-03-12T02:32:46.350+0000] {tiki_extract_dag.py:185} INFO - Extracted page 48/50 - thoi-trang-nu, total items: 121
[2025-03-12T02:32:52.492+0000] {tiki_extract_dag.py:185} INFO - Extracted page 49/50 - thoi-trang-nu, total items: 121
[2025-03-12T02:33:02.644+0000] {tiki_extract_dag.py:185} INFO - Extracted page 50/50 - thoi-trang-nu, total items: 121
[2025-03-12T02:33:10.136+0000] {tiki_extract_dag.py:152} INFO - Starting crawl for category thoi-trang-nam
[2025-03-12T02:33:10.634+0000] {tiki_extract_dag.py:159} INFO - Total pages for thoi-trang-nam: 50
[2025-03-12T02:33:11.074+0000] {tiki_extract_dag.py:185} INFO - Extracted page 2/50 - thoi-trang-nam, total items: 121
[2025-03-12T02:33:16.702+0000] {tiki_extract_dag.py:185} INFO - Extracted page 3/50 - thoi-trang-nam, total items: 121
[2025-03-12T02:33:26.918+0000] {tiki_extract_dag.py:185} INFO - Extracted page 4/50 - thoi-trang-nam, total items: 121
[2025-03-12T02:33:34.177+0000] {tiki_extract_dag.py:185} INFO - Extracted page 5/50 - thoi-trang-nam, total items: 121
[2025-03-12T02:33:41.075+0000] {tiki_extract_dag.py:185} INFO - Extracted page 6/50 - thoi-trang-nam, total items: 121
[2025-03-12T02:33:48.299+0000] {tiki_extract_dag.py:185} INFO - Extracted page 7/50 - thoi-trang-nam, total items: 121
[2025-03-12T02:33:54.631+0000] {tiki_extract_dag.py:185} INFO - Extracted page 8/50 - thoi-trang-nam, total items: 121
[2025-03-12T02:34:02.252+0000] {tiki_extract_dag.py:185} INFO - Extracted page 9/50 - thoi-trang-nam, total items: 121
[2025-03-12T02:34:07.905+0000] {tiki_extract_dag.py:185} INFO - Extracted page 10/50 - thoi-trang-nam, total items: 121
[2025-03-12T02:34:14.650+0000] {tiki_extract_dag.py:185} INFO - Extracted page 11/50 - thoi-trang-nam, total items: 121
[2025-03-12T02:34:20.632+0000] {tiki_extract_dag.py:185} INFO - Extracted page 12/50 - thoi-trang-nam, total items: 121
[2025-03-12T02:34:29.262+0000] {tiki_extract_dag.py:185} INFO - Extracted page 13/50 - thoi-trang-nam, total items: 121
[2025-03-12T02:34:38.417+0000] {tiki_extract_dag.py:185} INFO - Extracted page 14/50 - thoi-trang-nam, total items: 121
[2025-03-12T02:34:44.249+0000] {tiki_extract_dag.py:185} INFO - Extracted page 15/50 - thoi-trang-nam, total items: 121
[2025-03-12T02:34:51.816+0000] {tiki_extract_dag.py:185} INFO - Extracted page 16/50 - thoi-trang-nam, total items: 121
[2025-03-12T02:34:59.465+0000] {tiki_extract_dag.py:185} INFO - Extracted page 17/50 - thoi-trang-nam, total items: 121
[2025-03-12T02:35:07.876+0000] {tiki_extract_dag.py:185} INFO - Extracted page 18/50 - thoi-trang-nam, total items: 121
[2025-03-12T02:35:14.998+0000] {tiki_extract_dag.py:185} INFO - Extracted page 19/50 - thoi-trang-nam, total items: 121
[2025-03-12T02:35:22.450+0000] {tiki_extract_dag.py:185} INFO - Extracted page 20/50 - thoi-trang-nam, total items: 121
[2025-03-12T02:35:32.264+0000] {tiki_extract_dag.py:185} INFO - Extracted page 21/50 - thoi-trang-nam, total items: 121
[2025-03-12T02:35:42.785+0000] {tiki_extract_dag.py:185} INFO - Extracted page 22/50 - thoi-trang-nam, total items: 122
[2025-03-12T02:35:50.509+0000] {tiki_extract_dag.py:185} INFO - Extracted page 23/50 - thoi-trang-nam, total items: 122
[2025-03-12T02:35:58.410+0000] {tiki_extract_dag.py:185} INFO - Extracted page 24/50 - thoi-trang-nam, total items: 122
[2025-03-12T02:36:05.897+0000] {tiki_extract_dag.py:185} INFO - Extracted page 25/50 - thoi-trang-nam, total items: 122
[2025-03-12T02:36:12.849+0000] {tiki_extract_dag.py:185} INFO - Extracted page 26/50 - thoi-trang-nam, total items: 122
[2025-03-12T02:36:18.705+0000] {tiki_extract_dag.py:185} INFO - Extracted page 27/50 - thoi-trang-nam, total items: 122
[2025-03-12T02:36:25.795+0000] {tiki_extract_dag.py:185} INFO - Extracted page 28/50 - thoi-trang-nam, total items: 122
[2025-03-12T02:36:33.890+0000] {tiki_extract_dag.py:185} INFO - Extracted page 29/50 - thoi-trang-nam, total items: 123
[2025-03-12T02:36:39.511+0000] {tiki_extract_dag.py:185} INFO - Extracted page 30/50 - thoi-trang-nam, total items: 123
[2025-03-12T02:36:49.906+0000] {tiki_extract_dag.py:185} INFO - Extracted page 31/50 - thoi-trang-nam, total items: 123
[2025-03-12T02:36:56.035+0000] {tiki_extract_dag.py:185} INFO - Extracted page 32/50 - thoi-trang-nam, total items: 123
[2025-03-12T02:37:04.408+0000] {tiki_extract_dag.py:185} INFO - Extracted page 33/50 - thoi-trang-nam, total items: 123
[2025-03-12T02:37:13.954+0000] {tiki_extract_dag.py:185} INFO - Extracted page 34/50 - thoi-trang-nam, total items: 123
[2025-03-12T02:37:20.716+0000] {tiki_extract_dag.py:185} INFO - Extracted page 35/50 - thoi-trang-nam, total items: 123
[2025-03-12T02:37:27.237+0000] {tiki_extract_dag.py:185} INFO - Extracted page 36/50 - thoi-trang-nam, total items: 123
[2025-03-12T02:37:37.173+0000] {tiki_extract_dag.py:185} INFO - Extracted page 37/50 - thoi-trang-nam, total items: 123
[2025-03-12T02:37:46.794+0000] {tiki_extract_dag.py:185} INFO - Extracted page 38/50 - thoi-trang-nam, total items: 123
[2025-03-12T02:37:52.960+0000] {tiki_extract_dag.py:185} INFO - Extracted page 39/50 - thoi-trang-nam, total items: 123
[2025-03-12T02:38:02.853+0000] {tiki_extract_dag.py:185} INFO - Extracted page 40/50 - thoi-trang-nam, total items: 124
[2025-03-12T02:38:11.421+0000] {tiki_extract_dag.py:185} INFO - Extracted page 41/50 - thoi-trang-nam, total items: 124
[2025-03-12T02:38:19.554+0000] {tiki_extract_dag.py:185} INFO - Extracted page 42/50 - thoi-trang-nam, total items: 124
[2025-03-12T02:38:29.049+0000] {tiki_extract_dag.py:185} INFO - Extracted page 43/50 - thoi-trang-nam, total items: 124
[2025-03-12T02:38:37.023+0000] {tiki_extract_dag.py:185} INFO - Extracted page 44/50 - thoi-trang-nam, total items: 124
[2025-03-12T02:38:44.205+0000] {tiki_extract_dag.py:185} INFO - Extracted page 45/50 - thoi-trang-nam, total items: 124
[2025-03-12T02:38:52.137+0000] {tiki_extract_dag.py:185} INFO - Extracted page 46/50 - thoi-trang-nam, total items: 124
[2025-03-12T02:38:59.084+0000] {tiki_extract_dag.py:185} INFO - Extracted page 47/50 - thoi-trang-nam, total items: 124
[2025-03-12T02:39:06.470+0000] {tiki_extract_dag.py:185} INFO - Extracted page 48/50 - thoi-trang-nam, total items: 124
[2025-03-12T02:39:12.112+0000] {tiki_extract_dag.py:185} INFO - Extracted page 49/50 - thoi-trang-nam, total items: 124
[2025-03-12T02:39:20.127+0000] {tiki_extract_dag.py:185} INFO - Extracted page 50/50 - thoi-trang-nam, total items: 124
[2025-03-12T02:39:26.036+0000] {tiki_extract_dag.py:152} INFO - Starting crawl for category dong-ho-va-trang-suc
[2025-03-12T02:39:26.738+0000] {tiki_extract_dag.py:159} INFO - Total pages for dong-ho-va-trang-suc: 50
[2025-03-12T02:39:27.230+0000] {tiki_extract_dag.py:185} INFO - Extracted page 2/50 - dong-ho-va-trang-suc, total items: 125
[2025-03-12T02:39:36.921+0000] {tiki_extract_dag.py:185} INFO - Extracted page 3/50 - dong-ho-va-trang-suc, total items: 126
[2025-03-12T02:39:44.589+0000] {tiki_extract_dag.py:185} INFO - Extracted page 4/50 - dong-ho-va-trang-suc, total items: 127
[2025-03-12T02:39:54.391+0000] {tiki_extract_dag.py:185} INFO - Extracted page 5/50 - dong-ho-va-trang-suc, total items: 128
[2025-03-12T02:40:02.628+0000] {tiki_extract_dag.py:185} INFO - Extracted page 6/50 - dong-ho-va-trang-suc, total items: 128
[2025-03-12T02:40:11.620+0000] {tiki_extract_dag.py:185} INFO - Extracted page 7/50 - dong-ho-va-trang-suc, total items: 138
[2025-03-12T02:40:19.417+0000] {tiki_extract_dag.py:185} INFO - Extracted page 8/50 - dong-ho-va-trang-suc, total items: 138
[2025-03-12T02:40:26.389+0000] {tiki_extract_dag.py:185} INFO - Extracted page 9/50 - dong-ho-va-trang-suc, total items: 139
[2025-03-12T02:40:32.523+0000] {tiki_extract_dag.py:185} INFO - Extracted page 10/50 - dong-ho-va-trang-suc, total items: 142
[2025-03-12T02:40:38.243+0000] {tiki_extract_dag.py:185} INFO - Extracted page 11/50 - dong-ho-va-trang-suc, total items: 143
[2025-03-12T02:40:44.953+0000] {tiki_extract_dag.py:185} INFO - Extracted page 12/50 - dong-ho-va-trang-suc, total items: 144
[2025-03-12T02:40:55.237+0000] {tiki_extract_dag.py:185} INFO - Extracted page 13/50 - dong-ho-va-trang-suc, total items: 144
[2025-03-12T02:41:01.623+0000] {tiki_extract_dag.py:185} INFO - Extracted page 14/50 - dong-ho-va-trang-suc, total items: 145
[2025-03-12T02:41:11.834+0000] {tiki_extract_dag.py:185} INFO - Extracted page 15/50 - dong-ho-va-trang-suc, total items: 146
[2025-03-12T02:41:19.096+0000] {tiki_extract_dag.py:185} INFO - Extracted page 16/50 - dong-ho-va-trang-suc, total items: 148
[2025-03-12T02:41:25.717+0000] {tiki_extract_dag.py:185} INFO - Extracted page 17/50 - dong-ho-va-trang-suc, total items: 154
[2025-03-12T02:41:33.312+0000] {tiki_extract_dag.py:185} INFO - Extracted page 18/50 - dong-ho-va-trang-suc, total items: 155
[2025-03-12T02:41:39.871+0000] {tiki_extract_dag.py:185} INFO - Extracted page 19/50 - dong-ho-va-trang-suc, total items: 160
[2025-03-12T02:41:46.342+0000] {tiki_extract_dag.py:185} INFO - Extracted page 20/50 - dong-ho-va-trang-suc, total items: 163
[2025-03-12T02:41:56.139+0000] {tiki_extract_dag.py:185} INFO - Extracted page 21/50 - dong-ho-va-trang-suc, total items: 165
[2025-03-12T02:42:02.278+0000] {tiki_extract_dag.py:185} INFO - Extracted page 22/50 - dong-ho-va-trang-suc, total items: 170
[2025-03-12T02:42:10.418+0000] {tiki_extract_dag.py:185} INFO - Extracted page 23/50 - dong-ho-va-trang-suc, total items: 172
[2025-03-12T02:42:20.167+0000] {tiki_extract_dag.py:185} INFO - Extracted page 24/50 - dong-ho-va-trang-suc, total items: 175
[2025-03-12T02:42:30.508+0000] {tiki_extract_dag.py:185} INFO - Extracted page 25/50 - dong-ho-va-trang-suc, total items: 178
[2025-03-12T02:42:38.487+0000] {tiki_extract_dag.py:185} INFO - Extracted page 26/50 - dong-ho-va-trang-suc, total items: 181
[2025-03-12T02:42:44.072+0000] {tiki_extract_dag.py:185} INFO - Extracted page 27/50 - dong-ho-va-trang-suc, total items: 185
[2025-03-12T02:42:54.148+0000] {tiki_extract_dag.py:185} INFO - Extracted page 28/50 - dong-ho-va-trang-suc, total items: 187
[2025-03-12T02:43:03.616+0000] {tiki_extract_dag.py:185} INFO - Extracted page 29/50 - dong-ho-va-trang-suc, total items: 188
[2025-03-12T02:43:13.511+0000] {tiki_extract_dag.py:185} INFO - Extracted page 30/50 - dong-ho-va-trang-suc, total items: 189
[2025-03-12T02:43:24.103+0000] {tiki_extract_dag.py:185} INFO - Extracted page 31/50 - dong-ho-va-trang-suc, total items: 190
[2025-03-12T02:43:34.331+0000] {tiki_extract_dag.py:185} INFO - Extracted page 32/50 - dong-ho-va-trang-suc, total items: 191
[2025-03-12T02:43:40.915+0000] {tiki_extract_dag.py:185} INFO - Extracted page 33/50 - dong-ho-va-trang-suc, total items: 191
[2025-03-12T02:43:47.202+0000] {tiki_extract_dag.py:185} INFO - Extracted page 34/50 - dong-ho-va-trang-suc, total items: 193
[2025-03-12T02:43:54.427+0000] {tiki_extract_dag.py:185} INFO - Extracted page 35/50 - dong-ho-va-trang-suc, total items: 196
[2025-03-12T02:44:01.946+0000] {tiki_extract_dag.py:185} INFO - Extracted page 36/50 - dong-ho-va-trang-suc, total items: 198
[2025-03-12T02:44:08.140+0000] {tiki_extract_dag.py:185} INFO - Extracted page 37/50 - dong-ho-va-trang-suc, total items: 201
[2025-03-12T02:44:15.943+0000] {tiki_extract_dag.py:185} INFO - Extracted page 38/50 - dong-ho-va-trang-suc, total items: 205
[2025-03-12T02:44:23.635+0000] {tiki_extract_dag.py:185} INFO - Extracted page 39/50 - dong-ho-va-trang-suc, total items: 209
[2025-03-12T02:44:30.675+0000] {tiki_extract_dag.py:185} INFO - Extracted page 40/50 - dong-ho-va-trang-suc, total items: 212
[2025-03-12T02:44:40.030+0000] {tiki_extract_dag.py:185} INFO - Extracted page 41/50 - dong-ho-va-trang-suc, total items: 214
[2025-03-12T02:44:49.700+0000] {tiki_extract_dag.py:185} INFO - Extracted page 42/50 - dong-ho-va-trang-suc, total items: 217
[2025-03-12T02:45:00.081+0000] {tiki_extract_dag.py:185} INFO - Extracted page 43/50 - dong-ho-va-trang-suc, total items: 220
[2025-03-12T02:45:08.150+0000] {tiki_extract_dag.py:185} INFO - Extracted page 44/50 - dong-ho-va-trang-suc, total items: 222
[2025-03-12T02:45:16.654+0000] {tiki_extract_dag.py:185} INFO - Extracted page 45/50 - dong-ho-va-trang-suc, total items: 223
[2025-03-12T02:45:26.238+0000] {tiki_extract_dag.py:185} INFO - Extracted page 46/50 - dong-ho-va-trang-suc, total items: 223
[2025-03-12T02:45:33.826+0000] {tiki_extract_dag.py:185} INFO - Extracted page 47/50 - dong-ho-va-trang-suc, total items: 223
[2025-03-12T02:45:41.905+0000] {tiki_extract_dag.py:185} INFO - Extracted page 48/50 - dong-ho-va-trang-suc, total items: 224
[2025-03-12T02:45:50.168+0000] {tiki_extract_dag.py:185} INFO - Extracted page 49/50 - dong-ho-va-trang-suc, total items: 225
[2025-03-12T02:46:00.113+0000] {tiki_extract_dag.py:185} INFO - Extracted page 50/50 - dong-ho-va-trang-suc, total items: 228
[2025-03-12T02:46:07.511+0000] {tiki_extract_dag.py:152} INFO - Starting crawl for category dien-tu-dien-lanh
[2025-03-12T02:46:08.101+0000] {tiki_extract_dag.py:159} INFO - Total pages for dien-tu-dien-lanh: 50
[2025-03-12T02:46:08.579+0000] {tiki_extract_dag.py:185} INFO - Extracted page 2/50 - dien-tu-dien-lanh, total items: 229
[2025-03-12T02:46:18.321+0000] {tiki_extract_dag.py:185} INFO - Extracted page 3/50 - dien-tu-dien-lanh, total items: 229
[2025-03-12T02:46:25.003+0000] {tiki_extract_dag.py:185} INFO - Extracted page 4/50 - dien-tu-dien-lanh, total items: 229
[2025-03-12T02:46:34.819+0000] {tiki_extract_dag.py:185} INFO - Extracted page 5/50 - dien-tu-dien-lanh, total items: 229
[2025-03-12T02:46:40.925+0000] {tiki_extract_dag.py:185} INFO - Extracted page 6/50 - dien-tu-dien-lanh, total items: 229
[2025-03-12T02:46:47.290+0000] {tiki_extract_dag.py:185} INFO - Extracted page 7/50 - dien-tu-dien-lanh, total items: 229
[2025-03-12T02:46:53.522+0000] {tiki_extract_dag.py:185} INFO - Extracted page 8/50 - dien-tu-dien-lanh, total items: 229
[2025-03-12T02:46:59.852+0000] {tiki_extract_dag.py:185} INFO - Extracted page 9/50 - dien-tu-dien-lanh, total items: 229
[2025-03-12T02:47:09.824+0000] {tiki_extract_dag.py:185} INFO - Extracted page 10/50 - dien-tu-dien-lanh, total items: 229
[2025-03-12T02:47:15.738+0000] {tiki_extract_dag.py:185} INFO - Extracted page 11/50 - dien-tu-dien-lanh, total items: 229
[2025-03-12T02:47:23.331+0000] {tiki_extract_dag.py:185} INFO - Extracted page 12/50 - dien-tu-dien-lanh, total items: 229
[2025-03-12T02:47:29.363+0000] {tiki_extract_dag.py:185} INFO - Extracted page 13/50 - dien-tu-dien-lanh, total items: 229
[2025-03-12T02:47:36.561+0000] {tiki_extract_dag.py:185} INFO - Extracted page 14/50 - dien-tu-dien-lanh, total items: 229
[2025-03-12T02:47:42.516+0000] {tiki_extract_dag.py:185} INFO - Extracted page 15/50 - dien-tu-dien-lanh, total items: 229
[2025-03-12T02:47:49.799+0000] {tiki_extract_dag.py:185} INFO - Extracted page 16/50 - dien-tu-dien-lanh, total items: 229
[2025-03-12T02:47:57.216+0000] {tiki_extract_dag.py:185} INFO - Extracted page 17/50 - dien-tu-dien-lanh, total items: 229
[2025-03-12T02:48:06.950+0000] {tiki_extract_dag.py:185} INFO - Extracted page 18/50 - dien-tu-dien-lanh, total items: 229
[2025-03-12T02:48:15.890+0000] {tiki_extract_dag.py:185} INFO - Extracted page 19/50 - dien-tu-dien-lanh, total items: 229
[2025-03-12T02:48:21.888+0000] {tiki_extract_dag.py:185} INFO - Extracted page 20/50 - dien-tu-dien-lanh, total items: 229
[2025-03-12T02:48:27.812+0000] {tiki_extract_dag.py:185} INFO - Extracted page 21/50 - dien-tu-dien-lanh, total items: 229
[2025-03-12T02:48:36.804+0000] {tiki_extract_dag.py:185} INFO - Extracted page 22/50 - dien-tu-dien-lanh, total items: 229
[2025-03-12T02:48:42.598+0000] {tiki_extract_dag.py:185} INFO - Extracted page 23/50 - dien-tu-dien-lanh, total items: 229
[2025-03-12T02:48:51.316+0000] {tiki_extract_dag.py:185} INFO - Extracted page 24/50 - dien-tu-dien-lanh, total items: 229
[2025-03-12T02:48:59.477+0000] {tiki_extract_dag.py:185} INFO - Extracted page 25/50 - dien-tu-dien-lanh, total items: 229
[2025-03-12T02:49:08.861+0000] {tiki_extract_dag.py:185} INFO - Extracted page 26/50 - dien-tu-dien-lanh, total items: 229
[2025-03-12T02:49:15.387+0000] {tiki_extract_dag.py:185} INFO - Extracted page 27/50 - dien-tu-dien-lanh, total items: 229
[2025-03-12T02:49:22.506+0000] {tiki_extract_dag.py:185} INFO - Extracted page 28/50 - dien-tu-dien-lanh, total items: 229
[2025-03-12T02:49:32.553+0000] {tiki_extract_dag.py:185} INFO - Extracted page 29/50 - dien-tu-dien-lanh, total items: 229
[2025-03-12T02:49:42.914+0000] {tiki_extract_dag.py:185} INFO - Extracted page 30/50 - dien-tu-dien-lanh, total items: 229
[2025-03-12T02:49:52.326+0000] {tiki_extract_dag.py:185} INFO - Extracted page 31/50 - dien-tu-dien-lanh, total items: 229
[2025-03-12T02:49:58.965+0000] {tiki_extract_dag.py:185} INFO - Extracted page 32/50 - dien-tu-dien-lanh, total items: 229
[2025-03-12T02:50:05.861+0000] {tiki_extract_dag.py:185} INFO - Extracted page 33/50 - dien-tu-dien-lanh, total items: 229
[2025-03-12T02:50:15.902+0000] {tiki_extract_dag.py:185} INFO - Extracted page 34/50 - dien-tu-dien-lanh, total items: 229
[2025-03-12T02:50:25.444+0000] {tiki_extract_dag.py:185} INFO - Extracted page 35/50 - dien-tu-dien-lanh, total items: 229
[2025-03-12T02:50:32.054+0000] {tiki_extract_dag.py:185} INFO - Extracted page 36/50 - dien-tu-dien-lanh, total items: 229
[2025-03-12T02:50:37.883+0000] {tiki_extract_dag.py:185} INFO - Extracted page 37/50 - dien-tu-dien-lanh, total items: 229
[2025-03-12T02:50:45.426+0000] {tiki_extract_dag.py:185} INFO - Extracted page 38/50 - dien-tu-dien-lanh, total items: 229
[2025-03-12T02:50:54.673+0000] {tiki_extract_dag.py:185} INFO - Extracted page 39/50 - dien-tu-dien-lanh, total items: 229
[2025-03-12T02:51:02.762+0000] {tiki_extract_dag.py:185} INFO - Extracted page 40/50 - dien-tu-dien-lanh, total items: 229
[2025-03-12T02:51:12.113+0000] {tiki_extract_dag.py:185} INFO - Extracted page 41/50 - dien-tu-dien-lanh, total items: 229
[2025-03-12T02:51:19.253+0000] {tiki_extract_dag.py:185} INFO - Extracted page 42/50 - dien-tu-dien-lanh, total items: 230
[2025-03-12T02:51:28.464+0000] {tiki_extract_dag.py:185} INFO - Extracted page 43/50 - dien-tu-dien-lanh, total items: 230
[2025-03-12T02:51:36.626+0000] {tiki_extract_dag.py:185} INFO - Extracted page 44/50 - dien-tu-dien-lanh, total items: 230
[2025-03-12T02:51:43.831+0000] {tiki_extract_dag.py:185} INFO - Extracted page 45/50 - dien-tu-dien-lanh, total items: 230
[2025-03-12T02:51:51.732+0000] {tiki_extract_dag.py:185} INFO - Extracted page 46/50 - dien-tu-dien-lanh, total items: 230
[2025-03-12T02:52:00.944+0000] {tiki_extract_dag.py:185} INFO - Extracted page 47/50 - dien-tu-dien-lanh, total items: 230
[2025-03-12T02:52:09.216+0000] {tiki_extract_dag.py:185} INFO - Extracted page 48/50 - dien-tu-dien-lanh, total items: 230
[2025-03-12T02:52:16.323+0000] {tiki_extract_dag.py:185} INFO - Extracted page 49/50 - dien-tu-dien-lanh, total items: 230
[2025-03-12T02:52:26.548+0000] {tiki_extract_dag.py:185} INFO - Extracted page 50/50 - dien-tu-dien-lanh, total items: 230
[2025-03-12T02:52:35.804+0000] {tiki_extract_dag.py:152} INFO - Starting crawl for category the-thao-da-ngoai
[2025-03-12T02:52:36.300+0000] {tiki_extract_dag.py:159} INFO - Total pages for the-thao-da-ngoai: 50
[2025-03-12T02:52:36.768+0000] {tiki_extract_dag.py:185} INFO - Extracted page 2/50 - the-thao-da-ngoai, total items: 230
[2025-03-12T02:52:46.112+0000] {tiki_extract_dag.py:185} INFO - Extracted page 3/50 - the-thao-da-ngoai, total items: 230
[2025-03-12T02:52:53.959+0000] {tiki_extract_dag.py:185} INFO - Extracted page 4/50 - the-thao-da-ngoai, total items: 230
[2025-03-12T02:53:00.866+0000] {tiki_extract_dag.py:185} INFO - Extracted page 5/50 - the-thao-da-ngoai, total items: 230
[2025-03-12T02:53:07.990+0000] {tiki_extract_dag.py:185} INFO - Extracted page 6/50 - the-thao-da-ngoai, total items: 230
[2025-03-12T02:53:16.310+0000] {tiki_extract_dag.py:185} INFO - Extracted page 7/50 - the-thao-da-ngoai, total items: 231
[2025-03-12T03:15:09.699+0000] {connectionpool.py:868} WARNING - Retrying (Retry(total=4, connect=5, read=4, redirect=None, status=None)) after connection broken by 'RemoteDisconnected('Remote end closed connection without response')': /api/v2/products?page=8&category=1975&limit=50
[2025-03-12T03:15:12.235+0000] {job.py:229} INFO - Heartbeat recovered after 1307.19 seconds
[2025-03-12T03:15:14.108+0000] {connectionpool.py:868} WARNING - Retrying (Retry(total=3, connect=4, read=4, redirect=None, status=None)) after connection broken by 'NewConnectionError('<urllib3.connection.HTTPSConnection object at 0x7fef6c740080>: Failed to establish a new connection: [Errno 111] Connection refused')': /api/v2/products?page=8&category=1975&limit=50
[2025-03-12T03:15:18.202+0000] {connectionpool.py:868} WARNING - Retrying (Retry(total=2, connect=3, read=4, redirect=None, status=None)) after connection broken by 'NewConnectionError('<urllib3.connection.HTTPSConnection object at 0x7fef6c6df5c0>: Failed to establish a new connection: [Errno 111] Connection refused')': /api/v2/products?page=8&category=1975&limit=50
[2025-03-12T03:15:26.280+0000] {connectionpool.py:868} WARNING - Retrying (Retry(total=1, connect=2, read=4, redirect=None, status=None)) after connection broken by 'NewConnectionError('<urllib3.connection.HTTPSConnection object at 0x7fef6c6dee10>: Failed to establish a new connection: [Errno 111] Connection refused')': /api/v2/products?page=8&category=1975&limit=50
[2025-03-12T03:15:42.488+0000] {connectionpool.py:868} WARNING - Retrying (Retry(total=0, connect=1, read=4, redirect=None, status=None)) after connection broken by 'NewConnectionError('<urllib3.connection.HTTPSConnection object at 0x7fef6c6df560>: Failed to establish a new connection: [Errno 111] Connection refused')': /api/v2/products?page=8&category=1975&limit=50
[2025-03-12T03:15:43.232+0000] {tiki_extract_dag.py:188} ERROR - API error at page 8 - the-thao-da-ngoai: ('Connection broken: IncompleteRead(5490 bytes read, 4750 more expected)', IncompleteRead(5490 bytes read, 4750 more expected))
[2025-03-12T03:15:52.148+0000] {connectionpool.py:868} WARNING - Retrying (Retry(total=2, connect=None, read=None, redirect=None, status=None)) after connection broken by 'NameResolutionError("<urllib3.connection.HTTPSConnection object at 0x7fef6cd45b20>: Failed to resolve 'oauth2.googleapis.com' ([Errno -3] Temporary failure in name resolution)")': /token
[2025-03-12T03:16:00.158+0000] {connectionpool.py:868} WARNING - Retrying (Retry(total=1, connect=None, read=None, redirect=None, status=None)) after connection broken by 'NameResolutionError("<urllib3.connection.HTTPSConnection object at 0x7fef6d2e6e40>: Failed to resolve 'oauth2.googleapis.com' ([Errno -3] Temporary failure in name resolution)")': /token
[2025-03-12T03:16:08.655+0000] {tiki_extract_dag.py:57} INFO - Updated crawled products at tiki-pipeline/tiki_crawled/crawled_products.json
[2025-03-12T03:16:08.663+0000] {tiki_extract_dag.py:202} INFO - Uploaded raw data to tiki-pipeline/tiki_raw_data/raw_20250312_031543.json, total items: 231
[2025-03-12T03:16:09.036+0000] {tiki_extract_dag.py:212} INFO - Saved metadata to tiki-pipeline/metadata/extract_run_metadata_20250312_031543.json
[2025-03-12T03:16:09.147+0000] {python.py:240} INFO - Done. Returned value was: None
[2025-03-12T03:16:09.904+0000] {taskinstance.py:341} INFO - ::group::Post task execution logs
[2025-03-12T03:16:09.919+0000] {taskinstance.py:353} INFO - Marking task as SUCCESS. dag_id=tiki_extract_dag, task_id=extract_data, run_id=manual__2025-03-11T19:09:04.081053+00:00, execution_date=20250311T190904, start_date=20250312T015254, end_date=20250312T031609
[2025-03-12T03:16:10.332+0000] {logging_mixin.py:190} INFO - Task instance in success state
[2025-03-12T03:16:10.334+0000] {logging_mixin.py:190} INFO -  Previous state of the Task instance: running
[2025-03-12T03:16:10.335+0000] {logging_mixin.py:190} INFO - Dag name:tiki_extract_dag queued_at:2025-03-11 19:09:04.277094+00:00
[2025-03-12T03:16:10.336+0000] {logging_mixin.py:190} INFO - Task hostname:5c8190d7da62 operator:PythonOperator
[2025-03-12T03:16:10.545+0000] {local_task_job_runner.py:266} INFO - Task exited with return code 0
[2025-03-12T03:16:10.733+0000] {taskinstance.py:3901} INFO - 0 downstream tasks scheduled from follow-on schedule check
[2025-03-12T03:16:10.740+0000] {local_task_job_runner.py:245} INFO - ::endgroup::
