[2025-03-10T10:46:53.614+0000] {local_task_job_runner.py:123} INFO - ::group::Pre task execution logs
[2025-03-10T10:46:53.696+0000] {taskinstance.py:2614} INFO - Dependencies all met for dep_context=non-requeueable deps ti=<TaskInstance: tiki_extract_dag.crawl_dien-tu-dien-lanh manual__2025-03-10T10:46:13.751493+00:00 [queued]>
[2025-03-10T10:46:53.746+0000] {taskinstance.py:2614} INFO - Dependencies all met for dep_context=requeueable deps ti=<TaskInstance: tiki_extract_dag.crawl_dien-tu-dien-lanh manual__2025-03-10T10:46:13.751493+00:00 [queued]>
[2025-03-10T10:46:53.758+0000] {taskinstance.py:2867} INFO - Starting attempt 1 of 4
[2025-03-10T10:46:54.040+0000] {taskinstance.py:2890} INFO - Executing <Task(PythonOperator): crawl_dien-tu-dien-lanh> on 2025-03-10 10:46:13.751493+00:00
[2025-03-10T10:46:54.132+0000] {standard_task_runner.py:104} INFO - Running: ['***', 'tasks', 'run', 'tiki_extract_dag', 'crawl_dien-tu-dien-lanh', 'manual__2025-03-10T10:46:13.751493+00:00', '--job-id', '475', '--raw', '--subdir', 'DAGS_FOLDER/tiki_extract_dag.py', '--cfg-path', '/tmp/tmp69nyy0wk']
[2025-03-10T10:46:54.183+0000] {standard_task_runner.py:105} INFO - Job 475: Subtask crawl_dien-tu-dien-lanh
[2025-03-10T10:46:54.129+0000] {warnings.py:112} WARNING - /home/***/.local/lib/python3.12/site-packages/***/task/task_runner/standard_task_runner.py:70: DeprecationWarning: This process (pid=326) is multi-threaded, use of fork() may lead to deadlocks in the child.
  pid = os.fork()

[2025-03-10T10:46:54.193+0000] {standard_task_runner.py:72} INFO - Started process 361 to run task
[2025-03-10T10:46:55.043+0000] {task_command.py:467} INFO - Running <TaskInstance: tiki_extract_dag.crawl_dien-tu-dien-lanh manual__2025-03-10T10:46:13.751493+00:00 [running]> on host 0c9fb3f19112
[2025-03-10T10:47:00.672+0000] {taskinstance.py:3134} INFO - Exporting env vars: AIRFLOW_CTX_DAG_OWNER='***' AIRFLOW_CTX_DAG_ID='tiki_extract_dag' AIRFLOW_CTX_TASK_ID='crawl_dien-tu-dien-lanh' AIRFLOW_CTX_EXECUTION_DATE='2025-03-10T10:46:13.751493+00:00' AIRFLOW_CTX_TRY_NUMBER='1' AIRFLOW_CTX_DAG_RUN_ID='manual__2025-03-10T10:46:13.751493+00:00'
[2025-03-10T10:47:00.693+0000] {logging_mixin.py:190} INFO - Task instance is in running state
[2025-03-10T10:47:00.695+0000] {logging_mixin.py:190} INFO -  Previous state of the Task instance: queued
[2025-03-10T10:47:00.696+0000] {logging_mixin.py:190} INFO - Current task name:crawl_dien-tu-dien-lanh state:running start_date:2025-03-10 10:46:53.697543+00:00
[2025-03-10T10:47:00.699+0000] {logging_mixin.py:190} INFO - Dag name:tiki_extract_dag and current dag run status:running
[2025-03-10T10:47:00.702+0000] {taskinstance.py:732} INFO - ::endgroup::
[2025-03-10T10:47:14.352+0000] {job.py:229} INFO - Heartbeat recovered after 21.11 seconds
[2025-03-10T10:47:58.904+0000] {job.py:229} INFO - Heartbeat recovered after 44.56 seconds
[2025-03-10T10:47:59.839+0000] {tiki_extract_dag.py:137} INFO - Starting crawl for category dien-tu-dien-lanh (ID: 4221)
[2025-03-10T10:47:59.841+0000] {tiki_extract_dag.py:139} INFO - Calling API: https://tiki.vn/api/v2/products with params: {'page': 1, 'limit': 40, 'category': '4221'}
[2025-03-10T10:48:01.850+0000] {tiki_extract_dag.py:148} INFO - Total pages for dien-tu-dien-lanh: 50 (limited to 50)
[2025-03-10T10:48:18.273+0000] {job.py:229} INFO - Heartbeat recovered after 14.11 seconds
[2025-03-10T10:48:25.773+0000] {tiki_extract_dag.py:120} ERROR - Error fetching details for product 255421912 on attempt 1/3: Expecting value: line 1 column 1 (char 0)
[2025-03-10T10:48:34.478+0000] {tiki_extract_dag.py:120} ERROR - Error fetching details for product 255421912 on attempt 2/3: Expecting value: line 1 column 1 (char 0)
[2025-03-10T10:48:41.130+0000] {tiki_extract_dag.py:120} ERROR - Error fetching details for product 255421912 on attempt 3/3: Expecting value: line 1 column 1 (char 0)
[2025-03-10T10:48:41.294+0000] {tiki_extract_dag.py:120} ERROR - Error fetching details for product 195971791 on attempt 1/3: Expecting value: line 1 column 1 (char 0)
[2025-03-10T10:48:51.254+0000] {tiki_extract_dag.py:120} ERROR - Error fetching details for product 195971791 on attempt 2/3: Expecting value: line 1 column 1 (char 0)
[2025-03-10T10:49:18.995+0000] {tiki_extract_dag.py:120} ERROR - Error fetching details for product 19401965 on attempt 1/3: Expecting value: line 1 column 1 (char 0)
[2025-03-10T10:49:26.236+0000] {tiki_extract_dag.py:120} ERROR - Error fetching details for product 19401965 on attempt 2/3: Expecting value: line 1 column 1 (char 0)
[2025-03-10T10:49:34.617+0000] {tiki_extract_dag.py:120} ERROR - Error fetching details for product 19401965 on attempt 3/3: Expecting value: line 1 column 1 (char 0)
[2025-03-10T10:49:34.790+0000] {tiki_extract_dag.py:120} ERROR - Error fetching details for product 17908150 on attempt 1/3: Expecting value: line 1 column 1 (char 0)
[2025-03-10T10:49:43.030+0000] {tiki_extract_dag.py:120} ERROR - Error fetching details for product 17908150 on attempt 2/3: Expecting value: line 1 column 1 (char 0)
[2025-03-10T10:49:50.875+0000] {tiki_extract_dag.py:120} ERROR - Error fetching details for product 17908150 on attempt 3/3: Expecting value: line 1 column 1 (char 0)
[2025-03-10T10:49:51.020+0000] {tiki_extract_dag.py:120} ERROR - Error fetching details for product 16033028 on attempt 1/3: Expecting value: line 1 column 1 (char 0)
[2025-03-10T10:50:09.226+0000] {tiki_extract_dag.py:161} INFO - Calling API: https://tiki.vn/api/v2/products with params: {'page': 2, 'limit': 40, 'category': '4221'}
[2025-03-10T10:50:17.900+0000] {tiki_extract_dag.py:120} ERROR - Error fetching details for product 275465010 on attempt 1/3: Expecting value: line 1 column 1 (char 0)
[2025-03-10T10:50:25.989+0000] {tiki_extract_dag.py:120} ERROR - Error fetching details for product 275465010 on attempt 2/3: Expecting value: line 1 column 1 (char 0)
[2025-03-10T10:50:36.056+0000] {tiki_extract_dag.py:120} ERROR - Error fetching details for product 275465010 on attempt 3/3: Expecting value: line 1 column 1 (char 0)
[2025-03-10T10:50:36.213+0000] {tiki_extract_dag.py:120} ERROR - Error fetching details for product 275378680 on attempt 1/3: Expecting value: line 1 column 1 (char 0)
[2025-03-10T10:50:41.467+0000] {tiki_extract_dag.py:120} ERROR - Error fetching details for product 275378680 on attempt 2/3: Expecting value: line 1 column 1 (char 0)
[2025-03-10T10:50:48.847+0000] {tiki_extract_dag.py:120} ERROR - Error fetching details for product 275378680 on attempt 3/3: Expecting value: line 1 column 1 (char 0)
[2025-03-10T10:50:48.991+0000] {tiki_extract_dag.py:120} ERROR - Error fetching details for product 275377930 on attempt 1/3: Expecting value: line 1 column 1 (char 0)
[2025-03-10T10:50:57.129+0000] {tiki_extract_dag.py:120} ERROR - Error fetching details for product 275377930 on attempt 2/3: Expecting value: line 1 column 1 (char 0)
[2025-03-10T10:51:20.091+0000] {tiki_extract_dag.py:120} ERROR - Error fetching details for product 252295492 on attempt 1/3: Expecting value: line 1 column 1 (char 0)
[2025-03-10T10:51:27.025+0000] {tiki_extract_dag.py:120} ERROR - Error fetching details for product 252295492 on attempt 2/3: Expecting value: line 1 column 1 (char 0)
[2025-03-10T10:51:34.373+0000] {tiki_extract_dag.py:120} ERROR - Error fetching details for product 252295492 on attempt 3/3: Expecting value: line 1 column 1 (char 0)
[2025-03-10T10:51:34.512+0000] {tiki_extract_dag.py:120} ERROR - Error fetching details for product 199248041 on attempt 1/3: Expecting value: line 1 column 1 (char 0)
[2025-03-10T10:51:40.695+0000] {tiki_extract_dag.py:120} ERROR - Error fetching details for product 199248041 on attempt 2/3: Expecting value: line 1 column 1 (char 0)
[2025-03-10T10:51:50.837+0000] {tiki_extract_dag.py:120} ERROR - Error fetching details for product 199248041 on attempt 3/3: Expecting value: line 1 column 1 (char 0)
[2025-03-10T10:51:50.993+0000] {tiki_extract_dag.py:120} ERROR - Error fetching details for product 199177871 on attempt 1/3: Expecting value: line 1 column 1 (char 0)
[2025-03-10T10:51:56.447+0000] {tiki_extract_dag.py:120} ERROR - Error fetching details for product 199177871 on attempt 2/3: Expecting value: line 1 column 1 (char 0)
[2025-03-10T10:52:24.357+0000] {tiki_extract_dag.py:181} INFO - Extracted page 2/50 for category dien-tu-dien-lanh, total items: 80
[2025-03-10T10:52:41.989+0000] {tiki_extract_dag.py:161} INFO - Calling API: https://tiki.vn/api/v2/products with params: {'page': 3, 'limit': 40, 'category': '4221'}
[2025-03-10T10:52:42.156+0000] {tiki_extract_dag.py:184} ERROR - API error at page 3 in category dien-tu-dien-lanh on attempt 1/3: Expecting value: line 1 column 1 (char 0)
[2025-03-10T10:52:49.206+0000] {tiki_extract_dag.py:184} ERROR - API error at page 3 in category dien-tu-dien-lanh on attempt 2/3: Expecting value: line 1 column 1 (char 0)
[2025-03-10T10:52:59.226+0000] {tiki_extract_dag.py:184} ERROR - API error at page 3 in category dien-tu-dien-lanh on attempt 3/3: Expecting value: line 1 column 1 (char 0)
[2025-03-10T10:52:59.227+0000] {tiki_extract_dag.py:189} ERROR - Failed after 3 attempts for page 3 in category dien-tu-dien-lanh
[2025-03-10T10:52:59.230+0000] {python.py:240} INFO - Done. Returned value was: None
[2025-03-10T10:52:59.305+0000] {taskinstance.py:341} INFO - ::group::Post task execution logs
[2025-03-10T10:52:59.310+0000] {taskinstance.py:353} INFO - Marking task as SUCCESS. dag_id=tiki_extract_dag, task_id=crawl_dien-tu-dien-lanh, run_id=manual__2025-03-10T10:46:13.751493+00:00, execution_date=20250310T104613, start_date=20250310T104653, end_date=20250310T105259
[2025-03-10T10:52:59.403+0000] {logging_mixin.py:190} INFO - Task instance in success state
[2025-03-10T10:52:59.404+0000] {logging_mixin.py:190} INFO -  Previous state of the Task instance: running
[2025-03-10T10:52:59.405+0000] {logging_mixin.py:190} INFO - Dag name:tiki_extract_dag queued_at:2025-03-10 10:46:13.791991+00:00
[2025-03-10T10:52:59.405+0000] {logging_mixin.py:190} INFO - Task hostname:0c9fb3f19112 operator:PythonOperator
[2025-03-10T10:52:59.458+0000] {local_task_job_runner.py:266} INFO - Task exited with return code 0
[2025-03-10T10:52:59.533+0000] {taskinstance.py:3901} INFO - 0 downstream tasks scheduled from follow-on schedule check
[2025-03-10T10:52:59.538+0000] {local_task_job_runner.py:245} INFO - ::endgroup::
