[2025-03-12T04:22:13.249+0000] {local_task_job_runner.py:123} INFO - ::group::Pre task execution logs
[2025-03-12T04:22:13.318+0000] {taskinstance.py:2614} INFO - Dependencies all met for dep_context=non-requeueable deps ti=<TaskInstance: tiki_extract_dag.extract_the-thao-da-ngoai manual__2025-03-12T04:21:28.506204+00:00 [queued]>
[2025-03-12T04:22:13.369+0000] {taskinstance.py:2614} INFO - Dependencies all met for dep_context=requeueable deps ti=<TaskInstance: tiki_extract_dag.extract_the-thao-da-ngoai manual__2025-03-12T04:21:28.506204+00:00 [queued]>
[2025-03-12T04:22:13.372+0000] {taskinstance.py:2867} INFO - Starting attempt 1 of 4
[2025-03-12T04:22:13.466+0000] {taskinstance.py:2890} INFO - Executing <Task(PythonOperator): extract_the-thao-da-ngoai> on 2025-03-12 04:21:28.506204+00:00
[2025-03-12T04:22:13.511+0000] {warnings.py:112} WARNING - /home/***/.local/lib/python3.12/site-packages/***/task/task_runner/standard_task_runner.py:70: DeprecationWarning: This process (pid=3848) is multi-threaded, use of fork() may lead to deadlocks in the child.
  pid = os.fork()

[2025-03-12T04:22:13.529+0000] {standard_task_runner.py:104} INFO - Running: ['***', 'tasks', 'run', 'tiki_extract_dag', 'extract_the-thao-da-ngoai', 'manual__2025-03-12T04:21:28.506204+00:00', '--job-id', '656', '--raw', '--subdir', 'DAGS_FOLDER/tiki_extract_dag.py', '--cfg-path', '/tmp/tmpabuvzd8z']
[2025-03-12T04:22:13.535+0000] {standard_task_runner.py:72} INFO - Started process 3894 to run task
[2025-03-12T04:22:13.536+0000] {standard_task_runner.py:105} INFO - Job 656: Subtask extract_the-thao-da-ngoai
[2025-03-12T04:22:13.759+0000] {task_command.py:467} INFO - Running <TaskInstance: tiki_extract_dag.extract_the-thao-da-ngoai manual__2025-03-12T04:21:28.506204+00:00 [running]> on host 5c8190d7da62
[2025-03-12T04:22:14.655+0000] {taskinstance.py:3134} INFO - Exporting env vars: AIRFLOW_CTX_DAG_OWNER='***' AIRFLOW_CTX_DAG_ID='tiki_extract_dag' AIRFLOW_CTX_TASK_ID='extract_the-thao-da-ngoai' AIRFLOW_CTX_EXECUTION_DATE='2025-03-12T04:21:28.506204+00:00' AIRFLOW_CTX_TRY_NUMBER='1' AIRFLOW_CTX_DAG_RUN_ID='manual__2025-03-12T04:21:28.506204+00:00'
[2025-03-12T04:22:14.658+0000] {logging_mixin.py:190} INFO - Task instance is in running state
[2025-03-12T04:22:14.659+0000] {logging_mixin.py:190} INFO -  Previous state of the Task instance: queued
[2025-03-12T04:22:14.660+0000] {logging_mixin.py:190} INFO - Current task name:extract_the-thao-da-ngoai state:running start_date:2025-03-12 04:22:13.329252+00:00
[2025-03-12T04:22:14.661+0000] {logging_mixin.py:190} INFO - Dag name:tiki_extract_dag and current dag run status:running
[2025-03-12T04:22:14.662+0000] {taskinstance.py:732} INFO - ::endgroup::
[2025-03-12T04:22:15.902+0000] {tiki_extract_dag.py:120} INFO - Starting crawl for category the-thao-da-ngoai
[2025-03-12T04:22:16.784+0000] {tiki_extract_dag.py:127} INFO - Total pages for the-thao-da-ngoai: 50
[2025-03-12T04:22:17.363+0000] {tiki_extract_dag.py:155} INFO - Extracted page 2/50 - the-thao-da-ngoai, total items: 80
[2025-03-12T04:22:23.082+0000] {tiki_extract_dag.py:155} INFO - Extracted page 3/50 - the-thao-da-ngoai, total items: 120
[2025-03-12T04:22:28.829+0000] {tiki_extract_dag.py:155} INFO - Extracted page 4/50 - the-thao-da-ngoai, total items: 160
[2025-03-12T04:22:34.613+0000] {tiki_extract_dag.py:155} INFO - Extracted page 5/50 - the-thao-da-ngoai, total items: 200
[2025-03-12T04:22:42.513+0000] {tiki_extract_dag.py:155} INFO - Extracted page 6/50 - the-thao-da-ngoai, total items: 240
[2025-03-12T04:22:48.424+0000] {tiki_extract_dag.py:155} INFO - Extracted page 7/50 - the-thao-da-ngoai, total items: 280
[2025-03-12T04:22:57.402+0000] {tiki_extract_dag.py:155} INFO - Extracted page 8/50 - the-thao-da-ngoai, total items: 320
[2025-03-12T04:23:05.840+0000] {tiki_extract_dag.py:155} INFO - Extracted page 9/50 - the-thao-da-ngoai, total items: 360
[2025-03-12T04:23:12.067+0000] {tiki_extract_dag.py:155} INFO - Extracted page 10/50 - the-thao-da-ngoai, total items: 400
[2025-03-12T04:23:20.603+0000] {tiki_extract_dag.py:155} INFO - Extracted page 11/50 - the-thao-da-ngoai, total items: 440
[2025-03-12T04:23:30.833+0000] {tiki_extract_dag.py:155} INFO - Extracted page 12/50 - the-thao-da-ngoai, total items: 480
[2025-03-12T04:23:41.678+0000] {tiki_extract_dag.py:155} INFO - Extracted page 13/50 - the-thao-da-ngoai, total items: 520
[2025-03-12T04:23:51.772+0000] {tiki_extract_dag.py:155} INFO - Extracted page 14/50 - the-thao-da-ngoai, total items: 560
[2025-03-12T04:23:59.085+0000] {tiki_extract_dag.py:155} INFO - Extracted page 15/50 - the-thao-da-ngoai, total items: 600
[2025-03-12T04:24:06.579+0000] {tiki_extract_dag.py:155} INFO - Extracted page 16/50 - the-thao-da-ngoai, total items: 640
[2025-03-12T04:24:13.057+0000] {tiki_extract_dag.py:155} INFO - Extracted page 17/50 - the-thao-da-ngoai, total items: 680
[2025-03-12T04:24:18.796+0000] {tiki_extract_dag.py:155} INFO - Extracted page 18/50 - the-thao-da-ngoai, total items: 720
[2025-03-12T04:24:25.239+0000] {tiki_extract_dag.py:155} INFO - Extracted page 19/50 - the-thao-da-ngoai, total items: 760
[2025-03-12T04:24:35.490+0000] {tiki_extract_dag.py:155} INFO - Extracted page 20/50 - the-thao-da-ngoai, total items: 800
[2025-03-12T04:24:43.785+0000] {tiki_extract_dag.py:155} INFO - Extracted page 21/50 - the-thao-da-ngoai, total items: 840
[2025-03-12T04:24:50.094+0000] {tiki_extract_dag.py:155} INFO - Extracted page 22/50 - the-thao-da-ngoai, total items: 880
[2025-03-12T04:24:58.282+0000] {tiki_extract_dag.py:155} INFO - Extracted page 23/50 - the-thao-da-ngoai, total items: 920
[2025-03-12T04:25:08.478+0000] {tiki_extract_dag.py:155} INFO - Extracted page 24/50 - the-thao-da-ngoai, total items: 960
[2025-03-12T04:25:16.705+0000] {tiki_extract_dag.py:155} INFO - Extracted page 25/50 - the-thao-da-ngoai, total items: 1000
[2025-03-12T04:25:25.232+0000] {tiki_extract_dag.py:155} INFO - Extracted page 26/50 - the-thao-da-ngoai, total items: 1040
[2025-03-12T04:25:31.629+0000] {tiki_extract_dag.py:155} INFO - Extracted page 27/50 - the-thao-da-ngoai, total items: 1080
[2025-03-12T04:25:40.778+0000] {tiki_extract_dag.py:155} INFO - Extracted page 28/50 - the-thao-da-ngoai, total items: 1120
[2025-03-12T04:25:47.779+0000] {tiki_extract_dag.py:155} INFO - Extracted page 29/50 - the-thao-da-ngoai, total items: 1160
[2025-03-12T04:25:58.477+0000] {tiki_extract_dag.py:155} INFO - Extracted page 30/50 - the-thao-da-ngoai, total items: 1200
[2025-03-12T04:26:04.376+0000] {tiki_extract_dag.py:155} INFO - Extracted page 31/50 - the-thao-da-ngoai, total items: 1240
[2025-03-12T04:26:10.250+0000] {tiki_extract_dag.py:155} INFO - Extracted page 32/50 - the-thao-da-ngoai, total items: 1280
[2025-03-12T04:26:16.041+0000] {tiki_extract_dag.py:155} INFO - Extracted page 33/50 - the-thao-da-ngoai, total items: 1320
[2025-03-12T04:26:23.845+0000] {tiki_extract_dag.py:155} INFO - Extracted page 34/50 - the-thao-da-ngoai, total items: 1360
[2025-03-12T04:26:30.454+0000] {tiki_extract_dag.py:155} INFO - Extracted page 35/50 - the-thao-da-ngoai, total items: 1400
[2025-03-12T04:26:37.674+0000] {tiki_extract_dag.py:155} INFO - Extracted page 36/50 - the-thao-da-ngoai, total items: 1440
[2025-03-12T04:26:46.447+0000] {tiki_extract_dag.py:155} INFO - Extracted page 37/50 - the-thao-da-ngoai, total items: 1480
[2025-03-12T04:26:54.417+0000] {tiki_extract_dag.py:155} INFO - Extracted page 38/50 - the-thao-da-ngoai, total items: 1520
[2025-03-12T04:27:04.726+0000] {tiki_extract_dag.py:155} INFO - Extracted page 39/50 - the-thao-da-ngoai, total items: 1560
[2025-03-12T04:27:13.273+0000] {tiki_extract_dag.py:155} INFO - Extracted page 40/50 - the-thao-da-ngoai, total items: 1600
[2025-03-12T04:27:20.757+0000] {tiki_extract_dag.py:155} INFO - Extracted page 41/50 - the-thao-da-ngoai, total items: 1640
[2025-03-12T04:27:27.134+0000] {tiki_extract_dag.py:155} INFO - Extracted page 42/50 - the-thao-da-ngoai, total items: 1680
[2025-03-12T04:27:34.712+0000] {tiki_extract_dag.py:155} INFO - Extracted page 43/50 - the-thao-da-ngoai, total items: 1720
[2025-03-12T04:27:43.085+0000] {tiki_extract_dag.py:155} INFO - Extracted page 44/50 - the-thao-da-ngoai, total items: 1760
[2025-03-12T04:27:51.208+0000] {tiki_extract_dag.py:155} INFO - Extracted page 45/50 - the-thao-da-ngoai, total items: 1800
[2025-03-12T04:28:00.473+0000] {tiki_extract_dag.py:155} INFO - Extracted page 46/50 - the-thao-da-ngoai, total items: 1840
[2025-03-12T04:28:06.162+0000] {tiki_extract_dag.py:155} INFO - Extracted page 47/50 - the-thao-da-ngoai, total items: 1880
[2025-03-12T04:28:14.957+0000] {tiki_extract_dag.py:155} INFO - Extracted page 48/50 - the-thao-da-ngoai, total items: 1920
[2025-03-12T04:28:24.985+0000] {tiki_extract_dag.py:155} INFO - Extracted page 49/50 - the-thao-da-ngoai, total items: 1960
[2025-03-12T04:28:30.912+0000] {tiki_extract_dag.py:155} INFO - Extracted page 50/50 - the-thao-da-ngoai, total items: 2000
[2025-03-12T04:28:45.768+0000] {tiki_extract_dag.py:56} INFO - Updated crawled products at tiki-pipeline/tiki_crawled/crawled_products.json
[2025-03-12T04:28:45.771+0000] {tiki_extract_dag.py:172} INFO - Uploaded raw data to tiki-pipeline/tiki_raw_data/raw_the-thao-da-ngoai_20250312_042838.json, total items: 2000
[2025-03-12T04:28:46.138+0000] {tiki_extract_dag.py:183} INFO - Saved metadata to tiki-pipeline/metadata/extract_run_metadata_the-thao-da-ngoai_20250312_042838.json
[2025-03-12T04:28:46.206+0000] {python.py:240} INFO - Done. Returned value was: None
[2025-03-12T04:28:46.390+0000] {taskinstance.py:341} INFO - ::group::Post task execution logs
[2025-03-12T04:28:46.400+0000] {taskinstance.py:353} INFO - Marking task as SUCCESS. dag_id=tiki_extract_dag, task_id=extract_the-thao-da-ngoai, run_id=manual__2025-03-12T04:21:28.506204+00:00, execution_date=20250312T042128, start_date=20250312T042213, end_date=20250312T042846
[2025-03-12T04:28:46.520+0000] {logging_mixin.py:190} INFO - Task instance in success state
[2025-03-12T04:28:46.522+0000] {logging_mixin.py:190} INFO -  Previous state of the Task instance: running
[2025-03-12T04:28:46.522+0000] {logging_mixin.py:190} INFO - Dag name:tiki_extract_dag queued_at:2025-03-12 04:21:28.548433+00:00
[2025-03-12T04:28:46.523+0000] {logging_mixin.py:190} INFO - Task hostname:5c8190d7da62 operator:PythonOperator
[2025-03-12T04:28:46.648+0000] {local_task_job_runner.py:266} INFO - Task exited with return code 0
[2025-03-12T04:28:46.829+0000] {taskinstance.py:3901} INFO - 0 downstream tasks scheduled from follow-on schedule check
[2025-03-12T04:28:46.834+0000] {local_task_job_runner.py:245} INFO - ::endgroup::
