[2025-03-12T07:26:10.513+0000] {local_task_job_runner.py:123} INFO - ::group::Pre task execution logs
[2025-03-12T07:26:10.578+0000] {taskinstance.py:2614} INFO - Dependencies all met for dep_context=non-requeueable deps ti=<TaskInstance: tiki_extract_dag.extract_laptop-may-vi-tinh-linh-kien manual__2025-03-12T07:25:54.854919+00:00 [queued]>
[2025-03-12T07:26:10.598+0000] {taskinstance.py:2614} INFO - Dependencies all met for dep_context=requeueable deps ti=<TaskInstance: tiki_extract_dag.extract_laptop-may-vi-tinh-linh-kien manual__2025-03-12T07:25:54.854919+00:00 [queued]>
[2025-03-12T07:26:10.606+0000] {taskinstance.py:2867} INFO - Starting attempt 1 of 4
[2025-03-12T07:26:10.664+0000] {taskinstance.py:2890} INFO - Executing <Task(PythonOperator): extract_laptop-may-vi-tinh-linh-kien> on 2025-03-12 07:25:54.854919+00:00
[2025-03-12T07:26:10.706+0000] {warnings.py:112} WARNING - /home/***/.local/lib/python3.12/site-packages/***/task/task_runner/standard_task_runner.py:70: DeprecationWarning: This process (pid=221) is multi-threaded, use of fork() may lead to deadlocks in the child.
  pid = os.fork()

[2025-03-12T07:26:10.712+0000] {standard_task_runner.py:72} INFO - Started process 251 to run task
[2025-03-12T07:26:10.734+0000] {standard_task_runner.py:104} INFO - Running: ['***', 'tasks', 'run', 'tiki_extract_dag', 'extract_laptop-may-vi-tinh-linh-kien', 'manual__2025-03-12T07:25:54.854919+00:00', '--job-id', '671', '--raw', '--subdir', 'DAGS_FOLDER/tiki_extract_dag.py', '--cfg-path', '/tmp/tmptrayr523']
[2025-03-12T07:26:10.737+0000] {standard_task_runner.py:105} INFO - Job 671: Subtask extract_laptop-may-vi-tinh-linh-kien
[2025-03-12T07:26:11.117+0000] {task_command.py:467} INFO - Running <TaskInstance: tiki_extract_dag.extract_laptop-may-vi-tinh-linh-kien manual__2025-03-12T07:25:54.854919+00:00 [running]> on host 3905098656d4
[2025-03-12T07:26:15.666+0000] {taskinstance.py:3134} INFO - Exporting env vars: AIRFLOW_CTX_DAG_OWNER='***' AIRFLOW_CTX_DAG_ID='tiki_extract_dag' AIRFLOW_CTX_TASK_ID='extract_laptop-may-vi-tinh-linh-kien' AIRFLOW_CTX_EXECUTION_DATE='2025-03-12T07:25:54.854919+00:00' AIRFLOW_CTX_TRY_NUMBER='1' AIRFLOW_CTX_DAG_RUN_ID='manual__2025-03-12T07:25:54.854919+00:00'
[2025-03-12T07:26:15.682+0000] {logging_mixin.py:190} INFO - Task instance is in running state
[2025-03-12T07:26:15.684+0000] {logging_mixin.py:190} INFO -  Previous state of the Task instance: queued
[2025-03-12T07:26:15.685+0000] {logging_mixin.py:190} INFO - Current task name:extract_laptop-may-vi-tinh-linh-kien state:running start_date:2025-03-12 07:26:10.581379+00:00
[2025-03-12T07:26:15.686+0000] {logging_mixin.py:190} INFO - Dag name:tiki_extract_dag and current dag run status:running
[2025-03-12T07:26:15.686+0000] {taskinstance.py:732} INFO - ::endgroup::
[2025-03-12T07:26:18.442+0000] {tiki_extract_dag.py:122} INFO - Starting crawl for category laptop-may-vi-tinh-linh-kien
[2025-03-12T07:26:19.925+0000] {tiki_extract_dag.py:129} INFO - Total pages for laptop-may-vi-tinh-linh-kien: 50
[2025-03-12T07:26:23.020+0000] {tiki_extract_dag.py:155} INFO - Extracted page 2/50 - laptop-may-vi-tinh-linh-kien, total items: 80
[2025-03-12T07:26:32.068+0000] {tiki_extract_dag.py:155} INFO - Extracted page 3/50 - laptop-may-vi-tinh-linh-kien, total items: 120
[2025-03-12T07:26:42.417+0000] {tiki_extract_dag.py:155} INFO - Extracted page 4/50 - laptop-may-vi-tinh-linh-kien, total items: 160
[2025-03-12T07:26:50.421+0000] {tiki_extract_dag.py:155} INFO - Extracted page 5/50 - laptop-may-vi-tinh-linh-kien, total items: 200
[2025-03-12T07:26:59.806+0000] {tiki_extract_dag.py:155} INFO - Extracted page 6/50 - laptop-may-vi-tinh-linh-kien, total items: 240
[2025-03-12T07:27:09.322+0000] {tiki_extract_dag.py:155} INFO - Extracted page 7/50 - laptop-may-vi-tinh-linh-kien, total items: 280
[2025-03-12T07:27:18.780+0000] {tiki_extract_dag.py:155} INFO - Extracted page 8/50 - laptop-may-vi-tinh-linh-kien, total items: 320
[2025-03-12T07:27:25.884+0000] {tiki_extract_dag.py:155} INFO - Extracted page 9/50 - laptop-may-vi-tinh-linh-kien, total items: 360
[2025-03-12T07:27:35.328+0000] {tiki_extract_dag.py:155} INFO - Extracted page 10/50 - laptop-may-vi-tinh-linh-kien, total items: 400
[2025-03-12T07:27:41.315+0000] {tiki_extract_dag.py:155} INFO - Extracted page 11/50 - laptop-may-vi-tinh-linh-kien, total items: 440
[2025-03-12T07:27:48.184+0000] {tiki_extract_dag.py:155} INFO - Extracted page 12/50 - laptop-may-vi-tinh-linh-kien, total items: 480
[2025-03-12T07:27:55.425+0000] {tiki_extract_dag.py:155} INFO - Extracted page 13/50 - laptop-may-vi-tinh-linh-kien, total items: 520
[2025-03-12T07:28:02.396+0000] {tiki_extract_dag.py:155} INFO - Extracted page 14/50 - laptop-may-vi-tinh-linh-kien, total items: 560
[2025-03-12T07:28:11.405+0000] {tiki_extract_dag.py:155} INFO - Extracted page 15/50 - laptop-may-vi-tinh-linh-kien, total items: 600
[2025-03-12T07:28:19.535+0000] {tiki_extract_dag.py:155} INFO - Extracted page 16/50 - laptop-may-vi-tinh-linh-kien, total items: 640
[2025-03-12T07:28:25.840+0000] {tiki_extract_dag.py:155} INFO - Extracted page 17/50 - laptop-may-vi-tinh-linh-kien, total items: 680
[2025-03-12T07:28:32.951+0000] {tiki_extract_dag.py:155} INFO - Extracted page 18/50 - laptop-may-vi-tinh-linh-kien, total items: 720
[2025-03-12T07:28:41.656+0000] {tiki_extract_dag.py:155} INFO - Extracted page 19/50 - laptop-may-vi-tinh-linh-kien, total items: 760
[2025-03-12T07:28:51.703+0000] {tiki_extract_dag.py:155} INFO - Extracted page 20/50 - laptop-may-vi-tinh-linh-kien, total items: 800
[2025-03-12T07:28:57.533+0000] {tiki_extract_dag.py:155} INFO - Extracted page 21/50 - laptop-may-vi-tinh-linh-kien, total items: 840
[2025-03-12T07:29:05.114+0000] {tiki_extract_dag.py:155} INFO - Extracted page 22/50 - laptop-may-vi-tinh-linh-kien, total items: 880
[2025-03-12T07:29:10.850+0000] {tiki_extract_dag.py:155} INFO - Extracted page 23/50 - laptop-may-vi-tinh-linh-kien, total items: 920
[2025-03-12T07:29:20.002+0000] {tiki_extract_dag.py:155} INFO - Extracted page 24/50 - laptop-may-vi-tinh-linh-kien, total items: 960
[2025-03-12T07:29:30.709+0000] {tiki_extract_dag.py:155} INFO - Extracted page 25/50 - laptop-may-vi-tinh-linh-kien, total items: 1000
[2025-03-12T07:29:37.801+0000] {tiki_extract_dag.py:155} INFO - Extracted page 26/50 - laptop-may-vi-tinh-linh-kien, total items: 1040
[2025-03-12T07:29:45.703+0000] {tiki_extract_dag.py:155} INFO - Extracted page 27/50 - laptop-may-vi-tinh-linh-kien, total items: 1080
[2025-03-12T07:29:51.987+0000] {tiki_extract_dag.py:155} INFO - Extracted page 28/50 - laptop-may-vi-tinh-linh-kien, total items: 1120
[2025-03-12T07:30:00.419+0000] {tiki_extract_dag.py:155} INFO - Extracted page 29/50 - laptop-may-vi-tinh-linh-kien, total items: 1160
[2025-03-12T07:30:09.423+0000] {tiki_extract_dag.py:155} INFO - Extracted page 30/50 - laptop-may-vi-tinh-linh-kien, total items: 1200
[2025-03-12T07:30:19.350+0000] {tiki_extract_dag.py:155} INFO - Extracted page 31/50 - laptop-may-vi-tinh-linh-kien, total items: 1240
[2025-03-12T07:30:25.017+0000] {tiki_extract_dag.py:155} INFO - Extracted page 32/50 - laptop-may-vi-tinh-linh-kien, total items: 1280
[2025-03-12T07:30:31.379+0000] {tiki_extract_dag.py:155} INFO - Extracted page 33/50 - laptop-may-vi-tinh-linh-kien, total items: 1320
[2025-03-12T07:30:40.065+0000] {tiki_extract_dag.py:155} INFO - Extracted page 34/50 - laptop-may-vi-tinh-linh-kien, total items: 1360
[2025-03-12T07:30:50.437+0000] {tiki_extract_dag.py:155} INFO - Extracted page 35/50 - laptop-may-vi-tinh-linh-kien, total items: 1400
[2025-03-12T07:30:56.829+0000] {tiki_extract_dag.py:155} INFO - Extracted page 36/50 - laptop-may-vi-tinh-linh-kien, total items: 1440
[2025-03-12T07:31:05.967+0000] {tiki_extract_dag.py:155} INFO - Extracted page 37/50 - laptop-may-vi-tinh-linh-kien, total items: 1480
[2025-03-12T07:31:14.341+0000] {tiki_extract_dag.py:155} INFO - Extracted page 38/50 - laptop-may-vi-tinh-linh-kien, total items: 1520
[2025-03-12T07:31:24.360+0000] {tiki_extract_dag.py:155} INFO - Extracted page 39/50 - laptop-may-vi-tinh-linh-kien, total items: 1560
[2025-03-12T07:31:31.877+0000] {tiki_extract_dag.py:155} INFO - Extracted page 40/50 - laptop-may-vi-tinh-linh-kien, total items: 1600
[2025-03-12T07:31:38.426+0000] {tiki_extract_dag.py:155} INFO - Extracted page 41/50 - laptop-may-vi-tinh-linh-kien, total items: 1640
[2025-03-12T07:31:44.098+0000] {tiki_extract_dag.py:155} INFO - Extracted page 42/50 - laptop-may-vi-tinh-linh-kien, total items: 1680
[2025-03-12T07:31:54.723+0000] {tiki_extract_dag.py:155} INFO - Extracted page 43/50 - laptop-may-vi-tinh-linh-kien, total items: 1720
[2025-03-12T07:32:02.843+0000] {tiki_extract_dag.py:155} INFO - Extracted page 44/50 - laptop-may-vi-tinh-linh-kien, total items: 1760
[2025-03-12T07:32:10.659+0000] {tiki_extract_dag.py:155} INFO - Extracted page 45/50 - laptop-may-vi-tinh-linh-kien, total items: 1800
[2025-03-12T07:32:17.867+0000] {tiki_extract_dag.py:155} INFO - Extracted page 46/50 - laptop-may-vi-tinh-linh-kien, total items: 1840
[2025-03-12T07:32:24.292+0000] {tiki_extract_dag.py:155} INFO - Extracted page 47/50 - laptop-may-vi-tinh-linh-kien, total items: 1880
[2025-03-12T07:32:31.946+0000] {tiki_extract_dag.py:155} INFO - Extracted page 48/50 - laptop-may-vi-tinh-linh-kien, total items: 1920
[2025-03-12T07:32:41.357+0000] {tiki_extract_dag.py:155} INFO - Extracted page 49/50 - laptop-may-vi-tinh-linh-kien, total items: 1960
[2025-03-12T07:32:50.966+0000] {tiki_extract_dag.py:155} INFO - Extracted page 50/50 - laptop-may-vi-tinh-linh-kien, total items: 2000
[2025-03-12T07:33:31.817+0000] {tiki_extract_dag.py:56} INFO - Updated crawled products at tiki-pipeline/tiki_crawled/crawled_products.json
[2025-03-12T07:33:31.821+0000] {tiki_extract_dag.py:172} INFO - Uploaded raw data to tiki-pipeline/tiki_raw_data/raw_laptop-may-vi-tinh-linh-kien_20250312_073300.json, total items: 2000
[2025-03-12T07:33:32.266+0000] {tiki_extract_dag.py:183} INFO - Saved metadata to tiki-pipeline/metadata/extract_run_metadata_laptop-may-vi-tinh-linh-kien_20250312_073300.json
[2025-03-12T07:33:32.300+0000] {python.py:240} INFO - Done. Returned value was: None
[2025-03-12T07:33:32.369+0000] {taskinstance.py:341} INFO - ::group::Post task execution logs
[2025-03-12T07:33:32.371+0000] {taskinstance.py:353} INFO - Marking task as SUCCESS. dag_id=tiki_extract_dag, task_id=extract_laptop-may-vi-tinh-linh-kien, run_id=manual__2025-03-12T07:25:54.854919+00:00, execution_date=20250312T072554, start_date=20250312T072610, end_date=20250312T073332
[2025-03-12T07:33:32.461+0000] {logging_mixin.py:190} INFO - Task instance in success state
[2025-03-12T07:33:32.462+0000] {logging_mixin.py:190} INFO -  Previous state of the Task instance: running
[2025-03-12T07:33:32.463+0000] {logging_mixin.py:190} INFO - Dag name:tiki_extract_dag queued_at:2025-03-12 07:25:54.899816+00:00
[2025-03-12T07:33:32.463+0000] {logging_mixin.py:190} INFO - Task hostname:3905098656d4 operator:PythonOperator
[2025-03-12T07:33:32.536+0000] {local_task_job_runner.py:266} INFO - Task exited with return code 0
[2025-03-12T07:33:32.614+0000] {taskinstance.py:3901} INFO - 0 downstream tasks scheduled from follow-on schedule check
[2025-03-12T07:33:32.618+0000] {local_task_job_runner.py:245} INFO - ::endgroup::
