[2025-03-10T02:09:57.434+0000] {local_task_job_runner.py:123} INFO - ::group::Pre task execution logs
[2025-03-10T02:09:57.476+0000] {taskinstance.py:2614} INFO - Dependencies all met for dep_context=non-requeueable deps ti=<TaskInstance: tiki_etl_orchestration.trigger_schema scheduled__2025-03-09T00:00:00+00:00 [queued]>
[2025-03-10T02:09:57.496+0000] {taskinstance.py:2614} INFO - Dependencies all met for dep_context=requeueable deps ti=<TaskInstance: tiki_etl_orchestration.trigger_schema scheduled__2025-03-09T00:00:00+00:00 [queued]>
[2025-03-10T02:09:57.497+0000] {taskinstance.py:2867} INFO - Starting attempt 1 of 1
[2025-03-10T02:09:57.734+0000] {taskinstance.py:2890} INFO - Executing <Task(TriggerDagRunOperator): trigger_schema> on 2025-03-09 00:00:00+00:00
[2025-03-10T02:09:57.749+0000] {warnings.py:112} WARNING - /home/***/.local/lib/python3.12/site-packages/***/task/task_runner/standard_task_runner.py:70: DeprecationWarning: This process (pid=1431) is multi-threaded, use of fork() may lead to deadlocks in the child.
  pid = os.fork()

[2025-03-10T02:09:57.752+0000] {standard_task_runner.py:72} INFO - Started process 1433 to run task
[2025-03-10T02:09:57.752+0000] {standard_task_runner.py:104} INFO - Running: ['***', 'tasks', 'run', 'tiki_etl_orchestration', 'trigger_schema', 'scheduled__2025-03-09T00:00:00+00:00', '--job-id', '305', '--raw', '--subdir', 'DAGS_FOLDER/tiki_etl_orchestration.py', '--cfg-path', '/tmp/tmp9n3h_epi']
[2025-03-10T02:09:57.754+0000] {standard_task_runner.py:105} INFO - Job 305: Subtask trigger_schema
[2025-03-10T02:09:57.851+0000] {task_command.py:467} INFO - Running <TaskInstance: tiki_etl_orchestration.trigger_schema scheduled__2025-03-09T00:00:00+00:00 [running]> on host 72a6d77a3cc5
[2025-03-10T02:09:58.033+0000] {taskinstance.py:3134} INFO - Exporting env vars: AIRFLOW_CTX_DAG_OWNER='***' AIRFLOW_CTX_DAG_ID='tiki_etl_orchestration' AIRFLOW_CTX_TASK_ID='trigger_schema' AIRFLOW_CTX_EXECUTION_DATE='2025-03-09T00:00:00+00:00' AIRFLOW_CTX_TRY_NUMBER='1' AIRFLOW_CTX_DAG_RUN_ID='scheduled__2025-03-09T00:00:00+00:00'
[2025-03-10T02:09:58.035+0000] {logging_mixin.py:190} INFO - Task instance is in running state
[2025-03-10T02:09:58.036+0000] {logging_mixin.py:190} INFO -  Previous state of the Task instance: queued
[2025-03-10T02:09:58.037+0000] {logging_mixin.py:190} INFO - Current task name:trigger_schema state:running start_date:2025-03-10 02:09:57.477191+00:00
[2025-03-10T02:09:58.038+0000] {logging_mixin.py:190} INFO - Dag name:tiki_etl_orchestration and current dag run status:running
[2025-03-10T02:09:58.039+0000] {taskinstance.py:732} INFO - ::endgroup::
[2025-03-10T02:09:58.189+0000] {trigger_dagrun.py:257} INFO - Waiting for tiki_schema_management_dag on 2025-03-10 02:09:58.040261+00:00 to become allowed state ['success'] ...
[2025-03-10T02:10:08.205+0000] {trigger_dagrun.py:257} INFO - Waiting for tiki_schema_management_dag on 2025-03-10 02:09:58.040261+00:00 to become allowed state ['success'] ...
[2025-03-10T02:10:18.216+0000] {trigger_dagrun.py:271} INFO - tiki_schema_management_dag finished with allowed state success
[2025-03-10T02:10:18.233+0000] {taskinstance.py:341} INFO - ::group::Post task execution logs
[2025-03-10T02:10:18.234+0000] {taskinstance.py:353} INFO - Marking task as SUCCESS. dag_id=tiki_etl_orchestration, task_id=trigger_schema, run_id=scheduled__2025-03-09T00:00:00+00:00, execution_date=20250309T000000, start_date=20250310T020957, end_date=20250310T021018
[2025-03-10T02:10:18.269+0000] {logging_mixin.py:190} INFO - Task instance in success state
[2025-03-10T02:10:18.270+0000] {logging_mixin.py:190} INFO -  Previous state of the Task instance: running
[2025-03-10T02:10:18.271+0000] {logging_mixin.py:190} INFO - Dag name:tiki_etl_orchestration queued_at:2025-03-10 01:38:03.464508+00:00
[2025-03-10T02:10:18.271+0000] {logging_mixin.py:190} INFO - Task hostname:72a6d77a3cc5 operator:TriggerDagRunOperator
[2025-03-10T02:10:18.296+0000] {local_task_job_runner.py:266} INFO - Task exited with return code 0
[2025-03-10T02:10:18.334+0000] {taskinstance.py:3901} INFO - 1 downstream tasks scheduled from follow-on schedule check
[2025-03-10T02:10:18.339+0000] {local_task_job_runner.py:245} INFO - ::endgroup::
