[2025-03-11T09:55:18.687+0000] {local_task_job_runner.py:123} INFO - ::group::Pre task execution logs
[2025-03-11T09:55:19.867+0000] {taskinstance.py:2614} INFO - Dependencies all met for dep_context=non-requeueable deps ti=<TaskInstance: tiki_extract_dag.crawl_thiet-bi-kts-phu-kien-so manual__2025-03-11T09:54:25.561686+00:00 [queued]>
[2025-03-11T09:55:19.998+0000] {taskinstance.py:2614} INFO - Dependencies all met for dep_context=requeueable deps ti=<TaskInstance: tiki_extract_dag.crawl_thiet-bi-kts-phu-kien-so manual__2025-03-11T09:54:25.561686+00:00 [queued]>
[2025-03-11T09:55:20.006+0000] {taskinstance.py:2867} INFO - Starting attempt 1 of 4
[2025-03-11T09:55:20.167+0000] {taskinstance.py:2890} INFO - Executing <Task(PythonOperator): crawl_thiet-bi-kts-phu-kien-so> on 2025-03-11 09:54:25.561686+00:00
[2025-03-11T09:55:20.577+0000] {standard_task_runner.py:104} INFO - Running: ['***', 'tasks', 'run', 'tiki_extract_dag', 'crawl_thiet-bi-kts-phu-kien-so', 'manual__2025-03-11T09:54:25.561686+00:00', '--job-id', '587', '--raw', '--subdir', 'DAGS_FOLDER/tiki_extract_dag.py', '--cfg-path', '/tmp/tmpo4w6p3z4']
[2025-03-11T09:55:20.620+0000] {warnings.py:112} WARNING - /home/***/.local/lib/python3.12/site-packages/***/task/task_runner/standard_task_runner.py:70: DeprecationWarning: This process (pid=759) is multi-threaded, use of fork() may lead to deadlocks in the child.
  pid = os.fork()

[2025-03-11T09:55:20.649+0000] {standard_task_runner.py:72} INFO - Started process 798 to run task
[2025-03-11T09:55:20.645+0000] {standard_task_runner.py:105} INFO - Job 587: Subtask crawl_thiet-bi-kts-phu-kien-so
[2025-03-11T09:55:22.534+0000] {task_command.py:467} INFO - Running <TaskInstance: tiki_extract_dag.crawl_thiet-bi-kts-phu-kien-so manual__2025-03-11T09:54:25.561686+00:00 [running]> on host 5c8190d7da62
[2025-03-11T09:55:40.628+0000] {taskinstance.py:3134} INFO - Exporting env vars: AIRFLOW_CTX_DAG_OWNER='***' AIRFLOW_CTX_DAG_ID='tiki_extract_dag' AIRFLOW_CTX_TASK_ID='crawl_thiet-bi-kts-phu-kien-so' AIRFLOW_CTX_EXECUTION_DATE='2025-03-11T09:54:25.561686+00:00' AIRFLOW_CTX_TRY_NUMBER='1' AIRFLOW_CTX_DAG_RUN_ID='manual__2025-03-11T09:54:25.561686+00:00'
[2025-03-11T09:55:40.630+0000] {logging_mixin.py:190} INFO - Task instance is in running state
[2025-03-11T09:55:40.631+0000] {logging_mixin.py:190} INFO -  Previous state of the Task instance: queued
[2025-03-11T09:55:40.632+0000] {logging_mixin.py:190} INFO - Current task name:crawl_thiet-bi-kts-phu-kien-so state:running start_date:2025-03-11 09:55:19.872431+00:00
[2025-03-11T09:55:40.633+0000] {logging_mixin.py:190} INFO - Dag name:tiki_extract_dag and current dag run status:running
[2025-03-11T09:55:40.635+0000] {taskinstance.py:732} INFO - ::endgroup::
[2025-03-11T09:55:43.350+0000] {tiki_extract_dag.py:139} INFO - Starting crawl for category thiet-bi-kts-phu-kien-so (ID: 1815)
[2025-03-11T09:55:43.352+0000] {tiki_extract_dag.py:141} INFO - Calling API: https://tiki.vn/api/v2/products with params: {'page': 1, 'limit': 40, 'category': '1815'}
[2025-03-11T09:55:44.562+0000] {tiki_extract_dag.py:150} INFO - Total pages for thiet-bi-kts-phu-kien-so: 50 (limited to 50)
[2025-03-11T09:55:44.564+0000] {tiki_extract_dag.py:163} INFO - Calling API: https://tiki.vn/api/v2/products with params: {'page': 2, 'limit': 40, 'category': '1815'}
[2025-03-11T09:55:51.492+0000] {job.py:229} INFO - Heartbeat recovered after 13.62 seconds
[2025-03-11T09:55:51.868+0000] {tiki_extract_dag.py:183} INFO - Extracted page 2/50 for category thiet-bi-kts-phu-kien-so, total items: 1
[2025-03-11T09:56:11.216+0000] {tiki_extract_dag.py:163} INFO - Calling API: https://tiki.vn/api/v2/products with params: {'page': 3, 'limit': 40, 'category': '1815'}
[2025-03-11T09:56:20.642+0000] {tiki_extract_dag.py:120} ERROR - Error fetching details for product 271995193 on attempt 1/3: Expecting value: line 1 column 1 (char 0)
[2025-03-11T09:56:27.712+0000] {tiki_extract_dag.py:120} ERROR - Error fetching details for product 271995193 on attempt 2/3: Expecting value: line 1 column 1 (char 0)
[2025-03-11T09:56:36.049+0000] {tiki_extract_dag.py:120} ERROR - Error fetching details for product 271995193 on attempt 3/3: Expecting value: line 1 column 1 (char 0)
[2025-03-11T09:56:36.196+0000] {tiki_extract_dag.py:120} ERROR - Error fetching details for product 270701425 on attempt 1/3: Expecting value: line 1 column 1 (char 0)
[2025-03-11T09:56:42.202+0000] {tiki_extract_dag.py:120} ERROR - Error fetching details for product 270701425 on attempt 2/3: Expecting value: line 1 column 1 (char 0)
[2025-03-11T09:56:47.593+0000] {tiki_extract_dag.py:120} ERROR - Error fetching details for product 270701425 on attempt 3/3: Expecting value: line 1 column 1 (char 0)
[2025-03-11T09:56:47.762+0000] {tiki_extract_dag.py:120} ERROR - Error fetching details for product 213701520 on attempt 1/3: Expecting value: line 1 column 1 (char 0)
[2025-03-11T09:56:56.214+0000] {tiki_extract_dag.py:120} ERROR - Error fetching details for product 213701520 on attempt 2/3: Expecting value: line 1 column 1 (char 0)
[2025-03-11T09:57:20.303+0000] {tiki_extract_dag.py:120} ERROR - Error fetching details for product 136818264 on attempt 1/3: Expecting value: line 1 column 1 (char 0)
[2025-03-11T09:57:26.032+0000] {tiki_extract_dag.py:120} ERROR - Error fetching details for product 136818264 on attempt 2/3: Expecting value: line 1 column 1 (char 0)
[2025-03-11T09:57:34.691+0000] {tiki_extract_dag.py:120} ERROR - Error fetching details for product 136818264 on attempt 3/3: Expecting value: line 1 column 1 (char 0)
[2025-03-11T09:57:34.869+0000] {tiki_extract_dag.py:120} ERROR - Error fetching details for product 135078386 on attempt 1/3: Expecting value: line 1 column 1 (char 0)
[2025-03-11T09:57:43.434+0000] {tiki_extract_dag.py:120} ERROR - Error fetching details for product 135078386 on attempt 2/3: Expecting value: line 1 column 1 (char 0)
[2025-03-11T09:57:55.372+0000] {tiki_extract_dag.py:120} ERROR - Error fetching details for product 135078386 on attempt 3/3: Expecting value: line 1 column 1 (char 0)
[2025-03-11T09:57:55.545+0000] {tiki_extract_dag.py:120} ERROR - Error fetching details for product 130172342 on attempt 1/3: Expecting value: line 1 column 1 (char 0)
[2025-03-11T09:58:22.569+0000] {tiki_extract_dag.py:120} ERROR - Error fetching details for product 1998347 on attempt 1/3: Expecting value: line 1 column 1 (char 0)
[2025-03-11T09:58:30.527+0000] {tiki_extract_dag.py:120} ERROR - Error fetching details for product 1998347 on attempt 2/3: Expecting value: line 1 column 1 (char 0)
[2025-03-11T09:58:39.050+0000] {tiki_extract_dag.py:120} ERROR - Error fetching details for product 1998347 on attempt 3/3: Expecting value: line 1 column 1 (char 0)
[2025-03-11T09:58:39.199+0000] {tiki_extract_dag.py:120} ERROR - Error fetching details for product 126003 on attempt 1/3: Expecting value: line 1 column 1 (char 0)
[2025-03-11T09:58:47.010+0000] {tiki_extract_dag.py:120} ERROR - Error fetching details for product 126003 on attempt 2/3: Expecting value: line 1 column 1 (char 0)
[2025-03-11T09:58:52.203+0000] {tiki_extract_dag.py:120} ERROR - Error fetching details for product 126003 on attempt 3/3: Expecting value: line 1 column 1 (char 0)
[2025-03-11T09:58:52.207+0000] {tiki_extract_dag.py:183} INFO - Extracted page 3/50 for category thiet-bi-kts-phu-kien-so, total items: 41
[2025-03-11T09:59:11.140+0000] {tiki_extract_dag.py:163} INFO - Calling API: https://tiki.vn/api/v2/products with params: {'page': 4, 'limit': 40, 'category': '1815'}
[2025-03-11T09:59:32.617+0000] {tiki_extract_dag.py:183} INFO - Extracted page 4/50 for category thiet-bi-kts-phu-kien-so, total items: 81
[2025-03-11T09:59:49.046+0000] {tiki_extract_dag.py:163} INFO - Calling API: https://tiki.vn/api/v2/products with params: {'page': 5, 'limit': 40, 'category': '1815'}
[2025-03-11T09:59:49.228+0000] {tiki_extract_dag.py:186} ERROR - API error at page 5 in category thiet-bi-kts-phu-kien-so on attempt 1/3: Expecting value: line 1 column 1 (char 0)
[2025-03-11T09:59:57.530+0000] {tiki_extract_dag.py:186} ERROR - API error at page 5 in category thiet-bi-kts-phu-kien-so on attempt 2/3: Expecting value: line 1 column 1 (char 0)
[2025-03-11T10:00:30.826+0000] {tiki_extract_dag.py:183} INFO - Extracted page 5/50 for category thiet-bi-kts-phu-kien-so, total items: 121
[2025-03-11T10:00:48.063+0000] {tiki_extract_dag.py:163} INFO - Calling API: https://tiki.vn/api/v2/products with params: {'page': 6, 'limit': 40, 'category': '1815'}
[2025-03-11T10:00:48.217+0000] {tiki_extract_dag.py:186} ERROR - API error at page 6 in category thiet-bi-kts-phu-kien-so on attempt 1/3: Expecting value: line 1 column 1 (char 0)
[2025-03-11T10:00:57.827+0000] {tiki_extract_dag.py:186} ERROR - API error at page 6 in category thiet-bi-kts-phu-kien-so on attempt 2/3: Expecting value: line 1 column 1 (char 0)
[2025-03-11T10:01:20.464+0000] {tiki_extract_dag.py:183} INFO - Extracted page 6/50 for category thiet-bi-kts-phu-kien-so, total items: 160
[2025-03-11T10:01:40.130+0000] {tiki_extract_dag.py:163} INFO - Calling API: https://tiki.vn/api/v2/products with params: {'page': 7, 'limit': 40, 'category': '1815'}
[2025-03-11T10:01:44.989+0000] {tiki_extract_dag.py:120} ERROR - Error fetching details for product 242715477 on attempt 1/3: Expecting value: line 1 column 1 (char 0)
[2025-03-11T10:01:54.930+0000] {tiki_extract_dag.py:120} ERROR - Error fetching details for product 242715477 on attempt 2/3: Expecting value: line 1 column 1 (char 0)
[2025-03-11T10:02:13.159+0000] {tiki_extract_dag.py:183} INFO - Extracted page 7/50 for category thiet-bi-kts-phu-kien-so, total items: 200
[2025-03-11T10:02:29.699+0000] {tiki_extract_dag.py:163} INFO - Calling API: https://tiki.vn/api/v2/products with params: {'page': 8, 'limit': 40, 'category': '1815'}
[2025-03-11T10:02:47.410+0000] {tiki_extract_dag.py:183} INFO - Extracted page 8/50 for category thiet-bi-kts-phu-kien-so, total items: 240
[2025-03-11T10:03:07.016+0000] {tiki_extract_dag.py:163} INFO - Calling API: https://tiki.vn/api/v2/products with params: {'page': 9, 'limit': 40, 'category': '1815'}
[2025-03-11T10:03:24.879+0000] {tiki_extract_dag.py:120} ERROR - Error fetching details for product 56248615 on attempt 1/3: Expecting value: line 1 column 1 (char 0)
[2025-03-11T10:03:31.793+0000] {tiki_extract_dag.py:120} ERROR - Error fetching details for product 56248615 on attempt 2/3: Expecting value: line 1 column 1 (char 0)
[2025-03-11T10:03:40.691+0000] {tiki_extract_dag.py:183} INFO - Extracted page 9/50 for category thiet-bi-kts-phu-kien-so, total items: 280
[2025-03-11T10:03:56.746+0000] {tiki_extract_dag.py:163} INFO - Calling API: https://tiki.vn/api/v2/products with params: {'page': 10, 'limit': 40, 'category': '1815'}
[2025-03-11T10:03:57.321+0000] {tiki_extract_dag.py:120} ERROR - Error fetching details for product 276286500 on attempt 1/3: Expecting value: line 1 column 1 (char 0)
[2025-03-11T10:04:17.750+0000] {tiki_extract_dag.py:183} INFO - Extracted page 10/50 for category thiet-bi-kts-phu-kien-so, total items: 320
[2025-03-11T10:04:33.900+0000] {tiki_extract_dag.py:163} INFO - Calling API: https://tiki.vn/api/v2/products with params: {'page': 11, 'limit': 40, 'category': '1815'}
[2025-03-11T10:04:50.040+0000] {tiki_extract_dag.py:120} ERROR - Error fetching details for product 1600005 on attempt 1/3: Expecting value: line 1 column 1 (char 0)
[2025-03-11T10:04:56.281+0000] {tiki_extract_dag.py:120} ERROR - Error fetching details for product 1600005 on attempt 2/3: Expecting value: line 1 column 1 (char 0)
[2025-03-11T10:05:04.505+0000] {tiki_extract_dag.py:183} INFO - Extracted page 11/50 for category thiet-bi-kts-phu-kien-so, total items: 360
[2025-03-11T10:05:20.400+0000] {tiki_extract_dag.py:163} INFO - Calling API: https://tiki.vn/api/v2/products with params: {'page': 12, 'limit': 40, 'category': '1815'}
[2025-03-11T10:05:32.092+0000] {tiki_extract_dag.py:120} ERROR - Error fetching details for product 32292159 on attempt 1/3: Expecting value: line 1 column 1 (char 0)
[2025-03-11T10:05:43.606+0000] {tiki_extract_dag.py:183} INFO - Extracted page 12/50 for category thiet-bi-kts-phu-kien-so, total items: 400
[2025-03-11T10:06:01.745+0000] {tiki_extract_dag.py:163} INFO - Calling API: https://tiki.vn/api/v2/products with params: {'page': 13, 'limit': 40, 'category': '1815'}
[2025-03-11T10:06:15.923+0000] {tiki_extract_dag.py:183} INFO - Extracted page 13/50 for category thiet-bi-kts-phu-kien-so, total items: 440
[2025-03-11T10:06:33.006+0000] {tiki_extract_dag.py:163} INFO - Calling API: https://tiki.vn/api/v2/products with params: {'page': 14, 'limit': 40, 'category': '1815'}
[2025-03-11T10:06:33.161+0000] {tiki_extract_dag.py:186} ERROR - API error at page 14 in category thiet-bi-kts-phu-kien-so on attempt 1/3: Expecting value: line 1 column 1 (char 0)
[2025-03-11T10:06:52.179+0000] {tiki_extract_dag.py:120} ERROR - Error fetching details for product 93275642 on attempt 1/3: Expecting value: line 1 column 1 (char 0)
[2025-03-11T10:07:05.305+0000] {tiki_extract_dag.py:183} INFO - Extracted page 14/50 for category thiet-bi-kts-phu-kien-so, total items: 480
[2025-03-11T10:07:20.993+0000] {tiki_extract_dag.py:163} INFO - Calling API: https://tiki.vn/api/v2/products with params: {'page': 15, 'limit': 40, 'category': '1815'}
[2025-03-11T10:07:30.049+0000] {tiki_extract_dag.py:120} ERROR - Error fetching details for product 97547734 on attempt 1/3: Expecting value: line 1 column 1 (char 0)
[2025-03-11T10:07:44.887+0000] {tiki_extract_dag.py:183} INFO - Extracted page 15/50 for category thiet-bi-kts-phu-kien-so, total items: 520
[2025-03-11T10:08:01.595+0000] {tiki_extract_dag.py:163} INFO - Calling API: https://tiki.vn/api/v2/products with params: {'page': 16, 'limit': 40, 'category': '1815'}
[2025-03-11T10:08:17.371+0000] {tiki_extract_dag.py:183} INFO - Extracted page 16/50 for category thiet-bi-kts-phu-kien-so, total items: 560
[2025-03-11T10:08:34.727+0000] {tiki_extract_dag.py:163} INFO - Calling API: https://tiki.vn/api/v2/products with params: {'page': 17, 'limit': 40, 'category': '1815'}
[2025-03-11T10:08:46.942+0000] {tiki_extract_dag.py:120} ERROR - Error fetching details for product 91190769 on attempt 1/3: Expecting value: line 1 column 1 (char 0)
[2025-03-11T10:08:53.526+0000] {tiki_extract_dag.py:120} ERROR - Error fetching details for product 91190769 on attempt 2/3: Expecting value: line 1 column 1 (char 0)
[2025-03-11T10:09:05.922+0000] {tiki_extract_dag.py:183} INFO - Extracted page 17/50 for category thiet-bi-kts-phu-kien-so, total items: 600
[2025-03-11T10:09:24.845+0000] {tiki_extract_dag.py:163} INFO - Calling API: https://tiki.vn/api/v2/products with params: {'page': 18, 'limit': 40, 'category': '1815'}
[2025-03-11T10:09:32.652+0000] {tiki_extract_dag.py:120} ERROR - Error fetching details for product 109876799 on attempt 1/3: Expecting value: line 1 column 1 (char 0)
[2025-03-11T10:09:47.861+0000] {tiki_extract_dag.py:183} INFO - Extracted page 18/50 for category thiet-bi-kts-phu-kien-so, total items: 640
[2025-03-11T10:10:04.008+0000] {tiki_extract_dag.py:163} INFO - Calling API: https://tiki.vn/api/v2/products with params: {'page': 19, 'limit': 40, 'category': '1815'}
[2025-03-11T10:10:20.610+0000] {tiki_extract_dag.py:183} INFO - Extracted page 19/50 for category thiet-bi-kts-phu-kien-so, total items: 680
[2025-03-11T10:10:35.975+0000] {tiki_extract_dag.py:163} INFO - Calling API: https://tiki.vn/api/v2/products with params: {'page': 20, 'limit': 40, 'category': '1815'}
[2025-03-11T10:10:47.268+0000] {tiki_extract_dag.py:120} ERROR - Error fetching details for product 105612368 on attempt 1/3: Expecting value: line 1 column 1 (char 0)
[2025-03-11T10:10:54.154+0000] {tiki_extract_dag.py:120} ERROR - Error fetching details for product 105612368 on attempt 2/3: Expecting value: line 1 column 1 (char 0)
[2025-03-11T10:10:59.769+0000] {tiki_extract_dag.py:120} ERROR - Error fetching details for product 105612368 on attempt 3/3: Expecting value: line 1 column 1 (char 0)
[2025-03-11T10:10:59.919+0000] {tiki_extract_dag.py:120} ERROR - Error fetching details for product 103615993 on attempt 1/3: Expecting value: line 1 column 1 (char 0)
[2025-03-11T10:11:26.670+0000] {connectionpool.py:868} WARNING - Retrying (Retry(total=4, connect=5, read=4, redirect=None, status=None)) after connection broken by 'ReadTimeoutError("HTTPSConnectionPool(host='tiki.vn', port=443): Read timed out. (read timeout=15)")': /api/v2/products/55596971
[2025-03-11T10:11:36.765+0000] {connectionpool.py:868} WARNING - Retrying (Retry(total=3, connect=4, read=4, redirect=None, status=None)) after connection broken by 'NameResolutionError("<urllib3.connection.HTTPSConnection object at 0x7f729b6e8b00>: Failed to resolve 'tiki.vn' ([Errno -3] Temporary failure in name resolution)")': /api/v2/products/55596971
[2025-03-11T10:11:48.782+0000] {connectionpool.py:868} WARNING - Retrying (Retry(total=2, connect=3, read=4, redirect=None, status=None)) after connection broken by 'NameResolutionError("<urllib3.connection.HTTPSConnection object at 0x7f729b6e8cb0>: Failed to resolve 'tiki.vn' ([Errno -3] Temporary failure in name resolution)")': /api/v2/products/55596971
[2025-03-11T10:11:57.709+0000] {tiki_extract_dag.py:183} INFO - Extracted page 20/50 for category thiet-bi-kts-phu-kien-so, total items: 720
[2025-03-11T10:12:13.790+0000] {tiki_extract_dag.py:163} INFO - Calling API: https://tiki.vn/api/v2/products with params: {'page': 21, 'limit': 40, 'category': '1815'}
[2025-03-11T10:12:28.570+0000] {tiki_extract_dag.py:120} ERROR - Error fetching details for product 77917907 on attempt 1/3: Expecting value: line 1 column 1 (char 0)
[2025-03-11T10:12:37.398+0000] {tiki_extract_dag.py:120} ERROR - Error fetching details for product 77917907 on attempt 2/3: Expecting value: line 1 column 1 (char 0)
[2025-03-11T10:12:49.481+0000] {tiki_extract_dag.py:183} INFO - Extracted page 21/50 for category thiet-bi-kts-phu-kien-so, total items: 760
[2025-03-11T10:13:04.952+0000] {tiki_extract_dag.py:163} INFO - Calling API: https://tiki.vn/api/v2/products with params: {'page': 22, 'limit': 40, 'category': '1815'}
[2025-03-11T10:13:18.277+0000] {tiki_extract_dag.py:183} INFO - Extracted page 22/50 for category thiet-bi-kts-phu-kien-so, total items: 800
[2025-03-11T10:13:37.192+0000] {tiki_extract_dag.py:163} INFO - Calling API: https://tiki.vn/api/v2/products with params: {'page': 23, 'limit': 40, 'category': '1815'}
[2025-03-11T10:13:38.207+0000] {tiki_extract_dag.py:120} ERROR - Error fetching details for product 276254184 on attempt 1/3: Expecting value: line 1 column 1 (char 0)
[2025-03-11T10:14:01.913+0000] {tiki_extract_dag.py:183} INFO - Extracted page 23/50 for category thiet-bi-kts-phu-kien-so, total items: 840
[2025-03-11T10:14:20.802+0000] {tiki_extract_dag.py:163} INFO - Calling API: https://tiki.vn/api/v2/products with params: {'page': 24, 'limit': 40, 'category': '1815'}
[2025-03-11T10:14:32.950+0000] {tiki_extract_dag.py:120} ERROR - Error fetching details for product 157244873 on attempt 1/3: Expecting value: line 1 column 1 (char 0)
[2025-03-11T10:14:39.995+0000] {tiki_extract_dag.py:120} ERROR - Error fetching details for product 157244873 on attempt 2/3: Expecting value: line 1 column 1 (char 0)
[2025-03-11T10:14:54.120+0000] {tiki_extract_dag.py:183} INFO - Extracted page 24/50 for category thiet-bi-kts-phu-kien-so, total items: 880
[2025-03-11T10:15:13.044+0000] {tiki_extract_dag.py:163} INFO - Calling API: https://tiki.vn/api/v2/products with params: {'page': 25, 'limit': 40, 'category': '1815'}
[2025-03-11T10:15:32.015+0000] {tiki_extract_dag.py:183} INFO - Extracted page 25/50 for category thiet-bi-kts-phu-kien-so, total items: 920
[2025-03-11T10:15:47.481+0000] {tiki_extract_dag.py:163} INFO - Calling API: https://tiki.vn/api/v2/products with params: {'page': 26, 'limit': 40, 'category': '1815'}
[2025-03-11T10:16:00.615+0000] {tiki_extract_dag.py:183} INFO - Extracted page 26/50 for category thiet-bi-kts-phu-kien-so, total items: 960
[2025-03-11T10:16:15.837+0000] {tiki_extract_dag.py:163} INFO - Calling API: https://tiki.vn/api/v2/products with params: {'page': 27, 'limit': 40, 'category': '1815'}
[2025-03-11T10:16:28.690+0000] {tiki_extract_dag.py:120} ERROR - Error fetching details for product 76480366 on attempt 1/3: Expecting value: line 1 column 1 (char 0)
[2025-03-11T10:16:33.915+0000] {tiki_extract_dag.py:120} ERROR - Error fetching details for product 76480366 on attempt 2/3: Expecting value: line 1 column 1 (char 0)
[2025-03-11T10:16:39.302+0000] {tiki_extract_dag.py:120} ERROR - Error fetching details for product 76480366 on attempt 3/3: Expecting value: line 1 column 1 (char 0)
[2025-03-11T10:16:39.462+0000] {tiki_extract_dag.py:120} ERROR - Error fetching details for product 76357325 on attempt 1/3: Expecting value: line 1 column 1 (char 0)
[2025-03-11T10:16:46.347+0000] {tiki_extract_dag.py:183} INFO - Extracted page 27/50 for category thiet-bi-kts-phu-kien-so, total items: 1000
[2025-03-11T10:17:04.533+0000] {tiki_extract_dag.py:163} INFO - Calling API: https://tiki.vn/api/v2/products with params: {'page': 28, 'limit': 40, 'category': '1815'}
[2025-03-11T10:17:17.898+0000] {tiki_extract_dag.py:183} INFO - Extracted page 28/50 for category thiet-bi-kts-phu-kien-so, total items: 1040
[2025-03-11T10:17:36.883+0000] {tiki_extract_dag.py:163} INFO - Calling API: https://tiki.vn/api/v2/products with params: {'page': 29, 'limit': 40, 'category': '1815'}
[2025-03-11T10:17:37.060+0000] {tiki_extract_dag.py:186} ERROR - API error at page 29 in category thiet-bi-kts-phu-kien-so on attempt 1/3: Expecting value: line 1 column 1 (char 0)
[2025-03-11T10:17:44.660+0000] {tiki_extract_dag.py:186} ERROR - API error at page 29 in category thiet-bi-kts-phu-kien-so on attempt 2/3: Expecting value: line 1 column 1 (char 0)
[2025-03-11T10:18:05.181+0000] {tiki_extract_dag.py:183} INFO - Extracted page 29/50 for category thiet-bi-kts-phu-kien-so, total items: 1080
[2025-03-11T10:18:23.166+0000] {tiki_extract_dag.py:163} INFO - Calling API: https://tiki.vn/api/v2/products with params: {'page': 30, 'limit': 40, 'category': '1815'}
[2025-03-11T10:18:33.008+0000] {tiki_extract_dag.py:120} ERROR - Error fetching details for product 117892222 on attempt 1/3: Expecting value: line 1 column 1 (char 0)
[2025-03-11T10:18:42.525+0000] {tiki_extract_dag.py:120} ERROR - Error fetching details for product 117892222 on attempt 2/3: Expecting value: line 1 column 1 (char 0)
[2025-03-11T10:18:56.209+0000] {tiki_extract_dag.py:183} INFO - Extracted page 30/50 for category thiet-bi-kts-phu-kien-so, total items: 1120
[2025-03-11T10:19:13.108+0000] {tiki_extract_dag.py:163} INFO - Calling API: https://tiki.vn/api/v2/products with params: {'page': 31, 'limit': 40, 'category': '1815'}
[2025-03-11T10:19:31.807+0000] {tiki_extract_dag.py:120} ERROR - Error fetching details for product 2066599 on attempt 1/3: Expecting value: line 1 column 1 (char 0)
[2025-03-11T10:19:39.724+0000] {tiki_extract_dag.py:120} ERROR - Error fetching details for product 2066599 on attempt 2/3: Expecting value: line 1 column 1 (char 0)
[2025-03-11T10:19:48.846+0000] {tiki_extract_dag.py:183} INFO - Extracted page 31/50 for category thiet-bi-kts-phu-kien-so, total items: 1160
[2025-03-11T10:20:05.386+0000] {tiki_extract_dag.py:163} INFO - Calling API: https://tiki.vn/api/v2/products with params: {'page': 32, 'limit': 40, 'category': '1815'}
[2025-03-11T10:20:20.390+0000] {tiki_extract_dag.py:183} INFO - Extracted page 32/50 for category thiet-bi-kts-phu-kien-so, total items: 1200
[2025-03-11T10:20:37.578+0000] {tiki_extract_dag.py:163} INFO - Calling API: https://tiki.vn/api/v2/products with params: {'page': 33, 'limit': 40, 'category': '1815'}
[2025-03-11T10:20:54.124+0000] {tiki_extract_dag.py:183} INFO - Extracted page 33/50 for category thiet-bi-kts-phu-kien-so, total items: 1240
[2025-03-11T10:21:13.870+0000] {tiki_extract_dag.py:163} INFO - Calling API: https://tiki.vn/api/v2/products with params: {'page': 34, 'limit': 40, 'category': '1815'}
[2025-03-11T10:21:29.371+0000] {tiki_extract_dag.py:120} ERROR - Error fetching details for product 57523356 on attempt 1/3: Expecting value: line 1 column 1 (char 0)
[2025-03-11T10:21:38.114+0000] {tiki_extract_dag.py:120} ERROR - Error fetching details for product 57523356 on attempt 2/3: Expecting value: line 1 column 1 (char 0)
[2025-03-11T10:21:47.528+0000] {tiki_extract_dag.py:183} INFO - Extracted page 34/50 for category thiet-bi-kts-phu-kien-so, total items: 1280
[2025-03-11T10:22:05.422+0000] {tiki_extract_dag.py:163} INFO - Calling API: https://tiki.vn/api/v2/products with params: {'page': 35, 'limit': 40, 'category': '1815'}
[2025-03-11T10:22:20.887+0000] {tiki_extract_dag.py:183} INFO - Extracted page 35/50 for category thiet-bi-kts-phu-kien-so, total items: 1320
[2025-03-11T10:22:40.874+0000] {tiki_extract_dag.py:163} INFO - Calling API: https://tiki.vn/api/v2/products with params: {'page': 36, 'limit': 40, 'category': '1815'}
[2025-03-11T10:22:55.600+0000] {tiki_extract_dag.py:183} INFO - Extracted page 36/50 for category thiet-bi-kts-phu-kien-so, total items: 1360
[2025-03-11T10:23:14.743+0000] {tiki_extract_dag.py:163} INFO - Calling API: https://tiki.vn/api/v2/products with params: {'page': 37, 'limit': 40, 'category': '1815'}
[2025-03-11T10:23:29.838+0000] {tiki_extract_dag.py:183} INFO - Extracted page 37/50 for category thiet-bi-kts-phu-kien-so, total items: 1400
[2025-03-11T10:23:48.301+0000] {tiki_extract_dag.py:163} INFO - Calling API: https://tiki.vn/api/v2/products with params: {'page': 38, 'limit': 40, 'category': '1815'}
[2025-03-11T10:24:06.934+0000] {tiki_extract_dag.py:183} INFO - Extracted page 38/50 for category thiet-bi-kts-phu-kien-so, total items: 1440
[2025-03-11T10:24:22.043+0000] {tiki_extract_dag.py:163} INFO - Calling API: https://tiki.vn/api/v2/products with params: {'page': 39, 'limit': 40, 'category': '1815'}
[2025-03-11T10:24:32.927+0000] {tiki_extract_dag.py:120} ERROR - Error fetching details for product 165600414 on attempt 1/3: Expecting value: line 1 column 1 (char 0)
[2025-03-11T10:24:42.092+0000] {tiki_extract_dag.py:120} ERROR - Error fetching details for product 165600414 on attempt 2/3: Expecting value: line 1 column 1 (char 0)
[2025-03-11T10:24:58.130+0000] {tiki_extract_dag.py:183} INFO - Extracted page 39/50 for category thiet-bi-kts-phu-kien-so, total items: 1480
[2025-03-11T10:25:16.312+0000] {tiki_extract_dag.py:163} INFO - Calling API: https://tiki.vn/api/v2/products with params: {'page': 40, 'limit': 40, 'category': '1815'}
[2025-03-11T10:25:33.828+0000] {tiki_extract_dag.py:183} INFO - Extracted page 40/50 for category thiet-bi-kts-phu-kien-so, total items: 1520
[2025-03-11T10:25:53.213+0000] {tiki_extract_dag.py:163} INFO - Calling API: https://tiki.vn/api/v2/products with params: {'page': 41, 'limit': 40, 'category': '1815'}
[2025-03-11T10:26:12.247+0000] {tiki_extract_dag.py:183} INFO - Extracted page 41/50 for category thiet-bi-kts-phu-kien-so, total items: 1560
[2025-03-11T10:26:27.856+0000] {tiki_extract_dag.py:163} INFO - Calling API: https://tiki.vn/api/v2/products with params: {'page': 42, 'limit': 40, 'category': '1815'}
[2025-03-11T10:26:37.899+0000] {tiki_extract_dag.py:120} ERROR - Error fetching details for product 207755418 on attempt 1/3: Expecting value: line 1 column 1 (char 0)
[2025-03-11T10:26:56.772+0000] {tiki_extract_dag.py:183} INFO - Extracted page 42/50 for category thiet-bi-kts-phu-kien-so, total items: 1600
[2025-03-11T10:27:15.346+0000] {tiki_extract_dag.py:163} INFO - Calling API: https://tiki.vn/api/v2/products with params: {'page': 43, 'limit': 40, 'category': '1815'}
[2025-03-11T10:27:34.648+0000] {tiki_extract_dag.py:183} INFO - Extracted page 43/50 for category thiet-bi-kts-phu-kien-so, total items: 1640
[2025-03-11T10:27:52.916+0000] {tiki_extract_dag.py:163} INFO - Calling API: https://tiki.vn/api/v2/products with params: {'page': 44, 'limit': 40, 'category': '1815'}
[2025-03-11T10:27:56.916+0000] {taskinstance.py:3313} ERROR - Task failed with exception
Traceback (most recent call last):
  File "/home/airflow/.local/lib/python3.12/site-packages/airflow/models/taskinstance.py", line 768, in _execute_task
    result = _execute_callable(context=context, **execute_callable_kwargs)
             ^^^^^^^^^^^^^^^^^^^^^^^^^^^^^^^^^^^^^^^^^^^^^^^^^^^^^^^^^^^^^
  File "/home/airflow/.local/lib/python3.12/site-packages/airflow/models/taskinstance.py", line 734, in _execute_callable
    return ExecutionCallableRunner(
           ^^^^^^^^^^^^^^^^^^^^^^^^
  File "/home/airflow/.local/lib/python3.12/site-packages/airflow/utils/operator_helpers.py", line 252, in run
    return self.func(*args, **kwargs)
           ^^^^^^^^^^^^^^^^^^^^^^^^^^
  File "/home/airflow/.local/lib/python3.12/site-packages/airflow/models/baseoperator.py", line 424, in wrapper
    return func(self, *args, **kwargs)
           ^^^^^^^^^^^^^^^^^^^^^^^^^^^
  File "/home/airflow/.local/lib/python3.12/site-packages/airflow/operators/python.py", line 238, in execute
    return_value = self.execute_callable()
                   ^^^^^^^^^^^^^^^^^^^^^^^
  File "/home/airflow/.local/lib/python3.12/site-packages/airflow/operators/python.py", line 256, in execute_callable
    return runner.run(*self.op_args, **self.op_kwargs)
           ^^^^^^^^^^^^^^^^^^^^^^^^^^^^^^^^^^^^^^^^^^^
  File "/home/airflow/.local/lib/python3.12/site-packages/airflow/utils/operator_helpers.py", line 252, in run
    return self.func(*args, **kwargs)
           ^^^^^^^^^^^^^^^^^^^^^^^^^^
  File "/opt/airflow/dags/tiki_extract_dag.py", line 179, in crawl_category
    parsed_item = parse_product(item, detailed_item)
                  ^^^^^^^^^^^^^^^^^^^^^^^^^^^^^^^^^^
  File "/opt/airflow/dags/tiki_extract_dag.py", line 90, in parse_product
    'seller_product_id': str(detailed_item.get('current_seller', {}).get('product_id', '')),
                             ^^^^^^^^^^^^^^^^^^^^^^^^^^^^^^^^^^^^^^^^^^^
AttributeError: 'NoneType' object has no attribute 'get'
[2025-03-11T10:27:58.195+0000] {logging_mixin.py:190} INFO - Task instance in failure state
[2025-03-11T10:27:58.200+0000] {logging_mixin.py:190} INFO - Task start:2025-03-11 09:55:19.872431+00:00 end:2025-03-11 10:27:58.145339+00:00 duration:1958.272908
[2025-03-11T10:27:58.215+0000] {logging_mixin.py:190} INFO - Task:<Task(PythonOperator): crawl_thiet-bi-kts-phu-kien-so> dag:<DAG: tiki_extract_dag> dagrun:<DagRun tiki_extract_dag @ 2025-03-11 09:54:25.561686+00:00: manual__2025-03-11T09:54:25.561686+00:00, state:running, queued_at: 2025-03-11 09:54:25.681807+00:00. externally triggered: True>
[2025-03-11T10:27:58.224+0000] {logging_mixin.py:190} INFO - Failure caused by 'NoneType' object has no attribute 'get'
[2025-03-11T10:27:58.228+0000] {taskinstance.py:1226} INFO - Marking task as UP_FOR_RETRY. dag_id=tiki_extract_dag, task_id=crawl_thiet-bi-kts-phu-kien-so, run_id=manual__2025-03-11T09:54:25.561686+00:00, execution_date=20250311T095425, start_date=20250311T095519, end_date=20250311T102758
[2025-03-11T10:27:59.201+0000] {taskinstance.py:341} INFO - ::group::Post task execution logs
[2025-03-11T10:27:59.228+0000] {standard_task_runner.py:124} ERROR - Failed to execute job 587 for task crawl_thiet-bi-kts-phu-kien-so ('NoneType' object has no attribute 'get'; 798)
Traceback (most recent call last):
  File "/home/airflow/.local/lib/python3.12/site-packages/airflow/task/task_runner/standard_task_runner.py", line 117, in _start_by_fork
    ret = args.func(args, dag=self.dag)
          ^^^^^^^^^^^^^^^^^^^^^^^^^^^^^
  File "/home/airflow/.local/lib/python3.12/site-packages/airflow/cli/cli_config.py", line 49, in command
    return func(*args, **kwargs)
           ^^^^^^^^^^^^^^^^^^^^^
  File "/home/airflow/.local/lib/python3.12/site-packages/airflow/utils/cli.py", line 116, in wrapper
    return f(*args, **kwargs)
           ^^^^^^^^^^^^^^^^^^
  File "/home/airflow/.local/lib/python3.12/site-packages/airflow/cli/commands/task_command.py", line 483, in task_run
    task_return_code = _run_task_by_selected_method(args, _dag, ti)
                       ^^^^^^^^^^^^^^^^^^^^^^^^^^^^^^^^^^^^^^^^^^^^
  File "/home/airflow/.local/lib/python3.12/site-packages/airflow/cli/commands/task_command.py", line 256, in _run_task_by_selected_method
    return _run_raw_task(args, ti)
           ^^^^^^^^^^^^^^^^^^^^^^^
  File "/home/airflow/.local/lib/python3.12/site-packages/airflow/cli/commands/task_command.py", line 341, in _run_raw_task
    return ti._run_raw_task(
           ^^^^^^^^^^^^^^^^^
  File "/home/airflow/.local/lib/python3.12/site-packages/airflow/utils/session.py", line 97, in wrapper
    return func(*args, session=session, **kwargs)
           ^^^^^^^^^^^^^^^^^^^^^^^^^^^^^^^^^^^^^^
  File "/home/airflow/.local/lib/python3.12/site-packages/airflow/models/taskinstance.py", line 3006, in _run_raw_task
    return _run_raw_task(
           ^^^^^^^^^^^^^^
  File "/home/airflow/.local/lib/python3.12/site-packages/airflow/models/taskinstance.py", line 274, in _run_raw_task
    TaskInstance._execute_task_with_callbacks(
  File "/home/airflow/.local/lib/python3.12/site-packages/airflow/models/taskinstance.py", line 3161, in _execute_task_with_callbacks
    result = self._execute_task(context, task_orig)
             ^^^^^^^^^^^^^^^^^^^^^^^^^^^^^^^^^^^^^^
  File "/home/airflow/.local/lib/python3.12/site-packages/airflow/models/taskinstance.py", line 3185, in _execute_task
    return _execute_task(self, context, task_orig)
           ^^^^^^^^^^^^^^^^^^^^^^^^^^^^^^^^^^^^^^^
  File "/home/airflow/.local/lib/python3.12/site-packages/airflow/models/taskinstance.py", line 768, in _execute_task
    result = _execute_callable(context=context, **execute_callable_kwargs)
             ^^^^^^^^^^^^^^^^^^^^^^^^^^^^^^^^^^^^^^^^^^^^^^^^^^^^^^^^^^^^^
  File "/home/airflow/.local/lib/python3.12/site-packages/airflow/models/taskinstance.py", line 734, in _execute_callable
    return ExecutionCallableRunner(
           ^^^^^^^^^^^^^^^^^^^^^^^^
  File "/home/airflow/.local/lib/python3.12/site-packages/airflow/utils/operator_helpers.py", line 252, in run
    return self.func(*args, **kwargs)
           ^^^^^^^^^^^^^^^^^^^^^^^^^^
  File "/home/airflow/.local/lib/python3.12/site-packages/airflow/models/baseoperator.py", line 424, in wrapper
    return func(self, *args, **kwargs)
           ^^^^^^^^^^^^^^^^^^^^^^^^^^^
  File "/home/airflow/.local/lib/python3.12/site-packages/airflow/operators/python.py", line 238, in execute
    return_value = self.execute_callable()
                   ^^^^^^^^^^^^^^^^^^^^^^^
  File "/home/airflow/.local/lib/python3.12/site-packages/airflow/operators/python.py", line 256, in execute_callable
    return runner.run(*self.op_args, **self.op_kwargs)
           ^^^^^^^^^^^^^^^^^^^^^^^^^^^^^^^^^^^^^^^^^^^
  File "/home/airflow/.local/lib/python3.12/site-packages/airflow/utils/operator_helpers.py", line 252, in run
    return self.func(*args, **kwargs)
           ^^^^^^^^^^^^^^^^^^^^^^^^^^
  File "/opt/airflow/dags/tiki_extract_dag.py", line 179, in crawl_category
    parsed_item = parse_product(item, detailed_item)
                  ^^^^^^^^^^^^^^^^^^^^^^^^^^^^^^^^^^
  File "/opt/airflow/dags/tiki_extract_dag.py", line 90, in parse_product
    'seller_product_id': str(detailed_item.get('current_seller', {}).get('product_id', '')),
                             ^^^^^^^^^^^^^^^^^^^^^^^^^^^^^^^^^^^^^^^^^^^
AttributeError: 'NoneType' object has no attribute 'get'
[2025-03-11T10:27:59.824+0000] {local_task_job_runner.py:266} INFO - Task exited with return code 1
[2025-03-11T10:28:18.152+0000] {standard_task_runner.py:217} INFO - Process not found (most likely exited), stop collecting metrics
[2025-03-11T10:28:18.192+0000] {taskinstance.py:3901} INFO - 0 downstream tasks scheduled from follow-on schedule check
[2025-03-11T10:28:18.198+0000] {local_task_job_runner.py:245} INFO - ::endgroup::
