[2025-03-11T11:00:20.039+0000] {local_task_job_runner.py:123} INFO - ::group::Pre task execution logs
[2025-03-11T11:00:20.065+0000] {taskinstance.py:2614} INFO - Dependencies all met for dep_context=non-requeueable deps ti=<TaskInstance: tiki_extract_dag.crawl_thiet-bi-kts-phu-kien-so manual__2025-03-11T09:54:25.561686+00:00 [queued]>
[2025-03-11T11:00:20.077+0000] {taskinstance.py:2614} INFO - Dependencies all met for dep_context=requeueable deps ti=<TaskInstance: tiki_extract_dag.crawl_thiet-bi-kts-phu-kien-so manual__2025-03-11T09:54:25.561686+00:00 [queued]>
[2025-03-11T11:00:20.078+0000] {taskinstance.py:2867} INFO - Starting attempt 3 of 4
[2025-03-11T11:00:20.103+0000] {taskinstance.py:2890} INFO - Executing <Task(PythonOperator): crawl_thiet-bi-kts-phu-kien-so> on 2025-03-11 09:54:25.561686+00:00
[2025-03-11T11:00:20.137+0000] {warnings.py:112} WARNING - /home/***/.local/lib/python3.12/site-packages/***/task/task_runner/standard_task_runner.py:70: DeprecationWarning: This process (pid=1500) is multi-threaded, use of fork() may lead to deadlocks in the child.
  pid = os.fork()

[2025-03-11T11:00:20.137+0000] {standard_task_runner.py:104} INFO - Running: ['***', 'tasks', 'run', 'tiki_extract_dag', 'crawl_thiet-bi-kts-phu-kien-so', 'manual__2025-03-11T09:54:25.561686+00:00', '--job-id', '590', '--raw', '--subdir', 'DAGS_FOLDER/tiki_extract_dag.py', '--cfg-path', '/tmp/tmp5c09qrw4']
[2025-03-11T11:00:20.139+0000] {standard_task_runner.py:72} INFO - Started process 1509 to run task
[2025-03-11T11:00:20.139+0000] {standard_task_runner.py:105} INFO - Job 590: Subtask crawl_thiet-bi-kts-phu-kien-so
[2025-03-11T11:00:20.201+0000] {task_command.py:467} INFO - Running <TaskInstance: tiki_extract_dag.crawl_thiet-bi-kts-phu-kien-so manual__2025-03-11T09:54:25.561686+00:00 [running]> on host 5c8190d7da62
[2025-03-11T11:00:20.582+0000] {taskinstance.py:3134} INFO - Exporting env vars: AIRFLOW_CTX_DAG_OWNER='***' AIRFLOW_CTX_DAG_ID='tiki_extract_dag' AIRFLOW_CTX_TASK_ID='crawl_thiet-bi-kts-phu-kien-so' AIRFLOW_CTX_EXECUTION_DATE='2025-03-11T09:54:25.561686+00:00' AIRFLOW_CTX_TRY_NUMBER='3' AIRFLOW_CTX_DAG_RUN_ID='manual__2025-03-11T09:54:25.561686+00:00'
[2025-03-11T11:00:20.583+0000] {logging_mixin.py:190} INFO - Task instance is in running state
[2025-03-11T11:00:20.584+0000] {logging_mixin.py:190} INFO -  Previous state of the Task instance: queued
[2025-03-11T11:00:20.585+0000] {logging_mixin.py:190} INFO - Current task name:crawl_thiet-bi-kts-phu-kien-so state:running start_date:2025-03-11 11:00:20.066154+00:00
[2025-03-11T11:00:20.585+0000] {logging_mixin.py:190} INFO - Dag name:tiki_extract_dag and current dag run status:running
[2025-03-11T11:00:20.586+0000] {taskinstance.py:732} INFO - ::endgroup::
[2025-03-11T11:00:29.943+0000] {tiki_extract_dag.py:139} INFO - Starting crawl for category thiet-bi-kts-phu-kien-so (ID: 1815)
[2025-03-11T11:00:29.944+0000] {tiki_extract_dag.py:141} INFO - Calling API: https://tiki.vn/api/v2/products with params: {'page': 1, 'limit': 40, 'category': '1815'}
[2025-03-11T11:00:30.699+0000] {tiki_extract_dag.py:150} INFO - Total pages for thiet-bi-kts-phu-kien-so: 50 (limited to 50)
[2025-03-11T11:00:30.701+0000] {tiki_extract_dag.py:163} INFO - Calling API: https://tiki.vn/api/v2/products with params: {'page': 2, 'limit': 40, 'category': '1815'}
[2025-03-11T11:00:31.512+0000] {tiki_extract_dag.py:183} INFO - Extracted page 2/50 for category thiet-bi-kts-phu-kien-so, total items: 1
[2025-03-11T11:00:50.067+0000] {tiki_extract_dag.py:163} INFO - Calling API: https://tiki.vn/api/v2/products with params: {'page': 3, 'limit': 40, 'category': '1815'}
[2025-03-11T11:01:04.036+0000] {tiki_extract_dag.py:183} INFO - Extracted page 3/50 for category thiet-bi-kts-phu-kien-so, total items: 41
[2025-03-11T11:01:20.696+0000] {tiki_extract_dag.py:163} INFO - Calling API: https://tiki.vn/api/v2/products with params: {'page': 4, 'limit': 40, 'category': '1815'}
[2025-03-11T11:01:34.902+0000] {tiki_extract_dag.py:183} INFO - Extracted page 4/50 for category thiet-bi-kts-phu-kien-so, total items: 81
[2025-03-11T11:01:51.885+0000] {tiki_extract_dag.py:163} INFO - Calling API: https://tiki.vn/api/v2/products with params: {'page': 5, 'limit': 40, 'category': '1815'}
[2025-03-11T11:02:05.155+0000] {tiki_extract_dag.py:183} INFO - Extracted page 5/50 for category thiet-bi-kts-phu-kien-so, total items: 121
[2025-03-11T11:02:24.398+0000] {tiki_extract_dag.py:163} INFO - Calling API: https://tiki.vn/api/v2/products with params: {'page': 6, 'limit': 40, 'category': '1815'}
[2025-03-11T11:02:39.027+0000] {tiki_extract_dag.py:183} INFO - Extracted page 6/50 for category thiet-bi-kts-phu-kien-so, total items: 160
[2025-03-11T13:09:30.029+0000] {job.py:229} INFO - Heartbeat recovered after 7607.28 seconds
[2025-03-11T13:09:38.845+0000] {tiki_extract_dag.py:163} INFO - Calling API: https://tiki.vn/api/v2/products with params: {'page': 7, 'limit': 40, 'category': '1815'}
[2025-03-11T13:09:38.953+0000] {connectionpool.py:868} WARNING - Retrying (Retry(total=4, connect=4, read=5, redirect=None, status=None)) after connection broken by 'NewConnectionError('<urllib3.connection.HTTPSConnection object at 0x7f729bb56e10>: Failed to establish a new connection: [Errno 111] Connection refused')': /api/v2/products?page=7&limit=40&category=1815
[2025-03-11T13:09:40.974+0000] {connectionpool.py:868} WARNING - Retrying (Retry(total=3, connect=3, read=5, redirect=None, status=None)) after connection broken by 'NewConnectionError('<urllib3.connection.HTTPSConnection object at 0x7f729b925d60>: Failed to establish a new connection: [Errno 111] Connection refused')': /api/v2/products?page=7&limit=40&category=1815
[2025-03-11T13:09:44.991+0000] {connectionpool.py:868} WARNING - Retrying (Retry(total=2, connect=2, read=5, redirect=None, status=None)) after connection broken by 'NewConnectionError('<urllib3.connection.HTTPSConnection object at 0x7f729b927770>: Failed to establish a new connection: [Errno 111] Connection refused')': /api/v2/products?page=7&limit=40&category=1815
[2025-03-11T13:10:01.403+0000] {tiki_extract_dag.py:183} INFO - Extracted page 7/50 for category thiet-bi-kts-phu-kien-so, total items: 200
[2025-03-11T13:10:17.899+0000] {tiki_extract_dag.py:163} INFO - Calling API: https://tiki.vn/api/v2/products with params: {'page': 8, 'limit': 40, 'category': '1815'}
[2025-03-11T13:10:31.917+0000] {tiki_extract_dag.py:183} INFO - Extracted page 8/50 for category thiet-bi-kts-phu-kien-so, total items: 240
[2025-03-11T13:10:49.328+0000] {tiki_extract_dag.py:163} INFO - Calling API: https://tiki.vn/api/v2/products with params: {'page': 9, 'limit': 40, 'category': '1815'}
[2025-03-11T13:11:02.405+0000] {tiki_extract_dag.py:183} INFO - Extracted page 9/50 for category thiet-bi-kts-phu-kien-so, total items: 280
[2025-03-11T13:11:20.634+0000] {tiki_extract_dag.py:163} INFO - Calling API: https://tiki.vn/api/v2/products with params: {'page': 10, 'limit': 40, 'category': '1815'}
[2025-03-11T13:11:34.342+0000] {tiki_extract_dag.py:183} INFO - Extracted page 10/50 for category thiet-bi-kts-phu-kien-so, total items: 320
[2025-03-11T13:11:50.956+0000] {tiki_extract_dag.py:163} INFO - Calling API: https://tiki.vn/api/v2/products with params: {'page': 11, 'limit': 40, 'category': '1815'}
[2025-03-11T13:12:06.289+0000] {tiki_extract_dag.py:183} INFO - Extracted page 11/50 for category thiet-bi-kts-phu-kien-so, total items: 360
[2025-03-11T13:12:22.649+0000] {tiki_extract_dag.py:163} INFO - Calling API: https://tiki.vn/api/v2/products with params: {'page': 12, 'limit': 40, 'category': '1815'}
[2025-03-11T13:12:37.511+0000] {tiki_extract_dag.py:183} INFO - Extracted page 12/50 for category thiet-bi-kts-phu-kien-so, total items: 400
[2025-03-11T13:12:57.282+0000] {tiki_extract_dag.py:163} INFO - Calling API: https://tiki.vn/api/v2/products with params: {'page': 13, 'limit': 40, 'category': '1815'}
[2025-03-11T13:13:14.402+0000] {tiki_extract_dag.py:183} INFO - Extracted page 13/50 for category thiet-bi-kts-phu-kien-so, total items: 440
[2025-03-11T13:13:33.771+0000] {tiki_extract_dag.py:163} INFO - Calling API: https://tiki.vn/api/v2/products with params: {'page': 14, 'limit': 40, 'category': '1815'}
[2025-03-11T13:13:47.400+0000] {tiki_extract_dag.py:183} INFO - Extracted page 14/50 for category thiet-bi-kts-phu-kien-so, total items: 480
[2025-03-11T13:14:04.204+0000] {tiki_extract_dag.py:163} INFO - Calling API: https://tiki.vn/api/v2/products with params: {'page': 15, 'limit': 40, 'category': '1815'}
[2025-03-11T13:14:18.504+0000] {tiki_extract_dag.py:183} INFO - Extracted page 15/50 for category thiet-bi-kts-phu-kien-so, total items: 520
[2025-03-11T13:14:36.879+0000] {tiki_extract_dag.py:163} INFO - Calling API: https://tiki.vn/api/v2/products with params: {'page': 16, 'limit': 40, 'category': '1815'}
[2025-03-11T13:14:50.789+0000] {tiki_extract_dag.py:183} INFO - Extracted page 16/50 for category thiet-bi-kts-phu-kien-so, total items: 560
[2025-03-11T13:15:07.747+0000] {tiki_extract_dag.py:163} INFO - Calling API: https://tiki.vn/api/v2/products with params: {'page': 17, 'limit': 40, 'category': '1815'}
[2025-03-11T13:15:21.375+0000] {tiki_extract_dag.py:183} INFO - Extracted page 17/50 for category thiet-bi-kts-phu-kien-so, total items: 600
[2025-03-11T13:15:37.299+0000] {tiki_extract_dag.py:163} INFO - Calling API: https://tiki.vn/api/v2/products with params: {'page': 18, 'limit': 40, 'category': '1815'}
[2025-03-11T13:15:50.343+0000] {tiki_extract_dag.py:183} INFO - Extracted page 18/50 for category thiet-bi-kts-phu-kien-so, total items: 640
[2025-03-11T13:16:09.766+0000] {tiki_extract_dag.py:163} INFO - Calling API: https://tiki.vn/api/v2/products with params: {'page': 19, 'limit': 40, 'category': '1815'}
[2025-03-11T13:16:23.327+0000] {tiki_extract_dag.py:183} INFO - Extracted page 19/50 for category thiet-bi-kts-phu-kien-so, total items: 680
[2025-03-11T13:16:41.170+0000] {tiki_extract_dag.py:163} INFO - Calling API: https://tiki.vn/api/v2/products with params: {'page': 20, 'limit': 40, 'category': '1815'}
[2025-03-11T13:16:55.220+0000] {tiki_extract_dag.py:183} INFO - Extracted page 20/50 for category thiet-bi-kts-phu-kien-so, total items: 720
[2025-03-11T13:17:14.288+0000] {tiki_extract_dag.py:163} INFO - Calling API: https://tiki.vn/api/v2/products with params: {'page': 21, 'limit': 40, 'category': '1815'}
[2025-03-11T13:17:28.685+0000] {tiki_extract_dag.py:183} INFO - Extracted page 21/50 for category thiet-bi-kts-phu-kien-so, total items: 760
[2025-03-11T13:17:46.607+0000] {tiki_extract_dag.py:163} INFO - Calling API: https://tiki.vn/api/v2/products with params: {'page': 22, 'limit': 40, 'category': '1815'}
[2025-03-11T13:18:00.103+0000] {tiki_extract_dag.py:183} INFO - Extracted page 22/50 for category thiet-bi-kts-phu-kien-so, total items: 800
[2025-03-11T13:18:17.497+0000] {tiki_extract_dag.py:163} INFO - Calling API: https://tiki.vn/api/v2/products with params: {'page': 23, 'limit': 40, 'category': '1815'}
[2025-03-11T13:18:31.227+0000] {tiki_extract_dag.py:183} INFO - Extracted page 23/50 for category thiet-bi-kts-phu-kien-so, total items: 840
[2025-03-11T13:18:47.360+0000] {tiki_extract_dag.py:163} INFO - Calling API: https://tiki.vn/api/v2/products with params: {'page': 24, 'limit': 40, 'category': '1815'}
[2025-03-11T13:19:02.265+0000] {tiki_extract_dag.py:183} INFO - Extracted page 24/50 for category thiet-bi-kts-phu-kien-so, total items: 880
[2025-03-11T13:19:21.524+0000] {tiki_extract_dag.py:163} INFO - Calling API: https://tiki.vn/api/v2/products with params: {'page': 25, 'limit': 40, 'category': '1815'}
[2025-03-11T13:19:36.504+0000] {tiki_extract_dag.py:183} INFO - Extracted page 25/50 for category thiet-bi-kts-phu-kien-so, total items: 920
[2025-03-11T13:19:52.046+0000] {tiki_extract_dag.py:163} INFO - Calling API: https://tiki.vn/api/v2/products with params: {'page': 26, 'limit': 40, 'category': '1815'}
[2025-03-11T13:20:06.520+0000] {tiki_extract_dag.py:183} INFO - Extracted page 26/50 for category thiet-bi-kts-phu-kien-so, total items: 960
[2025-03-11T13:20:21.585+0000] {tiki_extract_dag.py:163} INFO - Calling API: https://tiki.vn/api/v2/products with params: {'page': 27, 'limit': 40, 'category': '1815'}
[2025-03-11T13:20:36.264+0000] {tiki_extract_dag.py:183} INFO - Extracted page 27/50 for category thiet-bi-kts-phu-kien-so, total items: 1000
[2025-03-11T13:20:53.859+0000] {tiki_extract_dag.py:163} INFO - Calling API: https://tiki.vn/api/v2/products with params: {'page': 28, 'limit': 40, 'category': '1815'}
[2025-03-11T13:21:08.529+0000] {tiki_extract_dag.py:183} INFO - Extracted page 28/50 for category thiet-bi-kts-phu-kien-so, total items: 1040
[2025-03-11T13:21:26.318+0000] {tiki_extract_dag.py:163} INFO - Calling API: https://tiki.vn/api/v2/products with params: {'page': 29, 'limit': 40, 'category': '1815'}
[2025-03-11T13:21:39.598+0000] {tiki_extract_dag.py:183} INFO - Extracted page 29/50 for category thiet-bi-kts-phu-kien-so, total items: 1080
[2025-03-11T13:21:57.731+0000] {tiki_extract_dag.py:163} INFO - Calling API: https://tiki.vn/api/v2/products with params: {'page': 30, 'limit': 40, 'category': '1815'}
[2025-03-11T13:22:11.871+0000] {tiki_extract_dag.py:183} INFO - Extracted page 30/50 for category thiet-bi-kts-phu-kien-so, total items: 1120
[2025-03-11T13:22:29.300+0000] {tiki_extract_dag.py:163} INFO - Calling API: https://tiki.vn/api/v2/products with params: {'page': 31, 'limit': 40, 'category': '1815'}
[2025-03-11T13:22:43.011+0000] {tiki_extract_dag.py:183} INFO - Extracted page 31/50 for category thiet-bi-kts-phu-kien-so, total items: 1160
[2025-03-11T13:23:02.227+0000] {tiki_extract_dag.py:163} INFO - Calling API: https://tiki.vn/api/v2/products with params: {'page': 32, 'limit': 40, 'category': '1815'}
[2025-03-11T13:23:16.765+0000] {tiki_extract_dag.py:183} INFO - Extracted page 32/50 for category thiet-bi-kts-phu-kien-so, total items: 1200
[2025-03-11T13:23:34.959+0000] {tiki_extract_dag.py:163} INFO - Calling API: https://tiki.vn/api/v2/products with params: {'page': 33, 'limit': 40, 'category': '1815'}
[2025-03-11T13:23:50.181+0000] {tiki_extract_dag.py:183} INFO - Extracted page 33/50 for category thiet-bi-kts-phu-kien-so, total items: 1240
[2025-03-11T13:24:08.953+0000] {tiki_extract_dag.py:163} INFO - Calling API: https://tiki.vn/api/v2/products with params: {'page': 34, 'limit': 40, 'category': '1815'}
[2025-03-11T13:24:22.284+0000] {tiki_extract_dag.py:183} INFO - Extracted page 34/50 for category thiet-bi-kts-phu-kien-so, total items: 1280
[2025-03-11T13:24:37.535+0000] {tiki_extract_dag.py:163} INFO - Calling API: https://tiki.vn/api/v2/products with params: {'page': 35, 'limit': 40, 'category': '1815'}
[2025-03-11T13:24:52.591+0000] {tiki_extract_dag.py:183} INFO - Extracted page 35/50 for category thiet-bi-kts-phu-kien-so, total items: 1320
[2025-03-11T13:25:12.058+0000] {tiki_extract_dag.py:163} INFO - Calling API: https://tiki.vn/api/v2/products with params: {'page': 36, 'limit': 40, 'category': '1815'}
[2025-03-11T13:25:24.611+0000] {tiki_extract_dag.py:183} INFO - Extracted page 36/50 for category thiet-bi-kts-phu-kien-so, total items: 1360
[2025-03-11T13:25:39.835+0000] {tiki_extract_dag.py:163} INFO - Calling API: https://tiki.vn/api/v2/products with params: {'page': 37, 'limit': 40, 'category': '1815'}
[2025-03-11T13:25:53.715+0000] {tiki_extract_dag.py:183} INFO - Extracted page 37/50 for category thiet-bi-kts-phu-kien-so, total items: 1400
[2025-03-11T13:26:10.336+0000] {tiki_extract_dag.py:163} INFO - Calling API: https://tiki.vn/api/v2/products with params: {'page': 38, 'limit': 40, 'category': '1815'}
[2025-03-11T13:26:25.209+0000] {tiki_extract_dag.py:183} INFO - Extracted page 38/50 for category thiet-bi-kts-phu-kien-so, total items: 1440
[2025-03-11T13:26:42.153+0000] {tiki_extract_dag.py:163} INFO - Calling API: https://tiki.vn/api/v2/products with params: {'page': 39, 'limit': 40, 'category': '1815'}
[2025-03-11T13:26:55.417+0000] {tiki_extract_dag.py:183} INFO - Extracted page 39/50 for category thiet-bi-kts-phu-kien-so, total items: 1480
[2025-03-11T13:27:14.150+0000] {tiki_extract_dag.py:163} INFO - Calling API: https://tiki.vn/api/v2/products with params: {'page': 40, 'limit': 40, 'category': '1815'}
[2025-03-11T13:27:27.343+0000] {tiki_extract_dag.py:183} INFO - Extracted page 40/50 for category thiet-bi-kts-phu-kien-so, total items: 1520
[2025-03-11T13:27:46.511+0000] {tiki_extract_dag.py:163} INFO - Calling API: https://tiki.vn/api/v2/products with params: {'page': 41, 'limit': 40, 'category': '1815'}
[2025-03-11T13:28:00.268+0000] {tiki_extract_dag.py:183} INFO - Extracted page 41/50 for category thiet-bi-kts-phu-kien-so, total items: 1560
[2025-03-11T13:28:19.539+0000] {tiki_extract_dag.py:163} INFO - Calling API: https://tiki.vn/api/v2/products with params: {'page': 42, 'limit': 40, 'category': '1815'}
[2025-03-11T13:28:34.465+0000] {tiki_extract_dag.py:183} INFO - Extracted page 42/50 for category thiet-bi-kts-phu-kien-so, total items: 1600
[2025-03-11T13:28:51.501+0000] {tiki_extract_dag.py:163} INFO - Calling API: https://tiki.vn/api/v2/products with params: {'page': 43, 'limit': 40, 'category': '1815'}
[2025-03-11T13:29:06.200+0000] {tiki_extract_dag.py:183} INFO - Extracted page 43/50 for category thiet-bi-kts-phu-kien-so, total items: 1640
[2025-03-11T13:29:22.821+0000] {tiki_extract_dag.py:163} INFO - Calling API: https://tiki.vn/api/v2/products with params: {'page': 44, 'limit': 40, 'category': '1815'}
[2025-03-11T13:29:26.375+0000] {taskinstance.py:3313} ERROR - Task failed with exception
Traceback (most recent call last):
  File "/home/airflow/.local/lib/python3.12/site-packages/airflow/models/taskinstance.py", line 768, in _execute_task
    result = _execute_callable(context=context, **execute_callable_kwargs)
             ^^^^^^^^^^^^^^^^^^^^^^^^^^^^^^^^^^^^^^^^^^^^^^^^^^^^^^^^^^^^^
  File "/home/airflow/.local/lib/python3.12/site-packages/airflow/models/taskinstance.py", line 734, in _execute_callable
    return ExecutionCallableRunner(
           ^^^^^^^^^^^^^^^^^^^^^^^^
  File "/home/airflow/.local/lib/python3.12/site-packages/airflow/utils/operator_helpers.py", line 252, in run
    return self.func(*args, **kwargs)
           ^^^^^^^^^^^^^^^^^^^^^^^^^^
  File "/home/airflow/.local/lib/python3.12/site-packages/airflow/models/baseoperator.py", line 424, in wrapper
    return func(self, *args, **kwargs)
           ^^^^^^^^^^^^^^^^^^^^^^^^^^^
  File "/home/airflow/.local/lib/python3.12/site-packages/airflow/operators/python.py", line 238, in execute
    return_value = self.execute_callable()
                   ^^^^^^^^^^^^^^^^^^^^^^^
  File "/home/airflow/.local/lib/python3.12/site-packages/airflow/operators/python.py", line 256, in execute_callable
    return runner.run(*self.op_args, **self.op_kwargs)
           ^^^^^^^^^^^^^^^^^^^^^^^^^^^^^^^^^^^^^^^^^^^
  File "/home/airflow/.local/lib/python3.12/site-packages/airflow/utils/operator_helpers.py", line 252, in run
    return self.func(*args, **kwargs)
           ^^^^^^^^^^^^^^^^^^^^^^^^^^
  File "/opt/airflow/dags/tiki_extract_dag.py", line 179, in crawl_category
    parsed_item = parse_product(item, detailed_item)
                  ^^^^^^^^^^^^^^^^^^^^^^^^^^^^^^^^^^
  File "/opt/airflow/dags/tiki_extract_dag.py", line 90, in parse_product
    'seller_product_id': str(detailed_item.get('current_seller', {}).get('product_id', '')),
                             ^^^^^^^^^^^^^^^^^^^^^^^^^^^^^^^^^^^^^^^^^^^
AttributeError: 'NoneType' object has no attribute 'get'
[2025-03-11T13:29:28.032+0000] {logging_mixin.py:190} INFO - Task instance in failure state
[2025-03-11T13:29:28.035+0000] {logging_mixin.py:190} INFO - Task start:2025-03-11 11:00:20.066154+00:00 end:2025-03-11 13:29:27.940244+00:00 duration:8947.87409
[2025-03-11T13:29:28.061+0000] {logging_mixin.py:190} INFO - Task:<Task(PythonOperator): crawl_thiet-bi-kts-phu-kien-so> dag:<DAG: tiki_extract_dag> dagrun:<DagRun tiki_extract_dag @ 2025-03-11 09:54:25.561686+00:00: manual__2025-03-11T09:54:25.561686+00:00, state:running, queued_at: 2025-03-11 09:54:25.681807+00:00. externally triggered: True>
[2025-03-11T13:29:28.065+0000] {logging_mixin.py:190} INFO - Failure caused by 'NoneType' object has no attribute 'get'
[2025-03-11T13:29:28.085+0000] {taskinstance.py:1226} INFO - Marking task as UP_FOR_RETRY. dag_id=tiki_extract_dag, task_id=crawl_thiet-bi-kts-phu-kien-so, run_id=manual__2025-03-11T09:54:25.561686+00:00, execution_date=20250311T095425, start_date=20250311T110020, end_date=20250311T132927
[2025-03-11T13:29:29.004+0000] {taskinstance.py:341} INFO - ::group::Post task execution logs
[2025-03-11T13:29:29.027+0000] {standard_task_runner.py:124} ERROR - Failed to execute job 590 for task crawl_thiet-bi-kts-phu-kien-so ('NoneType' object has no attribute 'get'; 1509)
Traceback (most recent call last):
  File "/home/airflow/.local/lib/python3.12/site-packages/airflow/task/task_runner/standard_task_runner.py", line 117, in _start_by_fork
    ret = args.func(args, dag=self.dag)
          ^^^^^^^^^^^^^^^^^^^^^^^^^^^^^
  File "/home/airflow/.local/lib/python3.12/site-packages/airflow/cli/cli_config.py", line 49, in command
    return func(*args, **kwargs)
           ^^^^^^^^^^^^^^^^^^^^^
  File "/home/airflow/.local/lib/python3.12/site-packages/airflow/utils/cli.py", line 116, in wrapper
    return f(*args, **kwargs)
           ^^^^^^^^^^^^^^^^^^
  File "/home/airflow/.local/lib/python3.12/site-packages/airflow/cli/commands/task_command.py", line 483, in task_run
    task_return_code = _run_task_by_selected_method(args, _dag, ti)
                       ^^^^^^^^^^^^^^^^^^^^^^^^^^^^^^^^^^^^^^^^^^^^
  File "/home/airflow/.local/lib/python3.12/site-packages/airflow/cli/commands/task_command.py", line 256, in _run_task_by_selected_method
    return _run_raw_task(args, ti)
           ^^^^^^^^^^^^^^^^^^^^^^^
  File "/home/airflow/.local/lib/python3.12/site-packages/airflow/cli/commands/task_command.py", line 341, in _run_raw_task
    return ti._run_raw_task(
           ^^^^^^^^^^^^^^^^^
  File "/home/airflow/.local/lib/python3.12/site-packages/airflow/utils/session.py", line 97, in wrapper
    return func(*args, session=session, **kwargs)
           ^^^^^^^^^^^^^^^^^^^^^^^^^^^^^^^^^^^^^^
  File "/home/airflow/.local/lib/python3.12/site-packages/airflow/models/taskinstance.py", line 3006, in _run_raw_task
    return _run_raw_task(
           ^^^^^^^^^^^^^^
  File "/home/airflow/.local/lib/python3.12/site-packages/airflow/models/taskinstance.py", line 274, in _run_raw_task
    TaskInstance._execute_task_with_callbacks(
  File "/home/airflow/.local/lib/python3.12/site-packages/airflow/models/taskinstance.py", line 3161, in _execute_task_with_callbacks
    result = self._execute_task(context, task_orig)
             ^^^^^^^^^^^^^^^^^^^^^^^^^^^^^^^^^^^^^^
  File "/home/airflow/.local/lib/python3.12/site-packages/airflow/models/taskinstance.py", line 3185, in _execute_task
    return _execute_task(self, context, task_orig)
           ^^^^^^^^^^^^^^^^^^^^^^^^^^^^^^^^^^^^^^^
  File "/home/airflow/.local/lib/python3.12/site-packages/airflow/models/taskinstance.py", line 768, in _execute_task
    result = _execute_callable(context=context, **execute_callable_kwargs)
             ^^^^^^^^^^^^^^^^^^^^^^^^^^^^^^^^^^^^^^^^^^^^^^^^^^^^^^^^^^^^^
  File "/home/airflow/.local/lib/python3.12/site-packages/airflow/models/taskinstance.py", line 734, in _execute_callable
    return ExecutionCallableRunner(
           ^^^^^^^^^^^^^^^^^^^^^^^^
  File "/home/airflow/.local/lib/python3.12/site-packages/airflow/utils/operator_helpers.py", line 252, in run
    return self.func(*args, **kwargs)
           ^^^^^^^^^^^^^^^^^^^^^^^^^^
  File "/home/airflow/.local/lib/python3.12/site-packages/airflow/models/baseoperator.py", line 424, in wrapper
    return func(self, *args, **kwargs)
           ^^^^^^^^^^^^^^^^^^^^^^^^^^^
  File "/home/airflow/.local/lib/python3.12/site-packages/airflow/operators/python.py", line 238, in execute
    return_value = self.execute_callable()
                   ^^^^^^^^^^^^^^^^^^^^^^^
  File "/home/airflow/.local/lib/python3.12/site-packages/airflow/operators/python.py", line 256, in execute_callable
    return runner.run(*self.op_args, **self.op_kwargs)
           ^^^^^^^^^^^^^^^^^^^^^^^^^^^^^^^^^^^^^^^^^^^
  File "/home/airflow/.local/lib/python3.12/site-packages/airflow/utils/operator_helpers.py", line 252, in run
    return self.func(*args, **kwargs)
           ^^^^^^^^^^^^^^^^^^^^^^^^^^
  File "/opt/airflow/dags/tiki_extract_dag.py", line 179, in crawl_category
    parsed_item = parse_product(item, detailed_item)
                  ^^^^^^^^^^^^^^^^^^^^^^^^^^^^^^^^^^
  File "/opt/airflow/dags/tiki_extract_dag.py", line 90, in parse_product
    'seller_product_id': str(detailed_item.get('current_seller', {}).get('product_id', '')),
                             ^^^^^^^^^^^^^^^^^^^^^^^^^^^^^^^^^^^^^^^^^^^
AttributeError: 'NoneType' object has no attribute 'get'
[2025-03-11T13:29:29.616+0000] {local_task_job_runner.py:266} INFO - Task exited with return code 1
[2025-03-11T13:29:41.870+0000] {standard_task_runner.py:217} INFO - Process not found (most likely exited), stop collecting metrics
[2025-03-11T13:29:41.944+0000] {taskinstance.py:3901} INFO - 0 downstream tasks scheduled from follow-on schedule check
[2025-03-11T13:29:41.951+0000] {local_task_job_runner.py:245} INFO - ::endgroup::
