[2025-03-11T10:33:32.325+0000] {local_task_job_runner.py:123} INFO - ::group::Pre task execution logs
[2025-03-11T10:33:32.384+0000] {taskinstance.py:2614} INFO - Dependencies all met for dep_context=non-requeueable deps ti=<TaskInstance: tiki_extract_dag.crawl_thiet-bi-kts-phu-kien-so manual__2025-03-11T09:54:25.561686+00:00 [queued]>
[2025-03-11T10:33:32.418+0000] {taskinstance.py:2614} INFO - Dependencies all met for dep_context=requeueable deps ti=<TaskInstance: tiki_extract_dag.crawl_thiet-bi-kts-phu-kien-so manual__2025-03-11T09:54:25.561686+00:00 [queued]>
[2025-03-11T10:33:32.420+0000] {taskinstance.py:2867} INFO - Starting attempt 2 of 4
[2025-03-11T10:33:32.475+0000] {taskinstance.py:2890} INFO - Executing <Task(PythonOperator): crawl_thiet-bi-kts-phu-kien-so> on 2025-03-11 09:54:25.561686+00:00
[2025-03-11T10:33:32.505+0000] {warnings.py:112} WARNING - /home/***/.local/lib/python3.12/site-packages/***/task/task_runner/standard_task_runner.py:70: DeprecationWarning: This process (pid=1214) is multi-threaded, use of fork() may lead to deadlocks in the child.
  pid = os.fork()

[2025-03-11T10:33:32.509+0000] {standard_task_runner.py:104} INFO - Running: ['***', 'tasks', 'run', 'tiki_extract_dag', 'crawl_thiet-bi-kts-phu-kien-so', 'manual__2025-03-11T09:54:25.561686+00:00', '--job-id', '589', '--raw', '--subdir', 'DAGS_FOLDER/tiki_extract_dag.py', '--cfg-path', '/tmp/tmpxglv8p9j']
[2025-03-11T10:33:32.512+0000] {standard_task_runner.py:105} INFO - Job 589: Subtask crawl_thiet-bi-kts-phu-kien-so
[2025-03-11T10:33:32.512+0000] {standard_task_runner.py:72} INFO - Started process 1216 to run task
[2025-03-11T10:33:32.700+0000] {task_command.py:467} INFO - Running <TaskInstance: tiki_extract_dag.crawl_thiet-bi-kts-phu-kien-so manual__2025-03-11T09:54:25.561686+00:00 [running]> on host 5c8190d7da62
[2025-03-11T10:33:36.301+0000] {taskinstance.py:3134} INFO - Exporting env vars: AIRFLOW_CTX_DAG_OWNER='***' AIRFLOW_CTX_DAG_ID='tiki_extract_dag' AIRFLOW_CTX_TASK_ID='crawl_thiet-bi-kts-phu-kien-so' AIRFLOW_CTX_EXECUTION_DATE='2025-03-11T09:54:25.561686+00:00' AIRFLOW_CTX_TRY_NUMBER='2' AIRFLOW_CTX_DAG_RUN_ID='manual__2025-03-11T09:54:25.561686+00:00'
[2025-03-11T10:33:36.303+0000] {logging_mixin.py:190} INFO - Task instance is in running state
[2025-03-11T10:33:36.304+0000] {logging_mixin.py:190} INFO -  Previous state of the Task instance: queued
[2025-03-11T10:33:36.310+0000] {logging_mixin.py:190} INFO - Current task name:crawl_thiet-bi-kts-phu-kien-so state:running start_date:2025-03-11 10:33:32.385394+00:00
[2025-03-11T10:33:36.311+0000] {logging_mixin.py:190} INFO - Dag name:tiki_extract_dag and current dag run status:running
[2025-03-11T10:33:36.313+0000] {taskinstance.py:732} INFO - ::endgroup::
[2025-03-11T10:33:38.656+0000] {tiki_extract_dag.py:139} INFO - Starting crawl for category thiet-bi-kts-phu-kien-so (ID: 1815)
[2025-03-11T10:33:38.658+0000] {tiki_extract_dag.py:141} INFO - Calling API: https://tiki.vn/api/v2/products with params: {'page': 1, 'limit': 40, 'category': '1815'}
[2025-03-11T10:33:39.791+0000] {tiki_extract_dag.py:150} INFO - Total pages for thiet-bi-kts-phu-kien-so: 50 (limited to 50)
[2025-03-11T10:33:39.793+0000] {tiki_extract_dag.py:163} INFO - Calling API: https://tiki.vn/api/v2/products with params: {'page': 2, 'limit': 40, 'category': '1815'}
[2025-03-11T10:33:40.617+0000] {tiki_extract_dag.py:183} INFO - Extracted page 2/50 for category thiet-bi-kts-phu-kien-so, total items: 1
[2025-03-11T10:33:58.212+0000] {tiki_extract_dag.py:163} INFO - Calling API: https://tiki.vn/api/v2/products with params: {'page': 3, 'limit': 40, 'category': '1815'}
[2025-03-11T10:34:11.650+0000] {tiki_extract_dag.py:183} INFO - Extracted page 3/50 for category thiet-bi-kts-phu-kien-so, total items: 41
[2025-03-11T10:34:27.059+0000] {tiki_extract_dag.py:163} INFO - Calling API: https://tiki.vn/api/v2/products with params: {'page': 4, 'limit': 40, 'category': '1815'}
[2025-03-11T10:34:40.049+0000] {tiki_extract_dag.py:183} INFO - Extracted page 4/50 for category thiet-bi-kts-phu-kien-so, total items: 81
[2025-03-11T10:34:58.420+0000] {tiki_extract_dag.py:163} INFO - Calling API: https://tiki.vn/api/v2/products with params: {'page': 5, 'limit': 40, 'category': '1815'}
[2025-03-11T10:35:12.115+0000] {tiki_extract_dag.py:183} INFO - Extracted page 5/50 for category thiet-bi-kts-phu-kien-so, total items: 121
[2025-03-11T10:35:27.728+0000] {tiki_extract_dag.py:163} INFO - Calling API: https://tiki.vn/api/v2/products with params: {'page': 6, 'limit': 40, 'category': '1815'}
[2025-03-11T10:35:41.167+0000] {tiki_extract_dag.py:183} INFO - Extracted page 6/50 for category thiet-bi-kts-phu-kien-so, total items: 160
[2025-03-11T10:35:57.764+0000] {tiki_extract_dag.py:163} INFO - Calling API: https://tiki.vn/api/v2/products with params: {'page': 7, 'limit': 40, 'category': '1815'}
[2025-03-11T10:36:10.844+0000] {tiki_extract_dag.py:183} INFO - Extracted page 7/50 for category thiet-bi-kts-phu-kien-so, total items: 200
[2025-03-11T10:36:27.293+0000] {tiki_extract_dag.py:163} INFO - Calling API: https://tiki.vn/api/v2/products with params: {'page': 8, 'limit': 40, 'category': '1815'}
[2025-03-11T10:36:40.129+0000] {tiki_extract_dag.py:183} INFO - Extracted page 8/50 for category thiet-bi-kts-phu-kien-so, total items: 240
[2025-03-11T10:36:58.344+0000] {tiki_extract_dag.py:163} INFO - Calling API: https://tiki.vn/api/v2/products with params: {'page': 9, 'limit': 40, 'category': '1815'}
[2025-03-11T10:37:10.587+0000] {tiki_extract_dag.py:183} INFO - Extracted page 9/50 for category thiet-bi-kts-phu-kien-so, total items: 280
[2025-03-11T10:37:28.241+0000] {tiki_extract_dag.py:163} INFO - Calling API: https://tiki.vn/api/v2/products with params: {'page': 10, 'limit': 40, 'category': '1815'}
[2025-03-11T10:37:41.021+0000] {tiki_extract_dag.py:183} INFO - Extracted page 10/50 for category thiet-bi-kts-phu-kien-so, total items: 320
[2025-03-11T10:37:57.809+0000] {tiki_extract_dag.py:163} INFO - Calling API: https://tiki.vn/api/v2/products with params: {'page': 11, 'limit': 40, 'category': '1815'}
[2025-03-11T10:38:09.186+0000] {tiki_extract_dag.py:183} INFO - Extracted page 11/50 for category thiet-bi-kts-phu-kien-so, total items: 360
[2025-03-11T10:38:24.254+0000] {tiki_extract_dag.py:163} INFO - Calling API: https://tiki.vn/api/v2/products with params: {'page': 12, 'limit': 40, 'category': '1815'}
[2025-03-11T10:38:37.009+0000] {tiki_extract_dag.py:183} INFO - Extracted page 12/50 for category thiet-bi-kts-phu-kien-so, total items: 400
[2025-03-11T10:38:56.575+0000] {tiki_extract_dag.py:163} INFO - Calling API: https://tiki.vn/api/v2/products with params: {'page': 13, 'limit': 40, 'category': '1815'}
[2025-03-11T10:39:07.253+0000] {tiki_extract_dag.py:183} INFO - Extracted page 13/50 for category thiet-bi-kts-phu-kien-so, total items: 440
[2025-03-11T10:39:26.883+0000] {tiki_extract_dag.py:163} INFO - Calling API: https://tiki.vn/api/v2/products with params: {'page': 14, 'limit': 40, 'category': '1815'}
[2025-03-11T10:39:39.786+0000] {tiki_extract_dag.py:183} INFO - Extracted page 14/50 for category thiet-bi-kts-phu-kien-so, total items: 480
[2025-03-11T10:39:56.163+0000] {tiki_extract_dag.py:163} INFO - Calling API: https://tiki.vn/api/v2/products with params: {'page': 15, 'limit': 40, 'category': '1815'}
[2025-03-11T10:40:09.503+0000] {tiki_extract_dag.py:183} INFO - Extracted page 15/50 for category thiet-bi-kts-phu-kien-so, total items: 520
[2025-03-11T10:40:28.450+0000] {tiki_extract_dag.py:163} INFO - Calling API: https://tiki.vn/api/v2/products with params: {'page': 16, 'limit': 40, 'category': '1815'}
[2025-03-11T10:40:42.227+0000] {tiki_extract_dag.py:183} INFO - Extracted page 16/50 for category thiet-bi-kts-phu-kien-so, total items: 560
[2025-03-11T10:40:57.548+0000] {tiki_extract_dag.py:163} INFO - Calling API: https://tiki.vn/api/v2/products with params: {'page': 17, 'limit': 40, 'category': '1815'}
[2025-03-11T10:41:12.589+0000] {tiki_extract_dag.py:183} INFO - Extracted page 17/50 for category thiet-bi-kts-phu-kien-so, total items: 600
[2025-03-11T10:41:28.831+0000] {tiki_extract_dag.py:163} INFO - Calling API: https://tiki.vn/api/v2/products with params: {'page': 18, 'limit': 40, 'category': '1815'}
[2025-03-11T10:41:43.262+0000] {tiki_extract_dag.py:183} INFO - Extracted page 18/50 for category thiet-bi-kts-phu-kien-so, total items: 640
[2025-03-11T10:42:01.841+0000] {tiki_extract_dag.py:163} INFO - Calling API: https://tiki.vn/api/v2/products with params: {'page': 19, 'limit': 40, 'category': '1815'}
[2025-03-11T10:42:14.154+0000] {tiki_extract_dag.py:183} INFO - Extracted page 19/50 for category thiet-bi-kts-phu-kien-so, total items: 680
[2025-03-11T10:42:33.607+0000] {tiki_extract_dag.py:163} INFO - Calling API: https://tiki.vn/api/v2/products with params: {'page': 20, 'limit': 40, 'category': '1815'}
[2025-03-11T10:42:47.224+0000] {tiki_extract_dag.py:183} INFO - Extracted page 20/50 for category thiet-bi-kts-phu-kien-so, total items: 720
[2025-03-11T10:43:05.934+0000] {tiki_extract_dag.py:163} INFO - Calling API: https://tiki.vn/api/v2/products with params: {'page': 21, 'limit': 40, 'category': '1815'}
[2025-03-11T10:43:18.995+0000] {tiki_extract_dag.py:183} INFO - Extracted page 21/50 for category thiet-bi-kts-phu-kien-so, total items: 760
[2025-03-11T10:43:37.878+0000] {tiki_extract_dag.py:163} INFO - Calling API: https://tiki.vn/api/v2/products with params: {'page': 22, 'limit': 40, 'category': '1815'}
[2025-03-11T10:43:51.194+0000] {tiki_extract_dag.py:183} INFO - Extracted page 22/50 for category thiet-bi-kts-phu-kien-so, total items: 800
[2025-03-11T10:44:10.576+0000] {tiki_extract_dag.py:163} INFO - Calling API: https://tiki.vn/api/v2/products with params: {'page': 23, 'limit': 40, 'category': '1815'}
[2025-03-11T10:44:22.169+0000] {tiki_extract_dag.py:183} INFO - Extracted page 23/50 for category thiet-bi-kts-phu-kien-so, total items: 840
[2025-03-11T10:44:38.553+0000] {tiki_extract_dag.py:163} INFO - Calling API: https://tiki.vn/api/v2/products with params: {'page': 24, 'limit': 40, 'category': '1815'}
[2025-03-11T10:44:50.498+0000] {tiki_extract_dag.py:183} INFO - Extracted page 24/50 for category thiet-bi-kts-phu-kien-so, total items: 880
[2025-03-11T10:45:06.008+0000] {tiki_extract_dag.py:163} INFO - Calling API: https://tiki.vn/api/v2/products with params: {'page': 25, 'limit': 40, 'category': '1815'}
[2025-03-11T10:45:18.970+0000] {tiki_extract_dag.py:183} INFO - Extracted page 25/50 for category thiet-bi-kts-phu-kien-so, total items: 920
[2025-03-11T10:45:38.507+0000] {tiki_extract_dag.py:163} INFO - Calling API: https://tiki.vn/api/v2/products with params: {'page': 26, 'limit': 40, 'category': '1815'}
[2025-03-11T10:45:55.738+0000] {tiki_extract_dag.py:183} INFO - Extracted page 26/50 for category thiet-bi-kts-phu-kien-so, total items: 960
[2025-03-11T10:46:12.916+0000] {tiki_extract_dag.py:163} INFO - Calling API: https://tiki.vn/api/v2/products with params: {'page': 27, 'limit': 40, 'category': '1815'}
[2025-03-11T10:46:26.466+0000] {tiki_extract_dag.py:183} INFO - Extracted page 27/50 for category thiet-bi-kts-phu-kien-so, total items: 1000
[2025-03-11T10:46:46.317+0000] {tiki_extract_dag.py:163} INFO - Calling API: https://tiki.vn/api/v2/products with params: {'page': 28, 'limit': 40, 'category': '1815'}
[2025-03-11T10:46:59.726+0000] {tiki_extract_dag.py:183} INFO - Extracted page 28/50 for category thiet-bi-kts-phu-kien-so, total items: 1040
[2025-03-11T10:47:19.375+0000] {tiki_extract_dag.py:163} INFO - Calling API: https://tiki.vn/api/v2/products with params: {'page': 29, 'limit': 40, 'category': '1815'}
[2025-03-11T10:47:32.153+0000] {tiki_extract_dag.py:183} INFO - Extracted page 29/50 for category thiet-bi-kts-phu-kien-so, total items: 1080
[2025-03-11T10:47:50.387+0000] {tiki_extract_dag.py:163} INFO - Calling API: https://tiki.vn/api/v2/products with params: {'page': 30, 'limit': 40, 'category': '1815'}
[2025-03-11T10:48:03.700+0000] {tiki_extract_dag.py:183} INFO - Extracted page 30/50 for category thiet-bi-kts-phu-kien-so, total items: 1120
[2025-03-11T10:48:23.531+0000] {tiki_extract_dag.py:163} INFO - Calling API: https://tiki.vn/api/v2/products with params: {'page': 31, 'limit': 40, 'category': '1815'}
[2025-03-11T10:48:36.314+0000] {tiki_extract_dag.py:183} INFO - Extracted page 31/50 for category thiet-bi-kts-phu-kien-so, total items: 1160
[2025-03-11T10:48:52.098+0000] {tiki_extract_dag.py:163} INFO - Calling API: https://tiki.vn/api/v2/products with params: {'page': 32, 'limit': 40, 'category': '1815'}
[2025-03-11T10:49:04.904+0000] {tiki_extract_dag.py:183} INFO - Extracted page 32/50 for category thiet-bi-kts-phu-kien-so, total items: 1200
[2025-03-11T10:49:21.173+0000] {tiki_extract_dag.py:163} INFO - Calling API: https://tiki.vn/api/v2/products with params: {'page': 33, 'limit': 40, 'category': '1815'}
[2025-03-11T10:49:33.921+0000] {tiki_extract_dag.py:183} INFO - Extracted page 33/50 for category thiet-bi-kts-phu-kien-so, total items: 1240
[2025-03-11T10:49:48.930+0000] {tiki_extract_dag.py:163} INFO - Calling API: https://tiki.vn/api/v2/products with params: {'page': 34, 'limit': 40, 'category': '1815'}
[2025-03-11T10:50:00.657+0000] {tiki_extract_dag.py:183} INFO - Extracted page 34/50 for category thiet-bi-kts-phu-kien-so, total items: 1280
[2025-03-11T10:50:16.639+0000] {tiki_extract_dag.py:163} INFO - Calling API: https://tiki.vn/api/v2/products with params: {'page': 35, 'limit': 40, 'category': '1815'}
[2025-03-11T10:50:29.314+0000] {tiki_extract_dag.py:183} INFO - Extracted page 35/50 for category thiet-bi-kts-phu-kien-so, total items: 1320
[2025-03-11T10:50:48.967+0000] {tiki_extract_dag.py:163} INFO - Calling API: https://tiki.vn/api/v2/products with params: {'page': 36, 'limit': 40, 'category': '1815'}
[2025-03-11T10:51:02.491+0000] {tiki_extract_dag.py:183} INFO - Extracted page 36/50 for category thiet-bi-kts-phu-kien-so, total items: 1360
[2025-03-11T10:51:17.732+0000] {tiki_extract_dag.py:163} INFO - Calling API: https://tiki.vn/api/v2/products with params: {'page': 37, 'limit': 40, 'category': '1815'}
[2025-03-11T10:51:29.990+0000] {tiki_extract_dag.py:183} INFO - Extracted page 37/50 for category thiet-bi-kts-phu-kien-so, total items: 1400
[2025-03-11T10:51:48.397+0000] {tiki_extract_dag.py:163} INFO - Calling API: https://tiki.vn/api/v2/products with params: {'page': 38, 'limit': 40, 'category': '1815'}
[2025-03-11T10:52:02.505+0000] {tiki_extract_dag.py:183} INFO - Extracted page 38/50 for category thiet-bi-kts-phu-kien-so, total items: 1440
[2025-03-11T10:52:19.491+0000] {tiki_extract_dag.py:163} INFO - Calling API: https://tiki.vn/api/v2/products with params: {'page': 39, 'limit': 40, 'category': '1815'}
[2025-03-11T10:52:33.071+0000] {tiki_extract_dag.py:183} INFO - Extracted page 39/50 for category thiet-bi-kts-phu-kien-so, total items: 1480
[2025-03-11T10:52:51.973+0000] {tiki_extract_dag.py:163} INFO - Calling API: https://tiki.vn/api/v2/products with params: {'page': 40, 'limit': 40, 'category': '1815'}
[2025-03-11T10:53:06.440+0000] {tiki_extract_dag.py:183} INFO - Extracted page 40/50 for category thiet-bi-kts-phu-kien-so, total items: 1520
[2025-03-11T10:53:21.975+0000] {tiki_extract_dag.py:163} INFO - Calling API: https://tiki.vn/api/v2/products with params: {'page': 41, 'limit': 40, 'category': '1815'}
[2025-03-11T10:53:35.285+0000] {tiki_extract_dag.py:183} INFO - Extracted page 41/50 for category thiet-bi-kts-phu-kien-so, total items: 1560
[2025-03-11T10:53:51.380+0000] {tiki_extract_dag.py:163} INFO - Calling API: https://tiki.vn/api/v2/products with params: {'page': 42, 'limit': 40, 'category': '1815'}
[2025-03-11T10:54:04.632+0000] {tiki_extract_dag.py:183} INFO - Extracted page 42/50 for category thiet-bi-kts-phu-kien-so, total items: 1600
[2025-03-11T10:54:21.155+0000] {tiki_extract_dag.py:163} INFO - Calling API: https://tiki.vn/api/v2/products with params: {'page': 43, 'limit': 40, 'category': '1815'}
[2025-03-11T10:54:34.184+0000] {tiki_extract_dag.py:183} INFO - Extracted page 43/50 for category thiet-bi-kts-phu-kien-so, total items: 1640
[2025-03-11T10:54:50.984+0000] {tiki_extract_dag.py:163} INFO - Calling API: https://tiki.vn/api/v2/products with params: {'page': 44, 'limit': 40, 'category': '1815'}
[2025-03-11T10:54:54.685+0000] {taskinstance.py:3313} ERROR - Task failed with exception
Traceback (most recent call last):
  File "/home/airflow/.local/lib/python3.12/site-packages/airflow/models/taskinstance.py", line 768, in _execute_task
    result = _execute_callable(context=context, **execute_callable_kwargs)
             ^^^^^^^^^^^^^^^^^^^^^^^^^^^^^^^^^^^^^^^^^^^^^^^^^^^^^^^^^^^^^
  File "/home/airflow/.local/lib/python3.12/site-packages/airflow/models/taskinstance.py", line 734, in _execute_callable
    return ExecutionCallableRunner(
           ^^^^^^^^^^^^^^^^^^^^^^^^
  File "/home/airflow/.local/lib/python3.12/site-packages/airflow/utils/operator_helpers.py", line 252, in run
    return self.func(*args, **kwargs)
           ^^^^^^^^^^^^^^^^^^^^^^^^^^
  File "/home/airflow/.local/lib/python3.12/site-packages/airflow/models/baseoperator.py", line 424, in wrapper
    return func(self, *args, **kwargs)
           ^^^^^^^^^^^^^^^^^^^^^^^^^^^
  File "/home/airflow/.local/lib/python3.12/site-packages/airflow/operators/python.py", line 238, in execute
    return_value = self.execute_callable()
                   ^^^^^^^^^^^^^^^^^^^^^^^
  File "/home/airflow/.local/lib/python3.12/site-packages/airflow/operators/python.py", line 256, in execute_callable
    return runner.run(*self.op_args, **self.op_kwargs)
           ^^^^^^^^^^^^^^^^^^^^^^^^^^^^^^^^^^^^^^^^^^^
  File "/home/airflow/.local/lib/python3.12/site-packages/airflow/utils/operator_helpers.py", line 252, in run
    return self.func(*args, **kwargs)
           ^^^^^^^^^^^^^^^^^^^^^^^^^^
  File "/opt/airflow/dags/tiki_extract_dag.py", line 179, in crawl_category
    parsed_item = parse_product(item, detailed_item)
                  ^^^^^^^^^^^^^^^^^^^^^^^^^^^^^^^^^^
  File "/opt/airflow/dags/tiki_extract_dag.py", line 90, in parse_product
    'seller_product_id': str(detailed_item.get('current_seller', {}).get('product_id', '')),
                             ^^^^^^^^^^^^^^^^^^^^^^^^^^^^^^^^^^^^^^^^^^^
AttributeError: 'NoneType' object has no attribute 'get'
[2025-03-11T10:54:56.388+0000] {logging_mixin.py:190} INFO - Task instance in failure state
[2025-03-11T10:54:56.393+0000] {logging_mixin.py:190} INFO - Task start:2025-03-11 10:33:32.385394+00:00 end:2025-03-11 10:54:56.281846+00:00 duration:1283.896452
[2025-03-11T10:54:56.429+0000] {logging_mixin.py:190} INFO - Task:<Task(PythonOperator): crawl_thiet-bi-kts-phu-kien-so> dag:<DAG: tiki_extract_dag> dagrun:<DagRun tiki_extract_dag @ 2025-03-11 09:54:25.561686+00:00: manual__2025-03-11T09:54:25.561686+00:00, state:running, queued_at: 2025-03-11 09:54:25.681807+00:00. externally triggered: True>
[2025-03-11T10:54:56.431+0000] {logging_mixin.py:190} INFO - Failure caused by 'NoneType' object has no attribute 'get'
[2025-03-11T10:54:56.441+0000] {taskinstance.py:1226} INFO - Marking task as UP_FOR_RETRY. dag_id=tiki_extract_dag, task_id=crawl_thiet-bi-kts-phu-kien-so, run_id=manual__2025-03-11T09:54:25.561686+00:00, execution_date=20250311T095425, start_date=20250311T103332, end_date=20250311T105456
[2025-03-11T10:54:57.615+0000] {taskinstance.py:341} INFO - ::group::Post task execution logs
[2025-03-11T10:54:57.648+0000] {standard_task_runner.py:124} ERROR - Failed to execute job 589 for task crawl_thiet-bi-kts-phu-kien-so ('NoneType' object has no attribute 'get'; 1216)
Traceback (most recent call last):
  File "/home/airflow/.local/lib/python3.12/site-packages/airflow/task/task_runner/standard_task_runner.py", line 117, in _start_by_fork
    ret = args.func(args, dag=self.dag)
          ^^^^^^^^^^^^^^^^^^^^^^^^^^^^^
  File "/home/airflow/.local/lib/python3.12/site-packages/airflow/cli/cli_config.py", line 49, in command
    return func(*args, **kwargs)
           ^^^^^^^^^^^^^^^^^^^^^
  File "/home/airflow/.local/lib/python3.12/site-packages/airflow/utils/cli.py", line 116, in wrapper
    return f(*args, **kwargs)
           ^^^^^^^^^^^^^^^^^^
  File "/home/airflow/.local/lib/python3.12/site-packages/airflow/cli/commands/task_command.py", line 483, in task_run
    task_return_code = _run_task_by_selected_method(args, _dag, ti)
                       ^^^^^^^^^^^^^^^^^^^^^^^^^^^^^^^^^^^^^^^^^^^^
  File "/home/airflow/.local/lib/python3.12/site-packages/airflow/cli/commands/task_command.py", line 256, in _run_task_by_selected_method
    return _run_raw_task(args, ti)
           ^^^^^^^^^^^^^^^^^^^^^^^
  File "/home/airflow/.local/lib/python3.12/site-packages/airflow/cli/commands/task_command.py", line 341, in _run_raw_task
    return ti._run_raw_task(
           ^^^^^^^^^^^^^^^^^
  File "/home/airflow/.local/lib/python3.12/site-packages/airflow/utils/session.py", line 97, in wrapper
    return func(*args, session=session, **kwargs)
           ^^^^^^^^^^^^^^^^^^^^^^^^^^^^^^^^^^^^^^
  File "/home/airflow/.local/lib/python3.12/site-packages/airflow/models/taskinstance.py", line 3006, in _run_raw_task
    return _run_raw_task(
           ^^^^^^^^^^^^^^
  File "/home/airflow/.local/lib/python3.12/site-packages/airflow/models/taskinstance.py", line 274, in _run_raw_task
    TaskInstance._execute_task_with_callbacks(
  File "/home/airflow/.local/lib/python3.12/site-packages/airflow/models/taskinstance.py", line 3161, in _execute_task_with_callbacks
    result = self._execute_task(context, task_orig)
             ^^^^^^^^^^^^^^^^^^^^^^^^^^^^^^^^^^^^^^
  File "/home/airflow/.local/lib/python3.12/site-packages/airflow/models/taskinstance.py", line 3185, in _execute_task
    return _execute_task(self, context, task_orig)
           ^^^^^^^^^^^^^^^^^^^^^^^^^^^^^^^^^^^^^^^
  File "/home/airflow/.local/lib/python3.12/site-packages/airflow/models/taskinstance.py", line 768, in _execute_task
    result = _execute_callable(context=context, **execute_callable_kwargs)
             ^^^^^^^^^^^^^^^^^^^^^^^^^^^^^^^^^^^^^^^^^^^^^^^^^^^^^^^^^^^^^
  File "/home/airflow/.local/lib/python3.12/site-packages/airflow/models/taskinstance.py", line 734, in _execute_callable
    return ExecutionCallableRunner(
           ^^^^^^^^^^^^^^^^^^^^^^^^
  File "/home/airflow/.local/lib/python3.12/site-packages/airflow/utils/operator_helpers.py", line 252, in run
    return self.func(*args, **kwargs)
           ^^^^^^^^^^^^^^^^^^^^^^^^^^
  File "/home/airflow/.local/lib/python3.12/site-packages/airflow/models/baseoperator.py", line 424, in wrapper
    return func(self, *args, **kwargs)
           ^^^^^^^^^^^^^^^^^^^^^^^^^^^
  File "/home/airflow/.local/lib/python3.12/site-packages/airflow/operators/python.py", line 238, in execute
    return_value = self.execute_callable()
                   ^^^^^^^^^^^^^^^^^^^^^^^
  File "/home/airflow/.local/lib/python3.12/site-packages/airflow/operators/python.py", line 256, in execute_callable
    return runner.run(*self.op_args, **self.op_kwargs)
           ^^^^^^^^^^^^^^^^^^^^^^^^^^^^^^^^^^^^^^^^^^^
  File "/home/airflow/.local/lib/python3.12/site-packages/airflow/utils/operator_helpers.py", line 252, in run
    return self.func(*args, **kwargs)
           ^^^^^^^^^^^^^^^^^^^^^^^^^^
  File "/opt/airflow/dags/tiki_extract_dag.py", line 179, in crawl_category
    parsed_item = parse_product(item, detailed_item)
                  ^^^^^^^^^^^^^^^^^^^^^^^^^^^^^^^^^^
  File "/opt/airflow/dags/tiki_extract_dag.py", line 90, in parse_product
    'seller_product_id': str(detailed_item.get('current_seller', {}).get('product_id', '')),
                             ^^^^^^^^^^^^^^^^^^^^^^^^^^^^^^^^^^^^^^^^^^^
AttributeError: 'NoneType' object has no attribute 'get'
[2025-03-11T10:54:58.170+0000] {local_task_job_runner.py:266} INFO - Task exited with return code 1
[2025-03-11T10:55:11.133+0000] {standard_task_runner.py:217} INFO - Process not found (most likely exited), stop collecting metrics
[2025-03-11T10:55:11.200+0000] {taskinstance.py:3901} INFO - 0 downstream tasks scheduled from follow-on schedule check
[2025-03-11T10:55:11.206+0000] {local_task_job_runner.py:245} INFO - ::endgroup::
