[2025-03-12T07:26:10.609+0000] {local_task_job_runner.py:123} INFO - ::group::Pre task execution logs
[2025-03-12T07:26:10.661+0000] {taskinstance.py:2614} INFO - Dependencies all met for dep_context=non-requeueable deps ti=<TaskInstance: tiki_extract_dag.extract_thoi-trang-nu manual__2025-03-12T07:25:54.854919+00:00 [queued]>
[2025-03-12T07:26:10.712+0000] {taskinstance.py:2614} INFO - Dependencies all met for dep_context=requeueable deps ti=<TaskInstance: tiki_extract_dag.extract_thoi-trang-nu manual__2025-03-12T07:25:54.854919+00:00 [queued]>
[2025-03-12T07:26:10.713+0000] {taskinstance.py:2867} INFO - Starting attempt 1 of 4
[2025-03-12T07:26:10.814+0000] {taskinstance.py:2890} INFO - Executing <Task(PythonOperator): extract_thoi-trang-nu> on 2025-03-12 07:25:54.854919+00:00
[2025-03-12T07:26:10.873+0000] {warnings.py:112} WARNING - /home/***/.local/lib/python3.12/site-packages/***/task/task_runner/standard_task_runner.py:70: DeprecationWarning: This process (pid=224) is multi-threaded, use of fork() may lead to deadlocks in the child.
  pid = os.fork()

[2025-03-12T07:26:10.894+0000] {standard_task_runner.py:72} INFO - Started process 262 to run task
[2025-03-12T07:26:10.899+0000] {standard_task_runner.py:104} INFO - Running: ['***', 'tasks', 'run', 'tiki_extract_dag', 'extract_thoi-trang-nu', 'manual__2025-03-12T07:25:54.854919+00:00', '--job-id', '678', '--raw', '--subdir', 'DAGS_FOLDER/tiki_extract_dag.py', '--cfg-path', '/tmp/tmptf9bkp9r']
[2025-03-12T07:26:10.905+0000] {standard_task_runner.py:105} INFO - Job 678: Subtask extract_thoi-trang-nu
[2025-03-12T07:26:11.259+0000] {task_command.py:467} INFO - Running <TaskInstance: tiki_extract_dag.extract_thoi-trang-nu manual__2025-03-12T07:25:54.854919+00:00 [running]> on host 3905098656d4
[2025-03-12T07:26:15.494+0000] {taskinstance.py:3134} INFO - Exporting env vars: AIRFLOW_CTX_DAG_OWNER='***' AIRFLOW_CTX_DAG_ID='tiki_extract_dag' AIRFLOW_CTX_TASK_ID='extract_thoi-trang-nu' AIRFLOW_CTX_EXECUTION_DATE='2025-03-12T07:25:54.854919+00:00' AIRFLOW_CTX_TRY_NUMBER='1' AIRFLOW_CTX_DAG_RUN_ID='manual__2025-03-12T07:25:54.854919+00:00'
[2025-03-12T07:26:15.501+0000] {logging_mixin.py:190} INFO - Task instance is in running state
[2025-03-12T07:26:15.508+0000] {logging_mixin.py:190} INFO -  Previous state of the Task instance: queued
[2025-03-12T07:26:15.512+0000] {logging_mixin.py:190} INFO - Current task name:extract_thoi-trang-nu state:running start_date:2025-03-12 07:26:10.663620+00:00
[2025-03-12T07:26:15.513+0000] {logging_mixin.py:190} INFO - Dag name:tiki_extract_dag and current dag run status:running
[2025-03-12T07:26:15.513+0000] {taskinstance.py:732} INFO - ::endgroup::
[2025-03-12T07:26:18.441+0000] {tiki_extract_dag.py:122} INFO - Starting crawl for category thoi-trang-nu
[2025-03-12T07:26:21.100+0000] {tiki_extract_dag.py:129} INFO - Total pages for thoi-trang-nu: 50
[2025-03-12T07:26:21.731+0000] {tiki_extract_dag.py:155} INFO - Extracted page 2/50 - thoi-trang-nu, total items: 80
[2025-03-12T07:26:30.809+0000] {tiki_extract_dag.py:155} INFO - Extracted page 3/50 - thoi-trang-nu, total items: 120
[2025-03-12T07:26:39.433+0000] {tiki_extract_dag.py:155} INFO - Extracted page 4/50 - thoi-trang-nu, total items: 160
[2025-03-12T07:26:46.840+0000] {tiki_extract_dag.py:155} INFO - Extracted page 5/50 - thoi-trang-nu, total items: 200
[2025-03-12T07:26:53.930+0000] {tiki_extract_dag.py:155} INFO - Extracted page 6/50 - thoi-trang-nu, total items: 240
[2025-03-12T07:27:02.167+0000] {tiki_extract_dag.py:155} INFO - Extracted page 7/50 - thoi-trang-nu, total items: 280
[2025-03-12T07:27:11.679+0000] {tiki_extract_dag.py:155} INFO - Extracted page 8/50 - thoi-trang-nu, total items: 320
[2025-03-12T07:27:20.221+0000] {tiki_extract_dag.py:155} INFO - Extracted page 9/50 - thoi-trang-nu, total items: 360
[2025-03-12T07:27:27.882+0000] {tiki_extract_dag.py:155} INFO - Extracted page 10/50 - thoi-trang-nu, total items: 400
[2025-03-12T07:27:37.452+0000] {tiki_extract_dag.py:155} INFO - Extracted page 11/50 - thoi-trang-nu, total items: 440
[2025-03-12T07:27:47.435+0000] {tiki_extract_dag.py:155} INFO - Extracted page 12/50 - thoi-trang-nu, total items: 480
[2025-03-12T07:27:55.233+0000] {tiki_extract_dag.py:155} INFO - Extracted page 13/50 - thoi-trang-nu, total items: 520
[2025-03-12T07:28:01.860+0000] {tiki_extract_dag.py:155} INFO - Extracted page 14/50 - thoi-trang-nu, total items: 560
[2025-03-12T07:28:12.156+0000] {tiki_extract_dag.py:155} INFO - Extracted page 15/50 - thoi-trang-nu, total items: 600
[2025-03-12T07:28:20.661+0000] {tiki_extract_dag.py:155} INFO - Extracted page 16/50 - thoi-trang-nu, total items: 640
[2025-03-12T07:28:28.444+0000] {tiki_extract_dag.py:155} INFO - Extracted page 17/50 - thoi-trang-nu, total items: 680
[2025-03-12T07:28:38.194+0000] {tiki_extract_dag.py:155} INFO - Extracted page 18/50 - thoi-trang-nu, total items: 720
[2025-03-12T07:28:47.479+0000] {tiki_extract_dag.py:155} INFO - Extracted page 19/50 - thoi-trang-nu, total items: 760
[2025-03-12T07:28:53.242+0000] {tiki_extract_dag.py:155} INFO - Extracted page 20/50 - thoi-trang-nu, total items: 800
[2025-03-12T07:28:59.072+0000] {tiki_extract_dag.py:155} INFO - Extracted page 21/50 - thoi-trang-nu, total items: 840
[2025-03-12T07:29:06.965+0000] {tiki_extract_dag.py:155} INFO - Extracted page 22/50 - thoi-trang-nu, total items: 880
[2025-03-12T07:29:15.553+0000] {tiki_extract_dag.py:155} INFO - Extracted page 23/50 - thoi-trang-nu, total items: 920
[2025-03-12T07:29:22.358+0000] {tiki_extract_dag.py:155} INFO - Extracted page 24/50 - thoi-trang-nu, total items: 960
[2025-03-12T07:29:33.377+0000] {tiki_extract_dag.py:155} INFO - Extracted page 25/50 - thoi-trang-nu, total items: 1000
[2025-03-12T07:29:40.426+0000] {tiki_extract_dag.py:155} INFO - Extracted page 26/50 - thoi-trang-nu, total items: 1040
[2025-03-12T07:29:48.037+0000] {tiki_extract_dag.py:155} INFO - Extracted page 27/50 - thoi-trang-nu, total items: 1080
[2025-03-12T07:29:57.800+0000] {tiki_extract_dag.py:155} INFO - Extracted page 28/50 - thoi-trang-nu, total items: 1120
[2025-03-12T07:30:04.402+0000] {tiki_extract_dag.py:155} INFO - Extracted page 29/50 - thoi-trang-nu, total items: 1160
[2025-03-12T07:30:11.056+0000] {tiki_extract_dag.py:155} INFO - Extracted page 30/50 - thoi-trang-nu, total items: 1200
[2025-03-12T07:30:21.215+0000] {tiki_extract_dag.py:155} INFO - Extracted page 31/50 - thoi-trang-nu, total items: 1240
[2025-03-12T07:30:28.363+0000] {tiki_extract_dag.py:155} INFO - Extracted page 32/50 - thoi-trang-nu, total items: 1280
[2025-03-12T07:30:38.670+0000] {tiki_extract_dag.py:155} INFO - Extracted page 33/50 - thoi-trang-nu, total items: 1320
[2025-03-12T07:30:45.670+0000] {tiki_extract_dag.py:155} INFO - Extracted page 34/50 - thoi-trang-nu, total items: 1360
[2025-03-12T07:30:53.148+0000] {tiki_extract_dag.py:155} INFO - Extracted page 35/50 - thoi-trang-nu, total items: 1400
[2025-03-12T07:31:02.102+0000] {tiki_extract_dag.py:155} INFO - Extracted page 36/50 - thoi-trang-nu, total items: 1440
[2025-03-12T07:31:10.627+0000] {tiki_extract_dag.py:155} INFO - Extracted page 37/50 - thoi-trang-nu, total items: 1480
[2025-03-12T07:31:17.730+0000] {tiki_extract_dag.py:155} INFO - Extracted page 38/50 - thoi-trang-nu, total items: 1520
[2025-03-12T07:31:25.350+0000] {tiki_extract_dag.py:155} INFO - Extracted page 39/50 - thoi-trang-nu, total items: 1560
[2025-03-12T07:31:31.000+0000] {tiki_extract_dag.py:155} INFO - Extracted page 40/50 - thoi-trang-nu, total items: 1600
[2025-03-12T07:31:39.952+0000] {tiki_extract_dag.py:155} INFO - Extracted page 41/50 - thoi-trang-nu, total items: 1640
[2025-03-12T07:31:46.323+0000] {tiki_extract_dag.py:155} INFO - Extracted page 42/50 - thoi-trang-nu, total items: 1680
[2025-03-12T07:31:53.249+0000] {tiki_extract_dag.py:155} INFO - Extracted page 43/50 - thoi-trang-nu, total items: 1720
[2025-03-12T07:32:00.777+0000] {tiki_extract_dag.py:155} INFO - Extracted page 44/50 - thoi-trang-nu, total items: 1760
[2025-03-12T07:32:07.445+0000] {tiki_extract_dag.py:155} INFO - Extracted page 45/50 - thoi-trang-nu, total items: 1800
[2025-03-12T07:32:16.638+0000] {tiki_extract_dag.py:155} INFO - Extracted page 46/50 - thoi-trang-nu, total items: 1840
[2025-03-12T07:32:22.316+0000] {tiki_extract_dag.py:155} INFO - Extracted page 47/50 - thoi-trang-nu, total items: 1880
[2025-03-12T07:32:32.649+0000] {tiki_extract_dag.py:155} INFO - Extracted page 48/50 - thoi-trang-nu, total items: 1920
[2025-03-12T07:32:42.088+0000] {tiki_extract_dag.py:155} INFO - Extracted page 49/50 - thoi-trang-nu, total items: 1960
[2025-03-12T07:32:53.321+0000] {tiki_extract_dag.py:155} INFO - Extracted page 50/50 - thoi-trang-nu, total items: 2000
[2025-03-12T07:33:48.136+0000] {tiki_extract_dag.py:56} INFO - Updated crawled products at tiki-pipeline/tiki_crawled/crawled_products.json
[2025-03-12T07:33:48.139+0000] {tiki_extract_dag.py:172} INFO - Uploaded raw data to tiki-pipeline/tiki_raw_data/raw_thoi-trang-nu_20250312_073300.json, total items: 2000
[2025-03-12T07:33:49.028+0000] {tiki_extract_dag.py:183} INFO - Saved metadata to tiki-pipeline/metadata/extract_run_metadata_thoi-trang-nu_20250312_073300.json
[2025-03-12T07:33:49.052+0000] {python.py:240} INFO - Done. Returned value was: None
[2025-03-12T07:33:49.133+0000] {taskinstance.py:341} INFO - ::group::Post task execution logs
[2025-03-12T07:33:49.136+0000] {taskinstance.py:353} INFO - Marking task as SUCCESS. dag_id=tiki_extract_dag, task_id=extract_thoi-trang-nu, run_id=manual__2025-03-12T07:25:54.854919+00:00, execution_date=20250312T072554, start_date=20250312T072610, end_date=20250312T073349
[2025-03-12T07:33:49.221+0000] {logging_mixin.py:190} INFO - Task instance in success state
[2025-03-12T07:33:49.223+0000] {logging_mixin.py:190} INFO -  Previous state of the Task instance: running
[2025-03-12T07:33:49.223+0000] {logging_mixin.py:190} INFO - Dag name:tiki_extract_dag queued_at:2025-03-12 07:25:54.899816+00:00
[2025-03-12T07:33:49.224+0000] {logging_mixin.py:190} INFO - Task hostname:3905098656d4 operator:PythonOperator
[2025-03-12T07:33:49.322+0000] {local_task_job_runner.py:266} INFO - Task exited with return code 0
[2025-03-12T07:33:49.411+0000] {taskinstance.py:3901} INFO - 0 downstream tasks scheduled from follow-on schedule check
[2025-03-12T07:33:49.415+0000] {local_task_job_runner.py:245} INFO - ::endgroup::
