[2025-03-09T11:27:30.434+0000] {local_task_job_runner.py:123} INFO - ::group::Pre task execution logs
[2025-03-09T11:27:30.463+0000] {taskinstance.py:2614} INFO - Dependencies all met for dep_context=non-requeueable deps ti=<TaskInstance: tiki_etl_orchestration.trigger_extract manual__2025-03-09T11:27:25.699358+00:00 [queued]>
[2025-03-09T11:27:30.478+0000] {taskinstance.py:2614} INFO - Dependencies all met for dep_context=requeueable deps ti=<TaskInstance: tiki_etl_orchestration.trigger_extract manual__2025-03-09T11:27:25.699358+00:00 [queued]>
[2025-03-09T11:27:30.480+0000] {taskinstance.py:2867} INFO - Starting attempt 1 of 1
[2025-03-09T11:27:30.697+0000] {taskinstance.py:2890} INFO - Executing <Task(TriggerDagRunOperator): trigger_extract> on 2025-03-09 11:27:25.699358+00:00
[2025-03-09T11:27:30.710+0000] {warnings.py:112} WARNING - /home/***/.local/lib/python3.12/site-packages/***/task/task_runner/standard_task_runner.py:70: DeprecationWarning: This process (pid=150) is multi-threaded, use of fork() may lead to deadlocks in the child.
  pid = os.fork()

[2025-03-09T11:27:30.714+0000] {standard_task_runner.py:72} INFO - Started process 152 to run task
[2025-03-09T11:27:30.714+0000] {standard_task_runner.py:104} INFO - Running: ['***', 'tasks', 'run', 'tiki_etl_orchestration', 'trigger_extract', 'manual__2025-03-09T11:27:25.699358+00:00', '--job-id', '143', '--raw', '--subdir', 'DAGS_FOLDER/tiki_etl_orchestration.py', '--cfg-path', '/tmp/tmpp0h6kdfk']
[2025-03-09T11:27:30.716+0000] {standard_task_runner.py:105} INFO - Job 143: Subtask trigger_extract
[2025-03-09T11:27:30.812+0000] {task_command.py:467} INFO - Running <TaskInstance: tiki_etl_orchestration.trigger_extract manual__2025-03-09T11:27:25.699358+00:00 [running]> on host 4dc18dee7126
[2025-03-09T11:27:30.962+0000] {taskinstance.py:3134} INFO - Exporting env vars: AIRFLOW_CTX_DAG_OWNER='***' AIRFLOW_CTX_DAG_ID='tiki_etl_orchestration' AIRFLOW_CTX_TASK_ID='trigger_extract' AIRFLOW_CTX_EXECUTION_DATE='2025-03-09T11:27:25.699358+00:00' AIRFLOW_CTX_TRY_NUMBER='1' AIRFLOW_CTX_DAG_RUN_ID='manual__2025-03-09T11:27:25.699358+00:00'
[2025-03-09T11:27:30.964+0000] {taskinstance.py:3204} ERROR - Failed when executing execute callback
Traceback (most recent call last):
  File "/home/airflow/.local/lib/python3.12/site-packages/airflow/models/taskinstance.py", line 3202, in _run_execute_callback
    callback(context)
TypeError: push_execution_date() missing 1 required positional argument: 'dag_run_obj'
[2025-03-09T11:27:30.966+0000] {logging_mixin.py:190} INFO - Task instance is in running state
[2025-03-09T11:27:30.967+0000] {logging_mixin.py:190} INFO -  Previous state of the Task instance: queued
[2025-03-09T11:27:30.967+0000] {logging_mixin.py:190} INFO - Current task name:trigger_extract state:running start_date:2025-03-09 11:27:30.464918+00:00
[2025-03-09T11:27:30.968+0000] {logging_mixin.py:190} INFO - Dag name:tiki_etl_orchestration and current dag run status:running
[2025-03-09T11:27:30.969+0000] {taskinstance.py:732} INFO - ::endgroup::
[2025-03-09T11:27:31.106+0000] {trigger_dagrun.py:257} INFO - Waiting for tiki_extract_dag on 2025-03-09 11:27:30.969937+00:00 to become allowed state ['success'] ...
[2025-03-09T11:27:41.122+0000] {trigger_dagrun.py:257} INFO - Waiting for tiki_extract_dag on 2025-03-09 11:27:30.969937+00:00 to become allowed state ['success'] ...
[2025-03-09T11:27:51.135+0000] {trigger_dagrun.py:257} INFO - Waiting for tiki_extract_dag on 2025-03-09 11:27:30.969937+00:00 to become allowed state ['success'] ...
[2025-03-09T11:28:01.147+0000] {trigger_dagrun.py:257} INFO - Waiting for tiki_extract_dag on 2025-03-09 11:27:30.969937+00:00 to become allowed state ['success'] ...
[2025-03-09T11:28:11.156+0000] {trigger_dagrun.py:257} INFO - Waiting for tiki_extract_dag on 2025-03-09 11:27:30.969937+00:00 to become allowed state ['success'] ...
[2025-03-09T11:28:21.169+0000] {trigger_dagrun.py:257} INFO - Waiting for tiki_extract_dag on 2025-03-09 11:27:30.969937+00:00 to become allowed state ['success'] ...
[2025-03-09T11:28:31.182+0000] {trigger_dagrun.py:257} INFO - Waiting for tiki_extract_dag on 2025-03-09 11:27:30.969937+00:00 to become allowed state ['success'] ...
[2025-03-09T11:28:41.191+0000] {trigger_dagrun.py:257} INFO - Waiting for tiki_extract_dag on 2025-03-09 11:27:30.969937+00:00 to become allowed state ['success'] ...
[2025-03-09T11:28:51.203+0000] {trigger_dagrun.py:257} INFO - Waiting for tiki_extract_dag on 2025-03-09 11:27:30.969937+00:00 to become allowed state ['success'] ...
[2025-03-09T11:29:01.216+0000] {trigger_dagrun.py:257} INFO - Waiting for tiki_extract_dag on 2025-03-09 11:27:30.969937+00:00 to become allowed state ['success'] ...
[2025-03-09T11:29:11.226+0000] {trigger_dagrun.py:257} INFO - Waiting for tiki_extract_dag on 2025-03-09 11:27:30.969937+00:00 to become allowed state ['success'] ...
[2025-03-09T11:29:21.238+0000] {trigger_dagrun.py:257} INFO - Waiting for tiki_extract_dag on 2025-03-09 11:27:30.969937+00:00 to become allowed state ['success'] ...
[2025-03-09T11:29:31.250+0000] {trigger_dagrun.py:257} INFO - Waiting for tiki_extract_dag on 2025-03-09 11:27:30.969937+00:00 to become allowed state ['success'] ...
[2025-03-09T11:29:41.260+0000] {trigger_dagrun.py:257} INFO - Waiting for tiki_extract_dag on 2025-03-09 11:27:30.969937+00:00 to become allowed state ['success'] ...
[2025-03-09T11:29:51.272+0000] {trigger_dagrun.py:257} INFO - Waiting for tiki_extract_dag on 2025-03-09 11:27:30.969937+00:00 to become allowed state ['success'] ...
[2025-03-09T11:30:01.284+0000] {trigger_dagrun.py:257} INFO - Waiting for tiki_extract_dag on 2025-03-09 11:27:30.969937+00:00 to become allowed state ['success'] ...
[2025-03-09T11:30:11.295+0000] {trigger_dagrun.py:257} INFO - Waiting for tiki_extract_dag on 2025-03-09 11:27:30.969937+00:00 to become allowed state ['success'] ...
[2025-03-09T11:30:21.306+0000] {trigger_dagrun.py:257} INFO - Waiting for tiki_extract_dag on 2025-03-09 11:27:30.969937+00:00 to become allowed state ['success'] ...
[2025-03-09T11:30:31.319+0000] {trigger_dagrun.py:257} INFO - Waiting for tiki_extract_dag on 2025-03-09 11:27:30.969937+00:00 to become allowed state ['success'] ...
[2025-03-09T11:30:41.328+0000] {trigger_dagrun.py:257} INFO - Waiting for tiki_extract_dag on 2025-03-09 11:27:30.969937+00:00 to become allowed state ['success'] ...
[2025-03-09T11:30:51.341+0000] {trigger_dagrun.py:257} INFO - Waiting for tiki_extract_dag on 2025-03-09 11:27:30.969937+00:00 to become allowed state ['success'] ...
[2025-03-09T11:31:01.354+0000] {trigger_dagrun.py:257} INFO - Waiting for tiki_extract_dag on 2025-03-09 11:27:30.969937+00:00 to become allowed state ['success'] ...
[2025-03-09T11:31:11.362+0000] {trigger_dagrun.py:271} INFO - tiki_extract_dag finished with allowed state success
[2025-03-09T11:31:11.379+0000] {taskinstance.py:341} INFO - ::group::Post task execution logs
[2025-03-09T11:31:11.380+0000] {taskinstance.py:353} INFO - Marking task as SUCCESS. dag_id=tiki_etl_orchestration, task_id=trigger_extract, run_id=manual__2025-03-09T11:27:25.699358+00:00, execution_date=20250309T112725, start_date=20250309T112730, end_date=20250309T113111
[2025-03-09T11:31:11.419+0000] {logging_mixin.py:190} INFO - Task instance in success state
[2025-03-09T11:31:11.421+0000] {logging_mixin.py:190} INFO -  Previous state of the Task instance: running
[2025-03-09T11:31:11.422+0000] {logging_mixin.py:190} INFO - Dag name:tiki_etl_orchestration queued_at:2025-03-09 11:27:25.730327+00:00
[2025-03-09T11:31:11.422+0000] {logging_mixin.py:190} INFO - Task hostname:4dc18dee7126 operator:TriggerDagRunOperator
[2025-03-09T11:31:11.473+0000] {local_task_job_runner.py:266} INFO - Task exited with return code 0
[2025-03-09T11:31:11.535+0000] {taskinstance.py:3901} INFO - 1 downstream tasks scheduled from follow-on schedule check
[2025-03-09T11:31:11.539+0000] {local_task_job_runner.py:245} INFO - ::endgroup::
