[2025-03-11T18:02:23.311+0000] {local_task_job_runner.py:123} INFO - ::group::Pre task execution logs
[2025-03-11T18:02:23.329+0000] {taskinstance.py:2614} INFO - Dependencies all met for dep_context=non-requeueable deps ti=<TaskInstance: tiki_load_dag.load_data manual__2025-03-11T18:02:20.639662+00:00 [queued]>
[2025-03-11T18:02:23.338+0000] {taskinstance.py:2614} INFO - Dependencies all met for dep_context=requeueable deps ti=<TaskInstance: tiki_load_dag.load_data manual__2025-03-11T18:02:20.639662+00:00 [queued]>
[2025-03-11T18:02:23.338+0000] {taskinstance.py:2867} INFO - Starting attempt 1 of 4
[2025-03-11T18:02:23.354+0000] {taskinstance.py:2890} INFO - Executing <Task(PythonOperator): load_data> on 2025-03-11 18:02:20.639662+00:00
[2025-03-11T18:02:23.364+0000] {warnings.py:112} WARNING - /home/***/.local/lib/python3.12/site-packages/***/task/task_runner/standard_task_runner.py:70: DeprecationWarning: This process (pid=1239) is multi-threaded, use of fork() may lead to deadlocks in the child.
  pid = os.fork()

[2025-03-11T18:02:23.366+0000] {standard_task_runner.py:72} INFO - Started process 1241 to run task
[2025-03-11T18:02:23.366+0000] {standard_task_runner.py:104} INFO - Running: ['***', 'tasks', 'run', 'tiki_load_dag', 'load_data', 'manual__2025-03-11T18:02:20.639662+00:00', '--job-id', '625', '--raw', '--subdir', 'DAGS_FOLDER/tiki_load_dag.py', '--cfg-path', '/tmp/tmpx62izx8u']
[2025-03-11T18:02:23.367+0000] {standard_task_runner.py:105} INFO - Job 625: Subtask load_data
[2025-03-11T18:02:23.416+0000] {task_command.py:467} INFO - Running <TaskInstance: tiki_load_dag.load_data manual__2025-03-11T18:02:20.639662+00:00 [running]> on host 5c8190d7da62
[2025-03-11T18:02:23.516+0000] {taskinstance.py:3134} INFO - Exporting env vars: AIRFLOW_CTX_DAG_OWNER='***' AIRFLOW_CTX_DAG_ID='tiki_load_dag' AIRFLOW_CTX_TASK_ID='load_data' AIRFLOW_CTX_EXECUTION_DATE='2025-03-11T18:02:20.639662+00:00' AIRFLOW_CTX_TRY_NUMBER='1' AIRFLOW_CTX_DAG_RUN_ID='manual__2025-03-11T18:02:20.639662+00:00'
[2025-03-11T18:02:23.518+0000] {logging_mixin.py:190} INFO - Task instance is in running state
[2025-03-11T18:02:23.518+0000] {logging_mixin.py:190} INFO -  Previous state of the Task instance: queued
[2025-03-11T18:02:23.519+0000] {logging_mixin.py:190} INFO - Current task name:load_data state:running start_date:2025-03-11 18:02:23.330199+00:00
[2025-03-11T18:02:23.519+0000] {logging_mixin.py:190} INFO - Dag name:tiki_load_dag and current dag run status:running
[2025-03-11T18:02:23.520+0000] {taskinstance.py:732} INFO - ::endgroup::
[2025-03-11T18:02:24.984+0000] {tiki_load_dag.py:33} INFO - Found latest fact_sales blob: tiki_transformed_data/fact_sales_20250311_175422.csv
[2025-03-11T18:02:25.195+0000] {tiki_load_dag.py:33} INFO - Found latest dim_product blob: tiki_transformed_data/dim_product_20250311_175422.csv
[2025-03-11T18:02:25.437+0000] {tiki_load_dag.py:33} INFO - Found latest dim_seller blob: tiki_transformed_data/dim_seller_20250311_175422.csv
[2025-03-11T18:02:25.769+0000] {tiki_load_dag.py:33} INFO - Found latest dim_category blob: tiki_transformed_data/dim_category_20250311_175422.csv
[2025-03-11T18:02:26.092+0000] {tiki_load_dag.py:33} INFO - Found latest dim_brand blob: tiki_transformed_data/dim_brand_20250311_175422.csv
[2025-03-11T18:02:27.723+0000] {tiki_load_dag.py:63} INFO - Starting load job for Fact_Sales from gs://tiki-pipeline/tiki_transformed_data/fact_sales_20250311_175422.csv
[2025-03-11T18:02:31.073+0000] {tiki_load_dag.py:65} INFO - Loaded Fact_Sales with 17845 rows
[2025-03-11T18:02:31.838+0000] {tiki_load_dag.py:63} INFO - Starting load job for Dim_Product from gs://tiki-pipeline/tiki_transformed_data/dim_product_20250311_175422.csv
[2025-03-11T18:02:36.092+0000] {tiki_load_dag.py:65} INFO - Loaded Dim_Product with 17845 rows
[2025-03-11T18:02:36.712+0000] {tiki_load_dag.py:63} INFO - Starting load job for Dim_Seller from gs://tiki-pipeline/tiki_transformed_data/dim_seller_20250311_175422.csv
[2025-03-11T18:02:40.709+0000] {tiki_load_dag.py:65} INFO - Loaded Dim_Seller with 1659 rows
[2025-03-11T18:02:41.319+0000] {tiki_load_dag.py:63} INFO - Starting load job for Dim_Category from gs://tiki-pipeline/tiki_transformed_data/dim_category_20250311_175422.csv
[2025-03-11T18:02:44.276+0000] {tiki_load_dag.py:65} INFO - Loaded Dim_Category with 9083 rows
[2025-03-11T18:02:44.929+0000] {tiki_load_dag.py:63} INFO - Starting load job for Dim_Brand from gs://tiki-pipeline/tiki_transformed_data/dim_brand_20250311_175422.csv
[2025-03-11T18:02:47.595+0000] {tiki_load_dag.py:65} INFO - Loaded Dim_Brand with 0 rows
[2025-03-11T18:02:47.595+0000] {python.py:240} INFO - Done. Returned value was: None
[2025-03-11T18:02:47.605+0000] {taskinstance.py:341} INFO - ::group::Post task execution logs
[2025-03-11T18:02:47.606+0000] {taskinstance.py:353} INFO - Marking task as SUCCESS. dag_id=tiki_load_dag, task_id=load_data, run_id=manual__2025-03-11T18:02:20.639662+00:00, execution_date=20250311T180220, start_date=20250311T180223, end_date=20250311T180247
[2025-03-11T18:02:47.629+0000] {logging_mixin.py:190} INFO - Task instance in success state
[2025-03-11T18:02:47.629+0000] {logging_mixin.py:190} INFO -  Previous state of the Task instance: running
[2025-03-11T18:02:47.630+0000] {logging_mixin.py:190} INFO - Dag name:tiki_load_dag queued_at:2025-03-11 18:02:20.820829+00:00
[2025-03-11T18:02:47.630+0000] {logging_mixin.py:190} INFO - Task hostname:5c8190d7da62 operator:PythonOperator
[2025-03-11T18:02:47.665+0000] {local_task_job_runner.py:266} INFO - Task exited with return code 0
[2025-03-11T18:02:47.681+0000] {taskinstance.py:3901} INFO - 0 downstream tasks scheduled from follow-on schedule check
[2025-03-11T18:02:47.683+0000] {local_task_job_runner.py:245} INFO - ::endgroup::
