[2025-03-09T04:56:50.658+0000] {local_task_job_runner.py:123} INFO - ::group::Pre task execution logs
[2025-03-09T04:56:50.771+0000] {taskinstance.py:2614} INFO - Dependencies all met for dep_context=non-requeueable deps ti=<TaskInstance: tiki_etl_orchestration.trigger_extract scheduled__2025-03-08T00:00:00+00:00 [queued]>
[2025-03-09T04:56:50.870+0000] {taskinstance.py:2614} INFO - Dependencies all met for dep_context=requeueable deps ti=<TaskInstance: tiki_etl_orchestration.trigger_extract scheduled__2025-03-08T00:00:00+00:00 [queued]>
[2025-03-09T04:56:50.872+0000] {taskinstance.py:2867} INFO - Starting attempt 1 of 1
[2025-03-09T04:56:51.946+0000] {taskinstance.py:2890} INFO - Executing <Task(TriggerDagRunOperator): trigger_extract> on 2025-03-08 00:00:00+00:00
[2025-03-09T04:56:52.018+0000] {warnings.py:112} WARNING - /home/***/.local/lib/python3.12/site-packages/***/task/task_runner/standard_task_runner.py:70: DeprecationWarning: This process (pid=1306) is multi-threaded, use of fork() may lead to deadlocks in the child.
  pid = os.fork()

[2025-03-09T04:56:52.021+0000] {standard_task_runner.py:72} INFO - Started process 1308 to run task
[2025-03-09T04:56:52.014+0000] {standard_task_runner.py:104} INFO - Running: ['***', 'tasks', 'run', 'tiki_etl_orchestration', 'trigger_extract', 'scheduled__2025-03-08T00:00:00+00:00', '--job-id', '68', '--raw', '--subdir', 'DAGS_FOLDER/tiki_etl_orchestration.py', '--cfg-path', '/tmp/tmpyo8vlqk8']
[2025-03-09T04:56:52.027+0000] {standard_task_runner.py:105} INFO - Job 68: Subtask trigger_extract
[2025-03-09T04:56:52.305+0000] {task_command.py:467} INFO - Running <TaskInstance: tiki_etl_orchestration.trigger_extract scheduled__2025-03-08T00:00:00+00:00 [running]> on host 4dc18dee7126
[2025-03-09T04:56:52.871+0000] {taskinstance.py:3134} INFO - Exporting env vars: AIRFLOW_CTX_DAG_OWNER='***' AIRFLOW_CTX_DAG_ID='tiki_etl_orchestration' AIRFLOW_CTX_TASK_ID='trigger_extract' AIRFLOW_CTX_EXECUTION_DATE='2025-03-08T00:00:00+00:00' AIRFLOW_CTX_TRY_NUMBER='1' AIRFLOW_CTX_DAG_RUN_ID='scheduled__2025-03-08T00:00:00+00:00'
[2025-03-09T04:56:52.881+0000] {logging_mixin.py:190} INFO - Task instance is in running state
[2025-03-09T04:56:52.886+0000] {logging_mixin.py:190} INFO -  Previous state of the Task instance: queued
[2025-03-09T04:56:52.891+0000] {logging_mixin.py:190} INFO - Current task name:trigger_extract state:running start_date:2025-03-09 04:56:50.773181+00:00
[2025-03-09T04:56:52.896+0000] {logging_mixin.py:190} INFO - Dag name:tiki_etl_orchestration and current dag run status:running
[2025-03-09T04:56:52.900+0000] {taskinstance.py:732} INFO - ::endgroup::
[2025-03-09T04:56:53.258+0000] {trigger_dagrun.py:257} INFO - Waiting for tiki_extract_dag on 2025-03-09 04:56:52.902142+00:00 to become allowed state ['success'] ...
[2025-03-09T04:57:04.915+0000] {trigger_dagrun.py:257} INFO - Waiting for tiki_extract_dag on 2025-03-09 04:56:52.902142+00:00 to become allowed state ['success'] ...
[2025-03-09T04:57:14.930+0000] {trigger_dagrun.py:257} INFO - Waiting for tiki_extract_dag on 2025-03-09 04:56:52.902142+00:00 to become allowed state ['success'] ...
[2025-03-09T04:57:24.950+0000] {trigger_dagrun.py:257} INFO - Waiting for tiki_extract_dag on 2025-03-09 04:56:52.902142+00:00 to become allowed state ['success'] ...
[2025-03-09T04:57:34.775+0000] {trigger_dagrun.py:257} INFO - Waiting for tiki_extract_dag on 2025-03-09 04:56:52.902142+00:00 to become allowed state ['success'] ...
[2025-03-09T04:57:44.789+0000] {trigger_dagrun.py:257} INFO - Waiting for tiki_extract_dag on 2025-03-09 04:56:52.902142+00:00 to become allowed state ['success'] ...
[2025-03-09T04:57:54.808+0000] {trigger_dagrun.py:257} INFO - Waiting for tiki_extract_dag on 2025-03-09 04:56:52.902142+00:00 to become allowed state ['success'] ...
[2025-03-09T04:58:05.022+0000] {trigger_dagrun.py:257} INFO - Waiting for tiki_extract_dag on 2025-03-09 04:56:52.902142+00:00 to become allowed state ['success'] ...
[2025-03-09T04:58:15.037+0000] {trigger_dagrun.py:257} INFO - Waiting for tiki_extract_dag on 2025-03-09 04:56:52.902142+00:00 to become allowed state ['success'] ...
[2025-03-09T04:58:25.053+0000] {trigger_dagrun.py:257} INFO - Waiting for tiki_extract_dag on 2025-03-09 04:56:52.902142+00:00 to become allowed state ['success'] ...
[2025-03-09T04:58:35.026+0000] {trigger_dagrun.py:257} INFO - Waiting for tiki_extract_dag on 2025-03-09 04:56:52.902142+00:00 to become allowed state ['success'] ...
[2025-03-09T04:58:45.043+0000] {trigger_dagrun.py:257} INFO - Waiting for tiki_extract_dag on 2025-03-09 04:56:52.902142+00:00 to become allowed state ['success'] ...
[2025-03-09T04:58:55.057+0000] {trigger_dagrun.py:257} INFO - Waiting for tiki_extract_dag on 2025-03-09 04:56:52.902142+00:00 to become allowed state ['success'] ...
[2025-03-09T04:59:05.062+0000] {trigger_dagrun.py:257} INFO - Waiting for tiki_extract_dag on 2025-03-09 04:56:52.902142+00:00 to become allowed state ['success'] ...
[2025-03-09T04:59:15.077+0000] {trigger_dagrun.py:257} INFO - Waiting for tiki_extract_dag on 2025-03-09 04:56:52.902142+00:00 to become allowed state ['success'] ...
[2025-03-09T04:59:25.093+0000] {trigger_dagrun.py:257} INFO - Waiting for tiki_extract_dag on 2025-03-09 04:56:52.902142+00:00 to become allowed state ['success'] ...
[2025-03-09T04:59:35.102+0000] {trigger_dagrun.py:257} INFO - Waiting for tiki_extract_dag on 2025-03-09 04:56:52.902142+00:00 to become allowed state ['success'] ...
[2025-03-09T04:59:45.116+0000] {trigger_dagrun.py:257} INFO - Waiting for tiki_extract_dag on 2025-03-09 04:56:52.902142+00:00 to become allowed state ['success'] ...
[2025-03-09T04:59:55.132+0000] {trigger_dagrun.py:257} INFO - Waiting for tiki_extract_dag on 2025-03-09 04:56:52.902142+00:00 to become allowed state ['success'] ...
[2025-03-09T05:00:05.143+0000] {trigger_dagrun.py:257} INFO - Waiting for tiki_extract_dag on 2025-03-09 04:56:52.902142+00:00 to become allowed state ['success'] ...
[2025-03-09T05:00:15.157+0000] {trigger_dagrun.py:257} INFO - Waiting for tiki_extract_dag on 2025-03-09 04:56:52.902142+00:00 to become allowed state ['success'] ...
[2025-03-09T05:00:25.173+0000] {trigger_dagrun.py:257} INFO - Waiting for tiki_extract_dag on 2025-03-09 04:56:52.902142+00:00 to become allowed state ['success'] ...
[2025-03-09T05:00:35.185+0000] {trigger_dagrun.py:257} INFO - Waiting for tiki_extract_dag on 2025-03-09 04:56:52.902142+00:00 to become allowed state ['success'] ...
[2025-03-09T05:00:45.201+0000] {trigger_dagrun.py:257} INFO - Waiting for tiki_extract_dag on 2025-03-09 04:56:52.902142+00:00 to become allowed state ['success'] ...
[2025-03-09T05:00:55.217+0000] {trigger_dagrun.py:257} INFO - Waiting for tiki_extract_dag on 2025-03-09 04:56:52.902142+00:00 to become allowed state ['success'] ...
[2025-03-09T05:01:05.229+0000] {trigger_dagrun.py:257} INFO - Waiting for tiki_extract_dag on 2025-03-09 04:56:52.902142+00:00 to become allowed state ['success'] ...
[2025-03-09T05:01:15.243+0000] {trigger_dagrun.py:257} INFO - Waiting for tiki_extract_dag on 2025-03-09 04:56:52.902142+00:00 to become allowed state ['success'] ...
[2025-03-09T05:01:25.257+0000] {trigger_dagrun.py:257} INFO - Waiting for tiki_extract_dag on 2025-03-09 04:56:52.902142+00:00 to become allowed state ['success'] ...
[2025-03-09T05:01:35.269+0000] {trigger_dagrun.py:257} INFO - Waiting for tiki_extract_dag on 2025-03-09 04:56:52.902142+00:00 to become allowed state ['success'] ...
[2025-03-09T05:01:45.284+0000] {trigger_dagrun.py:257} INFO - Waiting for tiki_extract_dag on 2025-03-09 04:56:52.902142+00:00 to become allowed state ['success'] ...
[2025-03-09T05:01:55.298+0000] {trigger_dagrun.py:257} INFO - Waiting for tiki_extract_dag on 2025-03-09 04:56:52.902142+00:00 to become allowed state ['success'] ...
[2025-03-09T05:02:05.311+0000] {trigger_dagrun.py:257} INFO - Waiting for tiki_extract_dag on 2025-03-09 04:56:52.902142+00:00 to become allowed state ['success'] ...
[2025-03-09T05:02:15.326+0000] {trigger_dagrun.py:257} INFO - Waiting for tiki_extract_dag on 2025-03-09 04:56:52.902142+00:00 to become allowed state ['success'] ...
[2025-03-09T05:02:25.340+0000] {trigger_dagrun.py:257} INFO - Waiting for tiki_extract_dag on 2025-03-09 04:56:52.902142+00:00 to become allowed state ['success'] ...
[2025-03-09T05:02:35.353+0000] {trigger_dagrun.py:257} INFO - Waiting for tiki_extract_dag on 2025-03-09 04:56:52.902142+00:00 to become allowed state ['success'] ...
[2025-03-09T05:02:45.368+0000] {trigger_dagrun.py:257} INFO - Waiting for tiki_extract_dag on 2025-03-09 04:56:52.902142+00:00 to become allowed state ['success'] ...
[2025-03-09T05:02:55.384+0000] {trigger_dagrun.py:257} INFO - Waiting for tiki_extract_dag on 2025-03-09 04:56:52.902142+00:00 to become allowed state ['success'] ...
[2025-03-09T05:03:05.396+0000] {trigger_dagrun.py:257} INFO - Waiting for tiki_extract_dag on 2025-03-09 04:56:52.902142+00:00 to become allowed state ['success'] ...
[2025-03-09T05:03:15.410+0000] {trigger_dagrun.py:257} INFO - Waiting for tiki_extract_dag on 2025-03-09 04:56:52.902142+00:00 to become allowed state ['success'] ...
[2025-03-09T05:03:25.429+0000] {trigger_dagrun.py:257} INFO - Waiting for tiki_extract_dag on 2025-03-09 04:56:52.902142+00:00 to become allowed state ['success'] ...
[2025-03-09T05:03:35.442+0000] {trigger_dagrun.py:257} INFO - Waiting for tiki_extract_dag on 2025-03-09 04:56:52.902142+00:00 to become allowed state ['success'] ...
[2025-03-09T05:03:45.458+0000] {trigger_dagrun.py:271} INFO - tiki_extract_dag finished with allowed state success
[2025-03-09T05:03:45.487+0000] {taskinstance.py:341} INFO - ::group::Post task execution logs
[2025-03-09T05:03:45.489+0000] {taskinstance.py:353} INFO - Marking task as SUCCESS. dag_id=tiki_etl_orchestration, task_id=trigger_extract, run_id=scheduled__2025-03-08T00:00:00+00:00, execution_date=20250308T000000, start_date=20250309T045650, end_date=20250309T050345
[2025-03-09T05:03:45.552+0000] {logging_mixin.py:190} INFO - Task instance in success state
[2025-03-09T05:03:45.553+0000] {logging_mixin.py:190} INFO -  Previous state of the Task instance: running
[2025-03-09T05:03:45.554+0000] {logging_mixin.py:190} INFO - Dag name:tiki_etl_orchestration queued_at:2025-03-09 04:56:18.350856+00:00
[2025-03-09T05:03:45.555+0000] {logging_mixin.py:190} INFO - Task hostname:4dc18dee7126 operator:TriggerDagRunOperator
[2025-03-09T05:03:45.632+0000] {local_task_job_runner.py:266} INFO - Task exited with return code 0
[2025-03-09T05:03:45.718+0000] {taskinstance.py:3901} INFO - 1 downstream tasks scheduled from follow-on schedule check
[2025-03-09T05:03:45.724+0000] {local_task_job_runner.py:245} INFO - ::endgroup::
