[2025-03-10T10:39:41.972+0000] {local_task_job_runner.py:123} INFO - ::group::Pre task execution logs
[2025-03-10T10:39:42.021+0000] {taskinstance.py:2614} INFO - Dependencies all met for dep_context=non-requeueable deps ti=<TaskInstance: tiki_orchestration_dag.trigger_transform manual__2025-03-10T09:17:07.941496+00:00 [queued]>
[2025-03-10T10:39:42.047+0000] {taskinstance.py:2614} INFO - Dependencies all met for dep_context=requeueable deps ti=<TaskInstance: tiki_orchestration_dag.trigger_transform manual__2025-03-10T09:17:07.941496+00:00 [queued]>
[2025-03-10T10:39:42.048+0000] {taskinstance.py:2867} INFO - Starting attempt 2 of 2
[2025-03-10T10:39:42.383+0000] {taskinstance.py:2890} INFO - Executing <Task(TriggerDagRunOperator): trigger_transform> on 2025-03-10 09:17:07.941496+00:00
[2025-03-10T10:39:42.414+0000] {warnings.py:112} WARNING - /home/***/.local/lib/python3.12/site-packages/***/task/task_runner/standard_task_runner.py:70: DeprecationWarning: This process (pid=235) is multi-threaded, use of fork() may lead to deadlocks in the child.
  pid = os.fork()

[2025-03-10T10:39:42.419+0000] {standard_task_runner.py:72} INFO - Started process 246 to run task
[2025-03-10T10:39:42.422+0000] {standard_task_runner.py:104} INFO - Running: ['***', 'tasks', 'run', 'tiki_orchestration_dag', 'trigger_transform', 'manual__2025-03-10T09:17:07.941496+00:00', '--job-id', '471', '--raw', '--subdir', 'DAGS_FOLDER/tiki_etl_orchestration.py', '--cfg-path', '/tmp/tmpzfb5qn8i']
[2025-03-10T10:39:42.424+0000] {standard_task_runner.py:105} INFO - Job 471: Subtask trigger_transform
[2025-03-10T10:39:42.566+0000] {task_command.py:467} INFO - Running <TaskInstance: tiki_orchestration_dag.trigger_transform manual__2025-03-10T09:17:07.941496+00:00 [running]> on host 0c9fb3f19112
[2025-03-10T10:39:42.777+0000] {taskinstance.py:3134} INFO - Exporting env vars: AIRFLOW_CTX_DAG_OWNER='***' AIRFLOW_CTX_DAG_ID='tiki_orchestration_dag' AIRFLOW_CTX_TASK_ID='trigger_transform' AIRFLOW_CTX_EXECUTION_DATE='2025-03-10T09:17:07.941496+00:00' AIRFLOW_CTX_TRY_NUMBER='2' AIRFLOW_CTX_DAG_RUN_ID='manual__2025-03-10T09:17:07.941496+00:00'
[2025-03-10T10:39:42.781+0000] {logging_mixin.py:190} INFO - Task instance is in running state
[2025-03-10T10:39:42.782+0000] {logging_mixin.py:190} INFO -  Previous state of the Task instance: queued
[2025-03-10T10:39:42.783+0000] {logging_mixin.py:190} INFO - Current task name:trigger_transform state:running start_date:2025-03-10 10:39:42.022292+00:00
[2025-03-10T10:39:42.784+0000] {logging_mixin.py:190} INFO - Dag name:tiki_orchestration_dag and current dag run status:running
[2025-03-10T10:39:42.785+0000] {taskinstance.py:732} INFO - ::endgroup::
[2025-03-10T10:39:43.053+0000] {trigger_dagrun.py:257} INFO - Waiting for tiki_transform_dag on 2025-03-10 10:39:42.786969+00:00 to become allowed state ['success'] ...
[2025-03-10T10:40:04.284+0000] {job.py:229} INFO - Heartbeat recovered after 22.41 seconds
[2025-03-10T10:40:29.036+0000] {job.py:229} INFO - Heartbeat recovered after 24.79 seconds
[2025-03-10T10:40:43.078+0000] {trigger_dagrun.py:257} INFO - Waiting for tiki_transform_dag on 2025-03-10 10:39:42.786969+00:00 to become allowed state ['success'] ...
[2025-03-10T10:41:43.102+0000] {trigger_dagrun.py:257} INFO - Waiting for tiki_transform_dag on 2025-03-10 10:39:42.786969+00:00 to become allowed state ['success'] ...
[2025-03-10T10:42:43.108+0000] {trigger_dagrun.py:257} INFO - Waiting for tiki_transform_dag on 2025-03-10 10:39:42.786969+00:00 to become allowed state ['success'] ...
[2025-03-10T10:43:43.116+0000] {trigger_dagrun.py:257} INFO - Waiting for tiki_transform_dag on 2025-03-10 10:39:42.786969+00:00 to become allowed state ['success'] ...
[2025-03-10T10:44:43.125+0000] {trigger_dagrun.py:257} INFO - Waiting for tiki_transform_dag on 2025-03-10 10:39:42.786969+00:00 to become allowed state ['success'] ...
[2025-03-10T10:45:43.135+0000] {trigger_dagrun.py:257} INFO - Waiting for tiki_transform_dag on 2025-03-10 10:39:42.786969+00:00 to become allowed state ['success'] ...
[2025-03-10T10:46:43.757+0000] {trigger_dagrun.py:257} INFO - Waiting for tiki_transform_dag on 2025-03-10 10:39:42.786969+00:00 to become allowed state ['success'] ...
[2025-03-10T10:47:14.346+0000] {job.py:229} INFO - Heartbeat recovered after 19.35 seconds
[2025-03-10T10:47:58.789+0000] {trigger_dagrun.py:257} INFO - Waiting for tiki_transform_dag on 2025-03-10 10:39:42.786969+00:00 to become allowed state ['success'] ...
[2025-03-10T10:47:59.001+0000] {job.py:229} INFO - Heartbeat recovered after 44.69 seconds
[2025-03-10T10:48:18.276+0000] {job.py:229} INFO - Heartbeat recovered after 14.08 seconds
[2025-03-10T10:48:58.875+0000] {trigger_dagrun.py:257} INFO - Waiting for tiki_transform_dag on 2025-03-10 10:39:42.786969+00:00 to become allowed state ['success'] ...
[2025-03-10T10:49:58.886+0000] {trigger_dagrun.py:257} INFO - Waiting for tiki_transform_dag on 2025-03-10 10:39:42.786969+00:00 to become allowed state ['success'] ...
[2025-03-10T10:50:58.890+0000] {trigger_dagrun.py:257} INFO - Waiting for tiki_transform_dag on 2025-03-10 10:39:42.786969+00:00 to become allowed state ['success'] ...
[2025-03-10T10:51:58.896+0000] {trigger_dagrun.py:257} INFO - Waiting for tiki_transform_dag on 2025-03-10 10:39:42.786969+00:00 to become allowed state ['success'] ...
[2025-03-10T10:52:58.901+0000] {trigger_dagrun.py:257} INFO - Waiting for tiki_transform_dag on 2025-03-10 10:39:42.786969+00:00 to become allowed state ['success'] ...
[2025-03-10T10:53:58.905+0000] {trigger_dagrun.py:257} INFO - Waiting for tiki_transform_dag on 2025-03-10 10:39:42.786969+00:00 to become allowed state ['success'] ...
[2025-03-10T10:54:58.912+0000] {trigger_dagrun.py:257} INFO - Waiting for tiki_transform_dag on 2025-03-10 10:39:42.786969+00:00 to become allowed state ['success'] ...
[2025-03-10T10:55:58.920+0000] {trigger_dagrun.py:257} INFO - Waiting for tiki_transform_dag on 2025-03-10 10:39:42.786969+00:00 to become allowed state ['success'] ...
[2025-03-10T10:56:58.926+0000] {trigger_dagrun.py:257} INFO - Waiting for tiki_transform_dag on 2025-03-10 10:39:42.786969+00:00 to become allowed state ['success'] ...
[2025-03-10T10:57:58.931+0000] {trigger_dagrun.py:257} INFO - Waiting for tiki_transform_dag on 2025-03-10 10:39:42.786969+00:00 to become allowed state ['success'] ...
[2025-03-10T10:58:58.938+0000] {trigger_dagrun.py:257} INFO - Waiting for tiki_transform_dag on 2025-03-10 10:39:42.786969+00:00 to become allowed state ['success'] ...
