[2025-03-12T04:31:46.554+0000] {local_task_job_runner.py:123} INFO - ::group::Pre task execution logs
[2025-03-12T04:31:46.762+0000] {taskinstance.py:2614} INFO - Dependencies all met for dep_context=non-requeueable deps ti=<TaskInstance: tiki_etl_orchestration.load_data manual__2025-03-12T04:21:15.342886+00:00 [queued]>
[2025-03-12T04:31:46.773+0000] {taskinstance.py:2614} INFO - Dependencies all met for dep_context=requeueable deps ti=<TaskInstance: tiki_etl_orchestration.load_data manual__2025-03-12T04:21:15.342886+00:00 [queued]>
[2025-03-12T04:31:46.777+0000] {taskinstance.py:2867} INFO - Starting attempt 1 of 4
[2025-03-12T04:31:46.794+0000] {taskinstance.py:2890} INFO - Executing <Task(TriggerDagRunOperator): load_data> on 2025-03-12 04:21:15.342886+00:00
[2025-03-12T04:31:46.809+0000] {warnings.py:112} WARNING - /home/***/.local/lib/python3.12/site-packages/***/task/task_runner/standard_task_runner.py:70: DeprecationWarning: This process (pid=4033) is multi-threaded, use of fork() may lead to deadlocks in the child.
  pid = os.fork()

[2025-03-12T04:31:46.811+0000] {standard_task_runner.py:72} INFO - Started process 4035 to run task
[2025-03-12T04:31:46.811+0000] {standard_task_runner.py:104} INFO - Running: ['***', 'tasks', 'run', 'tiki_etl_orchestration', 'load_data', 'manual__2025-03-12T04:21:15.342886+00:00', '--job-id', '662', '--raw', '--subdir', 'DAGS_FOLDER/tiki_etl_orchestration.py', '--cfg-path', '/tmp/tmpnp9uvak0']
[2025-03-12T04:31:46.812+0000] {standard_task_runner.py:105} INFO - Job 662: Subtask load_data
[2025-03-12T04:31:46.871+0000] {task_command.py:467} INFO - Running <TaskInstance: tiki_etl_orchestration.load_data manual__2025-03-12T04:21:15.342886+00:00 [running]> on host 5c8190d7da62
[2025-03-12T04:31:47.011+0000] {taskinstance.py:3134} INFO - Exporting env vars: AIRFLOW_CTX_DAG_OWNER='***' AIRFLOW_CTX_DAG_ID='tiki_etl_orchestration' AIRFLOW_CTX_TASK_ID='load_data' AIRFLOW_CTX_EXECUTION_DATE='2025-03-12T04:21:15.342886+00:00' AIRFLOW_CTX_TRY_NUMBER='1' AIRFLOW_CTX_DAG_RUN_ID='manual__2025-03-12T04:21:15.342886+00:00'
[2025-03-12T04:31:47.013+0000] {logging_mixin.py:190} INFO - Task instance is in running state
[2025-03-12T04:31:47.013+0000] {logging_mixin.py:190} INFO -  Previous state of the Task instance: queued
[2025-03-12T04:31:47.014+0000] {logging_mixin.py:190} INFO - Current task name:load_data state:running start_date:2025-03-12 04:31:46.763306+00:00
[2025-03-12T04:31:47.014+0000] {logging_mixin.py:190} INFO - Dag name:tiki_etl_orchestration and current dag run status:running
[2025-03-12T04:31:47.014+0000] {taskinstance.py:732} INFO - ::endgroup::
[2025-03-12T04:31:47.098+0000] {trigger_dagrun.py:257} INFO - Waiting for tiki_load_dag on 2025-03-12 04:31:47.015411+00:00 to become allowed state ['success'] ...
[2025-03-12T04:32:47.108+0000] {trigger_dagrun.py:271} INFO - tiki_load_dag finished with allowed state success
[2025-03-12T04:32:47.119+0000] {taskinstance.py:341} INFO - ::group::Post task execution logs
[2025-03-12T04:32:47.120+0000] {taskinstance.py:353} INFO - Marking task as SUCCESS. dag_id=tiki_etl_orchestration, task_id=load_data, run_id=manual__2025-03-12T04:21:15.342886+00:00, execution_date=20250312T042115, start_date=20250312T043146, end_date=20250312T043247
[2025-03-12T04:32:47.153+0000] {logging_mixin.py:190} INFO - Task instance in success state
[2025-03-12T04:32:47.154+0000] {logging_mixin.py:190} INFO -  Previous state of the Task instance: running
[2025-03-12T04:32:47.154+0000] {logging_mixin.py:190} INFO - Dag name:tiki_etl_orchestration queued_at:2025-03-12 04:21:18.636368+00:00
[2025-03-12T04:32:47.155+0000] {logging_mixin.py:190} INFO - Task hostname:5c8190d7da62 operator:TriggerDagRunOperator
[2025-03-12T04:32:47.184+0000] {local_task_job_runner.py:266} INFO - Task exited with return code 0
[2025-03-12T04:32:47.202+0000] {taskinstance.py:3901} INFO - 0 downstream tasks scheduled from follow-on schedule check
[2025-03-12T04:32:47.204+0000] {local_task_job_runner.py:245} INFO - ::endgroup::
