[2025-03-10T10:46:53.953+0000] {local_task_job_runner.py:123} INFO - ::group::Pre task execution logs
[2025-03-10T10:46:54.060+0000] {taskinstance.py:2614} INFO - Dependencies all met for dep_context=non-requeueable deps ti=<TaskInstance: tiki_extract_dag.crawl_laptop-may-vi-tinh-linh-kien manual__2025-03-10T10:46:13.751493+00:00 [queued]>
[2025-03-10T10:46:54.113+0000] {taskinstance.py:2614} INFO - Dependencies all met for dep_context=requeueable deps ti=<TaskInstance: tiki_extract_dag.crawl_laptop-may-vi-tinh-linh-kien manual__2025-03-10T10:46:13.751493+00:00 [queued]>
[2025-03-10T10:46:54.119+0000] {taskinstance.py:2867} INFO - Starting attempt 1 of 4
[2025-03-10T10:46:54.613+0000] {taskinstance.py:2890} INFO - Executing <Task(PythonOperator): crawl_laptop-may-vi-tinh-linh-kien> on 2025-03-10 10:46:13.751493+00:00
[2025-03-10T10:46:54.782+0000] {warnings.py:112} WARNING - /home/***/.local/lib/python3.12/site-packages/***/task/task_runner/standard_task_runner.py:70: DeprecationWarning: This process (pid=328) is multi-threaded, use of fork() may lead to deadlocks in the child.
  pid = os.fork()

[2025-03-10T10:46:54.864+0000] {standard_task_runner.py:104} INFO - Running: ['***', 'tasks', 'run', 'tiki_extract_dag', 'crawl_laptop-may-vi-tinh-linh-kien', 'manual__2025-03-10T10:46:13.751493+00:00', '--job-id', '483', '--raw', '--subdir', 'DAGS_FOLDER/tiki_extract_dag.py', '--cfg-path', '/tmp/tmpwk686v8n']
[2025-03-10T10:46:54.872+0000] {standard_task_runner.py:72} INFO - Started process 374 to run task
[2025-03-10T10:46:54.873+0000] {standard_task_runner.py:105} INFO - Job 483: Subtask crawl_laptop-may-vi-tinh-linh-kien
[2025-03-10T10:46:55.649+0000] {task_command.py:467} INFO - Running <TaskInstance: tiki_extract_dag.crawl_laptop-may-vi-tinh-linh-kien manual__2025-03-10T10:46:13.751493+00:00 [running]> on host 0c9fb3f19112
[2025-03-10T10:47:13.165+0000] {taskinstance.py:3134} INFO - Exporting env vars: AIRFLOW_CTX_DAG_OWNER='***' AIRFLOW_CTX_DAG_ID='tiki_extract_dag' AIRFLOW_CTX_TASK_ID='crawl_laptop-may-vi-tinh-linh-kien' AIRFLOW_CTX_EXECUTION_DATE='2025-03-10T10:46:13.751493+00:00' AIRFLOW_CTX_TRY_NUMBER='1' AIRFLOW_CTX_DAG_RUN_ID='manual__2025-03-10T10:46:13.751493+00:00'
[2025-03-10T10:47:13.178+0000] {logging_mixin.py:190} INFO - Task instance is in running state
[2025-03-10T10:47:13.180+0000] {logging_mixin.py:190} INFO -  Previous state of the Task instance: queued
[2025-03-10T10:47:13.184+0000] {logging_mixin.py:190} INFO - Current task name:crawl_laptop-may-vi-tinh-linh-kien state:running start_date:2025-03-10 10:46:54.062268+00:00
[2025-03-10T10:47:13.189+0000] {logging_mixin.py:190} INFO - Dag name:tiki_extract_dag and current dag run status:running
[2025-03-10T10:47:13.198+0000] {taskinstance.py:732} INFO - ::endgroup::
[2025-03-10T10:47:14.394+0000] {job.py:229} INFO - Heartbeat recovered after 20.91 seconds
[2025-03-10T10:47:59.392+0000] {job.py:229} INFO - Heartbeat recovered after 45.01 seconds
[2025-03-10T10:48:00.223+0000] {tiki_extract_dag.py:137} INFO - Starting crawl for category laptop-may-vi-tinh-linh-kien (ID: 1846)
[2025-03-10T10:48:00.224+0000] {tiki_extract_dag.py:139} INFO - Calling API: https://tiki.vn/api/v2/products with params: {'page': 1, 'limit': 40, 'category': '1846'}
[2025-03-10T10:48:02.351+0000] {tiki_extract_dag.py:148} INFO - Total pages for laptop-may-vi-tinh-linh-kien: 50 (limited to 50)
[2025-03-10T10:48:13.220+0000] {job.py:229} INFO - Heartbeat recovered after 13.83 seconds
[2025-03-10T10:48:26.594+0000] {tiki_extract_dag.py:120} ERROR - Error fetching details for product 142459136 on attempt 1/3: Expecting value: line 1 column 1 (char 0)
[2025-03-10T10:48:35.488+0000] {tiki_extract_dag.py:120} ERROR - Error fetching details for product 142459136 on attempt 2/3: Expecting value: line 1 column 1 (char 0)
[2025-03-10T10:48:44.416+0000] {tiki_extract_dag.py:120} ERROR - Error fetching details for product 142459136 on attempt 3/3: Expecting value: line 1 column 1 (char 0)
[2025-03-10T10:48:44.556+0000] {tiki_extract_dag.py:120} ERROR - Error fetching details for product 138481685 on attempt 1/3: Expecting value: line 1 column 1 (char 0)
[2025-03-10T10:48:52.542+0000] {tiki_extract_dag.py:120} ERROR - Error fetching details for product 138481685 on attempt 2/3: Expecting value: line 1 column 1 (char 0)
[2025-03-10T10:48:58.346+0000] {tiki_extract_dag.py:120} ERROR - Error fetching details for product 138481685 on attempt 3/3: Expecting value: line 1 column 1 (char 0)
[2025-03-10T10:48:58.488+0000] {tiki_extract_dag.py:120} ERROR - Error fetching details for product 134561311 on attempt 1/3: Expecting value: line 1 column 1 (char 0)
[2025-03-10T10:49:20.849+0000] {tiki_extract_dag.py:120} ERROR - Error fetching details for product 76181490 on attempt 1/3: Expecting value: line 1 column 1 (char 0)
[2025-03-10T10:49:30.575+0000] {tiki_extract_dag.py:120} ERROR - Error fetching details for product 76181490 on attempt 2/3: Expecting value: line 1 column 1 (char 0)
[2025-03-10T10:49:36.108+0000] {tiki_extract_dag.py:120} ERROR - Error fetching details for product 76181490 on attempt 3/3: Expecting value: line 1 column 1 (char 0)
[2025-03-10T10:49:36.250+0000] {tiki_extract_dag.py:120} ERROR - Error fetching details for product 76054860 on attempt 1/3: Expecting value: line 1 column 1 (char 0)
[2025-03-10T10:49:41.980+0000] {tiki_extract_dag.py:120} ERROR - Error fetching details for product 76054860 on attempt 2/3: Expecting value: line 1 column 1 (char 0)
[2025-03-10T10:49:48.874+0000] {tiki_extract_dag.py:120} ERROR - Error fetching details for product 76054860 on attempt 3/3: Expecting value: line 1 column 1 (char 0)
[2025-03-10T10:49:49.035+0000] {tiki_extract_dag.py:120} ERROR - Error fetching details for product 74561661 on attempt 1/3: Expecting value: line 1 column 1 (char 0)
[2025-03-10T10:49:58.355+0000] {tiki_extract_dag.py:120} ERROR - Error fetching details for product 74561661 on attempt 2/3: Expecting value: line 1 column 1 (char 0)
[2025-03-10T10:50:17.605+0000] {tiki_extract_dag.py:120} ERROR - Error fetching details for product 42561594 on attempt 1/3: Expecting value: line 1 column 1 (char 0)
[2025-03-10T10:50:27.253+0000] {tiki_extract_dag.py:120} ERROR - Error fetching details for product 42561594 on attempt 2/3: Expecting value: line 1 column 1 (char 0)
[2025-03-10T10:50:33.790+0000] {tiki_extract_dag.py:120} ERROR - Error fetching details for product 42561594 on attempt 3/3: Expecting value: line 1 column 1 (char 0)
[2025-03-10T10:50:33.933+0000] {tiki_extract_dag.py:120} ERROR - Error fetching details for product 10001369 on attempt 1/3: Expecting value: line 1 column 1 (char 0)
[2025-03-10T10:50:40.704+0000] {tiki_extract_dag.py:120} ERROR - Error fetching details for product 10001369 on attempt 2/3: Expecting value: line 1 column 1 (char 0)
[2025-03-10T10:50:46.870+0000] {tiki_extract_dag.py:120} ERROR - Error fetching details for product 10001369 on attempt 3/3: Expecting value: line 1 column 1 (char 0)
[2025-03-10T10:50:47.010+0000] {tiki_extract_dag.py:120} ERROR - Error fetching details for product 6910261 on attempt 1/3: Expecting value: line 1 column 1 (char 0)
[2025-03-10T10:50:54.697+0000] {tiki_extract_dag.py:120} ERROR - Error fetching details for product 6910261 on attempt 2/3: Expecting value: line 1 column 1 (char 0)
[2025-03-10T10:51:11.884+0000] {tiki_extract_dag.py:161} INFO - Calling API: https://tiki.vn/api/v2/products with params: {'page': 2, 'limit': 40, 'category': '1846'}
[2025-03-10T10:51:21.058+0000] {tiki_extract_dag.py:120} ERROR - Error fetching details for product 274402217 on attempt 1/3: Expecting value: line 1 column 1 (char 0)
[2025-03-10T10:51:30.118+0000] {tiki_extract_dag.py:120} ERROR - Error fetching details for product 274402217 on attempt 2/3: Expecting value: line 1 column 1 (char 0)
[2025-03-10T10:51:36.353+0000] {tiki_extract_dag.py:120} ERROR - Error fetching details for product 274402217 on attempt 3/3: Expecting value: line 1 column 1 (char 0)
[2025-03-10T10:51:36.498+0000] {tiki_extract_dag.py:120} ERROR - Error fetching details for product 273695405 on attempt 1/3: Expecting value: line 1 column 1 (char 0)
[2025-03-10T10:51:45.867+0000] {tiki_extract_dag.py:120} ERROR - Error fetching details for product 273695405 on attempt 2/3: Expecting value: line 1 column 1 (char 0)
[2025-03-10T10:51:54.344+0000] {tiki_extract_dag.py:120} ERROR - Error fetching details for product 273695405 on attempt 3/3: Expecting value: line 1 column 1 (char 0)
[2025-03-10T10:51:54.484+0000] {tiki_extract_dag.py:120} ERROR - Error fetching details for product 253721467 on attempt 1/3: Expecting value: line 1 column 1 (char 0)
[2025-03-10T10:52:23.380+0000] {tiki_extract_dag.py:181} INFO - Extracted page 2/50 for category laptop-may-vi-tinh-linh-kien, total items: 80
[2025-03-10T10:52:40.232+0000] {tiki_extract_dag.py:161} INFO - Calling API: https://tiki.vn/api/v2/products with params: {'page': 3, 'limit': 40, 'category': '1846'}
[2025-03-10T10:52:40.395+0000] {tiki_extract_dag.py:184} ERROR - API error at page 3 in category laptop-may-vi-tinh-linh-kien on attempt 1/3: Expecting value: line 1 column 1 (char 0)
[2025-03-10T10:52:49.407+0000] {tiki_extract_dag.py:184} ERROR - API error at page 3 in category laptop-may-vi-tinh-linh-kien on attempt 2/3: Expecting value: line 1 column 1 (char 0)
[2025-03-10T10:52:58.612+0000] {tiki_extract_dag.py:184} ERROR - API error at page 3 in category laptop-may-vi-tinh-linh-kien on attempt 3/3: Expecting value: line 1 column 1 (char 0)
[2025-03-10T10:52:58.613+0000] {tiki_extract_dag.py:189} ERROR - Failed after 3 attempts for page 3 in category laptop-may-vi-tinh-linh-kien
[2025-03-10T10:52:58.616+0000] {python.py:240} INFO - Done. Returned value was: None
[2025-03-10T10:52:58.696+0000] {taskinstance.py:341} INFO - ::group::Post task execution logs
[2025-03-10T10:52:58.699+0000] {taskinstance.py:353} INFO - Marking task as SUCCESS. dag_id=tiki_extract_dag, task_id=crawl_laptop-may-vi-tinh-linh-kien, run_id=manual__2025-03-10T10:46:13.751493+00:00, execution_date=20250310T104613, start_date=20250310T104654, end_date=20250310T105258
[2025-03-10T10:52:58.764+0000] {logging_mixin.py:190} INFO - Task instance in success state
[2025-03-10T10:52:58.765+0000] {logging_mixin.py:190} INFO -  Previous state of the Task instance: running
[2025-03-10T10:52:58.765+0000] {logging_mixin.py:190} INFO - Dag name:tiki_extract_dag queued_at:2025-03-10 10:46:13.791991+00:00
[2025-03-10T10:52:58.766+0000] {logging_mixin.py:190} INFO - Task hostname:0c9fb3f19112 operator:PythonOperator
[2025-03-10T10:52:58.815+0000] {local_task_job_runner.py:266} INFO - Task exited with return code 0
[2025-03-10T10:52:58.865+0000] {taskinstance.py:3901} INFO - 0 downstream tasks scheduled from follow-on schedule check
[2025-03-10T10:52:58.869+0000] {local_task_job_runner.py:245} INFO - ::endgroup::
