[2025-03-10T10:38:53.480+0000] {local_task_job_runner.py:123} INFO - ::group::Pre task execution logs
[2025-03-10T10:38:53.686+0000] {taskinstance.py:2614} INFO - Dependencies all met for dep_context=non-requeueable deps ti=<TaskInstance: tiki_extract_dag.crawl_the-thao-da-ngoai manual__2025-03-10T10:33:29.927545+00:00 [queued]>
[2025-03-10T10:38:53.781+0000] {taskinstance.py:2614} INFO - Dependencies all met for dep_context=requeueable deps ti=<TaskInstance: tiki_extract_dag.crawl_the-thao-da-ngoai manual__2025-03-10T10:33:29.927545+00:00 [queued]>
[2025-03-10T10:38:53.792+0000] {taskinstance.py:2867} INFO - Starting attempt 1 of 4
[2025-03-10T10:38:53.937+0000] {taskinstance.py:2890} INFO - Executing <Task(PythonOperator): crawl_the-thao-da-ngoai> on 2025-03-10 10:33:29.927545+00:00
[2025-03-10T10:38:54.078+0000] {warnings.py:112} WARNING - /home/***/.local/lib/python3.12/site-packages/***/task/task_runner/standard_task_runner.py:70: DeprecationWarning: This process (pid=186) is multi-threaded, use of fork() may lead to deadlocks in the child.
  pid = os.fork()

[2025-03-10T10:38:54.105+0000] {standard_task_runner.py:72} INFO - Started process 216 to run task
[2025-03-10T10:38:54.139+0000] {standard_task_runner.py:104} INFO - Running: ['***', 'tasks', 'run', 'tiki_extract_dag', 'crawl_the-thao-da-ngoai', 'manual__2025-03-10T10:33:29.927545+00:00', '--job-id', '463', '--raw', '--subdir', 'DAGS_FOLDER/tiki_extract_dag.py', '--cfg-path', '/tmp/tmpy25oa616']
[2025-03-10T10:38:54.143+0000] {standard_task_runner.py:105} INFO - Job 463: Subtask crawl_the-thao-da-ngoai
[2025-03-10T10:38:54.901+0000] {task_command.py:467} INFO - Running <TaskInstance: tiki_extract_dag.crawl_the-thao-da-ngoai manual__2025-03-10T10:33:29.927545+00:00 [running]> on host 0c9fb3f19112
[2025-03-10T10:39:08.948+0000] {taskinstance.py:3134} INFO - Exporting env vars: AIRFLOW_CTX_DAG_OWNER='***' AIRFLOW_CTX_DAG_ID='tiki_extract_dag' AIRFLOW_CTX_TASK_ID='crawl_the-thao-da-ngoai' AIRFLOW_CTX_EXECUTION_DATE='2025-03-10T10:33:29.927545+00:00' AIRFLOW_CTX_TRY_NUMBER='1' AIRFLOW_CTX_DAG_RUN_ID='manual__2025-03-10T10:33:29.927545+00:00'
[2025-03-10T10:39:08.950+0000] {logging_mixin.py:190} INFO - Task instance is in running state
[2025-03-10T10:39:08.951+0000] {logging_mixin.py:190} INFO -  Previous state of the Task instance: queued
[2025-03-10T10:39:08.952+0000] {logging_mixin.py:190} INFO - Current task name:crawl_the-thao-da-ngoai state:running start_date:2025-03-10 10:38:53.688605+00:00
[2025-03-10T10:39:08.952+0000] {logging_mixin.py:190} INFO - Dag name:tiki_extract_dag and current dag run status:running
[2025-03-10T10:39:08.953+0000] {taskinstance.py:732} INFO - ::endgroup::
[2025-03-10T10:39:10.582+0000] {tiki_extract_dag.py:132} INFO - Starting crawl for category the-thao-da-ngoai (ID: 1975)
[2025-03-10T10:39:10.584+0000] {tiki_extract_dag.py:134} INFO - Calling API: https://tiki.vn/api/v2/products with params: {'page': 1, 'limit': 40, 'category': '1975'}
[2025-03-10T10:39:11.137+0000] {tiki_extract_dag.py:143} INFO - Total pages for the-thao-da-ngoai: 50 (limited to 50)
[2025-03-10T10:39:32.492+0000] {connectionpool.py:868} WARNING - Retrying (Retry(total=4, connect=5, read=4, redirect=None, status=None)) after connection broken by 'ReadTimeoutError("HTTPSConnectionPool(host='tiki.vn', port=443): Read timed out. (read timeout=15)")': /api/v2/products/190125184
[2025-03-10T10:39:36.786+0000] {job.py:229} INFO - Heartbeat recovered after 21.71 seconds
[2025-03-10T10:40:00.375+0000] {connectionpool.py:868} WARNING - Retrying (Retry(total=4, connect=5, read=4, redirect=None, status=None)) after connection broken by 'ReadTimeoutError("HTTPSConnectionPool(host='tiki.vn', port=443): Read timed out. (read timeout=15)")': /api/v2/products/165346320
[2025-03-10T10:40:04.196+0000] {job.py:229} INFO - Heartbeat recovered after 21.89 seconds
[2025-03-10T10:40:05.015+0000] {tiki_extract_dag.py:119} ERROR - Error fetching details for product 165346320: Expecting value: line 1 column 1 (char 0)
[2025-03-10T10:40:05.168+0000] {tiki_extract_dag.py:119} ERROR - Error fetching details for product 147672795: Expecting value: line 1 column 1 (char 0)
[2025-03-10T10:40:05.319+0000] {tiki_extract_dag.py:119} ERROR - Error fetching details for product 147389103: Expecting value: line 1 column 1 (char 0)
[2025-03-10T10:40:05.474+0000] {tiki_extract_dag.py:119} ERROR - Error fetching details for product 138480707: Expecting value: line 1 column 1 (char 0)
[2025-03-10T10:40:05.622+0000] {tiki_extract_dag.py:119} ERROR - Error fetching details for product 97119072: Expecting value: line 1 column 1 (char 0)
[2025-03-10T10:40:05.787+0000] {tiki_extract_dag.py:119} ERROR - Error fetching details for product 95194738: Expecting value: line 1 column 1 (char 0)
[2025-03-10T10:40:05.932+0000] {tiki_extract_dag.py:119} ERROR - Error fetching details for product 77578726: Expecting value: line 1 column 1 (char 0)
[2025-03-10T10:40:06.074+0000] {tiki_extract_dag.py:119} ERROR - Error fetching details for product 73861344: Expecting value: line 1 column 1 (char 0)
[2025-03-10T10:40:06.231+0000] {tiki_extract_dag.py:119} ERROR - Error fetching details for product 68837035: Expecting value: line 1 column 1 (char 0)
[2025-03-10T10:40:06.383+0000] {tiki_extract_dag.py:119} ERROR - Error fetching details for product 68399004: Expecting value: line 1 column 1 (char 0)
[2025-03-10T10:40:06.544+0000] {tiki_extract_dag.py:119} ERROR - Error fetching details for product 67271402: Expecting value: line 1 column 1 (char 0)
[2025-03-10T10:40:06.699+0000] {tiki_extract_dag.py:119} ERROR - Error fetching details for product 67039784: Expecting value: line 1 column 1 (char 0)
[2025-03-10T10:40:06.849+0000] {tiki_extract_dag.py:119} ERROR - Error fetching details for product 66620428: Expecting value: line 1 column 1 (char 0)
[2025-03-10T10:40:07.013+0000] {tiki_extract_dag.py:119} ERROR - Error fetching details for product 60716616: Expecting value: line 1 column 1 (char 0)
[2025-03-10T10:40:07.166+0000] {tiki_extract_dag.py:119} ERROR - Error fetching details for product 59200785: Expecting value: line 1 column 1 (char 0)
[2025-03-10T10:40:07.319+0000] {tiki_extract_dag.py:119} ERROR - Error fetching details for product 57839415: Expecting value: line 1 column 1 (char 0)
[2025-03-10T10:40:07.473+0000] {tiki_extract_dag.py:119} ERROR - Error fetching details for product 57693595: Expecting value: line 1 column 1 (char 0)
[2025-03-10T10:40:07.658+0000] {tiki_extract_dag.py:119} ERROR - Error fetching details for product 55205646: Expecting value: line 1 column 1 (char 0)
[2025-03-10T10:40:07.807+0000] {tiki_extract_dag.py:119} ERROR - Error fetching details for product 55053644: Expecting value: line 1 column 1 (char 0)
[2025-03-10T10:40:07.972+0000] {tiki_extract_dag.py:119} ERROR - Error fetching details for product 54896822: Expecting value: line 1 column 1 (char 0)
[2025-03-10T10:40:08.176+0000] {tiki_extract_dag.py:119} ERROR - Error fetching details for product 50707951: Expecting value: line 1 column 1 (char 0)
[2025-03-10T10:40:08.505+0000] {tiki_extract_dag.py:119} ERROR - Error fetching details for product 50702715: Expecting value: line 1 column 1 (char 0)
[2025-03-10T10:40:17.404+0000] {tiki_extract_dag.py:119} ERROR - Error fetching details for product 36694065: Expecting value: line 1 column 1 (char 0)
[2025-03-10T10:40:29.044+0000] {job.py:229} INFO - Heartbeat recovered after 24.86 seconds
[2025-03-10T10:40:32.866+0000] {tiki_extract_dag.py:156} INFO - Calling API: https://tiki.vn/api/v2/products with params: {'page': 2, 'limit': 40, 'category': '1975'}
[2025-03-10T10:40:36.021+0000] {tiki_extract_dag.py:119} ERROR - Error fetching details for product 275255817: Expecting value: line 1 column 1 (char 0)
[2025-03-10T10:40:36.203+0000] {tiki_extract_dag.py:119} ERROR - Error fetching details for product 273481167: Expecting value: line 1 column 1 (char 0)
[2025-03-10T10:40:36.355+0000] {tiki_extract_dag.py:119} ERROR - Error fetching details for product 270534727: Expecting value: line 1 column 1 (char 0)
[2025-03-10T10:40:36.510+0000] {tiki_extract_dag.py:119} ERROR - Error fetching details for product 257855333: Expecting value: line 1 column 1 (char 0)
[2025-03-10T10:40:36.662+0000] {tiki_extract_dag.py:119} ERROR - Error fetching details for product 214661792: Expecting value: line 1 column 1 (char 0)
[2025-03-10T10:40:36.806+0000] {tiki_extract_dag.py:119} ERROR - Error fetching details for product 205920599: Expecting value: line 1 column 1 (char 0)
[2025-03-10T10:40:36.951+0000] {tiki_extract_dag.py:119} ERROR - Error fetching details for product 194836205: Expecting value: line 1 column 1 (char 0)
[2025-03-10T10:40:37.119+0000] {tiki_extract_dag.py:119} ERROR - Error fetching details for product 193003821: Expecting value: line 1 column 1 (char 0)
[2025-03-10T10:40:37.278+0000] {tiki_extract_dag.py:119} ERROR - Error fetching details for product 187619110: Expecting value: line 1 column 1 (char 0)
[2025-03-10T10:40:37.455+0000] {tiki_extract_dag.py:119} ERROR - Error fetching details for product 176623637: Expecting value: line 1 column 1 (char 0)
[2025-03-10T10:40:37.603+0000] {tiki_extract_dag.py:119} ERROR - Error fetching details for product 169749545: Expecting value: line 1 column 1 (char 0)
[2025-03-10T10:40:37.751+0000] {tiki_extract_dag.py:119} ERROR - Error fetching details for product 165341879: Expecting value: line 1 column 1 (char 0)
[2025-03-10T10:40:37.898+0000] {tiki_extract_dag.py:119} ERROR - Error fetching details for product 162167871: Expecting value: line 1 column 1 (char 0)
[2025-03-10T10:40:38.064+0000] {tiki_extract_dag.py:119} ERROR - Error fetching details for product 161237585: Expecting value: line 1 column 1 (char 0)
[2025-03-10T10:40:38.210+0000] {tiki_extract_dag.py:119} ERROR - Error fetching details for product 161237496: Expecting value: line 1 column 1 (char 0)
[2025-03-10T10:40:38.388+0000] {tiki_extract_dag.py:119} ERROR - Error fetching details for product 147778093: Expecting value: line 1 column 1 (char 0)
[2025-03-10T10:40:38.530+0000] {tiki_extract_dag.py:119} ERROR - Error fetching details for product 132171283: Expecting value: line 1 column 1 (char 0)
[2025-03-10T10:40:38.677+0000] {tiki_extract_dag.py:119} ERROR - Error fetching details for product 116410179: Expecting value: line 1 column 1 (char 0)
[2025-03-10T10:40:38.827+0000] {tiki_extract_dag.py:119} ERROR - Error fetching details for product 102123766: Expecting value: line 1 column 1 (char 0)
[2025-03-10T10:40:38.977+0000] {tiki_extract_dag.py:119} ERROR - Error fetching details for product 97518293: Expecting value: line 1 column 1 (char 0)
[2025-03-10T10:40:39.123+0000] {tiki_extract_dag.py:119} ERROR - Error fetching details for product 86999917: Expecting value: line 1 column 1 (char 0)
[2025-03-10T10:40:39.290+0000] {tiki_extract_dag.py:119} ERROR - Error fetching details for product 77774793: Expecting value: line 1 column 1 (char 0)
[2025-03-10T10:40:39.437+0000] {tiki_extract_dag.py:119} ERROR - Error fetching details for product 77720015: Expecting value: line 1 column 1 (char 0)
[2025-03-10T10:40:39.587+0000] {tiki_extract_dag.py:119} ERROR - Error fetching details for product 71957055: Expecting value: line 1 column 1 (char 0)
[2025-03-10T10:40:39.740+0000] {tiki_extract_dag.py:119} ERROR - Error fetching details for product 68282442: Expecting value: line 1 column 1 (char 0)
[2025-03-10T10:40:39.891+0000] {tiki_extract_dag.py:119} ERROR - Error fetching details for product 59080455: Expecting value: line 1 column 1 (char 0)
[2025-03-10T10:40:40.040+0000] {tiki_extract_dag.py:119} ERROR - Error fetching details for product 58566151: Expecting value: line 1 column 1 (char 0)
[2025-03-10T10:40:40.196+0000] {tiki_extract_dag.py:119} ERROR - Error fetching details for product 58360279: Expecting value: line 1 column 1 (char 0)
[2025-03-10T10:40:40.349+0000] {tiki_extract_dag.py:119} ERROR - Error fetching details for product 58293367: Expecting value: line 1 column 1 (char 0)
[2025-03-10T10:40:40.517+0000] {tiki_extract_dag.py:119} ERROR - Error fetching details for product 58211146: Expecting value: line 1 column 1 (char 0)
[2025-03-10T10:40:40.663+0000] {tiki_extract_dag.py:119} ERROR - Error fetching details for product 55023453: Expecting value: line 1 column 1 (char 0)
[2025-03-10T10:40:40.806+0000] {tiki_extract_dag.py:119} ERROR - Error fetching details for product 51420207: Expecting value: line 1 column 1 (char 0)
[2025-03-10T10:40:40.979+0000] {tiki_extract_dag.py:119} ERROR - Error fetching details for product 50336846: Expecting value: line 1 column 1 (char 0)
[2025-03-10T10:40:41.123+0000] {tiki_extract_dag.py:119} ERROR - Error fetching details for product 38419309: Expecting value: line 1 column 1 (char 0)
[2025-03-10T10:40:41.287+0000] {tiki_extract_dag.py:119} ERROR - Error fetching details for product 36302135: Expecting value: line 1 column 1 (char 0)
[2025-03-10T10:40:41.436+0000] {tiki_extract_dag.py:119} ERROR - Error fetching details for product 35367014: Expecting value: line 1 column 1 (char 0)
[2025-03-10T10:40:41.589+0000] {tiki_extract_dag.py:119} ERROR - Error fetching details for product 16764525: Expecting value: line 1 column 1 (char 0)
[2025-03-10T10:40:41.775+0000] {tiki_extract_dag.py:119} ERROR - Error fetching details for product 10074563: Expecting value: line 1 column 1 (char 0)
[2025-03-10T10:40:41.924+0000] {tiki_extract_dag.py:119} ERROR - Error fetching details for product 1814533: Expecting value: line 1 column 1 (char 0)
[2025-03-10T10:40:41.930+0000] {tiki_extract_dag.py:175} INFO - Extracted page 2/50 for category the-thao-da-ngoai, total items: 80
[2025-03-10T10:40:55.725+0000] {tiki_extract_dag.py:156} INFO - Calling API: https://tiki.vn/api/v2/products with params: {'page': 3, 'limit': 40, 'category': '1975'}
[2025-03-10T10:40:55.863+0000] {tiki_extract_dag.py:178} ERROR - API error at page 3 in category the-thao-da-ngoai: Expecting value: line 1 column 1 (char 0)
[2025-03-10T10:40:59.907+0000] {tiki_extract_dag.py:50} INFO - Updated crawled products at tiki-pipeline/tiki_crawled/crawled_products.json
[2025-03-10T10:40:59.909+0000] {tiki_extract_dag.py:192} INFO - Uploaded raw data to tiki-pipeline/raw_data/the-thao-da-ngoai_20250310_104055.json, total items: 80
[2025-03-10T10:41:00.287+0000] {tiki_extract_dag.py:204} INFO - Saved metadata to tiki-pipeline/metadata/the-thao-da-ngoai_extract_run_metadata_20250310_104055.json
[2025-03-10T10:41:00.288+0000] {python.py:240} INFO - Done. Returned value was: None
[2025-03-10T10:41:00.342+0000] {taskinstance.py:341} INFO - ::group::Post task execution logs
[2025-03-10T10:41:00.348+0000] {taskinstance.py:353} INFO - Marking task as SUCCESS. dag_id=tiki_extract_dag, task_id=crawl_the-thao-da-ngoai, run_id=manual__2025-03-10T10:33:29.927545+00:00, execution_date=20250310T103329, start_date=20250310T103853, end_date=20250310T104100
[2025-03-10T10:41:00.490+0000] {logging_mixin.py:190} INFO - Task instance in success state
[2025-03-10T10:41:00.491+0000] {logging_mixin.py:190} INFO -  Previous state of the Task instance: running
[2025-03-10T10:41:00.491+0000] {logging_mixin.py:190} INFO - Dag name:tiki_extract_dag queued_at:2025-03-10 10:33:30.016202+00:00
[2025-03-10T10:41:00.492+0000] {logging_mixin.py:190} INFO - Task hostname:0c9fb3f19112 operator:PythonOperator
[2025-03-10T10:41:00.558+0000] {local_task_job_runner.py:266} INFO - Task exited with return code 0
[2025-03-10T10:41:00.634+0000] {taskinstance.py:3901} INFO - 0 downstream tasks scheduled from follow-on schedule check
[2025-03-10T10:41:00.640+0000] {local_task_job_runner.py:245} INFO - ::endgroup::
