[2025-03-12T15:22:09.894+0000] {local_task_job_runner.py:123} INFO - ::group::Pre task execution logs
[2025-03-12T15:22:09.909+0000] {taskinstance.py:2614} INFO - Dependencies all met for dep_context=non-requeueable deps ti=<TaskInstance: tiki_transform_dag.transform_data manual__2025-03-12T15:22:06.955146+00:00 [queued]>
[2025-03-12T15:22:09.917+0000] {taskinstance.py:2614} INFO - Dependencies all met for dep_context=requeueable deps ti=<TaskInstance: tiki_transform_dag.transform_data manual__2025-03-12T15:22:06.955146+00:00 [queued]>
[2025-03-12T15:22:09.917+0000] {taskinstance.py:2867} INFO - Starting attempt 1 of 4
[2025-03-12T15:22:09.931+0000] {taskinstance.py:2890} INFO - Executing <Task(PythonOperator): transform_data> on 2025-03-12 15:22:06.955146+00:00
[2025-03-12T15:22:09.940+0000] {warnings.py:112} WARNING - /home/***/.local/lib/python3.12/site-packages/***/task/task_runner/standard_task_runner.py:70: DeprecationWarning: This process (pid=774) is multi-threaded, use of fork() may lead to deadlocks in the child.
  pid = os.fork()

[2025-03-12T15:22:09.942+0000] {standard_task_runner.py:72} INFO - Started process 776 to run task
[2025-03-12T15:22:09.942+0000] {standard_task_runner.py:104} INFO - Running: ['***', 'tasks', 'run', 'tiki_transform_dag', 'transform_data', 'manual__2025-03-12T15:22:06.955146+00:00', '--job-id', '778', '--raw', '--subdir', 'DAGS_FOLDER/tiki_transform_dag.py', '--cfg-path', '/tmp/tmpzww89lat']
[2025-03-12T15:22:09.943+0000] {standard_task_runner.py:105} INFO - Job 778: Subtask transform_data
[2025-03-12T15:22:09.985+0000] {task_command.py:467} INFO - Running <TaskInstance: tiki_transform_dag.transform_data manual__2025-03-12T15:22:06.955146+00:00 [running]> on host 3905098656d4
[2025-03-12T15:22:10.070+0000] {taskinstance.py:3134} INFO - Exporting env vars: AIRFLOW_CTX_DAG_OWNER='***' AIRFLOW_CTX_DAG_ID='tiki_transform_dag' AIRFLOW_CTX_TASK_ID='transform_data' AIRFLOW_CTX_EXECUTION_DATE='2025-03-12T15:22:06.955146+00:00' AIRFLOW_CTX_TRY_NUMBER='1' AIRFLOW_CTX_DAG_RUN_ID='manual__2025-03-12T15:22:06.955146+00:00'
[2025-03-12T15:22:10.071+0000] {logging_mixin.py:190} INFO - Task instance is in running state
[2025-03-12T15:22:10.071+0000] {logging_mixin.py:190} INFO -  Previous state of the Task instance: queued
[2025-03-12T15:22:10.072+0000] {logging_mixin.py:190} INFO - Current task name:transform_data state:running start_date:2025-03-12 15:22:09.910271+00:00
[2025-03-12T15:22:10.072+0000] {logging_mixin.py:190} INFO - Dag name:tiki_transform_dag and current dag run status:running
[2025-03-12T15:22:10.073+0000] {taskinstance.py:732} INFO - ::endgroup::
[2025-03-12T15:22:17.504+0000] {tiki_transform_dag.py:54} INFO - Loaded raw data from tiki-pipeline/tiki_raw_data/raw_dien-gia-dung_20250312_080050.json, 2000 rows
[2025-03-12T15:22:18.742+0000] {tiki_transform_dag.py:54} INFO - Loaded raw data from tiki-pipeline/tiki_raw_data/raw_dien-thoai-may-tinh-bang_20250312_074251.json, 361 rows
[2025-03-12T15:22:20.367+0000] {tiki_transform_dag.py:54} INFO - Loaded raw data from tiki-pipeline/tiki_raw_data/raw_dien-tu-dien-lanh_20250312_080131.json, 2000 rows
[2025-03-12T15:22:22.042+0000] {tiki_transform_dag.py:54} INFO - Loaded raw data from tiki-pipeline/tiki_raw_data/raw_dong-ho-va-trang-suc_20250312_074821.json, 2000 rows
[2025-03-12T15:22:24.120+0000] {tiki_transform_dag.py:54} INFO - Loaded raw data from tiki-pipeline/tiki_raw_data/raw_lam-dep-suc-khoe_20250312_074839.json, 2000 rows
[2025-03-12T15:22:26.276+0000] {tiki_transform_dag.py:54} INFO - Loaded raw data from tiki-pipeline/tiki_raw_data/raw_laptop-may-vi-tinh-linh-kien_20250312_080208.json, 2000 rows
[2025-03-12T15:22:28.417+0000] {tiki_transform_dag.py:54} INFO - Loaded raw data from tiki-pipeline/tiki_raw_data/raw_sach_20250312_074828.json, 2000 rows
[2025-03-12T15:22:30.374+0000] {tiki_transform_dag.py:54} INFO - Loaded raw data from tiki-pipeline/tiki_raw_data/raw_the-thao-da-ngoai_20250312_074838.json, 2000 rows
[2025-03-12T15:22:32.293+0000] {tiki_transform_dag.py:54} INFO - Loaded raw data from tiki-pipeline/tiki_raw_data/raw_thiet-bi-kts-phu-kien-so_20250312_080232.json, 2000 rows
[2025-03-12T15:22:34.319+0000] {tiki_transform_dag.py:54} INFO - Loaded raw data from tiki-pipeline/tiki_raw_data/raw_thoi-trang-nam_20250312_080215.json, 2000 rows
[2025-03-12T15:22:36.085+0000] {tiki_transform_dag.py:54} INFO - Loaded raw data from tiki-pipeline/tiki_raw_data/raw_thoi-trang-nu_20250312_080217.json, 2000 rows
[2025-03-12T15:22:36.104+0000] {tiki_transform_dag.py:64} INFO - After deduplication across all categories: 20357 rows
[2025-03-12T15:22:37.886+0000] {tiki_transform_dag.py:107} INFO - Saved fact_sales to tiki-pipeline/tiki_transformed_data/fact_sales_20250312_152236.csv
[2025-03-12T15:22:41.757+0000] {tiki_transform_dag.py:107} INFO - Saved dim_product to tiki-pipeline/tiki_transformed_data/dim_product_20250312_152236.csv
[2025-03-12T15:22:42.345+0000] {tiki_transform_dag.py:107} INFO - Saved dim_seller to tiki-pipeline/tiki_transformed_data/dim_seller_20250312_152236.csv
[2025-03-12T15:22:43.927+0000] {tiki_transform_dag.py:107} INFO - Saved dim_category to tiki-pipeline/tiki_transformed_data/dim_category_20250312_152236.csv
[2025-03-12T15:22:44.735+0000] {tiki_transform_dag.py:107} INFO - Saved dim_brand to tiki-pipeline/tiki_transformed_data/dim_brand_20250312_152236.csv
[2025-03-12T15:22:44.751+0000] {tiki_transform_dag.py:110} INFO - Pushed transformed_blob_names to XCom: {'fact_sales': 'tiki_transformed_data/fact_sales_20250312_152236.csv', 'dim_product': 'tiki_transformed_data/dim_product_20250312_152236.csv', 'dim_seller': 'tiki_transformed_data/dim_seller_20250312_152236.csv', 'dim_category': 'tiki_transformed_data/dim_category_20250312_152236.csv', 'dim_brand': 'tiki_transformed_data/dim_brand_20250312_152236.csv'}
[2025-03-12T15:22:44.779+0000] {python.py:240} INFO - Done. Returned value was: None
[2025-03-12T15:22:44.790+0000] {taskinstance.py:341} INFO - ::group::Post task execution logs
[2025-03-12T15:22:44.790+0000] {taskinstance.py:353} INFO - Marking task as SUCCESS. dag_id=tiki_transform_dag, task_id=transform_data, run_id=manual__2025-03-12T15:22:06.955146+00:00, execution_date=20250312T152206, start_date=20250312T152209, end_date=20250312T152244
[2025-03-12T15:22:44.813+0000] {logging_mixin.py:190} INFO - Task instance in success state
[2025-03-12T15:22:44.813+0000] {logging_mixin.py:190} INFO -  Previous state of the Task instance: running
[2025-03-12T15:22:44.814+0000] {logging_mixin.py:190} INFO - Dag name:tiki_transform_dag queued_at:2025-03-12 15:22:06.984007+00:00
[2025-03-12T15:22:44.814+0000] {logging_mixin.py:190} INFO - Task hostname:3905098656d4 operator:PythonOperator
[2025-03-12T15:22:44.864+0000] {local_task_job_runner.py:266} INFO - Task exited with return code 0
[2025-03-12T15:22:44.884+0000] {taskinstance.py:3901} INFO - 0 downstream tasks scheduled from follow-on schedule check
[2025-03-12T15:22:44.887+0000] {local_task_job_runner.py:245} INFO - ::endgroup::
