[2025-03-09T18:53:35.641+0000] {local_task_job_runner.py:123} INFO - ::group::Pre task execution logs
[2025-03-09T18:53:35.870+0000] {taskinstance.py:2614} INFO - Dependencies all met for dep_context=non-requeueable deps ti=<TaskInstance: tiki_load_dag.load_data manual__2025-03-09T18:53:31.560864+00:00 [queued]>
[2025-03-09T18:53:35.883+0000] {taskinstance.py:2614} INFO - Dependencies all met for dep_context=requeueable deps ti=<TaskInstance: tiki_load_dag.load_data manual__2025-03-09T18:53:31.560864+00:00 [queued]>
[2025-03-09T18:53:35.884+0000] {taskinstance.py:2867} INFO - Starting attempt 1 of 1
[2025-03-09T18:53:35.908+0000] {taskinstance.py:2890} INFO - Executing <Task(PythonOperator): load_data> on 2025-03-09 18:53:31.560864+00:00
[2025-03-09T18:53:35.921+0000] {warnings.py:112} WARNING - /home/***/.local/lib/python3.12/site-packages/***/task/task_runner/standard_task_runner.py:70: DeprecationWarning: This process (pid=206) is multi-threaded, use of fork() may lead to deadlocks in the child.
  pid = os.fork()

[2025-03-09T18:53:35.924+0000] {standard_task_runner.py:72} INFO - Started process 208 to run task
[2025-03-09T18:53:35.924+0000] {standard_task_runner.py:104} INFO - Running: ['***', 'tasks', 'run', 'tiki_load_dag', 'load_data', 'manual__2025-03-09T18:53:31.560864+00:00', '--job-id', '288', '--raw', '--subdir', 'DAGS_FOLDER/tiki_load_dag.py', '--cfg-path', '/tmp/tmpvzdfhp_f']
[2025-03-09T18:53:35.926+0000] {standard_task_runner.py:105} INFO - Job 288: Subtask load_data
[2025-03-09T18:53:36.010+0000] {task_command.py:467} INFO - Running <TaskInstance: tiki_load_dag.load_data manual__2025-03-09T18:53:31.560864+00:00 [running]> on host 72a6d77a3cc5
[2025-03-09T18:53:36.146+0000] {taskinstance.py:3134} INFO - Exporting env vars: AIRFLOW_CTX_DAG_OWNER='***' AIRFLOW_CTX_DAG_ID='tiki_load_dag' AIRFLOW_CTX_TASK_ID='load_data' AIRFLOW_CTX_EXECUTION_DATE='2025-03-09T18:53:31.560864+00:00' AIRFLOW_CTX_TRY_NUMBER='1' AIRFLOW_CTX_DAG_RUN_ID='manual__2025-03-09T18:53:31.560864+00:00'
[2025-03-09T18:53:36.148+0000] {logging_mixin.py:190} INFO - Task instance is in running state
[2025-03-09T18:53:36.149+0000] {logging_mixin.py:190} INFO -  Previous state of the Task instance: queued
[2025-03-09T18:53:36.150+0000] {logging_mixin.py:190} INFO - Current task name:load_data state:running start_date:2025-03-09 18:53:35.870961+00:00
[2025-03-09T18:53:36.151+0000] {logging_mixin.py:190} INFO - Dag name:tiki_load_dag and current dag run status:running
[2025-03-09T18:53:36.152+0000] {taskinstance.py:732} INFO - ::endgroup::
[2025-03-09T18:53:36.828+0000] {tiki_load_dag.py:37} INFO - Found latest fact_sales blob: tiki_transformed_data/fact_sales_20250309_185001.csv
[2025-03-09T18:53:36.910+0000] {tiki_load_dag.py:37} INFO - Found latest dim_product blob: tiki_transformed_data/dim_product_20250309_185001.csv
[2025-03-09T18:53:36.997+0000] {tiki_load_dag.py:37} INFO - Found latest dim_seller blob: tiki_transformed_data/dim_seller_20250309_185001.csv
[2025-03-09T18:53:37.081+0000] {tiki_load_dag.py:37} INFO - Found latest dim_category blob: tiki_transformed_data/dim_category_20250309_185001.csv
[2025-03-09T18:53:37.162+0000] {tiki_load_dag.py:37} INFO - Found latest dim_brand blob: tiki_transformed_data/dim_brand_20250309_185001.csv
[2025-03-09T18:53:38.688+0000] {tiki_load_dag.py:68} INFO - Starting load job for Fact_Sales from gs://tiki-data/tiki_transformed_data/fact_sales_20250309_185001.csv
[2025-03-09T18:53:43.989+0000] {tiki_load_dag.py:70} INFO - Loaded Fact_Sales with 400 rows
[2025-03-09T18:53:45.382+0000] {tiki_load_dag.py:68} INFO - Starting load job for Dim_Product from gs://tiki-data/tiki_transformed_data/dim_product_20250309_185001.csv
[2025-03-09T18:53:49.874+0000] {tiki_load_dag.py:70} INFO - Loaded Dim_Product with 400 rows
[2025-03-09T18:53:50.909+0000] {tiki_load_dag.py:68} INFO - Starting load job for Dim_Seller from gs://tiki-data/tiki_transformed_data/dim_seller_20250309_185001.csv
[2025-03-09T18:53:56.273+0000] {tiki_load_dag.py:70} INFO - Loaded Dim_Seller with 132 rows
[2025-03-09T18:53:57.185+0000] {tiki_load_dag.py:68} INFO - Starting load job for Dim_Category from gs://tiki-data/tiki_transformed_data/dim_category_20250309_185001.csv
[2025-03-09T18:54:01.614+0000] {tiki_load_dag.py:70} INFO - Loaded Dim_Category with 3284 rows
[2025-03-09T18:54:02.535+0000] {tiki_load_dag.py:68} INFO - Starting load job for Dim_Brand from gs://tiki-data/tiki_transformed_data/dim_brand_20250309_185001.csv
[2025-03-09T18:54:06.843+0000] {tiki_load_dag.py:70} INFO - Loaded Dim_Brand with 1 rows
[2025-03-09T18:54:06.844+0000] {python.py:240} INFO - Done. Returned value was: None
[2025-03-09T18:54:06.865+0000] {taskinstance.py:341} INFO - ::group::Post task execution logs
[2025-03-09T18:54:06.867+0000] {taskinstance.py:353} INFO - Marking task as SUCCESS. dag_id=tiki_load_dag, task_id=load_data, run_id=manual__2025-03-09T18:53:31.560864+00:00, execution_date=20250309T185331, start_date=20250309T185335, end_date=20250309T185406
[2025-03-09T18:54:06.910+0000] {logging_mixin.py:190} INFO - Task instance in success state
[2025-03-09T18:54:06.911+0000] {logging_mixin.py:190} INFO -  Previous state of the Task instance: running
[2025-03-09T18:54:06.912+0000] {logging_mixin.py:190} INFO - Dag name:tiki_load_dag queued_at:2025-03-09 18:53:31.577060+00:00
[2025-03-09T18:54:06.912+0000] {logging_mixin.py:190} INFO - Task hostname:72a6d77a3cc5 operator:PythonOperator
[2025-03-09T18:54:06.965+0000] {local_task_job_runner.py:266} INFO - Task exited with return code 0
[2025-03-09T18:54:06.992+0000] {taskinstance.py:3901} INFO - 0 downstream tasks scheduled from follow-on schedule check
[2025-03-09T18:54:06.997+0000] {local_task_job_runner.py:245} INFO - ::endgroup::
