[2025-03-12T07:26:10.511+0000] {local_task_job_runner.py:123} INFO - ::group::Pre task execution logs
[2025-03-12T07:26:10.582+0000] {taskinstance.py:2614} INFO - Dependencies all met for dep_context=non-requeueable deps ti=<TaskInstance: tiki_extract_dag.extract_lam-dep-suc-khoe manual__2025-03-12T07:25:54.854919+00:00 [queued]>
[2025-03-12T07:26:10.603+0000] {taskinstance.py:2614} INFO - Dependencies all met for dep_context=requeueable deps ti=<TaskInstance: tiki_extract_dag.extract_lam-dep-suc-khoe manual__2025-03-12T07:25:54.854919+00:00 [queued]>
[2025-03-12T07:26:10.609+0000] {taskinstance.py:2867} INFO - Starting attempt 1 of 4
[2025-03-12T07:26:10.657+0000] {taskinstance.py:2890} INFO - Executing <Task(PythonOperator): extract_lam-dep-suc-khoe> on 2025-03-12 07:25:54.854919+00:00
[2025-03-12T07:26:10.743+0000] {warnings.py:112} WARNING - /home/***/.local/lib/python3.12/site-packages/***/task/task_runner/standard_task_runner.py:70: DeprecationWarning: This process (pid=220) is multi-threaded, use of fork() may lead to deadlocks in the child.
  pid = os.fork()

[2025-03-12T07:26:10.787+0000] {standard_task_runner.py:72} INFO - Started process 249 to run task
[2025-03-12T07:26:10.787+0000] {standard_task_runner.py:104} INFO - Running: ['***', 'tasks', 'run', 'tiki_extract_dag', 'extract_lam-dep-suc-khoe', 'manual__2025-03-12T07:25:54.854919+00:00', '--job-id', '673', '--raw', '--subdir', 'DAGS_FOLDER/tiki_extract_dag.py', '--cfg-path', '/tmp/tmpsi6fld0_']
[2025-03-12T07:26:10.804+0000] {standard_task_runner.py:105} INFO - Job 673: Subtask extract_lam-dep-suc-khoe
[2025-03-12T07:26:11.127+0000] {task_command.py:467} INFO - Running <TaskInstance: tiki_extract_dag.extract_lam-dep-suc-khoe manual__2025-03-12T07:25:54.854919+00:00 [running]> on host 3905098656d4
[2025-03-12T07:26:15.490+0000] {taskinstance.py:3134} INFO - Exporting env vars: AIRFLOW_CTX_DAG_OWNER='***' AIRFLOW_CTX_DAG_ID='tiki_extract_dag' AIRFLOW_CTX_TASK_ID='extract_lam-dep-suc-khoe' AIRFLOW_CTX_EXECUTION_DATE='2025-03-12T07:25:54.854919+00:00' AIRFLOW_CTX_TRY_NUMBER='1' AIRFLOW_CTX_DAG_RUN_ID='manual__2025-03-12T07:25:54.854919+00:00'
[2025-03-12T07:26:15.499+0000] {logging_mixin.py:190} INFO - Task instance is in running state
[2025-03-12T07:26:15.504+0000] {logging_mixin.py:190} INFO -  Previous state of the Task instance: queued
[2025-03-12T07:26:15.507+0000] {logging_mixin.py:190} INFO - Current task name:extract_lam-dep-suc-khoe state:running start_date:2025-03-12 07:26:10.583668+00:00
[2025-03-12T07:26:15.510+0000] {logging_mixin.py:190} INFO - Dag name:tiki_extract_dag and current dag run status:running
[2025-03-12T07:26:15.520+0000] {taskinstance.py:732} INFO - ::endgroup::
[2025-03-12T07:26:18.263+0000] {tiki_extract_dag.py:122} INFO - Starting crawl for category lam-dep-suc-khoe
[2025-03-12T07:26:19.267+0000] {tiki_extract_dag.py:129} INFO - Total pages for lam-dep-suc-khoe: 50
[2025-03-12T07:26:20.562+0000] {tiki_extract_dag.py:155} INFO - Extracted page 2/50 - lam-dep-suc-khoe, total items: 80
[2025-03-12T07:26:26.486+0000] {tiki_extract_dag.py:155} INFO - Extracted page 3/50 - lam-dep-suc-khoe, total items: 120
[2025-03-12T07:26:34.680+0000] {tiki_extract_dag.py:155} INFO - Extracted page 4/50 - lam-dep-suc-khoe, total items: 160
[2025-03-12T07:26:41.648+0000] {tiki_extract_dag.py:155} INFO - Extracted page 5/50 - lam-dep-suc-khoe, total items: 200
[2025-03-12T07:26:49.243+0000] {tiki_extract_dag.py:155} INFO - Extracted page 6/50 - lam-dep-suc-khoe, total items: 240
[2025-03-12T07:26:57.660+0000] {tiki_extract_dag.py:155} INFO - Extracted page 7/50 - lam-dep-suc-khoe, total items: 280
[2025-03-12T07:27:04.760+0000] {tiki_extract_dag.py:155} INFO - Extracted page 8/50 - lam-dep-suc-khoe, total items: 320
[2025-03-12T07:27:12.451+0000] {tiki_extract_dag.py:155} INFO - Extracted page 9/50 - lam-dep-suc-khoe, total items: 360
[2025-03-12T07:27:20.837+0000] {tiki_extract_dag.py:155} INFO - Extracted page 10/50 - lam-dep-suc-khoe, total items: 400
[2025-03-12T07:27:29.058+0000] {tiki_extract_dag.py:155} INFO - Extracted page 11/50 - lam-dep-suc-khoe, total items: 440
[2025-03-12T07:27:35.329+0000] {tiki_extract_dag.py:155} INFO - Extracted page 12/50 - lam-dep-suc-khoe, total items: 480
[2025-03-12T07:27:43.899+0000] {tiki_extract_dag.py:155} INFO - Extracted page 13/50 - lam-dep-suc-khoe, total items: 520
[2025-03-12T07:27:49.396+0000] {tiki_extract_dag.py:155} INFO - Extracted page 14/50 - lam-dep-suc-khoe, total items: 560
[2025-03-12T07:27:58.661+0000] {tiki_extract_dag.py:155} INFO - Extracted page 15/50 - lam-dep-suc-khoe, total items: 600
[2025-03-12T07:28:04.679+0000] {tiki_extract_dag.py:155} INFO - Extracted page 16/50 - lam-dep-suc-khoe, total items: 640
[2025-03-12T07:28:10.781+0000] {tiki_extract_dag.py:155} INFO - Extracted page 17/50 - lam-dep-suc-khoe, total items: 680
[2025-03-12T07:28:20.328+0000] {tiki_extract_dag.py:155} INFO - Extracted page 18/50 - lam-dep-suc-khoe, total items: 720
[2025-03-12T07:28:29.018+0000] {tiki_extract_dag.py:155} INFO - Extracted page 19/50 - lam-dep-suc-khoe, total items: 760
[2025-03-12T07:28:34.837+0000] {tiki_extract_dag.py:155} INFO - Extracted page 20/50 - lam-dep-suc-khoe, total items: 800
[2025-03-12T07:28:41.146+0000] {tiki_extract_dag.py:155} INFO - Extracted page 21/50 - lam-dep-suc-khoe, total items: 840
[2025-03-12T07:28:48.439+0000] {tiki_extract_dag.py:155} INFO - Extracted page 22/50 - lam-dep-suc-khoe, total items: 880
[2025-03-12T07:28:57.029+0000] {tiki_extract_dag.py:155} INFO - Extracted page 23/50 - lam-dep-suc-khoe, total items: 920
[2025-03-12T07:29:05.217+0000] {tiki_extract_dag.py:155} INFO - Extracted page 24/50 - lam-dep-suc-khoe, total items: 960
[2025-03-12T07:29:14.995+0000] {tiki_extract_dag.py:155} INFO - Extracted page 25/50 - lam-dep-suc-khoe, total items: 1000
[2025-03-12T07:29:25.282+0000] {tiki_extract_dag.py:155} INFO - Extracted page 26/50 - lam-dep-suc-khoe, total items: 1040
[2025-03-12T07:29:35.421+0000] {tiki_extract_dag.py:155} INFO - Extracted page 27/50 - lam-dep-suc-khoe, total items: 1080
[2025-03-12T07:29:42.796+0000] {tiki_extract_dag.py:155} INFO - Extracted page 28/50 - lam-dep-suc-khoe, total items: 1120
[2025-03-12T07:29:51.261+0000] {tiki_extract_dag.py:155} INFO - Extracted page 29/50 - lam-dep-suc-khoe, total items: 1160
[2025-03-12T07:29:57.969+0000] {tiki_extract_dag.py:155} INFO - Extracted page 30/50 - lam-dep-suc-khoe, total items: 1200
[2025-03-12T07:30:08.126+0000] {tiki_extract_dag.py:155} INFO - Extracted page 31/50 - lam-dep-suc-khoe, total items: 1240
[2025-03-12T07:30:15.635+0000] {tiki_extract_dag.py:155} INFO - Extracted page 32/50 - lam-dep-suc-khoe, total items: 1280
[2025-03-12T07:30:25.598+0000] {tiki_extract_dag.py:155} INFO - Extracted page 33/50 - lam-dep-suc-khoe, total items: 1320
[2025-03-12T07:30:36.164+0000] {tiki_extract_dag.py:155} INFO - Extracted page 34/50 - lam-dep-suc-khoe, total items: 1360
[2025-03-12T07:30:42.671+0000] {tiki_extract_dag.py:155} INFO - Extracted page 35/50 - lam-dep-suc-khoe, total items: 1400
[2025-03-12T07:30:51.923+0000] {tiki_extract_dag.py:155} INFO - Extracted page 36/50 - lam-dep-suc-khoe, total items: 1440
[2025-03-12T07:31:00.557+0000] {tiki_extract_dag.py:155} INFO - Extracted page 37/50 - lam-dep-suc-khoe, total items: 1480
[2025-03-12T07:31:06.875+0000] {tiki_extract_dag.py:155} INFO - Extracted page 38/50 - lam-dep-suc-khoe, total items: 1520
[2025-03-12T07:31:15.903+0000] {tiki_extract_dag.py:155} INFO - Extracted page 39/50 - lam-dep-suc-khoe, total items: 1560
[2025-03-12T07:31:24.742+0000] {tiki_extract_dag.py:155} INFO - Extracted page 40/50 - lam-dep-suc-khoe, total items: 1600
[2025-03-12T07:31:32.770+0000] {tiki_extract_dag.py:155} INFO - Extracted page 41/50 - lam-dep-suc-khoe, total items: 1640
[2025-03-12T07:31:38.998+0000] {tiki_extract_dag.py:155} INFO - Extracted page 42/50 - lam-dep-suc-khoe, total items: 1680
[2025-03-12T07:31:48.946+0000] {tiki_extract_dag.py:155} INFO - Extracted page 43/50 - lam-dep-suc-khoe, total items: 1720
[2025-03-12T07:31:56.476+0000] {tiki_extract_dag.py:155} INFO - Extracted page 44/50 - lam-dep-suc-khoe, total items: 1760
[2025-03-12T07:32:05.557+0000] {tiki_extract_dag.py:155} INFO - Extracted page 45/50 - lam-dep-suc-khoe, total items: 1800
[2025-03-12T07:32:11.491+0000] {tiki_extract_dag.py:155} INFO - Extracted page 46/50 - lam-dep-suc-khoe, total items: 1840
[2025-03-12T07:32:17.670+0000] {tiki_extract_dag.py:155} INFO - Extracted page 47/50 - lam-dep-suc-khoe, total items: 1880
[2025-03-12T07:32:23.974+0000] {tiki_extract_dag.py:155} INFO - Extracted page 48/50 - lam-dep-suc-khoe, total items: 1920
[2025-03-12T07:32:33.197+0000] {tiki_extract_dag.py:155} INFO - Extracted page 49/50 - lam-dep-suc-khoe, total items: 1960
[2025-03-12T07:32:42.818+0000] {tiki_extract_dag.py:155} INFO - Extracted page 50/50 - lam-dep-suc-khoe, total items: 2000
[2025-03-12T07:33:37.832+0000] {tiki_extract_dag.py:56} INFO - Updated crawled products at tiki-pipeline/tiki_crawled/crawled_products.json
[2025-03-12T07:33:37.834+0000] {tiki_extract_dag.py:172} INFO - Uploaded raw data to tiki-pipeline/tiki_raw_data/raw_lam-dep-suc-khoe_20250312_073253.json, total items: 2000
[2025-03-12T07:33:38.386+0000] {tiki_extract_dag.py:183} INFO - Saved metadata to tiki-pipeline/metadata/extract_run_metadata_lam-dep-suc-khoe_20250312_073253.json
[2025-03-12T07:33:38.453+0000] {python.py:240} INFO - Done. Returned value was: None
[2025-03-12T07:33:38.586+0000] {taskinstance.py:341} INFO - ::group::Post task execution logs
[2025-03-12T07:33:38.589+0000] {taskinstance.py:353} INFO - Marking task as SUCCESS. dag_id=tiki_extract_dag, task_id=extract_lam-dep-suc-khoe, run_id=manual__2025-03-12T07:25:54.854919+00:00, execution_date=20250312T072554, start_date=20250312T072610, end_date=20250312T073338
[2025-03-12T07:33:38.736+0000] {logging_mixin.py:190} INFO - Task instance in success state
[2025-03-12T07:33:38.737+0000] {logging_mixin.py:190} INFO -  Previous state of the Task instance: running
[2025-03-12T07:33:38.738+0000] {logging_mixin.py:190} INFO - Dag name:tiki_extract_dag queued_at:2025-03-12 07:25:54.899816+00:00
[2025-03-12T07:33:38.739+0000] {logging_mixin.py:190} INFO - Task hostname:3905098656d4 operator:PythonOperator
[2025-03-12T07:33:38.848+0000] {local_task_job_runner.py:266} INFO - Task exited with return code 0
[2025-03-12T07:33:38.981+0000] {taskinstance.py:3901} INFO - 0 downstream tasks scheduled from follow-on schedule check
[2025-03-12T07:33:38.987+0000] {local_task_job_runner.py:245} INFO - ::endgroup::
