[2025-03-10T09:06:51.839+0000] {local_task_job_runner.py:123} INFO - ::group::Pre task execution logs
[2025-03-10T09:06:51.859+0000] {taskinstance.py:2614} INFO - Dependencies all met for dep_context=non-requeueable deps ti=<TaskInstance: tiki_extract_dag.extract_data manual__2025-03-10T09:06:48.011560+00:00 [queued]>
[2025-03-10T09:06:51.869+0000] {taskinstance.py:2614} INFO - Dependencies all met for dep_context=requeueable deps ti=<TaskInstance: tiki_extract_dag.extract_data manual__2025-03-10T09:06:48.011560+00:00 [queued]>
[2025-03-10T09:06:51.870+0000] {taskinstance.py:2867} INFO - Starting attempt 1 of 4
[2025-03-10T09:06:51.886+0000] {taskinstance.py:2890} INFO - Executing <Task(PythonOperator): extract_data> on 2025-03-10 09:06:48.011560+00:00
[2025-03-10T09:06:51.899+0000] {warnings.py:112} WARNING - /home/***/.local/lib/python3.12/site-packages/***/task/task_runner/standard_task_runner.py:70: DeprecationWarning: This process (pid=1480) is multi-threaded, use of fork() may lead to deadlocks in the child.
  pid = os.fork()

[2025-03-10T09:06:51.901+0000] {standard_task_runner.py:72} INFO - Started process 1482 to run task
[2025-03-10T09:06:51.902+0000] {standard_task_runner.py:104} INFO - Running: ['***', 'tasks', 'run', 'tiki_extract_dag', 'extract_data', 'manual__2025-03-10T09:06:48.011560+00:00', '--job-id', '363', '--raw', '--subdir', 'DAGS_FOLDER/tiki_extract_dag.py', '--cfg-path', '/tmp/tmp71l2eufz']
[2025-03-10T09:06:51.903+0000] {standard_task_runner.py:105} INFO - Job 363: Subtask extract_data
[2025-03-10T09:06:51.975+0000] {task_command.py:467} INFO - Running <TaskInstance: tiki_extract_dag.extract_data manual__2025-03-10T09:06:48.011560+00:00 [running]> on host c77555d100c4
[2025-03-10T09:06:52.339+0000] {taskinstance.py:3134} INFO - Exporting env vars: AIRFLOW_CTX_DAG_OWNER='***' AIRFLOW_CTX_DAG_ID='tiki_extract_dag' AIRFLOW_CTX_TASK_ID='extract_data' AIRFLOW_CTX_EXECUTION_DATE='2025-03-10T09:06:48.011560+00:00' AIRFLOW_CTX_TRY_NUMBER='1' AIRFLOW_CTX_DAG_RUN_ID='manual__2025-03-10T09:06:48.011560+00:00'
[2025-03-10T09:06:52.340+0000] {logging_mixin.py:190} INFO - Task instance is in running state
[2025-03-10T09:06:52.340+0000] {logging_mixin.py:190} INFO -  Previous state of the Task instance: queued
[2025-03-10T09:06:52.341+0000] {logging_mixin.py:190} INFO - Current task name:extract_data state:running start_date:2025-03-10 09:06:51.860765+00:00
[2025-03-10T09:06:52.341+0000] {logging_mixin.py:190} INFO - Dag name:tiki_extract_dag and current dag run status:running
[2025-03-10T09:06:52.342+0000] {taskinstance.py:732} INFO - ::endgroup::
[2025-03-10T09:06:53.176+0000] {tiki_extract_dag.py:186} ERROR - Failed initial crawl: 400 Client Error: Bad Request for url: https://tiki.vn/api/v2/products?page=1&limit=50
[2025-03-10T09:06:53.177+0000] {python.py:240} INFO - Done. Returned value was: None
[2025-03-10T09:06:53.216+0000] {taskinstance.py:341} INFO - ::group::Post task execution logs
[2025-03-10T09:06:53.217+0000] {taskinstance.py:353} INFO - Marking task as SUCCESS. dag_id=tiki_extract_dag, task_id=extract_data, run_id=manual__2025-03-10T09:06:48.011560+00:00, execution_date=20250310T090648, start_date=20250310T090651, end_date=20250310T090653
[2025-03-10T09:06:53.268+0000] {logging_mixin.py:190} INFO - Task instance in success state
[2025-03-10T09:06:53.277+0000] {logging_mixin.py:190} INFO -  Previous state of the Task instance: running
[2025-03-10T09:06:53.278+0000] {logging_mixin.py:190} INFO - Dag name:tiki_extract_dag queued_at:2025-03-10 09:06:48.040059+00:00
[2025-03-10T09:06:53.279+0000] {logging_mixin.py:190} INFO - Task hostname:c77555d100c4 operator:PythonOperator
[2025-03-10T09:06:53.322+0000] {local_task_job_runner.py:266} INFO - Task exited with return code 0
[2025-03-10T09:06:53.347+0000] {taskinstance.py:3901} INFO - 0 downstream tasks scheduled from follow-on schedule check
[2025-03-10T09:06:53.350+0000] {local_task_job_runner.py:245} INFO - ::endgroup::
