[2025-03-09T11:04:27.526+0000] {local_task_job_runner.py:123} INFO - ::group::Pre task execution logs
[2025-03-09T11:04:27.576+0000] {taskinstance.py:2614} INFO - Dependencies all met for dep_context=non-requeueable deps ti=<TaskInstance: tiki_etl_orchestration.trigger_extract manual__2025-03-09T11:04:21.744688+00:00 [queued]>
[2025-03-09T11:04:27.594+0000] {taskinstance.py:2614} INFO - Dependencies all met for dep_context=requeueable deps ti=<TaskInstance: tiki_etl_orchestration.trigger_extract manual__2025-03-09T11:04:21.744688+00:00 [queued]>
[2025-03-09T11:04:27.596+0000] {taskinstance.py:2867} INFO - Starting attempt 1 of 1
[2025-03-09T11:04:27.844+0000] {taskinstance.py:2890} INFO - Executing <Task(TriggerDagRunOperator): trigger_extract> on 2025-03-09 11:04:21.744688+00:00
[2025-03-09T11:04:27.860+0000] {warnings.py:112} WARNING - /home/***/.local/lib/python3.12/site-packages/***/task/task_runner/standard_task_runner.py:70: DeprecationWarning: This process (pid=79) is multi-threaded, use of fork() may lead to deadlocks in the child.
  pid = os.fork()

[2025-03-09T11:04:27.863+0000] {standard_task_runner.py:72} INFO - Started process 81 to run task
[2025-03-09T11:04:27.863+0000] {standard_task_runner.py:104} INFO - Running: ['***', 'tasks', 'run', 'tiki_etl_orchestration', 'trigger_extract', 'manual__2025-03-09T11:04:21.744688+00:00', '--job-id', '130', '--raw', '--subdir', 'DAGS_FOLDER/tiki_etl_orchestration.py', '--cfg-path', '/tmp/tmp7j54tayi']
[2025-03-09T11:04:27.866+0000] {standard_task_runner.py:105} INFO - Job 130: Subtask trigger_extract
[2025-03-09T11:04:27.960+0000] {task_command.py:467} INFO - Running <TaskInstance: tiki_etl_orchestration.trigger_extract manual__2025-03-09T11:04:21.744688+00:00 [running]> on host 4dc18dee7126
[2025-03-09T11:04:28.126+0000] {taskinstance.py:3134} INFO - Exporting env vars: AIRFLOW_CTX_DAG_OWNER='***' AIRFLOW_CTX_DAG_ID='tiki_etl_orchestration' AIRFLOW_CTX_TASK_ID='trigger_extract' AIRFLOW_CTX_EXECUTION_DATE='2025-03-09T11:04:21.744688+00:00' AIRFLOW_CTX_TRY_NUMBER='1' AIRFLOW_CTX_DAG_RUN_ID='manual__2025-03-09T11:04:21.744688+00:00'
[2025-03-09T11:04:28.129+0000] {taskinstance.py:3204} ERROR - Failed when executing execute callback
Traceback (most recent call last):
  File "/home/airflow/.local/lib/python3.12/site-packages/airflow/models/taskinstance.py", line 3202, in _run_execute_callback
    callback(context)
TypeError: push_execution_date() missing 1 required positional argument: 'dag_run_obj'
[2025-03-09T11:04:28.131+0000] {logging_mixin.py:190} INFO - Task instance is in running state
[2025-03-09T11:04:28.132+0000] {logging_mixin.py:190} INFO -  Previous state of the Task instance: queued
[2025-03-09T11:04:28.134+0000] {logging_mixin.py:190} INFO - Current task name:trigger_extract state:running start_date:2025-03-09 11:04:27.578227+00:00
[2025-03-09T11:04:28.134+0000] {logging_mixin.py:190} INFO - Dag name:tiki_etl_orchestration and current dag run status:running
[2025-03-09T11:04:28.135+0000] {taskinstance.py:732} INFO - ::endgroup::
[2025-03-09T11:04:28.296+0000] {trigger_dagrun.py:257} INFO - Waiting for tiki_extract_dag on 2025-03-09 11:04:28.137007+00:00 to become allowed state ['success'] ...
[2025-03-09T11:04:38.319+0000] {trigger_dagrun.py:257} INFO - Waiting for tiki_extract_dag on 2025-03-09 11:04:28.137007+00:00 to become allowed state ['success'] ...
[2025-03-09T11:04:48.335+0000] {trigger_dagrun.py:257} INFO - Waiting for tiki_extract_dag on 2025-03-09 11:04:28.137007+00:00 to become allowed state ['success'] ...
[2025-03-09T11:04:58.351+0000] {trigger_dagrun.py:257} INFO - Waiting for tiki_extract_dag on 2025-03-09 11:04:28.137007+00:00 to become allowed state ['success'] ...
[2025-03-09T11:05:08.377+0000] {trigger_dagrun.py:257} INFO - Waiting for tiki_extract_dag on 2025-03-09 11:04:28.137007+00:00 to become allowed state ['success'] ...
[2025-03-09T11:05:18.392+0000] {trigger_dagrun.py:257} INFO - Waiting for tiki_extract_dag on 2025-03-09 11:04:28.137007+00:00 to become allowed state ['success'] ...
[2025-03-09T11:05:28.408+0000] {trigger_dagrun.py:257} INFO - Waiting for tiki_extract_dag on 2025-03-09 11:04:28.137007+00:00 to become allowed state ['success'] ...
[2025-03-09T11:05:38.428+0000] {trigger_dagrun.py:257} INFO - Waiting for tiki_extract_dag on 2025-03-09 11:04:28.137007+00:00 to become allowed state ['success'] ...
[2025-03-09T11:05:48.453+0000] {trigger_dagrun.py:257} INFO - Waiting for tiki_extract_dag on 2025-03-09 11:04:28.137007+00:00 to become allowed state ['success'] ...
[2025-03-09T11:05:58.471+0000] {trigger_dagrun.py:257} INFO - Waiting for tiki_extract_dag on 2025-03-09 11:04:28.137007+00:00 to become allowed state ['success'] ...
[2025-03-09T11:06:08.490+0000] {trigger_dagrun.py:257} INFO - Waiting for tiki_extract_dag on 2025-03-09 11:04:28.137007+00:00 to become allowed state ['success'] ...
[2025-03-09T11:06:18.508+0000] {trigger_dagrun.py:257} INFO - Waiting for tiki_extract_dag on 2025-03-09 11:04:28.137007+00:00 to become allowed state ['success'] ...
[2025-03-09T11:06:28.522+0000] {trigger_dagrun.py:257} INFO - Waiting for tiki_extract_dag on 2025-03-09 11:04:28.137007+00:00 to become allowed state ['success'] ...
[2025-03-09T11:06:38.539+0000] {trigger_dagrun.py:257} INFO - Waiting for tiki_extract_dag on 2025-03-09 11:04:28.137007+00:00 to become allowed state ['success'] ...
[2025-03-09T11:06:48.565+0000] {trigger_dagrun.py:257} INFO - Waiting for tiki_extract_dag on 2025-03-09 11:04:28.137007+00:00 to become allowed state ['success'] ...
[2025-03-09T11:06:58.586+0000] {trigger_dagrun.py:257} INFO - Waiting for tiki_extract_dag on 2025-03-09 11:04:28.137007+00:00 to become allowed state ['success'] ...
[2025-03-09T11:07:08.602+0000] {trigger_dagrun.py:257} INFO - Waiting for tiki_extract_dag on 2025-03-09 11:04:28.137007+00:00 to become allowed state ['success'] ...
[2025-03-09T11:07:18.614+0000] {trigger_dagrun.py:257} INFO - Waiting for tiki_extract_dag on 2025-03-09 11:04:28.137007+00:00 to become allowed state ['success'] ...
[2025-03-09T11:07:28.635+0000] {trigger_dagrun.py:257} INFO - Waiting for tiki_extract_dag on 2025-03-09 11:04:28.137007+00:00 to become allowed state ['success'] ...
[2025-03-09T11:07:38.651+0000] {trigger_dagrun.py:257} INFO - Waiting for tiki_extract_dag on 2025-03-09 11:04:28.137007+00:00 to become allowed state ['success'] ...
[2025-03-09T11:07:48.694+0000] {trigger_dagrun.py:257} INFO - Waiting for tiki_extract_dag on 2025-03-09 11:04:28.137007+00:00 to become allowed state ['success'] ...
[2025-03-09T11:07:58.710+0000] {trigger_dagrun.py:257} INFO - Waiting for tiki_extract_dag on 2025-03-09 11:04:28.137007+00:00 to become allowed state ['success'] ...
[2025-03-09T11:08:08.724+0000] {trigger_dagrun.py:271} INFO - tiki_extract_dag finished with allowed state success
[2025-03-09T11:08:08.746+0000] {taskinstance.py:341} INFO - ::group::Post task execution logs
[2025-03-09T11:08:08.748+0000] {taskinstance.py:353} INFO - Marking task as SUCCESS. dag_id=tiki_etl_orchestration, task_id=trigger_extract, run_id=manual__2025-03-09T11:04:21.744688+00:00, execution_date=20250309T110421, start_date=20250309T110427, end_date=20250309T110808
[2025-03-09T11:08:08.797+0000] {logging_mixin.py:190} INFO - Task instance in success state
[2025-03-09T11:08:08.798+0000] {logging_mixin.py:190} INFO -  Previous state of the Task instance: running
[2025-03-09T11:08:08.799+0000] {logging_mixin.py:190} INFO - Dag name:tiki_etl_orchestration queued_at:2025-03-09 11:04:21.782208+00:00
[2025-03-09T11:08:08.800+0000] {logging_mixin.py:190} INFO - Task hostname:4dc18dee7126 operator:TriggerDagRunOperator
[2025-03-09T11:08:08.845+0000] {local_task_job_runner.py:266} INFO - Task exited with return code 0
[2025-03-09T11:08:08.915+0000] {taskinstance.py:3901} INFO - 1 downstream tasks scheduled from follow-on schedule check
[2025-03-09T11:08:08.920+0000] {local_task_job_runner.py:245} INFO - ::endgroup::
