[2025-03-10T02:10:21.494+0000] {local_task_job_runner.py:123} INFO - ::group::Pre task execution logs
[2025-03-10T02:10:21.546+0000] {taskinstance.py:2614} INFO - Dependencies all met for dep_context=non-requeueable deps ti=<TaskInstance: tiki_etl_orchestration.trigger_load scheduled__2025-03-09T00:00:00+00:00 [queued]>
[2025-03-10T02:10:21.573+0000] {taskinstance.py:2614} INFO - Dependencies all met for dep_context=requeueable deps ti=<TaskInstance: tiki_etl_orchestration.trigger_load scheduled__2025-03-09T00:00:00+00:00 [queued]>
[2025-03-10T02:10:21.575+0000] {taskinstance.py:2867} INFO - Starting attempt 1 of 1
[2025-03-10T02:10:21.846+0000] {taskinstance.py:2890} INFO - Executing <Task(TriggerDagRunOperator): trigger_load> on 2025-03-09 00:00:00+00:00
[2025-03-10T02:10:21.867+0000] {warnings.py:112} WARNING - /home/***/.local/lib/python3.12/site-packages/***/task/task_runner/standard_task_runner.py:70: DeprecationWarning: This process (pid=1446) is multi-threaded, use of fork() may lead to deadlocks in the child.
  pid = os.fork()

[2025-03-10T02:10:21.871+0000] {standard_task_runner.py:72} INFO - Started process 1448 to run task
[2025-03-10T02:10:21.870+0000] {standard_task_runner.py:104} INFO - Running: ['***', 'tasks', 'run', 'tiki_etl_orchestration', 'trigger_load', 'scheduled__2025-03-09T00:00:00+00:00', '--job-id', '307', '--raw', '--subdir', 'DAGS_FOLDER/tiki_etl_orchestration.py', '--cfg-path', '/tmp/tmpf6k5tyug']
[2025-03-10T02:10:21.873+0000] {standard_task_runner.py:105} INFO - Job 307: Subtask trigger_load
[2025-03-10T02:10:21.982+0000] {task_command.py:467} INFO - Running <TaskInstance: tiki_etl_orchestration.trigger_load scheduled__2025-03-09T00:00:00+00:00 [running]> on host 72a6d77a3cc5
[2025-03-10T02:10:22.208+0000] {taskinstance.py:3134} INFO - Exporting env vars: AIRFLOW_CTX_DAG_OWNER='***' AIRFLOW_CTX_DAG_ID='tiki_etl_orchestration' AIRFLOW_CTX_TASK_ID='trigger_load' AIRFLOW_CTX_EXECUTION_DATE='2025-03-09T00:00:00+00:00' AIRFLOW_CTX_TRY_NUMBER='1' AIRFLOW_CTX_DAG_RUN_ID='scheduled__2025-03-09T00:00:00+00:00'
[2025-03-10T02:10:22.211+0000] {logging_mixin.py:190} INFO - Task instance is in running state
[2025-03-10T02:10:22.212+0000] {logging_mixin.py:190} INFO -  Previous state of the Task instance: queued
[2025-03-10T02:10:22.213+0000] {logging_mixin.py:190} INFO - Current task name:trigger_load state:running start_date:2025-03-10 02:10:21.547388+00:00
[2025-03-10T02:10:22.214+0000] {logging_mixin.py:190} INFO - Dag name:tiki_etl_orchestration and current dag run status:running
[2025-03-10T02:10:22.215+0000] {taskinstance.py:732} INFO - ::endgroup::
[2025-03-10T02:10:22.387+0000] {trigger_dagrun.py:257} INFO - Waiting for tiki_load_dag on 2025-03-10 02:10:22.216528+00:00 to become allowed state ['success'] ...
[2025-03-10T02:10:32.406+0000] {trigger_dagrun.py:257} INFO - Waiting for tiki_load_dag on 2025-03-10 02:10:22.216528+00:00 to become allowed state ['success'] ...
[2025-03-10T02:10:42.421+0000] {trigger_dagrun.py:257} INFO - Waiting for tiki_load_dag on 2025-03-10 02:10:22.216528+00:00 to become allowed state ['success'] ...
[2025-03-10T02:10:52.432+0000] {trigger_dagrun.py:257} INFO - Waiting for tiki_load_dag on 2025-03-10 02:10:22.216528+00:00 to become allowed state ['success'] ...
[2025-03-10T02:11:02.444+0000] {trigger_dagrun.py:257} INFO - Waiting for tiki_load_dag on 2025-03-10 02:10:22.216528+00:00 to become allowed state ['success'] ...
[2025-03-10T02:11:12.457+0000] {trigger_dagrun.py:257} INFO - Waiting for tiki_load_dag on 2025-03-10 02:10:22.216528+00:00 to become allowed state ['success'] ...
[2025-03-10T02:11:22.467+0000] {trigger_dagrun.py:271} INFO - tiki_load_dag finished with allowed state success
[2025-03-10T02:11:22.487+0000] {taskinstance.py:341} INFO - ::group::Post task execution logs
[2025-03-10T02:11:22.488+0000] {taskinstance.py:353} INFO - Marking task as SUCCESS. dag_id=tiki_etl_orchestration, task_id=trigger_load, run_id=scheduled__2025-03-09T00:00:00+00:00, execution_date=20250309T000000, start_date=20250310T021021, end_date=20250310T021122
[2025-03-10T02:11:22.534+0000] {logging_mixin.py:190} INFO - Task instance in success state
[2025-03-10T02:11:22.536+0000] {logging_mixin.py:190} INFO -  Previous state of the Task instance: running
[2025-03-10T02:11:22.536+0000] {logging_mixin.py:190} INFO - Dag name:tiki_etl_orchestration queued_at:2025-03-10 01:38:03.464508+00:00
[2025-03-10T02:11:22.537+0000] {logging_mixin.py:190} INFO - Task hostname:72a6d77a3cc5 operator:TriggerDagRunOperator
[2025-03-10T02:11:22.563+0000] {local_task_job_runner.py:266} INFO - Task exited with return code 0
[2025-03-10T02:11:22.597+0000] {taskinstance.py:3901} INFO - 0 downstream tasks scheduled from follow-on schedule check
[2025-03-10T02:11:22.600+0000] {local_task_job_runner.py:245} INFO - ::endgroup::
