[2025-03-10T10:10:03.527+0000] {local_task_job_runner.py:123} INFO - ::group::Pre task execution logs
[2025-03-10T10:10:03.597+0000] {taskinstance.py:2614} INFO - Dependencies all met for dep_context=non-requeueable deps ti=<TaskInstance: tiki_extract_dag.crawl_laptop-may-vi-tinh-linh-kien manual__2025-03-10T09:17:11.640176+00:00 [queued]>
[2025-03-10T10:10:03.622+0000] {taskinstance.py:2614} INFO - Dependencies all met for dep_context=requeueable deps ti=<TaskInstance: tiki_extract_dag.crawl_laptop-may-vi-tinh-linh-kien manual__2025-03-10T09:17:11.640176+00:00 [queued]>
[2025-03-10T10:10:03.623+0000] {taskinstance.py:2867} INFO - Starting attempt 1 of 4
[2025-03-10T10:10:03.672+0000] {taskinstance.py:2890} INFO - Executing <Task(PythonOperator): crawl_laptop-may-vi-tinh-linh-kien> on 2025-03-10 09:17:11.640176+00:00
[2025-03-10T10:10:03.721+0000] {warnings.py:112} WARNING - /home/***/.local/lib/python3.12/site-packages/***/task/task_runner/standard_task_runner.py:70: DeprecationWarning: This process (pid=2408) is multi-threaded, use of fork() may lead to deadlocks in the child.
  pid = os.fork()

[2025-03-10T10:10:03.725+0000] {standard_task_runner.py:72} INFO - Started process 2438 to run task
[2025-03-10T10:10:03.724+0000] {standard_task_runner.py:104} INFO - Running: ['***', 'tasks', 'run', 'tiki_extract_dag', 'crawl_laptop-may-vi-tinh-linh-kien', 'manual__2025-03-10T09:17:11.640176+00:00', '--job-id', '400', '--raw', '--subdir', 'DAGS_FOLDER/tiki_extract_dag.py', '--cfg-path', '/tmp/tmpguabq6rz']
[2025-03-10T10:10:03.728+0000] {standard_task_runner.py:105} INFO - Job 400: Subtask crawl_laptop-may-vi-tinh-linh-kien
[2025-03-10T10:10:03.904+0000] {task_command.py:467} INFO - Running <TaskInstance: tiki_extract_dag.crawl_laptop-may-vi-tinh-linh-kien manual__2025-03-10T09:17:11.640176+00:00 [running]> on host c77555d100c4
[2025-03-10T10:10:07.521+0000] {taskinstance.py:3134} INFO - Exporting env vars: AIRFLOW_CTX_DAG_OWNER='***' AIRFLOW_CTX_DAG_ID='tiki_extract_dag' AIRFLOW_CTX_TASK_ID='crawl_laptop-may-vi-tinh-linh-kien' AIRFLOW_CTX_EXECUTION_DATE='2025-03-10T09:17:11.640176+00:00' AIRFLOW_CTX_TRY_NUMBER='1' AIRFLOW_CTX_DAG_RUN_ID='manual__2025-03-10T09:17:11.640176+00:00'
[2025-03-10T10:10:07.525+0000] {logging_mixin.py:190} INFO - Task instance is in running state
[2025-03-10T10:10:07.526+0000] {logging_mixin.py:190} INFO -  Previous state of the Task instance: queued
[2025-03-10T10:10:07.529+0000] {logging_mixin.py:190} INFO - Current task name:crawl_laptop-may-vi-tinh-linh-kien state:running start_date:2025-03-10 10:10:03.598534+00:00
[2025-03-10T10:10:07.529+0000] {logging_mixin.py:190} INFO - Dag name:tiki_extract_dag and current dag run status:running
[2025-03-10T10:10:07.530+0000] {taskinstance.py:732} INFO - ::endgroup::
[2025-03-10T10:10:12.199+0000] {tiki_extract_dag.py:132} INFO - Starting crawl for category laptop-may-vi-tinh-linh-kien (ID: 1846)
[2025-03-10T10:10:12.201+0000] {tiki_extract_dag.py:134} INFO - Calling API: https://tiki.vn/api/v2/products with params: {'page': 1, 'limit': 50, 'category': '1846'}
[2025-03-10T10:10:12.902+0000] {tiki_extract_dag.py:143} INFO - Total pages for laptop-may-vi-tinh-linh-kien: 50 (limited to 50)
[2025-03-10T10:10:39.040+0000] {connectionpool.py:868} WARNING - Retrying (Retry(total=4, connect=5, read=4, redirect=None, status=None)) after connection broken by 'ReadTimeoutError("HTTPSConnectionPool(host='tiki.vn', port=443): Read timed out. (read timeout=15)")': /api/v2/products/192208694
[2025-03-10T10:10:43.054+0000] {job.py:229} INFO - Heartbeat recovered after 27.07 seconds
[2025-03-10T10:11:12.841+0000] {connectionpool.py:868} WARNING - Retrying (Retry(total=4, connect=5, read=4, redirect=None, status=None)) after connection broken by 'ReadTimeoutError("HTTPSConnectionPool(host='tiki.vn', port=443): Read timed out. (read timeout=15)")': /api/v2/products/142459136
[2025-03-10T10:11:17.088+0000] {job.py:229} INFO - Heartbeat recovered after 20.73 seconds
[2025-03-10T10:11:22.507+0000] {tiki_extract_dag.py:119} ERROR - Error fetching details for product 107360880: Expecting value: line 1 column 1 (char 0)
[2025-03-10T10:11:39.625+0000] {tiki_extract_dag.py:119} ERROR - Error fetching details for product 10001369: Expecting value: line 1 column 1 (char 0)
[2025-03-10T10:11:39.772+0000] {tiki_extract_dag.py:119} ERROR - Error fetching details for product 6910261: Expecting value: line 1 column 1 (char 0)
[2025-03-10T10:11:39.926+0000] {tiki_extract_dag.py:119} ERROR - Error fetching details for product 6403893: Expecting value: line 1 column 1 (char 0)
[2025-03-10T10:11:40.082+0000] {tiki_extract_dag.py:119} ERROR - Error fetching details for product 3054369: Expecting value: line 1 column 1 (char 0)
[2025-03-10T10:11:40.233+0000] {tiki_extract_dag.py:119} ERROR - Error fetching details for product 806672: Expecting value: line 1 column 1 (char 0)
[2025-03-10T10:11:40.399+0000] {tiki_extract_dag.py:119} ERROR - Error fetching details for product 754249: Expecting value: line 1 column 1 (char 0)
[2025-03-10T10:11:40.544+0000] {tiki_extract_dag.py:119} ERROR - Error fetching details for product 618526: Expecting value: line 1 column 1 (char 0)
[2025-03-10T10:11:40.708+0000] {tiki_extract_dag.py:119} ERROR - Error fetching details for product 511960: Expecting value: line 1 column 1 (char 0)
[2025-03-10T10:11:40.851+0000] {tiki_extract_dag.py:119} ERROR - Error fetching details for product 465219: Expecting value: line 1 column 1 (char 0)
[2025-03-10T10:11:40.995+0000] {tiki_extract_dag.py:119} ERROR - Error fetching details for product 416990: Expecting value: line 1 column 1 (char 0)
[2025-03-10T10:11:41.139+0000] {tiki_extract_dag.py:119} ERROR - Error fetching details for product 416978: Expecting value: line 1 column 1 (char 0)
[2025-03-10T10:11:41.140+0000] {tiki_extract_dag.py:156} INFO - Calling API: https://tiki.vn/api/v2/products with params: {'page': 2, 'limit': 50, 'category': '1846'}
[2025-03-10T10:11:41.285+0000] {tiki_extract_dag.py:178} ERROR - API error at page 2 in category laptop-may-vi-tinh-linh-kien: Expecting value: line 1 column 1 (char 0)
[2025-03-10T10:11:45.732+0000] {tiki_extract_dag.py:50} INFO - Updated crawled products at tiki-pipeline/tiki_crawled/crawled_products.json
[2025-03-10T10:11:45.733+0000] {tiki_extract_dag.py:192} INFO - Uploaded raw data to tiki-pipeline/raw_data/laptop-may-vi-tinh-linh-kien_20250310_101141.json, total items: 40
[2025-03-10T10:11:46.087+0000] {tiki_extract_dag.py:204} INFO - Saved metadata to tiki-pipeline/metadata/laptop-may-vi-tinh-linh-kien_extract_run_metadata_20250310_101141.json
[2025-03-10T10:11:46.095+0000] {python.py:240} INFO - Done. Returned value was: None
[2025-03-10T10:11:46.291+0000] {taskinstance.py:341} INFO - ::group::Post task execution logs
[2025-03-10T10:11:46.295+0000] {taskinstance.py:353} INFO - Marking task as SUCCESS. dag_id=tiki_extract_dag, task_id=crawl_laptop-may-vi-tinh-linh-kien, run_id=manual__2025-03-10T09:17:11.640176+00:00, execution_date=20250310T091711, start_date=20250310T101003, end_date=20250310T101146
[2025-03-10T10:11:46.435+0000] {logging_mixin.py:190} INFO - Task instance in success state
[2025-03-10T10:11:46.436+0000] {logging_mixin.py:190} INFO -  Previous state of the Task instance: running
[2025-03-10T10:11:46.437+0000] {logging_mixin.py:190} INFO - Dag name:tiki_extract_dag queued_at:2025-03-10 09:17:11.667672+00:00
[2025-03-10T10:11:46.438+0000] {logging_mixin.py:190} INFO - Task hostname:c77555d100c4 operator:PythonOperator
[2025-03-10T10:11:46.527+0000] {local_task_job_runner.py:266} INFO - Task exited with return code 0
[2025-03-10T10:11:46.610+0000] {taskinstance.py:3901} INFO - 0 downstream tasks scheduled from follow-on schedule check
[2025-03-10T10:11:46.615+0000] {local_task_job_runner.py:245} INFO - ::endgroup::
