[2025-03-12T04:29:39.890+0000] {local_task_job_runner.py:123} INFO - ::group::Pre task execution logs
[2025-03-12T04:29:40.105+0000] {taskinstance.py:2614} INFO - Dependencies all met for dep_context=non-requeueable deps ti=<TaskInstance: tiki_etl_orchestration.transform_data manual__2025-03-12T04:21:15.342886+00:00 [queued]>
[2025-03-12T04:29:40.121+0000] {taskinstance.py:2614} INFO - Dependencies all met for dep_context=requeueable deps ti=<TaskInstance: tiki_etl_orchestration.transform_data manual__2025-03-12T04:21:15.342886+00:00 [queued]>
[2025-03-12T04:29:40.122+0000] {taskinstance.py:2867} INFO - Starting attempt 1 of 4
[2025-03-12T04:29:40.143+0000] {taskinstance.py:2890} INFO - Executing <Task(TriggerDagRunOperator): transform_data> on 2025-03-12 04:21:15.342886+00:00
[2025-03-12T04:29:40.161+0000] {warnings.py:112} WARNING - /home/***/.local/lib/python3.12/site-packages/***/task/task_runner/standard_task_runner.py:70: DeprecationWarning: This process (pid=3989) is multi-threaded, use of fork() may lead to deadlocks in the child.
  pid = os.fork()

[2025-03-12T04:29:40.164+0000] {standard_task_runner.py:104} INFO - Running: ['***', 'tasks', 'run', 'tiki_etl_orchestration', 'transform_data', 'manual__2025-03-12T04:21:15.342886+00:00', '--job-id', '658', '--raw', '--subdir', 'DAGS_FOLDER/tiki_etl_orchestration.py', '--cfg-path', '/tmp/tmpjab7q56u']
[2025-03-12T04:29:40.168+0000] {standard_task_runner.py:72} INFO - Started process 3991 to run task
[2025-03-12T04:29:40.168+0000] {standard_task_runner.py:105} INFO - Job 658: Subtask transform_data
[2025-03-12T04:29:40.344+0000] {task_command.py:467} INFO - Running <TaskInstance: tiki_etl_orchestration.transform_data manual__2025-03-12T04:21:15.342886+00:00 [running]> on host 5c8190d7da62
[2025-03-12T04:29:40.505+0000] {taskinstance.py:3134} INFO - Exporting env vars: AIRFLOW_CTX_DAG_OWNER='***' AIRFLOW_CTX_DAG_ID='tiki_etl_orchestration' AIRFLOW_CTX_TASK_ID='transform_data' AIRFLOW_CTX_EXECUTION_DATE='2025-03-12T04:21:15.342886+00:00' AIRFLOW_CTX_TRY_NUMBER='1' AIRFLOW_CTX_DAG_RUN_ID='manual__2025-03-12T04:21:15.342886+00:00'
[2025-03-12T04:29:40.510+0000] {logging_mixin.py:190} INFO - Task instance is in running state
[2025-03-12T04:29:40.510+0000] {logging_mixin.py:190} INFO -  Previous state of the Task instance: queued
[2025-03-12T04:29:40.511+0000] {logging_mixin.py:190} INFO - Current task name:transform_data state:running start_date:2025-03-12 04:29:40.106542+00:00
[2025-03-12T04:29:40.512+0000] {logging_mixin.py:190} INFO - Dag name:tiki_etl_orchestration and current dag run status:running
[2025-03-12T04:29:40.513+0000] {taskinstance.py:732} INFO - ::endgroup::
[2025-03-12T04:29:40.606+0000] {trigger_dagrun.py:257} INFO - Waiting for tiki_transform_dag on 2025-03-12 04:29:40.513701+00:00 to become allowed state ['success'] ...
[2025-03-12T04:30:40.613+0000] {trigger_dagrun.py:271} INFO - tiki_transform_dag finished with allowed state success
[2025-03-12T04:30:40.624+0000] {taskinstance.py:341} INFO - ::group::Post task execution logs
[2025-03-12T04:30:40.625+0000] {taskinstance.py:353} INFO - Marking task as SUCCESS. dag_id=tiki_etl_orchestration, task_id=transform_data, run_id=manual__2025-03-12T04:21:15.342886+00:00, execution_date=20250312T042115, start_date=20250312T042940, end_date=20250312T043040
[2025-03-12T04:30:40.651+0000] {logging_mixin.py:190} INFO - Task instance in success state
[2025-03-12T04:30:40.651+0000] {logging_mixin.py:190} INFO -  Previous state of the Task instance: running
[2025-03-12T04:30:40.651+0000] {logging_mixin.py:190} INFO - Dag name:tiki_etl_orchestration queued_at:2025-03-12 04:21:18.636368+00:00
[2025-03-12T04:30:40.652+0000] {logging_mixin.py:190} INFO - Task hostname:5c8190d7da62 operator:TriggerDagRunOperator
[2025-03-12T04:30:40.682+0000] {local_task_job_runner.py:266} INFO - Task exited with return code 0
[2025-03-12T04:30:40.707+0000] {taskinstance.py:3901} INFO - 1 downstream tasks scheduled from follow-on schedule check
[2025-03-12T04:30:40.711+0000] {local_task_job_runner.py:245} INFO - ::endgroup::
