[2025-03-12T07:41:00.167+0000] {local_task_job_runner.py:123} INFO - ::group::Pre task execution logs
[2025-03-12T07:41:00.212+0000] {taskinstance.py:2614} INFO - Dependencies all met for dep_context=non-requeueable deps ti=<TaskInstance: tiki_extract_dag.extract_dien-thoai-may-tinh-bang manual__2025-03-12T07:40:49.551946+00:00 [queued]>
[2025-03-12T07:41:00.239+0000] {taskinstance.py:2614} INFO - Dependencies all met for dep_context=requeueable deps ti=<TaskInstance: tiki_extract_dag.extract_dien-thoai-may-tinh-bang manual__2025-03-12T07:40:49.551946+00:00 [queued]>
[2025-03-12T07:41:00.242+0000] {taskinstance.py:2867} INFO - Starting attempt 1 of 4
[2025-03-12T07:41:00.289+0000] {taskinstance.py:2890} INFO - Executing <Task(PythonOperator): extract_dien-thoai-may-tinh-bang> on 2025-03-12 07:40:49.551946+00:00
[2025-03-12T07:41:00.324+0000] {warnings.py:112} WARNING - /home/***/.local/lib/python3.12/site-packages/***/task/task_runner/standard_task_runner.py:70: DeprecationWarning: This process (pid=455) is multi-threaded, use of fork() may lead to deadlocks in the child.
  pid = os.fork()

[2025-03-12T07:41:00.330+0000] {standard_task_runner.py:72} INFO - Started process 482 to run task
[2025-03-12T07:41:00.338+0000] {standard_task_runner.py:104} INFO - Running: ['***', 'tasks', 'run', 'tiki_extract_dag', 'extract_dien-thoai-may-tinh-bang', 'manual__2025-03-12T07:40:49.551946+00:00', '--job-id', '688', '--raw', '--subdir', 'DAGS_FOLDER/tiki_extract_dag.py', '--cfg-path', '/tmp/tmpqif47mkk']
[2025-03-12T07:41:00.341+0000] {standard_task_runner.py:105} INFO - Job 688: Subtask extract_dien-thoai-may-tinh-bang
[2025-03-12T07:41:00.575+0000] {task_command.py:467} INFO - Running <TaskInstance: tiki_extract_dag.extract_dien-thoai-may-tinh-bang manual__2025-03-12T07:40:49.551946+00:00 [running]> on host 3905098656d4
[2025-03-12T07:41:04.444+0000] {taskinstance.py:3134} INFO - Exporting env vars: AIRFLOW_CTX_DAG_OWNER='***' AIRFLOW_CTX_DAG_ID='tiki_extract_dag' AIRFLOW_CTX_TASK_ID='extract_dien-thoai-may-tinh-bang' AIRFLOW_CTX_EXECUTION_DATE='2025-03-12T07:40:49.551946+00:00' AIRFLOW_CTX_TRY_NUMBER='1' AIRFLOW_CTX_DAG_RUN_ID='manual__2025-03-12T07:40:49.551946+00:00'
[2025-03-12T07:41:04.458+0000] {logging_mixin.py:190} INFO - Task instance is in running state
[2025-03-12T07:41:04.463+0000] {logging_mixin.py:190} INFO -  Previous state of the Task instance: queued
[2025-03-12T07:41:04.466+0000] {logging_mixin.py:190} INFO - Current task name:extract_dien-thoai-may-tinh-bang state:running start_date:2025-03-12 07:41:00.213737+00:00
[2025-03-12T07:41:04.468+0000] {logging_mixin.py:190} INFO - Dag name:tiki_extract_dag and current dag run status:running
[2025-03-12T07:41:04.474+0000] {taskinstance.py:732} INFO - ::endgroup::
[2025-03-12T07:41:05.334+0000] {tiki_extract_dag.py:122} INFO - Starting crawl for category dien-thoai-may-tinh-bang
[2025-03-12T07:41:05.822+0000] {tiki_extract_dag.py:129} INFO - Total pages for dien-thoai-may-tinh-bang: 10
[2025-03-12T07:41:07.130+0000] {tiki_extract_dag.py:155} INFO - Extracted page 2/10 - dien-thoai-may-tinh-bang, total items: 80
[2025-03-12T07:41:46.234+0000] {job.py:229} INFO - Heartbeat recovered after 35.77 seconds
[2025-03-12T07:41:48.109+0000] {tiki_extract_dag.py:155} INFO - Extracted page 3/10 - dien-thoai-may-tinh-bang, total items: 120
[2025-03-12T07:41:58.260+0000] {tiki_extract_dag.py:155} INFO - Extracted page 4/10 - dien-thoai-may-tinh-bang, total items: 160
[2025-03-12T07:42:07.359+0000] {tiki_extract_dag.py:155} INFO - Extracted page 5/10 - dien-thoai-may-tinh-bang, total items: 200
[2025-03-12T07:42:15.810+0000] {tiki_extract_dag.py:155} INFO - Extracted page 6/10 - dien-thoai-may-tinh-bang, total items: 240
[2025-03-12T07:42:22.214+0000] {tiki_extract_dag.py:155} INFO - Extracted page 7/10 - dien-thoai-may-tinh-bang, total items: 280
[2025-03-12T07:42:31.911+0000] {tiki_extract_dag.py:155} INFO - Extracted page 8/10 - dien-thoai-may-tinh-bang, total items: 320
[2025-03-12T07:42:40.509+0000] {tiki_extract_dag.py:155} INFO - Extracted page 9/10 - dien-thoai-may-tinh-bang, total items: 360
[2025-03-12T07:42:46.250+0000] {tiki_extract_dag.py:155} INFO - Extracted page 10/10 - dien-thoai-may-tinh-bang, total items: 361
[2025-03-12T07:42:57.341+0000] {tiki_extract_dag.py:56} INFO - Updated crawled products at tiki-pipeline/tiki_crawled/crawled_products.json
[2025-03-12T07:42:57.342+0000] {tiki_extract_dag.py:172} INFO - Uploaded raw data to tiki-pipeline/tiki_raw_data/raw_dien-thoai-may-tinh-bang_20250312_074251.json, total items: 361
[2025-03-12T07:42:57.677+0000] {tiki_extract_dag.py:183} INFO - Saved metadata to tiki-pipeline/metadata/extract_run_metadata_dien-thoai-may-tinh-bang_20250312_074251.json
[2025-03-12T07:42:57.678+0000] {python.py:240} INFO - Done. Returned value was: None
[2025-03-12T07:42:57.693+0000] {taskinstance.py:341} INFO - ::group::Post task execution logs
[2025-03-12T07:42:57.694+0000] {taskinstance.py:353} INFO - Marking task as SUCCESS. dag_id=tiki_extract_dag, task_id=extract_dien-thoai-may-tinh-bang, run_id=manual__2025-03-12T07:40:49.551946+00:00, execution_date=20250312T074049, start_date=20250312T074100, end_date=20250312T074257
[2025-03-12T07:42:57.726+0000] {logging_mixin.py:190} INFO - Task instance in success state
[2025-03-12T07:42:57.727+0000] {logging_mixin.py:190} INFO -  Previous state of the Task instance: running
[2025-03-12T07:42:57.727+0000] {logging_mixin.py:190} INFO - Dag name:tiki_extract_dag queued_at:2025-03-12 07:40:49.590021+00:00
[2025-03-12T07:42:57.728+0000] {logging_mixin.py:190} INFO - Task hostname:3905098656d4 operator:PythonOperator
[2025-03-12T07:42:57.791+0000] {local_task_job_runner.py:266} INFO - Task exited with return code 0
[2025-03-12T07:42:57.812+0000] {taskinstance.py:3901} INFO - 0 downstream tasks scheduled from follow-on schedule check
[2025-03-12T07:42:57.815+0000] {local_task_job_runner.py:245} INFO - ::endgroup::
