[2025-03-09T18:58:23.074+0000] {local_task_job_runner.py:123} INFO - ::group::Pre task execution logs
[2025-03-09T18:58:23.106+0000] {taskinstance.py:2614} INFO - Dependencies all met for dep_context=non-requeueable deps ti=<TaskInstance: tiki_etl_orchestration.trigger_extract manual__2025-03-09T18:58:17.554629+00:00 [queued]>
[2025-03-09T18:58:23.120+0000] {taskinstance.py:2614} INFO - Dependencies all met for dep_context=requeueable deps ti=<TaskInstance: tiki_etl_orchestration.trigger_extract manual__2025-03-09T18:58:17.554629+00:00 [queued]>
[2025-03-09T18:58:23.121+0000] {taskinstance.py:2867} INFO - Starting attempt 1 of 1
[2025-03-09T18:58:23.359+0000] {taskinstance.py:2890} INFO - Executing <Task(TriggerDagRunOperator): trigger_extract> on 2025-03-09 18:58:17.554629+00:00
[2025-03-09T18:58:23.372+0000] {warnings.py:112} WARNING - /home/***/.local/lib/python3.12/site-packages/***/task/task_runner/standard_task_runner.py:70: DeprecationWarning: This process (pid=267) is multi-threaded, use of fork() may lead to deadlocks in the child.
  pid = os.fork()

[2025-03-09T18:58:23.375+0000] {standard_task_runner.py:72} INFO - Started process 269 to run task
[2025-03-09T18:58:23.375+0000] {standard_task_runner.py:104} INFO - Running: ['***', 'tasks', 'run', 'tiki_etl_orchestration', 'trigger_extract', 'manual__2025-03-09T18:58:17.554629+00:00', '--job-id', '289', '--raw', '--subdir', 'DAGS_FOLDER/tiki_etl_orchestration.py', '--cfg-path', '/tmp/tmpjfn67m1_']
[2025-03-09T18:58:23.377+0000] {standard_task_runner.py:105} INFO - Job 289: Subtask trigger_extract
[2025-03-09T18:58:23.451+0000] {task_command.py:467} INFO - Running <TaskInstance: tiki_etl_orchestration.trigger_extract manual__2025-03-09T18:58:17.554629+00:00 [running]> on host 72a6d77a3cc5
[2025-03-09T18:58:23.589+0000] {taskinstance.py:3134} INFO - Exporting env vars: AIRFLOW_CTX_DAG_OWNER='***' AIRFLOW_CTX_DAG_ID='tiki_etl_orchestration' AIRFLOW_CTX_TASK_ID='trigger_extract' AIRFLOW_CTX_EXECUTION_DATE='2025-03-09T18:58:17.554629+00:00' AIRFLOW_CTX_TRY_NUMBER='1' AIRFLOW_CTX_DAG_RUN_ID='manual__2025-03-09T18:58:17.554629+00:00'
[2025-03-09T18:58:23.591+0000] {logging_mixin.py:190} INFO - Task instance is in running state
[2025-03-09T18:58:23.592+0000] {logging_mixin.py:190} INFO -  Previous state of the Task instance: queued
[2025-03-09T18:58:23.593+0000] {logging_mixin.py:190} INFO - Current task name:trigger_extract state:running start_date:2025-03-09 18:58:23.107703+00:00
[2025-03-09T18:58:23.593+0000] {logging_mixin.py:190} INFO - Dag name:tiki_etl_orchestration and current dag run status:running
[2025-03-09T18:58:23.594+0000] {taskinstance.py:732} INFO - ::endgroup::
[2025-03-09T18:58:23.710+0000] {trigger_dagrun.py:257} INFO - Waiting for tiki_extract_dag on 2025-03-09 18:58:23.595247+00:00 to become allowed state ['success'] ...
[2025-03-09T18:58:33.725+0000] {trigger_dagrun.py:257} INFO - Waiting for tiki_extract_dag on 2025-03-09 18:58:23.595247+00:00 to become allowed state ['success'] ...
[2025-03-09T18:58:43.735+0000] {trigger_dagrun.py:257} INFO - Waiting for tiki_extract_dag on 2025-03-09 18:58:23.595247+00:00 to become allowed state ['success'] ...
[2025-03-09T18:58:53.748+0000] {trigger_dagrun.py:257} INFO - Waiting for tiki_extract_dag on 2025-03-09 18:58:23.595247+00:00 to become allowed state ['success'] ...
[2025-03-09T18:59:03.767+0000] {trigger_dagrun.py:257} INFO - Waiting for tiki_extract_dag on 2025-03-09 18:58:23.595247+00:00 to become allowed state ['success'] ...
[2025-03-09T18:59:13.777+0000] {trigger_dagrun.py:257} INFO - Waiting for tiki_extract_dag on 2025-03-09 18:58:23.595247+00:00 to become allowed state ['success'] ...
[2025-03-09T18:59:23.789+0000] {trigger_dagrun.py:257} INFO - Waiting for tiki_extract_dag on 2025-03-09 18:58:23.595247+00:00 to become allowed state ['success'] ...
[2025-03-09T18:59:33.800+0000] {trigger_dagrun.py:257} INFO - Waiting for tiki_extract_dag on 2025-03-09 18:58:23.595247+00:00 to become allowed state ['success'] ...
[2025-03-09T18:59:43.811+0000] {trigger_dagrun.py:257} INFO - Waiting for tiki_extract_dag on 2025-03-09 18:58:23.595247+00:00 to become allowed state ['success'] ...
[2025-03-09T18:59:53.823+0000] {trigger_dagrun.py:257} INFO - Waiting for tiki_extract_dag on 2025-03-09 18:58:23.595247+00:00 to become allowed state ['success'] ...
[2025-03-09T19:00:03.835+0000] {trigger_dagrun.py:257} INFO - Waiting for tiki_extract_dag on 2025-03-09 18:58:23.595247+00:00 to become allowed state ['success'] ...
[2025-03-09T19:00:13.845+0000] {trigger_dagrun.py:257} INFO - Waiting for tiki_extract_dag on 2025-03-09 18:58:23.595247+00:00 to become allowed state ['success'] ...
[2025-03-09T19:00:23.856+0000] {trigger_dagrun.py:257} INFO - Waiting for tiki_extract_dag on 2025-03-09 18:58:23.595247+00:00 to become allowed state ['success'] ...
[2025-03-09T19:00:33.870+0000] {trigger_dagrun.py:257} INFO - Waiting for tiki_extract_dag on 2025-03-09 18:58:23.595247+00:00 to become allowed state ['success'] ...
[2025-03-09T19:00:43.880+0000] {trigger_dagrun.py:257} INFO - Waiting for tiki_extract_dag on 2025-03-09 18:58:23.595247+00:00 to become allowed state ['success'] ...
[2025-03-09T19:00:53.891+0000] {trigger_dagrun.py:257} INFO - Waiting for tiki_extract_dag on 2025-03-09 18:58:23.595247+00:00 to become allowed state ['success'] ...
[2025-03-09T19:01:03.903+0000] {trigger_dagrun.py:257} INFO - Waiting for tiki_extract_dag on 2025-03-09 18:58:23.595247+00:00 to become allowed state ['success'] ...
[2025-03-09T19:01:13.913+0000] {trigger_dagrun.py:257} INFO - Waiting for tiki_extract_dag on 2025-03-09 18:58:23.595247+00:00 to become allowed state ['success'] ...
[2025-03-09T19:01:23.925+0000] {trigger_dagrun.py:257} INFO - Waiting for tiki_extract_dag on 2025-03-09 18:58:23.595247+00:00 to become allowed state ['success'] ...
[2025-03-09T19:01:33.938+0000] {trigger_dagrun.py:257} INFO - Waiting for tiki_extract_dag on 2025-03-09 18:58:23.595247+00:00 to become allowed state ['success'] ...
[2025-03-09T19:01:43.947+0000] {trigger_dagrun.py:257} INFO - Waiting for tiki_extract_dag on 2025-03-09 18:58:23.595247+00:00 to become allowed state ['success'] ...
[2025-03-09T19:01:53.959+0000] {trigger_dagrun.py:257} INFO - Waiting for tiki_extract_dag on 2025-03-09 18:58:23.595247+00:00 to become allowed state ['success'] ...
[2025-03-09T19:02:03.971+0000] {trigger_dagrun.py:257} INFO - Waiting for tiki_extract_dag on 2025-03-09 18:58:23.595247+00:00 to become allowed state ['success'] ...
[2025-03-09T19:02:13.981+0000] {trigger_dagrun.py:257} INFO - Waiting for tiki_extract_dag on 2025-03-09 18:58:23.595247+00:00 to become allowed state ['success'] ...
[2025-03-09T19:02:23.993+0000] {trigger_dagrun.py:257} INFO - Waiting for tiki_extract_dag on 2025-03-09 18:58:23.595247+00:00 to become allowed state ['success'] ...
[2025-03-09T19:02:34.008+0000] {trigger_dagrun.py:257} INFO - Waiting for tiki_extract_dag on 2025-03-09 18:58:23.595247+00:00 to become allowed state ['success'] ...
[2025-03-09T19:02:44.020+0000] {trigger_dagrun.py:257} INFO - Waiting for tiki_extract_dag on 2025-03-09 18:58:23.595247+00:00 to become allowed state ['success'] ...
[2025-03-09T19:02:54.033+0000] {trigger_dagrun.py:257} INFO - Waiting for tiki_extract_dag on 2025-03-09 18:58:23.595247+00:00 to become allowed state ['success'] ...
[2025-03-09T19:03:04.046+0000] {trigger_dagrun.py:257} INFO - Waiting for tiki_extract_dag on 2025-03-09 18:58:23.595247+00:00 to become allowed state ['success'] ...
[2025-03-09T19:03:14.058+0000] {trigger_dagrun.py:257} INFO - Waiting for tiki_extract_dag on 2025-03-09 18:58:23.595247+00:00 to become allowed state ['success'] ...
[2025-03-09T19:03:24.071+0000] {trigger_dagrun.py:257} INFO - Waiting for tiki_extract_dag on 2025-03-09 18:58:23.595247+00:00 to become allowed state ['success'] ...
[2025-03-09T19:03:34.083+0000] {trigger_dagrun.py:257} INFO - Waiting for tiki_extract_dag on 2025-03-09 18:58:23.595247+00:00 to become allowed state ['success'] ...
[2025-03-09T19:03:44.094+0000] {trigger_dagrun.py:257} INFO - Waiting for tiki_extract_dag on 2025-03-09 18:58:23.595247+00:00 to become allowed state ['success'] ...
[2025-03-09T19:03:54.109+0000] {trigger_dagrun.py:257} INFO - Waiting for tiki_extract_dag on 2025-03-09 18:58:23.595247+00:00 to become allowed state ['success'] ...
[2025-03-09T19:04:04.121+0000] {trigger_dagrun.py:257} INFO - Waiting for tiki_extract_dag on 2025-03-09 18:58:23.595247+00:00 to become allowed state ['success'] ...
[2025-03-09T19:04:14.130+0000] {trigger_dagrun.py:257} INFO - Waiting for tiki_extract_dag on 2025-03-09 18:58:23.595247+00:00 to become allowed state ['success'] ...
[2025-03-09T19:04:24.142+0000] {trigger_dagrun.py:257} INFO - Waiting for tiki_extract_dag on 2025-03-09 18:58:23.595247+00:00 to become allowed state ['success'] ...
[2025-03-09T19:04:34.160+0000] {trigger_dagrun.py:257} INFO - Waiting for tiki_extract_dag on 2025-03-09 18:58:23.595247+00:00 to become allowed state ['success'] ...
[2025-03-09T19:04:44.176+0000] {trigger_dagrun.py:257} INFO - Waiting for tiki_extract_dag on 2025-03-09 18:58:23.595247+00:00 to become allowed state ['success'] ...
[2025-03-09T19:04:54.187+0000] {trigger_dagrun.py:257} INFO - Waiting for tiki_extract_dag on 2025-03-09 18:58:23.595247+00:00 to become allowed state ['success'] ...
[2025-03-09T19:05:04.203+0000] {trigger_dagrun.py:257} INFO - Waiting for tiki_extract_dag on 2025-03-09 18:58:23.595247+00:00 to become allowed state ['success'] ...
[2025-03-09T19:05:14.213+0000] {trigger_dagrun.py:257} INFO - Waiting for tiki_extract_dag on 2025-03-09 18:58:23.595247+00:00 to become allowed state ['success'] ...
[2025-03-09T19:05:24.225+0000] {trigger_dagrun.py:257} INFO - Waiting for tiki_extract_dag on 2025-03-09 18:58:23.595247+00:00 to become allowed state ['success'] ...
[2025-03-09T19:05:34.239+0000] {trigger_dagrun.py:257} INFO - Waiting for tiki_extract_dag on 2025-03-09 18:58:23.595247+00:00 to become allowed state ['success'] ...
[2025-03-09T19:05:44.249+0000] {trigger_dagrun.py:257} INFO - Waiting for tiki_extract_dag on 2025-03-09 18:58:23.595247+00:00 to become allowed state ['success'] ...
[2025-03-09T19:05:54.262+0000] {trigger_dagrun.py:257} INFO - Waiting for tiki_extract_dag on 2025-03-09 18:58:23.595247+00:00 to become allowed state ['success'] ...
[2025-03-09T19:06:04.274+0000] {trigger_dagrun.py:257} INFO - Waiting for tiki_extract_dag on 2025-03-09 18:58:23.595247+00:00 to become allowed state ['success'] ...
[2025-03-09T19:06:14.284+0000] {trigger_dagrun.py:257} INFO - Waiting for tiki_extract_dag on 2025-03-09 18:58:23.595247+00:00 to become allowed state ['success'] ...
[2025-03-09T19:06:24.299+0000] {trigger_dagrun.py:257} INFO - Waiting for tiki_extract_dag on 2025-03-09 18:58:23.595247+00:00 to become allowed state ['success'] ...
[2025-03-09T19:06:34.311+0000] {trigger_dagrun.py:257} INFO - Waiting for tiki_extract_dag on 2025-03-09 18:58:23.595247+00:00 to become allowed state ['success'] ...
[2025-03-09T19:06:44.322+0000] {trigger_dagrun.py:257} INFO - Waiting for tiki_extract_dag on 2025-03-09 18:58:23.595247+00:00 to become allowed state ['success'] ...
[2025-03-09T19:06:54.334+0000] {trigger_dagrun.py:257} INFO - Waiting for tiki_extract_dag on 2025-03-09 18:58:23.595247+00:00 to become allowed state ['success'] ...
[2025-03-09T19:07:04.347+0000] {trigger_dagrun.py:257} INFO - Waiting for tiki_extract_dag on 2025-03-09 18:58:23.595247+00:00 to become allowed state ['success'] ...
[2025-03-09T19:07:14.357+0000] {trigger_dagrun.py:257} INFO - Waiting for tiki_extract_dag on 2025-03-09 18:58:23.595247+00:00 to become allowed state ['success'] ...
[2025-03-09T19:07:24.370+0000] {trigger_dagrun.py:257} INFO - Waiting for tiki_extract_dag on 2025-03-09 18:58:23.595247+00:00 to become allowed state ['success'] ...
[2025-03-09T19:07:34.384+0000] {trigger_dagrun.py:257} INFO - Waiting for tiki_extract_dag on 2025-03-09 18:58:23.595247+00:00 to become allowed state ['success'] ...
[2025-03-09T19:07:44.394+0000] {trigger_dagrun.py:257} INFO - Waiting for tiki_extract_dag on 2025-03-09 18:58:23.595247+00:00 to become allowed state ['success'] ...
[2025-03-09T19:07:54.406+0000] {trigger_dagrun.py:257} INFO - Waiting for tiki_extract_dag on 2025-03-09 18:58:23.595247+00:00 to become allowed state ['success'] ...
[2025-03-09T19:08:04.418+0000] {trigger_dagrun.py:257} INFO - Waiting for tiki_extract_dag on 2025-03-09 18:58:23.595247+00:00 to become allowed state ['success'] ...
[2025-03-09T19:08:14.430+0000] {trigger_dagrun.py:257} INFO - Waiting for tiki_extract_dag on 2025-03-09 18:58:23.595247+00:00 to become allowed state ['success'] ...
[2025-03-09T19:08:24.442+0000] {trigger_dagrun.py:257} INFO - Waiting for tiki_extract_dag on 2025-03-09 18:58:23.595247+00:00 to become allowed state ['success'] ...
[2025-03-09T19:08:34.456+0000] {trigger_dagrun.py:257} INFO - Waiting for tiki_extract_dag on 2025-03-09 18:58:23.595247+00:00 to become allowed state ['success'] ...
[2025-03-09T19:08:44.466+0000] {trigger_dagrun.py:257} INFO - Waiting for tiki_extract_dag on 2025-03-09 18:58:23.595247+00:00 to become allowed state ['success'] ...
[2025-03-09T19:08:54.480+0000] {trigger_dagrun.py:257} INFO - Waiting for tiki_extract_dag on 2025-03-09 18:58:23.595247+00:00 to become allowed state ['success'] ...
[2025-03-09T19:09:04.491+0000] {trigger_dagrun.py:257} INFO - Waiting for tiki_extract_dag on 2025-03-09 18:58:23.595247+00:00 to become allowed state ['success'] ...
[2025-03-09T19:09:14.501+0000] {trigger_dagrun.py:257} INFO - Waiting for tiki_extract_dag on 2025-03-09 18:58:23.595247+00:00 to become allowed state ['success'] ...
[2025-03-09T19:09:24.512+0000] {trigger_dagrun.py:257} INFO - Waiting for tiki_extract_dag on 2025-03-09 18:58:23.595247+00:00 to become allowed state ['success'] ...
[2025-03-09T19:09:34.525+0000] {trigger_dagrun.py:257} INFO - Waiting for tiki_extract_dag on 2025-03-09 18:58:23.595247+00:00 to become allowed state ['success'] ...
[2025-03-09T19:09:44.535+0000] {trigger_dagrun.py:257} INFO - Waiting for tiki_extract_dag on 2025-03-09 18:58:23.595247+00:00 to become allowed state ['success'] ...
[2025-03-09T19:09:54.551+0000] {trigger_dagrun.py:257} INFO - Waiting for tiki_extract_dag on 2025-03-09 18:58:23.595247+00:00 to become allowed state ['success'] ...
[2025-03-09T19:10:04.563+0000] {trigger_dagrun.py:257} INFO - Waiting for tiki_extract_dag on 2025-03-09 18:58:23.595247+00:00 to become allowed state ['success'] ...
[2025-03-09T19:10:14.584+0000] {trigger_dagrun.py:257} INFO - Waiting for tiki_extract_dag on 2025-03-09 18:58:23.595247+00:00 to become allowed state ['success'] ...
[2025-03-09T19:10:24.605+0000] {trigger_dagrun.py:257} INFO - Waiting for tiki_extract_dag on 2025-03-09 18:58:23.595247+00:00 to become allowed state ['success'] ...
[2025-03-09T19:10:34.622+0000] {trigger_dagrun.py:257} INFO - Waiting for tiki_extract_dag on 2025-03-09 18:58:23.595247+00:00 to become allowed state ['success'] ...
[2025-03-09T19:10:44.634+0000] {trigger_dagrun.py:257} INFO - Waiting for tiki_extract_dag on 2025-03-09 18:58:23.595247+00:00 to become allowed state ['success'] ...
[2025-03-09T19:10:54.649+0000] {trigger_dagrun.py:257} INFO - Waiting for tiki_extract_dag on 2025-03-09 18:58:23.595247+00:00 to become allowed state ['success'] ...
[2025-03-09T19:11:04.663+0000] {trigger_dagrun.py:257} INFO - Waiting for tiki_extract_dag on 2025-03-09 18:58:23.595247+00:00 to become allowed state ['success'] ...
[2025-03-09T19:11:14.673+0000] {trigger_dagrun.py:257} INFO - Waiting for tiki_extract_dag on 2025-03-09 18:58:23.595247+00:00 to become allowed state ['success'] ...
[2025-03-09T19:11:24.689+0000] {trigger_dagrun.py:257} INFO - Waiting for tiki_extract_dag on 2025-03-09 18:58:23.595247+00:00 to become allowed state ['success'] ...
[2025-03-09T19:11:34.700+0000] {trigger_dagrun.py:257} INFO - Waiting for tiki_extract_dag on 2025-03-09 18:58:23.595247+00:00 to become allowed state ['success'] ...
[2025-03-09T19:11:44.716+0000] {trigger_dagrun.py:257} INFO - Waiting for tiki_extract_dag on 2025-03-09 18:58:23.595247+00:00 to become allowed state ['success'] ...
[2025-03-09T19:11:54.730+0000] {trigger_dagrun.py:257} INFO - Waiting for tiki_extract_dag on 2025-03-09 18:58:23.595247+00:00 to become allowed state ['success'] ...
[2025-03-09T19:12:04.743+0000] {trigger_dagrun.py:257} INFO - Waiting for tiki_extract_dag on 2025-03-09 18:58:23.595247+00:00 to become allowed state ['success'] ...
[2025-03-09T19:12:14.760+0000] {trigger_dagrun.py:257} INFO - Waiting for tiki_extract_dag on 2025-03-09 18:58:23.595247+00:00 to become allowed state ['success'] ...
[2025-03-09T19:12:24.777+0000] {trigger_dagrun.py:257} INFO - Waiting for tiki_extract_dag on 2025-03-09 18:58:23.595247+00:00 to become allowed state ['success'] ...
[2025-03-09T19:12:34.791+0000] {trigger_dagrun.py:257} INFO - Waiting for tiki_extract_dag on 2025-03-09 18:58:23.595247+00:00 to become allowed state ['success'] ...
[2025-03-09T19:12:44.804+0000] {trigger_dagrun.py:257} INFO - Waiting for tiki_extract_dag on 2025-03-09 18:58:23.595247+00:00 to become allowed state ['success'] ...
[2025-03-09T19:12:54.816+0000] {trigger_dagrun.py:257} INFO - Waiting for tiki_extract_dag on 2025-03-09 18:58:23.595247+00:00 to become allowed state ['success'] ...
[2025-03-09T19:13:04.828+0000] {trigger_dagrun.py:257} INFO - Waiting for tiki_extract_dag on 2025-03-09 18:58:23.595247+00:00 to become allowed state ['success'] ...
[2025-03-09T19:13:14.838+0000] {trigger_dagrun.py:257} INFO - Waiting for tiki_extract_dag on 2025-03-09 18:58:23.595247+00:00 to become allowed state ['success'] ...
[2025-03-09T19:13:24.850+0000] {trigger_dagrun.py:257} INFO - Waiting for tiki_extract_dag on 2025-03-09 18:58:23.595247+00:00 to become allowed state ['success'] ...
[2025-03-09T19:13:34.862+0000] {trigger_dagrun.py:257} INFO - Waiting for tiki_extract_dag on 2025-03-09 18:58:23.595247+00:00 to become allowed state ['success'] ...
[2025-03-09T19:13:44.874+0000] {trigger_dagrun.py:257} INFO - Waiting for tiki_extract_dag on 2025-03-09 18:58:23.595247+00:00 to become allowed state ['success'] ...
[2025-03-09T19:13:54.886+0000] {trigger_dagrun.py:257} INFO - Waiting for tiki_extract_dag on 2025-03-09 18:58:23.595247+00:00 to become allowed state ['success'] ...
[2025-03-09T19:14:04.898+0000] {trigger_dagrun.py:257} INFO - Waiting for tiki_extract_dag on 2025-03-09 18:58:23.595247+00:00 to become allowed state ['success'] ...
[2025-03-09T19:14:14.910+0000] {trigger_dagrun.py:257} INFO - Waiting for tiki_extract_dag on 2025-03-09 18:58:23.595247+00:00 to become allowed state ['success'] ...
[2025-03-09T19:14:24.922+0000] {trigger_dagrun.py:257} INFO - Waiting for tiki_extract_dag on 2025-03-09 18:58:23.595247+00:00 to become allowed state ['success'] ...
[2025-03-09T19:14:34.935+0000] {trigger_dagrun.py:257} INFO - Waiting for tiki_extract_dag on 2025-03-09 18:58:23.595247+00:00 to become allowed state ['success'] ...
[2025-03-09T19:14:44.945+0000] {trigger_dagrun.py:257} INFO - Waiting for tiki_extract_dag on 2025-03-09 18:58:23.595247+00:00 to become allowed state ['success'] ...
[2025-03-09T19:14:54.956+0000] {trigger_dagrun.py:257} INFO - Waiting for tiki_extract_dag on 2025-03-09 18:58:23.595247+00:00 to become allowed state ['success'] ...
[2025-03-09T19:15:04.969+0000] {trigger_dagrun.py:257} INFO - Waiting for tiki_extract_dag on 2025-03-09 18:58:23.595247+00:00 to become allowed state ['success'] ...
[2025-03-09T19:15:14.979+0000] {trigger_dagrun.py:257} INFO - Waiting for tiki_extract_dag on 2025-03-09 18:58:23.595247+00:00 to become allowed state ['success'] ...
[2025-03-09T19:15:24.995+0000] {trigger_dagrun.py:257} INFO - Waiting for tiki_extract_dag on 2025-03-09 18:58:23.595247+00:00 to become allowed state ['success'] ...
[2025-03-09T19:15:35.008+0000] {trigger_dagrun.py:257} INFO - Waiting for tiki_extract_dag on 2025-03-09 18:58:23.595247+00:00 to become allowed state ['success'] ...
[2025-03-09T19:15:45.019+0000] {trigger_dagrun.py:257} INFO - Waiting for tiki_extract_dag on 2025-03-09 18:58:23.595247+00:00 to become allowed state ['success'] ...
[2025-03-09T19:15:55.031+0000] {trigger_dagrun.py:257} INFO - Waiting for tiki_extract_dag on 2025-03-09 18:58:23.595247+00:00 to become allowed state ['success'] ...
[2025-03-09T19:16:05.048+0000] {trigger_dagrun.py:257} INFO - Waiting for tiki_extract_dag on 2025-03-09 18:58:23.595247+00:00 to become allowed state ['success'] ...
[2025-03-09T19:16:15.060+0000] {trigger_dagrun.py:257} INFO - Waiting for tiki_extract_dag on 2025-03-09 18:58:23.595247+00:00 to become allowed state ['success'] ...
[2025-03-09T19:16:25.073+0000] {trigger_dagrun.py:257} INFO - Waiting for tiki_extract_dag on 2025-03-09 18:58:23.595247+00:00 to become allowed state ['success'] ...
[2025-03-09T19:16:35.086+0000] {trigger_dagrun.py:257} INFO - Waiting for tiki_extract_dag on 2025-03-09 18:58:23.595247+00:00 to become allowed state ['success'] ...
[2025-03-09T19:16:45.096+0000] {trigger_dagrun.py:257} INFO - Waiting for tiki_extract_dag on 2025-03-09 18:58:23.595247+00:00 to become allowed state ['success'] ...
[2025-03-09T19:16:55.109+0000] {trigger_dagrun.py:257} INFO - Waiting for tiki_extract_dag on 2025-03-09 18:58:23.595247+00:00 to become allowed state ['success'] ...
[2025-03-09T19:17:05.122+0000] {trigger_dagrun.py:257} INFO - Waiting for tiki_extract_dag on 2025-03-09 18:58:23.595247+00:00 to become allowed state ['success'] ...
[2025-03-09T19:17:15.131+0000] {trigger_dagrun.py:257} INFO - Waiting for tiki_extract_dag on 2025-03-09 18:58:23.595247+00:00 to become allowed state ['success'] ...
[2025-03-09T19:17:25.145+0000] {trigger_dagrun.py:257} INFO - Waiting for tiki_extract_dag on 2025-03-09 18:58:23.595247+00:00 to become allowed state ['success'] ...
[2025-03-09T19:17:35.157+0000] {trigger_dagrun.py:257} INFO - Waiting for tiki_extract_dag on 2025-03-09 18:58:23.595247+00:00 to become allowed state ['success'] ...
[2025-03-09T19:17:45.183+0000] {trigger_dagrun.py:257} INFO - Waiting for tiki_extract_dag on 2025-03-09 18:58:23.595247+00:00 to become allowed state ['success'] ...
[2025-03-09T19:17:55.199+0000] {trigger_dagrun.py:257} INFO - Waiting for tiki_extract_dag on 2025-03-09 18:58:23.595247+00:00 to become allowed state ['success'] ...
[2025-03-09T19:18:05.211+0000] {trigger_dagrun.py:257} INFO - Waiting for tiki_extract_dag on 2025-03-09 18:58:23.595247+00:00 to become allowed state ['success'] ...
[2025-03-09T19:18:15.225+0000] {trigger_dagrun.py:257} INFO - Waiting for tiki_extract_dag on 2025-03-09 18:58:23.595247+00:00 to become allowed state ['success'] ...
[2025-03-09T19:18:25.238+0000] {trigger_dagrun.py:257} INFO - Waiting for tiki_extract_dag on 2025-03-09 18:58:23.595247+00:00 to become allowed state ['success'] ...
[2025-03-09T19:18:35.252+0000] {trigger_dagrun.py:257} INFO - Waiting for tiki_extract_dag on 2025-03-09 18:58:23.595247+00:00 to become allowed state ['success'] ...
[2025-03-09T19:18:45.261+0000] {trigger_dagrun.py:257} INFO - Waiting for tiki_extract_dag on 2025-03-09 18:58:23.595247+00:00 to become allowed state ['success'] ...
[2025-03-09T19:18:55.274+0000] {trigger_dagrun.py:257} INFO - Waiting for tiki_extract_dag on 2025-03-09 18:58:23.595247+00:00 to become allowed state ['success'] ...
[2025-03-09T19:19:05.287+0000] {trigger_dagrun.py:257} INFO - Waiting for tiki_extract_dag on 2025-03-09 18:58:23.595247+00:00 to become allowed state ['success'] ...
[2025-03-09T19:19:15.298+0000] {trigger_dagrun.py:257} INFO - Waiting for tiki_extract_dag on 2025-03-09 18:58:23.595247+00:00 to become allowed state ['success'] ...
[2025-03-09T19:19:25.326+0000] {trigger_dagrun.py:257} INFO - Waiting for tiki_extract_dag on 2025-03-09 18:58:23.595247+00:00 to become allowed state ['success'] ...
[2025-03-09T19:19:35.341+0000] {trigger_dagrun.py:257} INFO - Waiting for tiki_extract_dag on 2025-03-09 18:58:23.595247+00:00 to become allowed state ['success'] ...
[2025-03-09T19:19:45.350+0000] {trigger_dagrun.py:257} INFO - Waiting for tiki_extract_dag on 2025-03-09 18:58:23.595247+00:00 to become allowed state ['success'] ...
[2025-03-09T19:19:55.363+0000] {trigger_dagrun.py:257} INFO - Waiting for tiki_extract_dag on 2025-03-09 18:58:23.595247+00:00 to become allowed state ['success'] ...
[2025-03-09T19:20:05.375+0000] {trigger_dagrun.py:257} INFO - Waiting for tiki_extract_dag on 2025-03-09 18:58:23.595247+00:00 to become allowed state ['success'] ...
[2025-03-09T19:20:15.386+0000] {trigger_dagrun.py:257} INFO - Waiting for tiki_extract_dag on 2025-03-09 18:58:23.595247+00:00 to become allowed state ['success'] ...
[2025-03-09T19:20:25.402+0000] {trigger_dagrun.py:257} INFO - Waiting for tiki_extract_dag on 2025-03-09 18:58:23.595247+00:00 to become allowed state ['success'] ...
[2025-03-09T19:20:35.415+0000] {trigger_dagrun.py:257} INFO - Waiting for tiki_extract_dag on 2025-03-09 18:58:23.595247+00:00 to become allowed state ['success'] ...
[2025-03-09T19:20:45.426+0000] {trigger_dagrun.py:257} INFO - Waiting for tiki_extract_dag on 2025-03-09 18:58:23.595247+00:00 to become allowed state ['success'] ...
[2025-03-09T19:20:55.443+0000] {trigger_dagrun.py:257} INFO - Waiting for tiki_extract_dag on 2025-03-09 18:58:23.595247+00:00 to become allowed state ['success'] ...
[2025-03-09T19:21:05.463+0000] {trigger_dagrun.py:257} INFO - Waiting for tiki_extract_dag on 2025-03-09 18:58:23.595247+00:00 to become allowed state ['success'] ...
[2025-03-09T19:21:15.477+0000] {trigger_dagrun.py:257} INFO - Waiting for tiki_extract_dag on 2025-03-09 18:58:23.595247+00:00 to become allowed state ['success'] ...
[2025-03-09T19:21:25.494+0000] {trigger_dagrun.py:257} INFO - Waiting for tiki_extract_dag on 2025-03-09 18:58:23.595247+00:00 to become allowed state ['success'] ...
[2025-03-09T19:21:35.509+0000] {trigger_dagrun.py:257} INFO - Waiting for tiki_extract_dag on 2025-03-09 18:58:23.595247+00:00 to become allowed state ['success'] ...
[2025-03-09T19:21:45.523+0000] {trigger_dagrun.py:257} INFO - Waiting for tiki_extract_dag on 2025-03-09 18:58:23.595247+00:00 to become allowed state ['success'] ...
[2025-03-09T19:21:55.539+0000] {trigger_dagrun.py:257} INFO - Waiting for tiki_extract_dag on 2025-03-09 18:58:23.595247+00:00 to become allowed state ['success'] ...
[2025-03-09T19:22:05.557+0000] {trigger_dagrun.py:257} INFO - Waiting for tiki_extract_dag on 2025-03-09 18:58:23.595247+00:00 to become allowed state ['success'] ...
[2025-03-09T19:22:15.574+0000] {trigger_dagrun.py:257} INFO - Waiting for tiki_extract_dag on 2025-03-09 18:58:23.595247+00:00 to become allowed state ['success'] ...
[2025-03-09T19:22:25.623+0000] {trigger_dagrun.py:257} INFO - Waiting for tiki_extract_dag on 2025-03-09 18:58:23.595247+00:00 to become allowed state ['success'] ...
[2025-03-09T19:22:35.639+0000] {trigger_dagrun.py:257} INFO - Waiting for tiki_extract_dag on 2025-03-09 18:58:23.595247+00:00 to become allowed state ['success'] ...
[2025-03-09T19:22:45.651+0000] {trigger_dagrun.py:257} INFO - Waiting for tiki_extract_dag on 2025-03-09 18:58:23.595247+00:00 to become allowed state ['success'] ...
[2025-03-09T19:22:55.674+0000] {trigger_dagrun.py:257} INFO - Waiting for tiki_extract_dag on 2025-03-09 18:58:23.595247+00:00 to become allowed state ['success'] ...
[2025-03-09T19:23:05.689+0000] {trigger_dagrun.py:257} INFO - Waiting for tiki_extract_dag on 2025-03-09 18:58:23.595247+00:00 to become allowed state ['success'] ...
[2025-03-09T19:23:15.700+0000] {trigger_dagrun.py:257} INFO - Waiting for tiki_extract_dag on 2025-03-09 18:58:23.595247+00:00 to become allowed state ['success'] ...
[2025-03-09T19:23:25.713+0000] {trigger_dagrun.py:257} INFO - Waiting for tiki_extract_dag on 2025-03-09 18:58:23.595247+00:00 to become allowed state ['success'] ...
[2025-03-09T19:23:35.725+0000] {trigger_dagrun.py:257} INFO - Waiting for tiki_extract_dag on 2025-03-09 18:58:23.595247+00:00 to become allowed state ['success'] ...
[2025-03-09T19:23:45.736+0000] {trigger_dagrun.py:257} INFO - Waiting for tiki_extract_dag on 2025-03-09 18:58:23.595247+00:00 to become allowed state ['success'] ...
[2025-03-09T19:23:55.750+0000] {trigger_dagrun.py:257} INFO - Waiting for tiki_extract_dag on 2025-03-09 18:58:23.595247+00:00 to become allowed state ['success'] ...
[2025-03-09T19:24:05.766+0000] {trigger_dagrun.py:257} INFO - Waiting for tiki_extract_dag on 2025-03-09 18:58:23.595247+00:00 to become allowed state ['success'] ...
[2025-03-09T19:24:15.777+0000] {trigger_dagrun.py:257} INFO - Waiting for tiki_extract_dag on 2025-03-09 18:58:23.595247+00:00 to become allowed state ['success'] ...
[2025-03-09T19:24:25.795+0000] {trigger_dagrun.py:257} INFO - Waiting for tiki_extract_dag on 2025-03-09 18:58:23.595247+00:00 to become allowed state ['success'] ...
[2025-03-09T19:24:35.812+0000] {trigger_dagrun.py:257} INFO - Waiting for tiki_extract_dag on 2025-03-09 18:58:23.595247+00:00 to become allowed state ['success'] ...
[2025-03-09T19:24:45.825+0000] {trigger_dagrun.py:257} INFO - Waiting for tiki_extract_dag on 2025-03-09 18:58:23.595247+00:00 to become allowed state ['success'] ...
[2025-03-09T19:24:55.838+0000] {trigger_dagrun.py:257} INFO - Waiting for tiki_extract_dag on 2025-03-09 18:58:23.595247+00:00 to become allowed state ['success'] ...
[2025-03-09T19:25:05.851+0000] {trigger_dagrun.py:257} INFO - Waiting for tiki_extract_dag on 2025-03-09 18:58:23.595247+00:00 to become allowed state ['success'] ...
[2025-03-09T19:25:15.863+0000] {trigger_dagrun.py:257} INFO - Waiting for tiki_extract_dag on 2025-03-09 18:58:23.595247+00:00 to become allowed state ['success'] ...
[2025-03-09T19:25:25.877+0000] {trigger_dagrun.py:257} INFO - Waiting for tiki_extract_dag on 2025-03-09 18:58:23.595247+00:00 to become allowed state ['success'] ...
[2025-03-09T19:25:35.889+0000] {trigger_dagrun.py:257} INFO - Waiting for tiki_extract_dag on 2025-03-09 18:58:23.595247+00:00 to become allowed state ['success'] ...
[2025-03-09T19:25:45.899+0000] {trigger_dagrun.py:257} INFO - Waiting for tiki_extract_dag on 2025-03-09 18:58:23.595247+00:00 to become allowed state ['success'] ...
[2025-03-09T19:25:55.917+0000] {trigger_dagrun.py:257} INFO - Waiting for tiki_extract_dag on 2025-03-09 18:58:23.595247+00:00 to become allowed state ['success'] ...
[2025-03-09T19:26:05.930+0000] {trigger_dagrun.py:257} INFO - Waiting for tiki_extract_dag on 2025-03-09 18:58:23.595247+00:00 to become allowed state ['success'] ...
[2025-03-09T19:26:15.940+0000] {trigger_dagrun.py:257} INFO - Waiting for tiki_extract_dag on 2025-03-09 18:58:23.595247+00:00 to become allowed state ['success'] ...
[2025-03-09T19:26:25.953+0000] {trigger_dagrun.py:257} INFO - Waiting for tiki_extract_dag on 2025-03-09 18:58:23.595247+00:00 to become allowed state ['success'] ...
[2025-03-09T19:26:35.970+0000] {trigger_dagrun.py:257} INFO - Waiting for tiki_extract_dag on 2025-03-09 18:58:23.595247+00:00 to become allowed state ['success'] ...
[2025-03-09T19:26:45.981+0000] {trigger_dagrun.py:257} INFO - Waiting for tiki_extract_dag on 2025-03-09 18:58:23.595247+00:00 to become allowed state ['success'] ...
[2025-03-09T19:26:55.993+0000] {trigger_dagrun.py:257} INFO - Waiting for tiki_extract_dag on 2025-03-09 18:58:23.595247+00:00 to become allowed state ['success'] ...
[2025-03-09T19:27:06.008+0000] {trigger_dagrun.py:257} INFO - Waiting for tiki_extract_dag on 2025-03-09 18:58:23.595247+00:00 to become allowed state ['success'] ...
[2025-03-09T19:27:16.020+0000] {trigger_dagrun.py:257} INFO - Waiting for tiki_extract_dag on 2025-03-09 18:58:23.595247+00:00 to become allowed state ['success'] ...
[2025-03-09T19:27:26.042+0000] {trigger_dagrun.py:257} INFO - Waiting for tiki_extract_dag on 2025-03-09 18:58:23.595247+00:00 to become allowed state ['success'] ...
[2025-03-09T19:27:36.054+0000] {trigger_dagrun.py:257} INFO - Waiting for tiki_extract_dag on 2025-03-09 18:58:23.595247+00:00 to become allowed state ['success'] ...
[2025-03-09T19:27:46.064+0000] {trigger_dagrun.py:257} INFO - Waiting for tiki_extract_dag on 2025-03-09 18:58:23.595247+00:00 to become allowed state ['success'] ...
[2025-03-09T19:27:56.077+0000] {trigger_dagrun.py:257} INFO - Waiting for tiki_extract_dag on 2025-03-09 18:58:23.595247+00:00 to become allowed state ['success'] ...
[2025-03-09T19:28:06.089+0000] {trigger_dagrun.py:257} INFO - Waiting for tiki_extract_dag on 2025-03-09 18:58:23.595247+00:00 to become allowed state ['success'] ...
[2025-03-09T19:28:16.100+0000] {trigger_dagrun.py:257} INFO - Waiting for tiki_extract_dag on 2025-03-09 18:58:23.595247+00:00 to become allowed state ['success'] ...
[2025-03-09T19:28:26.112+0000] {trigger_dagrun.py:257} INFO - Waiting for tiki_extract_dag on 2025-03-09 18:58:23.595247+00:00 to become allowed state ['success'] ...
[2025-03-09T19:28:36.125+0000] {trigger_dagrun.py:257} INFO - Waiting for tiki_extract_dag on 2025-03-09 18:58:23.595247+00:00 to become allowed state ['success'] ...
[2025-03-09T19:28:46.138+0000] {trigger_dagrun.py:271} INFO - tiki_extract_dag finished with allowed state success
[2025-03-09T19:28:46.315+0000] {taskinstance.py:341} INFO - ::group::Post task execution logs
[2025-03-09T19:28:46.321+0000] {taskinstance.py:353} INFO - Marking task as SUCCESS. dag_id=tiki_etl_orchestration, task_id=trigger_extract, run_id=manual__2025-03-09T18:58:17.554629+00:00, execution_date=20250309T185817, start_date=20250309T185823, end_date=20250309T192846
[2025-03-09T19:28:46.454+0000] {logging_mixin.py:190} INFO - Task instance in success state
[2025-03-09T19:28:46.456+0000] {logging_mixin.py:190} INFO -  Previous state of the Task instance: running
[2025-03-09T19:28:46.457+0000] {logging_mixin.py:190} INFO - Dag name:tiki_etl_orchestration queued_at:2025-03-09 18:58:19.187376+00:00
[2025-03-09T19:28:46.457+0000] {logging_mixin.py:190} INFO - Task hostname:72a6d77a3cc5 operator:TriggerDagRunOperator
[2025-03-09T19:28:46.567+0000] {local_task_job_runner.py:266} INFO - Task exited with return code 0
[2025-03-09T19:28:46.816+0000] {taskinstance.py:3901} INFO - 1 downstream tasks scheduled from follow-on schedule check
[2025-03-09T19:28:46.822+0000] {local_task_job_runner.py:245} INFO - ::endgroup::
