[2025-03-10T09:06:47.635+0000] {local_task_job_runner.py:123} INFO - ::group::Pre task execution logs
[2025-03-10T09:06:47.655+0000] {taskinstance.py:2614} INFO - Dependencies all met for dep_context=non-requeueable deps ti=<TaskInstance: tiki_orchestration_dag.trigger_extract manual__2025-03-10T09:06:44.009920+00:00 [queued]>
[2025-03-10T09:06:47.665+0000] {taskinstance.py:2614} INFO - Dependencies all met for dep_context=requeueable deps ti=<TaskInstance: tiki_orchestration_dag.trigger_extract manual__2025-03-10T09:06:44.009920+00:00 [queued]>
[2025-03-10T09:06:47.666+0000] {taskinstance.py:2867} INFO - Starting attempt 1 of 2
[2025-03-10T09:06:47.679+0000] {taskinstance.py:2890} INFO - Executing <Task(TriggerDagRunOperator): trigger_extract> on 2025-03-10 09:06:44.009920+00:00
[2025-03-10T09:06:47.688+0000] {warnings.py:112} WARNING - /home/***/.local/lib/python3.12/site-packages/***/task/task_runner/standard_task_runner.py:70: DeprecationWarning: This process (pid=1476) is multi-threaded, use of fork() may lead to deadlocks in the child.
  pid = os.fork()

[2025-03-10T09:06:47.689+0000] {standard_task_runner.py:72} INFO - Started process 1478 to run task
[2025-03-10T09:06:47.690+0000] {standard_task_runner.py:104} INFO - Running: ['***', 'tasks', 'run', 'tiki_orchestration_dag', 'trigger_extract', 'manual__2025-03-10T09:06:44.009920+00:00', '--job-id', '362', '--raw', '--subdir', 'DAGS_FOLDER/tiki_etl_orchestration.py', '--cfg-path', '/tmp/tmpj44zccxl']
[2025-03-10T09:06:47.691+0000] {standard_task_runner.py:105} INFO - Job 362: Subtask trigger_extract
[2025-03-10T09:06:47.934+0000] {task_command.py:467} INFO - Running <TaskInstance: tiki_orchestration_dag.trigger_extract manual__2025-03-10T09:06:44.009920+00:00 [running]> on host c77555d100c4
[2025-03-10T09:06:48.008+0000] {taskinstance.py:3134} INFO - Exporting env vars: AIRFLOW_CTX_DAG_OWNER='***' AIRFLOW_CTX_DAG_ID='tiki_orchestration_dag' AIRFLOW_CTX_TASK_ID='trigger_extract' AIRFLOW_CTX_EXECUTION_DATE='2025-03-10T09:06:44.009920+00:00' AIRFLOW_CTX_TRY_NUMBER='1' AIRFLOW_CTX_DAG_RUN_ID='manual__2025-03-10T09:06:44.009920+00:00'
[2025-03-10T09:06:48.009+0000] {logging_mixin.py:190} INFO - Task instance is in running state
[2025-03-10T09:06:48.009+0000] {logging_mixin.py:190} INFO -  Previous state of the Task instance: queued
[2025-03-10T09:06:48.010+0000] {logging_mixin.py:190} INFO - Current task name:trigger_extract state:running start_date:2025-03-10 09:06:47.656559+00:00
[2025-03-10T09:06:48.010+0000] {logging_mixin.py:190} INFO - Dag name:tiki_orchestration_dag and current dag run status:running
[2025-03-10T09:06:48.011+0000] {taskinstance.py:732} INFO - ::endgroup::
[2025-03-10T09:06:48.090+0000] {trigger_dagrun.py:257} INFO - Waiting for tiki_extract_dag on 2025-03-10 09:06:48.011560+00:00 to become allowed state ['success'] ...
[2025-03-10T09:07:48.102+0000] {trigger_dagrun.py:271} INFO - tiki_extract_dag finished with allowed state success
[2025-03-10T09:07:48.112+0000] {taskinstance.py:341} INFO - ::group::Post task execution logs
[2025-03-10T09:07:48.113+0000] {taskinstance.py:353} INFO - Marking task as SUCCESS. dag_id=tiki_orchestration_dag, task_id=trigger_extract, run_id=manual__2025-03-10T09:06:44.009920+00:00, execution_date=20250310T090644, start_date=20250310T090647, end_date=20250310T090748
[2025-03-10T09:07:48.140+0000] {logging_mixin.py:190} INFO - Task instance in success state
[2025-03-10T09:07:48.140+0000] {logging_mixin.py:190} INFO -  Previous state of the Task instance: running
[2025-03-10T09:07:48.141+0000] {logging_mixin.py:190} INFO - Dag name:tiki_orchestration_dag queued_at:2025-03-10 09:06:44.030096+00:00
[2025-03-10T09:07:48.141+0000] {logging_mixin.py:190} INFO - Task hostname:c77555d100c4 operator:TriggerDagRunOperator
[2025-03-10T09:07:48.182+0000] {local_task_job_runner.py:266} INFO - Task exited with return code 0
[2025-03-10T09:07:48.211+0000] {taskinstance.py:3901} INFO - 1 downstream tasks scheduled from follow-on schedule check
[2025-03-10T09:07:48.214+0000] {local_task_job_runner.py:245} INFO - ::endgroup::
