[2025-03-11T09:10:34.818+0000] {local_task_job_runner.py:123} INFO - ::group::Pre task execution logs
[2025-03-11T09:10:34.921+0000] {taskinstance.py:2614} INFO - Dependencies all met for dep_context=non-requeueable deps ti=<TaskInstance: tiki_extract_dag.crawl_sach manual__2025-03-11T08:53:49.647616+00:00 [queued]>
[2025-03-11T09:10:34.945+0000] {taskinstance.py:2614} INFO - Dependencies all met for dep_context=requeueable deps ti=<TaskInstance: tiki_extract_dag.crawl_sach manual__2025-03-11T08:53:49.647616+00:00 [queued]>
[2025-03-11T09:10:34.946+0000] {taskinstance.py:2867} INFO - Starting attempt 2 of 4
[2025-03-11T09:10:35.019+0000] {taskinstance.py:2890} INFO - Executing <Task(PythonOperator): crawl_sach> on 2025-03-11 08:53:49.647616+00:00
[2025-03-11T09:10:35.048+0000] {warnings.py:112} WARNING - /home/***/.local/lib/python3.12/site-packages/***/task/task_runner/standard_task_runner.py:70: DeprecationWarning: This process (pid=299) is multi-threaded, use of fork() may lead to deadlocks in the child.
  pid = os.fork()

[2025-03-11T09:10:35.052+0000] {standard_task_runner.py:72} INFO - Started process 316 to run task
[2025-03-11T09:10:35.060+0000] {standard_task_runner.py:104} INFO - Running: ['***', 'tasks', 'run', 'tiki_extract_dag', 'crawl_sach', 'manual__2025-03-11T08:53:49.647616+00:00', '--job-id', '547', '--raw', '--subdir', 'DAGS_FOLDER/tiki_extract_dag.py', '--cfg-path', '/tmp/tmprtz8lh90']
[2025-03-11T09:10:35.064+0000] {standard_task_runner.py:105} INFO - Job 547: Subtask crawl_sach
[2025-03-11T09:10:35.516+0000] {task_command.py:467} INFO - Running <TaskInstance: tiki_extract_dag.crawl_sach manual__2025-03-11T08:53:49.647616+00:00 [running]> on host 5c8190d7da62
[2025-03-11T09:10:36.551+0000] {taskinstance.py:3134} INFO - Exporting env vars: AIRFLOW_CTX_DAG_OWNER='***' AIRFLOW_CTX_DAG_ID='tiki_extract_dag' AIRFLOW_CTX_TASK_ID='crawl_sach' AIRFLOW_CTX_EXECUTION_DATE='2025-03-11T08:53:49.647616+00:00' AIRFLOW_CTX_TRY_NUMBER='2' AIRFLOW_CTX_DAG_RUN_ID='manual__2025-03-11T08:53:49.647616+00:00'
[2025-03-11T09:10:36.568+0000] {logging_mixin.py:190} INFO - Task instance is in running state
[2025-03-11T09:10:36.573+0000] {logging_mixin.py:190} INFO -  Previous state of the Task instance: queued
[2025-03-11T09:10:36.580+0000] {logging_mixin.py:190} INFO - Current task name:crawl_sach state:running start_date:2025-03-11 09:10:34.922414+00:00
[2025-03-11T09:10:36.585+0000] {logging_mixin.py:190} INFO - Dag name:tiki_extract_dag and current dag run status:running
[2025-03-11T09:10:36.596+0000] {taskinstance.py:732} INFO - ::endgroup::
[2025-03-11T09:10:41.717+0000] {tiki_extract_dag.py:139} INFO - Starting crawl for category sach (ID: 8322)
[2025-03-11T09:10:41.733+0000] {tiki_extract_dag.py:141} INFO - Calling API: https://tiki.vn/api/v2/products with params: {'page': 1, 'limit': 40, 'category': '8322'}
[2025-03-11T09:10:41.985+0000] {job.py:229} INFO - Heartbeat recovered after 14.98 seconds
[2025-03-11T09:10:42.455+0000] {tiki_extract_dag.py:150} INFO - Total pages for sach: 50 (limited to 50)
[2025-03-11T09:10:53.749+0000] {tiki_extract_dag.py:163} INFO - Calling API: https://tiki.vn/api/v2/products with params: {'page': 2, 'limit': 40, 'category': '8322'}
[2025-03-11T09:11:12.553+0000] {local_task_job_runner.py:266} INFO - Task exited with return code -9. For more information, see https://***.apache.org/docs/apache-***/stable/troubleshooting.html#LocalTaskJob-killed
[2025-03-11T09:11:12.560+0000] {standard_task_runner.py:217} INFO - Process not found (most likely exited), stop collecting metrics
[2025-03-11T09:11:13.693+0000] {taskinstance.py:3901} INFO - 0 downstream tasks scheduled from follow-on schedule check
[2025-03-11T09:11:13.698+0000] {local_task_job_runner.py:245} INFO - ::endgroup::
