[2025-03-11T09:27:26.282+0000] {local_task_job_runner.py:123} INFO - ::group::Pre task execution logs
[2025-03-11T09:27:26.385+0000] {taskinstance.py:2614} INFO - Dependencies all met for dep_context=non-requeueable deps ti=<TaskInstance: tiki_extract_dag.crawl_sach manual__2025-03-11T08:53:49.647616+00:00 [queued]>
[2025-03-11T09:27:26.477+0000] {taskinstance.py:2614} INFO - Dependencies all met for dep_context=requeueable deps ti=<TaskInstance: tiki_extract_dag.crawl_sach manual__2025-03-11T08:53:49.647616+00:00 [queued]>
[2025-03-11T09:27:26.481+0000] {taskinstance.py:2867} INFO - Starting attempt 4 of 4
[2025-03-11T09:27:26.587+0000] {taskinstance.py:2890} INFO - Executing <Task(PythonOperator): crawl_sach> on 2025-03-11 08:53:49.647616+00:00
[2025-03-11T09:27:26.646+0000] {warnings.py:112} WARNING - /home/***/.local/lib/python3.12/site-packages/***/task/task_runner/standard_task_runner.py:70: DeprecationWarning: This process (pid=481) is multi-threaded, use of fork() may lead to deadlocks in the child.
  pid = os.fork()

[2025-03-11T09:27:26.657+0000] {standard_task_runner.py:72} INFO - Started process 494 to run task
[2025-03-11T09:27:26.678+0000] {standard_task_runner.py:104} INFO - Running: ['***', 'tasks', 'run', 'tiki_extract_dag', 'crawl_sach', 'manual__2025-03-11T08:53:49.647616+00:00', '--job-id', '565', '--raw', '--subdir', 'DAGS_FOLDER/tiki_extract_dag.py', '--cfg-path', '/tmp/tmp7496djri']
[2025-03-11T09:27:26.682+0000] {standard_task_runner.py:105} INFO - Job 565: Subtask crawl_sach
[2025-03-11T09:27:26.929+0000] {task_command.py:467} INFO - Running <TaskInstance: tiki_extract_dag.crawl_sach manual__2025-03-11T08:53:49.647616+00:00 [running]> on host 5c8190d7da62
[2025-03-11T09:27:28.359+0000] {taskinstance.py:3134} INFO - Exporting env vars: AIRFLOW_CTX_DAG_OWNER='***' AIRFLOW_CTX_DAG_ID='tiki_extract_dag' AIRFLOW_CTX_TASK_ID='crawl_sach' AIRFLOW_CTX_EXECUTION_DATE='2025-03-11T08:53:49.647616+00:00' AIRFLOW_CTX_TRY_NUMBER='4' AIRFLOW_CTX_DAG_RUN_ID='manual__2025-03-11T08:53:49.647616+00:00'
[2025-03-11T09:27:28.364+0000] {logging_mixin.py:190} INFO - Task instance is in running state
[2025-03-11T09:27:28.368+0000] {logging_mixin.py:190} INFO -  Previous state of the Task instance: queued
[2025-03-11T09:27:28.372+0000] {logging_mixin.py:190} INFO - Current task name:crawl_sach state:running start_date:2025-03-11 09:27:26.392037+00:00
[2025-03-11T09:27:28.373+0000] {logging_mixin.py:190} INFO - Dag name:tiki_extract_dag and current dag run status:running
[2025-03-11T09:27:28.374+0000] {taskinstance.py:732} INFO - ::endgroup::
[2025-03-11T09:27:31.741+0000] {tiki_extract_dag.py:139} INFO - Starting crawl for category sach (ID: 8322)
[2025-03-11T09:27:31.749+0000] {tiki_extract_dag.py:141} INFO - Calling API: https://tiki.vn/api/v2/products with params: {'page': 1, 'limit': 40, 'category': '8322'}
[2025-03-11T09:27:32.414+0000] {tiki_extract_dag.py:150} INFO - Total pages for sach: 50 (limited to 50)
[2025-03-11T09:27:51.373+0000] {tiki_extract_dag.py:163} INFO - Calling API: https://tiki.vn/api/v2/products with params: {'page': 2, 'limit': 40, 'category': '8322'}
[2025-03-11T09:28:16.198+0000] {tiki_extract_dag.py:183} INFO - Extracted page 2/50 for category sach, total items: 80
[2025-03-11T09:28:33.133+0000] {tiki_extract_dag.py:163} INFO - Calling API: https://tiki.vn/api/v2/products with params: {'page': 3, 'limit': 40, 'category': '8322'}
[2025-03-11T09:28:45.533+0000] {connectionpool.py:868} WARNING - Retrying (Retry(total=4, connect=4, read=5, redirect=None, status=None)) after connection broken by 'NameResolutionError("<urllib3.connection.HTTPSConnection object at 0x7f729baba7b0>: Failed to resolve 'maintenance.tiki.vn' ([Errno -3] Temporary failure in name resolution)")': /
[2025-03-11T09:29:15.340+0000] {job.py:229} INFO - Heartbeat recovered after 42.54 seconds
[2025-03-11T09:29:15.472+0000] {local_task_job_runner.py:266} INFO - Task exited with return code -9. For more information, see https://***.apache.org/docs/apache-***/stable/troubleshooting.html#LocalTaskJob-killed
[2025-03-11T09:29:15.618+0000] {taskinstance.py:3901} INFO - 0 downstream tasks scheduled from follow-on schedule check
[2025-03-11T09:29:15.671+0000] {local_task_job_runner.py:245} INFO - ::endgroup::
