[2025-03-11T09:21:08.344+0000] {local_task_job_runner.py:123} INFO - ::group::Pre task execution logs
[2025-03-11T09:21:08.368+0000] {taskinstance.py:2614} INFO - Dependencies all met for dep_context=non-requeueable deps ti=<TaskInstance: tiki_extract_dag.crawl_thoi-trang-nam manual__2025-03-11T08:53:49.647616+00:00 [queued]>
[2025-03-11T09:21:08.379+0000] {taskinstance.py:2614} INFO - Dependencies all met for dep_context=requeueable deps ti=<TaskInstance: tiki_extract_dag.crawl_thoi-trang-nam manual__2025-03-11T08:53:49.647616+00:00 [queued]>
[2025-03-11T09:21:08.380+0000] {taskinstance.py:2867} INFO - Starting attempt 3 of 4
[2025-03-11T09:21:08.399+0000] {taskinstance.py:2890} INFO - Executing <Task(PythonOperator): crawl_thoi-trang-nam> on 2025-03-11 08:53:49.647616+00:00
[2025-03-11T09:21:08.413+0000] {warnings.py:112} WARNING - /home/***/.local/lib/python3.12/site-packages/***/task/task_runner/standard_task_runner.py:70: DeprecationWarning: This process (pid=419) is multi-threaded, use of fork() may lead to deadlocks in the child.
  pid = os.fork()

[2025-03-11T09:21:08.416+0000] {standard_task_runner.py:72} INFO - Started process 421 to run task
[2025-03-11T09:21:08.415+0000] {standard_task_runner.py:104} INFO - Running: ['***', 'tasks', 'run', 'tiki_extract_dag', 'crawl_thoi-trang-nam', 'manual__2025-03-11T08:53:49.647616+00:00', '--job-id', '560', '--raw', '--subdir', 'DAGS_FOLDER/tiki_extract_dag.py', '--cfg-path', '/tmp/tmphzmbj1tf']
[2025-03-11T09:21:08.417+0000] {standard_task_runner.py:105} INFO - Job 560: Subtask crawl_thoi-trang-nam
[2025-03-11T09:21:08.476+0000] {task_command.py:467} INFO - Running <TaskInstance: tiki_extract_dag.crawl_thoi-trang-nam manual__2025-03-11T08:53:49.647616+00:00 [running]> on host 5c8190d7da62
[2025-03-11T09:21:08.917+0000] {taskinstance.py:3134} INFO - Exporting env vars: AIRFLOW_CTX_DAG_OWNER='***' AIRFLOW_CTX_DAG_ID='tiki_extract_dag' AIRFLOW_CTX_TASK_ID='crawl_thoi-trang-nam' AIRFLOW_CTX_EXECUTION_DATE='2025-03-11T08:53:49.647616+00:00' AIRFLOW_CTX_TRY_NUMBER='3' AIRFLOW_CTX_DAG_RUN_ID='manual__2025-03-11T08:53:49.647616+00:00'
[2025-03-11T09:21:08.920+0000] {logging_mixin.py:190} INFO - Task instance is in running state
[2025-03-11T09:21:08.921+0000] {logging_mixin.py:190} INFO -  Previous state of the Task instance: queued
[2025-03-11T09:21:08.921+0000] {logging_mixin.py:190} INFO - Current task name:crawl_thoi-trang-nam state:running start_date:2025-03-11 09:21:08.369735+00:00
[2025-03-11T09:21:08.922+0000] {logging_mixin.py:190} INFO - Dag name:tiki_extract_dag and current dag run status:running
[2025-03-11T09:21:08.922+0000] {taskinstance.py:732} INFO - ::endgroup::
[2025-03-11T09:21:10.259+0000] {tiki_extract_dag.py:139} INFO - Starting crawl for category thoi-trang-nam (ID: 915)
[2025-03-11T09:21:10.265+0000] {tiki_extract_dag.py:141} INFO - Calling API: https://tiki.vn/api/v2/products with params: {'page': 1, 'limit': 40, 'category': '915'}
[2025-03-11T09:21:10.976+0000] {tiki_extract_dag.py:150} INFO - Total pages for thoi-trang-nam: 50 (limited to 50)
[2025-03-11T09:21:10.980+0000] {tiki_extract_dag.py:163} INFO - Calling API: https://tiki.vn/api/v2/products with params: {'page': 2, 'limit': 40, 'category': '915'}
[2025-03-11T09:21:11.477+0000] {tiki_extract_dag.py:183} INFO - Extracted page 2/50 for category thoi-trang-nam, total items: 0
[2025-03-11T09:21:33.353+0000] {tiki_extract_dag.py:163} INFO - Calling API: https://tiki.vn/api/v2/products with params: {'page': 3, 'limit': 40, 'category': '915'}
[2025-03-11T09:21:49.608+0000] {job.py:229} INFO - Heartbeat recovered after 41.35 seconds
[2025-03-11T09:22:10.595+0000] {tiki_extract_dag.py:183} INFO - Extracted page 3/50 for category thoi-trang-nam, total items: 40
[2025-03-11T09:22:40.677+0000] {job.py:229} INFO - Heartbeat recovered after 19.74 seconds
[2025-03-11T09:22:40.714+0000] {local_task_job_runner.py:266} INFO - Task exited with return code -9. For more information, see https://***.apache.org/docs/apache-***/stable/troubleshooting.html#LocalTaskJob-killed
[2025-03-11T09:22:40.781+0000] {taskinstance.py:3901} INFO - 0 downstream tasks scheduled from follow-on schedule check
[2025-03-11T09:22:40.785+0000] {local_task_job_runner.py:245} INFO - ::endgroup::
