[2025-03-11T14:08:00.567+0000] {local_task_job_runner.py:123} INFO - ::group::Pre task execution logs
[2025-03-11T14:08:00.703+0000] {taskinstance.py:2614} INFO - Dependencies all met for dep_context=non-requeueable deps ti=<TaskInstance: tiki_extract_dag.crawl_dien-tu-dien-lanh manual__2025-03-11T14:07:26.849945+00:00 [queued]>
[2025-03-11T14:08:00.734+0000] {taskinstance.py:2614} INFO - Dependencies all met for dep_context=requeueable deps ti=<TaskInstance: tiki_extract_dag.crawl_dien-tu-dien-lanh manual__2025-03-11T14:07:26.849945+00:00 [queued]>
[2025-03-11T14:08:00.757+0000] {taskinstance.py:2867} INFO - Starting attempt 1 of 4
[2025-03-11T14:08:00.877+0000] {taskinstance.py:2890} INFO - Executing <Task(PythonOperator): crawl_dien-tu-dien-lanh> on 2025-03-11 14:07:26.849945+00:00
[2025-03-11T14:08:00.908+0000] {warnings.py:112} WARNING - /home/***/.local/lib/python3.12/site-packages/***/task/task_runner/standard_task_runner.py:70: DeprecationWarning: This process (pid=2144) is multi-threaded, use of fork() may lead to deadlocks in the child.
  pid = os.fork()

[2025-03-11T14:08:00.916+0000] {standard_task_runner.py:72} INFO - Started process 2172 to run task
[2025-03-11T14:08:00.938+0000] {standard_task_runner.py:104} INFO - Running: ['***', 'tasks', 'run', 'tiki_extract_dag', 'crawl_dien-tu-dien-lanh', 'manual__2025-03-11T14:07:26.849945+00:00', '--job-id', '595', '--raw', '--subdir', 'DAGS_FOLDER/tiki_extract_dag.py', '--cfg-path', '/tmp/tmptql6x2ho']
[2025-03-11T14:08:00.944+0000] {standard_task_runner.py:105} INFO - Job 595: Subtask crawl_dien-tu-dien-lanh
[2025-03-11T14:08:01.224+0000] {task_command.py:467} INFO - Running <TaskInstance: tiki_extract_dag.crawl_dien-tu-dien-lanh manual__2025-03-11T14:07:26.849945+00:00 [running]> on host 5c8190d7da62
[2025-03-11T14:08:12.654+0000] {taskinstance.py:3134} INFO - Exporting env vars: AIRFLOW_CTX_DAG_OWNER='***' AIRFLOW_CTX_DAG_ID='tiki_extract_dag' AIRFLOW_CTX_TASK_ID='crawl_dien-tu-dien-lanh' AIRFLOW_CTX_EXECUTION_DATE='2025-03-11T14:07:26.849945+00:00' AIRFLOW_CTX_TRY_NUMBER='1' AIRFLOW_CTX_DAG_RUN_ID='manual__2025-03-11T14:07:26.849945+00:00'
[2025-03-11T14:08:12.669+0000] {logging_mixin.py:190} INFO - Task instance is in running state
[2025-03-11T14:08:12.672+0000] {logging_mixin.py:190} INFO -  Previous state of the Task instance: queued
[2025-03-11T14:08:12.673+0000] {logging_mixin.py:190} INFO - Current task name:crawl_dien-tu-dien-lanh state:running start_date:2025-03-11 14:08:00.707223+00:00
[2025-03-11T14:08:12.674+0000] {logging_mixin.py:190} INFO - Dag name:tiki_extract_dag and current dag run status:running
[2025-03-11T14:08:12.677+0000] {taskinstance.py:732} INFO - ::endgroup::
[2025-03-11T14:08:15.406+0000] {tiki_extract_dag.py:139} INFO - Starting crawl for category dien-tu-dien-lanh (ID: 4221)
[2025-03-11T14:08:15.419+0000] {tiki_extract_dag.py:141} INFO - Calling API: https://tiki.vn/api/v2/products with params: {'page': 1, 'limit': 40, 'category': '4221'}
[2025-03-11T14:08:16.597+0000] {tiki_extract_dag.py:150} INFO - Total pages for dien-tu-dien-lanh: 50 (limited to 50)
[2025-03-11T14:08:20.016+0000] {job.py:229} INFO - Heartbeat recovered after 12.83 seconds
[2025-03-11T14:08:27.972+0000] {job.py:229} INFO - Heartbeat recovered after 12.56 seconds
[2025-03-11T14:08:40.057+0000] {tiki_extract_dag.py:120} ERROR - Error fetching details for product 123548101 on attempt 1/3: Expecting value: line 1 column 1 (char 0)
[2025-03-11T14:08:46.250+0000] {tiki_extract_dag.py:120} ERROR - Error fetching details for product 123548101 on attempt 2/3: Expecting value: line 1 column 1 (char 0)
[2025-03-11T14:08:53.608+0000] {tiki_extract_dag.py:120} ERROR - Error fetching details for product 123548101 on attempt 3/3: Expecting value: line 1 column 1 (char 0)
[2025-03-11T14:08:53.866+0000] {tiki_extract_dag.py:120} ERROR - Error fetching details for product 123547597 on attempt 1/3: Expecting value: line 1 column 1 (char 0)
[2025-03-11T14:09:01.118+0000] {tiki_extract_dag.py:120} ERROR - Error fetching details for product 123547597 on attempt 2/3: Expecting value: line 1 column 1 (char 0)
[2025-03-11T14:09:27.286+0000] {tiki_extract_dag.py:163} INFO - Calling API: https://tiki.vn/api/v2/products with params: {'page': 2, 'limit': 40, 'category': '4221'}
[2025-03-11T14:09:29.530+0000] {tiki_extract_dag.py:120} ERROR - Error fetching details for product 276238781 on attempt 1/3: Expecting value: line 1 column 1 (char 0)
[2025-03-11T14:09:39.682+0000] {tiki_extract_dag.py:120} ERROR - Error fetching details for product 276238781 on attempt 2/3: Expecting value: line 1 column 1 (char 0)
[2025-03-11T14:09:47.399+0000] {tiki_extract_dag.py:120} ERROR - Error fetching details for product 276238781 on attempt 3/3: Expecting value: line 1 column 1 (char 0)
[2025-03-11T14:09:47.896+0000] {tiki_extract_dag.py:120} ERROR - Error fetching details for product 275677504 on attempt 1/3: Expecting value: line 1 column 1 (char 0)
[2025-03-11T14:09:55.853+0000] {tiki_extract_dag.py:120} ERROR - Error fetching details for product 275677504 on attempt 2/3: Expecting value: line 1 column 1 (char 0)
[2025-03-11T14:10:02.403+0000] {tiki_extract_dag.py:120} ERROR - Error fetching details for product 275677504 on attempt 3/3: Expecting value: line 1 column 1 (char 0)
[2025-03-11T14:10:02.779+0000] {tiki_extract_dag.py:120} ERROR - Error fetching details for product 275498761 on attempt 1/3: Expecting value: line 1 column 1 (char 0)
[2025-03-11T14:10:32.737+0000] {tiki_extract_dag.py:120} ERROR - Error fetching details for product 85376469 on attempt 1/3: Expecting value: line 1 column 1 (char 0)
[2025-03-11T14:10:40.864+0000] {tiki_extract_dag.py:120} ERROR - Error fetching details for product 85376469 on attempt 2/3: Expecting value: line 1 column 1 (char 0)
[2025-03-11T14:10:48.347+0000] {tiki_extract_dag.py:120} ERROR - Error fetching details for product 85376469 on attempt 3/3: Expecting value: line 1 column 1 (char 0)
[2025-03-11T14:10:48.813+0000] {tiki_extract_dag.py:120} ERROR - Error fetching details for product 68697181 on attempt 1/3: Expecting value: line 1 column 1 (char 0)
[2025-03-11T14:10:54.857+0000] {tiki_extract_dag.py:120} ERROR - Error fetching details for product 68697181 on attempt 2/3: Expecting value: line 1 column 1 (char 0)
[2025-03-11T14:11:00.280+0000] {tiki_extract_dag.py:120} ERROR - Error fetching details for product 68697181 on attempt 3/3: Expecting value: line 1 column 1 (char 0)
[2025-03-11T14:11:00.484+0000] {tiki_extract_dag.py:120} ERROR - Error fetching details for product 54414920 on attempt 1/3: Expecting value: line 1 column 1 (char 0)
[2025-03-11T14:11:15.750+0000] {tiki_extract_dag.py:183} INFO - Extracted page 2/50 for category dien-tu-dien-lanh, total items: 80
[2025-03-11T14:11:31.379+0000] {tiki_extract_dag.py:163} INFO - Calling API: https://tiki.vn/api/v2/products with params: {'page': 3, 'limit': 40, 'category': '4221'}
[2025-03-11T14:11:42.659+0000] {tiki_extract_dag.py:120} ERROR - Error fetching details for product 133141498 on attempt 1/3: Expecting value: line 1 column 1 (char 0)
[2025-03-11T14:11:51.304+0000] {tiki_extract_dag.py:120} ERROR - Error fetching details for product 133141498 on attempt 2/3: Expecting value: line 1 column 1 (char 0)
[2025-03-11T14:12:00.164+0000] {tiki_extract_dag.py:120} ERROR - Error fetching details for product 133141498 on attempt 3/3: Expecting value: line 1 column 1 (char 0)
[2025-03-11T14:12:00.443+0000] {tiki_extract_dag.py:120} ERROR - Error fetching details for product 114447971 on attempt 1/3: Expecting value: line 1 column 1 (char 0)
[2025-03-11T14:12:15.206+0000] {tiki_extract_dag.py:183} INFO - Extracted page 3/50 for category dien-tu-dien-lanh, total items: 120
[2025-03-11T14:12:32.139+0000] {tiki_extract_dag.py:163} INFO - Calling API: https://tiki.vn/api/v2/products with params: {'page': 4, 'limit': 40, 'category': '4221'}
[2025-03-11T14:12:49.492+0000] {tiki_extract_dag.py:183} INFO - Extracted page 4/50 for category dien-tu-dien-lanh, total items: 160
[2025-03-11T14:13:07.521+0000] {tiki_extract_dag.py:163} INFO - Calling API: https://tiki.vn/api/v2/products with params: {'page': 5, 'limit': 40, 'category': '4221'}
[2025-03-11T14:13:07.760+0000] {tiki_extract_dag.py:186} ERROR - API error at page 5 in category dien-tu-dien-lanh on attempt 1/3: Expecting value: line 1 column 1 (char 0)
[2025-03-11T14:13:31.251+0000] {tiki_extract_dag.py:183} INFO - Extracted page 5/50 for category dien-tu-dien-lanh, total items: 200
[2025-03-11T14:13:52.018+0000] {tiki_extract_dag.py:163} INFO - Calling API: https://tiki.vn/api/v2/products with params: {'page': 6, 'limit': 40, 'category': '4221'}
[2025-03-11T14:14:02.782+0000] {tiki_extract_dag.py:120} ERROR - Error fetching details for product 73784131 on attempt 1/3: Expecting value: line 1 column 1 (char 0)
[2025-03-11T14:14:13.215+0000] {tiki_extract_dag.py:120} ERROR - Error fetching details for product 2080793 on attempt 1/3: Expecting value: line 1 column 1 (char 0)
[2025-03-11T14:14:19.521+0000] {tiki_extract_dag.py:183} INFO - Extracted page 6/50 for category dien-tu-dien-lanh, total items: 240
[2025-03-11T14:14:36.525+0000] {tiki_extract_dag.py:163} INFO - Calling API: https://tiki.vn/api/v2/products with params: {'page': 7, 'limit': 40, 'category': '4221'}
[2025-03-11T14:14:54.538+0000] {tiki_extract_dag.py:183} INFO - Extracted page 7/50 for category dien-tu-dien-lanh, total items: 280
[2025-03-11T14:15:13.678+0000] {tiki_extract_dag.py:163} INFO - Calling API: https://tiki.vn/api/v2/products with params: {'page': 8, 'limit': 40, 'category': '4221'}
[2025-03-11T14:15:29.071+0000] {tiki_extract_dag.py:183} INFO - Extracted page 8/50 for category dien-tu-dien-lanh, total items: 320
[2025-03-11T14:15:46.365+0000] {tiki_extract_dag.py:163} INFO - Calling API: https://tiki.vn/api/v2/products with params: {'page': 9, 'limit': 40, 'category': '4221'}
[2025-03-11T14:15:58.211+0000] {tiki_extract_dag.py:120} ERROR - Error fetching details for product 91272464 on attempt 1/3: Expecting value: line 1 column 1 (char 0)
[2025-03-11T14:16:07.147+0000] {tiki_extract_dag.py:120} ERROR - Error fetching details for product 91272464 on attempt 2/3: Expecting value: line 1 column 1 (char 0)
[2025-03-11T14:16:21.889+0000] {tiki_extract_dag.py:183} INFO - Extracted page 9/50 for category dien-tu-dien-lanh, total items: 360
[2025-03-11T14:16:41.237+0000] {tiki_extract_dag.py:163} INFO - Calling API: https://tiki.vn/api/v2/products with params: {'page': 10, 'limit': 40, 'category': '4221'}
[2025-03-11T14:16:58.439+0000] {tiki_extract_dag.py:120} ERROR - Error fetching details for product 42819626 on attempt 1/3: Expecting value: line 1 column 1 (char 0)
[2025-03-11T14:17:08.670+0000] {tiki_extract_dag.py:120} ERROR - Error fetching details for product 42819626 on attempt 2/3: Expecting value: line 1 column 1 (char 0)
[2025-03-11T14:17:16.040+0000] {tiki_extract_dag.py:183} INFO - Extracted page 10/50 for category dien-tu-dien-lanh, total items: 400
[2025-03-11T14:17:31.903+0000] {tiki_extract_dag.py:163} INFO - Calling API: https://tiki.vn/api/v2/products with params: {'page': 11, 'limit': 40, 'category': '4221'}
[2025-03-11T14:17:50.246+0000] {tiki_extract_dag.py:183} INFO - Extracted page 11/50 for category dien-tu-dien-lanh, total items: 440
[2025-03-11T14:18:05.851+0000] {tiki_extract_dag.py:163} INFO - Calling API: https://tiki.vn/api/v2/products with params: {'page': 12, 'limit': 40, 'category': '4221'}
[2025-03-11T14:18:19.191+0000] {tiki_extract_dag.py:183} INFO - Extracted page 12/50 for category dien-tu-dien-lanh, total items: 480
[2025-03-11T14:18:34.891+0000] {tiki_extract_dag.py:163} INFO - Calling API: https://tiki.vn/api/v2/products with params: {'page': 13, 'limit': 40, 'category': '4221'}
[2025-03-11T14:18:51.264+0000] {tiki_extract_dag.py:120} ERROR - Error fetching details for product 3738813 on attempt 1/3: Expecting value: line 1 column 1 (char 0)
[2025-03-11T14:18:59.802+0000] {tiki_extract_dag.py:120} ERROR - Error fetching details for product 3738813 on attempt 2/3: Expecting value: line 1 column 1 (char 0)
[2025-03-11T14:19:10.228+0000] {tiki_extract_dag.py:183} INFO - Extracted page 13/50 for category dien-tu-dien-lanh, total items: 520
[2025-03-11T14:19:28.429+0000] {tiki_extract_dag.py:163} INFO - Calling API: https://tiki.vn/api/v2/products with params: {'page': 14, 'limit': 40, 'category': '4221'}
[2025-03-11T14:19:44.230+0000] {tiki_extract_dag.py:183} INFO - Extracted page 14/50 for category dien-tu-dien-lanh, total items: 560
[2025-03-11T14:20:02.291+0000] {tiki_extract_dag.py:163} INFO - Calling API: https://tiki.vn/api/v2/products with params: {'page': 15, 'limit': 40, 'category': '4221'}
[2025-03-11T14:20:03.681+0000] {tiki_extract_dag.py:120} ERROR - Error fetching details for product 276068614 on attempt 1/3: Expecting value: line 1 column 1 (char 0)
[2025-03-11T14:20:31.037+0000] {tiki_extract_dag.py:183} INFO - Extracted page 15/50 for category dien-tu-dien-lanh, total items: 600
[2025-03-11T14:20:46.114+0000] {tiki_extract_dag.py:163} INFO - Calling API: https://tiki.vn/api/v2/products with params: {'page': 16, 'limit': 40, 'category': '4221'}
[2025-03-11T14:20:57.642+0000] {tiki_extract_dag.py:120} ERROR - Error fetching details for product 83491590 on attempt 1/3: Expecting value: line 1 column 1 (char 0)
[2025-03-11T14:21:05.377+0000] {tiki_extract_dag.py:120} ERROR - Error fetching details for product 83491590 on attempt 2/3: Expecting value: line 1 column 1 (char 0)
[2025-03-11T14:21:18.485+0000] {tiki_extract_dag.py:183} INFO - Extracted page 16/50 for category dien-tu-dien-lanh, total items: 640
[2025-03-11T14:21:35.738+0000] {tiki_extract_dag.py:163} INFO - Calling API: https://tiki.vn/api/v2/products with params: {'page': 17, 'limit': 40, 'category': '4221'}
[2025-03-11T14:21:54.536+0000] {tiki_extract_dag.py:183} INFO - Extracted page 17/50 for category dien-tu-dien-lanh, total items: 680
[2025-03-11T14:22:09.735+0000] {tiki_extract_dag.py:163} INFO - Calling API: https://tiki.vn/api/v2/products with params: {'page': 18, 'limit': 40, 'category': '4221'}
[2025-03-11T14:22:22.762+0000] {taskinstance.py:3313} ERROR - Task failed with exception
Traceback (most recent call last):
  File "/home/airflow/.local/lib/python3.12/site-packages/airflow/models/taskinstance.py", line 768, in _execute_task
    result = _execute_callable(context=context, **execute_callable_kwargs)
             ^^^^^^^^^^^^^^^^^^^^^^^^^^^^^^^^^^^^^^^^^^^^^^^^^^^^^^^^^^^^^
  File "/home/airflow/.local/lib/python3.12/site-packages/airflow/models/taskinstance.py", line 734, in _execute_callable
    return ExecutionCallableRunner(
           ^^^^^^^^^^^^^^^^^^^^^^^^
  File "/home/airflow/.local/lib/python3.12/site-packages/airflow/utils/operator_helpers.py", line 252, in run
    return self.func(*args, **kwargs)
           ^^^^^^^^^^^^^^^^^^^^^^^^^^
  File "/home/airflow/.local/lib/python3.12/site-packages/airflow/models/baseoperator.py", line 424, in wrapper
    return func(self, *args, **kwargs)
           ^^^^^^^^^^^^^^^^^^^^^^^^^^^
  File "/home/airflow/.local/lib/python3.12/site-packages/airflow/operators/python.py", line 238, in execute
    return_value = self.execute_callable()
                   ^^^^^^^^^^^^^^^^^^^^^^^
  File "/home/airflow/.local/lib/python3.12/site-packages/airflow/operators/python.py", line 256, in execute_callable
    return runner.run(*self.op_args, **self.op_kwargs)
           ^^^^^^^^^^^^^^^^^^^^^^^^^^^^^^^^^^^^^^^^^^^
  File "/home/airflow/.local/lib/python3.12/site-packages/airflow/utils/operator_helpers.py", line 252, in run
    return self.func(*args, **kwargs)
           ^^^^^^^^^^^^^^^^^^^^^^^^^^
  File "/opt/airflow/dags/tiki_extract_dag.py", line 179, in crawl_category
    parsed_item = parse_product(item, detailed_item)
                  ^^^^^^^^^^^^^^^^^^^^^^^^^^^^^^^^^^
  File "/opt/airflow/dags/tiki_extract_dag.py", line 90, in parse_product
    'seller_product_id': str(detailed_item.get('current_seller', {}).get('product_id', '')),
                             ^^^^^^^^^^^^^^^^^^^^^^^^^^^^^^^^^^^^^^^^^^^
AttributeError: 'NoneType' object has no attribute 'get'
[2025-03-11T14:22:24.454+0000] {logging_mixin.py:190} INFO - Task instance in failure state
[2025-03-11T14:22:24.461+0000] {logging_mixin.py:190} INFO - Task start:2025-03-11 14:08:00.707223+00:00 end:2025-03-11 14:22:24.370380+00:00 duration:863.663157
[2025-03-11T14:22:24.480+0000] {logging_mixin.py:190} INFO - Task:<Task(PythonOperator): crawl_dien-tu-dien-lanh> dag:<DAG: tiki_extract_dag> dagrun:<DagRun tiki_extract_dag @ 2025-03-11 14:07:26.849945+00:00: manual__2025-03-11T14:07:26.849945+00:00, state:running, queued_at: 2025-03-11 14:07:27.008557+00:00. externally triggered: True>
[2025-03-11T14:22:24.485+0000] {logging_mixin.py:190} INFO - Failure caused by 'NoneType' object has no attribute 'get'
[2025-03-11T14:22:24.494+0000] {taskinstance.py:1226} INFO - Marking task as UP_FOR_RETRY. dag_id=tiki_extract_dag, task_id=crawl_dien-tu-dien-lanh, run_id=manual__2025-03-11T14:07:26.849945+00:00, execution_date=20250311T140726, start_date=20250311T140800, end_date=20250311T142224
[2025-03-11T14:22:25.194+0000] {taskinstance.py:341} INFO - ::group::Post task execution logs
[2025-03-11T14:22:25.226+0000] {standard_task_runner.py:124} ERROR - Failed to execute job 595 for task crawl_dien-tu-dien-lanh ('NoneType' object has no attribute 'get'; 2172)
Traceback (most recent call last):
  File "/home/airflow/.local/lib/python3.12/site-packages/airflow/task/task_runner/standard_task_runner.py", line 117, in _start_by_fork
    ret = args.func(args, dag=self.dag)
          ^^^^^^^^^^^^^^^^^^^^^^^^^^^^^
  File "/home/airflow/.local/lib/python3.12/site-packages/airflow/cli/cli_config.py", line 49, in command
    return func(*args, **kwargs)
           ^^^^^^^^^^^^^^^^^^^^^
  File "/home/airflow/.local/lib/python3.12/site-packages/airflow/utils/cli.py", line 116, in wrapper
    return f(*args, **kwargs)
           ^^^^^^^^^^^^^^^^^^
  File "/home/airflow/.local/lib/python3.12/site-packages/airflow/cli/commands/task_command.py", line 483, in task_run
    task_return_code = _run_task_by_selected_method(args, _dag, ti)
                       ^^^^^^^^^^^^^^^^^^^^^^^^^^^^^^^^^^^^^^^^^^^^
  File "/home/airflow/.local/lib/python3.12/site-packages/airflow/cli/commands/task_command.py", line 256, in _run_task_by_selected_method
    return _run_raw_task(args, ti)
           ^^^^^^^^^^^^^^^^^^^^^^^
  File "/home/airflow/.local/lib/python3.12/site-packages/airflow/cli/commands/task_command.py", line 341, in _run_raw_task
    return ti._run_raw_task(
           ^^^^^^^^^^^^^^^^^
  File "/home/airflow/.local/lib/python3.12/site-packages/airflow/utils/session.py", line 97, in wrapper
    return func(*args, session=session, **kwargs)
           ^^^^^^^^^^^^^^^^^^^^^^^^^^^^^^^^^^^^^^
  File "/home/airflow/.local/lib/python3.12/site-packages/airflow/models/taskinstance.py", line 3006, in _run_raw_task
    return _run_raw_task(
           ^^^^^^^^^^^^^^
  File "/home/airflow/.local/lib/python3.12/site-packages/airflow/models/taskinstance.py", line 274, in _run_raw_task
    TaskInstance._execute_task_with_callbacks(
  File "/home/airflow/.local/lib/python3.12/site-packages/airflow/models/taskinstance.py", line 3161, in _execute_task_with_callbacks
    result = self._execute_task(context, task_orig)
             ^^^^^^^^^^^^^^^^^^^^^^^^^^^^^^^^^^^^^^
  File "/home/airflow/.local/lib/python3.12/site-packages/airflow/models/taskinstance.py", line 3185, in _execute_task
    return _execute_task(self, context, task_orig)
           ^^^^^^^^^^^^^^^^^^^^^^^^^^^^^^^^^^^^^^^
  File "/home/airflow/.local/lib/python3.12/site-packages/airflow/models/taskinstance.py", line 768, in _execute_task
    result = _execute_callable(context=context, **execute_callable_kwargs)
             ^^^^^^^^^^^^^^^^^^^^^^^^^^^^^^^^^^^^^^^^^^^^^^^^^^^^^^^^^^^^^
  File "/home/airflow/.local/lib/python3.12/site-packages/airflow/models/taskinstance.py", line 734, in _execute_callable
    return ExecutionCallableRunner(
           ^^^^^^^^^^^^^^^^^^^^^^^^
  File "/home/airflow/.local/lib/python3.12/site-packages/airflow/utils/operator_helpers.py", line 252, in run
    return self.func(*args, **kwargs)
           ^^^^^^^^^^^^^^^^^^^^^^^^^^
  File "/home/airflow/.local/lib/python3.12/site-packages/airflow/models/baseoperator.py", line 424, in wrapper
    return func(self, *args, **kwargs)
           ^^^^^^^^^^^^^^^^^^^^^^^^^^^
  File "/home/airflow/.local/lib/python3.12/site-packages/airflow/operators/python.py", line 238, in execute
    return_value = self.execute_callable()
                   ^^^^^^^^^^^^^^^^^^^^^^^
  File "/home/airflow/.local/lib/python3.12/site-packages/airflow/operators/python.py", line 256, in execute_callable
    return runner.run(*self.op_args, **self.op_kwargs)
           ^^^^^^^^^^^^^^^^^^^^^^^^^^^^^^^^^^^^^^^^^^^
  File "/home/airflow/.local/lib/python3.12/site-packages/airflow/utils/operator_helpers.py", line 252, in run
    return self.func(*args, **kwargs)
           ^^^^^^^^^^^^^^^^^^^^^^^^^^
  File "/opt/airflow/dags/tiki_extract_dag.py", line 179, in crawl_category
    parsed_item = parse_product(item, detailed_item)
                  ^^^^^^^^^^^^^^^^^^^^^^^^^^^^^^^^^^
  File "/opt/airflow/dags/tiki_extract_dag.py", line 90, in parse_product
    'seller_product_id': str(detailed_item.get('current_seller', {}).get('product_id', '')),
                             ^^^^^^^^^^^^^^^^^^^^^^^^^^^^^^^^^^^^^^^^^^^
AttributeError: 'NoneType' object has no attribute 'get'
[2025-03-11T14:22:26.680+0000] {local_task_job_runner.py:266} INFO - Task exited with return code 1
[2025-03-11T14:22:28.448+0000] {taskinstance.py:3901} INFO - 0 downstream tasks scheduled from follow-on schedule check
[2025-03-11T14:22:28.457+0000] {local_task_job_runner.py:245} INFO - ::endgroup::
