[2025-03-08T07:03:13.125+0000] {local_task_job_runner.py:123} INFO - ::group::Pre task execution logs
[2025-03-08T07:03:13.162+0000] {taskinstance.py:2614} INFO - Dependencies all met for dep_context=non-requeueable deps ti=<TaskInstance: tiki_extract_dag.extract_data manual__2025-03-08T07:03:05.833999+00:00 [queued]>
[2025-03-08T07:03:13.181+0000] {taskinstance.py:2614} INFO - Dependencies all met for dep_context=requeueable deps ti=<TaskInstance: tiki_extract_dag.extract_data manual__2025-03-08T07:03:05.833999+00:00 [queued]>
[2025-03-08T07:03:13.182+0000] {taskinstance.py:2867} INFO - Starting attempt 1 of 1
[2025-03-08T07:03:13.219+0000] {taskinstance.py:2890} INFO - Executing <Task(PythonOperator): extract_data> on 2025-03-08 07:03:05.833999+00:00
[2025-03-08T07:03:13.235+0000] {warnings.py:112} WARNING - /home/***/.local/lib/python3.12/site-packages/***/task/task_runner/standard_task_runner.py:70: DeprecationWarning: This process (pid=986) is multi-threaded, use of fork() may lead to deadlocks in the child.
  pid = os.fork()

[2025-03-08T07:03:13.239+0000] {standard_task_runner.py:72} INFO - Started process 988 to run task
[2025-03-08T07:03:13.239+0000] {standard_task_runner.py:104} INFO - Running: ['***', 'tasks', 'run', 'tiki_extract_dag', 'extract_data', 'manual__2025-03-08T07:03:05.833999+00:00', '--job-id', '54', '--raw', '--subdir', 'DAGS_FOLDER/tiki_extract_dag.py', '--cfg-path', '/tmp/tmpcduqr8xc']
[2025-03-08T07:03:13.241+0000] {standard_task_runner.py:105} INFO - Job 54: Subtask extract_data
[2025-03-08T07:03:13.333+0000] {task_command.py:467} INFO - Running <TaskInstance: tiki_extract_dag.extract_data manual__2025-03-08T07:03:05.833999+00:00 [running]> on host 4dc18dee7126
[2025-03-08T07:03:13.878+0000] {taskinstance.py:3134} INFO - Exporting env vars: AIRFLOW_CTX_DAG_OWNER='***' AIRFLOW_CTX_DAG_ID='tiki_extract_dag' AIRFLOW_CTX_TASK_ID='extract_data' AIRFLOW_CTX_EXECUTION_DATE='2025-03-08T07:03:05.833999+00:00' AIRFLOW_CTX_TRY_NUMBER='1' AIRFLOW_CTX_DAG_RUN_ID='manual__2025-03-08T07:03:05.833999+00:00'
[2025-03-08T07:03:13.880+0000] {logging_mixin.py:190} INFO - Task instance is in running state
[2025-03-08T07:03:13.881+0000] {logging_mixin.py:190} INFO -  Previous state of the Task instance: queued
[2025-03-08T07:03:13.882+0000] {logging_mixin.py:190} INFO - Current task name:extract_data state:running start_date:2025-03-08 07:03:13.164270+00:00
[2025-03-08T07:03:13.883+0000] {logging_mixin.py:190} INFO - Dag name:tiki_extract_dag and current dag run status:running
[2025-03-08T07:03:13.884+0000] {taskinstance.py:732} INFO - ::endgroup::
[2025-03-08T07:03:14.684+0000] {crawl_data.py:100} INFO - Crawling category lam-dep-suc-khoe with 10 pages
[2025-03-08T07:03:15.011+0000] {crawl_data.py:117} INFO - Extracted page 1 - lam-dep-suc-khoe, 10 items, total extracted: 10
[2025-03-08T07:03:18.448+0000] {crawl_data.py:117} INFO - Extracted page 2 - lam-dep-suc-khoe, 10 items, total extracted: 20
[2025-03-08T07:03:23.124+0000] {crawl_data.py:117} INFO - Extracted page 3 - lam-dep-suc-khoe, 10 items, total extracted: 30
[2025-03-08T07:03:26.931+0000] {crawl_data.py:117} INFO - Extracted page 4 - lam-dep-suc-khoe, 10 items, total extracted: 40
[2025-03-08T07:03:30.471+0000] {crawl_data.py:117} INFO - Extracted page 5 - lam-dep-suc-khoe, 10 items, total extracted: 50
[2025-03-08T07:03:34.252+0000] {crawl_data.py:117} INFO - Extracted page 6 - lam-dep-suc-khoe, 10 items, total extracted: 60
[2025-03-08T07:03:37.966+0000] {crawl_data.py:117} INFO - Extracted page 7 - lam-dep-suc-khoe, 10 items, total extracted: 70
[2025-03-08T07:03:40.345+0000] {crawl_data.py:117} INFO - Extracted page 8 - lam-dep-suc-khoe, 10 items, total extracted: 80
[2025-03-08T07:03:45.165+0000] {crawl_data.py:117} INFO - Extracted page 9 - lam-dep-suc-khoe, 10 items, total extracted: 90
[2025-03-08T07:03:47.775+0000] {crawl_data.py:117} INFO - Extracted page 10 - lam-dep-suc-khoe, 10 items, total extracted: 100
[2025-03-08T07:03:50.210+0000] {crawl_data.py:100} INFO - Crawling category dien-thoai-may-tinh-bang with 10 pages
[2025-03-08T07:03:50.446+0000] {crawl_data.py:117} INFO - Extracted page 1 - dien-thoai-may-tinh-bang, 10 items, total extracted: 110
[2025-03-08T07:03:54.937+0000] {crawl_data.py:117} INFO - Extracted page 2 - dien-thoai-may-tinh-bang, 10 items, total extracted: 120
[2025-03-08T07:03:57.832+0000] {crawl_data.py:117} INFO - Extracted page 3 - dien-thoai-may-tinh-bang, 10 items, total extracted: 130
[2025-03-08T07:04:01.586+0000] {crawl_data.py:117} INFO - Extracted page 4 - dien-thoai-may-tinh-bang, 10 items, total extracted: 140
[2025-03-08T07:04:06.073+0000] {crawl_data.py:117} INFO - Extracted page 5 - dien-thoai-may-tinh-bang, 10 items, total extracted: 150
[2025-03-08T07:04:08.909+0000] {crawl_data.py:117} INFO - Extracted page 6 - dien-thoai-may-tinh-bang, 10 items, total extracted: 160
[2025-03-08T07:04:11.732+0000] {crawl_data.py:117} INFO - Extracted page 7 - dien-thoai-may-tinh-bang, 10 items, total extracted: 170
[2025-03-08T07:04:14.145+0000] {crawl_data.py:117} INFO - Extracted page 8 - dien-thoai-may-tinh-bang, 10 items, total extracted: 180
[2025-03-08T07:04:16.936+0000] {crawl_data.py:117} INFO - Extracted page 9 - dien-thoai-may-tinh-bang, 10 items, total extracted: 190
[2025-03-08T07:04:21.599+0000] {crawl_data.py:117} INFO - Extracted page 10 - dien-thoai-may-tinh-bang, 10 items, total extracted: 200
[2025-03-08T07:04:25.197+0000] {crawl_data.py:100} INFO - Crawling category laptop-may-vi-tinh-linh-kien with 10 pages
[2025-03-08T07:04:25.413+0000] {crawl_data.py:117} INFO - Extracted page 1 - laptop-may-vi-tinh-linh-kien, 10 items, total extracted: 210
[2025-03-08T07:04:29.293+0000] {crawl_data.py:117} INFO - Extracted page 2 - laptop-may-vi-tinh-linh-kien, 10 items, total extracted: 220
[2025-03-08T07:04:34.052+0000] {crawl_data.py:117} INFO - Extracted page 3 - laptop-may-vi-tinh-linh-kien, 10 items, total extracted: 230
[2025-03-08T07:04:37.335+0000] {crawl_data.py:117} INFO - Extracted page 4 - laptop-may-vi-tinh-linh-kien, 10 items, total extracted: 240
[2025-03-08T07:04:41.310+0000] {crawl_data.py:117} INFO - Extracted page 5 - laptop-may-vi-tinh-linh-kien, 10 items, total extracted: 250
[2025-03-08T07:04:44.395+0000] {crawl_data.py:117} INFO - Extracted page 6 - laptop-may-vi-tinh-linh-kien, 10 items, total extracted: 260
[2025-03-08T07:04:47.481+0000] {crawl_data.py:117} INFO - Extracted page 7 - laptop-may-vi-tinh-linh-kien, 10 items, total extracted: 270
[2025-03-08T07:04:51.589+0000] {crawl_data.py:117} INFO - Extracted page 8 - laptop-may-vi-tinh-linh-kien, 10 items, total extracted: 280
[2025-03-08T07:04:55.597+0000] {crawl_data.py:117} INFO - Extracted page 9 - laptop-may-vi-tinh-linh-kien, 10 items, total extracted: 290
[2025-03-08T07:04:58.121+0000] {crawl_data.py:117} INFO - Extracted page 10 - laptop-may-vi-tinh-linh-kien, 10 items, total extracted: 300
[2025-03-08T07:05:01.401+0000] {crawl_data.py:100} INFO - Crawling category dien-gia-dung with 10 pages
[2025-03-08T07:05:01.699+0000] {crawl_data.py:117} INFO - Extracted page 1 - dien-gia-dung, 10 items, total extracted: 310
[2025-03-08T07:05:06.621+0000] {crawl_data.py:117} INFO - Extracted page 2 - dien-gia-dung, 10 items, total extracted: 320
[2025-03-08T07:05:11.295+0000] {crawl_data.py:117} INFO - Extracted page 3 - dien-gia-dung, 10 items, total extracted: 330
[2025-03-08T07:05:14.827+0000] {crawl_data.py:117} INFO - Extracted page 4 - dien-gia-dung, 10 items, total extracted: 340
[2025-03-08T07:05:18.123+0000] {crawl_data.py:117} INFO - Extracted page 5 - dien-gia-dung, 10 items, total extracted: 350
[2025-03-08T07:05:20.855+0000] {crawl_data.py:117} INFO - Extracted page 6 - dien-gia-dung, 10 items, total extracted: 360
[2025-03-08T07:05:24.022+0000] {crawl_data.py:117} INFO - Extracted page 7 - dien-gia-dung, 10 items, total extracted: 370
[2025-03-08T07:05:26.697+0000] {crawl_data.py:117} INFO - Extracted page 8 - dien-gia-dung, 10 items, total extracted: 380
[2025-03-08T07:05:31.201+0000] {crawl_data.py:117} INFO - Extracted page 9 - dien-gia-dung, 10 items, total extracted: 390
[2025-03-08T07:05:36.554+0000] {crawl_data.py:117} INFO - Extracted page 10 - dien-gia-dung, 10 items, total extracted: 400
[2025-03-08T07:05:39.605+0000] {crawl_data.py:100} INFO - Crawling category sach with 10 pages
[2025-03-08T07:05:39.800+0000] {crawl_data.py:117} INFO - Extracted page 1 - sach, 10 items, total extracted: 410
[2025-03-08T07:05:42.759+0000] {crawl_data.py:117} INFO - Extracted page 2 - sach, 10 items, total extracted: 420
[2025-03-08T07:05:46.037+0000] {crawl_data.py:117} INFO - Extracted page 3 - sach, 10 items, total extracted: 430
[2025-03-08T07:05:50.943+0000] {crawl_data.py:117} INFO - Extracted page 4 - sach, 10 items, total extracted: 440
[2025-03-08T07:05:53.501+0000] {crawl_data.py:117} INFO - Extracted page 5 - sach, 10 items, total extracted: 450
[2025-03-08T07:05:56.088+0000] {crawl_data.py:117} INFO - Extracted page 6 - sach, 10 items, total extracted: 460
[2025-03-08T07:06:00.082+0000] {crawl_data.py:117} INFO - Extracted page 7 - sach, 10 items, total extracted: 470
[2025-03-08T07:06:02.602+0000] {crawl_data.py:117} INFO - Extracted page 8 - sach, 10 items, total extracted: 480
[2025-03-08T07:06:06.679+0000] {crawl_data.py:117} INFO - Extracted page 9 - sach, 10 items, total extracted: 490
[2025-03-08T07:06:08.961+0000] {crawl_data.py:117} INFO - Extracted page 10 - sach, 10 items, total extracted: 500
[2025-03-08T07:06:11.803+0000] {crawl_data.py:100} INFO - Crawling category thiet-bi-kts-phu-kien-so with 10 pages
[2025-03-08T07:06:11.988+0000] {crawl_data.py:117} INFO - Extracted page 1 - thiet-bi-kts-phu-kien-so, 10 items, total extracted: 510
[2025-03-08T07:06:15.352+0000] {crawl_data.py:117} INFO - Extracted page 2 - thiet-bi-kts-phu-kien-so, 10 items, total extracted: 520
[2025-03-08T07:06:19.189+0000] {crawl_data.py:117} INFO - Extracted page 3 - thiet-bi-kts-phu-kien-so, 10 items, total extracted: 530
[2025-03-08T07:06:22.483+0000] {crawl_data.py:117} INFO - Extracted page 4 - thiet-bi-kts-phu-kien-so, 10 items, total extracted: 540
[2025-03-08T07:06:27.310+0000] {crawl_data.py:117} INFO - Extracted page 5 - thiet-bi-kts-phu-kien-so, 10 items, total extracted: 550
[2025-03-08T07:06:32.129+0000] {crawl_data.py:117} INFO - Extracted page 6 - thiet-bi-kts-phu-kien-so, 10 items, total extracted: 560
[2025-03-08T07:06:37.182+0000] {crawl_data.py:117} INFO - Extracted page 7 - thiet-bi-kts-phu-kien-so, 10 items, total extracted: 570
[2025-03-08T07:06:39.799+0000] {crawl_data.py:117} INFO - Extracted page 8 - thiet-bi-kts-phu-kien-so, 10 items, total extracted: 580
[2025-03-08T07:06:43.795+0000] {crawl_data.py:117} INFO - Extracted page 9 - thiet-bi-kts-phu-kien-so, 10 items, total extracted: 590
[2025-03-08T07:06:48.035+0000] {crawl_data.py:117} INFO - Extracted page 10 - thiet-bi-kts-phu-kien-so, 10 items, total extracted: 600
[2025-03-08T07:06:50.582+0000] {crawl_data.py:100} INFO - Crawling category thoi-trang-nu with 10 pages
[2025-03-08T07:06:51.051+0000] {crawl_data.py:117} INFO - Extracted page 1 - thoi-trang-nu, 10 items, total extracted: 610
[2025-03-08T07:06:56.032+0000] {crawl_data.py:117} INFO - Extracted page 2 - thoi-trang-nu, 10 items, total extracted: 620
[2025-03-08T07:06:59.068+0000] {crawl_data.py:117} INFO - Extracted page 3 - thoi-trang-nu, 10 items, total extracted: 630
[2025-03-08T07:07:02.933+0000] {crawl_data.py:117} INFO - Extracted page 4 - thoi-trang-nu, 10 items, total extracted: 640
[2025-03-08T07:07:08.161+0000] {crawl_data.py:117} INFO - Extracted page 5 - thoi-trang-nu, 10 items, total extracted: 650
[2025-03-08T07:07:11.502+0000] {crawl_data.py:117} INFO - Extracted page 6 - thoi-trang-nu, 10 items, total extracted: 660
[2025-03-08T07:07:16.107+0000] {crawl_data.py:117} INFO - Extracted page 7 - thoi-trang-nu, 10 items, total extracted: 670
[2025-03-08T07:07:19.022+0000] {crawl_data.py:117} INFO - Extracted page 8 - thoi-trang-nu, 10 items, total extracted: 680
[2025-03-08T07:07:21.417+0000] {crawl_data.py:117} INFO - Extracted page 9 - thoi-trang-nu, 10 items, total extracted: 690
[2025-03-08T07:07:24.536+0000] {crawl_data.py:117} INFO - Extracted page 10 - thoi-trang-nu, 10 items, total extracted: 700
[2025-03-08T07:07:28.086+0000] {crawl_data.py:100} INFO - Crawling category thoi-trang-nam with 10 pages
[2025-03-08T07:07:28.510+0000] {crawl_data.py:117} INFO - Extracted page 1 - thoi-trang-nam, 10 items, total extracted: 710
[2025-03-08T07:07:32.457+0000] {crawl_data.py:117} INFO - Extracted page 2 - thoi-trang-nam, 10 items, total extracted: 720
[2025-03-08T07:07:35.806+0000] {crawl_data.py:117} INFO - Extracted page 3 - thoi-trang-nam, 10 items, total extracted: 730
[2025-03-08T07:07:41.096+0000] {crawl_data.py:117} INFO - Extracted page 4 - thoi-trang-nam, 10 items, total extracted: 740
[2025-03-08T07:07:46.290+0000] {crawl_data.py:117} INFO - Extracted page 5 - thoi-trang-nam, 10 items, total extracted: 750
[2025-03-08T07:07:51.303+0000] {crawl_data.py:117} INFO - Extracted page 6 - thoi-trang-nam, 10 items, total extracted: 760
[2025-03-08T07:07:53.782+0000] {crawl_data.py:117} INFO - Extracted page 7 - thoi-trang-nam, 10 items, total extracted: 770
[2025-03-08T07:07:58.913+0000] {crawl_data.py:117} INFO - Extracted page 8 - thoi-trang-nam, 10 items, total extracted: 780
[2025-03-08T07:08:03.059+0000] {crawl_data.py:117} INFO - Extracted page 9 - thoi-trang-nam, 10 items, total extracted: 790
[2025-03-08T07:08:07.163+0000] {crawl_data.py:117} INFO - Extracted page 10 - thoi-trang-nam, 10 items, total extracted: 800
[2025-03-08T07:08:11.582+0000] {crawl_data.py:100} INFO - Crawling category dong-ho-va-trang-suc with 10 pages
[2025-03-08T07:08:12.024+0000] {crawl_data.py:117} INFO - Extracted page 1 - dong-ho-va-trang-suc, 10 items, total extracted: 810
[2025-03-08T07:08:16.712+0000] {crawl_data.py:117} INFO - Extracted page 2 - dong-ho-va-trang-suc, 10 items, total extracted: 820
[2025-03-08T07:08:19.996+0000] {crawl_data.py:117} INFO - Extracted page 3 - dong-ho-va-trang-suc, 10 items, total extracted: 830
[2025-03-08T07:08:23.450+0000] {crawl_data.py:117} INFO - Extracted page 4 - dong-ho-va-trang-suc, 10 items, total extracted: 840
[2025-03-08T07:08:28.763+0000] {crawl_data.py:117} INFO - Extracted page 5 - dong-ho-va-trang-suc, 10 items, total extracted: 850
[2025-03-08T07:08:33.158+0000] {crawl_data.py:117} INFO - Extracted page 6 - dong-ho-va-trang-suc, 10 items, total extracted: 860
[2025-03-08T07:08:38.282+0000] {crawl_data.py:117} INFO - Extracted page 7 - dong-ho-va-trang-suc, 10 items, total extracted: 870
[2025-03-08T07:08:41.924+0000] {crawl_data.py:117} INFO - Extracted page 8 - dong-ho-va-trang-suc, 10 items, total extracted: 880
[2025-03-08T07:08:45.762+0000] {crawl_data.py:117} INFO - Extracted page 9 - dong-ho-va-trang-suc, 10 items, total extracted: 890
[2025-03-08T07:08:50.039+0000] {crawl_data.py:117} INFO - Extracted page 10 - dong-ho-va-trang-suc, 10 items, total extracted: 900
[2025-03-08T07:08:52.378+0000] {crawl_data.py:100} INFO - Crawling category dien-tu-dien-lanh with 10 pages
[2025-03-08T07:08:52.782+0000] {crawl_data.py:117} INFO - Extracted page 1 - dien-tu-dien-lanh, 10 items, total extracted: 910
[2025-03-08T07:08:57.404+0000] {crawl_data.py:117} INFO - Extracted page 2 - dien-tu-dien-lanh, 10 items, total extracted: 920
[2025-03-08T07:09:01.679+0000] {crawl_data.py:117} INFO - Extracted page 3 - dien-tu-dien-lanh, 10 items, total extracted: 930
[2025-03-08T07:09:05.218+0000] {crawl_data.py:117} INFO - Extracted page 4 - dien-tu-dien-lanh, 10 items, total extracted: 940
[2025-03-08T07:09:10.440+0000] {crawl_data.py:117} INFO - Extracted page 5 - dien-tu-dien-lanh, 10 items, total extracted: 950
[2025-03-08T07:09:13.092+0000] {crawl_data.py:117} INFO - Extracted page 6 - dien-tu-dien-lanh, 10 items, total extracted: 960
[2025-03-08T07:09:15.544+0000] {crawl_data.py:117} INFO - Extracted page 7 - dien-tu-dien-lanh, 10 items, total extracted: 970
[2025-03-08T07:09:19.258+0000] {crawl_data.py:117} INFO - Extracted page 8 - dien-tu-dien-lanh, 10 items, total extracted: 980
[2025-03-08T07:09:23.734+0000] {crawl_data.py:117} INFO - Extracted page 9 - dien-tu-dien-lanh, 10 items, total extracted: 990
[2025-03-08T07:09:27.037+0000] {crawl_data.py:117} INFO - Extracted page 10 - dien-tu-dien-lanh, 10 items, total extracted: 1000
[2025-03-08T07:09:34.111+0000] {crawl_data.py:139} ERROR - Error uploading to GCS: sequence item 0: expected str instance, int found
[2025-03-08T07:09:34.114+0000] {taskinstance.py:3313} ERROR - Task failed with exception
Traceback (most recent call last):
  File "/home/airflow/.local/lib/python3.12/site-packages/airflow/models/taskinstance.py", line 768, in _execute_task
    result = _execute_callable(context=context, **execute_callable_kwargs)
             ^^^^^^^^^^^^^^^^^^^^^^^^^^^^^^^^^^^^^^^^^^^^^^^^^^^^^^^^^^^^^
  File "/home/airflow/.local/lib/python3.12/site-packages/airflow/models/taskinstance.py", line 734, in _execute_callable
    return ExecutionCallableRunner(
           ^^^^^^^^^^^^^^^^^^^^^^^^
  File "/home/airflow/.local/lib/python3.12/site-packages/airflow/utils/operator_helpers.py", line 252, in run
    return self.func(*args, **kwargs)
           ^^^^^^^^^^^^^^^^^^^^^^^^^^
  File "/home/airflow/.local/lib/python3.12/site-packages/airflow/models/baseoperator.py", line 424, in wrapper
    return func(self, *args, **kwargs)
           ^^^^^^^^^^^^^^^^^^^^^^^^^^^
  File "/home/airflow/.local/lib/python3.12/site-packages/airflow/operators/python.py", line 238, in execute
    return_value = self.execute_callable()
                   ^^^^^^^^^^^^^^^^^^^^^^^
  File "/home/airflow/.local/lib/python3.12/site-packages/airflow/operators/python.py", line 256, in execute_callable
    return runner.run(*self.op_args, **self.op_kwargs)
           ^^^^^^^^^^^^^^^^^^^^^^^^^^^^^^^^^^^^^^^^^^^
  File "/home/airflow/.local/lib/python3.12/site-packages/airflow/utils/operator_helpers.py", line 252, in run
    return self.func(*args, **kwargs)
           ^^^^^^^^^^^^^^^^^^^^^^^^^^
  File "/opt/airflow/dags/scripts/crawl_data.py", line 133, in extract_data
    update_crawled_product_ids(bucket_name, new_ids, crawled_products_path)
  File "/opt/airflow/dags/scripts/crawl_data.py", line 33, in update_crawled_product_ids
    blob.upload_from_string('\n'.join(updated_ids))
                            ^^^^^^^^^^^^^^^^^^^^^^
TypeError: sequence item 0: expected str instance, int found
[2025-03-08T07:09:34.160+0000] {logging_mixin.py:190} INFO - Task instance in failure state
[2025-03-08T07:09:34.162+0000] {logging_mixin.py:190} INFO - Task start:2025-03-08 07:03:13.164270+00:00 end:2025-03-08 07:09:34.158451+00:00 duration:380.994181
[2025-03-08T07:09:34.163+0000] {logging_mixin.py:190} INFO - Task:<Task(PythonOperator): extract_data> dag:<DAG: tiki_extract_dag> dagrun:<DagRun tiki_extract_dag @ 2025-03-08 07:03:05.833999+00:00: manual__2025-03-08T07:03:05.833999+00:00, state:running, queued_at: 2025-03-08 07:03:05.892372+00:00. externally triggered: True>
[2025-03-08T07:09:34.164+0000] {logging_mixin.py:190} INFO - Failure caused by sequence item 0: expected str instance, int found
[2025-03-08T07:09:34.165+0000] {taskinstance.py:1226} INFO - Marking task as FAILED. dag_id=tiki_extract_dag, task_id=extract_data, run_id=manual__2025-03-08T07:03:05.833999+00:00, execution_date=20250308T070305, start_date=20250308T070313, end_date=20250308T070934
[2025-03-08T07:09:34.263+0000] {taskinstance.py:341} INFO - ::group::Post task execution logs
[2025-03-08T07:09:34.265+0000] {standard_task_runner.py:124} ERROR - Failed to execute job 54 for task extract_data (sequence item 0: expected str instance, int found; 988)
Traceback (most recent call last):
  File "/home/airflow/.local/lib/python3.12/site-packages/airflow/task/task_runner/standard_task_runner.py", line 117, in _start_by_fork
    ret = args.func(args, dag=self.dag)
          ^^^^^^^^^^^^^^^^^^^^^^^^^^^^^
  File "/home/airflow/.local/lib/python3.12/site-packages/airflow/cli/cli_config.py", line 49, in command
    return func(*args, **kwargs)
           ^^^^^^^^^^^^^^^^^^^^^
  File "/home/airflow/.local/lib/python3.12/site-packages/airflow/utils/cli.py", line 116, in wrapper
    return f(*args, **kwargs)
           ^^^^^^^^^^^^^^^^^^
  File "/home/airflow/.local/lib/python3.12/site-packages/airflow/cli/commands/task_command.py", line 483, in task_run
    task_return_code = _run_task_by_selected_method(args, _dag, ti)
                       ^^^^^^^^^^^^^^^^^^^^^^^^^^^^^^^^^^^^^^^^^^^^
  File "/home/airflow/.local/lib/python3.12/site-packages/airflow/cli/commands/task_command.py", line 256, in _run_task_by_selected_method
    return _run_raw_task(args, ti)
           ^^^^^^^^^^^^^^^^^^^^^^^
  File "/home/airflow/.local/lib/python3.12/site-packages/airflow/cli/commands/task_command.py", line 341, in _run_raw_task
    return ti._run_raw_task(
           ^^^^^^^^^^^^^^^^^
  File "/home/airflow/.local/lib/python3.12/site-packages/airflow/utils/session.py", line 97, in wrapper
    return func(*args, session=session, **kwargs)
           ^^^^^^^^^^^^^^^^^^^^^^^^^^^^^^^^^^^^^^
  File "/home/airflow/.local/lib/python3.12/site-packages/airflow/models/taskinstance.py", line 3006, in _run_raw_task
    return _run_raw_task(
           ^^^^^^^^^^^^^^
  File "/home/airflow/.local/lib/python3.12/site-packages/airflow/models/taskinstance.py", line 274, in _run_raw_task
    TaskInstance._execute_task_with_callbacks(
  File "/home/airflow/.local/lib/python3.12/site-packages/airflow/models/taskinstance.py", line 3161, in _execute_task_with_callbacks
    result = self._execute_task(context, task_orig)
             ^^^^^^^^^^^^^^^^^^^^^^^^^^^^^^^^^^^^^^
  File "/home/airflow/.local/lib/python3.12/site-packages/airflow/models/taskinstance.py", line 3185, in _execute_task
    return _execute_task(self, context, task_orig)
           ^^^^^^^^^^^^^^^^^^^^^^^^^^^^^^^^^^^^^^^
  File "/home/airflow/.local/lib/python3.12/site-packages/airflow/models/taskinstance.py", line 768, in _execute_task
    result = _execute_callable(context=context, **execute_callable_kwargs)
             ^^^^^^^^^^^^^^^^^^^^^^^^^^^^^^^^^^^^^^^^^^^^^^^^^^^^^^^^^^^^^
  File "/home/airflow/.local/lib/python3.12/site-packages/airflow/models/taskinstance.py", line 734, in _execute_callable
    return ExecutionCallableRunner(
           ^^^^^^^^^^^^^^^^^^^^^^^^
  File "/home/airflow/.local/lib/python3.12/site-packages/airflow/utils/operator_helpers.py", line 252, in run
    return self.func(*args, **kwargs)
           ^^^^^^^^^^^^^^^^^^^^^^^^^^
  File "/home/airflow/.local/lib/python3.12/site-packages/airflow/models/baseoperator.py", line 424, in wrapper
    return func(self, *args, **kwargs)
           ^^^^^^^^^^^^^^^^^^^^^^^^^^^
  File "/home/airflow/.local/lib/python3.12/site-packages/airflow/operators/python.py", line 238, in execute
    return_value = self.execute_callable()
                   ^^^^^^^^^^^^^^^^^^^^^^^
  File "/home/airflow/.local/lib/python3.12/site-packages/airflow/operators/python.py", line 256, in execute_callable
    return runner.run(*self.op_args, **self.op_kwargs)
           ^^^^^^^^^^^^^^^^^^^^^^^^^^^^^^^^^^^^^^^^^^^
  File "/home/airflow/.local/lib/python3.12/site-packages/airflow/utils/operator_helpers.py", line 252, in run
    return self.func(*args, **kwargs)
           ^^^^^^^^^^^^^^^^^^^^^^^^^^
  File "/opt/airflow/dags/scripts/crawl_data.py", line 133, in extract_data
    update_crawled_product_ids(bucket_name, new_ids, crawled_products_path)
  File "/opt/airflow/dags/scripts/crawl_data.py", line 33, in update_crawled_product_ids
    blob.upload_from_string('\n'.join(updated_ids))
                            ^^^^^^^^^^^^^^^^^^^^^^
TypeError: sequence item 0: expected str instance, int found
[2025-03-08T07:09:34.374+0000] {local_task_job_runner.py:266} INFO - Task exited with return code 1
[2025-03-08T07:09:34.423+0000] {taskinstance.py:3901} INFO - 0 downstream tasks scheduled from follow-on schedule check
[2025-03-08T07:09:34.427+0000] {local_task_job_runner.py:245} INFO - ::endgroup::
