[2025-03-12T08:29:20.066+0000] {local_task_job_runner.py:123} INFO - ::group::Pre task execution logs
[2025-03-12T08:29:20.096+0000] {taskinstance.py:2614} INFO - Dependencies all met for dep_context=non-requeueable deps ti=<TaskInstance: tiki_etl_orchestration.load_data manual__2025-03-12T07:25:45.518022+00:00 [queued]>
[2025-03-12T08:29:20.285+0000] {taskinstance.py:2614} INFO - Dependencies all met for dep_context=requeueable deps ti=<TaskInstance: tiki_etl_orchestration.load_data manual__2025-03-12T07:25:45.518022+00:00 [queued]>
[2025-03-12T08:29:20.286+0000] {taskinstance.py:2867} INFO - Starting attempt 3 of 4
[2025-03-12T08:29:20.301+0000] {taskinstance.py:2890} INFO - Executing <Task(TriggerDagRunOperator): load_data> on 2025-03-12 07:25:45.518022+00:00
[2025-03-12T08:29:20.312+0000] {warnings.py:112} WARNING - /home/***/.local/lib/python3.12/site-packages/***/task/task_runner/standard_task_runner.py:70: DeprecationWarning: This process (pid=1192) is multi-threaded, use of fork() may lead to deadlocks in the child.
  pid = os.fork()

[2025-03-12T08:29:20.314+0000] {standard_task_runner.py:72} INFO - Started process 1201 to run task
[2025-03-12T08:29:20.314+0000] {standard_task_runner.py:104} INFO - Running: ['***', 'tasks', 'run', 'tiki_etl_orchestration', 'load_data', 'manual__2025-03-12T07:25:45.518022+00:00', '--job-id', '723', '--raw', '--subdir', 'DAGS_FOLDER/tiki_etl_orchestration.py', '--cfg-path', '/tmp/tmp0iz2kal9']
[2025-03-12T08:29:20.315+0000] {standard_task_runner.py:105} INFO - Job 723: Subtask load_data
[2025-03-12T08:29:20.369+0000] {task_command.py:467} INFO - Running <TaskInstance: tiki_etl_orchestration.load_data manual__2025-03-12T07:25:45.518022+00:00 [running]> on host 3905098656d4
[2025-03-12T08:29:20.480+0000] {taskinstance.py:3134} INFO - Exporting env vars: AIRFLOW_CTX_DAG_OWNER='***' AIRFLOW_CTX_DAG_ID='tiki_etl_orchestration' AIRFLOW_CTX_TASK_ID='load_data' AIRFLOW_CTX_EXECUTION_DATE='2025-03-12T07:25:45.518022+00:00' AIRFLOW_CTX_TRY_NUMBER='3' AIRFLOW_CTX_DAG_RUN_ID='manual__2025-03-12T07:25:45.518022+00:00'
[2025-03-12T08:29:20.482+0000] {logging_mixin.py:190} INFO - Task instance is in running state
[2025-03-12T08:29:20.482+0000] {logging_mixin.py:190} INFO -  Previous state of the Task instance: queued
[2025-03-12T08:29:20.483+0000] {logging_mixin.py:190} INFO - Current task name:load_data state:running start_date:2025-03-12 08:29:20.097750+00:00
[2025-03-12T08:29:20.483+0000] {logging_mixin.py:190} INFO - Dag name:tiki_etl_orchestration and current dag run status:running
[2025-03-12T08:29:20.484+0000] {taskinstance.py:732} INFO - ::endgroup::
[2025-03-12T08:29:20.574+0000] {trigger_dagrun.py:257} INFO - Waiting for tiki_load_dag on 2025-03-12 08:29:20.484902+00:00 to become allowed state ['success'] ...
[2025-03-12T08:30:20.584+0000] {trigger_dagrun.py:257} INFO - Waiting for tiki_load_dag on 2025-03-12 08:29:20.484902+00:00 to become allowed state ['success'] ...
[2025-03-12T08:31:20.591+0000] {trigger_dagrun.py:257} INFO - Waiting for tiki_load_dag on 2025-03-12 08:29:20.484902+00:00 to become allowed state ['success'] ...
[2025-03-12T08:32:20.596+0000] {trigger_dagrun.py:257} INFO - Waiting for tiki_load_dag on 2025-03-12 08:29:20.484902+00:00 to become allowed state ['success'] ...
