[2025-03-12T08:08:16.578+0000] {local_task_job_runner.py:123} INFO - ::group::Pre task execution logs
[2025-03-12T08:08:16.610+0000] {taskinstance.py:2614} INFO - Dependencies all met for dep_context=non-requeueable deps ti=<TaskInstance: tiki_etl_orchestration.load_data manual__2025-03-12T07:25:45.518022+00:00 [queued]>
[2025-03-12T08:08:16.881+0000] {taskinstance.py:2614} INFO - Dependencies all met for dep_context=requeueable deps ti=<TaskInstance: tiki_etl_orchestration.load_data manual__2025-03-12T07:25:45.518022+00:00 [queued]>
[2025-03-12T08:08:16.883+0000] {taskinstance.py:2867} INFO - Starting attempt 2 of 4
[2025-03-12T08:08:16.944+0000] {taskinstance.py:2890} INFO - Executing <Task(TriggerDagRunOperator): load_data> on 2025-03-12 07:25:45.518022+00:00
[2025-03-12T08:08:16.968+0000] {warnings.py:112} WARNING - /home/***/.local/lib/python3.12/site-packages/***/task/task_runner/standard_task_runner.py:70: DeprecationWarning: This process (pid=885) is multi-threaded, use of fork() may lead to deadlocks in the child.
  pid = os.fork()

[2025-03-12T08:08:16.972+0000] {standard_task_runner.py:104} INFO - Running: ['***', 'tasks', 'run', 'tiki_etl_orchestration', 'load_data', 'manual__2025-03-12T07:25:45.518022+00:00', '--job-id', '711', '--raw', '--subdir', 'DAGS_FOLDER/tiki_etl_orchestration.py', '--cfg-path', '/tmp/tmpmzaa415p']
[2025-03-12T08:08:16.974+0000] {standard_task_runner.py:72} INFO - Started process 887 to run task
[2025-03-12T08:08:16.974+0000] {standard_task_runner.py:105} INFO - Job 711: Subtask load_data
[2025-03-12T08:08:17.084+0000] {task_command.py:467} INFO - Running <TaskInstance: tiki_etl_orchestration.load_data manual__2025-03-12T07:25:45.518022+00:00 [running]> on host 3905098656d4
[2025-03-12T08:08:17.232+0000] {taskinstance.py:3134} INFO - Exporting env vars: AIRFLOW_CTX_DAG_OWNER='***' AIRFLOW_CTX_DAG_ID='tiki_etl_orchestration' AIRFLOW_CTX_TASK_ID='load_data' AIRFLOW_CTX_EXECUTION_DATE='2025-03-12T07:25:45.518022+00:00' AIRFLOW_CTX_TRY_NUMBER='2' AIRFLOW_CTX_DAG_RUN_ID='manual__2025-03-12T07:25:45.518022+00:00'
[2025-03-12T08:08:17.234+0000] {logging_mixin.py:190} INFO - Task instance is in running state
[2025-03-12T08:08:17.235+0000] {logging_mixin.py:190} INFO -  Previous state of the Task instance: queued
[2025-03-12T08:08:17.236+0000] {logging_mixin.py:190} INFO - Current task name:load_data state:running start_date:2025-03-12 08:08:16.611574+00:00
[2025-03-12T08:08:17.236+0000] {logging_mixin.py:190} INFO - Dag name:tiki_etl_orchestration and current dag run status:running
[2025-03-12T08:08:17.237+0000] {taskinstance.py:732} INFO - ::endgroup::
[2025-03-12T08:08:17.369+0000] {trigger_dagrun.py:257} INFO - Waiting for tiki_load_dag on 2025-03-12 08:08:17.237863+00:00 to become allowed state ['success'] ...
[2025-03-12T08:09:17.375+0000] {trigger_dagrun.py:257} INFO - Waiting for tiki_load_dag on 2025-03-12 08:08:17.237863+00:00 to become allowed state ['success'] ...
[2025-03-12T08:10:17.382+0000] {trigger_dagrun.py:257} INFO - Waiting for tiki_load_dag on 2025-03-12 08:08:17.237863+00:00 to become allowed state ['success'] ...
[2025-03-12T08:11:17.394+0000] {trigger_dagrun.py:257} INFO - Waiting for tiki_load_dag on 2025-03-12 08:08:17.237863+00:00 to become allowed state ['success'] ...
[2025-03-12T08:12:17.401+0000] {trigger_dagrun.py:257} INFO - Waiting for tiki_load_dag on 2025-03-12 08:08:17.237863+00:00 to become allowed state ['success'] ...
[2025-03-12T08:13:17.406+0000] {trigger_dagrun.py:257} INFO - Waiting for tiki_load_dag on 2025-03-12 08:08:17.237863+00:00 to become allowed state ['success'] ...
[2025-03-12T08:14:17.411+0000] {trigger_dagrun.py:257} INFO - Waiting for tiki_load_dag on 2025-03-12 08:08:17.237863+00:00 to become allowed state ['success'] ...
[2025-03-12T08:15:17.417+0000] {trigger_dagrun.py:257} INFO - Waiting for tiki_load_dag on 2025-03-12 08:08:17.237863+00:00 to become allowed state ['success'] ...
[2025-03-12T08:16:17.432+0000] {trigger_dagrun.py:257} INFO - Waiting for tiki_load_dag on 2025-03-12 08:08:17.237863+00:00 to become allowed state ['success'] ...
[2025-03-12T08:17:17.442+0000] {trigger_dagrun.py:257} INFO - Waiting for tiki_load_dag on 2025-03-12 08:08:17.237863+00:00 to become allowed state ['success'] ...
[2025-03-12T08:18:17.448+0000] {trigger_dagrun.py:257} INFO - Waiting for tiki_load_dag on 2025-03-12 08:08:17.237863+00:00 to become allowed state ['success'] ...
[2025-03-12T08:19:17.466+0000] {trigger_dagrun.py:257} INFO - Waiting for tiki_load_dag on 2025-03-12 08:08:17.237863+00:00 to become allowed state ['success'] ...
[2025-03-12T08:20:17.472+0000] {trigger_dagrun.py:257} INFO - Waiting for tiki_load_dag on 2025-03-12 08:08:17.237863+00:00 to become allowed state ['success'] ...
[2025-03-12T08:21:17.477+0000] {trigger_dagrun.py:257} INFO - Waiting for tiki_load_dag on 2025-03-12 08:08:17.237863+00:00 to become allowed state ['success'] ...
[2025-03-12T08:22:17.485+0000] {trigger_dagrun.py:257} INFO - Waiting for tiki_load_dag on 2025-03-12 08:08:17.237863+00:00 to become allowed state ['success'] ...
[2025-03-12T08:23:17.494+0000] {trigger_dagrun.py:257} INFO - Waiting for tiki_load_dag on 2025-03-12 08:08:17.237863+00:00 to become allowed state ['success'] ...
[2025-03-12T08:24:17.593+0000] {taskinstance.py:3313} ERROR - Task failed with exception
Traceback (most recent call last):
  File "/home/airflow/.local/lib/python3.12/site-packages/airflow/models/taskinstance.py", line 768, in _execute_task
    result = _execute_callable(context=context, **execute_callable_kwargs)
             ^^^^^^^^^^^^^^^^^^^^^^^^^^^^^^^^^^^^^^^^^^^^^^^^^^^^^^^^^^^^^
  File "/home/airflow/.local/lib/python3.12/site-packages/airflow/models/taskinstance.py", line 734, in _execute_callable
    return ExecutionCallableRunner(
           ^^^^^^^^^^^^^^^^^^^^^^^^
  File "/home/airflow/.local/lib/python3.12/site-packages/airflow/utils/operator_helpers.py", line 252, in run
    return self.func(*args, **kwargs)
           ^^^^^^^^^^^^^^^^^^^^^^^^^^
  File "/home/airflow/.local/lib/python3.12/site-packages/airflow/models/baseoperator.py", line 424, in wrapper
    return func(self, *args, **kwargs)
           ^^^^^^^^^^^^^^^^^^^^^^^^^^^
  File "/home/airflow/.local/lib/python3.12/site-packages/airflow/operators/trigger_dagrun.py", line 269, in execute
    raise AirflowException(f"{self.trigger_dag_id} failed with failed states {state}")
airflow.exceptions.AirflowException: tiki_load_dag failed with failed states failed
[2025-03-12T08:24:17.670+0000] {logging_mixin.py:190} INFO - Task instance in failure state
[2025-03-12T08:24:17.671+0000] {logging_mixin.py:190} INFO - Task start:2025-03-12 08:08:16.611574+00:00 end:2025-03-12 08:24:17.658562+00:00 duration:961.046988
[2025-03-12T08:24:17.674+0000] {logging_mixin.py:190} INFO - Task:<Task(TriggerDagRunOperator): load_data> dag:<DAG: tiki_etl_orchestration> dagrun:<DagRun tiki_etl_orchestration @ 2025-03-12 07:25:45.518022+00:00: manual__2025-03-12T07:25:45.518022+00:00, state:running, queued_at: 2025-03-12 07:25:47.095517+00:00. externally triggered: True>
[2025-03-12T08:24:17.675+0000] {logging_mixin.py:190} INFO - Failure caused by tiki_load_dag failed with failed states failed
[2025-03-12T08:24:17.676+0000] {taskinstance.py:1226} INFO - Marking task as UP_FOR_RETRY. dag_id=tiki_etl_orchestration, task_id=load_data, run_id=manual__2025-03-12T07:25:45.518022+00:00, execution_date=20250312T072545, start_date=20250312T080816, end_date=20250312T082417
[2025-03-12T08:24:17.783+0000] {taskinstance.py:341} INFO - ::group::Post task execution logs
[2025-03-12T08:24:17.788+0000] {standard_task_runner.py:124} ERROR - Failed to execute job 711 for task load_data (tiki_load_dag failed with failed states failed; 887)
Traceback (most recent call last):
  File "/home/airflow/.local/lib/python3.12/site-packages/airflow/task/task_runner/standard_task_runner.py", line 117, in _start_by_fork
    ret = args.func(args, dag=self.dag)
          ^^^^^^^^^^^^^^^^^^^^^^^^^^^^^
  File "/home/airflow/.local/lib/python3.12/site-packages/airflow/cli/cli_config.py", line 49, in command
    return func(*args, **kwargs)
           ^^^^^^^^^^^^^^^^^^^^^
  File "/home/airflow/.local/lib/python3.12/site-packages/airflow/utils/cli.py", line 116, in wrapper
    return f(*args, **kwargs)
           ^^^^^^^^^^^^^^^^^^
  File "/home/airflow/.local/lib/python3.12/site-packages/airflow/cli/commands/task_command.py", line 483, in task_run
    task_return_code = _run_task_by_selected_method(args, _dag, ti)
                       ^^^^^^^^^^^^^^^^^^^^^^^^^^^^^^^^^^^^^^^^^^^^
  File "/home/airflow/.local/lib/python3.12/site-packages/airflow/cli/commands/task_command.py", line 256, in _run_task_by_selected_method
    return _run_raw_task(args, ti)
           ^^^^^^^^^^^^^^^^^^^^^^^
  File "/home/airflow/.local/lib/python3.12/site-packages/airflow/cli/commands/task_command.py", line 341, in _run_raw_task
    return ti._run_raw_task(
           ^^^^^^^^^^^^^^^^^
  File "/home/airflow/.local/lib/python3.12/site-packages/airflow/utils/session.py", line 97, in wrapper
    return func(*args, session=session, **kwargs)
           ^^^^^^^^^^^^^^^^^^^^^^^^^^^^^^^^^^^^^^
  File "/home/airflow/.local/lib/python3.12/site-packages/airflow/models/taskinstance.py", line 3006, in _run_raw_task
    return _run_raw_task(
           ^^^^^^^^^^^^^^
  File "/home/airflow/.local/lib/python3.12/site-packages/airflow/models/taskinstance.py", line 274, in _run_raw_task
    TaskInstance._execute_task_with_callbacks(
  File "/home/airflow/.local/lib/python3.12/site-packages/airflow/models/taskinstance.py", line 3161, in _execute_task_with_callbacks
    result = self._execute_task(context, task_orig)
             ^^^^^^^^^^^^^^^^^^^^^^^^^^^^^^^^^^^^^^
  File "/home/airflow/.local/lib/python3.12/site-packages/airflow/models/taskinstance.py", line 3185, in _execute_task
    return _execute_task(self, context, task_orig)
           ^^^^^^^^^^^^^^^^^^^^^^^^^^^^^^^^^^^^^^^
  File "/home/airflow/.local/lib/python3.12/site-packages/airflow/models/taskinstance.py", line 768, in _execute_task
    result = _execute_callable(context=context, **execute_callable_kwargs)
             ^^^^^^^^^^^^^^^^^^^^^^^^^^^^^^^^^^^^^^^^^^^^^^^^^^^^^^^^^^^^^
  File "/home/airflow/.local/lib/python3.12/site-packages/airflow/models/taskinstance.py", line 734, in _execute_callable
    return ExecutionCallableRunner(
           ^^^^^^^^^^^^^^^^^^^^^^^^
  File "/home/airflow/.local/lib/python3.12/site-packages/airflow/utils/operator_helpers.py", line 252, in run
    return self.func(*args, **kwargs)
           ^^^^^^^^^^^^^^^^^^^^^^^^^^
  File "/home/airflow/.local/lib/python3.12/site-packages/airflow/models/baseoperator.py", line 424, in wrapper
    return func(self, *args, **kwargs)
           ^^^^^^^^^^^^^^^^^^^^^^^^^^^
  File "/home/airflow/.local/lib/python3.12/site-packages/airflow/operators/trigger_dagrun.py", line 269, in execute
    raise AirflowException(f"{self.trigger_dag_id} failed with failed states {state}")
airflow.exceptions.AirflowException: tiki_load_dag failed with failed states failed
[2025-03-12T08:24:17.853+0000] {local_task_job_runner.py:266} INFO - Task exited with return code 1
[2025-03-12T08:24:17.962+0000] {taskinstance.py:3901} INFO - 0 downstream tasks scheduled from follow-on schedule check
[2025-03-12T08:24:17.965+0000] {local_task_job_runner.py:245} INFO - ::endgroup::
