[2025-03-09T09:58:33.234+0000] {local_task_job_runner.py:123} INFO - ::group::Pre task execution logs
[2025-03-09T09:58:33.273+0000] {taskinstance.py:2614} INFO - Dependencies all met for dep_context=non-requeueable deps ti=<TaskInstance: tiki_etl_orchestration.trigger_extract manual__2025-03-09T09:58:25.563160+00:00 [queued]>
[2025-03-09T09:58:33.291+0000] {taskinstance.py:2614} INFO - Dependencies all met for dep_context=requeueable deps ti=<TaskInstance: tiki_etl_orchestration.trigger_extract manual__2025-03-09T09:58:25.563160+00:00 [queued]>
[2025-03-09T09:58:33.292+0000] {taskinstance.py:2867} INFO - Starting attempt 1 of 1
[2025-03-09T09:58:33.616+0000] {taskinstance.py:2890} INFO - Executing <Task(TriggerDagRunOperator): trigger_extract> on 2025-03-09 09:58:25.563160+00:00
[2025-03-09T09:58:33.636+0000] {warnings.py:112} WARNING - /home/***/.local/lib/python3.12/site-packages/***/task/task_runner/standard_task_runner.py:70: DeprecationWarning: This process (pid=80) is multi-threaded, use of fork() may lead to deadlocks in the child.
  pid = os.fork()

[2025-03-09T09:58:33.639+0000] {standard_task_runner.py:72} INFO - Started process 89 to run task
[2025-03-09T09:58:33.639+0000] {standard_task_runner.py:104} INFO - Running: ['***', 'tasks', 'run', 'tiki_etl_orchestration', 'trigger_extract', 'manual__2025-03-09T09:58:25.563160+00:00', '--job-id', '98', '--raw', '--subdir', 'DAGS_FOLDER/tiki_etl_orchestration.py', '--cfg-path', '/tmp/tmph8clrw4s']
[2025-03-09T09:58:33.642+0000] {standard_task_runner.py:105} INFO - Job 98: Subtask trigger_extract
[2025-03-09T09:58:33.744+0000] {task_command.py:467} INFO - Running <TaskInstance: tiki_etl_orchestration.trigger_extract manual__2025-03-09T09:58:25.563160+00:00 [running]> on host 4dc18dee7126
[2025-03-09T09:58:33.942+0000] {taskinstance.py:3134} INFO - Exporting env vars: AIRFLOW_CTX_DAG_OWNER='***' AIRFLOW_CTX_DAG_ID='tiki_etl_orchestration' AIRFLOW_CTX_TASK_ID='trigger_extract' AIRFLOW_CTX_EXECUTION_DATE='2025-03-09T09:58:25.563160+00:00' AIRFLOW_CTX_TRY_NUMBER='1' AIRFLOW_CTX_DAG_RUN_ID='manual__2025-03-09T09:58:25.563160+00:00'
[2025-03-09T09:58:33.945+0000] {logging_mixin.py:190} INFO - Task instance is in running state
[2025-03-09T09:58:33.946+0000] {logging_mixin.py:190} INFO -  Previous state of the Task instance: queued
[2025-03-09T09:58:33.947+0000] {logging_mixin.py:190} INFO - Current task name:trigger_extract state:running start_date:2025-03-09 09:58:33.274954+00:00
[2025-03-09T09:58:33.948+0000] {logging_mixin.py:190} INFO - Dag name:tiki_etl_orchestration and current dag run status:running
[2025-03-09T09:58:33.949+0000] {taskinstance.py:732} INFO - ::endgroup::
[2025-03-09T09:58:34.137+0000] {trigger_dagrun.py:257} INFO - Waiting for tiki_extract_dag on 2025-03-09 09:58:33.950718+00:00 to become allowed state ['success'] ...
[2025-03-09T09:58:44.157+0000] {trigger_dagrun.py:257} INFO - Waiting for tiki_extract_dag on 2025-03-09 09:58:33.950718+00:00 to become allowed state ['success'] ...
[2025-03-09T09:58:54.194+0000] {trigger_dagrun.py:257} INFO - Waiting for tiki_extract_dag on 2025-03-09 09:58:33.950718+00:00 to become allowed state ['success'] ...
[2025-03-09T09:59:04.209+0000] {trigger_dagrun.py:257} INFO - Waiting for tiki_extract_dag on 2025-03-09 09:58:33.950718+00:00 to become allowed state ['success'] ...
[2025-03-09T09:59:14.221+0000] {trigger_dagrun.py:257} INFO - Waiting for tiki_extract_dag on 2025-03-09 09:58:33.950718+00:00 to become allowed state ['success'] ...
[2025-03-09T09:59:24.244+0000] {trigger_dagrun.py:257} INFO - Waiting for tiki_extract_dag on 2025-03-09 09:58:33.950718+00:00 to become allowed state ['success'] ...
[2025-03-09T09:59:34.260+0000] {trigger_dagrun.py:257} INFO - Waiting for tiki_extract_dag on 2025-03-09 09:58:33.950718+00:00 to become allowed state ['success'] ...
[2025-03-09T09:59:44.274+0000] {trigger_dagrun.py:257} INFO - Waiting for tiki_extract_dag on 2025-03-09 09:58:33.950718+00:00 to become allowed state ['success'] ...
[2025-03-09T09:59:54.290+0000] {trigger_dagrun.py:257} INFO - Waiting for tiki_extract_dag on 2025-03-09 09:58:33.950718+00:00 to become allowed state ['success'] ...
[2025-03-09T10:00:04.311+0000] {trigger_dagrun.py:257} INFO - Waiting for tiki_extract_dag on 2025-03-09 09:58:33.950718+00:00 to become allowed state ['success'] ...
[2025-03-09T10:00:14.325+0000] {trigger_dagrun.py:257} INFO - Waiting for tiki_extract_dag on 2025-03-09 09:58:33.950718+00:00 to become allowed state ['success'] ...
[2025-03-09T10:00:24.341+0000] {trigger_dagrun.py:257} INFO - Waiting for tiki_extract_dag on 2025-03-09 09:58:33.950718+00:00 to become allowed state ['success'] ...
[2025-03-09T10:00:34.357+0000] {trigger_dagrun.py:257} INFO - Waiting for tiki_extract_dag on 2025-03-09 09:58:33.950718+00:00 to become allowed state ['success'] ...
[2025-03-09T10:00:44.371+0000] {trigger_dagrun.py:257} INFO - Waiting for tiki_extract_dag on 2025-03-09 09:58:33.950718+00:00 to become allowed state ['success'] ...
[2025-03-09T10:00:54.385+0000] {trigger_dagrun.py:257} INFO - Waiting for tiki_extract_dag on 2025-03-09 09:58:33.950718+00:00 to become allowed state ['success'] ...
[2025-03-09T10:01:04.401+0000] {trigger_dagrun.py:257} INFO - Waiting for tiki_extract_dag on 2025-03-09 09:58:33.950718+00:00 to become allowed state ['success'] ...
[2025-03-09T10:01:14.413+0000] {trigger_dagrun.py:257} INFO - Waiting for tiki_extract_dag on 2025-03-09 09:58:33.950718+00:00 to become allowed state ['success'] ...
[2025-03-09T10:01:24.428+0000] {trigger_dagrun.py:257} INFO - Waiting for tiki_extract_dag on 2025-03-09 09:58:33.950718+00:00 to become allowed state ['success'] ...
[2025-03-09T10:01:34.444+0000] {trigger_dagrun.py:257} INFO - Waiting for tiki_extract_dag on 2025-03-09 09:58:33.950718+00:00 to become allowed state ['success'] ...
[2025-03-09T10:01:44.459+0000] {trigger_dagrun.py:257} INFO - Waiting for tiki_extract_dag on 2025-03-09 09:58:33.950718+00:00 to become allowed state ['success'] ...
[2025-03-09T10:01:54.484+0000] {trigger_dagrun.py:257} INFO - Waiting for tiki_extract_dag on 2025-03-09 09:58:33.950718+00:00 to become allowed state ['success'] ...
[2025-03-09T10:02:04.500+0000] {trigger_dagrun.py:257} INFO - Waiting for tiki_extract_dag on 2025-03-09 09:58:33.950718+00:00 to become allowed state ['success'] ...
[2025-03-09T10:02:14.516+0000] {trigger_dagrun.py:257} INFO - Waiting for tiki_extract_dag on 2025-03-09 09:58:33.950718+00:00 to become allowed state ['success'] ...
[2025-03-09T10:02:24.532+0000] {trigger_dagrun.py:257} INFO - Waiting for tiki_extract_dag on 2025-03-09 09:58:33.950718+00:00 to become allowed state ['success'] ...
[2025-03-09T10:02:34.548+0000] {trigger_dagrun.py:257} INFO - Waiting for tiki_extract_dag on 2025-03-09 09:58:33.950718+00:00 to become allowed state ['success'] ...
[2025-03-09T10:02:44.563+0000] {trigger_dagrun.py:257} INFO - Waiting for tiki_extract_dag on 2025-03-09 09:58:33.950718+00:00 to become allowed state ['success'] ...
[2025-03-09T10:02:54.586+0000] {trigger_dagrun.py:257} INFO - Waiting for tiki_extract_dag on 2025-03-09 09:58:33.950718+00:00 to become allowed state ['success'] ...
[2025-03-09T10:03:04.609+0000] {trigger_dagrun.py:257} INFO - Waiting for tiki_extract_dag on 2025-03-09 09:58:33.950718+00:00 to become allowed state ['success'] ...
[2025-03-09T10:03:14.624+0000] {trigger_dagrun.py:257} INFO - Waiting for tiki_extract_dag on 2025-03-09 09:58:33.950718+00:00 to become allowed state ['success'] ...
[2025-03-09T10:03:24.641+0000] {trigger_dagrun.py:257} INFO - Waiting for tiki_extract_dag on 2025-03-09 09:58:33.950718+00:00 to become allowed state ['success'] ...
[2025-03-09T10:03:34.662+0000] {trigger_dagrun.py:257} INFO - Waiting for tiki_extract_dag on 2025-03-09 09:58:33.950718+00:00 to become allowed state ['success'] ...
[2025-03-09T10:03:44.677+0000] {trigger_dagrun.py:257} INFO - Waiting for tiki_extract_dag on 2025-03-09 09:58:33.950718+00:00 to become allowed state ['success'] ...
[2025-03-09T10:03:54.693+0000] {trigger_dagrun.py:257} INFO - Waiting for tiki_extract_dag on 2025-03-09 09:58:33.950718+00:00 to become allowed state ['success'] ...
[2025-03-09T10:04:04.710+0000] {trigger_dagrun.py:257} INFO - Waiting for tiki_extract_dag on 2025-03-09 09:58:33.950718+00:00 to become allowed state ['success'] ...
[2025-03-09T10:04:14.724+0000] {trigger_dagrun.py:257} INFO - Waiting for tiki_extract_dag on 2025-03-09 09:58:33.950718+00:00 to become allowed state ['success'] ...
[2025-03-09T10:04:24.739+0000] {trigger_dagrun.py:257} INFO - Waiting for tiki_extract_dag on 2025-03-09 09:58:33.950718+00:00 to become allowed state ['success'] ...
[2025-03-09T10:04:34.755+0000] {trigger_dagrun.py:257} INFO - Waiting for tiki_extract_dag on 2025-03-09 09:58:33.950718+00:00 to become allowed state ['success'] ...
[2025-03-09T10:04:44.772+0000] {trigger_dagrun.py:257} INFO - Waiting for tiki_extract_dag on 2025-03-09 09:58:33.950718+00:00 to become allowed state ['success'] ...
[2025-03-09T10:04:54.789+0000] {trigger_dagrun.py:257} INFO - Waiting for tiki_extract_dag on 2025-03-09 09:58:33.950718+00:00 to become allowed state ['success'] ...
[2025-03-09T10:05:04.808+0000] {trigger_dagrun.py:257} INFO - Waiting for tiki_extract_dag on 2025-03-09 09:58:33.950718+00:00 to become allowed state ['success'] ...
[2025-03-09T10:05:14.821+0000] {trigger_dagrun.py:257} INFO - Waiting for tiki_extract_dag on 2025-03-09 09:58:33.950718+00:00 to become allowed state ['success'] ...
[2025-03-09T10:05:24.835+0000] {trigger_dagrun.py:257} INFO - Waiting for tiki_extract_dag on 2025-03-09 09:58:33.950718+00:00 to become allowed state ['success'] ...
[2025-03-09T10:05:34.849+0000] {trigger_dagrun.py:257} INFO - Waiting for tiki_extract_dag on 2025-03-09 09:58:33.950718+00:00 to become allowed state ['success'] ...
[2025-03-09T10:05:44.862+0000] {trigger_dagrun.py:271} INFO - tiki_extract_dag finished with allowed state success
[2025-03-09T10:05:44.894+0000] {taskinstance.py:341} INFO - ::group::Post task execution logs
[2025-03-09T10:05:44.895+0000] {taskinstance.py:353} INFO - Marking task as SUCCESS. dag_id=tiki_etl_orchestration, task_id=trigger_extract, run_id=manual__2025-03-09T09:58:25.563160+00:00, execution_date=20250309T095825, start_date=20250309T095833, end_date=20250309T100544
[2025-03-09T10:05:44.946+0000] {logging_mixin.py:190} INFO - Task instance in success state
[2025-03-09T10:05:44.947+0000] {logging_mixin.py:190} INFO -  Previous state of the Task instance: running
[2025-03-09T10:05:44.948+0000] {logging_mixin.py:190} INFO - Dag name:tiki_etl_orchestration queued_at:2025-03-09 09:58:26.256055+00:00
[2025-03-09T10:05:44.949+0000] {logging_mixin.py:190} INFO - Task hostname:4dc18dee7126 operator:TriggerDagRunOperator
[2025-03-09T10:05:44.989+0000] {local_task_job_runner.py:266} INFO - Task exited with return code 0
[2025-03-09T10:05:45.069+0000] {taskinstance.py:3901} INFO - 1 downstream tasks scheduled from follow-on schedule check
[2025-03-09T10:05:45.074+0000] {local_task_job_runner.py:245} INFO - ::endgroup::
