[2025-03-09T17:17:26.662+0000] {local_task_job_runner.py:123} INFO - ::group::Pre task execution logs
[2025-03-09T17:17:26.693+0000] {taskinstance.py:2614} INFO - Dependencies all met for dep_context=non-requeueable deps ti=<TaskInstance: tiki_extract_dag.extract_data manual__2025-03-09T17:17:22.827736+00:00 [queued]>
[2025-03-09T17:17:26.707+0000] {taskinstance.py:2614} INFO - Dependencies all met for dep_context=requeueable deps ti=<TaskInstance: tiki_extract_dag.extract_data manual__2025-03-09T17:17:22.827736+00:00 [queued]>
[2025-03-09T17:17:26.709+0000] {taskinstance.py:2867} INFO - Starting attempt 1 of 1
[2025-03-09T17:17:26.733+0000] {taskinstance.py:2890} INFO - Executing <Task(PythonOperator): extract_data> on 2025-03-09 17:17:22.827736+00:00
[2025-03-09T17:17:26.747+0000] {warnings.py:112} WARNING - /home/***/.local/lib/python3.12/site-packages/***/task/task_runner/standard_task_runner.py:70: DeprecationWarning: This process (pid=83) is multi-threaded, use of fork() may lead to deadlocks in the child.
  pid = os.fork()

[2025-03-09T17:17:26.750+0000] {standard_task_runner.py:72} INFO - Started process 85 to run task
[2025-03-09T17:17:26.750+0000] {standard_task_runner.py:104} INFO - Running: ['***', 'tasks', 'run', 'tiki_extract_dag', 'extract_data', 'manual__2025-03-09T17:17:22.827736+00:00', '--job-id', '234', '--raw', '--subdir', 'DAGS_FOLDER/tiki_extract_dag.py', '--cfg-path', '/tmp/tmp5fj8ekog']
[2025-03-09T17:17:26.753+0000] {standard_task_runner.py:105} INFO - Job 234: Subtask extract_data
[2025-03-09T17:17:26.851+0000] {task_command.py:467} INFO - Running <TaskInstance: tiki_extract_dag.extract_data manual__2025-03-09T17:17:22.827736+00:00 [running]> on host 72a6d77a3cc5
[2025-03-09T17:17:27.438+0000] {taskinstance.py:3134} INFO - Exporting env vars: AIRFLOW_CTX_DAG_OWNER='***' AIRFLOW_CTX_DAG_ID='tiki_extract_dag' AIRFLOW_CTX_TASK_ID='extract_data' AIRFLOW_CTX_EXECUTION_DATE='2025-03-09T17:17:22.827736+00:00' AIRFLOW_CTX_TRY_NUMBER='1' AIRFLOW_CTX_DAG_RUN_ID='manual__2025-03-09T17:17:22.827736+00:00'
[2025-03-09T17:17:27.440+0000] {logging_mixin.py:190} INFO - Task instance is in running state
[2025-03-09T17:17:27.441+0000] {logging_mixin.py:190} INFO -  Previous state of the Task instance: queued
[2025-03-09T17:17:27.442+0000] {logging_mixin.py:190} INFO - Current task name:extract_data state:running start_date:2025-03-09 17:17:26.694493+00:00
[2025-03-09T17:17:27.443+0000] {logging_mixin.py:190} INFO - Dag name:tiki_extract_dag and current dag run status:running
[2025-03-09T17:17:27.443+0000] {taskinstance.py:732} INFO - ::endgroup::
[2025-03-09T17:17:27.468+0000] {tiki_extract_dag.py:20} INFO - Loaded categories: ['lam-dep-suc-khoe', 'dien-thoai-may-tinh-bang', 'laptop-may-vi-tinh-linh-kien', 'dien-gia-dung', 'sach', 'thiet-bi-kts-phu-kien-so', 'thoi-trang-nu', 'thoi-trang-nam', 'dong-ho-va-trang-suc', 'dien-tu-dien-lanh']
[2025-03-09T17:17:28.209+0000] {crawl_data.py:106} INFO - Crawling category lam-dep-suc-khoe with 1 pages
[2025-03-09T17:17:28.919+0000] {crawl_data.py:131} INFO - Extracted page 1 - lam-dep-suc-khoe, 40 items, total extracted: 40
[2025-03-09T17:17:33.227+0000] {crawl_data.py:106} INFO - Crawling category dien-thoai-may-tinh-bang with 1 pages
[2025-03-09T17:17:33.868+0000] {crawl_data.py:131} INFO - Extracted page 1 - dien-thoai-may-tinh-bang, 40 items, total extracted: 80
[2025-03-09T17:17:37.820+0000] {crawl_data.py:106} INFO - Crawling category laptop-may-vi-tinh-linh-kien with 1 pages
[2025-03-09T17:17:38.273+0000] {crawl_data.py:131} INFO - Extracted page 1 - laptop-may-vi-tinh-linh-kien, 40 items, total extracted: 120
[2025-03-09T17:17:42.698+0000] {crawl_data.py:106} INFO - Crawling category dien-gia-dung with 1 pages
[2025-03-09T17:17:43.180+0000] {crawl_data.py:131} INFO - Extracted page 1 - dien-gia-dung, 40 items, total extracted: 160
[2025-03-09T17:17:47.337+0000] {crawl_data.py:106} INFO - Crawling category sach with 1 pages
[2025-03-09T17:17:47.827+0000] {crawl_data.py:131} INFO - Extracted page 1 - sach, 40 items, total extracted: 200
[2025-03-09T17:17:51.781+0000] {crawl_data.py:106} INFO - Crawling category thiet-bi-kts-phu-kien-so with 1 pages
[2025-03-09T17:17:52.192+0000] {crawl_data.py:131} INFO - Extracted page 1 - thiet-bi-kts-phu-kien-so, 40 items, total extracted: 240
[2025-03-09T17:17:56.335+0000] {crawl_data.py:106} INFO - Crawling category thoi-trang-nu with 1 pages
[2025-03-09T17:17:56.948+0000] {crawl_data.py:131} INFO - Extracted page 1 - thoi-trang-nu, 40 items, total extracted: 280
[2025-03-09T17:18:00.102+0000] {crawl_data.py:106} INFO - Crawling category thoi-trang-nam with 1 pages
[2025-03-09T17:18:00.694+0000] {crawl_data.py:131} INFO - Extracted page 1 - thoi-trang-nam, 40 items, total extracted: 320
[2025-03-09T17:18:03.527+0000] {crawl_data.py:106} INFO - Crawling category dong-ho-va-trang-suc with 1 pages
[2025-03-09T17:18:04.089+0000] {crawl_data.py:131} INFO - Extracted page 1 - dong-ho-va-trang-suc, 40 items, total extracted: 360
[2025-03-09T17:18:06.651+0000] {crawl_data.py:106} INFO - Crawling category dien-tu-dien-lanh with 1 pages
[2025-03-09T17:18:07.145+0000] {crawl_data.py:131} INFO - Extracted page 1 - dien-tu-dien-lanh, 40 items, total extracted: 400
[2025-03-09T17:18:13.473+0000] {crawl_data.py:49} INFO - Updated crawled products at tiki-data/tiki_crawled/crawled_products.json
[2025-03-09T17:18:13.474+0000] {crawl_data.py:147} INFO - Uploaded raw data to tiki-data/tiki_raw_data/raw_20250309_171810.json, total items: 400
[2025-03-09T17:18:13.508+0000] {tiki_extract_dag.py:25} INFO - Extracted data and saved to tiki_raw_data/raw_20250309_171810.json, pushed to XCom
[2025-03-09T17:18:13.509+0000] {python.py:240} INFO - Done. Returned value was: None
[2025-03-09T17:18:13.531+0000] {taskinstance.py:341} INFO - ::group::Post task execution logs
[2025-03-09T17:18:13.533+0000] {taskinstance.py:353} INFO - Marking task as SUCCESS. dag_id=tiki_extract_dag, task_id=extract_data, run_id=manual__2025-03-09T17:17:22.827736+00:00, execution_date=20250309T171722, start_date=20250309T171726, end_date=20250309T171813
[2025-03-09T17:18:13.624+0000] {logging_mixin.py:190} INFO - Task instance in success state
[2025-03-09T17:18:13.626+0000] {logging_mixin.py:190} INFO -  Previous state of the Task instance: running
[2025-03-09T17:18:13.627+0000] {logging_mixin.py:190} INFO - Dag name:tiki_extract_dag queued_at:2025-03-09 17:17:22.878712+00:00
[2025-03-09T17:18:13.628+0000] {logging_mixin.py:190} INFO - Task hostname:72a6d77a3cc5 operator:PythonOperator
[2025-03-09T17:18:13.703+0000] {local_task_job_runner.py:266} INFO - Task exited with return code 0
[2025-03-09T17:18:13.730+0000] {taskinstance.py:3901} INFO - 0 downstream tasks scheduled from follow-on schedule check
[2025-03-09T17:18:13.734+0000] {local_task_job_runner.py:245} INFO - ::endgroup::
