[2025-03-09T11:27:36.056+0000] {local_task_job_runner.py:123} INFO - ::group::Pre task execution logs
[2025-03-09T11:27:36.087+0000] {taskinstance.py:2614} INFO - Dependencies all met for dep_context=non-requeueable deps ti=<TaskInstance: tiki_extract_dag.extract_data manual__2025-03-09T11:27:30.969937+00:00 [queued]>
[2025-03-09T11:27:36.102+0000] {taskinstance.py:2614} INFO - Dependencies all met for dep_context=requeueable deps ti=<TaskInstance: tiki_extract_dag.extract_data manual__2025-03-09T11:27:30.969937+00:00 [queued]>
[2025-03-09T11:27:36.103+0000] {taskinstance.py:2867} INFO - Starting attempt 1 of 1
[2025-03-09T11:27:36.130+0000] {taskinstance.py:2890} INFO - Executing <Task(PythonOperator): extract_data> on 2025-03-09 11:27:30.969937+00:00
[2025-03-09T11:27:36.144+0000] {warnings.py:112} WARNING - /home/***/.local/lib/python3.12/site-packages/***/task/task_runner/standard_task_runner.py:70: DeprecationWarning: This process (pid=154) is multi-threaded, use of fork() may lead to deadlocks in the child.
  pid = os.fork()

[2025-03-09T11:27:36.148+0000] {standard_task_runner.py:72} INFO - Started process 158 to run task
[2025-03-09T11:27:36.148+0000] {standard_task_runner.py:104} INFO - Running: ['***', 'tasks', 'run', 'tiki_extract_dag', 'extract_data', 'manual__2025-03-09T11:27:30.969937+00:00', '--job-id', '144', '--raw', '--subdir', 'DAGS_FOLDER/tiki_extract_dag.py', '--cfg-path', '/tmp/tmpn7056i1l']
[2025-03-09T11:27:36.150+0000] {standard_task_runner.py:105} INFO - Job 144: Subtask extract_data
[2025-03-09T11:27:36.230+0000] {task_command.py:467} INFO - Running <TaskInstance: tiki_extract_dag.extract_data manual__2025-03-09T11:27:30.969937+00:00 [running]> on host 4dc18dee7126
[2025-03-09T11:27:36.831+0000] {taskinstance.py:3134} INFO - Exporting env vars: AIRFLOW_CTX_DAG_OWNER='***' AIRFLOW_CTX_DAG_ID='tiki_extract_dag' AIRFLOW_CTX_TASK_ID='extract_data' AIRFLOW_CTX_EXECUTION_DATE='2025-03-09T11:27:30.969937+00:00' AIRFLOW_CTX_TRY_NUMBER='1' AIRFLOW_CTX_DAG_RUN_ID='manual__2025-03-09T11:27:30.969937+00:00'
[2025-03-09T11:27:36.833+0000] {logging_mixin.py:190} INFO - Task instance is in running state
[2025-03-09T11:27:36.834+0000] {logging_mixin.py:190} INFO -  Previous state of the Task instance: queued
[2025-03-09T11:27:36.835+0000] {logging_mixin.py:190} INFO - Current task name:extract_data state:running start_date:2025-03-09 11:27:36.088595+00:00
[2025-03-09T11:27:36.836+0000] {logging_mixin.py:190} INFO - Dag name:tiki_extract_dag and current dag run status:running
[2025-03-09T11:27:36.837+0000] {taskinstance.py:732} INFO - ::endgroup::
[2025-03-09T11:27:36.885+0000] {tiki_extract_dag.py:28} INFO - Loaded categories: ['lam-dep-suc-khoe', 'dien-thoai-may-tinh-bang', 'laptop-may-vi-tinh-linh-kien', 'dien-gia-dung', 'sach', 'thiet-bi-kts-phu-kien-so', 'thoi-trang-nu', 'thoi-trang-nam', 'dong-ho-va-trang-suc', 'dien-tu-dien-lanh']
[2025-03-09T11:27:36.886+0000] {tiki_extract_dag.py:29} INFO - Execution date: 2025-03-09 11:27:30.969937+00:00
[2025-03-09T11:27:37.510+0000] {crawl_data.py:106} INFO - Crawling category lam-dep-suc-khoe with 5 pages
[2025-03-09T11:27:37.950+0000] {crawl_data.py:131} INFO - Extracted page 1 - lam-dep-suc-khoe, 40 items, total extracted: 40
[2025-03-09T11:27:40.518+0000] {crawl_data.py:131} INFO - Extracted page 2 - lam-dep-suc-khoe, 40 items, total extracted: 80
[2025-03-09T11:27:44.362+0000] {crawl_data.py:131} INFO - Extracted page 3 - lam-dep-suc-khoe, 40 items, total extracted: 120
[2025-03-09T11:27:48.769+0000] {crawl_data.py:131} INFO - Extracted page 4 - lam-dep-suc-khoe, 40 items, total extracted: 160
[2025-03-09T11:27:51.808+0000] {crawl_data.py:131} INFO - Extracted page 5 - lam-dep-suc-khoe, 40 items, total extracted: 200
[2025-03-09T11:27:55.976+0000] {crawl_data.py:106} INFO - Crawling category dien-thoai-may-tinh-bang with 5 pages
[2025-03-09T11:27:56.195+0000] {crawl_data.py:131} INFO - Extracted page 1 - dien-thoai-may-tinh-bang, 40 items, total extracted: 240
[2025-03-09T11:27:58.828+0000] {crawl_data.py:131} INFO - Extracted page 2 - dien-thoai-may-tinh-bang, 40 items, total extracted: 280
[2025-03-09T11:28:02.377+0000] {crawl_data.py:131} INFO - Extracted page 3 - dien-thoai-may-tinh-bang, 40 items, total extracted: 320
[2025-03-09T11:28:06.981+0000] {crawl_data.py:131} INFO - Extracted page 4 - dien-thoai-may-tinh-bang, 40 items, total extracted: 360
[2025-03-09T11:28:10.631+0000] {crawl_data.py:131} INFO - Extracted page 5 - dien-thoai-may-tinh-bang, 40 items, total extracted: 400
[2025-03-09T11:28:15.601+0000] {crawl_data.py:106} INFO - Crawling category laptop-may-vi-tinh-linh-kien with 5 pages
[2025-03-09T11:28:15.911+0000] {crawl_data.py:131} INFO - Extracted page 1 - laptop-may-vi-tinh-linh-kien, 40 items, total extracted: 440
[2025-03-09T11:28:19.023+0000] {crawl_data.py:131} INFO - Extracted page 2 - laptop-may-vi-tinh-linh-kien, 40 items, total extracted: 480
[2025-03-09T11:28:22.716+0000] {crawl_data.py:131} INFO - Extracted page 3 - laptop-may-vi-tinh-linh-kien, 40 items, total extracted: 520
[2025-03-09T11:28:27.297+0000] {crawl_data.py:131} INFO - Extracted page 4 - laptop-may-vi-tinh-linh-kien, 40 items, total extracted: 560
[2025-03-09T11:28:30.715+0000] {crawl_data.py:131} INFO - Extracted page 5 - laptop-may-vi-tinh-linh-kien, 40 items, total extracted: 600
[2025-03-09T11:28:32.988+0000] {crawl_data.py:106} INFO - Crawling category dien-gia-dung with 5 pages
[2025-03-09T11:28:33.266+0000] {crawl_data.py:131} INFO - Extracted page 1 - dien-gia-dung, 40 items, total extracted: 640
[2025-03-09T11:28:38.403+0000] {crawl_data.py:131} INFO - Extracted page 2 - dien-gia-dung, 40 items, total extracted: 680
[2025-03-09T11:28:42.067+0000] {crawl_data.py:131} INFO - Extracted page 3 - dien-gia-dung, 40 items, total extracted: 720
[2025-03-09T11:28:45.675+0000] {crawl_data.py:131} INFO - Extracted page 4 - dien-gia-dung, 40 items, total extracted: 760
[2025-03-09T11:28:49.926+0000] {crawl_data.py:131} INFO - Extracted page 5 - dien-gia-dung, 40 items, total extracted: 800
[2025-03-09T11:28:52.787+0000] {crawl_data.py:106} INFO - Crawling category sach with 5 pages
[2025-03-09T11:28:53.047+0000] {crawl_data.py:131} INFO - Extracted page 1 - sach, 40 items, total extracted: 840
[2025-03-09T11:28:56.623+0000] {crawl_data.py:131} INFO - Extracted page 2 - sach, 40 items, total extracted: 880
[2025-03-09T11:29:00.764+0000] {crawl_data.py:131} INFO - Extracted page 3 - sach, 40 items, total extracted: 920
[2025-03-09T11:29:05.234+0000] {crawl_data.py:131} INFO - Extracted page 4 - sach, 40 items, total extracted: 960
[2025-03-09T11:29:09.591+0000] {crawl_data.py:131} INFO - Extracted page 5 - sach, 40 items, total extracted: 1000
[2025-03-09T11:29:12.521+0000] {crawl_data.py:106} INFO - Crawling category thiet-bi-kts-phu-kien-so with 5 pages
[2025-03-09T11:29:12.817+0000] {crawl_data.py:131} INFO - Extracted page 1 - thiet-bi-kts-phu-kien-so, 40 items, total extracted: 1040
[2025-03-09T11:29:16.084+0000] {crawl_data.py:131} INFO - Extracted page 2 - thiet-bi-kts-phu-kien-so, 40 items, total extracted: 1080
[2025-03-09T11:29:20.885+0000] {crawl_data.py:131} INFO - Extracted page 3 - thiet-bi-kts-phu-kien-so, 40 items, total extracted: 1120
[2025-03-09T11:29:23.863+0000] {crawl_data.py:131} INFO - Extracted page 4 - thiet-bi-kts-phu-kien-so, 40 items, total extracted: 1160
[2025-03-09T11:29:29.097+0000] {crawl_data.py:131} INFO - Extracted page 5 - thiet-bi-kts-phu-kien-so, 40 items, total extracted: 1200
[2025-03-09T11:29:33.001+0000] {crawl_data.py:106} INFO - Crawling category thoi-trang-nu with 5 pages
[2025-03-09T11:29:33.266+0000] {crawl_data.py:131} INFO - Extracted page 1 - thoi-trang-nu, 40 items, total extracted: 1240
[2025-03-09T11:29:36.990+0000] {crawl_data.py:131} INFO - Extracted page 2 - thoi-trang-nu, 40 items, total extracted: 1280
[2025-03-09T11:29:40.451+0000] {crawl_data.py:131} INFO - Extracted page 3 - thoi-trang-nu, 40 items, total extracted: 1320
[2025-03-09T11:29:43.283+0000] {crawl_data.py:131} INFO - Extracted page 4 - thoi-trang-nu, 40 items, total extracted: 1360
[2025-03-09T11:29:48.142+0000] {crawl_data.py:131} INFO - Extracted page 5 - thoi-trang-nu, 40 items, total extracted: 1400
[2025-03-09T11:29:52.783+0000] {crawl_data.py:106} INFO - Crawling category thoi-trang-nam with 5 pages
[2025-03-09T11:29:53.072+0000] {crawl_data.py:131} INFO - Extracted page 1 - thoi-trang-nam, 40 items, total extracted: 1440
[2025-03-09T11:29:57.793+0000] {crawl_data.py:131} INFO - Extracted page 2 - thoi-trang-nam, 40 items, total extracted: 1480
[2025-03-09T11:30:02.525+0000] {crawl_data.py:131} INFO - Extracted page 3 - thoi-trang-nam, 40 items, total extracted: 1520
[2025-03-09T11:30:06.165+0000] {crawl_data.py:131} INFO - Extracted page 4 - thoi-trang-nam, 40 items, total extracted: 1560
[2025-03-09T11:30:11.165+0000] {crawl_data.py:131} INFO - Extracted page 5 - thoi-trang-nam, 40 items, total extracted: 1600
[2025-03-09T11:30:13.221+0000] {crawl_data.py:106} INFO - Crawling category dong-ho-va-trang-suc with 5 pages
[2025-03-09T11:30:13.464+0000] {crawl_data.py:131} INFO - Extracted page 1 - dong-ho-va-trang-suc, 40 items, total extracted: 1640
[2025-03-09T11:30:17.295+0000] {crawl_data.py:131} INFO - Extracted page 2 - dong-ho-va-trang-suc, 40 items, total extracted: 1680
[2025-03-09T11:30:20.196+0000] {crawl_data.py:131} INFO - Extracted page 3 - dong-ho-va-trang-suc, 40 items, total extracted: 1720
[2025-03-09T11:30:23.156+0000] {crawl_data.py:131} INFO - Extracted page 4 - dong-ho-va-trang-suc, 40 items, total extracted: 1760
[2025-03-09T11:30:25.789+0000] {crawl_data.py:131} INFO - Extracted page 5 - dong-ho-va-trang-suc, 40 items, total extracted: 1800
[2025-03-09T11:30:30.121+0000] {crawl_data.py:106} INFO - Crawling category dien-tu-dien-lanh with 5 pages
[2025-03-09T11:30:30.389+0000] {crawl_data.py:131} INFO - Extracted page 1 - dien-tu-dien-lanh, 40 items, total extracted: 1840
[2025-03-09T11:30:35.525+0000] {crawl_data.py:131} INFO - Extracted page 2 - dien-tu-dien-lanh, 40 items, total extracted: 1880
[2025-03-09T11:30:39.514+0000] {crawl_data.py:131} INFO - Extracted page 3 - dien-tu-dien-lanh, 40 items, total extracted: 1920
[2025-03-09T11:30:43.824+0000] {crawl_data.py:131} INFO - Extracted page 4 - dien-tu-dien-lanh, 40 items, total extracted: 1960
[2025-03-09T11:30:46.785+0000] {crawl_data.py:131} INFO - Extracted page 5 - dien-tu-dien-lanh, 40 items, total extracted: 2000
[2025-03-09T11:31:03.813+0000] {crawl_data.py:49} INFO - Updated crawled products at tiki-data/tiki_crawled/crawled_products.json
[2025-03-09T11:31:03.814+0000] {crawl_data.py:147} INFO - Uploaded raw data to tiki-data/tiki_raw_data/raw_20250309_113051.json, total items: 2000
[2025-03-09T11:31:03.843+0000] {tiki_extract_dag.py:35} INFO - Extracted data and saved to tiki_raw_data/raw_20250309_113051.json
[2025-03-09T11:31:03.844+0000] {python.py:240} INFO - Done. Returned value was: tiki_raw_data/raw_20250309_113051.json
[2025-03-09T11:31:03.880+0000] {taskinstance.py:341} INFO - ::group::Post task execution logs
[2025-03-09T11:31:03.881+0000] {taskinstance.py:353} INFO - Marking task as SUCCESS. dag_id=tiki_extract_dag, task_id=extract_data, run_id=manual__2025-03-09T11:27:30.969937+00:00, execution_date=20250309T112730, start_date=20250309T112736, end_date=20250309T113103
[2025-03-09T11:31:03.930+0000] {logging_mixin.py:190} INFO - Task instance in success state
[2025-03-09T11:31:03.931+0000] {logging_mixin.py:190} INFO -  Previous state of the Task instance: running
[2025-03-09T11:31:03.932+0000] {logging_mixin.py:190} INFO - Dag name:tiki_extract_dag queued_at:2025-03-09 11:27:31.020761+00:00
[2025-03-09T11:31:03.933+0000] {logging_mixin.py:190} INFO - Task hostname:4dc18dee7126 operator:PythonOperator
[2025-03-09T11:31:03.997+0000] {local_task_job_runner.py:266} INFO - Task exited with return code 0
[2025-03-09T11:31:04.035+0000] {taskinstance.py:3901} INFO - 0 downstream tasks scheduled from follow-on schedule check
[2025-03-09T11:31:04.039+0000] {local_task_job_runner.py:245} INFO - ::endgroup::
