[2025-03-12T07:26:10.482+0000] {local_task_job_runner.py:123} INFO - ::group::Pre task execution logs
[2025-03-12T07:26:10.553+0000] {taskinstance.py:2614} INFO - Dependencies all met for dep_context=non-requeueable deps ti=<TaskInstance: tiki_extract_dag.extract_dien-thoai-may-tinh-bang manual__2025-03-12T07:25:54.854919+00:00 [queued]>
[2025-03-12T07:26:10.589+0000] {taskinstance.py:2614} INFO - Dependencies all met for dep_context=requeueable deps ti=<TaskInstance: tiki_extract_dag.extract_dien-thoai-may-tinh-bang manual__2025-03-12T07:25:54.854919+00:00 [queued]>
[2025-03-12T07:26:10.594+0000] {taskinstance.py:2867} INFO - Starting attempt 1 of 4
[2025-03-12T07:26:10.655+0000] {taskinstance.py:2890} INFO - Executing <Task(PythonOperator): extract_dien-thoai-may-tinh-bang> on 2025-03-12 07:25:54.854919+00:00
[2025-03-12T07:26:10.728+0000] {warnings.py:112} WARNING - /home/***/.local/lib/python3.12/site-packages/***/task/task_runner/standard_task_runner.py:70: DeprecationWarning: This process (pid=219) is multi-threaded, use of fork() may lead to deadlocks in the child.
  pid = os.fork()

[2025-03-12T07:26:10.745+0000] {standard_task_runner.py:72} INFO - Started process 254 to run task
[2025-03-12T07:26:10.780+0000] {standard_task_runner.py:104} INFO - Running: ['***', 'tasks', 'run', 'tiki_extract_dag', 'extract_dien-thoai-may-tinh-bang', 'manual__2025-03-12T07:25:54.854919+00:00', '--job-id', '670', '--raw', '--subdir', 'DAGS_FOLDER/tiki_extract_dag.py', '--cfg-path', '/tmp/tmpezja5fdn']
[2025-03-12T07:26:10.783+0000] {standard_task_runner.py:105} INFO - Job 670: Subtask extract_dien-thoai-may-tinh-bang
[2025-03-12T07:26:11.085+0000] {task_command.py:467} INFO - Running <TaskInstance: tiki_extract_dag.extract_dien-thoai-may-tinh-bang manual__2025-03-12T07:25:54.854919+00:00 [running]> on host 3905098656d4
[2025-03-12T07:26:15.540+0000] {taskinstance.py:3134} INFO - Exporting env vars: AIRFLOW_CTX_DAG_OWNER='***' AIRFLOW_CTX_DAG_ID='tiki_extract_dag' AIRFLOW_CTX_TASK_ID='extract_dien-thoai-may-tinh-bang' AIRFLOW_CTX_EXECUTION_DATE='2025-03-12T07:25:54.854919+00:00' AIRFLOW_CTX_TRY_NUMBER='1' AIRFLOW_CTX_DAG_RUN_ID='manual__2025-03-12T07:25:54.854919+00:00'
[2025-03-12T07:26:15.542+0000] {logging_mixin.py:190} INFO - Task instance is in running state
[2025-03-12T07:26:15.543+0000] {logging_mixin.py:190} INFO -  Previous state of the Task instance: queued
[2025-03-12T07:26:15.544+0000] {logging_mixin.py:190} INFO - Current task name:extract_dien-thoai-may-tinh-bang state:running start_date:2025-03-12 07:26:10.558167+00:00
[2025-03-12T07:26:15.545+0000] {logging_mixin.py:190} INFO - Dag name:tiki_extract_dag and current dag run status:running
[2025-03-12T07:26:15.547+0000] {taskinstance.py:732} INFO - ::endgroup::
[2025-03-12T07:26:18.441+0000] {tiki_extract_dag.py:122} INFO - Starting crawl for category dien-thoai-may-tinh-bang
[2025-03-12T07:26:19.268+0000] {tiki_extract_dag.py:129} INFO - Total pages for dien-thoai-may-tinh-bang: 10
[2025-03-12T07:26:21.370+0000] {tiki_extract_dag.py:155} INFO - Extracted page 2/10 - dien-thoai-may-tinh-bang, total items: 80
[2025-03-12T07:26:28.684+0000] {tiki_extract_dag.py:155} INFO - Extracted page 3/10 - dien-thoai-may-tinh-bang, total items: 120
[2025-03-12T07:26:38.785+0000] {tiki_extract_dag.py:155} INFO - Extracted page 4/10 - dien-thoai-may-tinh-bang, total items: 160
[2025-03-12T07:26:47.991+0000] {tiki_extract_dag.py:155} INFO - Extracted page 5/10 - dien-thoai-may-tinh-bang, total items: 200
[2025-03-12T07:26:56.942+0000] {tiki_extract_dag.py:155} INFO - Extracted page 6/10 - dien-thoai-may-tinh-bang, total items: 240
[2025-03-12T07:27:06.494+0000] {tiki_extract_dag.py:155} INFO - Extracted page 7/10 - dien-thoai-may-tinh-bang, total items: 280
[2025-03-12T07:27:13.453+0000] {tiki_extract_dag.py:155} INFO - Extracted page 8/10 - dien-thoai-may-tinh-bang, total items: 320
[2025-03-12T07:27:22.618+0000] {tiki_extract_dag.py:155} INFO - Extracted page 9/10 - dien-thoai-may-tinh-bang, total items: 360
[2025-03-12T07:27:31.018+0000] {tiki_extract_dag.py:155} INFO - Extracted page 10/10 - dien-thoai-may-tinh-bang, total items: 361
[2025-03-12T07:27:43.554+0000] {tiki_extract_dag.py:56} INFO - Updated crawled products at tiki-pipeline/tiki_crawled/crawled_products.json
[2025-03-12T07:27:43.555+0000] {tiki_extract_dag.py:172} INFO - Uploaded raw data to tiki-pipeline/tiki_raw_data/raw_dien-thoai-may-tinh-bang_20250312_072740.json, total items: 361
[2025-03-12T07:27:43.898+0000] {tiki_extract_dag.py:183} INFO - Saved metadata to tiki-pipeline/metadata/extract_run_metadata_dien-thoai-may-tinh-bang_20250312_072740.json
[2025-03-12T07:27:43.900+0000] {python.py:240} INFO - Done. Returned value was: None
[2025-03-12T07:27:43.921+0000] {taskinstance.py:341} INFO - ::group::Post task execution logs
[2025-03-12T07:27:43.923+0000] {taskinstance.py:353} INFO - Marking task as SUCCESS. dag_id=tiki_extract_dag, task_id=extract_dien-thoai-may-tinh-bang, run_id=manual__2025-03-12T07:25:54.854919+00:00, execution_date=20250312T072554, start_date=20250312T072610, end_date=20250312T072743
[2025-03-12T07:27:43.978+0000] {logging_mixin.py:190} INFO - Task instance in success state
[2025-03-12T07:27:43.980+0000] {logging_mixin.py:190} INFO -  Previous state of the Task instance: running
[2025-03-12T07:27:43.980+0000] {logging_mixin.py:190} INFO - Dag name:tiki_extract_dag queued_at:2025-03-12 07:25:54.899816+00:00
[2025-03-12T07:27:43.981+0000] {logging_mixin.py:190} INFO - Task hostname:3905098656d4 operator:PythonOperator
[2025-03-12T07:27:44.052+0000] {local_task_job_runner.py:266} INFO - Task exited with return code 0
[2025-03-12T07:27:44.081+0000] {taskinstance.py:3901} INFO - 0 downstream tasks scheduled from follow-on schedule check
[2025-03-12T07:27:44.103+0000] {local_task_job_runner.py:245} INFO - ::endgroup::
