[2025-03-11T14:08:12.859+0000] {local_task_job_runner.py:123} INFO - ::group::Pre task execution logs
[2025-03-11T14:08:12.918+0000] {taskinstance.py:2614} INFO - Dependencies all met for dep_context=non-requeueable deps ti=<TaskInstance: tiki_extract_dag.crawl_thoi-trang-nu manual__2025-03-11T14:07:26.849945+00:00 [queued]>
[2025-03-11T14:08:12.962+0000] {taskinstance.py:2614} INFO - Dependencies all met for dep_context=requeueable deps ti=<TaskInstance: tiki_extract_dag.crawl_thoi-trang-nu manual__2025-03-11T14:07:26.849945+00:00 [queued]>
[2025-03-11T14:08:12.966+0000] {taskinstance.py:2867} INFO - Starting attempt 1 of 4
[2025-03-11T14:08:13.083+0000] {taskinstance.py:2890} INFO - Executing <Task(PythonOperator): crawl_thoi-trang-nu> on 2025-03-11 14:07:26.849945+00:00
[2025-03-11T14:08:13.129+0000] {warnings.py:112} WARNING - /home/***/.local/lib/python3.12/site-packages/***/task/task_runner/standard_task_runner.py:70: DeprecationWarning: This process (pid=2148) is multi-threaded, use of fork() may lead to deadlocks in the child.
  pid = os.fork()

[2025-03-11T14:08:13.146+0000] {standard_task_runner.py:72} INFO - Started process 2183 to run task
[2025-03-11T14:08:13.149+0000] {standard_task_runner.py:104} INFO - Running: ['***', 'tasks', 'run', 'tiki_extract_dag', 'crawl_thoi-trang-nu', 'manual__2025-03-11T14:07:26.849945+00:00', '--job-id', '603', '--raw', '--subdir', 'DAGS_FOLDER/tiki_extract_dag.py', '--cfg-path', '/tmp/tmpmqo_ahj5']
[2025-03-11T14:08:13.157+0000] {standard_task_runner.py:105} INFO - Job 603: Subtask crawl_thoi-trang-nu
[2025-03-11T14:08:13.390+0000] {task_command.py:467} INFO - Running <TaskInstance: tiki_extract_dag.crawl_thoi-trang-nu manual__2025-03-11T14:07:26.849945+00:00 [running]> on host 5c8190d7da62
[2025-03-11T14:08:21.849+0000] {job.py:229} INFO - Heartbeat recovered after 11.57 seconds
[2025-03-11T14:08:23.582+0000] {taskinstance.py:3134} INFO - Exporting env vars: AIRFLOW_CTX_DAG_OWNER='***' AIRFLOW_CTX_DAG_ID='tiki_extract_dag' AIRFLOW_CTX_TASK_ID='crawl_thoi-trang-nu' AIRFLOW_CTX_EXECUTION_DATE='2025-03-11T14:07:26.849945+00:00' AIRFLOW_CTX_TRY_NUMBER='1' AIRFLOW_CTX_DAG_RUN_ID='manual__2025-03-11T14:07:26.849945+00:00'
[2025-03-11T14:08:23.593+0000] {logging_mixin.py:190} INFO - Task instance is in running state
[2025-03-11T14:08:23.610+0000] {logging_mixin.py:190} INFO -  Previous state of the Task instance: queued
[2025-03-11T14:08:23.614+0000] {logging_mixin.py:190} INFO - Current task name:crawl_thoi-trang-nu state:running start_date:2025-03-11 14:08:12.924203+00:00
[2025-03-11T14:08:23.615+0000] {logging_mixin.py:190} INFO - Dag name:tiki_extract_dag and current dag run status:running
[2025-03-11T14:08:23.617+0000] {taskinstance.py:732} INFO - ::endgroup::
[2025-03-11T14:08:29.030+0000] {tiki_extract_dag.py:139} INFO - Starting crawl for category thoi-trang-nu (ID: 931)
[2025-03-11T14:08:29.032+0000] {tiki_extract_dag.py:141} INFO - Calling API: https://tiki.vn/api/v2/products with params: {'page': 1, 'limit': 40, 'category': '931'}
[2025-03-11T14:08:29.877+0000] {tiki_extract_dag.py:150} INFO - Total pages for thoi-trang-nu: 50 (limited to 50)
[2025-03-11T14:08:29.879+0000] {tiki_extract_dag.py:163} INFO - Calling API: https://tiki.vn/api/v2/products with params: {'page': 2, 'limit': 40, 'category': '931'}
[2025-03-11T14:08:30.369+0000] {tiki_extract_dag.py:183} INFO - Extracted page 2/50 for category thoi-trang-nu, total items: 0
[2025-03-11T14:08:45.951+0000] {tiki_extract_dag.py:163} INFO - Calling API: https://tiki.vn/api/v2/products with params: {'page': 3, 'limit': 40, 'category': '931'}
[2025-03-11T14:09:02.076+0000] {tiki_extract_dag.py:183} INFO - Extracted page 3/50 for category thoi-trang-nu, total items: 40
[2025-03-11T14:09:17.122+0000] {tiki_extract_dag.py:163} INFO - Calling API: https://tiki.vn/api/v2/products with params: {'page': 4, 'limit': 40, 'category': '931'}
[2025-03-11T14:09:31.394+0000] {tiki_extract_dag.py:183} INFO - Extracted page 4/50 for category thoi-trang-nu, total items: 80
[2025-03-11T14:09:50.750+0000] {tiki_extract_dag.py:163} INFO - Calling API: https://tiki.vn/api/v2/products with params: {'page': 5, 'limit': 40, 'category': '931'}
[2025-03-11T14:10:05.886+0000] {tiki_extract_dag.py:183} INFO - Extracted page 5/50 for category thoi-trang-nu, total items: 120
[2025-03-11T14:10:23.002+0000] {tiki_extract_dag.py:163} INFO - Calling API: https://tiki.vn/api/v2/products with params: {'page': 6, 'limit': 40, 'category': '931'}
[2025-03-11T14:10:39.603+0000] {tiki_extract_dag.py:183} INFO - Extracted page 6/50 for category thoi-trang-nu, total items: 160
[2025-03-11T14:10:59.017+0000] {tiki_extract_dag.py:163} INFO - Calling API: https://tiki.vn/api/v2/products with params: {'page': 7, 'limit': 40, 'category': '931'}
[2025-03-11T14:11:14.341+0000] {tiki_extract_dag.py:183} INFO - Extracted page 7/50 for category thoi-trang-nu, total items: 200
[2025-03-11T14:11:32.482+0000] {tiki_extract_dag.py:163} INFO - Calling API: https://tiki.vn/api/v2/products with params: {'page': 8, 'limit': 40, 'category': '931'}
[2025-03-11T14:11:49.195+0000] {tiki_extract_dag.py:183} INFO - Extracted page 8/50 for category thoi-trang-nu, total items: 240
[2025-03-11T14:12:09.153+0000] {tiki_extract_dag.py:163} INFO - Calling API: https://tiki.vn/api/v2/products with params: {'page': 9, 'limit': 40, 'category': '931'}
[2025-03-11T14:12:25.105+0000] {tiki_extract_dag.py:183} INFO - Extracted page 9/50 for category thoi-trang-nu, total items: 280
[2025-03-11T14:12:40.813+0000] {tiki_extract_dag.py:163} INFO - Calling API: https://tiki.vn/api/v2/products with params: {'page': 10, 'limit': 40, 'category': '931'}
[2025-03-11T14:12:55.723+0000] {tiki_extract_dag.py:183} INFO - Extracted page 10/50 for category thoi-trang-nu, total items: 320
[2025-03-11T14:13:12.839+0000] {tiki_extract_dag.py:163} INFO - Calling API: https://tiki.vn/api/v2/products with params: {'page': 11, 'limit': 40, 'category': '931'}
[2025-03-11T14:13:27.423+0000] {tiki_extract_dag.py:183} INFO - Extracted page 11/50 for category thoi-trang-nu, total items: 360
[2025-03-11T14:13:45.694+0000] {tiki_extract_dag.py:163} INFO - Calling API: https://tiki.vn/api/v2/products with params: {'page': 12, 'limit': 40, 'category': '931'}
[2025-03-11T14:14:01.648+0000] {tiki_extract_dag.py:183} INFO - Extracted page 12/50 for category thoi-trang-nu, total items: 400
[2025-03-11T14:14:17.170+0000] {tiki_extract_dag.py:163} INFO - Calling API: https://tiki.vn/api/v2/products with params: {'page': 13, 'limit': 40, 'category': '931'}
[2025-03-11T14:14:32.957+0000] {tiki_extract_dag.py:183} INFO - Extracted page 13/50 for category thoi-trang-nu, total items: 440
[2025-03-11T14:14:51.547+0000] {tiki_extract_dag.py:163} INFO - Calling API: https://tiki.vn/api/v2/products with params: {'page': 14, 'limit': 40, 'category': '931'}
[2025-03-11T14:15:08.293+0000] {tiki_extract_dag.py:183} INFO - Extracted page 14/50 for category thoi-trang-nu, total items: 480
[2025-03-11T14:15:24.434+0000] {tiki_extract_dag.py:163} INFO - Calling API: https://tiki.vn/api/v2/products with params: {'page': 15, 'limit': 40, 'category': '931'}
[2025-03-11T14:15:40.837+0000] {tiki_extract_dag.py:183} INFO - Extracted page 15/50 for category thoi-trang-nu, total items: 520
[2025-03-11T14:16:00.739+0000] {tiki_extract_dag.py:163} INFO - Calling API: https://tiki.vn/api/v2/products with params: {'page': 16, 'limit': 40, 'category': '931'}
[2025-03-11T14:16:18.342+0000] {tiki_extract_dag.py:183} INFO - Extracted page 16/50 for category thoi-trang-nu, total items: 560
[2025-03-11T14:16:35.489+0000] {tiki_extract_dag.py:163} INFO - Calling API: https://tiki.vn/api/v2/products with params: {'page': 17, 'limit': 40, 'category': '931'}
[2025-03-11T14:16:50.958+0000] {tiki_extract_dag.py:183} INFO - Extracted page 17/50 for category thoi-trang-nu, total items: 600
[2025-03-11T14:17:06.624+0000] {tiki_extract_dag.py:163} INFO - Calling API: https://tiki.vn/api/v2/products with params: {'page': 18, 'limit': 40, 'category': '931'}
[2025-03-11T14:17:22.576+0000] {tiki_extract_dag.py:183} INFO - Extracted page 18/50 for category thoi-trang-nu, total items: 640
[2025-03-11T14:17:37.756+0000] {tiki_extract_dag.py:163} INFO - Calling API: https://tiki.vn/api/v2/products with params: {'page': 19, 'limit': 40, 'category': '931'}
[2025-03-11T14:17:54.444+0000] {tiki_extract_dag.py:183} INFO - Extracted page 19/50 for category thoi-trang-nu, total items: 680
[2025-03-11T14:18:13.154+0000] {tiki_extract_dag.py:163} INFO - Calling API: https://tiki.vn/api/v2/products with params: {'page': 20, 'limit': 40, 'category': '931'}
[2025-03-11T14:18:29.747+0000] {tiki_extract_dag.py:183} INFO - Extracted page 20/50 for category thoi-trang-nu, total items: 720
[2025-03-11T14:18:48.068+0000] {tiki_extract_dag.py:163} INFO - Calling API: https://tiki.vn/api/v2/products with params: {'page': 21, 'limit': 40, 'category': '931'}
[2025-03-11T14:19:03.446+0000] {tiki_extract_dag.py:183} INFO - Extracted page 21/50 for category thoi-trang-nu, total items: 760
[2025-03-11T14:19:18.653+0000] {tiki_extract_dag.py:163} INFO - Calling API: https://tiki.vn/api/v2/products with params: {'page': 22, 'limit': 40, 'category': '931'}
[2025-03-11T14:19:34.625+0000] {tiki_extract_dag.py:183} INFO - Extracted page 22/50 for category thoi-trang-nu, total items: 800
[2025-03-11T14:19:51.939+0000] {tiki_extract_dag.py:163} INFO - Calling API: https://tiki.vn/api/v2/products with params: {'page': 23, 'limit': 40, 'category': '931'}
[2025-03-11T14:20:07.036+0000] {tiki_extract_dag.py:183} INFO - Extracted page 23/50 for category thoi-trang-nu, total items: 840
[2025-03-11T14:20:22.397+0000] {tiki_extract_dag.py:163} INFO - Calling API: https://tiki.vn/api/v2/products with params: {'page': 24, 'limit': 40, 'category': '931'}
[2025-03-11T14:20:38.412+0000] {tiki_extract_dag.py:183} INFO - Extracted page 24/50 for category thoi-trang-nu, total items: 880
[2025-03-11T14:20:54.777+0000] {tiki_extract_dag.py:163} INFO - Calling API: https://tiki.vn/api/v2/products with params: {'page': 25, 'limit': 40, 'category': '931'}
[2025-03-11T14:21:09.710+0000] {tiki_extract_dag.py:183} INFO - Extracted page 25/50 for category thoi-trang-nu, total items: 920
[2025-03-11T14:21:29.641+0000] {tiki_extract_dag.py:163} INFO - Calling API: https://tiki.vn/api/v2/products with params: {'page': 26, 'limit': 40, 'category': '931'}
[2025-03-11T14:21:45.339+0000] {tiki_extract_dag.py:183} INFO - Extracted page 26/50 for category thoi-trang-nu, total items: 960
[2025-03-11T14:22:04.093+0000] {tiki_extract_dag.py:163} INFO - Calling API: https://tiki.vn/api/v2/products with params: {'page': 27, 'limit': 40, 'category': '931'}
[2025-03-11T14:22:19.150+0000] {tiki_extract_dag.py:183} INFO - Extracted page 27/50 for category thoi-trang-nu, total items: 1000
[2025-03-11T14:22:35.009+0000] {tiki_extract_dag.py:163} INFO - Calling API: https://tiki.vn/api/v2/products with params: {'page': 28, 'limit': 40, 'category': '931'}
[2025-03-11T14:22:49.537+0000] {tiki_extract_dag.py:183} INFO - Extracted page 28/50 for category thoi-trang-nu, total items: 1040
[2025-03-11T14:23:04.587+0000] {tiki_extract_dag.py:163} INFO - Calling API: https://tiki.vn/api/v2/products with params: {'page': 29, 'limit': 40, 'category': '931'}
[2025-03-11T14:23:19.964+0000] {tiki_extract_dag.py:183} INFO - Extracted page 29/50 for category thoi-trang-nu, total items: 1080
[2025-03-11T14:23:36.243+0000] {tiki_extract_dag.py:163} INFO - Calling API: https://tiki.vn/api/v2/products with params: {'page': 30, 'limit': 40, 'category': '931'}
[2025-03-11T14:23:54.694+0000] {tiki_extract_dag.py:183} INFO - Extracted page 30/50 for category thoi-trang-nu, total items: 1120
[2025-03-11T14:24:10.333+0000] {tiki_extract_dag.py:163} INFO - Calling API: https://tiki.vn/api/v2/products with params: {'page': 31, 'limit': 40, 'category': '931'}
[2025-03-11T14:24:25.508+0000] {tiki_extract_dag.py:183} INFO - Extracted page 31/50 for category thoi-trang-nu, total items: 1160
[2025-03-11T14:24:44.053+0000] {tiki_extract_dag.py:163} INFO - Calling API: https://tiki.vn/api/v2/products with params: {'page': 32, 'limit': 40, 'category': '931'}
[2025-03-11T14:24:59.361+0000] {tiki_extract_dag.py:183} INFO - Extracted page 32/50 for category thoi-trang-nu, total items: 1200
[2025-03-11T14:25:16.572+0000] {tiki_extract_dag.py:163} INFO - Calling API: https://tiki.vn/api/v2/products with params: {'page': 33, 'limit': 40, 'category': '931'}
[2025-03-11T14:25:31.703+0000] {tiki_extract_dag.py:183} INFO - Extracted page 33/50 for category thoi-trang-nu, total items: 1240
[2025-03-11T14:25:51.193+0000] {tiki_extract_dag.py:163} INFO - Calling API: https://tiki.vn/api/v2/products with params: {'page': 34, 'limit': 40, 'category': '931'}
[2025-03-11T14:26:23.200+0000] {connectionpool.py:868} WARNING - Retrying (Retry(total=4, connect=5, read=4, redirect=None, status=None)) after connection broken by 'ReadTimeoutError("HTTPSConnectionPool(host='tiki.vn', port=443): Read timed out. (read timeout=15)")': /api/v2/products/7794731
[2025-03-11T14:26:25.511+0000] {connectionpool.py:868} WARNING - Retrying (Retry(total=3, connect=4, read=4, redirect=None, status=None)) after connection broken by 'NameResolutionError("<urllib3.connection.HTTPSConnection object at 0x7f729b3d0aa0>: Failed to resolve 'tiki.vn' ([Errno -2] Name or service not known)")': /api/v2/products/7794731
[2025-03-11T14:26:29.576+0000] {connectionpool.py:868} WARNING - Retrying (Retry(total=2, connect=3, read=4, redirect=None, status=None)) after connection broken by 'NameResolutionError("<urllib3.connection.HTTPSConnection object at 0x7f729b3d2630>: Failed to resolve 'tiki.vn' ([Errno -2] Name or service not known)")': /api/v2/products/7794731
[2025-03-11T14:26:37.603+0000] {connectionpool.py:868} WARNING - Retrying (Retry(total=1, connect=2, read=4, redirect=None, status=None)) after connection broken by 'NameResolutionError("<urllib3.connection.HTTPSConnection object at 0x7f729b3d1700>: Failed to resolve 'tiki.vn' ([Errno -2] Name or service not known)")': /api/v2/products/7794731
[2025-03-11T14:26:53.615+0000] {connectionpool.py:868} WARNING - Retrying (Retry(total=0, connect=1, read=4, redirect=None, status=None)) after connection broken by 'NameResolutionError("<urllib3.connection.HTTPSConnection object at 0x7f729b3d3320>: Failed to resolve 'tiki.vn' ([Errno -2] Name or service not known)")': /api/v2/products/7794731
[2025-03-11T14:27:01.643+0000] {tiki_extract_dag.py:120} ERROR - Error fetching details for product 7794731 on attempt 1/3: HTTPSConnectionPool(host='tiki.vn', port=443): Max retries exceeded with url: /api/v2/products/7794731 (Caused by NameResolutionError("<urllib3.connection.HTTPSConnection object at 0x7f729b3d35f0>: Failed to resolve 'tiki.vn' ([Errno -3] Temporary failure in name resolution)"))
[2025-03-11T14:27:07.761+0000] {tiki_extract_dag.py:183} INFO - Extracted page 34/50 for category thoi-trang-nu, total items: 1280
[2025-03-11T14:27:27.026+0000] {tiki_extract_dag.py:163} INFO - Calling API: https://tiki.vn/api/v2/products with params: {'page': 35, 'limit': 40, 'category': '931'}
[2025-03-11T14:27:42.613+0000] {tiki_extract_dag.py:183} INFO - Extracted page 35/50 for category thoi-trang-nu, total items: 1320
[2025-03-11T14:27:57.690+0000] {tiki_extract_dag.py:163} INFO - Calling API: https://tiki.vn/api/v2/products with params: {'page': 36, 'limit': 40, 'category': '931'}
[2025-03-11T14:27:58.153+0000] {tiki_extract_dag.py:186} ERROR - API error at page 36 in category thoi-trang-nu on attempt 1/3: Expecting value: line 1 column 1 (char 0)
[2025-03-11T14:28:04.392+0000] {tiki_extract_dag.py:186} ERROR - API error at page 36 in category thoi-trang-nu on attempt 2/3: Expecting value: line 1 column 1 (char 0)
[2025-03-11T14:28:38.921+0000] {tiki_extract_dag.py:183} INFO - Extracted page 36/50 for category thoi-trang-nu, total items: 1360
[2025-03-11T14:28:58.093+0000] {tiki_extract_dag.py:163} INFO - Calling API: https://tiki.vn/api/v2/products with params: {'page': 37, 'limit': 40, 'category': '931'}
[2025-03-11T14:28:59.485+0000] {tiki_extract_dag.py:186} ERROR - API error at page 37 in category thoi-trang-nu on attempt 1/3: Expecting value: line 1 column 1 (char 0)
[2025-03-11T14:29:06.525+0000] {tiki_extract_dag.py:186} ERROR - API error at page 37 in category thoi-trang-nu on attempt 2/3: Expecting value: line 1 column 1 (char 0)
[2025-03-11T14:29:38.085+0000] {tiki_extract_dag.py:183} INFO - Extracted page 37/50 for category thoi-trang-nu, total items: 1400
[2025-03-11T14:29:55.148+0000] {tiki_extract_dag.py:163} INFO - Calling API: https://tiki.vn/api/v2/products with params: {'page': 38, 'limit': 40, 'category': '931'}
[2025-03-11T14:29:55.354+0000] {tiki_extract_dag.py:186} ERROR - API error at page 38 in category thoi-trang-nu on attempt 1/3: Expecting value: line 1 column 1 (char 0)
[2025-03-11T14:30:02.370+0000] {tiki_extract_dag.py:186} ERROR - API error at page 38 in category thoi-trang-nu on attempt 2/3: Expecting value: line 1 column 1 (char 0)
[2025-03-11T14:30:37.152+0000] {tiki_extract_dag.py:183} INFO - Extracted page 38/50 for category thoi-trang-nu, total items: 1440
[2025-03-11T14:30:54.518+0000] {tiki_extract_dag.py:163} INFO - Calling API: https://tiki.vn/api/v2/products with params: {'page': 39, 'limit': 40, 'category': '931'}
[2025-03-11T14:30:58.788+0000] {tiki_extract_dag.py:120} ERROR - Error fetching details for product 193533239 on attempt 1/3: ('Connection broken: IncompleteRead(7967 bytes read, 31 more expected)', IncompleteRead(7967 bytes read, 31 more expected))
[2025-03-11T14:31:11.364+0000] {connectionpool.py:868} WARNING - Retrying (Retry(total=4, connect=4, read=5, redirect=None, status=None)) after connection broken by 'NameResolutionError("<urllib3.connection.HTTPSConnection object at 0x7f729b3d39b0>: Failed to resolve 'tiki.vn' ([Errno -2] Name or service not known)")': /api/v2/products/193533239
[2025-03-11T14:31:13.435+0000] {connectionpool.py:868} WARNING - Retrying (Retry(total=3, connect=3, read=5, redirect=None, status=None)) after connection broken by 'NameResolutionError("<urllib3.connection.HTTPSConnection object at 0x7f729b3cc1d0>: Failed to resolve 'tiki.vn' ([Errno -2] Name or service not known)")': /api/v2/products/193533239
[2025-03-11T14:31:17.443+0000] {connectionpool.py:868} WARNING - Retrying (Retry(total=2, connect=2, read=5, redirect=None, status=None)) after connection broken by 'NameResolutionError("<urllib3.connection.HTTPSConnection object at 0x7f729b3cfd10>: Failed to resolve 'tiki.vn' ([Errno -2] Name or service not known)")': /api/v2/products/193533239
[2025-03-11T14:31:25.451+0000] {connectionpool.py:868} WARNING - Retrying (Retry(total=1, connect=1, read=5, redirect=None, status=None)) after connection broken by 'NameResolutionError("<urllib3.connection.HTTPSConnection object at 0x7f729b3cc170>: Failed to resolve 'tiki.vn' ([Errno -2] Name or service not known)")': /api/v2/products/193533239
[2025-03-11T14:31:41.473+0000] {connectionpool.py:868} WARNING - Retrying (Retry(total=0, connect=0, read=5, redirect=None, status=None)) after connection broken by 'NameResolutionError("<urllib3.connection.HTTPSConnection object at 0x7f729b362de0>: Failed to resolve 'tiki.vn' ([Errno -2] Name or service not known)")': /api/v2/products/193533239
[2025-03-11T14:31:41.480+0000] {tiki_extract_dag.py:120} ERROR - Error fetching details for product 193533239 on attempt 2/3: HTTPSConnectionPool(host='tiki.vn', port=443): Max retries exceeded with url: /api/v2/products/193533239 (Caused by NameResolutionError("<urllib3.connection.HTTPSConnection object at 0x7f729b3dc7d0>: Failed to resolve 'tiki.vn' ([Errno -2] Name or service not known)"))
[2025-03-11T14:31:50.825+0000] {connectionpool.py:868} WARNING - Retrying (Retry(total=4, connect=4, read=5, redirect=None, status=None)) after connection broken by 'NameResolutionError("<urllib3.connection.HTTPSConnection object at 0x7f729b3d30b0>: Failed to resolve 'tiki.vn' ([Errno -2] Name or service not known)")': /api/v2/products/193533239
[2025-03-11T14:31:52.835+0000] {connectionpool.py:868} WARNING - Retrying (Retry(total=3, connect=3, read=5, redirect=None, status=None)) after connection broken by 'NameResolutionError("<urllib3.connection.HTTPSConnection object at 0x7f729b3d20c0>: Failed to resolve 'tiki.vn' ([Errno -2] Name or service not known)")': /api/v2/products/193533239
[2025-03-11T14:31:56.856+0000] {connectionpool.py:868} WARNING - Retrying (Retry(total=2, connect=2, read=5, redirect=None, status=None)) after connection broken by 'NameResolutionError("<urllib3.connection.HTTPSConnection object at 0x7f729b2381a0>: Failed to resolve 'tiki.vn' ([Errno -2] Name or service not known)")': /api/v2/products/193533239
[2025-03-11T14:32:04.865+0000] {connectionpool.py:868} WARNING - Retrying (Retry(total=1, connect=1, read=5, redirect=None, status=None)) after connection broken by 'NameResolutionError("<urllib3.connection.HTTPSConnection object at 0x7f729b238a10>: Failed to resolve 'tiki.vn' ([Errno -2] Name or service not known)")': /api/v2/products/193533239
[2025-03-11T14:32:20.919+0000] {connectionpool.py:868} WARNING - Retrying (Retry(total=0, connect=0, read=5, redirect=None, status=None)) after connection broken by 'NameResolutionError("<urllib3.connection.HTTPSConnection object at 0x7f729b23b380>: Failed to resolve 'tiki.vn' ([Errno -2] Name or service not known)")': /api/v2/products/193533239
[2025-03-11T14:32:21.035+0000] {tiki_extract_dag.py:120} ERROR - Error fetching details for product 193533239 on attempt 3/3: HTTPSConnectionPool(host='tiki.vn', port=443): Max retries exceeded with url: /api/v2/products/193533239 (Caused by NameResolutionError("<urllib3.connection.HTTPSConnection object at 0x7f729b238cb0>: Failed to resolve 'tiki.vn' ([Errno -2] Name or service not known)"))
[2025-03-11T14:32:21.173+0000] {connectionpool.py:868} WARNING - Retrying (Retry(total=4, connect=4, read=5, redirect=None, status=None)) after connection broken by 'NameResolutionError("<urllib3.connection.HTTPSConnection object at 0x7f729b3ce360>: Failed to resolve 'tiki.vn' ([Errno -2] Name or service not known)")': /api/v2/products/192713368
[2025-03-11T14:32:23.195+0000] {connectionpool.py:868} WARNING - Retrying (Retry(total=3, connect=3, read=5, redirect=None, status=None)) after connection broken by 'NameResolutionError("<urllib3.connection.HTTPSConnection object at 0x7f729b265730>: Failed to resolve 'tiki.vn' ([Errno -2] Name or service not known)")': /api/v2/products/192713368
[2025-03-11T14:32:27.252+0000] {connectionpool.py:868} WARNING - Retrying (Retry(total=2, connect=2, read=5, redirect=None, status=None)) after connection broken by 'NameResolutionError("<urllib3.connection.HTTPSConnection object at 0x7f729b2b0080>: Failed to resolve 'tiki.vn' ([Errno -2] Name or service not known)")': /api/v2/products/192713368
[2025-03-11T14:32:35.264+0000] {connectionpool.py:868} WARNING - Retrying (Retry(total=1, connect=1, read=5, redirect=None, status=None)) after connection broken by 'NameResolutionError("<urllib3.connection.HTTPSConnection object at 0x7f729b3d20c0>: Failed to resolve 'tiki.vn' ([Errno -2] Name or service not known)")': /api/v2/products/192713368
[2025-03-11T14:32:51.274+0000] {connectionpool.py:868} WARNING - Retrying (Retry(total=0, connect=0, read=5, redirect=None, status=None)) after connection broken by 'NameResolutionError("<urllib3.connection.HTTPSConnection object at 0x7f729b3d1c10>: Failed to resolve 'tiki.vn' ([Errno -2] Name or service not known)")': /api/v2/products/192713368
[2025-03-11T14:32:51.289+0000] {tiki_extract_dag.py:120} ERROR - Error fetching details for product 192713368 on attempt 1/3: HTTPSConnectionPool(host='tiki.vn', port=443): Max retries exceeded with url: /api/v2/products/192713368 (Caused by NameResolutionError("<urllib3.connection.HTTPSConnection object at 0x7f729b3dc7a0>: Failed to resolve 'tiki.vn' ([Errno -2] Name or service not known)"))
[2025-03-11T14:32:58.597+0000] {connectionpool.py:868} WARNING - Retrying (Retry(total=4, connect=4, read=5, redirect=None, status=None)) after connection broken by 'NameResolutionError("<urllib3.connection.HTTPSConnection object at 0x7f729b67e360>: Failed to resolve 'tiki.vn' ([Errno -2] Name or service not known)")': /api/v2/products/192713368
[2025-03-11T14:33:00.619+0000] {connectionpool.py:868} WARNING - Retrying (Retry(total=3, connect=3, read=5, redirect=None, status=None)) after connection broken by 'NameResolutionError("<urllib3.connection.HTTPSConnection object at 0x7f729b238cb0>: Failed to resolve 'tiki.vn' ([Errno -2] Name or service not known)")': /api/v2/products/192713368
[2025-03-11T14:33:04.642+0000] {connectionpool.py:868} WARNING - Retrying (Retry(total=2, connect=2, read=5, redirect=None, status=None)) after connection broken by 'NameResolutionError("<urllib3.connection.HTTPSConnection object at 0x7f729b23b260>: Failed to resolve 'tiki.vn' ([Errno -2] Name or service not known)")': /api/v2/products/192713368
[2025-03-11T14:33:12.661+0000] {connectionpool.py:868} WARNING - Retrying (Retry(total=1, connect=1, read=5, redirect=None, status=None)) after connection broken by 'NameResolutionError("<urllib3.connection.HTTPSConnection object at 0x7f729b23b1d0>: Failed to resolve 'tiki.vn' ([Errno -2] Name or service not known)")': /api/v2/products/192713368
[2025-03-11T14:33:28.688+0000] {connectionpool.py:868} WARNING - Retrying (Retry(total=0, connect=0, read=5, redirect=None, status=None)) after connection broken by 'NameResolutionError("<urllib3.connection.HTTPSConnection object at 0x7f729b3cf140>: Failed to resolve 'tiki.vn' ([Errno -2] Name or service not known)")': /api/v2/products/192713368
[2025-03-11T14:33:49.644+0000] {tiki_extract_dag.py:183} INFO - Extracted page 39/50 for category thoi-trang-nu, total items: 1480
[2025-03-11T14:34:05.558+0000] {tiki_extract_dag.py:163} INFO - Calling API: https://tiki.vn/api/v2/products with params: {'page': 40, 'limit': 40, 'category': '931'}
[2025-03-11T14:34:06.475+0000] {tiki_extract_dag.py:186} ERROR - API error at page 40 in category thoi-trang-nu on attempt 1/3: Expecting value: line 1 column 1 (char 0)
[2025-03-11T14:34:12.232+0000] {connectionpool.py:868} WARNING - Retrying (Retry(total=4, connect=5, read=4, redirect=None, status=None)) after connection broken by 'RemoteDisconnected('Remote end closed connection without response')': /api/v2/products?page=40&limit=40&category=931
[2025-03-11T14:34:14.374+0000] {connectionpool.py:868} WARNING - Retrying (Retry(total=3, connect=4, read=4, redirect=None, status=None)) after connection broken by 'NameResolutionError("<urllib3.connection.HTTPSConnection object at 0x7f729b3ddfd0>: Failed to resolve 'tiki.vn' ([Errno -2] Name or service not known)")': /api/v2/products?page=40&limit=40&category=931
[2025-03-11T14:34:26.433+0000] {connectionpool.py:868} WARNING - Retrying (Retry(total=2, connect=3, read=4, redirect=None, status=None)) after connection broken by 'NameResolutionError("<urllib3.connection.HTTPSConnection object at 0x7f729b3de510>: Failed to resolve 'tiki.vn' ([Errno -3] Temporary failure in name resolution)")': /api/v2/products?page=40&limit=40&category=931
[2025-03-11T14:34:37.010+0000] {connectionpool.py:868} WARNING - Retrying (Retry(total=1, connect=2, read=4, redirect=None, status=None)) after connection broken by 'NewConnectionError('<urllib3.connection.HTTPSConnection object at 0x7f729b3de6c0>: Failed to establish a new connection: [Errno 111] Connection refused')': /api/v2/products?page=40&limit=40&category=931
[2025-03-11T14:34:53.016+0000] {connectionpool.py:868} WARNING - Retrying (Retry(total=0, connect=1, read=4, redirect=None, status=None)) after connection broken by 'NewConnectionError('<urllib3.connection.HTTPSConnection object at 0x7f729b3dee40>: Failed to establish a new connection: [Errno 111] Connection refused')': /api/v2/products?page=40&limit=40&category=931
[2025-03-11T14:34:54.564+0000] {tiki_extract_dag.py:120} ERROR - Error fetching details for product 274721548 on attempt 1/3: ('Connection broken: IncompleteRead(2407 bytes read, 1689 more expected)', IncompleteRead(2407 bytes read, 1689 more expected))
[2025-03-11T14:35:32.722+0000] {tiki_extract_dag.py:183} INFO - Extracted page 40/50 for category thoi-trang-nu, total items: 1520
[2025-03-11T14:35:49.268+0000] {tiki_extract_dag.py:163} INFO - Calling API: https://tiki.vn/api/v2/products with params: {'page': 41, 'limit': 40, 'category': '931'}
[2025-03-11T14:35:49.334+0000] {connectionpool.py:868} WARNING - Retrying (Retry(total=4, connect=4, read=5, redirect=None, status=None)) after connection broken by 'NewConnectionError('<urllib3.connection.HTTPSConnection object at 0x7f729b3deae0>: Failed to establish a new connection: [Errno 111] Connection refused')': /api/v2/products?page=41&limit=40&category=931
[2025-03-11T14:35:51.349+0000] {connectionpool.py:868} WARNING - Retrying (Retry(total=3, connect=3, read=5, redirect=None, status=None)) after connection broken by 'NewConnectionError('<urllib3.connection.HTTPSConnection object at 0x7f729b12db50>: Failed to establish a new connection: [Errno 111] Connection refused')': /api/v2/products?page=41&limit=40&category=931
[2025-03-11T14:35:57.388+0000] {connectionpool.py:868} WARNING - Retrying (Retry(total=2, connect=2, read=5, redirect=None, status=None)) after connection broken by 'NewConnectionError('<urllib3.connection.HTTPSConnection object at 0x7f729b12ce60>: Failed to establish a new connection: [Errno 111] Connection refused')': /api/v2/products?page=41&limit=40&category=931
[2025-03-11T14:36:05.416+0000] {connectionpool.py:868} WARNING - Retrying (Retry(total=1, connect=1, read=5, redirect=None, status=None)) after connection broken by 'NewConnectionError('<urllib3.connection.HTTPSConnection object at 0x7f729b12c860>: Failed to establish a new connection: [Errno 111] Connection refused')': /api/v2/products?page=41&limit=40&category=931
[2025-03-11T14:36:23.455+0000] {connectionpool.py:868} WARNING - Retrying (Retry(total=0, connect=0, read=5, redirect=None, status=None)) after connection broken by 'NewConnectionError('<urllib3.connection.HTTPSConnection object at 0x7f729b12ea50>: Failed to establish a new connection: [Errno 111] Connection refused')': /api/v2/products?page=41&limit=40&category=931
[2025-03-11T14:36:23.499+0000] {tiki_extract_dag.py:186} ERROR - API error at page 41 in category thoi-trang-nu on attempt 1/3: HTTPSConnectionPool(host='tiki.vn', port=443): Max retries exceeded with url: /api/v2/products?page=41&limit=40&category=931 (Caused by NameResolutionError("<urllib3.connection.HTTPSConnection object at 0x7f729b12ec90>: Failed to resolve 'tiki.vn' ([Errno -2] Name or service not known)"))
[2025-03-11T14:36:32.029+0000] {connectionpool.py:868} WARNING - Retrying (Retry(total=4, connect=4, read=5, redirect=None, status=None)) after connection broken by 'NameResolutionError("<urllib3.connection.HTTPSConnection object at 0x7f729b2408f0>: Failed to resolve 'tiki.vn' ([Errno -2] Name or service not known)")': /api/v2/products?page=41&limit=40&category=931
[2025-03-11T14:36:34.042+0000] {connectionpool.py:868} WARNING - Retrying (Retry(total=3, connect=3, read=5, redirect=None, status=None)) after connection broken by 'NameResolutionError("<urllib3.connection.HTTPSConnection object at 0x7f729b2c0b90>: Failed to resolve 'tiki.vn' ([Errno -2] Name or service not known)")': /api/v2/products?page=41&limit=40&category=931
[2025-03-11T14:36:46.043+0000] {connectionpool.py:868} WARNING - Retrying (Retry(total=2, connect=2, read=5, redirect=None, status=None)) after connection broken by 'NameResolutionError("<urllib3.connection.HTTPSConnection object at 0x7f729b2c0710>: Failed to resolve 'tiki.vn' ([Errno -3] Temporary failure in name resolution)")': /api/v2/products?page=41&limit=40&category=931
