[2025-03-10T10:25:42.362+0000] {local_task_job_runner.py:123} INFO - ::group::Pre task execution logs
[2025-03-10T10:25:42.440+0000] {taskinstance.py:2614} INFO - Dependencies all met for dep_context=non-requeueable deps ti=<TaskInstance: tiki_extract_dag.crawl_dong-ho-va-trang-suc manual__2025-03-10T10:25:23.953696+00:00 [queued]>
[2025-03-10T10:25:42.474+0000] {taskinstance.py:2614} INFO - Dependencies all met for dep_context=requeueable deps ti=<TaskInstance: tiki_extract_dag.crawl_dong-ho-va-trang-suc manual__2025-03-10T10:25:23.953696+00:00 [queued]>
[2025-03-10T10:25:42.478+0000] {taskinstance.py:2867} INFO - Starting attempt 1 of 4
[2025-03-10T10:25:42.552+0000] {taskinstance.py:2890} INFO - Executing <Task(PythonOperator): crawl_dong-ho-va-trang-suc> on 2025-03-10 10:25:23.953696+00:00
[2025-03-10T10:25:42.678+0000] {warnings.py:112} WARNING - /home/***/.local/lib/python3.12/site-packages/***/task/task_runner/standard_task_runner.py:70: DeprecationWarning: This process (pid=165) is multi-threaded, use of fork() may lead to deadlocks in the child.
  pid = os.fork()

[2025-03-10T10:25:42.684+0000] {standard_task_runner.py:72} INFO - Started process 192 to run task
[2025-03-10T10:25:42.721+0000] {standard_task_runner.py:104} INFO - Running: ['***', 'tasks', 'run', 'tiki_extract_dag', 'crawl_dong-ho-va-trang-suc', 'manual__2025-03-10T10:25:23.953696+00:00', '--job-id', '445', '--raw', '--subdir', 'DAGS_FOLDER/tiki_extract_dag.py', '--cfg-path', '/tmp/tmp8rs25tqk']
[2025-03-10T10:25:42.737+0000] {standard_task_runner.py:105} INFO - Job 445: Subtask crawl_dong-ho-va-trang-suc
[2025-03-10T10:25:43.096+0000] {task_command.py:467} INFO - Running <TaskInstance: tiki_extract_dag.crawl_dong-ho-va-trang-suc manual__2025-03-10T10:25:23.953696+00:00 [running]> on host c77555d100c4
[2025-03-10T10:25:48.771+0000] {taskinstance.py:3134} INFO - Exporting env vars: AIRFLOW_CTX_DAG_OWNER='***' AIRFLOW_CTX_DAG_ID='tiki_extract_dag' AIRFLOW_CTX_TASK_ID='crawl_dong-ho-va-trang-suc' AIRFLOW_CTX_EXECUTION_DATE='2025-03-10T10:25:23.953696+00:00' AIRFLOW_CTX_TRY_NUMBER='1' AIRFLOW_CTX_DAG_RUN_ID='manual__2025-03-10T10:25:23.953696+00:00'
[2025-03-10T10:25:48.774+0000] {logging_mixin.py:190} INFO - Task instance is in running state
[2025-03-10T10:25:48.775+0000] {logging_mixin.py:190} INFO -  Previous state of the Task instance: queued
[2025-03-10T10:25:48.777+0000] {logging_mixin.py:190} INFO - Current task name:crawl_dong-ho-va-trang-suc state:running start_date:2025-03-10 10:25:42.443611+00:00
[2025-03-10T10:25:48.780+0000] {logging_mixin.py:190} INFO - Dag name:tiki_extract_dag and current dag run status:running
[2025-03-10T10:25:48.782+0000] {taskinstance.py:732} INFO - ::endgroup::
[2025-03-10T10:25:51.393+0000] {tiki_extract_dag.py:132} INFO - Starting crawl for category dong-ho-va-trang-suc (ID: 8371)
[2025-03-10T10:25:51.394+0000] {tiki_extract_dag.py:134} INFO - Calling API: https://tiki.vn/api/v2/products with params: {'page': 1, 'limit': 40, 'category': '8371'}
[2025-03-10T10:25:52.167+0000] {tiki_extract_dag.py:143} INFO - Total pages for dong-ho-va-trang-suc: 50 (limited to 50)
[2025-03-10T10:25:52.170+0000] {tiki_extract_dag.py:156} INFO - Calling API: https://tiki.vn/api/v2/products with params: {'page': 2, 'limit': 40, 'category': '8371'}
[2025-03-10T10:26:10.567+0000] {tiki_extract_dag.py:119} ERROR - Error fetching details for product 177929229: Expecting value: line 1 column 1 (char 0)
[2025-03-10T10:26:10.706+0000] {tiki_extract_dag.py:119} ERROR - Error fetching details for product 177896565: Expecting value: line 1 column 1 (char 0)
[2025-03-10T10:26:10.846+0000] {tiki_extract_dag.py:119} ERROR - Error fetching details for product 176073859: Expecting value: line 1 column 1 (char 0)
[2025-03-10T10:26:10.985+0000] {tiki_extract_dag.py:119} ERROR - Error fetching details for product 175843845: Expecting value: line 1 column 1 (char 0)
[2025-03-10T10:26:11.137+0000] {tiki_extract_dag.py:119} ERROR - Error fetching details for product 161523242: Expecting value: line 1 column 1 (char 0)
[2025-03-10T10:26:11.300+0000] {tiki_extract_dag.py:119} ERROR - Error fetching details for product 150150734: Expecting value: line 1 column 1 (char 0)
[2025-03-10T10:26:11.444+0000] {tiki_extract_dag.py:119} ERROR - Error fetching details for product 144367849: Expecting value: line 1 column 1 (char 0)
[2025-03-10T10:26:11.600+0000] {tiki_extract_dag.py:119} ERROR - Error fetching details for product 143829162: Expecting value: line 1 column 1 (char 0)
[2025-03-10T10:26:11.763+0000] {tiki_extract_dag.py:119} ERROR - Error fetching details for product 137831158: Expecting value: line 1 column 1 (char 0)
[2025-03-10T10:26:11.901+0000] {tiki_extract_dag.py:119} ERROR - Error fetching details for product 127461281: Expecting value: line 1 column 1 (char 0)
[2025-03-10T10:26:12.061+0000] {tiki_extract_dag.py:119} ERROR - Error fetching details for product 106391798: Expecting value: line 1 column 1 (char 0)
[2025-03-10T10:26:12.225+0000] {tiki_extract_dag.py:119} ERROR - Error fetching details for product 106107764: Expecting value: line 1 column 1 (char 0)
[2025-03-10T10:26:12.387+0000] {tiki_extract_dag.py:119} ERROR - Error fetching details for product 97927216: Expecting value: line 1 column 1 (char 0)
[2025-03-10T10:26:12.529+0000] {tiki_extract_dag.py:119} ERROR - Error fetching details for product 78503804: Expecting value: line 1 column 1 (char 0)
[2025-03-10T10:26:12.694+0000] {tiki_extract_dag.py:119} ERROR - Error fetching details for product 74527302: Expecting value: line 1 column 1 (char 0)
[2025-03-10T10:26:12.833+0000] {tiki_extract_dag.py:119} ERROR - Error fetching details for product 74494910: Expecting value: line 1 column 1 (char 0)
[2025-03-10T10:26:12.977+0000] {tiki_extract_dag.py:119} ERROR - Error fetching details for product 70203275: Expecting value: line 1 column 1 (char 0)
[2025-03-10T10:26:13.120+0000] {tiki_extract_dag.py:119} ERROR - Error fetching details for product 68428513: Expecting value: line 1 column 1 (char 0)
[2025-03-10T10:26:13.279+0000] {tiki_extract_dag.py:119} ERROR - Error fetching details for product 52318485: Expecting value: line 1 column 1 (char 0)
[2025-03-10T10:26:13.416+0000] {tiki_extract_dag.py:119} ERROR - Error fetching details for product 52145833: Expecting value: line 1 column 1 (char 0)
[2025-03-10T10:26:13.553+0000] {tiki_extract_dag.py:119} ERROR - Error fetching details for product 41563695: Expecting value: line 1 column 1 (char 0)
[2025-03-10T10:26:13.695+0000] {tiki_extract_dag.py:119} ERROR - Error fetching details for product 41181982: Expecting value: line 1 column 1 (char 0)
[2025-03-10T10:26:13.858+0000] {tiki_extract_dag.py:119} ERROR - Error fetching details for product 37769268: Expecting value: line 1 column 1 (char 0)
[2025-03-10T10:26:14.037+0000] {tiki_extract_dag.py:119} ERROR - Error fetching details for product 35527471: Expecting value: line 1 column 1 (char 0)
[2025-03-10T10:26:14.210+0000] {tiki_extract_dag.py:119} ERROR - Error fetching details for product 32910830: Expecting value: line 1 column 1 (char 0)
[2025-03-10T10:26:14.353+0000] {tiki_extract_dag.py:119} ERROR - Error fetching details for product 25058248: Expecting value: line 1 column 1 (char 0)
[2025-03-10T10:26:14.501+0000] {tiki_extract_dag.py:119} ERROR - Error fetching details for product 13629677: Expecting value: line 1 column 1 (char 0)
[2025-03-10T10:26:14.649+0000] {tiki_extract_dag.py:119} ERROR - Error fetching details for product 12114573: Expecting value: line 1 column 1 (char 0)
[2025-03-10T10:26:14.807+0000] {tiki_extract_dag.py:119} ERROR - Error fetching details for product 10597090: Expecting value: line 1 column 1 (char 0)
[2025-03-10T10:26:14.968+0000] {tiki_extract_dag.py:119} ERROR - Error fetching details for product 8677130: Expecting value: line 1 column 1 (char 0)
[2025-03-10T10:26:14.969+0000] {tiki_extract_dag.py:175} INFO - Extracted page 2/50 for category dong-ho-va-trang-suc, total items: 40
[2025-03-10T10:26:28.108+0000] {tiki_extract_dag.py:156} INFO - Calling API: https://tiki.vn/api/v2/products with params: {'page': 3, 'limit': 40, 'category': '8371'}
[2025-03-10T10:26:28.250+0000] {tiki_extract_dag.py:178} ERROR - API error at page 3 in category dong-ho-va-trang-suc: Expecting value: line 1 column 1 (char 0)
[2025-03-10T10:26:33.011+0000] {tiki_extract_dag.py:50} INFO - Updated crawled products at tiki-pipeline/tiki_crawled/crawled_products.json
[2025-03-10T10:26:33.012+0000] {tiki_extract_dag.py:192} INFO - Uploaded raw data to tiki-pipeline/raw_data/dong-ho-va-trang-suc_20250310_102628.json, total items: 40
[2025-03-10T10:26:33.361+0000] {tiki_extract_dag.py:204} INFO - Saved metadata to tiki-pipeline/metadata/dong-ho-va-trang-suc_extract_run_metadata_20250310_102628.json
[2025-03-10T10:26:33.364+0000] {python.py:240} INFO - Done. Returned value was: None
[2025-03-10T10:26:33.381+0000] {taskinstance.py:341} INFO - ::group::Post task execution logs
[2025-03-10T10:26:33.382+0000] {taskinstance.py:353} INFO - Marking task as SUCCESS. dag_id=tiki_extract_dag, task_id=crawl_dong-ho-va-trang-suc, run_id=manual__2025-03-10T10:25:23.953696+00:00, execution_date=20250310T102523, start_date=20250310T102542, end_date=20250310T102633
[2025-03-10T10:26:33.434+0000] {logging_mixin.py:190} INFO - Task instance in success state
[2025-03-10T10:26:33.435+0000] {logging_mixin.py:190} INFO -  Previous state of the Task instance: running
[2025-03-10T10:26:33.436+0000] {logging_mixin.py:190} INFO - Dag name:tiki_extract_dag queued_at:2025-03-10 10:25:24.003599+00:00
[2025-03-10T10:26:33.436+0000] {logging_mixin.py:190} INFO - Task hostname:c77555d100c4 operator:PythonOperator
[2025-03-10T10:26:33.494+0000] {local_task_job_runner.py:266} INFO - Task exited with return code 0
[2025-03-10T10:26:33.525+0000] {taskinstance.py:3901} INFO - 0 downstream tasks scheduled from follow-on schedule check
[2025-03-10T10:26:33.531+0000] {local_task_job_runner.py:245} INFO - ::endgroup::
