[2025-03-10T09:03:24.126+0000] {local_task_job_runner.py:123} INFO - ::group::Pre task execution logs
[2025-03-10T09:03:24.141+0000] {taskinstance.py:2614} INFO - Dependencies all met for dep_context=non-requeueable deps ti=<TaskInstance: tiki_extract_dag.extract_data manual__2025-03-10T09:03:22.004340+00:00 [queued]>
[2025-03-10T09:03:24.150+0000] {taskinstance.py:2614} INFO - Dependencies all met for dep_context=requeueable deps ti=<TaskInstance: tiki_extract_dag.extract_data manual__2025-03-10T09:03:22.004340+00:00 [queued]>
[2025-03-10T09:03:24.150+0000] {taskinstance.py:2867} INFO - Starting attempt 1 of 4
[2025-03-10T09:03:24.162+0000] {taskinstance.py:2890} INFO - Executing <Task(PythonOperator): extract_data> on 2025-03-10 09:03:22.004340+00:00
[2025-03-10T09:03:24.171+0000] {warnings.py:112} WARNING - /home/***/.local/lib/python3.12/site-packages/***/task/task_runner/standard_task_runner.py:70: DeprecationWarning: This process (pid=1426) is multi-threaded, use of fork() may lead to deadlocks in the child.
  pid = os.fork()

[2025-03-10T09:03:24.172+0000] {standard_task_runner.py:72} INFO - Started process 1428 to run task
[2025-03-10T09:03:24.172+0000] {standard_task_runner.py:104} INFO - Running: ['***', 'tasks', 'run', 'tiki_extract_dag', 'extract_data', 'manual__2025-03-10T09:03:22.004340+00:00', '--job-id', '360', '--raw', '--subdir', 'DAGS_FOLDER/tiki_extract_dag.py', '--cfg-path', '/tmp/tmpvz3ezdif']
[2025-03-10T09:03:24.173+0000] {standard_task_runner.py:105} INFO - Job 360: Subtask extract_data
[2025-03-10T09:03:24.218+0000] {task_command.py:467} INFO - Running <TaskInstance: tiki_extract_dag.extract_data manual__2025-03-10T09:03:22.004340+00:00 [running]> on host c77555d100c4
[2025-03-10T09:03:24.302+0000] {taskinstance.py:3134} INFO - Exporting env vars: AIRFLOW_CTX_DAG_OWNER='***' AIRFLOW_CTX_DAG_ID='tiki_extract_dag' AIRFLOW_CTX_TASK_ID='extract_data' AIRFLOW_CTX_EXECUTION_DATE='2025-03-10T09:03:22.004340+00:00' AIRFLOW_CTX_TRY_NUMBER='1' AIRFLOW_CTX_DAG_RUN_ID='manual__2025-03-10T09:03:22.004340+00:00'
[2025-03-10T09:03:24.303+0000] {logging_mixin.py:190} INFO - Task instance is in running state
[2025-03-10T09:03:24.304+0000] {logging_mixin.py:190} INFO -  Previous state of the Task instance: queued
[2025-03-10T09:03:24.304+0000] {logging_mixin.py:190} INFO - Current task name:extract_data state:running start_date:2025-03-10 09:03:24.142447+00:00
[2025-03-10T09:03:24.305+0000] {logging_mixin.py:190} INFO - Dag name:tiki_extract_dag and current dag run status:running
[2025-03-10T09:03:24.305+0000] {taskinstance.py:732} INFO - ::endgroup::
[2025-03-10T09:03:25.266+0000] {tiki_extract_dag.py:186} ERROR - Failed initial crawl: 400 Client Error: Bad Request for url: https://tiki.vn/api/v2/products?page=1&limit=50
[2025-03-10T09:03:25.267+0000] {python.py:240} INFO - Done. Returned value was: None
[2025-03-10T09:03:25.278+0000] {taskinstance.py:341} INFO - ::group::Post task execution logs
[2025-03-10T09:03:25.279+0000] {taskinstance.py:353} INFO - Marking task as SUCCESS. dag_id=tiki_extract_dag, task_id=extract_data, run_id=manual__2025-03-10T09:03:22.004340+00:00, execution_date=20250310T090322, start_date=20250310T090324, end_date=20250310T090325
[2025-03-10T09:03:25.309+0000] {logging_mixin.py:190} INFO - Task instance in success state
[2025-03-10T09:03:25.310+0000] {logging_mixin.py:190} INFO -  Previous state of the Task instance: running
[2025-03-10T09:03:25.310+0000] {logging_mixin.py:190} INFO - Dag name:tiki_extract_dag queued_at:2025-03-10 09:03:22.035547+00:00
[2025-03-10T09:03:25.310+0000] {logging_mixin.py:190} INFO - Task hostname:c77555d100c4 operator:PythonOperator
[2025-03-10T09:03:25.351+0000] {local_task_job_runner.py:266} INFO - Task exited with return code 0
[2025-03-10T09:03:25.367+0000] {taskinstance.py:3901} INFO - 0 downstream tasks scheduled from follow-on schedule check
[2025-03-10T09:03:25.369+0000] {local_task_job_runner.py:245} INFO - ::endgroup::
