[2025-03-09T11:07:37.086+0000] {local_task_job_runner.py:123} INFO - ::group::Pre task execution logs
[2025-03-09T11:07:37.125+0000] {taskinstance.py:2614} INFO - Dependencies all met for dep_context=non-requeueable deps ti=<TaskInstance: tiki_etl_orchestration.trigger_extract manual__2025-03-09T11:07:31.631992+00:00 [queued]>
[2025-03-09T11:07:37.147+0000] {taskinstance.py:2614} INFO - Dependencies all met for dep_context=requeueable deps ti=<TaskInstance: tiki_etl_orchestration.trigger_extract manual__2025-03-09T11:07:31.631992+00:00 [queued]>
[2025-03-09T11:07:37.149+0000] {taskinstance.py:2867} INFO - Starting attempt 1 of 1
[2025-03-09T11:07:37.426+0000] {taskinstance.py:2890} INFO - Executing <Task(TriggerDagRunOperator): trigger_extract> on 2025-03-09 11:07:31.631992+00:00
[2025-03-09T11:07:37.441+0000] {warnings.py:112} WARNING - /home/***/.local/lib/python3.12/site-packages/***/task/task_runner/standard_task_runner.py:70: DeprecationWarning: This process (pid=124) is multi-threaded, use of fork() may lead to deadlocks in the child.
  pid = os.fork()

[2025-03-09T11:07:37.445+0000] {standard_task_runner.py:72} INFO - Started process 126 to run task
[2025-03-09T11:07:37.445+0000] {standard_task_runner.py:104} INFO - Running: ['***', 'tasks', 'run', 'tiki_etl_orchestration', 'trigger_extract', 'manual__2025-03-09T11:07:31.631992+00:00', '--job-id', '132', '--raw', '--subdir', 'DAGS_FOLDER/tiki_etl_orchestration.py', '--cfg-path', '/tmp/tmpyoz_x1pq']
[2025-03-09T11:07:37.448+0000] {standard_task_runner.py:105} INFO - Job 132: Subtask trigger_extract
[2025-03-09T11:07:37.553+0000] {task_command.py:467} INFO - Running <TaskInstance: tiki_etl_orchestration.trigger_extract manual__2025-03-09T11:07:31.631992+00:00 [running]> on host 4dc18dee7126
[2025-03-09T11:07:37.717+0000] {taskinstance.py:3134} INFO - Exporting env vars: AIRFLOW_CTX_DAG_OWNER='***' AIRFLOW_CTX_DAG_ID='tiki_etl_orchestration' AIRFLOW_CTX_TASK_ID='trigger_extract' AIRFLOW_CTX_EXECUTION_DATE='2025-03-09T11:07:31.631992+00:00' AIRFLOW_CTX_TRY_NUMBER='1' AIRFLOW_CTX_DAG_RUN_ID='manual__2025-03-09T11:07:31.631992+00:00'
[2025-03-09T11:07:37.719+0000] {taskinstance.py:3204} ERROR - Failed when executing execute callback
Traceback (most recent call last):
  File "/home/airflow/.local/lib/python3.12/site-packages/airflow/models/taskinstance.py", line 3202, in _run_execute_callback
    callback(context)
TypeError: push_execution_date() missing 1 required positional argument: 'dag_run_obj'
[2025-03-09T11:07:37.721+0000] {logging_mixin.py:190} INFO - Task instance is in running state
[2025-03-09T11:07:37.722+0000] {logging_mixin.py:190} INFO -  Previous state of the Task instance: queued
[2025-03-09T11:07:37.723+0000] {logging_mixin.py:190} INFO - Current task name:trigger_extract state:running start_date:2025-03-09 11:07:37.127284+00:00
[2025-03-09T11:07:37.724+0000] {logging_mixin.py:190} INFO - Dag name:tiki_etl_orchestration and current dag run status:running
[2025-03-09T11:07:37.725+0000] {taskinstance.py:732} INFO - ::endgroup::
[2025-03-09T11:07:37.880+0000] {trigger_dagrun.py:257} INFO - Waiting for tiki_extract_dag on 2025-03-09 11:07:37.726681+00:00 to become allowed state ['success'] ...
[2025-03-09T11:07:47.925+0000] {trigger_dagrun.py:257} INFO - Waiting for tiki_extract_dag on 2025-03-09 11:07:37.726681+00:00 to become allowed state ['success'] ...
[2025-03-09T11:07:57.939+0000] {trigger_dagrun.py:257} INFO - Waiting for tiki_extract_dag on 2025-03-09 11:07:37.726681+00:00 to become allowed state ['success'] ...
[2025-03-09T11:08:07.952+0000] {trigger_dagrun.py:257} INFO - Waiting for tiki_extract_dag on 2025-03-09 11:07:37.726681+00:00 to become allowed state ['success'] ...
[2025-03-09T11:08:17.971+0000] {trigger_dagrun.py:257} INFO - Waiting for tiki_extract_dag on 2025-03-09 11:07:37.726681+00:00 to become allowed state ['success'] ...
[2025-03-09T11:08:28.008+0000] {trigger_dagrun.py:257} INFO - Waiting for tiki_extract_dag on 2025-03-09 11:07:37.726681+00:00 to become allowed state ['success'] ...
[2025-03-09T11:08:38.027+0000] {trigger_dagrun.py:257} INFO - Waiting for tiki_extract_dag on 2025-03-09 11:07:37.726681+00:00 to become allowed state ['success'] ...
[2025-03-09T11:08:48.044+0000] {trigger_dagrun.py:257} INFO - Waiting for tiki_extract_dag on 2025-03-09 11:07:37.726681+00:00 to become allowed state ['success'] ...
[2025-03-09T11:08:58.061+0000] {trigger_dagrun.py:257} INFO - Waiting for tiki_extract_dag on 2025-03-09 11:07:37.726681+00:00 to become allowed state ['success'] ...
[2025-03-09T11:09:08.075+0000] {trigger_dagrun.py:257} INFO - Waiting for tiki_extract_dag on 2025-03-09 11:07:37.726681+00:00 to become allowed state ['success'] ...
[2025-03-09T11:09:18.087+0000] {trigger_dagrun.py:257} INFO - Waiting for tiki_extract_dag on 2025-03-09 11:07:37.726681+00:00 to become allowed state ['success'] ...
[2025-03-09T11:09:28.101+0000] {trigger_dagrun.py:257} INFO - Waiting for tiki_extract_dag on 2025-03-09 11:07:37.726681+00:00 to become allowed state ['success'] ...
[2025-03-09T11:09:38.122+0000] {trigger_dagrun.py:257} INFO - Waiting for tiki_extract_dag on 2025-03-09 11:07:37.726681+00:00 to become allowed state ['success'] ...
[2025-03-09T11:09:48.140+0000] {trigger_dagrun.py:257} INFO - Waiting for tiki_extract_dag on 2025-03-09 11:07:37.726681+00:00 to become allowed state ['success'] ...
[2025-03-09T11:09:58.155+0000] {trigger_dagrun.py:257} INFO - Waiting for tiki_extract_dag on 2025-03-09 11:07:37.726681+00:00 to become allowed state ['success'] ...
[2025-03-09T11:10:08.171+0000] {trigger_dagrun.py:257} INFO - Waiting for tiki_extract_dag on 2025-03-09 11:07:37.726681+00:00 to become allowed state ['success'] ...
[2025-03-09T11:10:18.185+0000] {trigger_dagrun.py:257} INFO - Waiting for tiki_extract_dag on 2025-03-09 11:07:37.726681+00:00 to become allowed state ['success'] ...
[2025-03-09T11:10:28.204+0000] {trigger_dagrun.py:257} INFO - Waiting for tiki_extract_dag on 2025-03-09 11:07:37.726681+00:00 to become allowed state ['success'] ...
[2025-03-09T11:10:38.221+0000] {trigger_dagrun.py:257} INFO - Waiting for tiki_extract_dag on 2025-03-09 11:07:37.726681+00:00 to become allowed state ['success'] ...
[2025-03-09T11:10:48.235+0000] {trigger_dagrun.py:257} INFO - Waiting for tiki_extract_dag on 2025-03-09 11:07:37.726681+00:00 to become allowed state ['success'] ...
[2025-03-09T11:10:58.251+0000] {trigger_dagrun.py:271} INFO - tiki_extract_dag finished with allowed state success
[2025-03-09T11:10:58.276+0000] {taskinstance.py:341} INFO - ::group::Post task execution logs
[2025-03-09T11:10:58.278+0000] {taskinstance.py:353} INFO - Marking task as SUCCESS. dag_id=tiki_etl_orchestration, task_id=trigger_extract, run_id=manual__2025-03-09T11:07:31.631992+00:00, execution_date=20250309T110731, start_date=20250309T110737, end_date=20250309T111058
[2025-03-09T11:10:58.329+0000] {logging_mixin.py:190} INFO - Task instance in success state
[2025-03-09T11:10:58.330+0000] {logging_mixin.py:190} INFO -  Previous state of the Task instance: running
[2025-03-09T11:10:58.331+0000] {logging_mixin.py:190} INFO - Dag name:tiki_etl_orchestration queued_at:2025-03-09 11:07:31.668970+00:00
[2025-03-09T11:10:58.332+0000] {logging_mixin.py:190} INFO - Task hostname:4dc18dee7126 operator:TriggerDagRunOperator
[2025-03-09T11:10:58.379+0000] {local_task_job_runner.py:266} INFO - Task exited with return code 0
[2025-03-09T11:10:58.457+0000] {taskinstance.py:3901} INFO - 1 downstream tasks scheduled from follow-on schedule check
[2025-03-09T11:10:58.461+0000] {local_task_job_runner.py:245} INFO - ::endgroup::
