[2025-03-11T09:13:41.005+0000] {local_task_job_runner.py:123} INFO - ::group::Pre task execution logs
[2025-03-11T09:13:41.042+0000] {taskinstance.py:2614} INFO - Dependencies all met for dep_context=non-requeueable deps ti=<TaskInstance: tiki_extract_dag.crawl_dien-tu-dien-lanh manual__2025-03-11T08:53:49.647616+00:00 [queued]>
[2025-03-11T09:13:41.066+0000] {taskinstance.py:2614} INFO - Dependencies all met for dep_context=requeueable deps ti=<TaskInstance: tiki_extract_dag.crawl_dien-tu-dien-lanh manual__2025-03-11T08:53:49.647616+00:00 [queued]>
[2025-03-11T09:13:41.067+0000] {taskinstance.py:2867} INFO - Starting attempt 2 of 4
[2025-03-11T09:13:41.109+0000] {taskinstance.py:2890} INFO - Executing <Task(PythonOperator): crawl_dien-tu-dien-lanh> on 2025-03-11 08:53:49.647616+00:00
[2025-03-11T09:13:41.132+0000] {warnings.py:112} WARNING - /home/***/.local/lib/python3.12/site-packages/***/task/task_runner/standard_task_runner.py:70: DeprecationWarning: This process (pid=335) is multi-threaded, use of fork() may lead to deadlocks in the child.
  pid = os.fork()

[2025-03-11T09:13:41.135+0000] {standard_task_runner.py:72} INFO - Started process 337 to run task
[2025-03-11T09:13:41.137+0000] {standard_task_runner.py:104} INFO - Running: ['***', 'tasks', 'run', 'tiki_extract_dag', 'crawl_dien-tu-dien-lanh', 'manual__2025-03-11T08:53:49.647616+00:00', '--job-id', '550', '--raw', '--subdir', 'DAGS_FOLDER/tiki_extract_dag.py', '--cfg-path', '/tmp/tmpm4llpija']
[2025-03-11T09:13:41.141+0000] {standard_task_runner.py:105} INFO - Job 550: Subtask crawl_dien-tu-dien-lanh
[2025-03-11T09:13:41.246+0000] {task_command.py:467} INFO - Running <TaskInstance: tiki_extract_dag.crawl_dien-tu-dien-lanh manual__2025-03-11T08:53:49.647616+00:00 [running]> on host 5c8190d7da62
[2025-03-11T09:13:41.900+0000] {taskinstance.py:3134} INFO - Exporting env vars: AIRFLOW_CTX_DAG_OWNER='***' AIRFLOW_CTX_DAG_ID='tiki_extract_dag' AIRFLOW_CTX_TASK_ID='crawl_dien-tu-dien-lanh' AIRFLOW_CTX_EXECUTION_DATE='2025-03-11T08:53:49.647616+00:00' AIRFLOW_CTX_TRY_NUMBER='2' AIRFLOW_CTX_DAG_RUN_ID='manual__2025-03-11T08:53:49.647616+00:00'
[2025-03-11T09:13:41.902+0000] {logging_mixin.py:190} INFO - Task instance is in running state
[2025-03-11T09:13:41.903+0000] {logging_mixin.py:190} INFO -  Previous state of the Task instance: queued
[2025-03-11T09:13:41.904+0000] {logging_mixin.py:190} INFO - Current task name:crawl_dien-tu-dien-lanh state:running start_date:2025-03-11 09:13:41.044738+00:00
[2025-03-11T09:13:41.905+0000] {logging_mixin.py:190} INFO - Dag name:tiki_extract_dag and current dag run status:running
[2025-03-11T09:13:41.906+0000] {taskinstance.py:732} INFO - ::endgroup::
[2025-03-11T09:13:44.539+0000] {tiki_extract_dag.py:139} INFO - Starting crawl for category dien-tu-dien-lanh (ID: 4221)
[2025-03-11T09:13:44.541+0000] {tiki_extract_dag.py:141} INFO - Calling API: https://tiki.vn/api/v2/products with params: {'page': 1, 'limit': 40, 'category': '4221'}
[2025-03-11T09:13:45.402+0000] {tiki_extract_dag.py:150} INFO - Total pages for dien-tu-dien-lanh: 50 (limited to 50)
[2025-03-11T09:13:57.422+0000] {tiki_extract_dag.py:163} INFO - Calling API: https://tiki.vn/api/v2/products with params: {'page': 2, 'limit': 40, 'category': '4221'}
[2025-03-11T09:14:09.819+0000] {tiki_extract_dag.py:183} INFO - Extracted page 2/50 for category dien-tu-dien-lanh, total items: 80
[2025-03-11T09:14:25.173+0000] {tiki_extract_dag.py:163} INFO - Calling API: https://tiki.vn/api/v2/products with params: {'page': 3, 'limit': 40, 'category': '4221'}
[2025-03-11T09:14:35.899+0000] {tiki_extract_dag.py:120} ERROR - Error fetching details for product 3716571 on attempt 1/3: Expecting value: line 1 column 1 (char 0)
[2025-03-11T09:14:46.136+0000] {tiki_extract_dag.py:183} INFO - Extracted page 3/50 for category dien-tu-dien-lanh, total items: 120
[2025-03-11T09:15:05.928+0000] {tiki_extract_dag.py:163} INFO - Calling API: https://tiki.vn/api/v2/products with params: {'page': 4, 'limit': 40, 'category': '4221'}
[2025-03-11T09:15:44.153+0000] {connectionpool.py:868} WARNING - Retrying (Retry(total=4, connect=5, read=4, redirect=None, status=None)) after connection broken by 'ReadTimeoutError("HTTPSConnectionPool(host='tiki.vn', port=443): Read timed out. (read timeout=15)")': /api/v2/products?page=4&limit=40&category=4221
[2025-03-11T09:15:52.097+0000] {job.py:229} INFO - Heartbeat recovered after 50.07 seconds
[2025-03-11T09:16:33.295+0000] {job.py:229} INFO - Heartbeat recovered after 30.92 seconds
[2025-03-11T09:16:33.393+0000] {local_task_job_runner.py:266} INFO - Task exited with return code -9. For more information, see https://***.apache.org/docs/apache-***/stable/troubleshooting.html#LocalTaskJob-killed
[2025-03-11T09:16:34.516+0000] {taskinstance.py:3901} INFO - 0 downstream tasks scheduled from follow-on schedule check
[2025-03-11T09:16:34.547+0000] {local_task_job_runner.py:245} INFO - ::endgroup::
