[2025-03-11T09:55:13.490+0000] {local_task_job_runner.py:123} INFO - ::group::Pre task execution logs
[2025-03-11T09:55:13.817+0000] {taskinstance.py:2614} INFO - Dependencies all met for dep_context=non-requeueable deps ti=<TaskInstance: tiki_extract_dag.crawl_thoi-trang-nam manual__2025-03-11T09:54:25.561686+00:00 [queued]>
[2025-03-11T09:55:13.926+0000] {taskinstance.py:2614} INFO - Dependencies all met for dep_context=requeueable deps ti=<TaskInstance: tiki_extract_dag.crawl_thoi-trang-nam manual__2025-03-11T09:54:25.561686+00:00 [queued]>
[2025-03-11T09:55:13.936+0000] {taskinstance.py:2867} INFO - Starting attempt 1 of 4
[2025-03-11T09:55:14.255+0000] {taskinstance.py:2890} INFO - Executing <Task(PythonOperator): crawl_thoi-trang-nam> on 2025-03-11 09:54:25.561686+00:00
[2025-03-11T09:55:14.504+0000] {warnings.py:112} WARNING - /home/***/.local/lib/python3.12/site-packages/***/task/task_runner/standard_task_runner.py:70: DeprecationWarning: This process (pid=760) is multi-threaded, use of fork() may lead to deadlocks in the child.
  pid = os.fork()

[2025-03-11T09:55:14.688+0000] {standard_task_runner.py:72} INFO - Started process 789 to run task
[2025-03-11T09:55:14.731+0000] {standard_task_runner.py:104} INFO - Running: ['***', 'tasks', 'run', 'tiki_extract_dag', 'crawl_thoi-trang-nam', 'manual__2025-03-11T09:54:25.561686+00:00', '--job-id', '583', '--raw', '--subdir', 'DAGS_FOLDER/tiki_extract_dag.py', '--cfg-path', '/tmp/tmpz5ybfq5g']
[2025-03-11T09:55:14.838+0000] {standard_task_runner.py:105} INFO - Job 583: Subtask crawl_thoi-trang-nam
[2025-03-11T09:55:16.605+0000] {task_command.py:467} INFO - Running <TaskInstance: tiki_extract_dag.crawl_thoi-trang-nam manual__2025-03-11T09:54:25.561686+00:00 [running]> on host 5c8190d7da62
[2025-03-11T09:55:39.963+0000] {taskinstance.py:3134} INFO - Exporting env vars: AIRFLOW_CTX_DAG_OWNER='***' AIRFLOW_CTX_DAG_ID='tiki_extract_dag' AIRFLOW_CTX_TASK_ID='crawl_thoi-trang-nam' AIRFLOW_CTX_EXECUTION_DATE='2025-03-11T09:54:25.561686+00:00' AIRFLOW_CTX_TRY_NUMBER='1' AIRFLOW_CTX_DAG_RUN_ID='manual__2025-03-11T09:54:25.561686+00:00'
[2025-03-11T09:55:39.972+0000] {logging_mixin.py:190} INFO - Task instance is in running state
[2025-03-11T09:55:39.974+0000] {logging_mixin.py:190} INFO -  Previous state of the Task instance: queued
[2025-03-11T09:55:39.975+0000] {logging_mixin.py:190} INFO - Current task name:crawl_thoi-trang-nam state:running start_date:2025-03-11 09:55:13.819550+00:00
[2025-03-11T09:55:39.978+0000] {logging_mixin.py:190} INFO - Dag name:tiki_extract_dag and current dag run status:running
[2025-03-11T09:55:39.983+0000] {taskinstance.py:732} INFO - ::endgroup::
[2025-03-11T09:55:47.359+0000] {tiki_extract_dag.py:139} INFO - Starting crawl for category thoi-trang-nam (ID: 915)
[2025-03-11T09:55:47.360+0000] {tiki_extract_dag.py:141} INFO - Calling API: https://tiki.vn/api/v2/products with params: {'page': 1, 'limit': 40, 'category': '915'}
[2025-03-11T09:55:51.399+0000] {job.py:229} INFO - Heartbeat recovered after 13.51 seconds
[2025-03-11T09:55:52.384+0000] {tiki_extract_dag.py:150} INFO - Total pages for thoi-trang-nam: 50 (limited to 50)
[2025-03-11T09:55:52.386+0000] {tiki_extract_dag.py:163} INFO - Calling API: https://tiki.vn/api/v2/products with params: {'page': 2, 'limit': 40, 'category': '915'}
[2025-03-11T09:55:52.858+0000] {tiki_extract_dag.py:183} INFO - Extracted page 2/50 for category thoi-trang-nam, total items: 0
[2025-03-11T09:56:10.197+0000] {tiki_extract_dag.py:163} INFO - Calling API: https://tiki.vn/api/v2/products with params: {'page': 3, 'limit': 40, 'category': '915'}
[2025-03-11T09:56:24.493+0000] {tiki_extract_dag.py:183} INFO - Extracted page 3/50 for category thoi-trang-nam, total items: 40
[2025-03-11T09:56:44.024+0000] {tiki_extract_dag.py:163} INFO - Calling API: https://tiki.vn/api/v2/products with params: {'page': 4, 'limit': 40, 'category': '915'}
[2025-03-11T09:56:56.990+0000] {tiki_extract_dag.py:183} INFO - Extracted page 4/50 for category thoi-trang-nam, total items: 80
[2025-03-11T09:57:14.919+0000] {tiki_extract_dag.py:163} INFO - Calling API: https://tiki.vn/api/v2/products with params: {'page': 5, 'limit': 40, 'category': '915'}
[2025-03-11T09:57:29.126+0000] {tiki_extract_dag.py:183} INFO - Extracted page 5/50 for category thoi-trang-nam, total items: 120
[2025-03-11T09:57:45.487+0000] {tiki_extract_dag.py:163} INFO - Calling API: https://tiki.vn/api/v2/products with params: {'page': 6, 'limit': 40, 'category': '915'}
[2025-03-11T09:58:03.091+0000] {tiki_extract_dag.py:183} INFO - Extracted page 6/50 for category thoi-trang-nam, total items: 160
[2025-03-11T09:58:22.426+0000] {tiki_extract_dag.py:163} INFO - Calling API: https://tiki.vn/api/v2/products with params: {'page': 7, 'limit': 40, 'category': '915'}
[2025-03-11T09:58:37.149+0000] {tiki_extract_dag.py:183} INFO - Extracted page 7/50 for category thoi-trang-nam, total items: 200
[2025-03-11T09:58:56.495+0000] {tiki_extract_dag.py:163} INFO - Calling API: https://tiki.vn/api/v2/products with params: {'page': 8, 'limit': 40, 'category': '915'}
[2025-03-11T09:59:10.611+0000] {tiki_extract_dag.py:183} INFO - Extracted page 8/50 for category thoi-trang-nam, total items: 240
[2025-03-11T09:59:25.828+0000] {tiki_extract_dag.py:163} INFO - Calling API: https://tiki.vn/api/v2/products with params: {'page': 9, 'limit': 40, 'category': '915'}
[2025-03-11T09:59:39.324+0000] {tiki_extract_dag.py:183} INFO - Extracted page 9/50 for category thoi-trang-nam, total items: 280
[2025-03-11T09:59:58.974+0000] {tiki_extract_dag.py:163} INFO - Calling API: https://tiki.vn/api/v2/products with params: {'page': 10, 'limit': 40, 'category': '915'}
[2025-03-11T10:00:12.393+0000] {tiki_extract_dag.py:183} INFO - Extracted page 10/50 for category thoi-trang-nam, total items: 320
[2025-03-11T10:00:29.775+0000] {tiki_extract_dag.py:163} INFO - Calling API: https://tiki.vn/api/v2/products with params: {'page': 11, 'limit': 40, 'category': '915'}
[2025-03-11T10:00:42.138+0000] {tiki_extract_dag.py:183} INFO - Extracted page 11/50 for category thoi-trang-nam, total items: 360
[2025-03-11T10:00:58.360+0000] {tiki_extract_dag.py:163} INFO - Calling API: https://tiki.vn/api/v2/products with params: {'page': 12, 'limit': 40, 'category': '915'}
[2025-03-11T10:01:12.923+0000] {tiki_extract_dag.py:183} INFO - Extracted page 12/50 for category thoi-trang-nam, total items: 400
[2025-03-11T10:01:31.549+0000] {tiki_extract_dag.py:163} INFO - Calling API: https://tiki.vn/api/v2/products with params: {'page': 13, 'limit': 40, 'category': '915'}
[2025-03-11T10:01:44.444+0000] {tiki_extract_dag.py:183} INFO - Extracted page 13/50 for category thoi-trang-nam, total items: 440
[2025-03-11T10:02:03.278+0000] {tiki_extract_dag.py:163} INFO - Calling API: https://tiki.vn/api/v2/products with params: {'page': 14, 'limit': 40, 'category': '915'}
[2025-03-11T10:02:16.430+0000] {tiki_extract_dag.py:183} INFO - Extracted page 14/50 for category thoi-trang-nam, total items: 480
[2025-03-11T10:02:32.870+0000] {tiki_extract_dag.py:163} INFO - Calling API: https://tiki.vn/api/v2/products with params: {'page': 15, 'limit': 40, 'category': '915'}
[2025-03-11T10:02:48.387+0000] {tiki_extract_dag.py:183} INFO - Extracted page 15/50 for category thoi-trang-nam, total items: 520
[2025-03-11T10:03:06.813+0000] {tiki_extract_dag.py:163} INFO - Calling API: https://tiki.vn/api/v2/products with params: {'page': 16, 'limit': 40, 'category': '915'}
[2025-03-11T10:03:20.424+0000] {tiki_extract_dag.py:183} INFO - Extracted page 16/50 for category thoi-trang-nam, total items: 560
[2025-03-11T10:03:38.074+0000] {tiki_extract_dag.py:163} INFO - Calling API: https://tiki.vn/api/v2/products with params: {'page': 17, 'limit': 40, 'category': '915'}
[2025-03-11T10:03:52.886+0000] {tiki_extract_dag.py:183} INFO - Extracted page 17/50 for category thoi-trang-nam, total items: 600
[2025-03-11T10:04:08.966+0000] {tiki_extract_dag.py:163} INFO - Calling API: https://tiki.vn/api/v2/products with params: {'page': 18, 'limit': 40, 'category': '915'}
[2025-03-11T10:04:22.352+0000] {tiki_extract_dag.py:183} INFO - Extracted page 18/50 for category thoi-trang-nam, total items: 640
[2025-03-11T10:04:38.107+0000] {tiki_extract_dag.py:163} INFO - Calling API: https://tiki.vn/api/v2/products with params: {'page': 19, 'limit': 40, 'category': '915'}
[2025-03-11T10:04:53.126+0000] {tiki_extract_dag.py:183} INFO - Extracted page 19/50 for category thoi-trang-nam, total items: 680
[2025-03-11T10:05:08.793+0000] {tiki_extract_dag.py:163} INFO - Calling API: https://tiki.vn/api/v2/products with params: {'page': 20, 'limit': 40, 'category': '915'}
[2025-03-11T10:05:22.581+0000] {tiki_extract_dag.py:183} INFO - Extracted page 20/50 for category thoi-trang-nam, total items: 720
[2025-03-11T10:05:37.737+0000] {tiki_extract_dag.py:163} INFO - Calling API: https://tiki.vn/api/v2/products with params: {'page': 21, 'limit': 40, 'category': '915'}
[2025-03-11T10:05:52.438+0000] {tiki_extract_dag.py:183} INFO - Extracted page 21/50 for category thoi-trang-nam, total items: 760
[2025-03-11T10:06:08.022+0000] {tiki_extract_dag.py:163} INFO - Calling API: https://tiki.vn/api/v2/products with params: {'page': 22, 'limit': 40, 'category': '915'}
[2025-03-11T10:06:21.488+0000] {tiki_extract_dag.py:183} INFO - Extracted page 22/50 for category thoi-trang-nam, total items: 800
[2025-03-11T10:06:40.493+0000] {tiki_extract_dag.py:163} INFO - Calling API: https://tiki.vn/api/v2/products with params: {'page': 23, 'limit': 40, 'category': '915'}
[2025-03-11T10:06:52.202+0000] {tiki_extract_dag.py:183} INFO - Extracted page 23/50 for category thoi-trang-nam, total items: 840
[2025-03-11T10:07:08.846+0000] {tiki_extract_dag.py:163} INFO - Calling API: https://tiki.vn/api/v2/products with params: {'page': 24, 'limit': 40, 'category': '915'}
[2025-03-11T10:07:21.657+0000] {tiki_extract_dag.py:183} INFO - Extracted page 24/50 for category thoi-trang-nam, total items: 880
[2025-03-11T10:07:39.964+0000] {tiki_extract_dag.py:163} INFO - Calling API: https://tiki.vn/api/v2/products with params: {'page': 25, 'limit': 40, 'category': '915'}
[2025-03-11T10:07:54.080+0000] {tiki_extract_dag.py:183} INFO - Extracted page 25/50 for category thoi-trang-nam, total items: 920
[2025-03-11T10:08:13.191+0000] {tiki_extract_dag.py:163} INFO - Calling API: https://tiki.vn/api/v2/products with params: {'page': 26, 'limit': 40, 'category': '915'}
[2025-03-11T10:08:29.000+0000] {tiki_extract_dag.py:183} INFO - Extracted page 26/50 for category thoi-trang-nam, total items: 960
[2025-03-11T10:08:44.109+0000] {tiki_extract_dag.py:163} INFO - Calling API: https://tiki.vn/api/v2/products with params: {'page': 27, 'limit': 40, 'category': '915'}
[2025-03-11T10:08:58.426+0000] {tiki_extract_dag.py:183} INFO - Extracted page 27/50 for category thoi-trang-nam, total items: 1000
[2025-03-11T10:09:17.272+0000] {tiki_extract_dag.py:163} INFO - Calling API: https://tiki.vn/api/v2/products with params: {'page': 28, 'limit': 40, 'category': '915'}
[2025-03-11T10:09:29.879+0000] {tiki_extract_dag.py:183} INFO - Extracted page 28/50 for category thoi-trang-nam, total items: 1040
[2025-03-11T10:09:46.618+0000] {tiki_extract_dag.py:163} INFO - Calling API: https://tiki.vn/api/v2/products with params: {'page': 29, 'limit': 40, 'category': '915'}
[2025-03-11T10:09:59.710+0000] {tiki_extract_dag.py:183} INFO - Extracted page 29/50 for category thoi-trang-nam, total items: 1080
[2025-03-11T10:10:15.392+0000] {tiki_extract_dag.py:163} INFO - Calling API: https://tiki.vn/api/v2/products with params: {'page': 30, 'limit': 40, 'category': '915'}
[2025-03-11T10:10:28.042+0000] {tiki_extract_dag.py:183} INFO - Extracted page 30/50 for category thoi-trang-nam, total items: 1120
[2025-03-11T10:10:44.618+0000] {tiki_extract_dag.py:163} INFO - Calling API: https://tiki.vn/api/v2/products with params: {'page': 31, 'limit': 40, 'category': '915'}
[2025-03-11T10:10:58.784+0000] {tiki_extract_dag.py:183} INFO - Extracted page 31/50 for category thoi-trang-nam, total items: 1160
[2025-03-11T10:11:17.910+0000] {tiki_extract_dag.py:163} INFO - Calling API: https://tiki.vn/api/v2/products with params: {'page': 32, 'limit': 40, 'category': '915'}
[2025-03-11T10:11:33.059+0000] {connectionpool.py:868} WARNING - Retrying (Retry(total=4, connect=5, read=4, redirect=None, status=None)) after connection broken by 'ReadTimeoutError("HTTPSConnectionPool(host='tiki.vn', port=443): Read timed out. (read timeout=15)")': /api/v2/products?page=32&limit=40&category=915
[2025-03-11T10:11:43.152+0000] {connectionpool.py:868} WARNING - Retrying (Retry(total=3, connect=4, read=4, redirect=None, status=None)) after connection broken by 'NameResolutionError("<urllib3.connection.HTTPSConnection object at 0x7f729b30d520>: Failed to resolve 'tiki.vn' ([Errno -3] Temporary failure in name resolution)")': /api/v2/products?page=32&limit=40&category=915
[2025-03-11T10:11:55.261+0000] {connectionpool.py:868} WARNING - Retrying (Retry(total=2, connect=3, read=4, redirect=None, status=None)) after connection broken by 'NameResolutionError("<urllib3.connection.HTTPSConnection object at 0x7f729b30e780>: Failed to resolve 'tiki.vn' ([Errno -3] Temporary failure in name resolution)")': /api/v2/products?page=32&limit=40&category=915
[2025-03-11T10:12:11.117+0000] {tiki_extract_dag.py:183} INFO - Extracted page 32/50 for category thoi-trang-nam, total items: 1200
[2025-03-11T10:12:30.204+0000] {tiki_extract_dag.py:163} INFO - Calling API: https://tiki.vn/api/v2/products with params: {'page': 33, 'limit': 40, 'category': '915'}
[2025-03-11T10:12:30.961+0000] {tiki_extract_dag.py:186} ERROR - API error at page 33 in category thoi-trang-nam on attempt 1/3: Expecting value: line 1 column 1 (char 0)
[2025-03-11T10:12:36.973+0000] {tiki_extract_dag.py:186} ERROR - API error at page 33 in category thoi-trang-nam on attempt 2/3: Expecting value: line 1 column 1 (char 0)
[2025-03-11T10:12:44.619+0000] {tiki_extract_dag.py:186} ERROR - API error at page 33 in category thoi-trang-nam on attempt 3/3: Expecting value: line 1 column 1 (char 0)
[2025-03-11T10:12:44.621+0000] {tiki_extract_dag.py:191} ERROR - Failed after 3 attempts for page 33 in category thoi-trang-nam
[2025-03-11T10:12:44.656+0000] {python.py:240} INFO - Done. Returned value was: None
[2025-03-11T10:12:45.678+0000] {taskinstance.py:341} INFO - ::group::Post task execution logs
[2025-03-11T10:12:45.705+0000] {taskinstance.py:353} INFO - Marking task as SUCCESS. dag_id=tiki_extract_dag, task_id=crawl_thoi-trang-nam, run_id=manual__2025-03-11T09:54:25.561686+00:00, execution_date=20250311T095425, start_date=20250311T095513, end_date=20250311T101245
[2025-03-11T10:12:46.629+0000] {logging_mixin.py:190} INFO - Task instance in success state
[2025-03-11T10:12:46.637+0000] {logging_mixin.py:190} INFO -  Previous state of the Task instance: running
[2025-03-11T10:12:46.639+0000] {logging_mixin.py:190} INFO - Dag name:tiki_extract_dag queued_at:2025-03-11 09:54:25.681807+00:00
[2025-03-11T10:12:46.640+0000] {logging_mixin.py:190} INFO - Task hostname:5c8190d7da62 operator:PythonOperator
[2025-03-11T10:12:48.159+0000] {local_task_job_runner.py:266} INFO - Task exited with return code 0
[2025-03-11T10:12:49.260+0000] {taskinstance.py:3901} INFO - 0 downstream tasks scheduled from follow-on schedule check
[2025-03-11T10:12:49.274+0000] {local_task_job_runner.py:245} INFO - ::endgroup::
