[2025-03-12T01:50:13.910+0000] {local_task_job_runner.py:123} INFO - ::group::Pre task execution logs
[2025-03-12T01:50:13.936+0000] {taskinstance.py:2614} INFO - Dependencies all met for dep_context=non-requeueable deps ti=<TaskInstance: tiki_load_dag.load_data manual__2025-03-12T01:50:10.174868+00:00 [queued]>
[2025-03-12T01:50:13.949+0000] {taskinstance.py:2614} INFO - Dependencies all met for dep_context=requeueable deps ti=<TaskInstance: tiki_load_dag.load_data manual__2025-03-12T01:50:10.174868+00:00 [queued]>
[2025-03-12T01:50:13.951+0000] {taskinstance.py:2867} INFO - Starting attempt 1 of 4
[2025-03-12T01:50:13.973+0000] {taskinstance.py:2890} INFO - Executing <Task(PythonOperator): load_data> on 2025-03-12 01:50:10.174868+00:00
[2025-03-12T01:50:13.986+0000] {warnings.py:112} WARNING - /home/***/.local/lib/python3.12/site-packages/***/task/task_runner/standard_task_runner.py:70: DeprecationWarning: This process (pid=2507) is multi-threaded, use of fork() may lead to deadlocks in the child.
  pid = os.fork()

[2025-03-12T01:50:13.989+0000] {standard_task_runner.py:72} INFO - Started process 2509 to run task
[2025-03-12T01:50:13.988+0000] {standard_task_runner.py:104} INFO - Running: ['***', 'tasks', 'run', 'tiki_load_dag', 'load_data', 'manual__2025-03-12T01:50:10.174868+00:00', '--job-id', '640', '--raw', '--subdir', 'DAGS_FOLDER/tiki_load_dag.py', '--cfg-path', '/tmp/tmpb1xdjpxe']
[2025-03-12T01:50:13.990+0000] {standard_task_runner.py:105} INFO - Job 640: Subtask load_data
[2025-03-12T01:50:14.068+0000] {task_command.py:467} INFO - Running <TaskInstance: tiki_load_dag.load_data manual__2025-03-12T01:50:10.174868+00:00 [running]> on host 5c8190d7da62
[2025-03-12T01:50:14.210+0000] {taskinstance.py:3134} INFO - Exporting env vars: AIRFLOW_CTX_DAG_OWNER='***' AIRFLOW_CTX_DAG_ID='tiki_load_dag' AIRFLOW_CTX_TASK_ID='load_data' AIRFLOW_CTX_EXECUTION_DATE='2025-03-12T01:50:10.174868+00:00' AIRFLOW_CTX_TRY_NUMBER='1' AIRFLOW_CTX_DAG_RUN_ID='manual__2025-03-12T01:50:10.174868+00:00'
[2025-03-12T01:50:14.212+0000] {logging_mixin.py:190} INFO - Task instance is in running state
[2025-03-12T01:50:14.213+0000] {logging_mixin.py:190} INFO -  Previous state of the Task instance: queued
[2025-03-12T01:50:14.214+0000] {logging_mixin.py:190} INFO - Current task name:load_data state:running start_date:2025-03-12 01:50:13.938003+00:00
[2025-03-12T01:50:14.215+0000] {logging_mixin.py:190} INFO - Dag name:tiki_load_dag and current dag run status:running
[2025-03-12T01:50:14.216+0000] {taskinstance.py:732} INFO - ::endgroup::
[2025-03-12T01:50:15.756+0000] {tiki_load_dag.py:33} INFO - Found latest fact_sales blob: tiki_transformed_data/fact_sales_20250312_014921.csv
[2025-03-12T01:50:16.137+0000] {tiki_load_dag.py:33} INFO - Found latest dim_product blob: tiki_transformed_data/dim_product_20250312_014921.csv
[2025-03-12T01:50:16.358+0000] {tiki_load_dag.py:33} INFO - Found latest dim_seller blob: tiki_transformed_data/dim_seller_20250312_014921.csv
[2025-03-12T01:50:16.691+0000] {tiki_load_dag.py:33} INFO - Found latest dim_category blob: tiki_transformed_data/dim_category_20250312_014921.csv
[2025-03-12T01:50:16.915+0000] {tiki_load_dag.py:33} INFO - Found latest dim_brand blob: tiki_transformed_data/dim_brand_20250312_014921.csv
[2025-03-12T01:50:18.618+0000] {tiki_load_dag.py:63} INFO - Starting load job for Fact_Sales from gs://tiki-pipeline/tiki_transformed_data/fact_sales_20250312_014921.csv
[2025-03-12T01:50:25.958+0000] {tiki_load_dag.py:65} INFO - Loaded Fact_Sales with 17845 rows
[2025-03-12T01:50:26.649+0000] {tiki_load_dag.py:63} INFO - Starting load job for Dim_Product from gs://tiki-pipeline/tiki_transformed_data/dim_product_20250312_014921.csv
[2025-03-12T01:50:32.990+0000] {tiki_load_dag.py:65} INFO - Loaded Dim_Product with 17845 rows
[2025-03-12T01:50:33.617+0000] {tiki_load_dag.py:63} INFO - Starting load job for Dim_Seller from gs://tiki-pipeline/tiki_transformed_data/dim_seller_20250312_014921.csv
[2025-03-12T01:50:36.495+0000] {tiki_load_dag.py:65} INFO - Loaded Dim_Seller with 1659 rows
[2025-03-12T01:50:37.090+0000] {tiki_load_dag.py:63} INFO - Starting load job for Dim_Category from gs://tiki-pipeline/tiki_transformed_data/dim_category_20250312_014921.csv
[2025-03-12T01:50:40.469+0000] {tiki_load_dag.py:65} INFO - Loaded Dim_Category with 9083 rows
[2025-03-12T01:50:41.037+0000] {tiki_load_dag.py:63} INFO - Starting load job for Dim_Brand from gs://tiki-pipeline/tiki_transformed_data/dim_brand_20250312_014921.csv
[2025-03-12T01:50:45.061+0000] {tiki_load_dag.py:65} INFO - Loaded Dim_Brand with 0 rows
[2025-03-12T01:50:45.062+0000] {python.py:240} INFO - Done. Returned value was: None
[2025-03-12T01:50:45.087+0000] {taskinstance.py:341} INFO - ::group::Post task execution logs
[2025-03-12T01:50:45.089+0000] {taskinstance.py:353} INFO - Marking task as SUCCESS. dag_id=tiki_load_dag, task_id=load_data, run_id=manual__2025-03-12T01:50:10.174868+00:00, execution_date=20250312T015010, start_date=20250312T015013, end_date=20250312T015045
[2025-03-12T01:50:45.137+0000] {logging_mixin.py:190} INFO - Task instance in success state
[2025-03-12T01:50:45.139+0000] {logging_mixin.py:190} INFO -  Previous state of the Task instance: running
[2025-03-12T01:50:45.139+0000] {logging_mixin.py:190} INFO - Dag name:tiki_load_dag queued_at:2025-03-12 01:50:10.190036+00:00
[2025-03-12T01:50:45.140+0000] {logging_mixin.py:190} INFO - Task hostname:5c8190d7da62 operator:PythonOperator
[2025-03-12T01:50:45.173+0000] {local_task_job_runner.py:266} INFO - Task exited with return code 0
[2025-03-12T01:50:45.205+0000] {taskinstance.py:3901} INFO - 0 downstream tasks scheduled from follow-on schedule check
[2025-03-12T01:50:45.209+0000] {local_task_job_runner.py:245} INFO - ::endgroup::
