[2025-03-09T18:22:26.355+0000] {local_task_job_runner.py:123} INFO - ::group::Pre task execution logs
[2025-03-09T18:22:26.385+0000] {taskinstance.py:2614} INFO - Dependencies all met for dep_context=non-requeueable deps ti=<TaskInstance: tiki_etl_orchestration.trigger_extract manual__2025-03-09T18:22:21.284569+00:00 [queued]>
[2025-03-09T18:22:26.398+0000] {taskinstance.py:2614} INFO - Dependencies all met for dep_context=requeueable deps ti=<TaskInstance: tiki_etl_orchestration.trigger_extract manual__2025-03-09T18:22:21.284569+00:00 [queued]>
[2025-03-09T18:22:26.399+0000] {taskinstance.py:2867} INFO - Starting attempt 1 of 1
[2025-03-09T18:22:26.617+0000] {taskinstance.py:2890} INFO - Executing <Task(TriggerDagRunOperator): trigger_extract> on 2025-03-09 18:22:21.284569+00:00
[2025-03-09T18:22:26.631+0000] {warnings.py:112} WARNING - /home/***/.local/lib/python3.12/site-packages/***/task/task_runner/standard_task_runner.py:70: DeprecationWarning: This process (pid=79) is multi-threaded, use of fork() may lead to deadlocks in the child.
  pid = os.fork()

[2025-03-09T18:22:26.633+0000] {standard_task_runner.py:104} INFO - Running: ['***', 'tasks', 'run', 'tiki_etl_orchestration', 'trigger_extract', 'manual__2025-03-09T18:22:21.284569+00:00', '--job-id', '262', '--raw', '--subdir', 'DAGS_FOLDER/tiki_etl_orchestration.py', '--cfg-path', '/tmp/tmp_bl_34jn']
[2025-03-09T18:22:26.634+0000] {standard_task_runner.py:72} INFO - Started process 81 to run task
[2025-03-09T18:22:26.635+0000] {standard_task_runner.py:105} INFO - Job 262: Subtask trigger_extract
[2025-03-09T18:22:26.732+0000] {task_command.py:467} INFO - Running <TaskInstance: tiki_etl_orchestration.trigger_extract manual__2025-03-09T18:22:21.284569+00:00 [running]> on host 72a6d77a3cc5
[2025-03-09T18:22:26.898+0000] {taskinstance.py:3134} INFO - Exporting env vars: AIRFLOW_CTX_DAG_OWNER='***' AIRFLOW_CTX_DAG_ID='tiki_etl_orchestration' AIRFLOW_CTX_TASK_ID='trigger_extract' AIRFLOW_CTX_EXECUTION_DATE='2025-03-09T18:22:21.284569+00:00' AIRFLOW_CTX_TRY_NUMBER='1' AIRFLOW_CTX_DAG_RUN_ID='manual__2025-03-09T18:22:21.284569+00:00'
[2025-03-09T18:22:26.902+0000] {logging_mixin.py:190} INFO - Task instance is in running state
[2025-03-09T18:22:26.902+0000] {logging_mixin.py:190} INFO -  Previous state of the Task instance: queued
[2025-03-09T18:22:26.903+0000] {logging_mixin.py:190} INFO - Current task name:trigger_extract state:running start_date:2025-03-09 18:22:26.386287+00:00
[2025-03-09T18:22:26.904+0000] {logging_mixin.py:190} INFO - Dag name:tiki_etl_orchestration and current dag run status:running
[2025-03-09T18:22:26.905+0000] {taskinstance.py:732} INFO - ::endgroup::
[2025-03-09T18:22:27.049+0000] {trigger_dagrun.py:257} INFO - Waiting for tiki_extract_dag on 2025-03-09 18:22:26.906677+00:00 to become allowed state ['success'] ...
[2025-03-09T18:22:37.065+0000] {trigger_dagrun.py:257} INFO - Waiting for tiki_extract_dag on 2025-03-09 18:22:26.906677+00:00 to become allowed state ['success'] ...
[2025-03-09T18:22:47.075+0000] {trigger_dagrun.py:257} INFO - Waiting for tiki_extract_dag on 2025-03-09 18:22:26.906677+00:00 to become allowed state ['success'] ...
[2025-03-09T18:22:57.095+0000] {trigger_dagrun.py:257} INFO - Waiting for tiki_extract_dag on 2025-03-09 18:22:26.906677+00:00 to become allowed state ['success'] ...
[2025-03-09T18:23:07.110+0000] {trigger_dagrun.py:257} INFO - Waiting for tiki_extract_dag on 2025-03-09 18:22:26.906677+00:00 to become allowed state ['success'] ...
[2025-03-09T18:23:17.122+0000] {trigger_dagrun.py:257} INFO - Waiting for tiki_extract_dag on 2025-03-09 18:22:26.906677+00:00 to become allowed state ['success'] ...
[2025-03-09T18:23:27.136+0000] {trigger_dagrun.py:271} INFO - tiki_extract_dag finished with allowed state success
[2025-03-09T18:23:27.159+0000] {taskinstance.py:341} INFO - ::group::Post task execution logs
[2025-03-09T18:23:27.160+0000] {taskinstance.py:353} INFO - Marking task as SUCCESS. dag_id=tiki_etl_orchestration, task_id=trigger_extract, run_id=manual__2025-03-09T18:22:21.284569+00:00, execution_date=20250309T182221, start_date=20250309T182226, end_date=20250309T182327
[2025-03-09T18:23:27.210+0000] {logging_mixin.py:190} INFO - Task instance in success state
[2025-03-09T18:23:27.211+0000] {logging_mixin.py:190} INFO -  Previous state of the Task instance: running
[2025-03-09T18:23:27.212+0000] {logging_mixin.py:190} INFO - Dag name:tiki_etl_orchestration queued_at:2025-03-09 18:22:21.917634+00:00
[2025-03-09T18:23:27.213+0000] {logging_mixin.py:190} INFO - Task hostname:72a6d77a3cc5 operator:TriggerDagRunOperator
[2025-03-09T18:23:27.274+0000] {local_task_job_runner.py:266} INFO - Task exited with return code 0
[2025-03-09T18:23:27.342+0000] {taskinstance.py:3901} INFO - 1 downstream tasks scheduled from follow-on schedule check
[2025-03-09T18:23:27.346+0000] {local_task_job_runner.py:245} INFO - ::endgroup::
