[2025-03-12T07:26:10.557+0000] {local_task_job_runner.py:123} INFO - ::group::Pre task execution logs
[2025-03-12T07:26:10.614+0000] {taskinstance.py:2614} INFO - Dependencies all met for dep_context=non-requeueable deps ti=<TaskInstance: tiki_extract_dag.extract_the-thao-da-ngoai manual__2025-03-12T07:25:54.854919+00:00 [queued]>
[2025-03-12T07:26:10.637+0000] {taskinstance.py:2614} INFO - Dependencies all met for dep_context=requeueable deps ti=<TaskInstance: tiki_extract_dag.extract_the-thao-da-ngoai manual__2025-03-12T07:25:54.854919+00:00 [queued]>
[2025-03-12T07:26:10.639+0000] {taskinstance.py:2867} INFO - Starting attempt 1 of 4
[2025-03-12T07:26:10.676+0000] {taskinstance.py:2890} INFO - Executing <Task(PythonOperator): extract_the-thao-da-ngoai> on 2025-03-12 07:25:54.854919+00:00
[2025-03-12T07:26:10.736+0000] {standard_task_runner.py:104} INFO - Running: ['***', 'tasks', 'run', 'tiki_extract_dag', 'extract_the-thao-da-ngoai', 'manual__2025-03-12T07:25:54.854919+00:00', '--job-id', '677', '--raw', '--subdir', 'DAGS_FOLDER/tiki_extract_dag.py', '--cfg-path', '/tmp/tmp1r69i2ws']
[2025-03-12T07:26:10.741+0000] {standard_task_runner.py:105} INFO - Job 677: Subtask extract_the-thao-da-ngoai
[2025-03-12T07:26:10.726+0000] {warnings.py:112} WARNING - /home/***/.local/lib/python3.12/site-packages/***/task/task_runner/standard_task_runner.py:70: DeprecationWarning: This process (pid=218) is multi-threaded, use of fork() may lead to deadlocks in the child.
  pid = os.fork()

[2025-03-12T07:26:10.757+0000] {standard_task_runner.py:72} INFO - Started process 255 to run task
[2025-03-12T07:26:11.106+0000] {task_command.py:467} INFO - Running <TaskInstance: tiki_extract_dag.extract_the-thao-da-ngoai manual__2025-03-12T07:25:54.854919+00:00 [running]> on host 3905098656d4
[2025-03-12T07:26:15.570+0000] {taskinstance.py:3134} INFO - Exporting env vars: AIRFLOW_CTX_DAG_OWNER='***' AIRFLOW_CTX_DAG_ID='tiki_extract_dag' AIRFLOW_CTX_TASK_ID='extract_the-thao-da-ngoai' AIRFLOW_CTX_EXECUTION_DATE='2025-03-12T07:25:54.854919+00:00' AIRFLOW_CTX_TRY_NUMBER='1' AIRFLOW_CTX_DAG_RUN_ID='manual__2025-03-12T07:25:54.854919+00:00'
[2025-03-12T07:26:15.578+0000] {logging_mixin.py:190} INFO - Task instance is in running state
[2025-03-12T07:26:15.581+0000] {logging_mixin.py:190} INFO -  Previous state of the Task instance: queued
[2025-03-12T07:26:15.585+0000] {logging_mixin.py:190} INFO - Current task name:extract_the-thao-da-ngoai state:running start_date:2025-03-12 07:26:10.618548+00:00
[2025-03-12T07:26:15.588+0000] {logging_mixin.py:190} INFO - Dag name:tiki_extract_dag and current dag run status:running
[2025-03-12T07:26:15.595+0000] {taskinstance.py:732} INFO - ::endgroup::
[2025-03-12T07:26:18.441+0000] {tiki_extract_dag.py:122} INFO - Starting crawl for category the-thao-da-ngoai
[2025-03-12T07:26:19.618+0000] {tiki_extract_dag.py:129} INFO - Total pages for the-thao-da-ngoai: 50
[2025-03-12T07:26:21.118+0000] {tiki_extract_dag.py:155} INFO - Extracted page 2/50 - the-thao-da-ngoai, total items: 80
[2025-03-12T07:26:27.025+0000] {tiki_extract_dag.py:155} INFO - Extracted page 3/50 - the-thao-da-ngoai, total items: 120
[2025-03-12T07:26:36.893+0000] {tiki_extract_dag.py:155} INFO - Extracted page 4/50 - the-thao-da-ngoai, total items: 160
[2025-03-12T07:26:43.532+0000] {tiki_extract_dag.py:155} INFO - Extracted page 5/50 - the-thao-da-ngoai, total items: 200
[2025-03-12T07:26:53.225+0000] {tiki_extract_dag.py:155} INFO - Extracted page 6/50 - the-thao-da-ngoai, total items: 240
[2025-03-12T07:27:01.099+0000] {tiki_extract_dag.py:155} INFO - Extracted page 7/50 - the-thao-da-ngoai, total items: 280
[2025-03-12T07:27:07.278+0000] {tiki_extract_dag.py:155} INFO - Extracted page 8/50 - the-thao-da-ngoai, total items: 320
[2025-03-12T07:27:16.500+0000] {tiki_extract_dag.py:155} INFO - Extracted page 9/50 - the-thao-da-ngoai, total items: 360
[2025-03-12T07:27:26.012+0000] {tiki_extract_dag.py:155} INFO - Extracted page 10/50 - the-thao-da-ngoai, total items: 400
[2025-03-12T07:27:32.269+0000] {tiki_extract_dag.py:155} INFO - Extracted page 11/50 - the-thao-da-ngoai, total items: 440
[2025-03-12T07:27:38.528+0000] {tiki_extract_dag.py:155} INFO - Extracted page 12/50 - the-thao-da-ngoai, total items: 480
[2025-03-12T07:27:48.539+0000] {tiki_extract_dag.py:155} INFO - Extracted page 13/50 - the-thao-da-ngoai, total items: 520
[2025-03-12T07:27:54.875+0000] {tiki_extract_dag.py:155} INFO - Extracted page 14/50 - the-thao-da-ngoai, total items: 560
[2025-03-12T07:28:01.287+0000] {tiki_extract_dag.py:155} INFO - Extracted page 15/50 - the-thao-da-ngoai, total items: 600
[2025-03-12T07:28:07.254+0000] {tiki_extract_dag.py:155} INFO - Extracted page 16/50 - the-thao-da-ngoai, total items: 640
[2025-03-12T07:28:14.881+0000] {tiki_extract_dag.py:155} INFO - Extracted page 17/50 - the-thao-da-ngoai, total items: 680
[2025-03-12T07:28:24.765+0000] {tiki_extract_dag.py:155} INFO - Extracted page 18/50 - the-thao-da-ngoai, total items: 720
[2025-03-12T07:28:33.170+0000] {tiki_extract_dag.py:155} INFO - Extracted page 19/50 - the-thao-da-ngoai, total items: 760
[2025-03-12T07:28:42.898+0000] {tiki_extract_dag.py:155} INFO - Extracted page 20/50 - the-thao-da-ngoai, total items: 800
[2025-03-12T07:28:52.355+0000] {tiki_extract_dag.py:155} INFO - Extracted page 21/50 - the-thao-da-ngoai, total items: 840
[2025-03-12T07:29:01.728+0000] {tiki_extract_dag.py:155} INFO - Extracted page 22/50 - the-thao-da-ngoai, total items: 880
[2025-03-12T07:29:11.470+0000] {tiki_extract_dag.py:155} INFO - Extracted page 23/50 - the-thao-da-ngoai, total items: 920
[2025-03-12T07:29:21.060+0000] {tiki_extract_dag.py:155} INFO - Extracted page 24/50 - the-thao-da-ngoai, total items: 960
[2025-03-12T07:29:30.654+0000] {tiki_extract_dag.py:155} INFO - Extracted page 25/50 - the-thao-da-ngoai, total items: 1000
[2025-03-12T07:29:39.774+0000] {tiki_extract_dag.py:155} INFO - Extracted page 26/50 - the-thao-da-ngoai, total items: 1040
[2025-03-12T07:29:47.089+0000] {tiki_extract_dag.py:155} INFO - Extracted page 27/50 - the-thao-da-ngoai, total items: 1080
[2025-03-12T07:29:54.397+0000] {tiki_extract_dag.py:155} INFO - Extracted page 28/50 - the-thao-da-ngoai, total items: 1120
[2025-03-12T07:30:01.511+0000] {tiki_extract_dag.py:155} INFO - Extracted page 29/50 - the-thao-da-ngoai, total items: 1160
[2025-03-12T07:30:08.128+0000] {tiki_extract_dag.py:155} INFO - Extracted page 30/50 - the-thao-da-ngoai, total items: 1200
[2025-03-12T07:30:16.499+0000] {tiki_extract_dag.py:155} INFO - Extracted page 31/50 - the-thao-da-ngoai, total items: 1240
[2025-03-12T07:30:24.582+0000] {tiki_extract_dag.py:155} INFO - Extracted page 32/50 - the-thao-da-ngoai, total items: 1280
[2025-03-12T07:30:31.844+0000] {tiki_extract_dag.py:155} INFO - Extracted page 33/50 - the-thao-da-ngoai, total items: 1320
[2025-03-12T07:30:42.301+0000] {tiki_extract_dag.py:155} INFO - Extracted page 34/50 - the-thao-da-ngoai, total items: 1360
[2025-03-12T07:30:49.867+0000] {tiki_extract_dag.py:155} INFO - Extracted page 35/50 - the-thao-da-ngoai, total items: 1400
[2025-03-12T07:30:57.760+0000] {tiki_extract_dag.py:155} INFO - Extracted page 36/50 - the-thao-da-ngoai, total items: 1440
[2025-03-12T07:31:04.371+0000] {tiki_extract_dag.py:155} INFO - Extracted page 37/50 - the-thao-da-ngoai, total items: 1480
[2025-03-12T07:31:10.540+0000] {tiki_extract_dag.py:155} INFO - Extracted page 38/50 - the-thao-da-ngoai, total items: 1520
[2025-03-12T07:31:18.664+0000] {tiki_extract_dag.py:155} INFO - Extracted page 39/50 - the-thao-da-ngoai, total items: 1560
[2025-03-12T07:31:27.126+0000] {tiki_extract_dag.py:155} INFO - Extracted page 40/50 - the-thao-da-ngoai, total items: 1600
[2025-03-12T07:31:37.220+0000] {tiki_extract_dag.py:155} INFO - Extracted page 41/50 - the-thao-da-ngoai, total items: 1640
[2025-03-12T07:31:44.891+0000] {tiki_extract_dag.py:155} INFO - Extracted page 42/50 - the-thao-da-ngoai, total items: 1680
[2025-03-12T07:31:53.766+0000] {tiki_extract_dag.py:155} INFO - Extracted page 43/50 - the-thao-da-ngoai, total items: 1720
[2025-03-12T07:32:02.561+0000] {tiki_extract_dag.py:155} INFO - Extracted page 44/50 - the-thao-da-ngoai, total items: 1760
[2025-03-12T07:32:09.436+0000] {tiki_extract_dag.py:155} INFO - Extracted page 45/50 - the-thao-da-ngoai, total items: 1800
[2025-03-12T07:32:19.365+0000] {tiki_extract_dag.py:155} INFO - Extracted page 46/50 - the-thao-da-ngoai, total items: 1840
[2025-03-12T07:32:24.987+0000] {tiki_extract_dag.py:155} INFO - Extracted page 47/50 - the-thao-da-ngoai, total items: 1880
[2025-03-12T07:32:31.755+0000] {tiki_extract_dag.py:155} INFO - Extracted page 48/50 - the-thao-da-ngoai, total items: 1920
[2025-03-12T07:32:37.909+0000] {tiki_extract_dag.py:155} INFO - Extracted page 49/50 - the-thao-da-ngoai, total items: 1960
[2025-03-12T07:32:46.098+0000] {tiki_extract_dag.py:155} INFO - Extracted page 50/50 - the-thao-da-ngoai, total items: 2000
[2025-03-12T07:33:12.015+0000] {tiki_extract_dag.py:56} INFO - Updated crawled products at tiki-pipeline/tiki_crawled/crawled_products.json
[2025-03-12T07:33:12.017+0000] {tiki_extract_dag.py:172} INFO - Uploaded raw data to tiki-pipeline/tiki_raw_data/raw_the-thao-da-ngoai_20250312_073253.json, total items: 2000
[2025-03-12T07:33:14.867+0000] {tiki_extract_dag.py:183} INFO - Saved metadata to tiki-pipeline/metadata/extract_run_metadata_the-thao-da-ngoai_20250312_073253.json
[2025-03-12T07:33:14.898+0000] {python.py:240} INFO - Done. Returned value was: None
[2025-03-12T07:33:14.946+0000] {taskinstance.py:341} INFO - ::group::Post task execution logs
[2025-03-12T07:33:14.948+0000] {taskinstance.py:353} INFO - Marking task as SUCCESS. dag_id=tiki_extract_dag, task_id=extract_the-thao-da-ngoai, run_id=manual__2025-03-12T07:25:54.854919+00:00, execution_date=20250312T072554, start_date=20250312T072610, end_date=20250312T073314
[2025-03-12T07:33:15.001+0000] {logging_mixin.py:190} INFO - Task instance in success state
[2025-03-12T07:33:15.002+0000] {logging_mixin.py:190} INFO -  Previous state of the Task instance: running
[2025-03-12T07:33:15.002+0000] {logging_mixin.py:190} INFO - Dag name:tiki_extract_dag queued_at:2025-03-12 07:25:54.899816+00:00
[2025-03-12T07:33:15.003+0000] {logging_mixin.py:190} INFO - Task hostname:3905098656d4 operator:PythonOperator
[2025-03-12T07:33:15.079+0000] {local_task_job_runner.py:266} INFO - Task exited with return code 0
[2025-03-12T07:33:15.131+0000] {taskinstance.py:3901} INFO - 0 downstream tasks scheduled from follow-on schedule check
[2025-03-12T07:33:15.134+0000] {local_task_job_runner.py:245} INFO - ::endgroup::
